[01:06:06] Corwin4_ (09de6106-0819-3ca8-9b4c-af9ec585b9e9): 325 -25 -3187
[02:39:40] 1DarkLight1 (55ea8335-29fe-3a45-98bc-0ec3f0da1e2e): qq
[02:40:03] AviKgolD1 (fe9f4036-69b5-38be-a9c3-1d860d8c4398): qq
[06:02:16] saikonohack (61d3e846-cfe0-3e5b-b41b-772c1020819e): qq кстати
[06:13:59] RunishYT (deb2ebb7-8562-3728-8ba8-ec800da9360c): сайк оцени омоб
[06:14:03] RunishYT (deb2ebb7-8562-3728-8ba8-ec800da9360c): сайк оцени особняк
[06:14:09] saikonohack (61d3e846-cfe0-3e5b-b41b-772c1020819e): ДИО?
[06:14:15] RunishYT (deb2ebb7-8562-3728-8ba8-ec800da9360c): йэ
[06:15:46] saikonohack (61d3e846-cfe0-3e5b-b41b-772c1020819e): он достроен?
[06:15:51] RunishYT (deb2ebb7-8562-3728-8ba8-ec800da9360c): нет
[06:15:59] saikonohack (61d3e846-cfe0-3e5b-b41b-772c1020819e): ну а хули тогда?)
[06:16:21] saikonohack (61d3e846-cfe0-3e5b-b41b-772c1020819e): пойду дальше строить карту бравл старс
[06:16:31] RunishYT (deb2ebb7-8562-3728-8ba8-ec800da9360c): ты строить не умеешь
[06:16:38] saikonohack (61d3e846-cfe0-3e5b-b41b-772c1020819e): пруфы?
[06:17:00] RunishYT (deb2ebb7-8562-3728-8ba8-ec800da9360c): ты не можешь построить хуй фартукк
[06:32:37] RunishYT (deb2ebb7-8562-3728-8ba8-ec800da9360c): блять мне кусок дома оторвало
[06:32:48] RunishYT (deb2ebb7-8562-3728-8ba8-ec800da9360c): пиздец
[06:32:50] saikonohack (61d3e846-cfe0-3e5b-b41b-772c1020819e): В=ПХАВХПАВХПАВХПАВПАВ
[06:32:51] saikonohack (61d3e846-cfe0-3e5b-b41b-772c1020819e): ЛОХ
[06:33:07] saikonohack (61d3e846-cfe0-3e5b-b41b-772c1020819e): ОСВЕЩАЙ ТЕРРУ ДЕДИК
[06:33:08] RunishYT (deb2ebb7-8562-3728-8ba8-ec800da9360c): костяная голова нужна?
[06:33:20] saikonohack (61d3e846-cfe0-3e5b-b41b-772c1020819e): НОУ
[06:36:35] AviKgolD1 (fe9f4036-69b5-38be-a9c3-1d860d8c4398): руниш помоги плиз я у твоего портала в аду
[06:37:24] RunishYT (deb2ebb7-8562-3728-8ba8-ec800da9360c): хаххааххахах
[06:37:31] RunishYT (deb2ebb7-8562-3728-8ba8-ec800da9360c): дай еды
[06:37:33] RunishYT (deb2ebb7-8562-3728-8ba8-ec800da9360c): пж
[06:37:36] AviKgolD1 (fe9f4036-69b5-38be-a9c3-1d860d8c4398): закройся и убей
[06:37:42] AviKgolD1 (fe9f4036-69b5-38be-a9c3-1d860d8c4398): у меня нету
[06:38:00] RunishYT (deb2ebb7-8562-3728-8ba8-ec800da9360c): ща
[06:39:33] RunishYT (deb2ebb7-8562-3728-8ba8-ec800da9360c): блять долбаеб
[06:39:47] AviKgolD1 (fe9f4036-69b5-38be-a9c3-1d860d8c4398): грудак плиз
[06:40:07] saikonohack (61d3e846-cfe0-3e5b-b41b-772c1020819e): ?
[06:41:46] RunishYT (deb2ebb7-8562-3728-8ba8-ec800da9360c): авик череп нужен??
[06:42:08] AviKgolD1 (fe9f4036-69b5-38be-a9c3-1d860d8c4398): сейчас нет
[06:42:48] RunishYT (deb2ebb7-8562-3728-8ba8-ec800da9360c): все по плану
[06:43:29] RunishYT (deb2ebb7-8562-3728-8ba8-ec800da9360c): ладно я жрать потом дострою дом
[06:43:45] RunishYT (deb2ebb7-8562-3728-8ba8-ec800da9360c): а не
[06:43:54] RunishYT (deb2ebb7-8562-3728-8ba8-ec800da9360c): потом я в репетиторскую
[09:45:41] AviKgolD1 (fe9f4036-69b5-38be-a9c3-1d860d8c4398): afk?
[09:54:27] saikonohack (61d3e846-cfe0-3e5b-b41b-772c1020819e): дА
[09:54:34] AviKgolD1 (fe9f4036-69b5-38be-a9c3-1d860d8c4398): ok
[09:54:36] saikonohack (61d3e846-cfe0-3e5b-b41b-772c1020819e): Ой, афк был
[10:01:20] AviKgolD1 (fe9f4036-69b5-38be-a9c3-1d860d8c4398): как тебе голову отдавали?
[10:01:32] saikonohack (61d3e846-cfe0-3e5b-b41b-772c1020819e): положили в бочку где алмы лежали
[10:01:41] AviKgolD1 (fe9f4036-69b5-38be-a9c3-1d860d8c4398): за дарка хочу алмы положить
[10:02:22] AviKgolD1 (fe9f4036-69b5-38be-a9c3-1d860d8c4398): в любую бочку?
[10:02:30] saikonohack (61d3e846-cfe0-3e5b-b41b-772c1020819e): ну я клал в рандомную
[10:02:34] saikonohack (61d3e846-cfe0-3e5b-b41b-772c1020819e): где ресов не было
[10:02:35] saikonohack (61d3e846-cfe0-3e5b-b41b-772c1020819e): кстати
[10:02:38] saikonohack (61d3e846-cfe0-3e5b-b41b-772c1020819e): там ресы твоего друга
[10:02:41] saikonohack (61d3e846-cfe0-3e5b-b41b-772c1020819e): в бочке
[10:02:44] AviKgolD1 (fe9f4036-69b5-38be-a9c3-1d860d8c4398): ок
[10:02:49] AviKgolD1 (fe9f4036-69b5-38be-a9c3-1d860d8c4398): это не ко мне
[10:04:51] saikonohack (61d3e846-cfe0-3e5b-b41b-772c1020819e): дорого?
[10:04:53] saikonohack (61d3e846-cfe0-3e5b-b41b-772c1020819e): или что?
[10:05:04] AviKgolD1 (fe9f4036-69b5-38be-a9c3-1d860d8c4398): не, просто пока не нужны
[10:06:20] saikonohack (61d3e846-cfe0-3e5b-b41b-772c1020819e): о, кста
[10:06:25] saikonohack (61d3e846-cfe0-3e5b-b41b-772c1020819e): ща еще ачивку сделаем
[10:07:11] AviKgolD1 (fe9f4036-69b5-38be-a9c3-1d860d8c4398): оо фанаты
[10:07:56] saikonohack (61d3e846-cfe0-3e5b-b41b-772c1020819e): ты де
[10:08:23] AviKgolD1 (fe9f4036-69b5-38be-a9c3-1d860d8c4398): спасибо
[10:11:12] AviKgolD1 (fe9f4036-69b5-38be-a9c3-1d860d8c4398): qq
[10:11:17] Corwin4_ (09de6106-0819-3ca8-9b4c-af9ec585b9e9): qq
[10:11:20] saikonohack (61d3e846-cfe0-3e5b-b41b-772c1020819e): qq
[10:13:35] AviKgolD1 (fe9f4036-69b5-38be-a9c3-1d860d8c4398): qq
[10:13:38] saikonohack (61d3e846-cfe0-3e5b-b41b-772c1020819e): qq
[10:15:07] AviKgolD1 (fe9f4036-69b5-38be-a9c3-1d860d8c4398): сайк видел под хаб в аду ввкопали место?
[10:15:11] saikonohack (61d3e846-cfe0-3e5b-b41b-772c1020819e): -
[10:21:35] RunishYT (deb2ebb7-8562-3728-8ba8-ec800da9360c): Дядя ненадо я не украина
[10:22:10] saikonohack (61d3e846-cfe0-3e5b-b41b-772c1020819e): чо там случилось?
[10:24:21] GOLDENDUSST (a0ee3527-abbd-3f28-bd2e-ff7c77b23497): Сайко а вот если я вещь дюпну то бан будит?
[10:24:36] RunishYT (deb2ebb7-8562-3728-8ba8-ec800da9360c): бляяятьь са1к тп
[10:24:55] RunishYT (deb2ebb7-8562-3728-8ba8-ec800da9360c): тут армия
[10:25:07] RunishYT (deb2ebb7-8562-3728-8ba8-ec800da9360c): азов азовское море охраняют
[10:26:32] GOLDENDUSST (a0ee3527-abbd-3f28-bd2e-ff7c77b23497): Кто знает на кокую высоту от мобов нужно подняться чтобы спанились?
[10:26:51] RunishYT (deb2ebb7-8562-3728-8ba8-ec800da9360c): сайк тп тут азов
[10:27:10] saikonohack (61d3e846-cfe0-3e5b-b41b-772c1020819e): чо
[10:27:15] saikonohack (61d3e846-cfe0-3e5b-b41b-772c1020819e): чо
[10:27:16] saikonohack (61d3e846-cfe0-3e5b-b41b-772c1020819e): чо
[10:27:16] saikonohack (61d3e846-cfe0-3e5b-b41b-772c1020819e): чо
[10:27:20] RunishYT (deb2ebb7-8562-3728-8ba8-ec800da9360c): смотри блять тут азов
[10:27:27] saikonohack (61d3e846-cfe0-3e5b-b41b-772c1020819e): шде
[10:27:29] saikonohack (61d3e846-cfe0-3e5b-b41b-772c1020819e): где
[10:27:33] GOLDENDUSST (a0ee3527-abbd-3f28-bd2e-ff7c77b23497): Хочу всех поблагодарить за игнор пойду сдохну
[10:27:45] saikonohack (61d3e846-cfe0-3e5b-b41b-772c1020819e): да я хуй знает где
[10:27:48] saikonohack (61d3e846-cfe0-3e5b-b41b-772c1020819e): где
[10:27:48] saikonohack (61d3e846-cfe0-3e5b-b41b-772c1020819e): где
[10:27:49] saikonohack (61d3e846-cfe0-3e5b-b41b-772c1020819e): где
[10:27:49] saikonohack (61d3e846-cfe0-3e5b-b41b-772c1020819e): где
[10:27:52] GOLDENDUSST (a0ee3527-abbd-3f28-bd2e-ff7c77b23497): И камнем вниииз
[10:27:54] RunishYT (deb2ebb7-8562-3728-8ba8-ec800da9360c): спс килльнул всу
[10:27:57] GOLDENDUSST (a0ee3527-abbd-3f28-bd2e-ff7c77b23497): С крыши дома
[10:28:09] RunishYT (deb2ebb7-8562-3728-8ba8-ec800da9360c): а Путин так может?
[10:28:24] saikonohack (61d3e846-cfe0-3e5b-b41b-772c1020819e): умер уже?
[10:28:25] GOLDENDUSST (a0ee3527-abbd-3f28-bd2e-ff7c77b23497): спи
[10:29:39] GOLDENDUSST (a0ee3527-abbd-3f28-bd2e-ff7c77b23497): Биля я переродился в фэнтези мире
[10:29:45] saikonohack (61d3e846-cfe0-3e5b-b41b-772c1020819e): ??
[10:29:51] RunishYT (deb2ebb7-8562-3728-8ba8-ec800da9360c): коносуба
[10:29:57] GOLDENDUSST (a0ee3527-abbd-3f28-bd2e-ff7c77b23497): Я переродился а Исус нет че за дела
[10:30:07] RunishYT (deb2ebb7-8562-3728-8ba8-ec800da9360c): еблан ты в аниме сага о злой тане
[10:30:08] GOLDENDUSST (a0ee3527-abbd-3f28-bd2e-ff7c77b23497): Он обещал вернуться
[10:30:13] GOLDENDUSST (a0ee3527-abbd-3f28-bd2e-ff7c77b23497): Но не вернулся
[10:30:18] GOLDENDUSST (a0ee3527-abbd-3f28-bd2e-ff7c77b23497): Буду ждать
[10:30:37] RunishYT (deb2ebb7-8562-3728-8ba8-ec800da9360c): э бля верни
[10:30:41] saikonohack (61d3e846-cfe0-3e5b-b41b-772c1020819e): я цыгн
[10:30:44] RunishYT (deb2ebb7-8562-3728-8ba8-ec800da9360c): цыган
[10:30:44] saikonohack (61d3e846-cfe0-3e5b-b41b-772c1020819e): и мне 32
[10:31:01] GOLDENDUSST (a0ee3527-abbd-3f28-bd2e-ff7c77b23497): Бля цыган своровал мою лошадь
[10:31:12] GOLDENDUSST (a0ee3527-abbd-3f28-bd2e-ff7c77b23497): В прошлом так же было
[10:32:03] GOLDENDUSST (a0ee3527-abbd-3f28-bd2e-ff7c77b23497): Мою собаку немецкую овчарку цыгане спиздили когда я ещё жил в Узбекистане мне было 12
[10:32:24] GOLDENDUSST (a0ee3527-abbd-3f28-bd2e-ff7c77b23497): И сейчас снова
[10:32:29] RunishYT (deb2ebb7-8562-3728-8ba8-ec800da9360c): блять ты насрал
[10:32:56] RunishYT (deb2ebb7-8562-3728-8ba8-ec800da9360c): сайк плоти деньги я тебе 2 игроков принес
[10:33:17] GOLDENDUSST (a0ee3527-abbd-3f28-bd2e-ff7c77b23497): Это испытание, прошлое снова бросает мне вызов и я с ним справлюсь чтобы повзрослеть человек должен преодолеть ошибки прошлого ты тоже так думаешь сайк?
[10:33:43] RunishYT (deb2ebb7-8562-3728-8ba8-ec800da9360c): короч
[10:33:49] GOLDENDUSST (a0ee3527-abbd-3f28-bd2e-ff7c77b23497): я шлепнул по твоей попке
[10:33:50] RunishYT (deb2ebb7-8562-3728-8ba8-ec800da9360c): там было видео
[10:33:58] RunishYT (deb2ebb7-8562-3728-8ba8-ec800da9360c): лоли хентай было написанно
[10:34:14] saikonohack (61d3e846-cfe0-3e5b-b41b-772c1020819e): ловукша
[10:34:16] saikonohack (61d3e846-cfe0-3e5b-b41b-772c1020819e): джокера
[10:34:25] saikonohack (61d3e846-cfe0-3e5b-b41b-772c1020819e): ЖЭАХВХПАВХПА
[10:34:27] RunishYT (deb2ebb7-8562-3728-8ba8-ec800da9360c): я на него тыкаю а там дед говорит Ты опять за старое взялся сука я думал ты человек а ты гнида блять"
[10:35:11] GOLDENDUSST (a0ee3527-abbd-3f28-bd2e-ff7c77b23497): Тор бог грома и молнии?
[10:35:25] saikonohack (61d3e846-cfe0-3e5b-b41b-772c1020819e): нет блять один сын посейдона
[10:35:29] saikonohack (61d3e846-cfe0-3e5b-b41b-772c1020819e): нет блять один сын посейдона
[10:35:32] saikonohack (61d3e846-cfe0-3e5b-b41b-772c1020819e): нет блять один сын посейдона
[10:35:57] GOLDENDUSST (a0ee3527-abbd-3f28-bd2e-ff7c77b23497): соси
[10:35:59] GOLDENDUSST (a0ee3527-abbd-3f28-bd2e-ff7c77b23497): пж
[10:36:28] saikonohack (61d3e846-cfe0-3e5b-b41b-772c1020819e): qq
[10:36:37] GOLDENDUSST (a0ee3527-abbd-3f28-bd2e-ff7c77b23497): Ладно
[10:41:34] ZAXAR1000 (48fa848d-9d79-373d-9cb1-c50d5b916c88): руниш можно в энд?
[10:41:41] RunishYT (deb2ebb7-8562-3728-8ba8-ec800da9360c): да
[10:41:56] ZAXAR1000 (48fa848d-9d79-373d-9cb1-c50d5b916c88): спасибо
[10:42:05] GOLDENDUSST (a0ee3527-abbd-3f28-bd2e-ff7c77b23497): Биля а поч не голдедуст можна в энд
[10:42:05] RunishYT (deb2ebb7-8562-3728-8ba8-ec800da9360c): пожалуйста слэйв
[10:42:13] GOLDENDUSST (a0ee3527-abbd-3f28-bd2e-ff7c77b23497): Вообщето руниш мой раб
[10:42:57] saikonohack (61d3e846-cfe0-3e5b-b41b-772c1020819e): хайп
[10:43:05] GOLDENDUSST (a0ee3527-abbd-3f28-bd2e-ff7c77b23497): Чего
[10:43:22] GOLDENDUSST (a0ee3527-abbd-3f28-bd2e-ff7c77b23497): У меня 16 слёз я могу 4 дракона
[10:43:27] RunishYT (deb2ebb7-8562-3728-8ba8-ec800da9360c): а чо нкс не позвал?
[10:43:29] GOLDENDUSST (a0ee3527-abbd-3f28-bd2e-ff7c77b23497): Призвать
[10:49:57] GOLDENDUSST (a0ee3527-abbd-3f28-bd2e-ff7c77b23497): Сайко что скажешь насчёт Ддудосера
[10:50:17] saikonohack (61d3e846-cfe0-3e5b-b41b-772c1020819e): &
[10:50:19] saikonohack (61d3e846-cfe0-3e5b-b41b-772c1020819e): ?
[10:50:27] GOLDENDUSST (a0ee3527-abbd-3f28-bd2e-ff7c77b23497): Ну в дс сегодня
[10:50:31] saikonohack (61d3e846-cfe0-3e5b-b41b-772c1020819e): не видел
[10:51:25] saikonohack (61d3e846-cfe0-3e5b-b41b-772c1020819e): у кого то остался крафт света? скрин
[10:55:30] GOLDENDUSST (a0ee3527-abbd-3f28-bd2e-ff7c77b23497): Блять ебаный рот ферма тростника слишком приыбльная
[10:55:46] GOLDENDUSST (a0ee3527-abbd-3f28-bd2e-ff7c77b23497): Куда тростник девать
[11:14:52] AviKgolD1 (fe9f4036-69b5-38be-a9c3-1d860d8c4398): qq
[11:14:58] GOLDENDUSST (a0ee3527-abbd-3f28-bd2e-ff7c77b23497): Уходи слитый попущ
[11:15:00] ItsFartunaRu (87aa0b4c-629f-3cae-a9c4-787ca2fa3e21): да ку
[11:15:33] GOLDENDUSST (a0ee3527-abbd-3f28-bd2e-ff7c77b23497): Тебя дарклайт жостка попустил снихуя доебывался но зато как он попустил и как он переобувался со скоростью света
[11:15:40] RunishYT (deb2ebb7-8562-3728-8ba8-ec800da9360c): мне люди должны сказать спасибо
[11:15:53] RunishYT (deb2ebb7-8562-3728-8ba8-ec800da9360c): за песок и солнце свет
[11:15:55] GOLDENDUSST (a0ee3527-abbd-3f28-bd2e-ff7c77b23497): Но ты всё равно попуск
[11:16:07] ItsFartunaRu (87aa0b4c-629f-3cae-a9c4-787ca2fa3e21): ты еблан?
[11:16:18] GOLDENDUSST (a0ee3527-abbd-3f28-bd2e-ff7c77b23497): Я тебя люблю но ты реальнт попуск
[11:16:29] ItsFartunaRu (87aa0b4c-629f-3cae-a9c4-787ca2fa3e21): я с ним общался вообще не всерз
[11:16:38] ItsFartunaRu (87aa0b4c-629f-3cae-a9c4-787ca2fa3e21): задротил в гд кароче
[11:16:46] GOLDENDUSST (a0ee3527-abbd-3f28-bd2e-ff7c77b23497): Блять по мойму вы только матам ругались и всё
[11:16:55] ItsFartunaRu (87aa0b4c-629f-3cae-a9c4-787ca2fa3e21): ноу
[11:17:06] GOLDENDUSST (a0ee3527-abbd-3f28-bd2e-ff7c77b23497): Неединоного предложения в тему не было
[11:33:32] GOLDENDUSST (a0ee3527-abbd-3f28-bd2e-ff7c77b23497): Продам тростник 10 стаков за 1 алм
[11:34:31] GOLDENDUSST (a0ee3527-abbd-3f28-bd2e-ff7c77b23497): Сайк ты житель моего аула или временно снял юрту
[11:35:05] GOLDENDUSST (a0ee3527-abbd-3f28-bd2e-ff7c77b23497): Или купленная территория находится на моём поселении но ты не являешься жителем аула
[11:35:54] saikonohack (61d3e846-cfe0-3e5b-b41b-772c1020819e): я веном
[11:36:48] GOLDENDUSST (a0ee3527-abbd-3f28-bd2e-ff7c77b23497): Нет ты короч я не на как его зовут но этот симбиот только на животных в основном на собаках ты короч симбиот на собаке
[11:37:26] GOLDENDUSST (a0ee3527-abbd-3f28-bd2e-ff7c77b23497): Бля я его попустил а он среагировал раньше времени
[11:38:35] GOLDENDUSST (a0ee3527-abbd-3f28-bd2e-ff7c77b23497): Кто купит стак блоков изюма
[11:39:13] GOLDENDUSST (a0ee3527-abbd-3f28-bd2e-ff7c77b23497): Авик ты за скок накапливаешь стак блоков по времени
[11:40:04] GOLDENDUSST (a0ee3527-abbd-3f28-bd2e-ff7c77b23497): Афк
[11:40:18] GOLDENDUSST (a0ee3527-abbd-3f28-bd2e-ff7c77b23497): Корвус? ты за скок
[11:40:27] AviKgolD1 (fe9f4036-69b5-38be-a9c3-1d860d8c4398): не знаю сейчас у меня около 15 стаков
[11:40:37] AviKgolD1 (fe9f4036-69b5-38be-a9c3-1d860d8c4398): я давно не был на ферме
[11:40:37] GOLDENDUSST (a0ee3527-abbd-3f28-bd2e-ff7c77b23497): Блоков?
[11:40:49] AviKgolD1 (fe9f4036-69b5-38be-a9c3-1d860d8c4398): ну да блоков
[11:41:06] GOLDENDUSST (a0ee3527-abbd-3f28-bd2e-ff7c77b23497): У меня меньше но по причине того что один еблони в моём городе тратит
[11:41:29] GOLDENDUSST (a0ee3527-abbd-3f28-bd2e-ff7c77b23497): Кто спавн ада строит?
[11:41:40] AviKgolD1 (fe9f4036-69b5-38be-a9c3-1d860d8c4398): сейчас никто
[11:41:49] AviKgolD1 (fe9f4036-69b5-38be-a9c3-1d860d8c4398): но я позже займусь
[11:41:52] GOLDENDUSST (a0ee3527-abbd-3f28-bd2e-ff7c77b23497): Ресы коо принёс? ты?
[11:41:58] AviKgolD1 (fe9f4036-69b5-38be-a9c3-1d860d8c4398): да
[11:42:10] GOLDENDUSST (a0ee3527-abbd-3f28-bd2e-ff7c77b23497): Пиздец льда
[11:42:36] AviKgolD1 (fe9f4036-69b5-38be-a9c3-1d860d8c4398): да, я нашёл ледяной океан
[11:55:06] GOLDENDUSST (a0ee3527-abbd-3f28-bd2e-ff7c77b23497): Дракона надо убивать?
[11:55:32] GOLDENDUSST (a0ee3527-abbd-3f28-bd2e-ff7c77b23497): Авик
[11:55:50] AviKgolD1 (fe9f4036-69b5-38be-a9c3-1d860d8c4398): не я возраждал
[11:56:02] GOLDENDUSST (a0ee3527-abbd-3f28-bd2e-ff7c77b23497): Захар возродил
[11:56:10] AviKgolD1 (fe9f4036-69b5-38be-a9c3-1d860d8c4398): нет
[11:56:23] GOLDENDUSST (a0ee3527-abbd-3f28-bd2e-ff7c77b23497): Ладно не трону
[11:56:29] AviKgolD1 (fe9f4036-69b5-38be-a9c3-1d860d8c4398): он сказал что не возраждал он за элитрами пошёл
[11:59:02] GOLDENDUSST (a0ee3527-abbd-3f28-bd2e-ff7c77b23497): Бля я забыл где мой портал в энде
[11:59:07] GOLDENDUSST (a0ee3527-abbd-3f28-bd2e-ff7c77b23497): Эндгейт
[12:05:35] GOLDENDUSST (a0ee3527-abbd-3f28-bd2e-ff7c77b23497): Захар ты вызвал дракошу антошк
[12:05:47] ZAXAR1000 (48fa848d-9d79-373d-9cb1-c50d5b916c88): нет он там был
[12:06:02] RunishYT (deb2ebb7-8562-3728-8ba8-ec800da9360c): у меня 48 динамита
[12:06:08] RunishYT (deb2ebb7-8562-3728-8ba8-ec800da9360c): кого взорвать?
[12:06:15] ZAXAR1000 (48fa848d-9d79-373d-9cb1-c50d5b916c88): авика
[12:06:27] RunishYT (deb2ebb7-8562-3728-8ba8-ec800da9360c): океееей летс гоу
[12:06:31] GOLDENDUSST (a0ee3527-abbd-3f28-bd2e-ff7c77b23497): Ряд
[12:09:07] GOLDENDUSST (a0ee3527-abbd-3f28-bd2e-ff7c77b23497): Сайко пописай на меня пж
[12:09:15] GOLDENDUSST (a0ee3527-abbd-3f28-bd2e-ff7c77b23497): Мне нужно одно ведро
[12:09:18] GOLDENDUSST (a0ee3527-abbd-3f28-bd2e-ff7c77b23497): Мочи
[12:09:33] saikonohack (61d3e846-cfe0-3e5b-b41b-772c1020819e): ложись
[12:09:47] saikonohack (61d3e846-cfe0-3e5b-b41b-772c1020819e): ложись
[12:09:57] saikonohack (61d3e846-cfe0-3e5b-b41b-772c1020819e): ложись
[12:10:04] saikonohack (61d3e846-cfe0-3e5b-b41b-772c1020819e): lay
[12:10:30] RunishYT (deb2ebb7-8562-3728-8ba8-ec800da9360c): спс сайк за спавнреит лучше чем на визер эсэмпэ
[12:10:31] GOLDENDUSST (a0ee3527-abbd-3f28-bd2e-ff7c77b23497): ax
[12:10:38] GOLDENDUSST (a0ee3527-abbd-3f28-bd2e-ff7c77b23497): Быстрей
[12:11:01] GOLDENDUSST (a0ee3527-abbd-3f28-bd2e-ff7c77b23497): Кончай
[12:11:19] RunishYT (deb2ebb7-8562-3728-8ba8-ec800da9360c): 30 уровень за минуту
[12:11:24] GOLDENDUSST (a0ee3527-abbd-3f28-bd2e-ff7c77b23497): бля ты пёрнул
[12:12:01] GOLDENDUSST (a0ee3527-abbd-3f28-bd2e-ff7c77b23497): ферма голдендуство
[12:12:33] saikonohack (61d3e846-cfe0-3e5b-b41b-772c1020819e): ВАХХАВПХВПАХПА
[12:12:35] GOLDENDUSST (a0ee3527-abbd-3f28-bd2e-ff7c77b23497): адай
[12:12:37] saikonohack (61d3e846-cfe0-3e5b-b41b-772c1020819e): СУКА ЭТО АХУЕННО
[12:13:00] GOLDENDUSST (a0ee3527-abbd-3f28-bd2e-ff7c77b23497): адаладададащ
[12:13:02] GOLDENDUSST (a0ee3527-abbd-3f28-bd2e-ff7c77b23497): Адай
[12:13:39] GOLDENDUSST (a0ee3527-abbd-3f28-bd2e-ff7c77b23497): прекрати
[12:16:46] saikonohack (61d3e846-cfe0-3e5b-b41b-772c1020819e): я жду проду
[12:16:47] saikonohack (61d3e846-cfe0-3e5b-b41b-772c1020819e): я жду проду
[12:16:47] saikonohack (61d3e846-cfe0-3e5b-b41b-772c1020819e): я жду проду
[12:16:48] saikonohack (61d3e846-cfe0-3e5b-b41b-772c1020819e): я жду проду
[12:16:48] saikonohack (61d3e846-cfe0-3e5b-b41b-772c1020819e): я жду проду
[12:16:49] saikonohack (61d3e846-cfe0-3e5b-b41b-772c1020819e): я жду проду
[12:16:49] saikonohack (61d3e846-cfe0-3e5b-b41b-772c1020819e): я жду проду
[12:16:50] saikonohack (61d3e846-cfe0-3e5b-b41b-772c1020819e): я жду проду
[12:16:50] RunishYT (deb2ebb7-8562-3728-8ba8-ec800da9360c): сайк оцени силу
[12:17:01] RunishYT (deb2ebb7-8562-3728-8ba8-ec800da9360c): сайк оцени силу
[12:17:09] GOLDENDUSST (a0ee3527-abbd-3f28-bd2e-ff7c77b23497): Проды не будит а если будит про вас троих прохора тебя и бреблю
[12:17:30] saikonohack (61d3e846-cfe0-3e5b-b41b-772c1020819e): го про брэдлю выебанного ексрен
[12:17:35] RunishYT (deb2ebb7-8562-3728-8ba8-ec800da9360c): блять он пробудил древнее зло
[12:17:45] RunishYT (deb2ebb7-8562-3728-8ba8-ec800da9360c): заставил немого начать говорить
[12:17:52] GOLDENDUSST (a0ee3527-abbd-3f28-bd2e-ff7c77b23497): Неее эксрен уже изжила свою роль трапа
[12:17:53] RunishYT (deb2ebb7-8562-3728-8ba8-ec800da9360c): заставил инвалида пойти
[12:18:10] GOLDENDUSST (a0ee3527-abbd-3f28-bd2e-ff7c77b23497): Бля в глобал написал
[12:18:14] GOLDENDUSST (a0ee3527-abbd-3f28-bd2e-ff7c77b23497): Как удалить
[12:18:22] RunishYT (deb2ebb7-8562-3728-8ba8-ec800da9360c): моторчик прочитай фф
[12:18:29] saikonohack (61d3e846-cfe0-3e5b-b41b-772c1020819e): го тогда про мартебало дединсайда и брэдли
[12:19:05] RunishYT (deb2ebb7-8562-3728-8ba8-ec800da9360c): что за приколист
[12:19:18] GOLDENDUSST (a0ee3527-abbd-3f28-bd2e-ff7c77b23497): Не я когда писал фф в три часа ночи блять в это время иногда я делаю с нихуя хуету котороя заходит всем
[12:19:37] saikonohack (61d3e846-cfe0-3e5b-b41b-772c1020819e): го тогда про мартебало дединсайда и брэдли
[12:19:37] saikonohack (61d3e846-cfe0-3e5b-b41b-772c1020819e): го тогда про мартебало дединсайда и брэдли
[12:19:43] GOLDENDUSST (a0ee3527-abbd-3f28-bd2e-ff7c77b23497): нет
[12:19:52] saikonohack (61d3e846-cfe0-3e5b-b41b-772c1020819e): пачиму
[12:20:02] GOLDENDUSST (a0ee3527-abbd-3f28-bd2e-ff7c77b23497): Патаму что гавно выйдет
[12:20:05] saikonohack (61d3e846-cfe0-3e5b-b41b-772c1020819e): неее
[12:20:08] RunishYT (deb2ebb7-8562-3728-8ba8-ec800da9360c): когда летишь помни с кем ползал
[12:20:11] saikonohack (61d3e846-cfe0-3e5b-b41b-772c1020819e): го прост проду крч
[12:20:14] saikonohack (61d3e846-cfe0-3e5b-b41b-772c1020819e): жду проду
[12:20:30] GOLDENDUSST (a0ee3527-abbd-3f28-bd2e-ff7c77b23497): Ждать будешь сто лет
[12:20:39] AviKgolD1 (fe9f4036-69b5-38be-a9c3-1d860d8c4398): ку
[12:21:36] AviKgolD1 (fe9f4036-69b5-38be-a9c3-1d860d8c4398): сайк за что?
[12:21:45] GOLDENDUSST (a0ee3527-abbd-3f28-bd2e-ff7c77b23497): Блять ты его дюпнул
[12:21:50] [CAPS] GOLDENDUSST (a0ee3527-abbd-3f28-bd2e-ff7c77b23497): суккаааааа
[12:21:58] RunishYT (deb2ebb7-8562-3728-8ba8-ec800da9360c): сука спиратили
[12:22:08] saikonohack (61d3e846-cfe0-3e5b-b41b-772c1020819e): я распростнаяю щедевр
[12:22:22] GOLDENDUSST (a0ee3527-abbd-3f28-bd2e-ff7c77b23497): Я его мог продать за 32 алм блока
[12:22:26] RunishYT (deb2ebb7-8562-3728-8ba8-ec800da9360c): ахуело он должен был быть слит но сначало продан
[12:22:34] GOLDENDUSST (a0ee3527-abbd-3f28-bd2e-ff7c77b23497): Предложение было но я отказался
[12:22:47] saikonohack (61d3e846-cfe0-3e5b-b41b-772c1020819e): продай 2 часть
[12:22:57] saikonohack (61d3e846-cfe0-3e5b-b41b-772c1020819e): я ща обложку сделаю
[12:23:16] RunishYT (deb2ebb7-8562-3728-8ba8-ec800da9360c): ладно у него все равно ворд документ есть
[12:23:27] RunishYT (deb2ebb7-8562-3728-8ba8-ec800da9360c): кстати купите у него нфт книгу
[12:24:06] GOLDENDUSST (a0ee3527-abbd-3f28-bd2e-ff7c77b23497): Ладно немного я доволен типа что всем понравилось и то что сексрен стало от этого некомфортно ттпо она не хотела чтобы это опубликовалось я рад что случилось то что она не хотела
[12:25:14] RunishYT (deb2ebb7-8562-3728-8ba8-ec800da9360c): сайк тем более я первый кто прочитал этот фф
[12:25:17] GOLDENDUSST (a0ee3527-abbd-3f28-bd2e-ff7c77b23497): Ре скажу что мне не нравится сексрен но и отрицать не стану
[12:28:28] RunishYT (deb2ebb7-8562-3728-8ba8-ec800da9360c): и ты молчал?
[12:31:27] RunishYT (deb2ebb7-8562-3728-8ba8-ec800da9360c): блять дракон
[12:31:54] RunishYT (deb2ebb7-8562-3728-8ba8-ec800da9360c): я призываю тебя
[12:32:05] RunishYT (deb2ebb7-8562-3728-8ba8-ec800da9360c): сайко тильтани этого дауна
[12:32:30] GOLDENDUSST (a0ee3527-abbd-3f28-bd2e-ff7c77b23497): Просишь его убить тебя?
[12:35:31] RunishYT (deb2ebb7-8562-3728-8ba8-ec800da9360c): ацини сайк
[12:36:31] RunishYT (deb2ebb7-8562-3728-8ba8-ec800da9360c): сайк
[12:39:29] RunishYT (deb2ebb7-8562-3728-8ba8-ec800da9360c): сайк тп в энд пж к вещам
[12:39:54] ZAXAR1000 (48fa848d-9d79-373d-9cb1-c50d5b916c88): дракона убили?
[12:40:46] ZAXAR1000 (48fa848d-9d79-373d-9cb1-c50d5b916c88): дракона убили?
[12:40:54] GOLDENDUSST (a0ee3527-abbd-3f28-bd2e-ff7c77b23497): Нет
[12:41:05] ZAXAR1000 (48fa848d-9d79-373d-9cb1-c50d5b916c88): пизда
[12:48:20] saikonohack (61d3e846-cfe0-3e5b-b41b-772c1020819e): это я тпс роняю, сорян
[12:50:56] 1DarkLight1 (55ea8335-29fe-3a45-98bc-0ec3f0da1e2e): ой ой ой
[12:50:58] 1DarkLight1 (55ea8335-29fe-3a45-98bc-0ec3f0da1e2e): с вас 30 алмазов
[12:51:07] 1DarkLight1 (55ea8335-29fe-3a45-98bc-0ec3f0da1e2e): жителя возмещай
[12:51:46] GOLDENDUSST (a0ee3527-abbd-3f28-bd2e-ff7c77b23497): кто таков
[12:51:54] RunishYT (deb2ebb7-8562-3728-8ba8-ec800da9360c): ебани его один раз
[12:52:03] RunishYT (deb2ebb7-8562-3728-8ba8-ec800da9360c): этого биг нига
[12:53:43] RunishYT (deb2ebb7-8562-3728-8ba8-ec800da9360c): о яйцо
[12:54:03] saikonohack (61d3e846-cfe0-3e5b-b41b-772c1020819e): как вам фанатский постер
[12:54:08] GOLDENDUSST (a0ee3527-abbd-3f28-bd2e-ff7c77b23497): Топ
[12:54:32] RunishYT (deb2ebb7-8562-3728-8ba8-ec800da9360c): сайк не хватает
[12:55:29] GOLDENDUSST (a0ee3527-abbd-3f28-bd2e-ff7c77b23497): Кста спойлер В книге там должно было быть что Следующим утром Бребля сдох подскользнулся об свою же сперму в ванне и об угол ебнулся
[12:56:05] RunishYT (deb2ebb7-8562-3728-8ba8-ec800da9360c): Аллах акбар
[12:56:14] GOLDENDUSST (a0ee3527-abbd-3f28-bd2e-ff7c77b23497): Хотя было бы прикольней если раньше короч дарк дилдом рот дрочил а бредля подскользнулся есу он попал в рот и он задохнулся
[12:56:59] RunishYT (deb2ebb7-8562-3728-8ba8-ec800da9360c): Аллах акбар
[12:57:25] RunishYT (deb2ebb7-8562-3728-8ba8-ec800da9360c): Аллах акбар
[12:59:03] 1DarkLight1 (55ea8335-29fe-3a45-98bc-0ec3f0da1e2e): лох
[12:59:05] 1DarkLight1 (55ea8335-29fe-3a45-98bc-0ec3f0da1e2e): дебилъ
[12:59:13] RunishYT (deb2ebb7-8562-3728-8ba8-ec800da9360c): бля подбери ресы
[12:59:14] GOLDENDUSST (a0ee3527-abbd-3f28-bd2e-ff7c77b23497): Где ты сдох
[12:59:17] RunishYT (deb2ebb7-8562-3728-8ba8-ec800da9360c): они там рядом
[13:00:14] 1DarkLight1 (55ea8335-29fe-3a45-98bc-0ec3f0da1e2e): пидр
[13:00:15] 1DarkLight1 (55ea8335-29fe-3a45-98bc-0ec3f0da1e2e): даун
[13:00:42] RunishYT (deb2ebb7-8562-3728-8ba8-ec800da9360c): собрал?
[13:01:08] RunishYT (deb2ebb7-8562-3728-8ba8-ec800da9360c): сайк тп к вещам
[13:01:41] 1DarkLight1 (55ea8335-29fe-3a45-98bc-0ec3f0da1e2e): уйди
[13:01:57] Corwin4_ (09de6106-0819-3ca8-9b4c-af9ec585b9e9): ку
[13:02:13] Corwin4_ (09de6106-0819-3ca8-9b4c-af9ec585b9e9): у него инет ислам принял
[13:02:18] Corwin4_ (09de6106-0819-3ca8-9b4c-af9ec585b9e9): это нам?
[13:02:47] saikonohack (61d3e846-cfe0-3e5b-b41b-772c1020819e): он говорил что щит на з4 нельзя зачарить
[13:02:56] Corwin4_ (09de6106-0819-3ca8-9b4c-af9ec585b9e9): ты в креативе чарил?
[13:02:59] 1DarkLight1 (55ea8335-29fe-3a45-98bc-0ec3f0da1e2e): ты в сурвайвле не хочешь зачарить
[13:02:59] saikonohack (61d3e846-cfe0-3e5b-b41b-772c1020819e): нет
[13:03:15] Corwin4_ (09de6106-0819-3ca8-9b4c-af9ec585b9e9): по-моему ни на что не влияет
[13:03:24] Corwin4_ (09de6106-0819-3ca8-9b4c-af9ec585b9e9): шипы вроде тоже не работают
[13:03:49] saikonohack (61d3e846-cfe0-3e5b-b41b-772c1020819e): все работает
[13:03:53] 1DarkLight1 (55ea8335-29fe-3a45-98bc-0ec3f0da1e2e): чат
[13:03:54] 1DarkLight1 (55ea8335-29fe-3a45-98bc-0ec3f0da1e2e): дс
[13:04:03] saikonohack (61d3e846-cfe0-3e5b-b41b-772c1020819e): ааххаха
[13:04:11] saikonohack (61d3e846-cfe0-3e5b-b41b-772c1020819e): фанфик про себя уничтожаешь(((
[13:04:13] 1DarkLight1 (55ea8335-29fe-3a45-98bc-0ec3f0da1e2e): понял что дебил потому смеёшься?
[13:04:24] 1DarkLight1 (55ea8335-29fe-3a45-98bc-0ec3f0da1e2e): ты же вкурсе что эта защита из креатива ни на что не влияет
[13:04:39] saikonohack (61d3e846-cfe0-3e5b-b41b-772c1020819e): она сука из гм0
[13:04:43] 1DarkLight1 (55ea8335-29fe-3a45-98bc-0ec3f0da1e2e): не чарится
[13:04:44] 1DarkLight1 (55ea8335-29fe-3a45-98bc-0ec3f0da1e2e): чат в дсе
[13:05:53] RunishYT (deb2ebb7-8562-3728-8ba8-ec800da9360c): кто продаст 3 стака обсы??
[13:06:06] GOLDENDUSST (a0ee3527-abbd-3f28-bd2e-ff7c77b23497): Я
[13:06:12] GOLDENDUSST (a0ee3527-abbd-3f28-bd2e-ff7c77b23497): За скок купиш
[13:06:15] RunishYT (deb2ebb7-8562-3728-8ba8-ec800da9360c): ты лох
[13:06:24] GOLDENDUSST (a0ee3527-abbd-3f28-bd2e-ff7c77b23497): Иля ашалел
[13:09:18] Corwin4_ (09de6106-0819-3ca8-9b4c-af9ec585b9e9): блять дарклайт спиздил фанфик и сжёг прежде чем я прочитал
[13:09:24] 1DarkLight1 (55ea8335-29fe-3a45-98bc-0ec3f0da1e2e): это ересь, Хорус!
[13:09:28] 1DarkLight1 (55ea8335-29fe-3a45-98bc-0ec3f0da1e2e): остановись, сын мой
[13:09:36] 1DarkLight1 (55ea8335-29fe-3a45-98bc-0ec3f0da1e2e): тебе ещё есть прощение перед Империумом
[13:10:10] GOLDENDUSST (a0ee3527-abbd-3f28-bd2e-ff7c77b23497): Но ты будешь счастлив когда ужнаешь запретные знания
[13:10:19] Corwin4_ (09de6106-0819-3ca8-9b4c-af9ec585b9e9): да...
[13:10:20] GOLDENDUSST (a0ee3527-abbd-3f28-bd2e-ff7c77b23497): Я принесу тебе его
[13:10:21] 1DarkLight1 (55ea8335-29fe-3a45-98bc-0ec3f0da1e2e): эти знания - зло! Оружие слабых!
[13:10:27] GOLDENDUSST (a0ee3527-abbd-3f28-bd2e-ff7c77b23497): Потом
[13:10:32] RunishYT (deb2ebb7-8562-3728-8ba8-ec800da9360c): Оружие для сильных
[13:10:46] RunishYT (deb2ebb7-8562-3728-8ba8-ec800da9360c): и сейчас я продемонстрирую его силу на тебе
[13:10:53] 1DarkLight1 (55ea8335-29fe-3a45-98bc-0ec3f0da1e2e): для ксеноса есть только презрение, ибо он таит в себе лишь ничтожность
[13:11:16] RunishYT (deb2ebb7-8562-3728-8ba8-ec800da9360c): Великий Зен отвергает ксеноса
[13:11:28] 1DarkLight1 (55ea8335-29fe-3a45-98bc-0ec3f0da1e2e): инквизитор ордо ксенос выехал за вами
[13:11:46] GOLDENDUSST (a0ee3527-abbd-3f28-bd2e-ff7c77b23497): Познай запретные знания все уже знают их кроме тебя корвус из снюсов
[13:11:46] RunishYT (deb2ebb7-8562-3728-8ba8-ec800da9360c): Мара благославит эти сказания
[13:11:53] 1DarkLight1 (55ea8335-29fe-3a45-98bc-0ec3f0da1e2e): мара сосёт член
[13:11:59] RunishYT (deb2ebb7-8562-3728-8ba8-ec800da9360c): пшлнх
[13:12:05] 1DarkLight1 (55ea8335-29fe-3a45-98bc-0ec3f0da1e2e): пока сам Император ведёт легионы к победе
[13:12:18] RunishYT (deb2ebb7-8562-3728-8ba8-ec800da9360c): император был свергнут
[13:12:28] 1DarkLight1 (55ea8335-29fe-3a45-98bc-0ec3f0da1e2e): император твоей жопы давно проиграл эту войну
[13:12:35] 1DarkLight1 (55ea8335-29fe-3a45-98bc-0ec3f0da1e2e): а Император величайший лидер человечества
[13:12:38] RunishYT (deb2ebb7-8562-3728-8ba8-ec800da9360c): хохо
[13:12:45] RunishYT (deb2ebb7-8562-3728-8ba8-ec800da9360c): Альянс позаботится о тебе
[13:12:50] GOLDENDUSST (a0ee3527-abbd-3f28-bd2e-ff7c77b23497): Сам Мистор Презиравтивдент распространяет эти знания
[13:12:57] 1DarkLight1 (55ea8335-29fe-3a45-98bc-0ec3f0da1e2e): есть что сказать в свою защиту жалкое отродье?
[13:13:06] 1DarkLight1 (55ea8335-29fe-3a45-98bc-0ec3f0da1e2e): твоё рождение очередная оплошность это вселенной!
[13:13:07] RunishYT (deb2ebb7-8562-3728-8ba8-ec800da9360c): Альянс позаботится о тебе
[13:13:31] GOLDENDUSST (a0ee3527-abbd-3f28-bd2e-ff7c77b23497): Если бы твоё лицо не было бы затронуто ты бы оценил
[13:13:49] 1DarkLight1 (55ea8335-29fe-3a45-98bc-0ec3f0da1e2e): если бы у тебя было лицо, букашка, я бы уже его сжёг расплавленным прометеумом!
[13:14:06] RunishYT (deb2ebb7-8562-3728-8ba8-ec800da9360c): Ты лишь жалкая мелочь на пути величашего княжества Чернорусь
[13:14:09] GOLDENDUSST (a0ee3527-abbd-3f28-bd2e-ff7c77b23497): Кста Куколд читал?
[13:14:19] 1DarkLight1 (55ea8335-29fe-3a45-98bc-0ec3f0da1e2e): всё, молчать обвиняемые
[13:14:27] RunishYT (deb2ebb7-8562-3728-8ba8-ec800da9360c): Протестую
[13:14:27] 1DarkLight1 (55ea8335-29fe-3a45-98bc-0ec3f0da1e2e): ваша казнь начнётся уже скоро..
[13:14:29] GOLDENDUSST (a0ee3527-abbd-3f28-bd2e-ff7c77b23497): Всм обвиняемые
[13:14:45] GOLDENDUSST (a0ee3527-abbd-3f28-bd2e-ff7c77b23497): Я единственный его писал остальные только распространяли
[13:14:48] 1DarkLight1 (55ea8335-29fe-3a45-98bc-0ec3f0da1e2e): ваше горе что я сразу подсудимый, судья и палач
[13:14:49] RunishYT (deb2ebb7-8562-3728-8ba8-ec800da9360c): а я скажу палачу
[13:15:01] GOLDENDUSST (a0ee3527-abbd-3f28-bd2e-ff7c77b23497): Я адвокат
[13:15:02] RunishYT (deb2ebb7-8562-3728-8ba8-ec800da9360c): "кто меня убьет тот гей"
[13:15:10] GOLDENDUSST (a0ee3527-abbd-3f28-bd2e-ff7c77b23497): Короч я защищу себя
[13:15:25] RunishYT (deb2ebb7-8562-3728-8ba8-ec800da9360c): протестую
[13:15:29] RunishYT (deb2ebb7-8562-3728-8ba8-ec800da9360c): адвокат дешевка
[13:15:49] GOLDENDUSST (a0ee3527-abbd-3f28-bd2e-ff7c77b23497): Тем фактом что Там не было отсылок на конкретные личности все совпадения случайны
[13:15:52] RunishYT (deb2ebb7-8562-3728-8ba8-ec800da9360c): Жалкие смертные перед вами идеальное существо
[13:15:56] RunishYT (deb2ebb7-8562-3728-8ba8-ec800da9360c): КАРС
[14:24:35] GOLDENDUSST (a0ee3527-abbd-3f28-bd2e-ff7c77b23497): Скок по времени приблизительно
[14:24:42] GOLDENDUSST (a0ee3527-abbd-3f28-bd2e-ff7c77b23497): День или меньше?
[14:25:24] GOLDENDUSST (a0ee3527-abbd-3f28-bd2e-ff7c77b23497): Парагон тайм
[15:13:43] ZAXAR1000 (48fa848d-9d79-373d-9cb1-c50d5b916c88): AviKgolD1
[15:23:08] RunishYT (deb2ebb7-8562-3728-8ba8-ec800da9360c): билдер пиздуй в гс
[15:25:31] ItsFartunaRu (87aa0b4c-629f-3cae-a9c4-787ca2fa3e21): ахуеть сайк спавнрейт ебанул
[15:41:04] ItsFartunaRu (87aa0b4c-629f-3cae-a9c4-787ca2fa3e21): блять че я с ядром
[15:41:23] ItsFartunaRu (87aa0b4c-629f-3cae-a9c4-787ca2fa3e21): фармилка тотемс работает хуёво
[15:41:42] ItsFartunaRu (87aa0b4c-629f-3cae-a9c4-787ca2fa3e21): хотя в одиноч мире робит всё ахуенно
[16:02:53] RunishYT (deb2ebb7-8562-3728-8ba8-ec800da9360c): корвус
[16:02:58] Corwin4_ (09de6106-0819-3ca8-9b4c-af9ec585b9e9): ?
[16:03:07] RunishYT (deb2ebb7-8562-3728-8ba8-ec800da9360c): не
[16:06:52] ItsFartunaRu (87aa0b4c-629f-3cae-a9c4-787ca2fa3e21): ХПХАХП я чей то мапарт нашёл
[16:09:07] ItsFartunaRu (87aa0b4c-629f-3cae-a9c4-787ca2fa3e21): биля голд эт кажись твой
[16:09:28] ItsFartunaRu (87aa0b4c-629f-3cae-a9c4-787ca2fa3e21): гг я делаю взрыв
[16:09:37] GOLDENDUSST (a0ee3527-abbd-3f28-bd2e-ff7c77b23497): Это сайк рекламная компания спиздил у меня ооигинал и сделал милион кипий раздав всем
[16:09:56] ItsFartunaRu (87aa0b4c-629f-3cae-a9c4-787ca2fa3e21): да кста рил твоя
[16:10:00] ItsFartunaRu (87aa0b4c-629f-3cae-a9c4-787ca2fa3e21): тут ебло бредля
[16:54:54] ZAXAR1000 (48fa848d-9d79-373d-9cb1-c50d5b916c88): кто продаст энд руду?
[16:56:01] ZAXAR1000 (48fa848d-9d79-373d-9cb1-c50d5b916c88): кто продаст энд руду?
[17:08:36] saikonohack (61d3e846-cfe0-3e5b-b41b-772c1020819e): пхпхпх
[17:08:50] GOLDENDUSST (a0ee3527-abbd-3f28-bd2e-ff7c77b23497): Да ты чё бляяяяять
[17:08:59] ItsFartunaRu (87aa0b4c-629f-3cae-a9c4-787ca2fa3e21): че за
[17:09:14] [CAPS] ItsFartunaRu (87aa0b4c-629f-3cae-a9c4-787ca2fa3e21): пхавхпхапхпх
[17:09:48] saikonohack (61d3e846-cfe0-3e5b-b41b-772c1020819e): топ?
[17:09:52] ItsFartunaRu (87aa0b4c-629f-3cae-a9c4-787ca2fa3e21): да ваще
[17:09:55] saikonohack (61d3e846-cfe0-3e5b-b41b-772c1020819e): согл
[17:10:06] saikonohack (61d3e846-cfe0-3e5b-b41b-772c1020819e): сын мой
[17:10:12] ItsFartunaRu (87aa0b4c-629f-3cae-a9c4-787ca2fa3e21): ещё топ мой склад тотемов
[17:10:24] saikonohack (61d3e846-cfe0-3e5b-b41b-772c1020819e): я принс запретные знания
[17:12:22] ZAXAR1000 (48fa848d-9d79-373d-9cb1-c50d5b916c88): АГА нам он нужен :)
[17:19:36] saikonohack (61d3e846-cfe0-3e5b-b41b-772c1020819e): бля забыл про инвиз
[17:19:38] saikonohack (61d3e846-cfe0-3e5b-b41b-772c1020819e): сорян
[17:20:02] saikonohack (61d3e846-cfe0-3e5b-b41b-772c1020819e): тсс
[17:36:12] Corwin4_ (09de6106-0819-3ca8-9b4c-af9ec585b9e9): сервер шлюха
[17:36:20] Corwin4_ (09de6106-0819-3ca8-9b4c-af9ec585b9e9): ктоб там ни был
[17:36:31] GOLDENDUSST (a0ee3527-abbd-3f28-bd2e-ff7c77b23497): Рял кто на парагон?
[17:37:51] saikonohack (61d3e846-cfe0-3e5b-b41b-772c1020819e): я ответил уже
[17:40:11] 1DarkLight1 (55ea8335-29fe-3a45-98bc-0ec3f0da1e2e): сам обвинял макаку что не отвечает)
[17:40:14] 1DarkLight1 (55ea8335-29fe-3a45-98bc-0ec3f0da1e2e): теперь совладельца игнорит
[17:41:29] RunishYT (deb2ebb7-8562-3728-8ba8-ec800da9360c): нихуя я ахуел
[17:42:02] RunishYT (deb2ebb7-8562-3728-8ba8-ec800da9360c): э сука
[17:42:09] RunishYT (deb2ebb7-8562-3728-8ba8-ec800da9360c): куда блять
[17:42:29] RunishYT (deb2ebb7-8562-3728-8ba8-ec800da9360c): бляяяяяяяяя
[17:42:36] RunishYT (deb2ebb7-8562-3728-8ba8-ec800da9360c): дай ватердроп сделаю
[17:42:59] RunishYT (deb2ebb7-8562-3728-8ba8-ec800da9360c): водяной куб на 2б2т?
[17:43:08] RunishYT (deb2ebb7-8562-3728-8ba8-ec800da9360c): прздец админы грифанули
[17:43:13] saikonohack (61d3e846-cfe0-3e5b-b41b-772c1020819e): потоп на ппл
[17:43:32] RunishYT (deb2ebb7-8562-3728-8ba8-ec800da9360c): сука у меня 55 уровинь был
[17:44:24] RunishYT (deb2ebb7-8562-3728-8ba8-ec800da9360c): бля эксрен камбэкнула когда я ее почти убил
[17:44:39] RunishYT (deb2ebb7-8562-3728-8ba8-ec800da9360c): !чисто Корейская Война я чувствую себя КНДР
[17:44:56] RunishYT (deb2ebb7-8562-3728-8ba8-ec800da9360c): блять сайк ресы
[17:45:02] RunishYT (deb2ebb7-8562-3728-8ba8-ec800da9360c): и мне и мне
[17:45:14] RunishYT (deb2ebb7-8562-3728-8ba8-ec800da9360c): пиздец я ее убил почти
[17:45:30] RunishYT (deb2ebb7-8562-3728-8ba8-ec800da9360c): сайк меня ибет
[17:45:37] 1DarkLight1 (55ea8335-29fe-3a45-98bc-0ec3f0da1e2e): заслуженно
[17:45:40] RunishYT (deb2ebb7-8562-3728-8ba8-ec800da9360c): спасите одменц обезумили
[17:46:01] 1DarkLight1 (55ea8335-29fe-3a45-98bc-0ec3f0da1e2e): лох лошара
[17:46:09] RunishYT (deb2ebb7-8562-3728-8ba8-ec800da9360c): Нет Войне
[17:46:11] RunishYT (deb2ebb7-8562-3728-8ba8-ec800da9360c): Нет Войне
[17:46:19] RunishYT (deb2ebb7-8562-3728-8ba8-ec800da9360c): Мир дружба демократия
[17:46:37] RunishYT (deb2ebb7-8562-3728-8ba8-ec800da9360c): сайк зтовиц
[17:46:58] RunishYT (deb2ebb7-8562-3728-8ba8-ec800da9360c): пиздкц щас вылечу
[17:47:08] RunishYT (deb2ebb7-8562-3728-8ba8-ec800da9360c): я когда умираю почему то вылитаю
[17:47:30] RunishYT (deb2ebb7-8562-3728-8ba8-ec800da9360c): я тебя захуярю
[17:47:43] RunishYT (deb2ebb7-8562-3728-8ba8-ec800da9360c): рял
[17:48:20] RunishYT (deb2ebb7-8562-3728-8ba8-ec800da9360c): уфф подсосал одмену
[17:49:02] AviKgolD1 (fe9f4036-69b5-38be-a9c3-1d860d8c4398): здесь тип
[17:49:27] RunishYT (deb2ebb7-8562-3728-8ba8-ec800da9360c): да я живу ради обсирания других
[17:49:33] 1DarkLight1 (55ea8335-29fe-3a45-98bc-0ec3f0da1e2e): ибо сам гавно да
[17:49:41] RunishYT (deb2ebb7-8562-3728-8ba8-ec800da9360c): жаль
[17:49:46] 1DarkLight1 (55ea8335-29fe-3a45-98bc-0ec3f0da1e2e): да не, вполне неплохо
[17:49:56] RunishYT (deb2ebb7-8562-3728-8ba8-ec800da9360c): я бы поспорил
[17:50:00] 1DarkLight1 (55ea8335-29fe-3a45-98bc-0ec3f0da1e2e): мне похуй
[17:50:27] RunishYT (deb2ebb7-8562-3728-8ba8-ec800da9360c): гений русской мысли
[17:50:57] RunishYT (deb2ebb7-8562-3728-8ba8-ec800da9360c): ладно
[17:51:29] RunishYT (deb2ebb7-8562-3728-8ba8-ec800da9360c): валюта ненадо
[17:51:56] RunishYT (deb2ebb7-8562-3728-8ba8-ec800da9360c): он лох
[17:52:27] RunishYT (deb2ebb7-8562-3728-8ba8-ec800da9360c): если я выучу питон я стану одменом наноиксандер??
[17:52:36] 1DarkLight1 (55ea8335-29fe-3a45-98bc-0ec3f0da1e2e): ты уже девелопер
[17:52:40] RunishYT (deb2ebb7-8562-3728-8ba8-ec800da9360c): биля
[17:52:40] saikonohack (61d3e846-cfe0-3e5b-b41b-772c1020819e): го
[17:53:15] AviKgolD1 (fe9f4036-69b5-38be-a9c3-1d860d8c4398): здесь должен быть
[17:53:25] saikonohack (61d3e846-cfe0-3e5b-b41b-772c1020819e): нет...
[17:53:30] RunishYT (deb2ebb7-8562-3728-8ba8-ec800da9360c): я бы добавил что я Не хочу видеть
[17:53:35] RunishYT (deb2ebb7-8562-3728-8ba8-ec800da9360c): Я там не хочу видеть
[17:53:39] RunishYT (deb2ebb7-8562-3728-8ba8-ec800da9360c): Голдендасста
[17:53:45] RunishYT (deb2ebb7-8562-3728-8ba8-ec800da9360c): Голдендасста
[17:53:52] RunishYT (deb2ebb7-8562-3728-8ba8-ec800da9360c): Желательно Эксрен
[17:54:04] GOLDENDUSST (a0ee3527-abbd-3f28-bd2e-ff7c77b23497): Всм эксрен лучше меня :(
[17:54:10] RunishYT (deb2ebb7-8562-3728-8ba8-ec800da9360c): да
[17:54:12] GOLDENDUSST (a0ee3527-abbd-3f28-bd2e-ff7c77b23497): Пачиму
[17:54:15] 1DarkLight1 (55ea8335-29fe-3a45-98bc-0ec3f0da1e2e): сиськи есть
[17:54:18] RunishYT (deb2ebb7-8562-3728-8ba8-ec800da9360c): бля говори короч за меня
[17:54:19] 1DarkLight1 (55ea8335-29fe-3a45-98bc-0ec3f0da1e2e): ну по идее точнее должны быть
[17:54:21] 1DarkLight1 (55ea8335-29fe-3a45-98bc-0ec3f0da1e2e): но их нет
[17:55:02] RunishYT (deb2ebb7-8562-3728-8ba8-ec800da9360c): вова говори за меня
[17:56:50] RunishYT (deb2ebb7-8562-3728-8ba8-ec800da9360c): могу отметить
[17:56:56] RunishYT (deb2ebb7-8562-3728-8ba8-ec800da9360c): у мортобелло ахуенный голос
[17:57:51] RunishYT (deb2ebb7-8562-3728-8ba8-ec800da9360c): Вова спроси
[17:57:54] RunishYT (deb2ebb7-8562-3728-8ba8-ec800da9360c): Вова
[17:57:57] RunishYT (deb2ebb7-8562-3728-8ba8-ec800da9360c): блять
[17:58:10] RunishYT (deb2ebb7-8562-3728-8ba8-ec800da9360c): ну блять заебал спроси
[17:58:23] RunishYT (deb2ebb7-8562-3728-8ba8-ec800da9360c): кого сайк ненавидит
[17:58:45] RunishYT (deb2ebb7-8562-3728-8ba8-ec800da9360c): руниш ют
[17:59:12] RunishYT (deb2ebb7-8562-3728-8ba8-ec800da9360c): ладно другой вопрос
[17:59:18] RunishYT (deb2ebb7-8562-3728-8ba8-ec800da9360c): кто тебя бесит??
[18:00:06] RunishYT (deb2ebb7-8562-3728-8ba8-ec800da9360c): спите
[18:00:17] RunishYT (deb2ebb7-8562-3728-8ba8-ec800da9360c): спите
[18:00:30] RunishYT (deb2ebb7-8562-3728-8ba8-ec800da9360c): +респект
[18:02:03] RunishYT (deb2ebb7-8562-3728-8ba8-ec800da9360c): наконец-то
[18:02:07] 1DarkLight1 (55ea8335-29fe-3a45-98bc-0ec3f0da1e2e): незачто
[18:02:15] 1DarkLight1 (55ea8335-29fe-3a45-98bc-0ec3f0da1e2e): оплату принимаю в кончине
[18:02:18] 1DarkLight1 (55ea8335-29fe-3a45-98bc-0ec3f0da1e2e): Умри
[18:03:46] RunishYT (deb2ebb7-8562-3728-8ba8-ec800da9360c): даже мама
[18:04:06] RunishYT (deb2ebb7-8562-3728-8ba8-ec800da9360c): не спрашивайте почему я без микро я сру
[18:05:32] RunishYT (deb2ebb7-8562-3728-8ba8-ec800da9360c): верните украинца
[18:08:16] Corwin4_ (09de6106-0819-3ca8-9b4c-af9ec585b9e9): бля забыл nohomo
[18:08:26] 1DarkLight1 (55ea8335-29fe-3a45-98bc-0ec3f0da1e2e): так и планировалось
[18:08:55] Corwin4_ (09de6106-0819-3ca8-9b4c-af9ec585b9e9): ОААОА
[19:19:44] Lolaol (87ad5a86-9b00-3567-aad2-09baa248d884): Кто может продать теракоту?
[19:24:01] Lolaol (87ad5a86-9b00-3567-aad2-09baa248d884): кто хочет пофармить мембрану фантома?
