[10:30:09] AviKgolD1 (fe9f4036-69b5-38be-a9c3-1d860d8c4398): привет
[10:30:17] ItsFartunaRu (87aa0b4c-629f-3cae-a9c4-787ca2fa3e21): q
[10:33:17] AviKgolD1 (fe9f4036-69b5-38be-a9c3-1d860d8c4398): у тебя есть золото или золотые яблоки?
[10:38:54] ItsFartunaRu (87aa0b4c-629f-3cae-a9c4-787ca2fa3e21): не
[10:39:05] AviKgolD1 (fe9f4036-69b5-38be-a9c3-1d860d8c4398): жаль
[10:52:33] AviKgolD1 (fe9f4036-69b5-38be-a9c3-1d860d8c4398): привет
[10:52:46] UrdAnton2203 (76a5e84e-c8f2-3b36-b428-799354f6d273): 和i
[10:58:09] RunishYT (deb2ebb7-8562-3728-8ba8-ec800da9360c): я смог!
[10:58:17] RunishYT (deb2ebb7-8562-3728-8ba8-ec800da9360c): не логает
[10:58:31] RunishYT (deb2ebb7-8562-3728-8ba8-ec800da9360c): на моем древнем пк
[11:04:55] AviKgolD1 (fe9f4036-69b5-38be-a9c3-1d860d8c4398): что со спавнрейдом?
[11:05:22] RunishYT (deb2ebb7-8562-3728-8ba8-ec800da9360c): как на содиуме стандартное меню врубить?
[11:05:56] RunishYT (deb2ebb7-8562-3728-8ba8-ec800da9360c): спавнрейт сказали не трогали
[11:09:04] RunishYT (deb2ebb7-8562-3728-8ba8-ec800da9360c): в энде кстати есть общественная ферма ендеров
[11:09:29] AviKgolD1 (fe9f4036-69b5-38be-a9c3-1d860d8c4398): вроде она закрыта
[11:09:42] RunishYT (deb2ebb7-8562-3728-8ba8-ec800da9360c): нет
[11:09:53] RunishYT (deb2ebb7-8562-3728-8ba8-ec800da9360c): она моя и она открыта
[11:25:43] RunishYT (deb2ebb7-8562-3728-8ba8-ec800da9360c): wwwwwwwwwwwwwwwwww
[11:29:31] AviKgolD1 (fe9f4036-69b5-38be-a9c3-1d860d8c4398): на каких кордах целесообразно лутать элитры?
[11:29:41] RunishYT (deb2ebb7-8562-3728-8ba8-ec800da9360c): хз
[16:09:53] AviKgolD1 (fe9f4036-69b5-38be-a9c3-1d860d8c4398): qq
