[04:30:05] GulgPlayer (a1c0ea2e-fe38-3c55-a100-bcde7e6529b1): привет
[04:30:27] Bradly378 (9ab93dfb-1454-3bb1-b47f-700f714534a9): ку, остановка серва была вынуждена а не просто по приколу, извините
[04:30:34] GulgPlayer (a1c0ea2e-fe38-3c55-a100-bcde7e6529b1): пон
[07:06:31] GulgPlayer (a1c0ea2e-fe38-3c55-a100-bcde7e6529b1): привет
[07:06:34] GulgPlayer (a1c0ea2e-fe38-3c55-a100-bcde7e6529b1): привет
[07:10:59] GulgPlayer (a1c0ea2e-fe38-3c55-a100-bcde7e6529b1): привет
[07:11:11] GOLDENDUSST (a0ee3527-abbd-3f28-bd2e-ff7c77b23497): Пока
[07:11:52] GulgPlayer (a1c0ea2e-fe38-3c55-a100-bcde7e6529b1): помоги перевести жителей пж
[07:12:01] GulgPlayer (a1c0ea2e-fe38-3c55-a100-bcde7e6529b1): я дам тебе за это 1 железный блок и алмаз
[07:12:30] GOLDENDUSST (a0ee3527-abbd-3f28-bd2e-ff7c77b23497): Мало я это иззи добуду но помогу так как я slave
[07:12:39] GulgPlayer (a1c0ea2e-fe38-3c55-a100-bcde7e6529b1): спасибо
[07:12:47] GOLDENDUSST (a0ee3527-abbd-3f28-bd2e-ff7c77b23497): Корды
[07:12:55] GulgPlayer (a1c0ea2e-fe38-3c55-a100-bcde7e6529b1): 1266 69 -420
[07:13:00] GulgPlayer (a1c0ea2e-fe38-3c55-a100-bcde7e6529b1): 1266 69 -420
[07:13:25] GOLDENDUSST (a0ee3527-abbd-3f28-bd2e-ff7c77b23497): Бля корды противополоюные моему поселению
[07:13:46] GulgPlayer (a1c0ea2e-fe38-3c55-a100-bcde7e6529b1): :(
[07:13:58] GOLDENDUSST (a0ee3527-abbd-3f28-bd2e-ff7c77b23497): Я приду
[07:14:02] GulgPlayer (a1c0ea2e-fe38-3c55-a100-bcde7e6529b1): ок
[07:14:04] GulgPlayer (a1c0ea2e-fe38-3c55-a100-bcde7e6529b1): жду
[07:15:46] GulgPlayer (a1c0ea2e-fe38-3c55-a100-bcde7e6529b1): спи пж
[07:15:55] GulgPlayer (a1c0ea2e-fe38-3c55-a100-bcde7e6529b1): мой житель умирает
[07:15:56] GulgPlayer (a1c0ea2e-fe38-3c55-a100-bcde7e6529b1): мобы
[07:15:58] GOLDENDUSST (a0ee3527-abbd-3f28-bd2e-ff7c77b23497): Не могу
[07:16:07] GulgPlayer (a1c0ea2e-fe38-3c55-a100-bcde7e6529b1): крафти
[07:16:37] GulgPlayer (a1c0ea2e-fe38-3c55-a100-bcde7e6529b1): спс
[07:16:39] GulgPlayer (a1c0ea2e-fe38-3c55-a100-bcde7e6529b1): спс
[07:20:17] GulgPlayer (a1c0ea2e-fe38-3c55-a100-bcde7e6529b1): скоро ты там,
[07:20:44] GOLDENDUSST (a0ee3527-abbd-3f28-bd2e-ff7c77b23497): Я стартовал с -1000 70 200
[07:24:39] GOLDENDUSST (a0ee3527-abbd-3f28-bd2e-ff7c77b23497): Где
[07:24:49] GOLDENDUSST (a0ee3527-abbd-3f28-bd2e-ff7c77b23497): Я на месте
[07:24:56] GulgPlayer (a1c0ea2e-fe38-3c55-a100-bcde7e6529b1): бери жители и вези
[07:25:05] GulgPlayer (a1c0ea2e-fe38-3c55-a100-bcde7e6529b1): бери жители и вези
[07:25:07] GulgPlayer (a1c0ea2e-fe38-3c55-a100-bcde7e6529b1): на корда
[07:25:15] GulgPlayer (a1c0ea2e-fe38-3c55-a100-bcde7e6529b1): 596 62 -333
[07:29:07] GulgPlayer (a1c0ea2e-fe38-3c55-a100-bcde7e6529b1): мне скоро уходить
[07:29:12] GulgPlayer (a1c0ea2e-fe38-3c55-a100-bcde7e6529b1): пожалуйста побвстрее
[07:29:30] GOLDENDUSST (a0ee3527-abbd-3f28-bd2e-ff7c77b23497): Я привезу только трёх жителей тебе должно хватить
[07:29:38] GulgPlayer (a1c0ea2e-fe38-3c55-a100-bcde7e6529b1): ок спс
[07:29:47] GulgPlayer (a1c0ea2e-fe38-3c55-a100-bcde7e6529b1): там на базе у меня есть гранитный столб
[07:29:51] GulgPlayer (a1c0ea2e-fe38-3c55-a100-bcde7e6529b1): там закопай их
[07:30:02] GulgPlayer (a1c0ea2e-fe38-3c55-a100-bcde7e6529b1): и да, не грифери пожалуйста ничего
[07:30:09] GulgPlayer (a1c0ea2e-fe38-3c55-a100-bcde7e6529b1): но можешь взять железо и алмазы
[07:32:37] GOLDENDUSST (a0ee3527-abbd-3f28-bd2e-ff7c77b23497): Пиздец а поч так далеко
[07:32:45] GOLDENDUSST (a0ee3527-abbd-3f28-bd2e-ff7c77b23497): Я тольк что посмотрел корды
[07:32:54] GulgPlayer (a1c0ea2e-fe38-3c55-a100-bcde7e6529b1): ну так живу
[07:33:06] GOLDENDUSST (a0ee3527-abbd-3f28-bd2e-ff7c77b23497): Я их довезу но потом я могу использовать деревню твою
[07:33:11] GulgPlayer (a1c0ea2e-fe38-3c55-a100-bcde7e6529b1): конечно
[07:33:14] GOLDENDUSST (a0ee3527-abbd-3f28-bd2e-ff7c77b23497): Всмысле торговать с жителями
[07:33:16] GulgPlayer (a1c0ea2e-fe38-3c55-a100-bcde7e6529b1): делай с ней что хочешь
[07:33:19] GulgPlayer (a1c0ea2e-fe38-3c55-a100-bcde7e6529b1): !
[07:33:26] GOLDENDUSST (a0ee3527-abbd-3f28-bd2e-ff7c77b23497): Уничтожить
[07:33:32] GulgPlayer (a1c0ea2e-fe38-3c55-a100-bcde7e6529b1): нет))
[07:33:52] GulgPlayer (a1c0ea2e-fe38-3c55-a100-bcde7e6529b1): ты лодкой везёшь?
[07:33:57] GOLDENDUSST (a0ee3527-abbd-3f28-bd2e-ff7c77b23497): Я сейчас на парах если не получится довести сделаю через 4 часа когда домой вернусь
[07:34:02] GOLDENDUSST (a0ee3527-abbd-3f28-bd2e-ff7c77b23497): Да
[07:34:05] GOLDENDUSST (a0ee3527-abbd-3f28-bd2e-ff7c77b23497): Да
[07:34:06] GulgPlayer (a1c0ea2e-fe38-3c55-a100-bcde7e6529b1): ты сейчас на каких кордах
[07:34:07] GulgPlayer (a1c0ea2e-fe38-3c55-a100-bcde7e6529b1): ок
[07:34:10] GulgPlayer (a1c0ea2e-fe38-3c55-a100-bcde7e6529b1): ок
[07:34:14] GOLDENDUSST (a0ee3527-abbd-3f28-bd2e-ff7c77b23497): В деревне
[07:35:25] GulgPlayer (a1c0ea2e-fe38-3c55-a100-bcde7e6529b1): привет
[07:35:37] GulgPlayer (a1c0ea2e-fe38-3c55-a100-bcde7e6529b1): зачем закрываешь
[07:35:40] GulgPlayer (a1c0ea2e-fe38-3c55-a100-bcde7e6529b1): ок
[07:35:45] GOLDENDUSST (a0ee3527-abbd-3f28-bd2e-ff7c77b23497): щас того довезу
[07:35:51] GulgPlayer (a1c0ea2e-fe38-3c55-a100-bcde7e6529b1): а ок
[07:36:07] GOLDENDUSST (a0ee3527-abbd-3f28-bd2e-ff7c77b23497): Но чёт я начал сомневаться
[07:36:17] GulgPlayer (a1c0ea2e-fe38-3c55-a100-bcde7e6529b1): только пообещай не красть ничего у меня дома
[07:36:23] GulgPlayer (a1c0ea2e-fe38-3c55-a100-bcde7e6529b1): только железо и алмазы
[07:36:30] GulgPlayer (a1c0ea2e-fe38-3c55-a100-bcde7e6529b1): можешь брать
[07:36:31] GOLDENDUSST (a0ee3527-abbd-3f28-bd2e-ff7c77b23497): Я не паханчик чтобы красть
[07:36:36] GulgPlayer (a1c0ea2e-fe38-3c55-a100-bcde7e6529b1): ок
[07:36:46] GulgPlayer (a1c0ea2e-fe38-3c55-a100-bcde7e6529b1): просто на всякий случай
[07:37:02] GulgPlayer (a1c0ea2e-fe38-3c55-a100-bcde7e6529b1): ну пока, мне пора
[07:37:04] GOLDENDUSST (a0ee3527-abbd-3f28-bd2e-ff7c77b23497): Но рил это вообще нереально то есть задротство
[07:37:12] GulgPlayer (a1c0ea2e-fe38-3c55-a100-bcde7e6529b1): ну я как-то довёз
[07:37:16] GulgPlayer (a1c0ea2e-fe38-3c55-a100-bcde7e6529b1): одного правда
[07:37:18] GOLDENDUSST (a0ee3527-abbd-3f28-bd2e-ff7c77b23497): щас я обсибиан добуду и через ад попробую
[07:37:19] GulgPlayer (a1c0ea2e-fe38-3c55-a100-bcde7e6529b1): но всё равно
[07:37:24] GulgPlayer (a1c0ea2e-fe38-3c55-a100-bcde7e6529b1): ок
[07:37:28] GOLDENDUSST (a0ee3527-abbd-3f28-bd2e-ff7c77b23497): А одного
[07:37:37] GulgPlayer (a1c0ea2e-fe38-3c55-a100-bcde7e6529b1): ладно пока
[07:37:38] GulgPlayer (a1c0ea2e-fe38-3c55-a100-bcde7e6529b1): мне пора
[07:37:39] GOLDENDUSST (a0ee3527-abbd-3f28-bd2e-ff7c77b23497): Давай я тоже довезу одного чем троих
[07:37:40] GulgPlayer (a1c0ea2e-fe38-3c55-a100-bcde7e6529b1): удачи
[07:37:43] GOLDENDUSST (a0ee3527-abbd-3f28-bd2e-ff7c77b23497): И размножим
[07:37:44] GulgPlayer (a1c0ea2e-fe38-3c55-a100-bcde7e6529b1): давай
[07:37:48] GulgPlayer (a1c0ea2e-fe38-3c55-a100-bcde7e6529b1): я потом их размножду
[11:17:28] GOLDENDUSST (a0ee3527-abbd-3f28-bd2e-ff7c77b23497): Гулак плей
[11:19:05] GulgPlayer (a1c0ea2e-fe38-3c55-a100-bcde7e6529b1): привет
[11:31:06] GOLDENDUSST (a0ee3527-abbd-3f28-bd2e-ff7c77b23497): Спидран
[11:31:13] GOLDENDUSST (a0ee3527-abbd-3f28-bd2e-ff7c77b23497): #Тащи
[11:33:26] RunishYT (deb2ebb7-8562-3728-8ba8-ec800da9360c): #тащи
[11:35:03] GulgPlayer (a1c0ea2e-fe38-3c55-a100-bcde7e6529b1): да
[11:35:06] RunishYT (deb2ebb7-8562-3728-8ba8-ec800da9360c): йэ
[11:35:17] RunishYT (deb2ebb7-8562-3728-8ba8-ec800da9360c): там портал около портала
[11:35:21] RunishYT (deb2ebb7-8562-3728-8ba8-ec800da9360c): на спавне
[11:44:49] RunishYT (deb2ebb7-8562-3728-8ba8-ec800da9360c): Не спите пж
[12:10:30] RunishYT (deb2ebb7-8562-3728-8ba8-ec800da9360c): #тащи
[13:41:39] GulgPlayer (a1c0ea2e-fe38-3c55-a100-bcde7e6529b1): слизь есть?
[13:41:48] GOLDENDUSST (a0ee3527-abbd-3f28-bd2e-ff7c77b23497): Нету
[13:43:09] GulgPlayer (a1c0ea2e-fe38-3c55-a100-bcde7e6529b1): ок
[13:53:32] GulgPlayer (a1c0ea2e-fe38-3c55-a100-bcde7e6529b1): против
[13:53:41] GulgPlayer (a1c0ea2e-fe38-3c55-a100-bcde7e6529b1): можно накопать перед этим немного золота
[13:53:47] GulgPlayer (a1c0ea2e-fe38-3c55-a100-bcde7e6529b1): а потом уже перезагружай
[13:54:03] GOLDENDUSST (a0ee3527-abbd-3f28-bd2e-ff7c77b23497): Я гатов
[13:55:15] GulgPlayer (a1c0ea2e-fe38-3c55-a100-bcde7e6529b1): ну ладно
[13:55:17] GulgPlayer (a1c0ea2e-fe38-3c55-a100-bcde7e6529b1): ну ладно
[14:14:09] [CAPS] GulgPlayer (a1c0ea2e-fe38-3c55-a100-bcde7e6529b1): привет
[14:14:31] GulgPlayer (a1c0ea2e-fe38-3c55-a100-bcde7e6529b1): слушай
[14:14:41] GulgPlayer (a1c0ea2e-fe38-3c55-a100-bcde7e6529b1): а ты в режиме выживания или креатив
[14:15:03] Bradly378 (9ab93dfb-1454-3bb1-b47f-700f714534a9): в большенстве случаев креатив
[14:15:23] GulgPlayer (a1c0ea2e-fe38-3c55-a100-bcde7e6529b1): ясно
[14:15:28] GulgPlayer (a1c0ea2e-fe38-3c55-a100-bcde7e6529b1): а у тебя свои ресы есть
[14:15:31] Bradly378 (9ab93dfb-1454-3bb1-b47f-700f714534a9): да
[14:15:34] GulgPlayer (a1c0ea2e-fe38-3c55-a100-bcde7e6529b1): мне просто золото надо
[14:15:38] GulgPlayer (a1c0ea2e-fe38-3c55-a100-bcde7e6529b1): го обменяем
[14:15:41] Bradly378 (9ab93dfb-1454-3bb1-b47f-700f714534a9): 12 алм и ещё что то
[14:15:51] Bradly378 (9ab93dfb-1454-3bb1-b47f-700f714534a9): золота няма
[14:15:53] GulgPlayer (a1c0ea2e-fe38-3c55-a100-bcde7e6529b1): 1 алмаз за 6 золота
[14:15:56] Bradly378 (9ab93dfb-1454-3bb1-b47f-700f714534a9): только редстоун копал
[14:16:15] GulgPlayer (a1c0ea2e-fe38-3c55-a100-bcde7e6529b1): о круто суп из бредли
[14:16:16] Bradly378 (9ab93dfb-1454-3bb1-b47f-700f714534a9): я всё копал кроме лазурита и золота
[14:16:32] GulgPlayer (a1c0ea2e-fe38-3c55-a100-bcde7e6529b1): ладно
[14:16:36] GulgPlayer (a1c0ea2e-fe38-3c55-a100-bcde7e6529b1): пойду в шахту сам
[14:16:43] Bradly378 (9ab93dfb-1454-3bb1-b47f-700f714534a9): пердак горит
[14:16:47] GulgPlayer (a1c0ea2e-fe38-3c55-a100-bcde7e6529b1): но сначала восполню хп
[14:17:12] Bradly378 (9ab93dfb-1454-3bb1-b47f-700f714534a9): г
[14:17:16] Bradly378 (9ab93dfb-1454-3bb1-b47f-700f714534a9): гений
[14:17:23] GulgPlayer (a1c0ea2e-fe38-3c55-a100-bcde7e6529b1): fuf
[14:17:25] GulgPlayer (a1c0ea2e-fe38-3c55-a100-bcde7e6529b1): ага
[14:17:34] GulgPlayer (a1c0ea2e-fe38-3c55-a100-bcde7e6529b1): факела забыл
[14:17:51] GulgPlayer (a1c0ea2e-fe38-3c55-a100-bcde7e6529b1): а железо у тебя есть?
[14:17:59] Bradly378 (9ab93dfb-1454-3bb1-b47f-700f714534a9): если что то все админы и консоль (server) видят что ты пишешь в локальный чат и писать ! не обязательно при общении с ними
[14:18:08] GulgPlayer (a1c0ea2e-fe38-3c55-a100-bcde7e6529b1): а ок
[14:18:31] GulgPlayer (a1c0ea2e-fe38-3c55-a100-bcde7e6529b1): смотри
[14:18:47] Bradly378 (9ab93dfb-1454-3bb1-b47f-700f714534a9): на
[14:18:52] Bradly378 (9ab93dfb-1454-3bb1-b47f-700f714534a9): было золото
[14:18:56] GulgPlayer (a1c0ea2e-fe38-3c55-a100-bcde7e6529b1): спс
[14:19:02] GulgPlayer (a1c0ea2e-fe38-3c55-a100-bcde7e6529b1): а где
[14:19:07] Bradly378 (9ab93dfb-1454-3bb1-b47f-700f714534a9): 1 алм
[14:19:20] GulgPlayer (a1c0ea2e-fe38-3c55-a100-bcde7e6529b1): тебе нужна медь
[14:19:22] Bradly378 (9ab93dfb-1454-3bb1-b47f-700f714534a9): есть ещё 2 золота но уже за 1 алм как то мало
[14:19:31] GulgPlayer (a1c0ea2e-fe38-3c55-a100-bcde7e6529b1): ?
[14:19:44] GulgPlayer (a1c0ea2e-fe38-3c55-a100-bcde7e6529b1): дам 2 железа
[14:20:39] GulgPlayer (a1c0ea2e-fe38-3c55-a100-bcde7e6529b1): а ты модер или админ
[14:20:47] Bradly378 (9ab93dfb-1454-3bb1-b47f-700f714534a9): админ
[14:20:51] GulgPlayer (a1c0ea2e-fe38-3c55-a100-bcde7e6529b1): круто
[14:20:56] Bradly378 (9ab93dfb-1454-3bb1-b47f-700f714534a9): даже создатель
[14:21:05] GulgPlayer (a1c0ea2e-fe38-3c55-a100-bcde7e6529b1): а у модеров есть опка
[14:21:06] Bradly378 (9ab93dfb-1454-3bb1-b47f-700f714534a9): создателей 3
[14:21:08] GulgPlayer (a1c0ea2e-fe38-3c55-a100-bcde7e6529b1): ?
[14:21:13] Bradly378 (9ab93dfb-1454-3bb1-b47f-700f714534a9): нет вроде как
[14:21:17] GulgPlayer (a1c0ea2e-fe38-3c55-a100-bcde7e6529b1): пойдёшь со мной в шахту?
[14:21:30] GulgPlayer (a1c0ea2e-fe38-3c55-a100-bcde7e6529b1): а то я знаю случаи когда модеры сервера ломали
[14:21:43] GulgPlayer (a1c0ea2e-fe38-3c55-a100-bcde7e6529b1): опку модерам если бы я был создателем не давал
[14:22:11] Bradly378 (9ab93dfb-1454-3bb1-b47f-700f714534a9): го но у меня пинг 900 тк я переношу сервер с 1 хостинга на другой тк щас сервер на хостинге другого сервера и поэтому тот decakee даёт пизды за то что мы размернули сервер на его хосте
[14:22:24] GulgPlayer (a1c0ea2e-fe38-3c55-a100-bcde7e6529b1): ок
[14:22:31] Bradly378 (9ab93dfb-1454-3bb1-b47f-700f714534a9): так и живём
[14:22:34] GulgPlayer (a1c0ea2e-fe38-3c55-a100-bcde7e6529b1): крч
[14:22:39] GulgPlayer (a1c0ea2e-fe38-3c55-a100-bcde7e6529b1): можешь пж помочь кое-как
[14:22:43] Bradly378 (9ab93dfb-1454-3bb1-b47f-700f714534a9): ?
[14:22:49] GulgPlayer (a1c0ea2e-fe38-3c55-a100-bcde7e6529b1): меня бесит ходить туда сюда за кирнками
[14:22:53] GulgPlayer (a1c0ea2e-fe38-3c55-a100-bcde7e6529b1): а ты тепаться можешь
[14:22:58] GulgPlayer (a1c0ea2e-fe38-3c55-a100-bcde7e6529b1): принеси пж из дома кирку
[14:23:10] Bradly378 (9ab93dfb-1454-3bb1-b47f-700f714534a9): ты железную сделай то
[14:23:12] GulgPlayer (a1c0ea2e-fe38-3c55-a100-bcde7e6529b1): привет
[14:23:17] GulgPlayer (a1c0ea2e-fe38-3c55-a100-bcde7e6529b1): железную не хочу
[14:23:23] GulgPlayer (a1c0ea2e-fe38-3c55-a100-bcde7e6529b1): тратить не хочу
[14:23:26] Bradly378 (9ab93dfb-1454-3bb1-b47f-700f714534a9): я с алм хожу и мне ок
[14:23:26] GulgPlayer (a1c0ea2e-fe38-3c55-a100-bcde7e6529b1): погоди
[14:23:29] GulgPlayer (a1c0ea2e-fe38-3c55-a100-bcde7e6529b1): я щас
[14:24:23] GOLDENDUSST (a0ee3527-abbd-3f28-bd2e-ff7c77b23497): Бребля дай рамки портала и очи эндера по 12
[14:24:30] Bradly378 (9ab93dfb-1454-3bb1-b47f-700f714534a9): пшёл вон
[14:24:37] GOLDENDUSST (a0ee3527-abbd-3f28-bd2e-ff7c77b23497): Дай
[14:25:41] GulgPlayer (a1c0ea2e-fe38-3c55-a100-bcde7e6529b1): слышь
[14:25:48] GulgPlayer (a1c0ea2e-fe38-3c55-a100-bcde7e6529b1): голден амогус
[14:25:52] GulgPlayer (a1c0ea2e-fe38-3c55-a100-bcde7e6529b1): есть золото
[14:25:54] GulgPlayer (a1c0ea2e-fe38-3c55-a100-bcde7e6529b1): ?
[14:26:00] GOLDENDUSST (a0ee3527-abbd-3f28-bd2e-ff7c77b23497): Нету я бэмж
[14:26:43] GulgPlayer (a1c0ea2e-fe38-3c55-a100-bcde7e6529b1): ок
[14:27:38] Bradly378 (9ab93dfb-1454-3bb1-b47f-700f714534a9): о так тут океан рядом
[14:27:45] GulgPlayer (a1c0ea2e-fe38-3c55-a100-bcde7e6529b1): где
[14:28:00] Bradly378 (9ab93dfb-1454-3bb1-b47f-700f714534a9): ну за горой
[14:28:11] GulgPlayer (a1c0ea2e-fe38-3c55-a100-bcde7e6529b1): ааааа
[14:28:12] Bradly378 (9ab93dfb-1454-3bb1-b47f-700f714534a9): f
[14:28:19] GulgPlayer (a1c0ea2e-fe38-3c55-a100-bcde7e6529b1): у меня было 7 кирок
[14:29:00] GulgPlayer (a1c0ea2e-fe38-3c55-a100-bcde7e6529b1): нееет
[14:29:07] GulgPlayer (a1c0ea2e-fe38-3c55-a100-bcde7e6529b1): можешь пж тепнуть
[14:29:13] GulgPlayer (a1c0ea2e-fe38-3c55-a100-bcde7e6529b1): или корды сказать
[14:29:35] Bradly378 (9ab93dfb-1454-3bb1-b47f-700f714534a9): корды щас но тепать эт уже перебор
[14:30:14] Bradly378 (9ab93dfb-1454-3bb1-b47f-700f714534a9): ов
[14:30:15] Bradly378 (9ab93dfb-1454-3bb1-b47f-700f714534a9): во
[14:30:18] Bradly378 (9ab93dfb-1454-3bb1-b47f-700f714534a9): нашёл
[14:31:45] Bradly378 (9ab93dfb-1454-3bb1-b47f-700f714534a9): щас тупо с шифта ничаяно встанешь XD
[14:32:02] Bradly378 (9ab93dfb-1454-3bb1-b47f-700f714534a9): bruh
[14:32:47] GulgPlayer (a1c0ea2e-fe38-3c55-a100-bcde7e6529b1): пол хп
[14:33:19] GulgPlayer (a1c0ea2e-fe38-3c55-a100-bcde7e6529b1): сорри
[14:33:54] Bradly378 (9ab93dfb-1454-3bb1-b47f-700f714534a9): а зачем там много энерго рельс
[14:34:04] GulgPlayer (a1c0ea2e-fe38-3c55-a100-bcde7e6529b1): а как по другому
[14:34:10] Bradly378 (9ab93dfb-1454-3bb1-b47f-700f714534a9): можно же их промежуточно делать чтоб только для разгона
[14:34:16] GulgPlayer (a1c0ea2e-fe38-3c55-a100-bcde7e6529b1): а
[14:34:23] GulgPlayer (a1c0ea2e-fe38-3c55-a100-bcde7e6529b1): ок спс
[14:34:26] Bradly378 (9ab93dfb-1454-3bb1-b47f-700f714534a9): 3 обычных и потом энерго
[14:34:46] Bradly378 (9ab93dfb-1454-3bb1-b47f-700f714534a9): суицайд
[14:35:49] GulgPlayer (a1c0ea2e-fe38-3c55-a100-bcde7e6529b1): вставай сюда и смотри наверх
[14:36:16] Bradly378 (9ab93dfb-1454-3bb1-b47f-700f714534a9): ...
[14:37:09] GulgPlayer (a1c0ea2e-fe38-3c55-a100-bcde7e6529b1): слышь
[14:37:13] GulgPlayer (a1c0ea2e-fe38-3c55-a100-bcde7e6529b1): а как смягчить падение
[14:37:16] GulgPlayer (a1c0ea2e-fe38-3c55-a100-bcde7e6529b1): вагонетки
[14:37:40] Bradly378 (9ab93dfb-1454-3bb1-b47f-700f714534a9): всм смягчить?
[14:37:46] GulgPlayer (a1c0ea2e-fe38-3c55-a100-bcde7e6529b1): чтоб не умирать
[14:37:47] Bradly378 (9ab93dfb-1454-3bb1-b47f-700f714534a9): чтоб дальше падала?
[14:37:49] Bradly378 (9ab93dfb-1454-3bb1-b47f-700f714534a9): а
[14:37:59] Bradly378 (9ab93dfb-1454-3bb1-b47f-700f714534a9): вопрос
[14:38:11] Bradly378 (9ab93dfb-1454-3bb1-b47f-700f714534a9): надо чтоб потом вагонетка опять ехала или нет?
[14:38:18] GulgPlayer (a1c0ea2e-fe38-3c55-a100-bcde7e6529b1): чтоб ехала
[14:38:46] GulgPlayer (a1c0ea2e-fe38-3c55-a100-bcde7e6529b1): спс
[14:38:51] GulgPlayer (a1c0ea2e-fe38-3c55-a100-bcde7e6529b1): но это немного читы))
[14:38:55] Bradly378 (9ab93dfb-1454-3bb1-b47f-700f714534a9): я уберу я проверяю просто
[14:39:06] GulgPlayer (a1c0ea2e-fe38-3c55-a100-bcde7e6529b1): а ок
[14:39:10] Bradly378 (9ab93dfb-1454-3bb1-b47f-700f714534a9): поехал
[14:39:30] Bradly378 (9ab93dfb-1454-3bb1-b47f-700f714534a9): сядь в вагонетку
[14:39:56] GulgPlayer (a1c0ea2e-fe38-3c55-a100-bcde7e6529b1): везение
[14:39:58] Bradly378 (9ab93dfb-1454-3bb1-b47f-700f714534a9): мда чёт ты перелетал чем в прошлый раз вагонетка
[14:40:22] Bradly378 (9ab93dfb-1454-3bb1-b47f-700f714534a9): ...
[14:40:45] Bradly378 (9ab93dfb-1454-3bb1-b47f-700f714534a9): тестани вагонетку опять
[14:41:04] Bradly378 (9ab93dfb-1454-3bb1-b47f-700f714534a9): нус
[14:41:25] GulgPlayer (a1c0ea2e-fe38-3c55-a100-bcde7e6529b1): а если с рельсами
[14:41:43] Bradly378 (9ab93dfb-1454-3bb1-b47f-700f714534a9): вроде урона не должно быть
[14:42:10] GulgPlayer (a1c0ea2e-fe38-3c55-a100-bcde7e6529b1): надо чтобы вперёд было
[14:42:38] Bradly378 (9ab93dfb-1454-3bb1-b47f-700f714534a9): нет урона
[14:42:43] GulgPlayer (a1c0ea2e-fe38-3c55-a100-bcde7e6529b1): ок
[14:42:44] Bradly378 (9ab93dfb-1454-3bb1-b47f-700f714534a9): тебе сли=зь нужна
[14:42:48] GulgPlayer (a1c0ea2e-fe38-3c55-a100-bcde7e6529b1): всё спс
[14:42:51] GulgPlayer (a1c0ea2e-fe38-3c55-a100-bcde7e6529b1): убирай
[14:42:54] GulgPlayer (a1c0ea2e-fe38-3c55-a100-bcde7e6529b1): ну пока
[14:42:56] GulgPlayer (a1c0ea2e-fe38-3c55-a100-bcde7e6529b1): мне пора
[14:43:08] Bradly378 (9ab93dfb-1454-3bb1-b47f-700f714534a9): пока
[14:43:46] Bradly378 (9ab93dfb-1454-3bb1-b47f-700f714534a9): приветики
[14:43:53] GOLDENDUSST (a0ee3527-abbd-3f28-bd2e-ff7c77b23497): дядя
[14:44:07] GOLDENDUSST (a0ee3527-abbd-3f28-bd2e-ff7c77b23497): я не Домбас
[14:44:12] GOLDENDUSST (a0ee3527-abbd-3f28-bd2e-ff7c77b23497): не бомби меня
[14:48:40] GOLDENDUSST (a0ee3527-abbd-3f28-bd2e-ff7c77b23497): Дай портал
[14:50:14] Bradly378 (9ab93dfb-1454-3bb1-b47f-700f714534a9): тебе весело?
[14:50:23] GOLDENDUSST (a0ee3527-abbd-3f28-bd2e-ff7c77b23497): Относительно
[14:51:52] GOLDENDUSST (a0ee3527-abbd-3f28-bd2e-ff7c77b23497): Всё я заскриншотил ищи себя в прошмандовках наноиксандера
[14:55:03] GOLDENDUSST (a0ee3527-abbd-3f28-bd2e-ff7c77b23497): Повезло повезло, портал
[14:56:55] Bradly378 (9ab93dfb-1454-3bb1-b47f-700f714534a9): бан
[14:57:01] GOLDENDUSST (a0ee3527-abbd-3f28-bd2e-ff7c77b23497): Всм
[14:57:09] Bradly378 (9ab93dfb-1454-3bb1-b47f-700f714534a9): горячая штучка здесь я вобщето
[14:57:20] GOLDENDUSST (a0ee3527-abbd-3f28-bd2e-ff7c77b23497): Уффф
[14:57:28] GOLDENDUSST (a0ee3527-abbd-3f28-bd2e-ff7c77b23497): Ну давай
[14:57:33] GOLDENDUSST (a0ee3527-abbd-3f28-bd2e-ff7c77b23497): Покажи кто тут
[14:57:40] [CAPS] GOLDENDUSST (a0ee3527-abbd-3f28-bd2e-ff7c77b23497): gym boss
[14:57:49] Bradly378 (9ab93dfb-1454-3bb1-b47f-700f714534a9): да ты нахуй лес палишь
[14:57:58] GOLDENDUSST (a0ee3527-abbd-3f28-bd2e-ff7c77b23497): надо
[14:58:04] GOLDENDUSST (a0ee3527-abbd-3f28-bd2e-ff7c77b23497): гриф
[14:58:13] GOLDENDUSST (a0ee3527-abbd-3f28-bd2e-ff7c77b23497): топ 10 грифов 7 место
[14:58:31] Bradly378 (9ab93dfb-1454-3bb1-b47f-700f714534a9): ты деревню лутал эту?
[14:58:36] Bradly378 (9ab93dfb-1454-3bb1-b47f-700f714534a9): ты деревню лутал эту?
[14:58:46] GOLDENDUSST (a0ee3527-abbd-3f28-bd2e-ff7c77b23497): Какую
[14:58:52] GOLDENDUSST (a0ee3527-abbd-3f28-bd2e-ff7c77b23497): Саванную?
[14:58:55] Bradly378 (9ab93dfb-1454-3bb1-b47f-700f714534a9): да
[14:58:58] Bradly378 (9ab93dfb-1454-3bb1-b47f-700f714534a9): да
[14:59:18] GOLDENDUSST (a0ee3527-abbd-3f28-bd2e-ff7c77b23497): да
[14:59:59] Bradly378 (9ab93dfb-1454-3bb1-b47f-700f714534a9): ну шо секс
[15:00:05] GOLDENDUSST (a0ee3527-abbd-3f28-bd2e-ff7c77b23497): нееееет
[15:01:45] Bradly378 (9ab93dfb-1454-3bb1-b47f-700f714534a9): уф канчаю
[15:03:10] Bradly378 (9ab93dfb-1454-3bb1-b47f-700f714534a9): я не изверг
[15:03:40] GOLDENDUSST (a0ee3527-abbd-3f28-bd2e-ff7c77b23497): Ты используешь меня как вещь
[15:03:46] GOLDENDUSST (a0ee3527-abbd-3f28-bd2e-ff7c77b23497): я не секс игрушка
[15:03:55] GOLDENDUSST (a0ee3527-abbd-3f28-bd2e-ff7c77b23497): пожалуйста прекрати ебаный свингер
[15:03:57] Bradly378 (9ab93dfb-1454-3bb1-b47f-700f714534a9): потому что ты мой fuking slave
[15:04:05] Bradly378 (9ab93dfb-1454-3bb1-b47f-700f714534a9): ооо....
[15:04:19] Bradly378 (9ab93dfb-1454-3bb1-b47f-700f714534a9): эта даже на сфингер не пахожа тут от него 5%
[15:04:35] GOLDENDUSST (a0ee3527-abbd-3f28-bd2e-ff7c77b23497): Big negro dick
[15:04:54] GOLDENDUSST (a0ee3527-abbd-3f28-bd2e-ff7c77b23497): C u m стекает
[15:04:56] Bradly378 (9ab93dfb-1454-3bb1-b47f-700f714534a9): oh fuking cumming
[15:05:25] GOLDENDUSST (a0ee3527-abbd-3f28-bd2e-ff7c77b23497): Попуск
[15:05:39] Bradly378 (9ab93dfb-1454-3bb1-b47f-700f714534a9): уверен у меня в инвентаре 17 алм
[15:05:47] Bradly378 (9ab93dfb-1454-3bb1-b47f-700f714534a9): ща топор и броню сделаю и попущу
[15:05:58] GOLDENDUSST (a0ee3527-abbd-3f28-bd2e-ff7c77b23497): Ооо ща залутаю попуска
[15:06:41] GOLDENDUSST (a0ee3527-abbd-3f28-bd2e-ff7c77b23497): Верни меня в тот лес
[15:06:49] GOLDENDUSST (a0ee3527-abbd-3f28-bd2e-ff7c77b23497): где я поджигал деревья
[15:08:42] Bradly378 (9ab93dfb-1454-3bb1-b47f-700f714534a9): ...
[15:08:49] Bradly378 (9ab93dfb-1454-3bb1-b47f-700f714534a9): неуспев на воду
[15:08:56] GOLDENDUSST (a0ee3527-abbd-3f28-bd2e-ff7c77b23497): Лix
[15:09:04] Bradly378 (9ab93dfb-1454-3bb1-b47f-700f714534a9): во ты пидр на бэбре умеешь ватер дроп
[15:09:09] Bradly378 (9ab93dfb-1454-3bb1-b47f-700f714534a9): я тебя не дооценил
[15:09:29] GOLDENDUSST (a0ee3527-abbd-3f28-bd2e-ff7c77b23497): Tp
[15:09:36] Bradly378 (9ab93dfb-1454-3bb1-b47f-700f714534a9): мои вещи заслуженно твои
[15:09:39] Bradly378 (9ab93dfb-1454-3bb1-b47f-700f714534a9): ты заслужил
[15:09:57] GOLDENDUSST (a0ee3527-abbd-3f28-bd2e-ff7c77b23497): Нет спс
[15:10:08] Bradly378 (9ab93dfb-1454-3bb1-b47f-700f714534a9): мой подарочек моему любимому Fuking slave
[15:39:57] NightVizer (baecb933-9897-3b35-86a3-c2c9dd1004dd): кто нибудь сдесь админ?
[15:40:12] NightVizer (baecb933-9897-3b35-86a3-c2c9dd1004dd): кто-нибудь сдесь админ?
