[06:05:48] RunishYT (deb2ebb7-8562-3728-8ba8-ec800da9360c): ащалели
[06:05:49] GOLDENDUSST (a0ee3527-abbd-3f28-bd2e-ff7c77b23497): Ухади ухади ухади
[06:05:49] GOLDENDUSST (a0ee3527-abbd-3f28-bd2e-ff7c77b23497): Ухади ухади ухади
[06:05:50] GOLDENDUSST (a0ee3527-abbd-3f28-bd2e-ff7c77b23497): Ухади ухади ухади
[06:05:51] GOLDENDUSST (a0ee3527-abbd-3f28-bd2e-ff7c77b23497): Ухади ухади ухади
[06:05:52] GOLDENDUSST (a0ee3527-abbd-3f28-bd2e-ff7c77b23497): Ухади ухади ухади
[06:05:53] GOLDENDUSST (a0ee3527-abbd-3f28-bd2e-ff7c77b23497): Ухади ухади ухади
[06:05:54] GOLDENDUSST (a0ee3527-abbd-3f28-bd2e-ff7c77b23497): Ухади ухади ухади
[06:05:56] GOLDENDUSST (a0ee3527-abbd-3f28-bd2e-ff7c77b23497): Ухади ухади ухади
[06:05:56] GOLDENDUSST (a0ee3527-abbd-3f28-bd2e-ff7c77b23497): Ухади ухади ухади
[06:05:56] GOLDENDUSST (a0ee3527-abbd-3f28-bd2e-ff7c77b23497): Ухади ухади ухади
[06:05:57] GOLDENDUSST (a0ee3527-abbd-3f28-bd2e-ff7c77b23497): Ухади ухади ухади
[06:05:58] GOLDENDUSST (a0ee3527-abbd-3f28-bd2e-ff7c77b23497): Ухади ухади ухади
[06:05:58] GOLDENDUSST (a0ee3527-abbd-3f28-bd2e-ff7c77b23497): Ухади ухади ухади
[06:05:58] GOLDENDUSST (a0ee3527-abbd-3f28-bd2e-ff7c77b23497): Ухади ухади ухади
[06:05:59] GOLDENDUSST (a0ee3527-abbd-3f28-bd2e-ff7c77b23497): Ухади ухади ухади
[06:05:59] GOLDENDUSST (a0ee3527-abbd-3f28-bd2e-ff7c77b23497): Ухади ухади ухади
[06:06:00] GOLDENDUSST (a0ee3527-abbd-3f28-bd2e-ff7c77b23497): Ухади ухади ухади
[06:06:00] GOLDENDUSST (a0ee3527-abbd-3f28-bd2e-ff7c77b23497): Ухади ухади ухади
[06:06:01] GOLDENDUSST (a0ee3527-abbd-3f28-bd2e-ff7c77b23497): Ухади ухади ухади
[06:06:01] ItsFartunaRu (87aa0b4c-629f-3cae-a9c4-787ca2fa3e21): заткнись недостойный
[06:06:02] GOLDENDUSST (a0ee3527-abbd-3f28-bd2e-ff7c77b23497): Ухади ухади ухади
[06:06:02] GOLDENDUSST (a0ee3527-abbd-3f28-bd2e-ff7c77b23497): Ухади ухади ухади
[06:06:04] GOLDENDUSST (a0ee3527-abbd-3f28-bd2e-ff7c77b23497): Ухади ухади ухади
[06:06:04] GOLDENDUSST (a0ee3527-abbd-3f28-bd2e-ff7c77b23497): Ухади ухади ухади
[06:06:05] GOLDENDUSST (a0ee3527-abbd-3f28-bd2e-ff7c77b23497): Ухади ухади ухади
[06:06:05] GOLDENDUSST (a0ee3527-abbd-3f28-bd2e-ff7c77b23497): Ухади ухади ухади
[06:06:05] GOLDENDUSST (a0ee3527-abbd-3f28-bd2e-ff7c77b23497): Ухади ухади ухади
[06:06:06] GOLDENDUSST (a0ee3527-abbd-3f28-bd2e-ff7c77b23497): Ухади ухади ухади
[06:06:08] RunishYT (deb2ebb7-8562-3728-8ba8-ec800da9360c): спустя 3 недели после нас строить свои фермы рейдов
[06:06:19] RunishYT (deb2ebb7-8562-3728-8ba8-ec800da9360c): ахуеннен
[06:06:23] ItsFartunaRu (87aa0b4c-629f-3cae-a9c4-787ca2fa3e21): ты еблан?
[06:06:34] RunishYT (deb2ebb7-8562-3728-8ba8-ec800da9360c): его за спам кикнуло
[06:06:39] ItsFartunaRu (87aa0b4c-629f-3cae-a9c4-787ca2fa3e21): сук умри нахуй дегенерат с тем что тебя порадило
[06:06:44] GOLDENDUSST (a0ee3527-abbd-3f28-bd2e-ff7c77b23497): Бля кикнуло за спам
[06:13:47] ZAXAR1000 (48fa848d-9d79-373d-9cb1-c50d5b916c88): кто сможет принести ведро с молоком на спавн ?
[06:13:56] ItsFartunaRu (87aa0b4c-629f-3cae-a9c4-787ca2fa3e21): руина
[06:14:00] RunishYT (deb2ebb7-8562-3728-8ba8-ec800da9360c): эксрен
[06:14:15] GOLDENDUSST (a0ee3527-abbd-3f28-bd2e-ff7c77b23497): Доска не сможет
[06:14:28] RunishYT (deb2ebb7-8562-3728-8ba8-ec800da9360c): бан навсегда
[06:14:53] GOLDENDUSST (a0ee3527-abbd-3f28-bd2e-ff7c77b23497): Хотя ты можешь сделать спидран по рождению ребёнка и тогда ведро молока скорей всего будет
[06:15:07] ZAXAR1000 (48fa848d-9d79-373d-9cb1-c50d5b916c88): ага
[06:15:15] ItsFartunaRu (87aa0b4c-629f-3cae-a9c4-787ca2fa3e21): дегенератус
[06:17:15] GOLDENDUSST (a0ee3527-abbd-3f28-bd2e-ff7c77b23497): Молоко ещё нужно?
[06:17:20] ZAXAR1000 (48fa848d-9d79-373d-9cb1-c50d5b916c88): да
[06:17:35] GOLDENDUSST (a0ee3527-abbd-3f28-bd2e-ff7c77b23497): У тебя дурное знамя?
[06:17:40] ZAXAR1000 (48fa848d-9d79-373d-9cb1-c50d5b916c88): да
[06:18:38] ItsFartunaRu (87aa0b4c-629f-3cae-a9c4-787ca2fa3e21): голд у тебя какой лвл
[06:18:46] GOLDENDUSST (a0ee3527-abbd-3f28-bd2e-ff7c77b23497): 7
[06:18:53] ItsFartunaRu (87aa0b4c-629f-3cae-a9c4-787ca2fa3e21): ну и лох
[06:19:08] GOLDENDUSST (a0ee3527-abbd-3f28-bd2e-ff7c77b23497): Бля у меня 12 слёз я кристал могу скрафтить
[06:19:14] ItsFartunaRu (87aa0b4c-629f-3cae-a9c4-787ca2fa3e21): ок
[06:19:28] RunishYT (deb2ebb7-8562-3728-8ba8-ec800da9360c): наноиксандер момент
[06:19:44] ItsFartunaRu (87aa0b4c-629f-3cae-a9c4-787ca2fa3e21): да ваще
[06:20:13] GOLDENDUSST (a0ee3527-abbd-3f28-bd2e-ff7c77b23497): Жди
[06:20:21] GOLDENDUSST (a0ee3527-abbd-3f28-bd2e-ff7c77b23497): Я несу
[06:20:29] RunishYT (deb2ebb7-8562-3728-8ba8-ec800da9360c): наноиксандер момент
[06:20:38] ItsFartunaRu (87aa0b4c-629f-3cae-a9c4-787ca2fa3e21): несёт отца
[06:20:45] RunishYT (deb2ebb7-8562-3728-8ba8-ec800da9360c): наноиксандер сервер анархии
[06:20:48] GOLDENDUSST (a0ee3527-abbd-3f28-bd2e-ff7c77b23497): Сына еблан
[06:20:52] ItsFartunaRu (87aa0b4c-629f-3cae-a9c4-787ca2fa3e21): биля
[06:21:23] ZAXAR1000 (48fa848d-9d79-373d-9cb1-c50d5b916c88): спасибо
[06:21:41] GOLDENDUSST (a0ee3527-abbd-3f28-bd2e-ff7c77b23497): Бля ты не прочитал название там было написано ведро с спермой
[06:21:50] ZAXAR1000 (48fa848d-9d79-373d-9cb1-c50d5b916c88): оооооо
[06:21:57] ZAXAR1000 (48fa848d-9d79-373d-9cb1-c50d5b916c88): скоро дети
[06:22:01] ZAXAR1000 (48fa848d-9d79-373d-9cb1-c50d5b916c88): жди
[06:22:05] GOLDENDUSST (a0ee3527-abbd-3f28-bd2e-ff7c77b23497): +белок
[06:22:08] GOLDENDUSST (a0ee3527-abbd-3f28-bd2e-ff7c77b23497): Жду
[06:22:10] RunishYT (deb2ebb7-8562-3728-8ba8-ec800da9360c): туда его
[06:22:24] ItsFartunaRu (87aa0b4c-629f-3cae-a9c4-787ca2fa3e21): отца?
[06:22:32] GOLDENDUSST (a0ee3527-abbd-3f28-bd2e-ff7c77b23497): Пж роди мне сына, просто кайфовать хочью
[06:22:39] ItsFartunaRu (87aa0b4c-629f-3cae-a9c4-787ca2fa3e21): дочь
[06:23:08] RunishYT (deb2ebb7-8562-3728-8ba8-ec800da9360c): ахуеть
[06:23:13] RunishYT (deb2ebb7-8562-3728-8ba8-ec800da9360c): музыкальные блоки
[06:23:16] RunishYT (deb2ebb7-8562-3728-8ba8-ec800da9360c): в аду
[06:25:07] RunishYT (deb2ebb7-8562-3728-8ba8-ec800da9360c): майнкрафт за 8 минут проходят а на наноиксандер за месяц не могут пройти
[06:25:23] ItsFartunaRu (87aa0b4c-629f-3cae-a9c4-787ca2fa3e21): глупый нано
[06:25:39] RunishYT (deb2ebb7-8562-3728-8ba8-ec800da9360c): может бить ти тупой?
[06:25:44] ItsFartunaRu (87aa0b4c-629f-3cae-a9c4-787ca2fa3e21): отец твой
[06:25:57] RunishYT (deb2ebb7-8562-3728-8ba8-ec800da9360c): агро шкила
[06:29:08] ItsFartunaRu (87aa0b4c-629f-3cae-a9c4-787ca2fa3e21): ура автосорт почти готова
[06:30:35] RunishYT (deb2ebb7-8562-3728-8ba8-ec800da9360c): фартук ебалай строй базар
[06:30:54] ItsFartunaRu (87aa0b4c-629f-3cae-a9c4-787ca2fa3e21): нахуя
[06:31:10] RunishYT (deb2ebb7-8562-3728-8ba8-ec800da9360c): дэньги дэньги дэньги
[06:31:21] ItsFartunaRu (87aa0b4c-629f-3cae-a9c4-787ca2fa3e21): шок заработок на отце руиниша
[06:31:35] RunishYT (deb2ebb7-8562-3728-8ba8-ec800da9360c): чтобы за дэньги дэньги дэньги покупать у меня эллеев
[06:33:04] RunishYT (deb2ebb7-8562-3728-8ba8-ec800da9360c): ладно фартук пиздуй строить базар
[06:33:12] ItsFartunaRu (87aa0b4c-629f-3cae-a9c4-787ca2fa3e21): уебан я сортировку делаю
[06:33:29] ItsFartunaRu (87aa0b4c-629f-3cae-a9c4-787ca2fa3e21): и мне кароче лень я пошёл поем
[06:33:42] RunishYT (deb2ebb7-8562-3728-8ba8-ec800da9360c): жиробас
[07:46:01] RunishYT (deb2ebb7-8562-3728-8ba8-ec800da9360c): фартук жирная скатина
[07:46:09] ItsFartunaRu (87aa0b4c-629f-3cae-a9c4-787ca2fa3e21): еблан я тебя отхуярю
[07:46:20] RunishYT (deb2ebb7-8562-3728-8ba8-ec800da9360c): жиробасина
[07:46:21] GOLDENDUSST (a0ee3527-abbd-3f28-bd2e-ff7c77b23497): Жирный пидораз
[07:46:27] ItsFartunaRu (87aa0b4c-629f-3cae-a9c4-787ca2fa3e21): схуяли
[07:46:32] GOLDENDUSST (a0ee3527-abbd-3f28-bd2e-ff7c77b23497): Иди блят бегай
[07:46:51] ItsFartunaRu (87aa0b4c-629f-3cae-a9c4-787ca2fa3e21): 38-40 кг в 15 оцени
[07:47:05] GOLDENDUSST (a0ee3527-abbd-3f28-bd2e-ff7c77b23497): 40 ровно оцени
[07:47:08] RunishYT (deb2ebb7-8562-3728-8ba8-ec800da9360c): блять а размером 140
[07:47:09] GOLDENDUSST (a0ee3527-abbd-3f28-bd2e-ff7c77b23497): Лет
[07:47:16] GOLDENDUSST (a0ee3527-abbd-3f28-bd2e-ff7c77b23497): 160
[07:47:20] ItsFartunaRu (87aa0b4c-629f-3cae-a9c4-787ca2fa3e21): жоска
[07:47:30] GOLDENDUSST (a0ee3527-abbd-3f28-bd2e-ff7c77b23497): Худею
[07:47:32] RunishYT (deb2ebb7-8562-3728-8ba8-ec800da9360c): лилипуты обоссаные
[07:47:44] GOLDENDUSST (a0ee3527-abbd-3f28-bd2e-ff7c77b23497): Пашёл нахуй узбек
[07:47:50] RunishYT (deb2ebb7-8562-3728-8ba8-ec800da9360c): 169 см
[07:47:53] ItsFartunaRu (87aa0b4c-629f-3cae-a9c4-787ca2fa3e21): хуя
[07:47:58] ItsFartunaRu (87aa0b4c-629f-3cae-a9c4-787ca2fa3e21): у тебя в жопе
[07:48:06] GOLDENDUSST (a0ee3527-abbd-3f28-bd2e-ff7c77b23497): Татар узбек русский чеченец но всё-таки ты чурка
[07:48:10] RunishYT (deb2ebb7-8562-3728-8ba8-ec800da9360c): последние 2 цифры мне нравятся кста
[07:48:54] RunishYT (deb2ebb7-8562-3728-8ba8-ec800da9360c): фартук каков у тебя рост?
[10:56:35] RunishYT (deb2ebb7-8562-3728-8ba8-ec800da9360c): гоу строить особняк Дио
[10:56:52] GOLDENDUSST (a0ee3527-abbd-3f28-bd2e-ff7c77b23497): Пашла нахуй
[10:57:00] RunishYT (deb2ebb7-8562-3728-8ba8-ec800da9360c): :(
[10:57:08] RunishYT (deb2ebb7-8562-3728-8ba8-ec800da9360c): ладно
[10:57:15] RunishYT (deb2ebb7-8562-3728-8ba8-ec800da9360c): я сделаю это сам
[10:57:37] RunishYT (deb2ebb7-8562-3728-8ba8-ec800da9360c): ща открою гугл посмотрю как он выглядит
[10:57:49] RunishYT (deb2ebb7-8562-3728-8ba8-ec800da9360c): он из терракоты
[10:58:05] RunishYT (deb2ebb7-8562-3728-8ba8-ec800da9360c): помнишь корды мезы??
[10:59:21] RunishYT (deb2ebb7-8562-3728-8ba8-ec800da9360c): дай 2 шалкера
[10:59:42] GOLDENDUSST (a0ee3527-abbd-3f28-bd2e-ff7c77b23497): Еблан у тебя свои етсь
[10:59:49] RunishYT (deb2ebb7-8562-3728-8ba8-ec800da9360c): все полные
[11:00:01] RunishYT (deb2ebb7-8562-3728-8ba8-ec800da9360c): панцири были в черном
[11:00:01] GOLDENDUSST (a0ee3527-abbd-3f28-bd2e-ff7c77b23497): Я про панцири
[11:00:05] RunishYT (deb2ebb7-8562-3728-8ba8-ec800da9360c): который я проебал
[11:00:38] RunishYT (deb2ebb7-8562-3728-8ba8-ec800da9360c): а все ненадо
[11:00:43] RunishYT (deb2ebb7-8562-3728-8ba8-ec800da9360c): только один
[11:00:48] RunishYT (deb2ebb7-8562-3728-8ba8-ec800da9360c): я один нашел
[11:01:41] RunishYT (deb2ebb7-8562-3728-8ba8-ec800da9360c): ты гдэ?
[11:04:18] RunishYT (deb2ebb7-8562-3728-8ba8-ec800da9360c): ты гдэ?
[11:05:06] RunishYT (deb2ebb7-8562-3728-8ba8-ec800da9360c): Вова
[11:05:08] RunishYT (deb2ebb7-8562-3728-8ba8-ec800da9360c): блять
[11:06:24] RunishYT (deb2ebb7-8562-3728-8ba8-ec800da9360c): все заебал я ухожу
[11:26:24] RunishYT (deb2ebb7-8562-3728-8ba8-ec800da9360c): Вова у тебя было
[11:26:34] RunishYT (deb2ebb7-8562-3728-8ba8-ec800da9360c): Вова у тебя было много песка?
[11:26:35] GOLDENDUSST (a0ee3527-abbd-3f28-bd2e-ff7c77b23497): Да
[11:26:40] GOLDENDUSST (a0ee3527-abbd-3f28-bd2e-ff7c77b23497): А нет
[11:26:44] RunishYT (deb2ebb7-8562-3728-8ba8-ec800da9360c): бля
[11:26:48] GOLDENDUSST (a0ee3527-abbd-3f28-bd2e-ff7c77b23497): Я думла ты про секс
[11:30:12] RunishYT (deb2ebb7-8562-3728-8ba8-ec800da9360c): срите
[11:30:15] RunishYT (deb2ebb7-8562-3728-8ba8-ec800da9360c): ой спите
[11:30:35] RunishYT (deb2ebb7-8562-3728-8ba8-ec800da9360c): раб
[11:34:07] GOLDENDUSST (a0ee3527-abbd-3f28-bd2e-ff7c77b23497): Руслан твои родители случайно не шахтёры?
[11:34:16] RunishYT (deb2ebb7-8562-3728-8ba8-ec800da9360c): да
[11:34:33] GOLDENDUSST (a0ee3527-abbd-3f28-bd2e-ff7c77b23497): Понятно почему у них такой уголь
[11:34:40] RunishYT (deb2ebb7-8562-3728-8ba8-ec800da9360c): ащалел
[11:34:54] GOLDENDUSST (a0ee3527-abbd-3f28-bd2e-ff7c77b23497): Иди работай негр
[11:35:11] RunishYT (deb2ebb7-8562-3728-8ba8-ec800da9360c): я песчаник коеаю для особняка ДЫОООО
[11:35:32] GOLDENDUSST (a0ee3527-abbd-3f28-bd2e-ff7c77b23497): Ты сказал Дыо?!?!?!
[11:35:51] RunishYT (deb2ebb7-8562-3728-8ba8-ec800da9360c): пустыня настолько гигансткая что ее игроки всего сервера раскопать не смогут
[11:36:12] RunishYT (deb2ebb7-8562-3728-8ba8-ec800da9360c): надо в мезе америку построить
[11:39:13] RunishYT (deb2ebb7-8562-3728-8ba8-ec800da9360c): если я построю дом дио у меня будет 3 раба?
[11:39:25] RunishYT (deb2ebb7-8562-3728-8ba8-ec800da9360c): и дворецкий геймер?
[11:41:03] GOLDENDUSST (a0ee3527-abbd-3f28-bd2e-ff7c77b23497): Нет
[11:41:25] RunishYT (deb2ebb7-8562-3728-8ba8-ec800da9360c): :(
[11:41:56] RunishYT (deb2ebb7-8562-3728-8ba8-ec800da9360c): Голдендасст котак
[11:42:00] GOLDENDUSST (a0ee3527-abbd-3f28-bd2e-ff7c77b23497): А нахуй ты песок копаешь если у меня 20 стаков
[11:42:05] GOLDENDUSST (a0ee3527-abbd-3f28-bd2e-ff7c77b23497): Ахуел
[11:42:09] RunishYT (deb2ebb7-8562-3728-8ba8-ec800da9360c): я песчаник копаю
[11:42:12] RunishYT (deb2ebb7-8562-3728-8ba8-ec800da9360c): ты азуел
[11:42:15] RunishYT (deb2ebb7-8562-3728-8ba8-ec800da9360c): ахуел
[11:42:20] RunishYT (deb2ebb7-8562-3728-8ba8-ec800da9360c): ты же сказал у тебя нету
[11:43:01] GOLDENDUSST (a0ee3527-abbd-3f28-bd2e-ff7c77b23497): Как говорил Олег Тиньков: Я разобью тебе ебало
[11:43:12] RunishYT (deb2ebb7-8562-3728-8ba8-ec800da9360c): хохо
[11:43:35] RunishYT (deb2ebb7-8562-3728-8ba8-ec800da9360c): Если ты хочешь умереть поднимись на две ствпеньки вверх
[11:43:48] RunishYT (deb2ebb7-8562-3728-8ba8-ec800da9360c): если же ты хочеш стать моей подстилкой
[11:43:57] RunishYT (deb2ebb7-8562-3728-8ba8-ec800da9360c): опустись на две ступени вниз
[11:44:26] GOLDENDUSST (a0ee3527-abbd-3f28-bd2e-ff7c77b23497): Ок войду через окно второго этажа
[11:44:45] RunishYT (deb2ebb7-8562-3728-8ba8-ec800da9360c): Хэнкали Хэнкали
[11:44:50] RunishYT (deb2ebb7-8562-3728-8ba8-ec800da9360c): Будешь?
[11:45:00] GOLDENDUSST (a0ee3527-abbd-3f28-bd2e-ff7c77b23497): Не хуета
[11:45:12] RunishYT (deb2ebb7-8562-3728-8ba8-ec800da9360c): это пельмени но только больше
[11:45:13] GOLDENDUSST (a0ee3527-abbd-3f28-bd2e-ff7c77b23497): Те же манты только с бульёном
[11:54:32] RunishYT (deb2ebb7-8562-3728-8ba8-ec800da9360c): как получить опку на сервере наноиксандер?
[11:54:42] RunishYT (deb2ebb7-8562-3728-8ba8-ec800da9360c): блять
[11:54:52] RunishYT (deb2ebb7-8562-3728-8ba8-ec800da9360c): съеби с серва нуб
[11:55:05] GOLDENDUSST (a0ee3527-abbd-3f28-bd2e-ff7c77b23497): В моей попке тебе придётся постараться чтобы их получить
[11:55:17] RunishYT (deb2ebb7-8562-3728-8ba8-ec800da9360c): фистинг эйнал
[11:55:30] RunishYT (deb2ebb7-8562-3728-8ba8-ec800da9360c): ноу гомо
[11:55:47] GOLDENDUSST (a0ee3527-abbd-3f28-bd2e-ff7c77b23497): Экстренный навык рукахуй
[11:55:49] RunishYT (deb2ebb7-8562-3728-8ba8-ec800da9360c): ну все пидараз я тебе звоню щас будем разбиратся сучка
[11:55:56] GOLDENDUSST (a0ee3527-abbd-3f28-bd2e-ff7c77b23497): Не нада
[11:56:07] RunishYT (deb2ebb7-8562-3728-8ba8-ec800da9360c): блять я звоню сука тебе пидар ебанный
[11:56:16] GOLDENDUSST (a0ee3527-abbd-3f28-bd2e-ff7c77b23497): Мама рядом меня отпиздит за то что ты материшся
[11:56:19] RunishYT (deb2ebb7-8562-3728-8ba8-ec800da9360c): все блять сука жди меня сыр
[11:56:40] RunishYT (deb2ebb7-8562-3728-8ba8-ec800da9360c): я не матерюсь сучка вонючая пидар
[11:56:42] RunishYT (deb2ebb7-8562-3728-8ba8-ec800da9360c): блять
[11:58:50] RunishYT (deb2ebb7-8562-3728-8ba8-ec800da9360c): чо без звука?
[12:03:32] RunishYT (deb2ebb7-8562-3728-8ba8-ec800da9360c): сайк лох
[13:46:07] RunishYT (deb2ebb7-8562-3728-8ba8-ec800da9360c): захар пиши сайк что ты спавн построил
[13:46:46] ZAXAR1000 (48fa848d-9d79-373d-9cb1-c50d5b916c88): зачем
[13:46:55] RunishYT (deb2ebb7-8562-3728-8ba8-ec800da9360c): он тебе заплатит
[13:47:19] ZAXAR1000 (48fa848d-9d79-373d-9cb1-c50d5b916c88): я чёрный работаю за спасибо
[13:47:26] RunishYT (deb2ebb7-8562-3728-8ba8-ec800da9360c): харош
[13:47:31] ZAXAR1000 (48fa848d-9d79-373d-9cb1-c50d5b916c88): :)
[13:47:32] RunishYT (deb2ebb7-8562-3728-8ba8-ec800da9360c): тогда деньги мне
[13:47:44] GOLDENDUSST (a0ee3527-abbd-3f28-bd2e-ff7c77b23497): За ведро спермы которым я тебя вчера вознаградил
[13:47:56] ZAXAR1000 (48fa848d-9d79-373d-9cb1-c50d5b916c88): ага
[14:02:28] GOLDENDUSST (a0ee3527-abbd-3f28-bd2e-ff7c77b23497): Анал, трансы, большой чёрный член, фембой, куколд, публчиный секс и т. д. в моём фанфике
[14:52:23] RunishYT (deb2ebb7-8562-3728-8ba8-ec800da9360c): прив Хесус
[14:52:29] GOLDENDUSST (a0ee3527-abbd-3f28-bd2e-ff7c77b23497): Corwin ты любишь снюс?
[14:52:35] Corwin4_ (09de6106-0819-3ca8-9b4c-af9ec585b9e9): -
[14:52:55] GOLDENDUSST (a0ee3527-abbd-3f28-bd2e-ff7c77b23497): Я думал твой ник пародия на Corvus это снюс
[14:54:10] ZAXAR1000 (48fa848d-9d79-373d-9cb1-c50d5b916c88): Сorwin4 бойся тибя скоро вкинут
[14:54:24] GOLDENDUSST (a0ee3527-abbd-3f28-bd2e-ff7c77b23497): С моста
[14:54:34] GOLDENDUSST (a0ee3527-abbd-3f28-bd2e-ff7c77b23497): С семьи
[14:54:36] ZAXAR1000 (48fa848d-9d79-373d-9cb1-c50d5b916c88): хахахахах
[14:54:38] GOLDENDUSST (a0ee3527-abbd-3f28-bd2e-ff7c77b23497): В детдом
[14:54:38] RunishYT (deb2ebb7-8562-3728-8ba8-ec800da9360c): и камнем вниииз с крыши домааа
[14:54:56] GOLDENDUSST (a0ee3527-abbd-3f28-bd2e-ff7c77b23497): Тко банан
[14:55:04] RunishYT (deb2ebb7-8562-3728-8ba8-ec800da9360c): ты банан?
[14:55:18] RunishYT (deb2ebb7-8562-3728-8ba8-ec800da9360c): захар
[14:55:30] ZAXAR1000 (48fa848d-9d79-373d-9cb1-c50d5b916c88): банан мой друг
[14:55:35] RunishYT (deb2ebb7-8562-3728-8ba8-ec800da9360c): ясно
[14:55:48] GOLDENDUSST (a0ee3527-abbd-3f28-bd2e-ff7c77b23497): Банан в моей попе
[14:55:58] ZAXAR1000 (48fa848d-9d79-373d-9cb1-c50d5b916c88): оооо
[14:56:03] GOLDENDUSST (a0ee3527-abbd-3f28-bd2e-ff7c77b23497): Всмысле не человек
[14:56:05] RunishYT (deb2ebb7-8562-3728-8ba8-ec800da9360c): ммм банан в шоколаде
[14:56:14] GOLDENDUSST (a0ee3527-abbd-3f28-bd2e-ff7c77b23497): А фрукт
[14:56:22] RunishYT (deb2ebb7-8562-3728-8ba8-ec800da9360c): спите блять
[14:56:41] RunishYT (deb2ebb7-8562-3728-8ba8-ec800da9360c): раб
[14:57:03] ZAXAR1000 (48fa848d-9d79-373d-9cb1-c50d5b916c88): чёрный слуга слушает
[14:57:17] RunishYT (deb2ebb7-8562-3728-8ba8-ec800da9360c): построй дом дио
[14:57:38] ZAXAR1000 (48fa848d-9d79-373d-9cb1-c50d5b916c88): немогу у меня нет стэнда
[14:57:43] GOLDENDUSST (a0ee3527-abbd-3f28-bd2e-ff7c77b23497): Короч возьми отбеливатель и станешь человеком
[14:58:08] RunishYT (deb2ebb7-8562-3728-8ba8-ec800da9360c): у меня есть стрела
[14:58:11] GOLDENDUSST (a0ee3527-abbd-3f28-bd2e-ff7c77b23497): Кста сперма отбеливает зубы может и кожу тоже давай попробуем
[14:58:22] ZAXAR1000 (48fa848d-9d79-373d-9cb1-c50d5b916c88): ток не в жопу
[14:58:25] RunishYT (deb2ebb7-8562-3728-8ba8-ec800da9360c): у меня есть золотой фалоимитатор
[14:58:34] RunishYT (deb2ebb7-8562-3728-8ba8-ec800da9360c): он дает стенд
[14:58:57] RunishYT (deb2ebb7-8562-3728-8ba8-ec800da9360c): строй особняк Дио маленький нигерский мальчик
[14:59:11] GOLDENDUSST (a0ee3527-abbd-3f28-bd2e-ff7c77b23497): Бля гений захар ты придумал дешёвую операцию по отбеливанию ануса обчно люди много платят а ты такой раз выебал кончил и отбелил
[14:59:31] RunishYT (deb2ebb7-8562-3728-8ba8-ec800da9360c): Захштейн
[14:59:37] GOLDENDUSST (a0ee3527-abbd-3f28-bd2e-ff7c77b23497): Будим делать бизнес
[14:59:41] ZAXAR1000 (48fa848d-9d79-373d-9cb1-c50d5b916c88): ыыыыыы
[14:59:47] GOLDENDUSST (a0ee3527-abbd-3f28-bd2e-ff7c77b23497): Отбеливать анус детям
[15:00:06] RunishYT (deb2ebb7-8562-3728-8ba8-ec800da9360c): все я строю Особняк Дыыыоооо
[15:00:17] ZAXAR1000 (48fa848d-9d79-373d-9cb1-c50d5b916c88): стоп а это не называется пидофилия
[15:00:29] RunishYT (deb2ebb7-8562-3728-8ba8-ec800da9360c): Захар ты уже проиграл
[15:00:33] RunishYT (deb2ebb7-8562-3728-8ba8-ec800da9360c): я знаю твою слабость
[15:00:34] GOLDENDUSST (a0ee3527-abbd-3f28-bd2e-ff7c77b23497): Чел это в благотворительных целях
[15:00:44] ZAXAR1000 (48fa848d-9d79-373d-9cb1-c50d5b916c88): ааааа
[15:00:45] GOLDENDUSST (a0ee3527-abbd-3f28-bd2e-ff7c77b23497): Так что это помощь
[15:00:45] RunishYT (deb2ebb7-8562-3728-8ba8-ec800da9360c): ведь ни один мусульман не откажется от барана
[15:01:02] RunishYT (deb2ebb7-8562-3728-8ba8-ec800da9360c): а баран заминирован
[15:01:12] ZAXAR1000 (48fa848d-9d79-373d-9cb1-c50d5b916c88): ооооооооо
[15:01:18] RunishYT (deb2ebb7-8562-3728-8ba8-ec800da9360c): ты уже проиграл
[15:01:25] ZAXAR1000 (48fa848d-9d79-373d-9cb1-c50d5b916c88): алаходбар
[15:01:33] GOLDENDUSST (a0ee3527-abbd-3f28-bd2e-ff7c77b23497): Бля
[15:01:45] GOLDENDUSST (a0ee3527-abbd-3f28-bd2e-ff7c77b23497): Не шутите над богами Олимпа пж
[15:02:01] RunishYT (deb2ebb7-8562-3728-8ba8-ec800da9360c): ок
[15:02:26] GOLDENDUSST (a0ee3527-abbd-3f28-bd2e-ff7c77b23497): Я вообщето верю и покланяюсь Одину так тчо не шутите над богами Одимпа пж
[15:02:37] ZAXAR1000 (48fa848d-9d79-373d-9cb1-c50d5b916c88): я вернусь я курить
[15:02:51] RunishYT (deb2ebb7-8562-3728-8ba8-ec800da9360c): с мамой купатся
[15:02:53] RunishYT (deb2ebb7-8562-3728-8ba8-ec800da9360c): ой блять
[15:24:45] ZAXAR1000 (48fa848d-9d79-373d-9cb1-c50d5b916c88): пизда
[15:25:19] ZAXAR1000 (48fa848d-9d79-373d-9cb1-c50d5b916c88): -нэзарка и вше веши
[15:25:26] GOLDENDUSST (a0ee3527-abbd-3f28-bd2e-ff7c77b23497): Как
[15:25:32] RunishYT (deb2ebb7-8562-3728-8ba8-ec800da9360c): купи топочку
[15:26:22] ZAXAR1000 (48fa848d-9d79-373d-9cb1-c50d5b916c88): я курил и ушол в афк на с павне и там меня убили и веши диспавнулись
[15:26:57] GOLDENDUSST (a0ee3527-abbd-3f28-bd2e-ff7c77b23497): Курение вредит
[15:27:06] ZAXAR1000 (48fa848d-9d79-373d-9cb1-c50d5b916c88): ага
[15:27:21] ZAXAR1000 (48fa848d-9d79-373d-9cb1-c50d5b916c88): пиздеч обидно
[15:27:41] GOLDENDUSST (a0ee3527-abbd-3f28-bd2e-ff7c77b23497): Ну же поплач гоблин младший
[15:28:32] ZAXAR1000 (48fa848d-9d79-373d-9cb1-c50d5b916c88): и зоэтого мне хочется кричяь бляяяяяяяяяяяяяяяяяяяяяяяяяяяяяяяяяяяяяяяяяяяяяяяяяяяяяяяяяяяяяяяяяяяяяяяяяяяяяяяять
[15:28:44] GOLDENDUSST (a0ee3527-abbd-3f28-bd2e-ff7c77b23497): Купи топку
[15:28:49] GOLDENDUSST (a0ee3527-abbd-3f28-bd2e-ff7c77b23497): Алмазную
[15:29:05] ZAXAR1000 (48fa848d-9d79-373d-9cb1-c50d5b916c88): мне жалко незэр и элитры
[15:29:16] GOLDENDUSST (a0ee3527-abbd-3f28-bd2e-ff7c77b23497): У меня можно купит
[15:29:26] GOLDENDUSST (a0ee3527-abbd-3f28-bd2e-ff7c77b23497): Я китаец
[15:29:29] ZAXAR1000 (48fa848d-9d79-373d-9cb1-c50d5b916c88): а топка есть у авика
[15:29:42] GOLDENDUSST (a0ee3527-abbd-3f28-bd2e-ff7c77b23497): Элитры есть
[15:29:52] ZAXAR1000 (48fa848d-9d79-373d-9cb1-c50d5b916c88): новерное
[15:30:00] GOLDENDUSST (a0ee3527-abbd-3f28-bd2e-ff7c77b23497): Бля ресы для новичков вот
[15:30:08] GOLDENDUSST (a0ee3527-abbd-3f28-bd2e-ff7c77b23497): сам же оставил
[15:30:24] GOLDENDUSST (a0ee3527-abbd-3f28-bd2e-ff7c77b23497): Дешевле чем фартук продам
[15:30:48] ZAXAR1000 (48fa848d-9d79-373d-9cb1-c50d5b916c88): ладно я пошол плакать в подушку
[16:06:02] RunishYT (deb2ebb7-8562-3728-8ba8-ec800da9360c): Pucci
[16:06:30] GOLDENDUSST (a0ee3527-abbd-3f28-bd2e-ff7c77b23497): Pussy Ernesto
[16:13:44] RunishYT (deb2ebb7-8562-3728-8ba8-ec800da9360c): оооо фартук
[16:14:01] RunishYT (deb2ebb7-8562-3728-8ba8-ec800da9360c): гоу ты будешь моим слуго1 в особняке Дио
[16:14:27] GOLDENDUSST (a0ee3527-abbd-3f28-bd2e-ff7c77b23497): Блять нахуй ты зашёл всё наромально было но нет блять нужно было такому уёбе зайти нахуй ты всем настроение портишь своим присутствием ухади ухади ухади
[16:15:17] ItsFartunaRu (87aa0b4c-629f-3cae-a9c4-787ca2fa3e21): ты уебан да
[16:15:31] ItsFartunaRu (87aa0b4c-629f-3cae-a9c4-787ca2fa3e21): готовь свою эсс для заселения
[16:15:33] RunishYT (deb2ebb7-8562-3728-8ba8-ec800da9360c): гоу ты будешь моим слугой в особняке Дио фартук
[16:15:42] GOLDENDUSST (a0ee3527-abbd-3f28-bd2e-ff7c77b23497): Бля ты сам ответил на свой же вопрос у тебя раздвоение личности?
[16:15:54] ItsFartunaRu (87aa0b4c-629f-3cae-a9c4-787ca2fa3e21): ну ты и дегенерат
[16:15:58] ItsFartunaRu (87aa0b4c-629f-3cae-a9c4-787ca2fa3e21): умри нахуй
[16:16:04] RunishYT (deb2ebb7-8562-3728-8ba8-ec800da9360c): гоу ты будешь моим слугой в особняке Дио фартук
[16:17:22] GOLDENDUSST (a0ee3527-abbd-3f28-bd2e-ff7c77b23497): Спасибо блят хоть что то сделал полезное
[16:38:33] RunishYT (deb2ebb7-8562-3728-8ba8-ec800da9360c): гоу ты будешь моим слугой в особняке Дио фартук
[16:54:29] ItsFartunaRu (87aa0b4c-629f-3cae-a9c4-787ca2fa3e21): чини спавнрейт
[16:55:40] GOLDENDUSST (a0ee3527-abbd-3f28-bd2e-ff7c77b23497): Фартуна я хочью тебя видеть голым в постели
[16:55:48] saikonohack (61d3e846-cfe0-3e5b-b41b-772c1020819e): Я ЩАС ВСЕ СОЖГУ ТУТ НАХУЙ БЛЯТЬ
[16:55:56] GOLDENDUSST (a0ee3527-abbd-3f28-bd2e-ff7c77b23497): Дядядядядядя
[16:55:59] GOLDENDUSST (a0ee3527-abbd-3f28-bd2e-ff7c77b23497): не нада
[16:56:06] GOLDENDUSST (a0ee3527-abbd-3f28-bd2e-ff7c77b23497): Я случайно пёрнул
[16:56:06] saikonohack (61d3e846-cfe0-3e5b-b41b-772c1020819e): ВЫ БЛЯТЬ ЗАЕБАЛИ КНОПКУ СТАВИТЬ
[16:56:36] GOLDENDUSST (a0ee3527-abbd-3f28-bd2e-ff7c77b23497): Кста лук сексрен отобрала когда меня на серве не было
[16:56:47] saikonohack (61d3e846-cfe0-3e5b-b41b-772c1020819e): к ней вопросы
[16:56:54] GOLDENDUSST (a0ee3527-abbd-3f28-bd2e-ff7c77b23497): Биля
[16:57:21] GOLDENDUSST (a0ee3527-abbd-3f28-bd2e-ff7c77b23497): Ладн похуй главное фартуну ебал
[16:57:53] GOLDENDUSST (a0ee3527-abbd-3f28-bd2e-ff7c77b23497): Лечение 17 жителей
[16:57:57] saikonohack (61d3e846-cfe0-3e5b-b41b-772c1020819e): я цыган
[16:58:00] saikonohack (61d3e846-cfe0-3e5b-b41b-772c1020819e): я спиздил коня
[16:58:06] GOLDENDUSST (a0ee3527-abbd-3f28-bd2e-ff7c77b23497): Бил
[16:58:10] GOLDENDUSST (a0ee3527-abbd-3f28-bd2e-ff7c77b23497): Я казах
[16:58:18] GOLDENDUSST (a0ee3527-abbd-3f28-bd2e-ff7c77b23497): Я хотел его съесть
[16:58:18] saikonohack (61d3e846-cfe0-3e5b-b41b-772c1020819e): я мусульман
[17:07:47] GOLDENDUSST (a0ee3527-abbd-3f28-bd2e-ff7c77b23497): Сайко ужин на полу сегодня остатки от мяса
[17:09:58] ItsFartunaRu (87aa0b4c-629f-3cae-a9c4-787ca2fa3e21): сайк покупай майн данженс
[17:10:30] GOLDENDUSST (a0ee3527-abbd-3f28-bd2e-ff7c77b23497): Оцените пинг
[17:10:36] ItsFartunaRu (87aa0b4c-629f-3cae-a9c4-787ca2fa3e21): узбек
[17:16:27] ItsFartunaRu (87aa0b4c-629f-3cae-a9c4-787ca2fa3e21): уйди блять спавнрейт хуйня
[17:16:48] RunishYT (deb2ebb7-8562-3728-8ba8-ec800da9360c): сайк хуле не позвал нас в Башкирию??
[17:16:56] RunishYT (deb2ebb7-8562-3728-8ba8-ec800da9360c): или хотяб бреблю
[17:17:28] ItsFartunaRu (87aa0b4c-629f-3cae-a9c4-787ca2fa3e21): я приказал
[17:17:42] RunishYT (deb2ebb7-8562-3728-8ba8-ec800da9360c): я пиздить железо буду
[17:17:56] RunishYT (deb2ebb7-8562-3728-8ba8-ec800da9360c): мы будем мега юазар строить сайк
[17:18:02] RunishYT (deb2ebb7-8562-3728-8ba8-ec800da9360c): мега базар
[17:18:21] GOLDENDUSST (a0ee3527-abbd-3f28-bd2e-ff7c77b23497): Руниш короч знаешь у меня как твоего опекуна сложная финансовая ситуация и поэтому ты больше не ешь
[17:18:32] RunishYT (deb2ebb7-8562-3728-8ba8-ec800da9360c): ашалел
[17:19:03] GOLDENDUSST (a0ee3527-abbd-3f28-bd2e-ff7c77b23497): Иди налутай мне сырой говядины и барашка
[17:19:25] RunishYT (deb2ebb7-8562-3728-8ba8-ec800da9360c): я строю особняк Дыо
[17:19:29] ItsFartunaRu (87aa0b4c-629f-3cae-a9c4-787ca2fa3e21): похуй
[17:19:31] ItsFartunaRu (87aa0b4c-629f-3cae-a9c4-787ca2fa3e21): ливни
[17:20:20] saikonohack (61d3e846-cfe0-3e5b-b41b-772c1020819e): 5252 ~ 5396
[17:20:32] ItsFartunaRu (87aa0b4c-629f-3cae-a9c4-787ca2fa3e21): руина купи майн даженс
[17:21:53] GOLDENDUSST (a0ee3527-abbd-3f28-bd2e-ff7c77b23497): Уёбак лутай мне барашков и коров
[17:22:06] RunishYT (deb2ebb7-8562-3728-8ba8-ec800da9360c): необязан
[17:22:43] RunishYT (deb2ebb7-8562-3728-8ba8-ec800da9360c): с админом в дс кста
[17:22:48] RunishYT (deb2ebb7-8562-3728-8ba8-ec800da9360c): сайк дай опку
[17:23:00] saikonohack (61d3e846-cfe0-3e5b-b41b-772c1020819e): ban RunishYT
[17:23:01] GOLDENDUSST (a0ee3527-abbd-3f28-bd2e-ff7c77b23497): Скажи ему что ты считаешь его уебаном
[17:23:06] saikonohack (61d3e846-cfe0-3e5b-b41b-772c1020819e): ban RunishYT
[17:23:16] RunishYT (deb2ebb7-8562-3728-8ba8-ec800da9360c): а его
[17:23:24] ItsFartunaRu (87aa0b4c-629f-3cae-a9c4-787ca2fa3e21): тужа
[17:23:26] ItsFartunaRu (87aa0b4c-629f-3cae-a9c4-787ca2fa3e21): туда
[17:24:04] RunishYT (deb2ebb7-8562-3728-8ba8-ec800da9360c): сайк бань фартуну он всех бесит
[17:24:13] GOLDENDUSST (a0ee3527-abbd-3f28-bd2e-ff7c77b23497): +
[17:24:39] ItsFartunaRu (87aa0b4c-629f-3cae-a9c4-787ca2fa3e21): уебан говори корды своей базы
[17:24:44] ItsFartunaRu (87aa0b4c-629f-3cae-a9c4-787ca2fa3e21): заспавнишься в трапке
[17:24:56] GOLDENDUSST (a0ee3527-abbd-3f28-bd2e-ff7c77b23497): Бля я не хочу быть в тебе
[17:25:06] GOLDENDUSST (a0ee3527-abbd-3f28-bd2e-ff7c77b23497): Трап
[17:25:15] saikonohack (61d3e846-cfe0-3e5b-b41b-772c1020819e): :zip:
[17:25:19] RunishYT (deb2ebb7-8562-3728-8ba8-ec800da9360c): да блять завтра
[17:25:24] RunishYT (deb2ebb7-8562-3728-8ba8-ec800da9360c): я строю дом
[17:25:35] GOLDENDUSST (a0ee3527-abbd-3f28-bd2e-ff7c77b23497): еблан я уже нафармил
[17:25:41] GOLDENDUSST (a0ee3527-abbd-3f28-bd2e-ff7c77b23497): хуй тебе а не изумруды
[17:25:48] RunishYT (deb2ebb7-8562-3728-8ba8-ec800da9360c): да ладно чо ты
[17:25:51] RunishYT (deb2ebb7-8562-3728-8ba8-ec800da9360c): алмазес дам
[17:27:24] RunishYT (deb2ebb7-8562-3728-8ba8-ec800da9360c): наконец-то блэт
[17:28:24] RunishYT (deb2ebb7-8562-3728-8ba8-ec800da9360c): Вова дай изумруды хаоса
[17:28:34] GOLDENDUSST (a0ee3527-abbd-3f28-bd2e-ff7c77b23497): Нет лох
[17:29:17] RunishYT (deb2ebb7-8562-3728-8ba8-ec800da9360c): у нас есть его голова
[17:29:30] RunishYT (deb2ebb7-8562-3728-8ba8-ec800da9360c): стак
[17:29:41] RunishYT (deb2ebb7-8562-3728-8ba8-ec800da9360c): Вова гоу за стак алмов голову сайк
[17:32:50] RunishYT (deb2ebb7-8562-3728-8ba8-ec800da9360c): Вова тебя просят вернуть
[17:33:09] GOLDENDUSST (a0ee3527-abbd-3f28-bd2e-ff7c77b23497): Девственность?
[17:33:14] RunishYT (deb2ebb7-8562-3728-8ba8-ec800da9360c): жизнь
[17:33:24] RunishYT (deb2ebb7-8562-3728-8ba8-ec800da9360c): так за сколько продашь голову сайк??
[17:33:28] RunishYT (deb2ebb7-8562-3728-8ba8-ec800da9360c): авику
[17:33:43] GOLDENDUSST (a0ee3527-abbd-3f28-bd2e-ff7c77b23497): Ошибочка вышла я некрофил а не некромант
[17:34:29] RunishYT (deb2ebb7-8562-3728-8ba8-ec800da9360c): уфф туда ее
[17:34:37] RunishYT (deb2ebb7-8562-3728-8ba8-ec800da9360c): Вова он предлагает маяк
[17:34:45] RunishYT (deb2ebb7-8562-3728-8ba8-ec800da9360c): за голову сайк
[17:34:52] GOLDENDUSST (a0ee3527-abbd-3f28-bd2e-ff7c77b23497): Хто
[17:34:57] RunishYT (deb2ebb7-8562-3728-8ba8-ec800da9360c): авик
[17:35:09] RunishYT (deb2ebb7-8562-3728-8ba8-ec800da9360c): с сексрен маяк выбил чиста
[17:35:18] RunishYT (deb2ebb7-8562-3728-8ba8-ec800da9360c): на пвп попустил
[17:35:23] GOLDENDUSST (a0ee3527-abbd-3f28-bd2e-ff7c77b23497): Бля когда зайдёт мы его будем крлять до тех пор пока он нас не кикнет или не забанит
[17:35:37] RunishYT (deb2ebb7-8562-3728-8ba8-ec800da9360c): у нас же была
[17:35:40] RunishYT (deb2ebb7-8562-3728-8ba8-ec800da9360c): ты же сосал
[17:35:48] GOLDENDUSST (a0ee3527-abbd-3f28-bd2e-ff7c77b23497): Чё сосал
[17:35:59] RunishYT (deb2ebb7-8562-3728-8ba8-ec800da9360c): кукле сайк
[17:36:08] GOLDENDUSST (a0ee3527-abbd-3f28-bd2e-ff7c77b23497): Ээээ
[17:36:15] GOLDENDUSST (a0ee3527-abbd-3f28-bd2e-ff7c77b23497): Не пал
[17:36:20] GOLDENDUSST (a0ee3527-abbd-3f28-bd2e-ff7c77b23497): Не плаи
[17:36:34] RunishYT (deb2ebb7-8562-3728-8ba8-ec800da9360c): писать научись узбег
[17:36:48] RunishYT (deb2ebb7-8562-3728-8ba8-ec800da9360c): мымра ебанная
[17:37:26] GOLDENDUSST (a0ee3527-abbd-3f28-bd2e-ff7c77b23497): Руниш короч жри мясо
[17:37:31] GOLDENDUSST (a0ee3527-abbd-3f28-bd2e-ff7c77b23497): Иди
[17:37:34] RunishYT (deb2ebb7-8562-3728-8ba8-ec800da9360c): у каждого клана есть свой одмин
[17:37:35] GOLDENDUSST (a0ee3527-abbd-3f28-bd2e-ff7c77b23497): Сюда
[17:37:41] RunishYT (deb2ebb7-8562-3728-8ba8-ec800da9360c): блять
[17:37:43] RunishYT (deb2ebb7-8562-3728-8ba8-ec800da9360c): заебал
[17:37:45] RunishYT (deb2ebb7-8562-3728-8ba8-ec800da9360c): иду
[17:38:14] RunishYT (deb2ebb7-8562-3728-8ba8-ec800da9360c): у асаши мару ексрен
[17:38:15] AviKgolD1 (fe9f4036-69b5-38be-a9c3-1d860d8c4398): когда следующий фф а то опять хочеться купить его за 10 аб
[17:38:21] RunishYT (deb2ebb7-8562-3728-8ba8-ec800da9360c): у нас сайк и бребл
[17:38:38] RunishYT (deb2ebb7-8562-3728-8ba8-ec800da9360c): наши одмены сайк и бредли
[17:38:43] RunishYT (deb2ebb7-8562-3728-8ba8-ec800da9360c): не типо покровитель
[17:39:04] RunishYT (deb2ebb7-8562-3728-8ba8-ec800da9360c): проды не будит
[17:39:12] GOLDENDUSST (a0ee3527-abbd-3f28-bd2e-ff7c77b23497): Фф не будит так как когда не надо вот снихуя делаю что то годное типо постройки и т д
[17:39:26] GOLDENDUSST (a0ee3527-abbd-3f28-bd2e-ff7c77b23497): А если заставлю себя напистаь то говно выйдет
[17:39:30] RunishYT (deb2ebb7-8562-3728-8ba8-ec800da9360c): а когда чо то заставляют хуета
[17:39:35] GOLDENDUSST (a0ee3527-abbd-3f28-bd2e-ff7c77b23497): во
[17:39:43] RunishYT (deb2ebb7-8562-3728-8ba8-ec800da9360c): нихуя блять
[17:40:09] RunishYT (deb2ebb7-8562-3728-8ba8-ec800da9360c): у голда есть документ фф
[17:40:22] RunishYT (deb2ebb7-8562-3728-8ba8-ec800da9360c): блять этим мясом африку накормить можно
[17:40:32] RunishYT (deb2ebb7-8562-3728-8ba8-ec800da9360c): нфт фф продай голд
[17:40:42] GOLDENDUSST (a0ee3527-abbd-3f28-bd2e-ff7c77b23497): Бесплатно будем раздавать
[17:40:50] RunishYT (deb2ebb7-8562-3728-8ba8-ec800da9360c): не за эфиры
[17:41:07] RunishYT (deb2ebb7-8562-3728-8ba8-ec800da9360c): гоу мясо на спэвн
[17:41:25] GOLDENDUSST (a0ee3527-abbd-3f28-bd2e-ff7c77b23497): Ок делай бесплатный сундук с мясом
[17:41:34] RunishYT (deb2ebb7-8562-3728-8ba8-ec800da9360c): короч наебываешь его и убивашь потом голову в шалкер а шалкер спрячь
[17:41:51] RunishYT (deb2ebb7-8562-3728-8ba8-ec800da9360c): ща дострою там чуть чуть осталось
[17:42:24] RunishYT (deb2ebb7-8562-3728-8ba8-ec800da9360c): в шалк чтобы он из энд честа не спиздил
[17:42:59] RunishYT (deb2ebb7-8562-3728-8ba8-ec800da9360c): на границе чанков алмазов дохуя да?
[17:43:08] RunishYT (deb2ebb7-8562-3728-8ba8-ec800da9360c): так вот как фартук столько копает
[17:45:39] RunishYT (deb2ebb7-8562-3728-8ba8-ec800da9360c): сексрен лошара
[17:45:50] RunishYT (deb2ebb7-8562-3728-8ba8-ec800da9360c): сексрен не бань
[17:49:56] RunishYT (deb2ebb7-8562-3728-8ba8-ec800da9360c): у нас есть головы фартуны эксрен бредли
[17:50:02] RunishYT (deb2ebb7-8562-3728-8ba8-ec800da9360c): у нас есть головы фартуны эксрен бредли
[17:51:28] RunishYT (deb2ebb7-8562-3728-8ba8-ec800da9360c): отпизди его
[17:51:31] RunishYT (deb2ebb7-8562-3728-8ba8-ec800da9360c): я отпизжу
[17:54:34] RunishYT (deb2ebb7-8562-3728-8ba8-ec800da9360c): гений блэт
[17:56:00] RunishYT (deb2ebb7-8562-3728-8ba8-ec800da9360c): только нфт
[17:58:37] RunishYT (deb2ebb7-8562-3728-8ba8-ec800da9360c): эксрен хуле молчишь?
[17:58:48] RunishYT (deb2ebb7-8562-3728-8ba8-ec800da9360c): язык проглатила??
[17:59:37] RunishYT (deb2ebb7-8562-3728-8ba8-ec800da9360c): блять пещерная женщина как ты вообще техникой пользуешься
[17:59:58] RunishYT (deb2ebb7-8562-3728-8ba8-ec800da9360c): там есть хуета тип палочка с шишечкой
[18:00:03] RunishYT (deb2ebb7-8562-3728-8ba8-ec800da9360c): нажми на нее
[18:01:16] RunishYT (deb2ebb7-8562-3728-8ba8-ec800da9360c): как у тебя короч
[18:01:53] RunishYT (deb2ebb7-8562-3728-8ba8-ec800da9360c): лень кнопку нажать?
[18:02:18] RunishYT (deb2ebb7-8562-3728-8ba8-ec800da9360c): лень 100000000 лвл
[18:03:14] RunishYT (deb2ebb7-8562-3728-8ba8-ec800da9360c): я тебя слышал
[18:03:43] RunishYT (deb2ebb7-8562-3728-8ba8-ec800da9360c): на стриме на обсуждений в дс в вк
[18:04:10] RunishYT (deb2ebb7-8562-3728-8ba8-ec800da9360c): неважно
[18:04:19] RunishYT (deb2ebb7-8562-3728-8ba8-ec800da9360c): неважно
[18:04:19] RunishYT (deb2ebb7-8562-3728-8ba8-ec800da9360c): неважно
[18:04:20] RunishYT (deb2ebb7-8562-3728-8ba8-ec800da9360c): неважно
[18:04:43] RunishYT (deb2ebb7-8562-3728-8ba8-ec800da9360c): стоны сосайк отправляла
[18:04:51] RunishYT (deb2ebb7-8562-3728-8ba8-ec800da9360c): ой блять
[18:05:16] RunishYT (deb2ebb7-8562-3728-8ba8-ec800da9360c): взломал твою защитную систему кнокс
[18:05:35] RunishYT (deb2ebb7-8562-3728-8ba8-ec800da9360c): туда е
[18:05:38] RunishYT (deb2ebb7-8562-3728-8ba8-ec800da9360c): туда ее
[18:05:43] RunishYT (deb2ebb7-8562-3728-8ba8-ec800da9360c): забань ее вообще
[18:05:58] RunishYT (deb2ebb7-8562-3728-8ba8-ec800da9360c): уфф туда его
[18:06:07] RunishYT (deb2ebb7-8562-3728-8ba8-ec800da9360c): туда ее
[18:06:21] RunishYT (deb2ebb7-8562-3728-8ba8-ec800da9360c): переобувка со скоростью света
[18:07:19] RunishYT (deb2ebb7-8562-3728-8ba8-ec800da9360c): ахуело
[18:07:30] RunishYT (deb2ebb7-8562-3728-8ba8-ec800da9360c): ахуело
