[06:11:12] AviKgolD1 (fe9f4036-69b5-38be-a9c3-1d860d8c4398): привет
[06:11:38] ItsFartunaRu (87aa0b4c-629f-3cae-a9c4-787ca2fa3e21): q
[06:12:48] AviKgolD1 (fe9f4036-69b5-38be-a9c3-1d860d8c4398): тебе изумруды не нужны?
[06:12:53] ItsFartunaRu (87aa0b4c-629f-3cae-a9c4-787ca2fa3e21): не
[06:13:02] AviKgolD1 (fe9f4036-69b5-38be-a9c3-1d860d8c4398): ладно
[06:20:30] AviKgolD1 (fe9f4036-69b5-38be-a9c3-1d860d8c4398): ты нашёл не залутаный?
[06:20:35] ItsFartunaRu (87aa0b4c-629f-3cae-a9c4-787ca2fa3e21): да
[06:20:56] AviKgolD1 (fe9f4036-69b5-38be-a9c3-1d860d8c4398): круто я 5к ходил и нечего не нашёл
[06:21:00] ItsFartunaRu (87aa0b4c-629f-3cae-a9c4-787ca2fa3e21): 3500
[06:21:12] ItsFartunaRu (87aa0b4c-629f-3cae-a9c4-787ca2fa3e21): у меня элики были
[06:21:20] AviKgolD1 (fe9f4036-69b5-38be-a9c3-1d860d8c4398): ну круто что могу сказать
[06:21:22] ItsFartunaRu (87aa0b4c-629f-3cae-a9c4-787ca2fa3e21): хоть я и не ходил в энд
[06:21:55] ItsFartunaRu (87aa0b4c-629f-3cae-a9c4-787ca2fa3e21): я вообще шёл за шалкерами
[06:22:00] ItsFartunaRu (87aa0b4c-629f-3cae-a9c4-787ca2fa3e21): но попались элитры
[06:22:15] AviKgolD1 (fe9f4036-69b5-38be-a9c3-1d860d8c4398): сможешь продать элитры?
[06:22:20] ItsFartunaRu (87aa0b4c-629f-3cae-a9c4-787ca2fa3e21): можно
[06:22:27] AviKgolD1 (fe9f4036-69b5-38be-a9c3-1d860d8c4398): за сколько?
[06:22:31] ItsFartunaRu (87aa0b4c-629f-3cae-a9c4-787ca2fa3e21): хз
[06:24:19] AviKgolD1 (fe9f4036-69b5-38be-a9c3-1d860d8c4398): у меня есть множество разных зачар книг
[06:24:36] ItsFartunaRu (87aa0b4c-629f-3cae-a9c4-787ca2fa3e21): ну у меня жители есть со всеми книгами
[06:24:54] AviKgolD1 (fe9f4036-69b5-38be-a9c3-1d860d8c4398): круто, у меня тоже
[06:29:48] ItsFartunaRu (87aa0b4c-629f-3cae-a9c4-787ca2fa3e21): биля надо закончить ветку с эндом
[06:30:13] AviKgolD1 (fe9f4036-69b5-38be-a9c3-1d860d8c4398): на чем здесь вообще выгодно зарабатывать порох?
[06:30:21] ItsFartunaRu (87aa0b4c-629f-3cae-a9c4-787ca2fa3e21): фармилки
[06:30:40] AviKgolD1 (fe9f4036-69b5-38be-a9c3-1d860d8c4398): они хорошо работают?
[06:30:51] ItsFartunaRu (87aa0b4c-629f-3cae-a9c4-787ca2fa3e21): вроде если сайк не еблан
[06:31:40] AviKgolD1 (fe9f4036-69b5-38be-a9c3-1d860d8c4398): просто глядя на спавнрейд то я не очень уверен
[06:32:45] ItsFartunaRu (87aa0b4c-629f-3cae-a9c4-787ca2fa3e21): продаёшь слёзы гаста?
[06:32:53] ItsFartunaRu (87aa0b4c-629f-3cae-a9c4-787ca2fa3e21): 4 над
[06:32:55] AviKgolD1 (fe9f4036-69b5-38be-a9c3-1d860d8c4398): нету
[06:32:56] ItsFartunaRu (87aa0b4c-629f-3cae-a9c4-787ca2fa3e21): на кристаллы
[06:34:12] ItsFartunaRu (87aa0b4c-629f-3cae-a9c4-787ca2fa3e21): уф 2 город не залутанный
[06:34:45] AviKgolD1 (fe9f4036-69b5-38be-a9c3-1d860d8c4398): хорош
[06:55:17] ItsFartunaRu (87aa0b4c-629f-3cae-a9c4-787ca2fa3e21): 300 100 80
[08:13:15] RunishYT (deb2ebb7-8562-3728-8ba8-ec800da9360c): съебись
[08:13:30] ItsFartunaRu (87aa0b4c-629f-3cae-a9c4-787ca2fa3e21): овощ погнали на ватерпарк
[08:13:42] RunishYT (deb2ebb7-8562-3728-8ba8-ec800da9360c): каво?
[08:14:04] RunishYT (deb2ebb7-8562-3728-8ba8-ec800da9360c): это сервер?
[08:14:40] ItsFartunaRu (87aa0b4c-629f-3cae-a9c4-787ca2fa3e21): да
[08:14:53] RunishYT (deb2ebb7-8562-3728-8ba8-ec800da9360c): миниигры??
[08:14:59] ItsFartunaRu (87aa0b4c-629f-3cae-a9c4-787ca2fa3e21): пвп еблан
[08:15:10] RunishYT (deb2ebb7-8562-3728-8ba8-ec800da9360c): я щас не с пк
[08:15:13] GOLDENDUSST (a0ee3527-abbd-3f28-bd2e-ff7c77b23497): Еблан это парк где басейны с горками он короч хочет увидеть тебя полуголым и выебать в воде
[08:15:15] ItsFartunaRu (87aa0b4c-629f-3cae-a9c4-787ca2fa3e21): ваще похуй
[08:15:24] ItsFartunaRu (87aa0b4c-629f-3cae-a9c4-787ca2fa3e21): заходи с пк
[08:15:30] RunishYT (deb2ebb7-8562-3728-8ba8-ec800da9360c): завтро
[08:15:34] ItsFartunaRu (87aa0b4c-629f-3cae-a9c4-787ca2fa3e21): сейчас
[08:19:54] ItsFartunaRu (87aa0b4c-629f-3cae-a9c4-787ca2fa3e21): продай 4 слезы гаста
[08:20:21] GOLDENDUSST (a0ee3527-abbd-3f28-bd2e-ff7c77b23497): Зачем тебе работа некроманта
[08:20:27] ItsFartunaRu (87aa0b4c-629f-3cae-a9c4-787ca2fa3e21): еблан
[08:20:34] GOLDENDUSST (a0ee3527-abbd-3f28-bd2e-ff7c77b23497): Туп
[08:20:40] ItsFartunaRu (87aa0b4c-629f-3cae-a9c4-787ca2fa3e21): мне осталось 3 ачивки в энде
[08:20:54] GOLDENDUSST (a0ee3527-abbd-3f28-bd2e-ff7c77b23497): Плоти очком ночью сегодня
[08:20:57] ItsFartunaRu (87aa0b4c-629f-3cae-a9c4-787ca2fa3e21): не
[08:21:00] GOLDENDUSST (a0ee3527-abbd-3f28-bd2e-ff7c77b23497): пж пж пж пж пж пж пж пж пж пж пж пж пж пж пж пж пж пж пж пж пж пж пж пж пж пж пж пж пж пж пж пж пж пж пж пж пж пж пж пж пж пж пж пж пж пж пж пж пж пж пж пж пж пж пж пж пж пж пж пж пж пж пж пж пж пж пж пж пж пж пж пж пж пж пж пж пж пж
[08:21:05] ItsFartunaRu (87aa0b4c-629f-3cae-a9c4-787ca2fa3e21): блок аламзес за 4 слезы
[08:21:14] GOLDENDUSST (a0ee3527-abbd-3f28-bd2e-ff7c77b23497): окееей летсгоу
[08:21:20] RunishYT (deb2ebb7-8562-3728-8ba8-ec800da9360c): Лучше иди к нам еврей на остров Мадагаскар
[08:21:22] GOLDENDUSST (a0ee3527-abbd-3f28-bd2e-ff7c77b23497): Океей летсгоу
[08:21:32] ItsFartunaRu (87aa0b4c-629f-3cae-a9c4-787ca2fa3e21): гоу встречаться в аду
[08:22:01] GOLDENDUSST (a0ee3527-abbd-3f28-bd2e-ff7c77b23497): Гоу но чур ты в роли парня а я более женственный парень
[08:22:01] ItsFartunaRu (87aa0b4c-629f-3cae-a9c4-787ca2fa3e21): гг я ливаю за блейзами
[08:22:08] ItsFartunaRu (87aa0b4c-629f-3cae-a9c4-787ca2fa3e21): ты еблан я про
[08:22:10] ItsFartunaRu (87aa0b4c-629f-3cae-a9c4-787ca2fa3e21): похуй
[08:25:14] ItsFartunaRu (87aa0b4c-629f-3cae-a9c4-787ca2fa3e21): 300 100 90
[08:25:20] RunishYT (deb2ebb7-8562-3728-8ba8-ec800da9360c): фартук теперь мой корабль будет называтся Фартуна
[08:25:31] ItsFartunaRu (87aa0b4c-629f-3cae-a9c4-787ca2fa3e21): фанат
[08:25:40] GOLDENDUSST (a0ee3527-abbd-3f28-bd2e-ff7c77b23497): Бля я пойду на нос корабля я насру там
[08:25:52] RunishYT (deb2ebb7-8562-3728-8ba8-ec800da9360c): моряки называют корабли в честь жен
[08:26:05] RunishYT (deb2ebb7-8562-3728-8ba8-ec800da9360c): тоесть я тебя ебал
[08:27:30] ItsFartunaRu (87aa0b4c-629f-3cae-a9c4-787ca2fa3e21): еблан ты где
[08:27:39] GOLDENDUSST (a0ee3527-abbd-3f28-bd2e-ff7c77b23497): Короч я тебя наебал
[08:27:42] RunishYT (deb2ebb7-8562-3728-8ba8-ec800da9360c): на базе порт строю
[08:28:03] ItsFartunaRu (87aa0b4c-629f-3cae-a9c4-787ca2fa3e21): узбек на спавн иди
[08:30:58] RunishYT (deb2ebb7-8562-3728-8ba8-ec800da9360c): блять около порта затонувший корабль
[08:31:15] ItsFartunaRu (87aa0b4c-629f-3cae-a9c4-787ca2fa3e21): судьба твоего торта
[08:31:18] ItsFartunaRu (87aa0b4c-629f-3cae-a9c4-787ca2fa3e21): порта
[08:31:20] ItsFartunaRu (87aa0b4c-629f-3cae-a9c4-787ca2fa3e21): не важн
[08:35:26] ItsFartunaRu (87aa0b4c-629f-3cae-a9c4-787ca2fa3e21): пошёл нахйу
[08:35:33] ItsFartunaRu (87aa0b4c-629f-3cae-a9c4-787ca2fa3e21): тащи мефедрон
[08:35:52] GOLDENDUSST (a0ee3527-abbd-3f28-bd2e-ff7c77b23497): Я в канаве
[08:36:11] ItsFartunaRu (87aa0b4c-629f-3cae-a9c4-787ca2fa3e21): косплеишь свою мать
[08:36:25] ItsFartunaRu (87aa0b4c-629f-3cae-a9c4-787ca2fa3e21): уебан ты должен мне 3 тотема
[08:37:03] ItsFartunaRu (87aa0b4c-629f-3cae-a9c4-787ca2fa3e21): быра
[08:38:21] ItsFartunaRu (87aa0b4c-629f-3cae-a9c4-787ca2fa3e21): гони мефедрон
[08:38:29] GOLDENDUSST (a0ee3527-abbd-3f28-bd2e-ff7c77b23497): только 3
[08:38:32] ItsFartunaRu (87aa0b4c-629f-3cae-a9c4-787ca2fa3e21): 4
[08:38:42] ItsFartunaRu (87aa0b4c-629f-3cae-a9c4-787ca2fa3e21): блять уебан 5 тотемов
[08:38:57] RunishYT (deb2ebb7-8562-3728-8ba8-ec800da9360c): !
[08:39:01] RunishYT (deb2ebb7-8562-3728-8ba8-ec800da9360c): попустил??
[08:39:30] ItsFartunaRu (87aa0b4c-629f-3cae-a9c4-787ca2fa3e21): где
[08:39:31] ItsFartunaRu (87aa0b4c-629f-3cae-a9c4-787ca2fa3e21): товар
[08:39:34] ItsFartunaRu (87aa0b4c-629f-3cae-a9c4-787ca2fa3e21): мефедрон
[08:39:46] ItsFartunaRu (87aa0b4c-629f-3cae-a9c4-787ca2fa3e21): спс
[08:39:47] GOLDENDUSST (a0ee3527-abbd-3f28-bd2e-ff7c77b23497): Сука
[08:39:58] ItsFartunaRu (87aa0b4c-629f-3cae-a9c4-787ca2fa3e21): эти
[08:40:06] GOLDENDUSST (a0ee3527-abbd-3f28-bd2e-ff7c77b23497): нету
[08:40:08] ItsFartunaRu (87aa0b4c-629f-3cae-a9c4-787ca2fa3e21): тампоны продай
[08:40:14] GOLDENDUSST (a0ee3527-abbd-3f28-bd2e-ff7c77b23497): говорю нету
[08:40:17] ItsFartunaRu (87aa0b4c-629f-3cae-a9c4-787ca2fa3e21): лох пока
[08:43:44] RunishYT (deb2ebb7-8562-3728-8ba8-ec800da9360c): блять у меня человек паук получился
[08:44:13] RunishYT (deb2ebb7-8562-3728-8ba8-ec800da9360c): Тобу Магуваир
[08:50:25] LightNight010 (b404b429-ad5e-3cdf-9b17-af0796003c67): qq
[08:51:11] LightNight010 (b404b429-ad5e-3cdf-9b17-af0796003c67): а чё все сдохли чтоль
[08:51:21] LightNight010 (b404b429-ad5e-3cdf-9b17-af0796003c67): понял
[08:51:25] RunishYT (deb2ebb7-8562-3728-8ba8-ec800da9360c): Смешарики??
[08:51:29] ItsFartunaRu (87aa0b4c-629f-3cae-a9c4-787ca2fa3e21): ес
[08:51:34] LightNight010 (b404b429-ad5e-3cdf-9b17-af0796003c67): ебат я вовремя зашёл
[08:52:03] LightNight010 (b404b429-ad5e-3cdf-9b17-af0796003c67): а вы гдэ
[08:52:07] LightNight010 (b404b429-ad5e-3cdf-9b17-af0796003c67): а вы гдэ
[08:52:22] RunishYT (deb2ebb7-8562-3728-8ba8-ec800da9360c): я на базе этот фартук дракона убивает
[08:52:48] LightNight010 (b404b429-ad5e-3cdf-9b17-af0796003c67): у тя железо есть?:
[08:52:52] LightNight010 (b404b429-ad5e-3cdf-9b17-af0796003c67): у тя железо есть?
[08:53:26] RunishYT (deb2ebb7-8562-3728-8ba8-ec800da9360c): дахуя
[08:53:37] LightNight010 (b404b429-ad5e-3cdf-9b17-af0796003c67): я у тя на базе
[08:54:13] ItsFartunaRu (87aa0b4c-629f-3cae-a9c4-787ca2fa3e21): ахуеть дракон закибербулил кристалл
[08:54:45] RunishYT (deb2ebb7-8562-3728-8ba8-ec800da9360c): сюда
[08:54:51] RunishYT (deb2ebb7-8562-3728-8ba8-ec800da9360c): это ферма
[08:55:04] LightNight010 (b404b429-ad5e-3cdf-9b17-af0796003c67): я понял
[08:55:21] LightNight010 (b404b429-ad5e-3cdf-9b17-af0796003c67): спасибо
[08:55:31] LightNight010 (b404b429-ad5e-3cdf-9b17-af0796003c67): и топор с киркой
[08:55:49] LightNight010 (b404b429-ad5e-3cdf-9b17-af0796003c67): ага спасибо
[08:55:52] ItsFartunaRu (87aa0b4c-629f-3cae-a9c4-787ca2fa3e21): пидарас садиться не хочет
[08:56:02] LightNight010 (b404b429-ad5e-3cdf-9b17-af0796003c67): я пошёл
[08:57:13] LightNight010 (b404b429-ad5e-3cdf-9b17-af0796003c67): еба я даун
[08:57:19] LightNight010 (b404b429-ad5e-3cdf-9b17-af0796003c67): я прутья скрафтил
[08:57:49] LightNight010 (b404b429-ad5e-3cdf-9b17-af0796003c67): F
[08:57:57] ItsFartunaRu (87aa0b4c-629f-3cae-a9c4-787ca2fa3e21): а бля
[08:58:02] ItsFartunaRu (87aa0b4c-629f-3cae-a9c4-787ca2fa3e21): я в афк отходил
[08:58:05] ItsFartunaRu (87aa0b4c-629f-3cae-a9c4-787ca2fa3e21): ладно
[08:58:17] LightNight010 (b404b429-ad5e-3cdf-9b17-af0796003c67): У тебя где база
[08:58:21] LightNight010 (b404b429-ad5e-3cdf-9b17-af0796003c67): Ветка в аду есть?
[08:58:25] ItsFartunaRu (87aa0b4c-629f-3cae-a9c4-787ca2fa3e21): да
[08:58:30] LightNight010 (b404b429-ad5e-3cdf-9b17-af0796003c67): Просто посмотреть хочу
[08:59:33] LightNight010 (b404b429-ad5e-3cdf-9b17-af0796003c67): И где
[08:59:52] ItsFartunaRu (87aa0b4c-629f-3cae-a9c4-787ca2fa3e21): там гдет
[09:00:19] LightNight010 (b404b429-ad5e-3cdf-9b17-af0796003c67): Я в аду у спавна
[09:00:22] LightNight010 (b404b429-ad5e-3cdf-9b17-af0796003c67): Я в аду у спавна
[09:00:22] ItsFartunaRu (87aa0b4c-629f-3cae-a9c4-787ca2fa3e21): туда
[09:00:47] ItsFartunaRu (87aa0b4c-629f-3cae-a9c4-787ca2fa3e21): ура ветка энда закончена
[09:01:08] LightNight010 (b404b429-ad5e-3cdf-9b17-af0796003c67): короч куда идти
[09:01:10] LightNight010 (b404b429-ad5e-3cdf-9b17-af0796003c67): короч куда идти
[09:01:24] ItsFartunaRu (87aa0b4c-629f-3cae-a9c4-787ca2fa3e21): а биля мы проход убирали
[09:02:23] LightNight010 (b404b429-ad5e-3cdf-9b17-af0796003c67): Лан пойду место для базы искать
[09:03:59] ItsFartunaRu (87aa0b4c-629f-3cae-a9c4-787ca2fa3e21): афигеть я чо ещё не делал стол зачар
[09:04:19] LightNight010 (b404b429-ad5e-3cdf-9b17-af0796003c67): Жить в океане хорошая идея?
[09:04:31] ItsFartunaRu (87aa0b4c-629f-3cae-a9c4-787ca2fa3e21): в океане лучше строить фармилку тотемс
[09:04:38] LightNight010 (b404b429-ad5e-3cdf-9b17-af0796003c67): ну это да
[09:04:40] LightNight010 (b404b429-ad5e-3cdf-9b17-af0796003c67): ну это да
[09:04:42] LightNight010 (b404b429-ad5e-3cdf-9b17-af0796003c67): О
[09:04:44] LightNight010 (b404b429-ad5e-3cdf-9b17-af0796003c67): О
[09:04:52] LightNight010 (b404b429-ad5e-3cdf-9b17-af0796003c67): В скале у океана
[09:05:26] LightNight010 (b404b429-ad5e-3cdf-9b17-af0796003c67): юля
[09:05:29] ItsFartunaRu (87aa0b4c-629f-3cae-a9c4-787ca2fa3e21): дуэйн оценил
[09:05:32] LightNight010 (b404b429-ad5e-3cdf-9b17-af0796003c67): Тут чей то трейд хол
[09:05:49] LightNight010 (b404b429-ad5e-3cdf-9b17-af0796003c67): эхъ
[09:07:02] LightNight010 (b404b429-ad5e-3cdf-9b17-af0796003c67): Го скипнем?
[09:07:24] LightNight010 (b404b429-ad5e-3cdf-9b17-af0796003c67): Эм лол
[09:07:29] LightNight010 (b404b429-ad5e-3cdf-9b17-af0796003c67): Чё так долго
[09:07:33] ItsFartunaRu (87aa0b4c-629f-3cae-a9c4-787ca2fa3e21): это сервер
[09:07:37] ItsFartunaRu (87aa0b4c-629f-3cae-a9c4-787ca2fa3e21): ты можешь встать
[09:07:42] ItsFartunaRu (87aa0b4c-629f-3cae-a9c4-787ca2fa3e21): оно будет скипаться
[09:07:46] LightNight010 (b404b429-ad5e-3cdf-9b17-af0796003c67): А ну да
[09:07:49] LightNight010 (b404b429-ad5e-3cdf-9b17-af0796003c67): забыл
[09:07:52] ItsFartunaRu (87aa0b4c-629f-3cae-a9c4-787ca2fa3e21): ты и один мог скипнуть
[09:08:09] LightNight010 (b404b429-ad5e-3cdf-9b17-af0796003c67): Просто я играл на более большом сервере
[09:08:26] LightNight010 (b404b429-ad5e-3cdf-9b17-af0796003c67): Там требовалось 3 или 4 чела
[09:08:58] LightNight010 (b404b429-ad5e-3cdf-9b17-af0796003c67): ЗАебись
[09:09:08] LightNight010 (b404b429-ad5e-3cdf-9b17-af0796003c67): Случайно эндермену в глаза посмотрел
[09:09:23] ItsFartunaRu (87aa0b4c-629f-3cae-a9c4-787ca2fa3e21): перезаходить сразу над
[09:09:30] LightNight010 (b404b429-ad5e-3cdf-9b17-af0796003c67): Не успел
[09:09:35] LightNight010 (b404b429-ad5e-3cdf-9b17-af0796003c67): У меня 3 сердца было
[09:09:44] LightNight010 (b404b429-ad5e-3cdf-9b17-af0796003c67): Я то сначала и не понял что происходдит
[09:14:12] LightNight010 (b404b429-ad5e-3cdf-9b17-af0796003c67): фух всё есть
[09:20:07] LightNight010 (b404b429-ad5e-3cdf-9b17-af0796003c67): Ща какую нибудь подводную базу замучу
[09:20:21] LightNight010 (b404b429-ad5e-3cdf-9b17-af0796003c67): qq
[09:20:40] LightNight010 (b404b429-ad5e-3cdf-9b17-af0796003c67): Нихера 0 пинга
[09:20:49] LightNight010 (b404b429-ad5e-3cdf-9b17-af0796003c67): на серверах играешь ахаахах
[09:20:53] GOLDENDUSST (a0ee3527-abbd-3f28-bd2e-ff7c77b23497): LightNight купи фанфик
[09:20:57] LightNight010 (b404b429-ad5e-3cdf-9b17-af0796003c67): Что это
[09:21:00] LightNight010 (b404b429-ad5e-3cdf-9b17-af0796003c67): И гд
[09:21:06] LightNight010 (b404b429-ad5e-3cdf-9b17-af0796003c67): И где
[09:21:45] LightNight010 (b404b429-ad5e-3cdf-9b17-af0796003c67): ItsFartunaRu хорош
[09:21:57] ItsFartunaRu (87aa0b4c-629f-3cae-a9c4-787ca2fa3e21): да ваще
[09:22:19] GOLDENDUSST (a0ee3527-abbd-3f28-bd2e-ff7c77b23497): Ты где сейчас?
[09:22:34] LightNight010 (b404b429-ad5e-3cdf-9b17-af0796003c67): я в океане
[09:22:43] GOLDENDUSST (a0ee3527-abbd-3f28-bd2e-ff7c77b23497): Корды
[09:22:44] LightNight010 (b404b429-ad5e-3cdf-9b17-af0796003c67): 700 -40
[09:23:02] ItsFartunaRu (87aa0b4c-629f-3cae-a9c4-787ca2fa3e21): он тебя отпиздет
[09:23:08] LightNight010 (b404b429-ad5e-3cdf-9b17-af0796003c67): похуй
[09:23:13] LightNight010 (b404b429-ad5e-3cdf-9b17-af0796003c67): У меня ток железка
[09:24:36] GOLDENDUSST (a0ee3527-abbd-3f28-bd2e-ff7c77b23497): купиш?
[09:24:40] GOLDENDUSST (a0ee3527-abbd-3f28-bd2e-ff7c77b23497): фанфик
[09:24:44] LightNight010 (b404b429-ad5e-3cdf-9b17-af0796003c67): что это такое
[09:24:53] GOLDENDUSST (a0ee3527-abbd-3f28-bd2e-ff7c77b23497): Ты одмен?
[09:24:59] LightNight010 (b404b429-ad5e-3cdf-9b17-af0796003c67): нет
[09:25:20] LightNight010 (b404b429-ad5e-3cdf-9b17-af0796003c67): задохнёшься щас
[09:26:04] GOLDENDUSST (a0ee3527-abbd-3f28-bd2e-ff7c77b23497): Фартуна лайтнайт это дарклайт?
[09:26:12] LightNight010 (b404b429-ad5e-3cdf-9b17-af0796003c67): чё
[09:26:15] [CAPS] ItsFartunaRu (87aa0b4c-629f-3cae-a9c4-787ca2fa3e21): хапахпх блят
[09:27:07] GOLDENDUSST (a0ee3527-abbd-3f28-bd2e-ff7c77b23497): фартук уебан
[09:27:11] ItsFartunaRu (87aa0b4c-629f-3cae-a9c4-787ca2fa3e21): ок
[09:27:19] GOLDENDUSST (a0ee3527-abbd-3f28-bd2e-ff7c77b23497): Ответь на вопрос
[09:27:27] ItsFartunaRu (87aa0b4c-629f-3cae-a9c4-787ca2fa3e21): я че ебу
[09:27:31] GOLDENDUSST (a0ee3527-abbd-3f28-bd2e-ff7c77b23497): Микаса Ерен будит ли секас
[09:27:45] GOLDENDUSST (a0ee3527-abbd-3f28-bd2e-ff7c77b23497): тебе сколько лет
[09:27:46] ItsFartunaRu (87aa0b4c-629f-3cae-a9c4-787ca2fa3e21): хохохо
[09:27:50] ItsFartunaRu (87aa0b4c-629f-3cae-a9c4-787ca2fa3e21): пошёл нахуй
[09:27:51] LightNight010 (b404b429-ad5e-3cdf-9b17-af0796003c67): ачё
[09:27:57] GOLDENDUSST (a0ee3527-abbd-3f28-bd2e-ff7c77b23497): прост
[09:28:02] LightNight010 (b404b429-ad5e-3cdf-9b17-af0796003c67): ну 13
[09:28:30] LightNight010 (b404b429-ad5e-3cdf-9b17-af0796003c67): куда песок пропал блять
[09:28:38] GOLDENDUSST (a0ee3527-abbd-3f28-bd2e-ff7c77b23497): фанфик 1 алмаз про одменов
[09:28:42] LightNight010 (b404b429-ad5e-3cdf-9b17-af0796003c67): а
[09:28:44] LightNight010 (b404b429-ad5e-3cdf-9b17-af0796003c67): ну хз
[09:28:50] LightNight010 (b404b429-ad5e-3cdf-9b17-af0796003c67): алмов нет нихера
[09:29:10] GOLDENDUSST (a0ee3527-abbd-3f28-bd2e-ff7c77b23497): фанфик это вымышленная история о двух или нескольких персонажей где рассказывается о их романтических отношениях
[09:29:15] LightNight010 (b404b429-ad5e-3cdf-9b17-af0796003c67): Я знаю
[09:29:18] GOLDENDUSST (a0ee3527-abbd-3f28-bd2e-ff7c77b23497): короч там ебутся
[09:29:25] LightNight010 (b404b429-ad5e-3cdf-9b17-af0796003c67): ну да я читал
[09:29:33] LightNight010 (b404b429-ad5e-3cdf-9b17-af0796003c67): не интересуюсь
[09:29:56] LightNight010 (b404b429-ad5e-3cdf-9b17-af0796003c67): заебись под водой спать
[09:30:02] GOLDENDUSST (a0ee3527-abbd-3f28-bd2e-ff7c77b23497): Фартук купи фанфик про ДаркЛайта и Эксрен
[09:30:09] ItsFartunaRu (87aa0b4c-629f-3cae-a9c4-787ca2fa3e21): ноу
[09:30:55] LightNight010 (b404b429-ad5e-3cdf-9b17-af0796003c67): бл а все храмы ж у же залутали
[09:31:03] LightNight010 (b404b429-ad5e-3cdf-9b17-af0796003c67): бл а все подводные храмы ж у же залутали
[09:31:25] LightNight010 (b404b429-ad5e-3cdf-9b17-af0796003c67): Можно в аренду губки взять?
[09:31:28] LightNight010 (b404b429-ad5e-3cdf-9b17-af0796003c67): Можно в аренду губки взять?
[09:31:43] GOLDENDUSST (a0ee3527-abbd-3f28-bd2e-ff7c77b23497): Если сможешь их залутать
[09:31:51] LightNight010 (b404b429-ad5e-3cdf-9b17-af0796003c67): ну это понятно
[09:31:52] ItsFartunaRu (87aa0b4c-629f-3cae-a9c4-787ca2fa3e21): ахуеть я ток что копал проход вверх
[09:31:55] LightNight010 (b404b429-ad5e-3cdf-9b17-af0796003c67): ну это понятно
[09:31:58] ItsFartunaRu (87aa0b4c-629f-3cae-a9c4-787ca2fa3e21): и нашёл алмазес
[09:32:01] LightNight010 (b404b429-ad5e-3cdf-9b17-af0796003c67): крутой
[09:32:04] GOLDENDUSST (a0ee3527-abbd-3f28-bd2e-ff7c77b23497): После убийства древние стражи снова сравняться?
[09:32:10] LightNight010 (b404b429-ad5e-3cdf-9b17-af0796003c67): да
[09:32:18] LightNight010 (b404b429-ad5e-3cdf-9b17-af0796003c67): У кого то из вас есть губки?
[09:32:19] GOLDENDUSST (a0ee3527-abbd-3f28-bd2e-ff7c77b23497): Лутай
[09:32:27] GOLDENDUSST (a0ee3527-abbd-3f28-bd2e-ff7c77b23497): Лутани мой
[09:32:40] ItsFartunaRu (87aa0b4c-629f-3cae-a9c4-787ca2fa3e21): я его взорву
[09:32:42] LightNight010 (b404b429-ad5e-3cdf-9b17-af0796003c67): у тя есть?
[09:32:51] LightNight010 (b404b429-ad5e-3cdf-9b17-af0796003c67): Хорошая идея фартук
[09:32:57] GOLDENDUSST (a0ee3527-abbd-3f28-bd2e-ff7c77b23497): Чел прогрузку подруби он прям рядом
[09:33:10] LightNight010 (b404b429-ad5e-3cdf-9b17-af0796003c67): У меня штоль
[09:33:28] ItsFartunaRu (87aa0b4c-629f-3cae-a9c4-787ca2fa3e21): голд гоу пэвэпэ без того чит лука
[09:33:29] GOLDENDUSST (a0ee3527-abbd-3f28-bd2e-ff7c77b23497): за мной
[09:33:32] LightNight010 (b404b429-ad5e-3cdf-9b17-af0796003c67): дак у меня 20 чанков
[09:33:46] LightNight010 (b404b429-ad5e-3cdf-9b17-af0796003c67): еб
[09:33:57] LightNight010 (b404b429-ad5e-3cdf-9b17-af0796003c67): Ну у меня молока нет
[09:33:58] LightNight010 (b404b429-ad5e-3cdf-9b17-af0796003c67): ааааа
[09:34:01] LightNight010 (b404b429-ad5e-3cdf-9b17-af0796003c67): я обосрался
[09:34:12] LightNight010 (b404b429-ad5e-3cdf-9b17-af0796003c67): сука утомление
[09:34:17] LightNight010 (b404b429-ad5e-3cdf-9b17-af0796003c67): как я песок ломать буду
[09:34:48] GOLDENDUSST (a0ee3527-abbd-3f28-bd2e-ff7c77b23497): Нет
[09:34:55] ItsFartunaRu (87aa0b4c-629f-3cae-a9c4-787ca2fa3e21): слит бот
[09:34:58] GOLDENDUSST (a0ee3527-abbd-3f28-bd2e-ff7c77b23497): Ты какиш
[09:35:19] ItsFartunaRu (87aa0b4c-629f-3cae-a9c4-787ca2fa3e21): еблан я тебя вынесу на легке
[09:36:04] GOLDENDUSST (a0ee3527-abbd-3f28-bd2e-ff7c77b23497): Вынесешь меня на легке? Молодец, а попробуй помочь своей маме и вынести мусор
[09:36:22] GOLDENDUSST (a0ee3527-abbd-3f28-bd2e-ff7c77b23497): То есть себя ввнеси
[09:36:25] ItsFartunaRu (87aa0b4c-629f-3cae-a9c4-787ca2fa3e21): биля ок
[09:36:28] GOLDENDUSST (a0ee3527-abbd-3f28-bd2e-ff7c77b23497): Скинь себя
[09:36:33] GOLDENDUSST (a0ee3527-abbd-3f28-bd2e-ff7c77b23497): С 4 этажа
[09:36:38] ItsFartunaRu (87aa0b4c-629f-3cae-a9c4-787ca2fa3e21): я на 10
[09:36:41] ItsFartunaRu (87aa0b4c-629f-3cae-a9c4-787ca2fa3e21): можн?
[09:36:47] GOLDENDUSST (a0ee3527-abbd-3f28-bd2e-ff7c77b23497): Разрешаю
[09:36:51] ItsFartunaRu (87aa0b4c-629f-3cae-a9c4-787ca2fa3e21): океййй летс гоуу
[09:37:32] GOLDENDUSST (a0ee3527-abbd-3f28-bd2e-ff7c77b23497): Пусть одмен удолит чат чтобы меня не посадили
[09:37:44] LightNight010 (b404b429-ad5e-3cdf-9b17-af0796003c67): Кто песка может дать
[09:37:55] GOLDENDUSST (a0ee3527-abbd-3f28-bd2e-ff7c77b23497): Сколько надо
[09:38:01] LightNight010 (b404b429-ad5e-3cdf-9b17-af0796003c67): Стаков 5 чтоли
[09:38:02] ItsFartunaRu (87aa0b4c-629f-3cae-a9c4-787ca2fa3e21): я заскринил тебя ничо не спасёт
[09:38:03] GOLDENDUSST (a0ee3527-abbd-3f28-bd2e-ff7c77b23497): Именно песка или стекла
[09:38:09] LightNight010 (b404b429-ad5e-3cdf-9b17-af0796003c67): стекла лучше будет
[09:38:10] ItsFartunaRu (87aa0b4c-629f-3cae-a9c4-787ca2fa3e21): кидаю в мвд
[09:38:12] LightNight010 (b404b429-ad5e-3cdf-9b17-af0796003c67): стекла лучше будет
[09:38:21] GOLDENDUSST (a0ee3527-abbd-3f28-bd2e-ff7c77b23497): Дядя я в другом государстве
[09:38:26] ItsFartunaRu (87aa0b4c-629f-3cae-a9c4-787ca2fa3e21): биля
[09:38:29] GOLDENDUSST (a0ee3527-abbd-3f28-bd2e-ff7c77b23497): Сколько
[09:38:35] ItsFartunaRu (87aa0b4c-629f-3cae-a9c4-787ca2fa3e21): тогда лови ракету нахуй
[09:38:42] GOLDENDUSST (a0ee3527-abbd-3f28-bd2e-ff7c77b23497): Ловлю
[09:38:48] ItsFartunaRu (87aa0b4c-629f-3cae-a9c4-787ca2fa3e21): харош
[09:41:01] LightNight010 (b404b429-ad5e-3cdf-9b17-af0796003c67): я пока пойду макет дома строить
[09:41:04] LightNight010 (b404b429-ad5e-3cdf-9b17-af0796003c67): я пока пойду макет дома строить
[09:42:25] GOLDENDUSST (a0ee3527-abbd-3f28-bd2e-ff7c77b23497): Фартуна будешь мой чупачупс со вкусом говна
[09:42:37] ItsFartunaRu (87aa0b4c-629f-3cae-a9c4-787ca2fa3e21): иди нахуй
[09:42:47] GOLDENDUSST (a0ee3527-abbd-3f28-bd2e-ff7c77b23497): Отдам бесплатно
[09:44:10] GOLDENDUSST (a0ee3527-abbd-3f28-bd2e-ff7c77b23497): Фартуна меня укусила ядовитая змея прямо в головку пососи яд
[09:44:22] ItsFartunaRu (87aa0b4c-629f-3cae-a9c4-787ca2fa3e21): умри
[09:44:26] GOLDENDUSST (a0ee3527-abbd-3f28-bd2e-ff7c77b23497): Ты моя последняя надежда выжить
[09:51:03] AviKgolD1 (fe9f4036-69b5-38be-a9c3-1d860d8c4398): всем привет
[09:51:14] ItsFartunaRu (87aa0b4c-629f-3cae-a9c4-787ca2fa3e21): q
[09:51:39] AviKgolD1 (fe9f4036-69b5-38be-a9c3-1d860d8c4398): привет
[09:51:44] LightNight010 (b404b429-ad5e-3cdf-9b17-af0796003c67): q
[09:52:02] GOLDENDUSST (a0ee3527-abbd-3f28-bd2e-ff7c77b23497): Биля
[10:02:47] AviKgolD1 (fe9f4036-69b5-38be-a9c3-1d860d8c4398): какую тут можно нормальную ферму опыта построить?
[10:04:04] GOLDENDUSST (a0ee3527-abbd-3f28-bd2e-ff7c77b23497): В энде есть общественная ферма эндерменов
[10:04:17] ItsFartunaRu (87aa0b4c-629f-3cae-a9c4-787ca2fa3e21): я её разъебал
[10:04:19] ItsFartunaRu (87aa0b4c-629f-3cae-a9c4-787ca2fa3e21): тротилом
[10:05:19] AviKgolD1 (fe9f4036-69b5-38be-a9c3-1d860d8c4398): прикол в том что я на продаже жителям получаю больше опыта чем с фермы эндерменов
[10:05:31] RunishYT (deb2ebb7-8562-3728-8ba8-ec800da9360c): ну естественно
[10:05:33] GOLDENDUSST (a0ee3527-abbd-3f28-bd2e-ff7c77b23497): Ладно
[10:11:25] RunishYT (deb2ebb7-8562-3728-8ba8-ec800da9360c): фартук короч
[10:11:33] RunishYT (deb2ebb7-8562-3728-8ba8-ec800da9360c): мы тебя на мадагаскар заселим
[10:11:37] RunishYT (deb2ebb7-8562-3728-8ba8-ec800da9360c): голым без ресов
[10:12:04] ItsFartunaRu (87aa0b4c-629f-3cae-a9c4-787ca2fa3e21): я тебя щас поимею шлюха
[10:12:17] RunishYT (deb2ebb7-8562-3728-8ba8-ec800da9360c): воу воу воу воу воу воу воу
[10:14:49] AviKgolD1 (fe9f4036-69b5-38be-a9c3-1d860d8c4398): ItsFartunaRu за сколько продашь элитры?
[10:17:16] ItsFartunaRu (87aa0b4c-629f-3cae-a9c4-787ca2fa3e21): хз
[10:17:40] RunishYT (deb2ebb7-8562-3728-8ba8-ec800da9360c): ставлю душу Дио
[10:20:19] AviKgolD1 (fe9f4036-69b5-38be-a9c3-1d860d8c4398): можно придти ко мне на базу 300 на 230 в аду на крыше посмотреть на что обменять элитры
[10:20:34] ItsFartunaRu (87aa0b4c-629f-3cae-a9c4-787ca2fa3e21): алмазес
[10:20:50] AviKgolD1 (fe9f4036-69b5-38be-a9c3-1d860d8c4398): сколько?
[10:20:54] GOLDENDUSST (a0ee3527-abbd-3f28-bd2e-ff7c77b23497): Я продам дешевле чем фартуна
[10:20:56] ItsFartunaRu (87aa0b4c-629f-3cae-a9c4-787ca2fa3e21): скок есть
[10:21:11] AviKgolD1 (fe9f4036-69b5-38be-a9c3-1d860d8c4398): мало 14 штук, но могу накопать
[10:21:15] RunishYT (deb2ebb7-8562-3728-8ba8-ec800da9360c): продам дешевле чем голдендаст
[10:21:37] GOLDENDUSST (a0ee3527-abbd-3f28-bd2e-ff7c77b23497): У него нету он бэмж тупой чисто мой раб
[10:21:44] ItsFartunaRu (87aa0b4c-629f-3cae-a9c4-787ca2fa3e21): туда
[10:21:44] RunishYT (deb2ebb7-8562-3728-8ba8-ec800da9360c): ашалел
[10:21:52] GOLDENDUSST (a0ee3527-abbd-3f28-bd2e-ff7c77b23497): Я про фкртуну но ты тоже
[10:22:00] AviKgolD1 (fe9f4036-69b5-38be-a9c3-1d860d8c4398): ну так за сколько?
[10:22:02] ItsFartunaRu (87aa0b4c-629f-3cae-a9c4-787ca2fa3e21): непонял
[10:22:06] ItsFartunaRu (87aa0b4c-629f-3cae-a9c4-787ca2fa3e21): я тебя щас отпизжу
[10:22:12] RunishYT (deb2ebb7-8562-3728-8ba8-ec800da9360c): удач
[10:22:16] ItsFartunaRu (87aa0b4c-629f-3cae-a9c4-787ca2fa3e21): 30-40 алмазес
[10:22:44] ItsFartunaRu (87aa0b4c-629f-3cae-a9c4-787ca2fa3e21): биля пойду отсосу бредле за зельки с 10к урона
[10:22:47] AviKgolD1 (fe9f4036-69b5-38be-a9c3-1d860d8c4398): ок пойду копать
[10:25:05] AviKgolD1 (fe9f4036-69b5-38be-a9c3-1d860d8c4398): есть 1 алмазный фулловый сет только без шипов но книги есть
[10:25:18] AviKgolD1 (fe9f4036-69b5-38be-a9c3-1d860d8c4398): вместе с луком
[10:25:25] ItsFartunaRu (87aa0b4c-629f-3cae-a9c4-787ca2fa3e21): у меня 2 фулл незеритки
[10:25:32] ItsFartunaRu (87aa0b4c-629f-3cae-a9c4-787ca2fa3e21): щас нужны ток алмазес
[10:25:53] AviKgolD1 (fe9f4036-69b5-38be-a9c3-1d860d8c4398): ладно иду копать
[10:36:01] ItsFartunaRu (87aa0b4c-629f-3cae-a9c4-787ca2fa3e21): RunishYT погнали на ватерпарк изич
[10:36:11] RunishYT (deb2ebb7-8562-3728-8ba8-ec800da9360c): завтро
[10:36:15] RunishYT (deb2ebb7-8562-3728-8ba8-ec800da9360c): бомжара
[10:36:15] ItsFartunaRu (87aa0b4c-629f-3cae-a9c4-787ca2fa3e21): сейчас
[10:36:26] ItsFartunaRu (87aa0b4c-629f-3cae-a9c4-787ca2fa3e21): еблан
[10:36:26] RunishYT (deb2ebb7-8562-3728-8ba8-ec800da9360c): да блять мы уже седня ебались
[10:36:43] ItsFartunaRu (87aa0b4c-629f-3cae-a9c4-787ca2fa3e21): ты ез
[10:37:56] ItsFartunaRu (87aa0b4c-629f-3cae-a9c4-787ca2fa3e21): нихуясе онли
[10:38:06] ItsFartunaRu (87aa0b4c-629f-3cae-a9c4-787ca2fa3e21): похуй я пошол на парагон
[10:38:15] RunishYT (deb2ebb7-8562-3728-8ba8-ec800da9360c): бан
[10:38:19] ItsFartunaRu (87aa0b4c-629f-3cae-a9c4-787ca2fa3e21): да
[10:39:26] Costelemental (d0fcacd3-9d82-3989-a28b-6768b857240e): я скоро буду, я из шакты вылезу
[10:39:45] GOLDENDUSST (a0ee3527-abbd-3f28-bd2e-ff7c77b23497): Фартук продай слизь
[10:39:53] LightNight010 (b404b429-ad5e-3cdf-9b17-af0796003c67): всё я сделал лайтматике
[10:39:55] LightNight010 (b404b429-ad5e-3cdf-9b17-af0796003c67): всё я сделал лайтматику
[10:39:55] ItsFartunaRu (87aa0b4c-629f-3cae-a9c4-787ca2fa3e21): за фейерверки
[10:41:46] Costelemental (d0fcacd3-9d82-3989-a28b-6768b857240e): скажите корды спавна пж
[10:41:56] LightNight010 (b404b429-ad5e-3cdf-9b17-af0796003c67): около нулевых
[10:42:14] ItsFartunaRu (87aa0b4c-629f-3cae-a9c4-787ca2fa3e21): скок тебе слизи над
[10:42:23] main_PROBROVOVA (32124029-38f0-3378-abc8-3450cef05c3c): 154 68 76
[10:42:49] GOLDENDUSST (a0ee3527-abbd-3f28-bd2e-ff7c77b23497): Продам фанфик про эксрен и дарклайта
[10:42:57] RunishYT (deb2ebb7-8562-3728-8ba8-ec800da9360c): Всех евреев на мадагаскар
[10:43:43] RunishYT (deb2ebb7-8562-3728-8ba8-ec800da9360c): Майнпробровова вы обустраиваете спавн??
[10:44:13] ItsFartunaRu (87aa0b4c-629f-3cae-a9c4-787ca2fa3e21): чёт я словил кринге от того что там щас
[10:44:32] GOLDENDUSST (a0ee3527-abbd-3f28-bd2e-ff7c77b23497): Где щас
[10:44:34] RunishYT (deb2ebb7-8562-3728-8ba8-ec800da9360c): может ему помочь?
[10:44:35] main_PROBROVOVA (32124029-38f0-3378-abc8-3450cef05c3c): ку
[10:44:38] RunishYT (deb2ebb7-8562-3728-8ba8-ec800da9360c): да не похуй
[10:44:42] ItsFartunaRu (87aa0b4c-629f-3cae-a9c4-787ca2fa3e21): сдохнуть?
[10:44:43] main_PROBROVOVA (32124029-38f0-3378-abc8-3450cef05c3c): пошли покажу
[10:44:46] Costelemental (d0fcacd3-9d82-3989-a28b-6768b857240e): го
[10:44:55] RunishYT (deb2ebb7-8562-3728-8ba8-ec800da9360c): Вова кокс вырос
[10:44:56] main_PROBROVOVA (32124029-38f0-3378-abc8-3450cef05c3c): без ! пиши
[10:45:08] main_PROBROVOVA (32124029-38f0-3378-abc8-3450cef05c3c): я не вырашиваю
[10:45:10] Costelemental (d0fcacd3-9d82-3989-a28b-6768b857240e): хорошо
[10:45:14] RunishYT (deb2ebb7-8562-3728-8ba8-ec800da9360c): не ты
[10:45:14] ItsFartunaRu (87aa0b4c-629f-3cae-a9c4-787ca2fa3e21): биля бизнес идея
[10:45:17] RunishYT (deb2ebb7-8562-3728-8ba8-ec800da9360c): другой Вова
[10:45:32] ItsFartunaRu (87aa0b4c-629f-3cae-a9c4-787ca2fa3e21): продавать мефедрончик на нанотехнологиях хсандера
[10:45:42] RunishYT (deb2ebb7-8562-3728-8ba8-ec800da9360c): кому мед нужен?
[10:46:02] main_PROBROVOVA (32124029-38f0-3378-abc8-3450cef05c3c): здесь сгорело но это не моя територия
[10:46:15] Costelemental (d0fcacd3-9d82-3989-a28b-6768b857240e): го на твою
[10:46:18] main_PROBROVOVA (32124029-38f0-3378-abc8-3450cef05c3c): можно тут жить но можно в клановом участке
[10:46:31] main_PROBROVOVA (32124029-38f0-3378-abc8-3450cef05c3c): вот
[10:46:49] RunishYT (deb2ebb7-8562-3728-8ba8-ec800da9360c): кому нужны блоки меда??
[10:46:53] RunishYT (deb2ebb7-8562-3728-8ba8-ec800da9360c): никому?
[10:46:59] main_PROBROVOVA (32124029-38f0-3378-abc8-3450cef05c3c): здесь можно шерсть и еду брать но много не убивать и размножать
[10:47:03] main_PROBROVOVA (32124029-38f0-3378-abc8-3450cef05c3c): пошли ниже
[10:47:19] main_PROBROVOVA (32124029-38f0-3378-abc8-3450cef05c3c): здесь моя база
[10:47:38] Costelemental (d0fcacd3-9d82-3989-a28b-6768b857240e): склад?
[10:47:39] main_PROBROVOVA (32124029-38f0-3378-abc8-3450cef05c3c): здесь ферма
[10:47:48] main_PROBROVOVA (32124029-38f0-3378-abc8-3450cef05c3c): личный мой
[10:47:54] main_PROBROVOVA (32124029-38f0-3378-abc8-3450cef05c3c): потом обший сделаю
[10:48:01] ItsFartunaRu (87aa0b4c-629f-3cae-a9c4-787ca2fa3e21): предлагаю зобанить дарка
[10:48:02] Costelemental (d0fcacd3-9d82-3989-a28b-6768b857240e): у меня есть жители, нужны?
[10:48:02] main_PROBROVOVA (32124029-38f0-3378-abc8-3450cef05c3c): здессь можешь брать еду
[10:48:07] RunishYT (deb2ebb7-8562-3728-8ba8-ec800da9360c): и фартуну
[10:48:10] ItsFartunaRu (87aa0b4c-629f-3cae-a9c4-787ca2fa3e21): да
[10:48:12] ItsFartunaRu (87aa0b4c-629f-3cae-a9c4-787ca2fa3e21): но потом
[10:48:29] main_PROBROVOVA (32124029-38f0-3378-abc8-3450cef05c3c): если онии вступят в клан могут здесь строиться если нет то поблизости
[10:48:38] main_PROBROVOVA (32124029-38f0-3378-abc8-3450cef05c3c): у тебя ресов нет ?
[10:48:40] AviKgolD1 (fe9f4036-69b5-38be-a9c3-1d860d8c4398): элитры за 35 продашь?
[10:48:41] RunishYT (deb2ebb7-8562-3728-8ba8-ec800da9360c): Вова стекло
[10:48:44] RunishYT (deb2ebb7-8562-3728-8ba8-ec800da9360c): Цветное
[10:48:44] Costelemental (d0fcacd3-9d82-3989-a28b-6768b857240e): жители селяне
[10:48:46] ItsFartunaRu (87aa0b4c-629f-3cae-a9c4-787ca2fa3e21): ладн
[10:48:51] Costelemental (d0fcacd3-9d82-3989-a28b-6768b857240e): не игроки, мобы
[10:48:57] main_PROBROVOVA (32124029-38f0-3378-abc8-3450cef05c3c): ааа
[10:49:03] Costelemental (d0fcacd3-9d82-3989-a28b-6768b857240e): ресы есть за ними идти надо
[10:49:13] main_PROBROVOVA (32124029-38f0-3378-abc8-3450cef05c3c): ну можешь пригнать если хочешь
[10:49:29] main_PROBROVOVA (32124029-38f0-3378-abc8-3450cef05c3c): вот держи
[10:49:36] Costelemental (d0fcacd3-9d82-3989-a28b-6768b857240e): спасибо
[10:49:40] RunishYT (deb2ebb7-8562-3728-8ba8-ec800da9360c): меня аксолотли шифтят
[10:49:42] main_PROBROVOVA (32124029-38f0-3378-abc8-3450cef05c3c): незачто
[10:49:49] ItsFartunaRu (87aa0b4c-629f-3cae-a9c4-787ca2fa3e21): туда
[10:49:54] GOLDENDUSST (a0ee3527-abbd-3f28-bd2e-ff7c77b23497): Уебана чувствуют
[10:50:07] main_PROBROVOVA (32124029-38f0-3378-abc8-3450cef05c3c): и кстати самый верхний левый сундук там еда
[10:50:09] LightNight010 (b404b429-ad5e-3cdf-9b17-af0796003c67): скип
[10:50:44] Costelemental (d0fcacd3-9d82-3989-a28b-6768b857240e): я могу снести лес? это не удобно и не практично?
[10:51:05] main_PROBROVOVA (32124029-38f0-3378-abc8-3450cef05c3c): да но главное чтобы у спавна был лес
[10:51:11] main_PROBROVOVA (32124029-38f0-3378-abc8-3450cef05c3c): и много неруби
[10:51:14] ItsFartunaRu (87aa0b4c-629f-3cae-a9c4-787ca2fa3e21): AviKgolD1 ты щас где
[10:51:23] AviKgolD1 (fe9f4036-69b5-38be-a9c3-1d860d8c4398): у себя
[10:51:27] AviKgolD1 (fe9f4036-69b5-38be-a9c3-1d860d8c4398): на базе
[10:51:38] ItsFartunaRu (87aa0b4c-629f-3cae-a9c4-787ca2fa3e21): на спавн можешь прийти?
[10:51:54] LightNight010 (b404b429-ad5e-3cdf-9b17-af0796003c67): у кого бетон есть
[10:51:55] Costelemental (d0fcacd3-9d82-3989-a28b-6768b857240e): а если вынести вопрос на сервере что бы снести лес?? что бы построить норм спавн?
[10:51:57] LightNight010 (b404b429-ad5e-3cdf-9b17-af0796003c67): у кого бетон есть
[10:51:57] AviKgolD1 (fe9f4036-69b5-38be-a9c3-1d860d8c4398): могу но чуть позже
[10:52:10] AviKgolD1 (fe9f4036-69b5-38be-a9c3-1d860d8c4398): вещи с шахты разложу
[10:52:24] main_PROBROVOVA (32124029-38f0-3378-abc8-3450cef05c3c): если много проголосует то можно
[10:52:30] ItsFartunaRu (87aa0b4c-629f-3cae-a9c4-787ca2fa3e21): я через 10 минут свалю на хайпу
[10:52:32] main_PROBROVOVA (32124029-38f0-3378-abc8-3450cef05c3c): больше половины
[10:52:35] ItsFartunaRu (87aa0b4c-629f-3cae-a9c4-787ca2fa3e21): лан там сундук поставлю
[10:52:45] RunishYT (deb2ebb7-8562-3728-8ba8-ec800da9360c): хайпиксель??
[10:52:52] main_PROBROVOVA (32124029-38f0-3378-abc8-3450cef05c3c): у тебя плазмо войс установлен ?
[10:53:00] RunishYT (deb2ebb7-8562-3728-8ba8-ec800da9360c): ясно тупорылый скайварсер
[10:53:00] ItsFartunaRu (87aa0b4c-629f-3cae-a9c4-787ca2fa3e21): нет блять визер эсэмпэ
[10:53:16] Costelemental (d0fcacd3-9d82-3989-a28b-6768b857240e): ??? так много людей не играет, нет войса нету, я с мобилы наушников нет
[10:53:25] ItsFartunaRu (87aa0b4c-629f-3cae-a9c4-787ca2fa3e21): сказал чел страдающий без лицухи
[10:53:28] main_PROBROVOVA (32124029-38f0-3378-abc8-3450cef05c3c): ок
[10:53:35] RunishYT (deb2ebb7-8562-3728-8ba8-ec800da9360c): заткнулся
[10:53:40] RunishYT (deb2ebb7-8562-3728-8ba8-ec800da9360c): кристаликс лучше
[10:53:45] ItsFartunaRu (87aa0b4c-629f-3cae-a9c4-787ca2fa3e21): еблан
[10:54:10] main_PROBROVOVA (32124029-38f0-3378-abc8-3450cef05c3c): ты кстати можешь снизу строиться
[10:54:19] RunishYT (deb2ebb7-8562-3728-8ba8-ec800da9360c): БЛяяять Вова туземцев убери
[10:54:28] RunishYT (deb2ebb7-8562-3728-8ba8-ec800da9360c): их в подвал надо
[10:54:37] GOLDENDUSST (a0ee3527-abbd-3f28-bd2e-ff7c77b23497): Не обязан
[10:54:45] RunishYT (deb2ebb7-8562-3728-8ba8-ec800da9360c): ашалел
[10:54:56] RunishYT (deb2ebb7-8562-3728-8ba8-ec800da9360c): я на них буду строить корабли?
[10:55:05] Costelemental (d0fcacd3-9d82-3989-a28b-6768b857240e): окей, я пока вещи попробую перенести
[10:55:15] main_PROBROVOVA (32124029-38f0-3378-abc8-3450cef05c3c): хорошо
[10:55:20] main_PROBROVOVA (32124029-38f0-3378-abc8-3450cef05c3c): здесь портал есть
[10:55:25] Costelemental (d0fcacd3-9d82-3989-a28b-6768b857240e): есть шалкер?
[10:55:26] main_PROBROVOVA (32124029-38f0-3378-abc8-3450cef05c3c): сверху
[10:55:29] main_PROBROVOVA (32124029-38f0-3378-abc8-3450cef05c3c): нет
[10:57:01] AviKgolD1 (fe9f4036-69b5-38be-a9c3-1d860d8c4398): спасибо
[15:53:08] LightNight010 (b404b429-ad5e-3cdf-9b17-af0796003c67): Скип плиз
[15:53:19] LightNight010 (b404b429-ad5e-3cdf-9b17-af0796003c67): а хотя я сам
[15:53:26] LightNight010 (b404b429-ad5e-3cdf-9b17-af0796003c67): Нет я не могу
[16:28:05] AviKgolD1 (fe9f4036-69b5-38be-a9c3-1d860d8c4398): привет
[16:29:08] AviKgolD1 (fe9f4036-69b5-38be-a9c3-1d860d8c4398): привет
[16:29:17] POPYG1 (b1554f7b-1d22-3d47-bef9-78777d7a166a): всем привет
[16:29:36] LightNight010 (b404b429-ad5e-3cdf-9b17-af0796003c67): ку
[16:29:38] AviKgolD1 (fe9f4036-69b5-38be-a9c3-1d860d8c4398): ок
[16:36:11] LightNight010 (b404b429-ad5e-3cdf-9b17-af0796003c67): я тута
[16:36:17] POPYG1 (b1554f7b-1d22-3d47-bef9-78777d7a166a): угу
[16:36:19] AviKgolD1 (fe9f4036-69b5-38be-a9c3-1d860d8c4398): угу
[16:36:29] AviKgolD1 (fe9f4036-69b5-38be-a9c3-1d860d8c4398): гс
[16:36:51] LightNight010 (b404b429-ad5e-3cdf-9b17-af0796003c67): F
[16:38:00] POPYG1 (b1554f7b-1d22-3d47-bef9-78777d7a166a): капец что так мобы лагают
[16:39:43] POPYG1 (b1554f7b-1d22-3d47-bef9-78777d7a166a): что с мобами
[16:39:50] LightNight010 (b404b429-ad5e-3cdf-9b17-af0796003c67): [p
[16:39:52] LightNight010 (b404b429-ad5e-3cdf-9b17-af0796003c67): хз
[16:40:03] LightNight010 (b404b429-ad5e-3cdf-9b17-af0796003c67): У меня всё норм
[16:40:37] POPYG1 (b1554f7b-1d22-3d47-bef9-78777d7a166a): они у меня лагают и под зельками силы
[16:40:44] POPYG1 (b1554f7b-1d22-3d47-bef9-78777d7a166a): там даже частицы
[16:42:13] POPYG1 (b1554f7b-1d22-3d47-bef9-78777d7a166a): а да?
[16:42:18] POPYG1 (b1554f7b-1d22-3d47-bef9-78777d7a166a): капец
[16:42:19] LightNight010 (b404b429-ad5e-3cdf-9b17-af0796003c67): таб лол
[16:43:48] POPYG1 (b1554f7b-1d22-3d47-bef9-78777d7a166a): я даже предметы поднимать не могу
[17:01:23] ItsFartunaRu (87aa0b4c-629f-3cae-a9c4-787ca2fa3e21): ахуеть че с пингом
[17:01:31] LightNight010 (b404b429-ad5e-3cdf-9b17-af0796003c67): аахаххах
[17:01:39] ItsFartunaRu (87aa0b4c-629f-3cae-a9c4-787ca2fa3e21): ток что было 30
[17:02:07] LightNight010 (b404b429-ad5e-3cdf-9b17-af0796003c67): В казахстане живёшь?))
[17:02:12] ItsFartunaRu (87aa0b4c-629f-3cae-a9c4-787ca2fa3e21): расия
[17:02:15] ItsFartunaRu (87aa0b4c-629f-3cae-a9c4-787ca2fa3e21): москов
[17:02:19] LightNight010 (b404b429-ad5e-3cdf-9b17-af0796003c67): ебат
[17:02:29] LightNight010 (b404b429-ad5e-3cdf-9b17-af0796003c67): я в жопе живу у меня 50 максимум
[17:02:36] ItsFartunaRu (87aa0b4c-629f-3cae-a9c4-787ca2fa3e21): пинг ток что был 30
[17:02:43] ItsFartunaRu (87aa0b4c-629f-3cae-a9c4-787ca2fa3e21): и резко вскочил
[17:03:02] ItsFartunaRu (87aa0b4c-629f-3cae-a9c4-787ca2fa3e21): домру ахуел
[17:03:13] LightNight010 (b404b429-ad5e-3cdf-9b17-af0796003c67): у меня тож жомру ахахах
[17:03:51] ItsFartunaRu (87aa0b4c-629f-3cae-a9c4-787ca2fa3e21): биля осталось ток 3 тампона сексрен
[17:05:54] RunishYT (deb2ebb7-8562-3728-8ba8-ec800da9360c): фартук присоединяйся к пати раков в дс
[17:07:57] RunishYT (deb2ebb7-8562-3728-8ba8-ec800da9360c): кто принесет мне 30 блоков слизи отсосу
[17:17:50] RunishYT (deb2ebb7-8562-3728-8ba8-ec800da9360c): Авик тотемы купишь?
[17:22:39] RunishYT (deb2ebb7-8562-3728-8ba8-ec800da9360c): а вы где живете
[17:22:43] RunishYT (deb2ebb7-8562-3728-8ba8-ec800da9360c): ???
[17:27:11] RunishYT (deb2ebb7-8562-3728-8ba8-ec800da9360c): вау
[17:27:15] RunishYT (deb2ebb7-8562-3728-8ba8-ec800da9360c): продай раковины
[17:27:25] RunishYT (deb2ebb7-8562-3728-8ba8-ec800da9360c): 7
[17:27:40] RunishYT (deb2ebb7-8562-3728-8ba8-ec800da9360c): скок хочешь?
[17:27:51] RunishYT (deb2ebb7-8562-3728-8ba8-ec800da9360c): все
[17:28:38] ItsFartunaRu (87aa0b4c-629f-3cae-a9c4-787ca2fa3e21): биля
[17:28:47] ItsFartunaRu (87aa0b4c-629f-3cae-a9c4-787ca2fa3e21): гг тима рачил я ливаю
[17:28:49] RunishYT (deb2ebb7-8562-3728-8ba8-ec800da9360c): могу топор
[17:29:03] RunishYT (deb2ebb7-8562-3728-8ba8-ec800da9360c): окей
[17:29:15] RunishYT (deb2ebb7-8562-3728-8ba8-ec800da9360c): за фурками придется слетать
[17:30:44] RunishYT (deb2ebb7-8562-3728-8ba8-ec800da9360c): ник сделан 6 лет назад
[17:32:00] RunishYT (deb2ebb7-8562-3728-8ba8-ec800da9360c): нет
[17:32:06] RunishYT (deb2ebb7-8562-3728-8ba8-ec800da9360c): всем лень
[17:32:18] RunishYT (deb2ebb7-8562-3728-8ba8-ec800da9360c): блять шалкер
[17:32:29] RunishYT (deb2ebb7-8562-3728-8ba8-ec800da9360c): я хотел но сложна
[17:32:49] ItsFartunaRu (87aa0b4c-629f-3cae-a9c4-787ca2fa3e21): шлюха кто тебе дал право на разговор RunishYT
[17:32:59] RunishYT (deb2ebb7-8562-3728-8ba8-ec800da9360c): кто бы говорил
[17:33:08] ItsFartunaRu (87aa0b4c-629f-3cae-a9c4-787ca2fa3e21): да ваще
[17:33:09] RunishYT (deb2ebb7-8562-3728-8ba8-ec800da9360c): проститутка Экрен
[17:33:22] ItsFartunaRu (87aa0b4c-629f-3cae-a9c4-787ca2fa3e21): че ты высрал
[17:35:20] RunishYT (deb2ebb7-8562-3728-8ba8-ec800da9360c): найт тебе нужен еще гравий?
[17:36:08] RunishYT (deb2ebb7-8562-3728-8ba8-ec800da9360c): бля
[17:36:19] RunishYT (deb2ebb7-8562-3728-8ba8-ec800da9360c): одна тварь все украла
[17:36:30] RunishYT (deb2ebb7-8562-3728-8ba8-ec800da9360c): ферму пороха хотели строить
[17:36:38] RunishYT (deb2ebb7-8562-3728-8ba8-ec800da9360c): но пока что порох с рейдов
[17:36:53] RunishYT (deb2ebb7-8562-3728-8ba8-ec800da9360c): да намально
[17:37:18] RunishYT (deb2ebb7-8562-3728-8ba8-ec800da9360c): э бля
[17:37:20] RunishYT (deb2ebb7-8562-3728-8ba8-ec800da9360c): убирай
[17:37:43] RunishYT (deb2ebb7-8562-3728-8ba8-ec800da9360c): фартук зацени порт
[17:38:14] ItsFartunaRu (87aa0b4c-629f-3cae-a9c4-787ca2fa3e21): заплати
[17:38:22] RunishYT (deb2ebb7-8562-3728-8ba8-ec800da9360c): ноу
[17:38:41] RunishYT (deb2ebb7-8562-3728-8ba8-ec800da9360c): фурков не будет
[17:38:51] RunishYT (deb2ebb7-8562-3728-8ba8-ec800da9360c): порох спиздили
[17:39:09] ItsFartunaRu (87aa0b4c-629f-3cae-a9c4-787ca2fa3e21): туда
[17:39:23] RunishYT (deb2ebb7-8562-3728-8ba8-ec800da9360c): почти двойной сундук шерсти
[17:39:28] ItsFartunaRu (87aa0b4c-629f-3cae-a9c4-787ca2fa3e21): похуй
[17:39:54] RunishYT (deb2ebb7-8562-3728-8ba8-ec800da9360c): эхх щас би ферму кристаллов чтоби взорвать фартуну
[17:42:03] RunishYT (deb2ebb7-8562-3728-8ba8-ec800da9360c): уфф блять
[17:42:14] RunishYT (deb2ebb7-8562-3728-8ba8-ec800da9360c): крипер около входа в деревню взорвался
[17:42:51] ItsFartunaRu (87aa0b4c-629f-3cae-a9c4-787ca2fa3e21): биля розбийник заспавнился на ферме тыкв
[17:43:00] RunishYT (deb2ebb7-8562-3728-8ba8-ec800da9360c): у голдендаста спроси он добывал где-то
[17:45:35] RunishYT (deb2ebb7-8562-3728-8ba8-ec800da9360c): нельзя
[17:45:58] RunishYT (deb2ebb7-8562-3728-8ba8-ec800da9360c): категорически запрещено
[17:46:31] LightNight010 (b404b429-ad5e-3cdf-9b17-af0796003c67): 780 -130
[17:58:04] RunishYT (deb2ebb7-8562-3728-8ba8-ec800da9360c): прив
[17:58:15] RunishYT (deb2ebb7-8562-3728-8ba8-ec800da9360c): да
[17:58:38] RunishYT (deb2ebb7-8562-3728-8ba8-ec800da9360c): ща
[17:58:55] RunishYT (deb2ebb7-8562-3728-8ba8-ec800da9360c): 2 стака??
