[09:45:33] RunishYT (deb2ebb7-8562-3728-8ba8-ec800da9360c): авик гоу пвп я с пк ты с тела
[09:45:48] AviKgolD1 (fe9f4036-69b5-38be-a9c3-1d860d8c4398): ахахах гений
[09:48:00] RunishYT (deb2ebb7-8562-3728-8ba8-ec800da9360c): интерес чо будит если я с пк зайду когда я на теле уже вошел
[09:49:40] AviKgolD1 (fe9f4036-69b5-38be-a9c3-1d860d8c4398): скажет что с вашего ника уже ктото играет
[09:49:54] RunishYT (deb2ebb7-8562-3728-8ba8-ec800da9360c): кто играет?
[09:50:20] AviKgolD1 (fe9f4036-69b5-38be-a9c3-1d860d8c4398): я про то что будет если с пк зайдёшь
[09:50:30] RunishYT (deb2ebb7-8562-3728-8ba8-ec800da9360c): кто зайдет??
[09:59:50] AviKgolD1 (fe9f4036-69b5-38be-a9c3-1d860d8c4398): наконец то я нашёл льды
[10:00:17] RunishYT (deb2ebb7-8562-3728-8ba8-ec800da9360c): добывай там по максу
[10:00:27] RunishYT (deb2ebb7-8562-3728-8ba8-ec800da9360c): там много дорог надо построить
[10:00:34] AviKgolD1 (fe9f4036-69b5-38be-a9c3-1d860d8c4398): поспи тогда плиз мобы мешают
[10:01:48] AviKgolD1 (fe9f4036-69b5-38be-a9c3-1d860d8c4398): я сюда портал по аду проведу
[10:07:22] RunishYT (deb2ebb7-8562-3728-8ba8-ec800da9360c): все с пк захожу
[10:07:53] AviKgolD1 (fe9f4036-69b5-38be-a9c3-1d860d8c4398): ясно
[10:11:25] AviKgolD1 (fe9f4036-69b5-38be-a9c3-1d860d8c4398): скип
[10:58:32] RunishYT (deb2ebb7-8562-3728-8ba8-ec800da9360c): Где ты?
[10:58:41] AviKgolD1 (fe9f4036-69b5-38be-a9c3-1d860d8c4398): льды
[10:58:53] RunishYT (deb2ebb7-8562-3728-8ba8-ec800da9360c): я тебя побить хачу
[10:59:14] AviKgolD1 (fe9f4036-69b5-38be-a9c3-1d860d8c4398): ммм ок
[11:03:47] AviKgolD1 (fe9f4036-69b5-38be-a9c3-1d860d8c4398): +56 стаков льда
[11:15:12] RunishYT (deb2ebb7-8562-3728-8ba8-ec800da9360c): чел.....
[11:15:30] AviKgolD1 (fe9f4036-69b5-38be-a9c3-1d860d8c4398): чего?
[11:15:40] RunishYT (deb2ebb7-8562-3728-8ba8-ec800da9360c): как ты сдох?
[11:15:47] AviKgolD1 (fe9f4036-69b5-38be-a9c3-1d860d8c4398): я специально
[11:15:55] RunishYT (deb2ebb7-8562-3728-8ba8-ec800da9360c): ладно
[11:15:55] AviKgolD1 (fe9f4036-69b5-38be-a9c3-1d860d8c4398): чтоб домой не лететь
[11:16:26] RunishYT (deb2ebb7-8562-3728-8ba8-ec800da9360c): я в реал лайф тоже так делаю
[11:16:41] AviKgolD1 (fe9f4036-69b5-38be-a9c3-1d860d8c4398): крутой
[11:19:07] RunishYT (deb2ebb7-8562-3728-8ba8-ec800da9360c): пиздец блять Вова факелов нахуярил лагает пиздец
[11:19:43] AviKgolD1 (fe9f4036-69b5-38be-a9c3-1d860d8c4398): ну че где дороги делать?
[11:20:33] RunishYT (deb2ebb7-8562-3728-8ba8-ec800da9360c): хз до всех баз наверн
[11:20:54] AviKgolD1 (fe9f4036-69b5-38be-a9c3-1d860d8c4398): да я про другое, на крыше ада или внизу?
[11:21:07] RunishYT (deb2ebb7-8562-3728-8ba8-ec800da9360c): внизу
[11:21:26] AviKgolD1 (fe9f4036-69b5-38be-a9c3-1d860d8c4398): бл копать придётся
[11:22:16] AviKgolD1 (fe9f4036-69b5-38be-a9c3-1d860d8c4398): сломай над спавном бедрок
[11:22:25] RunishYT (deb2ebb7-8562-3728-8ba8-ec800da9360c): потом
[11:22:27] AviKgolD1 (fe9f4036-69b5-38be-a9c3-1d860d8c4398): для подъёма
[11:23:59] RunishYT (deb2ebb7-8562-3728-8ba8-ec800da9360c): ты гдэ?
[11:24:11] AviKgolD1 (fe9f4036-69b5-38be-a9c3-1d860d8c4398): улетел
[11:24:30] RunishYT (deb2ebb7-8562-3728-8ba8-ec800da9360c): жаль
[11:24:37] AviKgolD1 (fe9f4036-69b5-38be-a9c3-1d860d8c4398): на спавне в аду я
[11:24:45] RunishYT (deb2ebb7-8562-3728-8ba8-ec800da9360c): делай ферму роз
[11:24:50] RunishYT (deb2ebb7-8562-3728-8ba8-ec800da9360c): я могу головы дать
[11:24:59] AviKgolD1 (fe9f4036-69b5-38be-a9c3-1d860d8c4398): так у меня черепов нет
[11:25:02] RunishYT (deb2ebb7-8562-3728-8ba8-ec800da9360c): я могу головы дать
[11:25:36] AviKgolD1 (fe9f4036-69b5-38be-a9c3-1d860d8c4398): ок, но уже не сегодня
[11:25:46] RunishYT (deb2ebb7-8562-3728-8ba8-ec800da9360c): ладно
[11:26:19] AviKgolD1 (fe9f4036-69b5-38be-a9c3-1d860d8c4398): портал надо опустить или поднять?
[11:26:32] RunishYT (deb2ebb7-8562-3728-8ba8-ec800da9360c): как? зачем?
[11:26:59] AviKgolD1 (fe9f4036-69b5-38be-a9c3-1d860d8c4398): ок ладно тогда буду раскапывать теру для спавна
[11:29:00] AviKgolD1 (fe9f4036-69b5-38be-a9c3-1d860d8c4398): qq
[11:29:13] RunishYT (deb2ebb7-8562-3728-8ba8-ec800da9360c): прив
[11:29:16] RunishYT (deb2ebb7-8562-3728-8ba8-ec800da9360c): а
[11:32:01] AviKgolD1 (fe9f4036-69b5-38be-a9c3-1d860d8c4398): руниш иди на спавн в аду, а то потом будете говорить что я вам лестницу сломал
[11:32:47] RunishYT (deb2ebb7-8562-3728-8ba8-ec800da9360c): Бляяяяять брисон
[11:33:25] RunishYT (deb2ebb7-8562-3728-8ba8-ec800da9360c): а
[11:33:33] RunishYT (deb2ebb7-8562-3728-8ba8-ec800da9360c): это не наша лестница
[11:33:43] RunishYT (deb2ebb7-8562-3728-8ba8-ec800da9360c): это сайк
[11:34:12] RunishYT (deb2ebb7-8562-3728-8ba8-ec800da9360c): энд чест есть?
[11:34:52] RunishYT (deb2ebb7-8562-3728-8ba8-ec800da9360c): "СУККка
[11:34:59] RunishYT (deb2ebb7-8562-3728-8ba8-ec800da9360c): пизда всему
[11:35:14] [CAPS] RunishYT (deb2ebb7-8562-3728-8ba8-ec800da9360c): не подходи
[11:35:39] [CAPS] RunishYT (deb2ebb7-8562-3728-8ba8-ec800da9360c): сука пизда
[11:35:54] RunishYT (deb2ebb7-8562-3728-8ba8-ec800da9360c): Мне похуй я спавню
[11:36:01] [CAPS] RunishYT (deb2ebb7-8562-3728-8ba8-ec800da9360c): не подходи
[11:36:02] [CAPS] RunishYT (deb2ebb7-8562-3728-8ba8-ec800da9360c): не подходи
[11:37:17] RunishYT (deb2ebb7-8562-3728-8ba8-ec800da9360c): стоять
[11:37:25] RunishYT (deb2ebb7-8562-3728-8ba8-ec800da9360c): именем спавн полиции
[11:37:48] RunishYT (deb2ebb7-8562-3728-8ba8-ec800da9360c): не ссы тотем верну
[11:38:33] AviKgolD1 (fe9f4036-69b5-38be-a9c3-1d860d8c4398): у меня тотемы и так есть
[11:38:44] AviKgolD1 (fe9f4036-69b5-38be-a9c3-1d860d8c4398): просто я себя заказал
[11:38:53] AviKgolD1 (fe9f4036-69b5-38be-a9c3-1d860d8c4398): просто я себя заказал
[11:39:49] RunishYT (deb2ebb7-8562-3728-8ba8-ec800da9360c): бля подскажы корды спавна
[11:40:03] AviKgolD1 (fe9f4036-69b5-38be-a9c3-1d860d8c4398): -4 10
[12:27:26] AviKgolD1 (fe9f4036-69b5-38be-a9c3-1d860d8c4398): qq
[12:27:35] Lolaol (87ad5a86-9b00-3567-aad2-09baa248d884): qq
[12:29:04] AviKgolD1 (fe9f4036-69b5-38be-a9c3-1d860d8c4398): zaxar пошли спавн в аду строить
[12:29:19] ZAXAR1000 (48fa848d-9d79-373d-9cb1-c50d5b916c88): ок
[12:36:30] AviKgolD1 (fe9f4036-69b5-38be-a9c3-1d860d8c4398): в эту сторону копай
[12:36:40] AviKgolD1 (fe9f4036-69b5-38be-a9c3-1d860d8c4398): я за обсой
[12:36:52] ZAXAR1000 (48fa848d-9d79-373d-9cb1-c50d5b916c88): в кокую крпать
[12:38:13] ZAXAR1000 (48fa848d-9d79-373d-9cb1-c50d5b916c88): принеси лапату мне
[12:38:27] AviKgolD1 (fe9f4036-69b5-38be-a9c3-1d860d8c4398): да бл сходи на базу
[12:48:03] ZAXAR1000 (48fa848d-9d79-373d-9cb1-c50d5b916c88): ку
[12:48:29] RunishYT (deb2ebb7-8562-3728-8ba8-ec800da9360c): чуть не сдох
[12:48:38] ZAXAR1000 (48fa848d-9d79-373d-9cb1-c50d5b916c88): ?
[12:56:02] GOLDENDUSST (a0ee3527-abbd-3f28-bd2e-ff7c77b23497): Да блять кто поять карту сломал ебаный врооут
[12:58:52] GOLDENDUSST (a0ee3527-abbd-3f28-bd2e-ff7c77b23497): Сука еблан какой то ломает карту сука я найду тебя уёбак
[13:57:27] RunishYT (deb2ebb7-8562-3728-8ba8-ec800da9360c): Авик зови президента
[13:57:38] AviKgolD1 (fe9f4036-69b5-38be-a9c3-1d860d8c4398): чего?
[13:57:44] RunishYT (deb2ebb7-8562-3728-8ba8-ec800da9360c): сайк позови
[13:58:06] AviKgolD1 (fe9f4036-69b5-38be-a9c3-1d860d8c4398): сам позови
[13:58:18] RunishYT (deb2ebb7-8562-3728-8ba8-ec800da9360c): ашалел раб
[13:58:35] RunishYT (deb2ebb7-8562-3728-8ba8-ec800da9360c): вот захар хороший негр
[13:58:41] RunishYT (deb2ebb7-8562-3728-8ba8-ec800da9360c): учись у захара поведению
[13:58:57] AviKgolD1 (fe9f4036-69b5-38be-a9c3-1d860d8c4398): так захар с пк ему легче кого-то звать
[14:06:57] AviKgolD1 (fe9f4036-69b5-38be-a9c3-1d860d8c4398): принесите обсы на спавн в аду плиз потом верну с собой нету а на базу долго идти
[14:09:37] RunishYT (deb2ebb7-8562-3728-8ba8-ec800da9360c): бля чел
[14:09:56] RunishYT (deb2ebb7-8562-3728-8ba8-ec800da9360c): чел я проебал шалкер
[14:10:12] RunishYT (deb2ebb7-8562-3728-8ba8-ec800da9360c): с обсой
[14:10:20] AviKgolD1 (fe9f4036-69b5-38be-a9c3-1d860d8c4398): (
[14:15:10] AviKgolD1 (fe9f4036-69b5-38be-a9c3-1d860d8c4398): хаб будет около 35х35
[14:15:18] AviKgolD1 (fe9f4036-69b5-38be-a9c3-1d860d8c4398): теперь осталось его построить
[14:15:29] RunishYT (deb2ebb7-8562-3728-8ba8-ec800da9360c): ну удачи чел
[14:15:36] RunishYT (deb2ebb7-8562-3728-8ba8-ec800da9360c): тебе потом заплатят целых
[14:15:38] RunishYT (deb2ebb7-8562-3728-8ba8-ec800da9360c): целых
[14:15:43] AviKgolD1 (fe9f4036-69b5-38be-a9c3-1d860d8c4398): 0
[14:15:49] RunishYT (deb2ebb7-8562-3728-8ba8-ec800da9360c): нихуя
[14:16:16] RunishYT (deb2ebb7-8562-3728-8ba8-ec800da9360c): вот и оплата труда от сайк
[14:18:52] AviKgolD1 (fe9f4036-69b5-38be-a9c3-1d860d8c4398): похоже я первый раз в выживании буду делать ферму булыгы
[14:19:04] AviKgolD1 (fe9f4036-69b5-38be-a9c3-1d860d8c4398): булыги*
[14:54:07] RunishYT (deb2ebb7-8562-3728-8ba8-ec800da9360c): бля короч
[14:54:18] RunishYT (deb2ebb7-8562-3728-8ba8-ec800da9360c): пиздуй дороги строить
[14:57:04] RunishYT (deb2ebb7-8562-3728-8ba8-ec800da9360c): сайко
[14:57:15] RunishYT (deb2ebb7-8562-3728-8ba8-ec800da9360c): эндерит на других островах спавнится?
[14:57:20] saikonohack (61d3e846-cfe0-3e5b-b41b-772c1020819e): хз
[14:57:28] RunishYT (deb2ebb7-8562-3728-8ba8-ec800da9360c): блять кто плагины ставит
[14:59:06] RunishYT (deb2ebb7-8562-3728-8ba8-ec800da9360c): ты работаешь на веблансе??
[14:59:13] saikonohack (61d3e846-cfe0-3e5b-b41b-772c1020819e): я?
[14:59:17] RunishYT (deb2ebb7-8562-3728-8ba8-ec800da9360c): да
[14:59:19] saikonohack (61d3e846-cfe0-3e5b-b41b-772c1020819e): fl.ru
[14:59:32] RunishYT (deb2ebb7-8562-3728-8ba8-ec800da9360c): а
[14:59:35] RunishYT (deb2ebb7-8562-3728-8ba8-ec800da9360c): ясно
[15:00:25] RunishYT (deb2ebb7-8562-3728-8ba8-ec800da9360c): Заказываем шлюх через фриланс биржы
[15:03:06] RunishYT (deb2ebb7-8562-3728-8ba8-ec800da9360c): сайк тя шаришь за гавно??
[15:03:29] RunishYT (deb2ebb7-8562-3728-8ba8-ec800da9360c): прост голд сказал что программисты шарят
[15:04:14] RunishYT (deb2ebb7-8562-3728-8ba8-ec800da9360c): ебанный бобанный этой рекламы
[15:04:23] saikonohack (61d3e846-cfe0-3e5b-b41b-772c1020819e): вопросы?
[15:04:30] RunishYT (deb2ebb7-8562-3728-8ba8-ec800da9360c): нет
[15:04:32] RunishYT (deb2ebb7-8562-3728-8ba8-ec800da9360c): босс
[15:12:37] RunishYT (deb2ebb7-8562-3728-8ba8-ec800da9360c): лох
[15:12:39] RunishYT (deb2ebb7-8562-3728-8ba8-ec800da9360c): пидр
[15:15:41] 1DarkLight1 (55ea8335-29fe-3a45-98bc-0ec3f0da1e2e): лох
[15:16:57] 1DarkLight1 (55ea8335-29fe-3a45-98bc-0ec3f0da1e2e): лошара
[15:17:33] 1DarkLight1 (55ea8335-29fe-3a45-98bc-0ec3f0da1e2e): ragequit be like ууу ааа
[15:17:46] Corwin4_ (09de6106-0819-3ca8-9b4c-af9ec585b9e9): ну чё, закибербуллили тебя?
[15:17:55] Corwin4_ (09de6106-0819-3ca8-9b4c-af9ec585b9e9): ну выключи компьютер, не знаю
[15:18:07] 1DarkLight1 (55ea8335-29fe-3a45-98bc-0ec3f0da1e2e): включил компьютер назад
[15:20:16] RunishYT (deb2ebb7-8562-3728-8ba8-ec800da9360c): лох
[15:20:23] 1DarkLight1 (55ea8335-29fe-3a45-98bc-0ec3f0da1e2e): у меня не фулл незеритка между прочим
[15:20:37] GOLDENDUSST (a0ee3527-abbd-3f28-bd2e-ff7c77b23497): Рял руниш лох
[15:21:00] 1DarkLight1 (55ea8335-29fe-3a45-98bc-0ec3f0da1e2e): пздц тупич
[15:29:07] saikonohack (61d3e846-cfe0-3e5b-b41b-772c1020819e): анонс на спавне кста
[15:29:13] 1DarkLight1 (55ea8335-29fe-3a45-98bc-0ec3f0da1e2e): похуй
[15:30:56] saikonohack (61d3e846-cfe0-3e5b-b41b-772c1020819e): сбебранк
[15:31:03] AviKgolD1 (fe9f4036-69b5-38be-a9c3-1d860d8c4398): ку, круто
[15:31:43] saikonohack (61d3e846-cfe0-3e5b-b41b-772c1020819e): он в гм мире красивый оч
[15:31:53] AviKgolD1 (fe9f4036-69b5-38be-a9c3-1d860d8c4398): хорошо
[15:31:56] saikonohack (61d3e846-cfe0-3e5b-b41b-772c1020819e): кста
[15:31:58] saikonohack (61d3e846-cfe0-3e5b-b41b-772c1020819e): скидка была
[15:32:00] saikonohack (61d3e846-cfe0-3e5b-b41b-772c1020819e): видел?
[15:32:05] AviKgolD1 (fe9f4036-69b5-38be-a9c3-1d860d8c4398): ты сможешь бедрок сломать на крыше?
[15:34:28] RunishYT (deb2ebb7-8562-3728-8ba8-ec800da9360c): ты еблан
[15:34:46] RunishYT (deb2ebb7-8562-3728-8ba8-ec800da9360c): Made in heaven
[15:34:58] RunishYT (deb2ebb7-8562-3728-8ba8-ec800da9360c): Made in heaven down version
[15:35:47] AviKgolD1 (fe9f4036-69b5-38be-a9c3-1d860d8c4398): так что дороги в аду делать на крыше или снизу?
[15:35:56] RunishYT (deb2ebb7-8562-3728-8ba8-ec800da9360c): снизу
[15:36:10] AviKgolD1 (fe9f4036-69b5-38be-a9c3-1d860d8c4398): ага
[15:36:16] AviKgolD1 (fe9f4036-69b5-38be-a9c3-1d860d8c4398): твой храм?)
[15:36:20] saikonohack (61d3e846-cfe0-3e5b-b41b-772c1020819e): конееечно
[15:36:35] saikonohack (61d3e846-cfe0-3e5b-b41b-772c1020819e): мне же делать то неча кроме как кромсать игроков как капусту
[15:36:57] saikonohack (61d3e846-cfe0-3e5b-b41b-772c1020819e): с шейдерами круто играть
[15:37:22] AviKgolD1 (fe9f4036-69b5-38be-a9c3-1d860d8c4398): нафига мне платить за свою голову?
[15:37:30] saikonohack (61d3e846-cfe0-3e5b-b41b-772c1020819e): ну, ты заказал ведь
[15:37:40] saikonohack (61d3e846-cfe0-3e5b-b41b-772c1020819e): я заплатил за брэдлину
[16:27:30] saikonohack (61d3e846-cfe0-3e5b-b41b-772c1020819e): я заебся сбебранк строить
[16:46:09] RunishYT (deb2ebb7-8562-3728-8ba8-ec800da9360c): сак плоти деньги я тебе 3 игроков привел
[16:49:58] saikonohack (61d3e846-cfe0-3e5b-b41b-772c1020819e): чекни бану
[16:50:01] saikonohack (61d3e846-cfe0-3e5b-b41b-772c1020819e): банк
[16:50:09] RunishYT (deb2ebb7-8562-3728-8ba8-ec800da9360c): тп
[16:52:40] saikonohack (61d3e846-cfe0-3e5b-b41b-772c1020819e): банк
[16:52:43] saikonohack (61d3e846-cfe0-3e5b-b41b-772c1020819e): чекни банr
[16:52:45] saikonohack (61d3e846-cfe0-3e5b-b41b-772c1020819e): чекни банк
[16:52:46] AviKgolD1 (fe9f4036-69b5-38be-a9c3-1d860d8c4398): во сколько голову дарка оцените?
[16:52:55] RunishYT (deb2ebb7-8562-3728-8ba8-ec800da9360c): я к тебе на работу устраиваюсь
[16:52:58] saikonohack (61d3e846-cfe0-3e5b-b41b-772c1020819e): я то откуда знаю? кекв
[16:53:03] saikonohack (61d3e846-cfe0-3e5b-b41b-772c1020819e): зачс
[16:56:16] RunishYT (deb2ebb7-8562-3728-8ba8-ec800da9360c): дороги сделай
[16:56:18] saikonohack (61d3e846-cfe0-3e5b-b41b-772c1020819e): какие
[16:56:28] RunishYT (deb2ebb7-8562-3728-8ba8-ec800da9360c): вот такие
[16:56:35] RunishYT (deb2ebb7-8562-3728-8ba8-ec800da9360c): ну из креатива возьми как обычно
[16:56:39] saikonohack (61d3e846-cfe0-3e5b-b41b-772c1020819e): чт
[16:56:47] RunishYT (deb2ebb7-8562-3728-8ba8-ec800da9360c): долбаеб нормальные
[16:57:01] RunishYT (deb2ebb7-8562-3728-8ba8-ec800da9360c): этот банк из креатива
[16:57:06] saikonohack (61d3e846-cfe0-3e5b-b41b-772c1020819e): нет
[16:57:12] saikonohack (61d3e846-cfe0-3e5b-b41b-772c1020819e): я строил его блять
[16:57:15] saikonohack (61d3e846-cfe0-3e5b-b41b-772c1020819e): годами
[16:57:57] RunishYT (deb2ebb7-8562-3728-8ba8-ec800da9360c): блять пиздец авик украл
[16:58:20] saikonohack (61d3e846-cfe0-3e5b-b41b-772c1020819e): я когда таблы пишу
[16:58:21] AviKgolD1 (fe9f4036-69b5-38be-a9c3-1d860d8c4398): что украл?
[16:58:25] saikonohack (61d3e846-cfe0-3e5b-b41b-772c1020819e): меня не продамажить
[16:58:30] RunishYT (deb2ebb7-8562-3728-8ba8-ec800da9360c): блять пиздец авик украл
[16:58:39] saikonohack (61d3e846-cfe0-3e5b-b41b-772c1020819e): я щас ударю тебя
[16:58:42] RunishYT (deb2ebb7-8562-3728-8ba8-ec800da9360c): пиздец авик
[16:58:44] saikonohack (61d3e846-cfe0-3e5b-b41b-772c1020819e): вернул блять
[16:58:58] Corwin4_ (09de6106-0819-3ca8-9b4c-af9ec585b9e9): с пиздатым скином надеюсь
[17:01:21] RunishYT (deb2ebb7-8562-3728-8ba8-ec800da9360c): я короч тут построю кое чо
[17:01:25] saikonohack (61d3e846-cfe0-3e5b-b41b-772c1020819e): где
[17:03:45] AviKgolD1 (fe9f4036-69b5-38be-a9c3-1d860d8c4398): сори
[17:20:41] GOLDENDUSST (a0ee3527-abbd-3f28-bd2e-ff7c77b23497): Всем спать тихий час
[17:20:51] 1DarkLight1 (55ea8335-29fe-3a45-98bc-0ec3f0da1e2e): тут только ты из детсада играешь
[17:21:12] GOLDENDUSST (a0ee3527-abbd-3f28-bd2e-ff7c77b23497): Я там кста девственности лишился
[17:21:16] GOLDENDUSST (a0ee3527-abbd-3f28-bd2e-ff7c77b23497): Вчера
[17:21:19] 1DarkLight1 (55ea8335-29fe-3a45-98bc-0ec3f0da1e2e): рунишка тебя лишил
[17:21:38] GOLDENDUSST (a0ee3527-abbd-3f28-bd2e-ff7c77b23497): Твою сестрёнку
[17:21:52] 1DarkLight1 (55ea8335-29fe-3a45-98bc-0ec3f0da1e2e): он твоя сестрёнка?
[17:21:53] 1DarkLight1 (55ea8335-29fe-3a45-98bc-0ec3f0da1e2e): ок
[17:22:06] GOLDENDUSST (a0ee3527-abbd-3f28-bd2e-ff7c77b23497): Нет он на правах секс раба
[17:34:23] GOLDENDUSST (a0ee3527-abbd-3f28-bd2e-ff7c77b23497): Ухади ухади ухади
[17:34:24] GOLDENDUSST (a0ee3527-abbd-3f28-bd2e-ff7c77b23497): Ухади ухади ухади
[17:34:25] GOLDENDUSST (a0ee3527-abbd-3f28-bd2e-ff7c77b23497): Ухади ухади ухади
[17:34:29] GOLDENDUSST (a0ee3527-abbd-3f28-bd2e-ff7c77b23497): Ухади ухади ухади
[17:34:30] GOLDENDUSST (a0ee3527-abbd-3f28-bd2e-ff7c77b23497): Ухади ухади ухади
[17:34:42] ItsFartunaRu (87aa0b4c-629f-3cae-a9c4-787ca2fa3e21): завали своё тупое ебало
[17:34:45] ItsFartunaRu (87aa0b4c-629f-3cae-a9c4-787ca2fa3e21): ты сосёшь плохо
[17:35:09] GOLDENDUSST (a0ee3527-abbd-3f28-bd2e-ff7c77b23497): Признаю ты лучше сосёшь
[17:35:16] ItsFartunaRu (87aa0b4c-629f-3cae-a9c4-787ca2fa3e21): ноу
[17:36:36] GOLDENDUSST (a0ee3527-abbd-3f28-bd2e-ff7c77b23497): Ух как я его попустил
[17:43:12] GOLDENDUSST (a0ee3527-abbd-3f28-bd2e-ff7c77b23497): 5 сетов брони фулл без шипов и скорости душ
[17:43:29] RunishYT (deb2ebb7-8562-3728-8ba8-ec800da9360c): кринге
[17:43:32] GOLDENDUSST (a0ee3527-abbd-3f28-bd2e-ff7c77b23497): Продам 4 сета
[17:43:48] GOLDENDUSST (a0ee3527-abbd-3f28-bd2e-ff7c77b23497): якто хочет купить или конкретную вещь
[17:45:09] RunishYT (deb2ebb7-8562-3728-8ba8-ec800da9360c): вова построй купала пж
[17:57:36] GOLDENDUSST (a0ee3527-abbd-3f28-bd2e-ff7c77b23497): Руниш
[17:57:42] GOLDENDUSST (a0ee3527-abbd-3f28-bd2e-ff7c77b23497): Сюда иди
[17:57:49] RunishYT (deb2ebb7-8562-3728-8ba8-ec800da9360c): я спиздил незерит
[17:58:50] RunishYT (deb2ebb7-8562-3728-8ba8-ec800da9360c): ну
[18:00:12] GOLDENDUSST (a0ee3527-abbd-3f28-bd2e-ff7c77b23497): бля
[18:00:19] GOLDENDUSST (a0ee3527-abbd-3f28-bd2e-ff7c77b23497): у тебя же шлем незертт
[18:00:36] GOLDENDUSST (a0ee3527-abbd-3f28-bd2e-ff7c77b23497): я хотел тебя трахать
[18:00:40] GOLDENDUSST (a0ee3527-abbd-3f28-bd2e-ff7c77b23497): а ты урод
[18:00:49] RunishYT (deb2ebb7-8562-3728-8ba8-ec800da9360c): ладно купола за 4 незерита построй
[18:00:55] RunishYT (deb2ebb7-8562-3728-8ba8-ec800da9360c): пж
[18:01:11] GOLDENDUSST (a0ee3527-abbd-3f28-bd2e-ff7c77b23497): Я спаиь
[18:01:18] GOLDENDUSST (a0ee3527-abbd-3f28-bd2e-ff7c77b23497): Потом я спать
[18:01:57] RunishYT (deb2ebb7-8562-3728-8ba8-ec800da9360c): ладно
[18:13:34] RunishYT (deb2ebb7-8562-3728-8ba8-ec800da9360c): уффф блять наконец-то
