[01:52:11] GulgPlayer (a1c0ea2e-fe38-3c55-a100-bcde7e6529b1): s
[01:52:16] GulgPlayer (a1c0ea2e-fe38-3c55-a100-bcde7e6529b1): привет
[01:52:27] NightVizer (baecb933-9897-3b35-86a3-c2c9dd1004dd): привет)
[01:53:05] GulgPlayer (a1c0ea2e-fe38-3c55-a100-bcde7e6529b1): тебе нужен песок душ?
[01:53:08] GulgPlayer (a1c0ea2e-fe38-3c55-a100-bcde7e6529b1): могу подарить
[02:00:12] NightVizer (baecb933-9897-3b35-86a3-c2c9dd1004dd): нет спасибо)
[02:00:37] NightVizer (baecb933-9897-3b35-86a3-c2c9dd1004dd): вот как прокачаюсь буду искать людей уто красиво строит, а то я не умею
[02:00:57] GulgPlayer (a1c0ea2e-fe38-3c55-a100-bcde7e6529b1): я знаю таких
[02:01:02] GulgPlayer (a1c0ea2e-fe38-3c55-a100-bcde7e6529b1): из моей команды двое
[02:01:15] NightVizer (baecb933-9897-3b35-86a3-c2c9dd1004dd): у меня пока нет чем их нанять, но спаксибо)
[02:01:15] GulgPlayer (a1c0ea2e-fe38-3c55-a100-bcde7e6529b1): но мы за постройки будем если что брать плату
[02:04:43] NightVizer (baecb933-9897-3b35-86a3-c2c9dd1004dd): поспишь?
[02:04:54] GulgPlayer (a1c0ea2e-fe38-3c55-a100-bcde7e6529b1): ок
[02:05:09] NightVizer (baecb933-9897-3b35-86a3-c2c9dd1004dd): спасибо)
[02:07:24] GulgPlayer (a1c0ea2e-fe38-3c55-a100-bcde7e6529b1): можешь дать в долг 32 железа
[02:07:31] GulgPlayer (a1c0ea2e-fe38-3c55-a100-bcde7e6529b1): обещаю вернуть сегодня или завтра
[02:07:39] NightVizer (baecb933-9897-3b35-86a3-c2c9dd1004dd): я очень далеко
[02:07:47] GulgPlayer (a1c0ea2e-fe38-3c55-a100-bcde7e6529b1): ок((
[02:07:53] NightVizer (baecb933-9897-3b35-86a3-c2c9dd1004dd): ты до меня не добежишь
[02:42:43] NightVizer (baecb933-9897-3b35-86a3-c2c9dd1004dd): f
[02:42:48] NightVizer (baecb933-9897-3b35-86a3-c2c9dd1004dd): f
[02:42:56] NightVizer (baecb933-9897-3b35-86a3-c2c9dd1004dd): кста ты что делаешь?
[02:42:58] GulgPlayer (a1c0ea2e-fe38-3c55-a100-bcde7e6529b1): что случилось?
[02:43:07] GulgPlayer (a1c0ea2e-fe38-3c55-a100-bcde7e6529b1): ферму железа
[02:43:26] NightVizer (baecb933-9897-3b35-86a3-c2c9dd1004dd): ты умер, а я тлько сейчас заметел)
[02:43:29] NightVizer (baecb933-9897-3b35-86a3-c2c9dd1004dd): хорошь
[02:43:37] GulgPlayer (a1c0ea2e-fe38-3c55-a100-bcde7e6529b1): рили
[02:43:40] GulgPlayer (a1c0ea2e-fe38-3c55-a100-bcde7e6529b1): ахахахх
[02:49:24] NightVizer (baecb933-9897-3b35-86a3-c2c9dd1004dd): а
[02:49:26] GulgPlayer (a1c0ea2e-fe38-3c55-a100-bcde7e6529b1): замечательно)
[02:49:30] NightVizer (baecb933-9897-3b35-86a3-c2c9dd1004dd): привте, хорошо)
[02:49:42] NightVizer (baecb933-9897-3b35-86a3-c2c9dd1004dd): жаль ща уже заканчивать играть придётся...
[02:49:55] GulgPlayer (a1c0ea2e-fe38-3c55-a100-bcde7e6529b1): очень нравится
[02:50:01] GulgPlayer (a1c0ea2e-fe38-3c55-a100-bcde7e6529b1): ресурспак установил
[02:50:03] NightVizer (baecb933-9897-3b35-86a3-c2c9dd1004dd): Ёя установил оптифан, ресурс пак ненашёл
[02:50:06] GulgPlayer (a1c0ea2e-fe38-3c55-a100-bcde7e6529b1): в энд пока не ходил
[02:51:00] NightVizer (baecb933-9897-3b35-86a3-c2c9dd1004dd): спасибо)
[02:53:20] NightVizer (baecb933-9897-3b35-86a3-c2c9dd1004dd): ладно всем пока, мне пора на клас час
[04:56:10] GulgPlayer (a1c0ea2e-fe38-3c55-a100-bcde7e6529b1): привет
[05:07:29] NightVizer (baecb933-9897-3b35-86a3-c2c9dd1004dd): f
[05:10:41] NightVizer (baecb933-9897-3b35-86a3-c2c9dd1004dd): ты чего
[05:10:46] GulgPlayer (a1c0ea2e-fe38-3c55-a100-bcde7e6529b1): что
[05:10:54] NightVizer (baecb933-9897-3b35-86a3-c2c9dd1004dd): так часто помирешь)
[05:11:00] GulgPlayer (a1c0ea2e-fe38-3c55-a100-bcde7e6529b1): тебе продать железо
[05:11:03] GulgPlayer (a1c0ea2e-fe38-3c55-a100-bcde7e6529b1): ?
[05:11:10] [CAPS] NightVizer (baecb933-9897-3b35-86a3-c2c9dd1004dd): нет я оччееееееееень далеко
[05:11:21] NightVizer (baecb933-9897-3b35-86a3-c2c9dd1004dd): нет я очеееееееееееееень далдеко
[05:12:07] GulgPlayer (a1c0ea2e-fe38-3c55-a100-bcde7e6529b1): а ты в курсе, что на спавне в сундуке командный блок
[05:12:31] GulgPlayer (a1c0ea2e-fe38-3c55-a100-bcde7e6529b1): ?
[05:13:23] NightVizer (baecb933-9897-3b35-86a3-c2c9dd1004dd): спасибо что скинул, потом установлю0
[05:23:40] Costelemental (d0fcacd3-9d82-3989-a28b-6768b857240e): привет
[10:23:31] GulgPlayer (a1c0ea2e-fe38-3c55-a100-bcde7e6529b1): кто продаст хлеб
[10:23:40] GulgPlayer (a1c0ea2e-fe38-3c55-a100-bcde7e6529b1): за 15 изумрудов
[10:23:59] NightVizer (baecb933-9897-3b35-86a3-c2c9dd1004dd): ааххахахаха выгодно)
[10:24:08] GulgPlayer (a1c0ea2e-fe38-3c55-a100-bcde7e6529b1): а что
[10:24:16] NightVizer (baecb933-9897-3b35-86a3-c2c9dd1004dd): за стак?
[10:24:23] GulgPlayer (a1c0ea2e-fe38-3c55-a100-bcde7e6529b1): за 2
[10:24:30] NightVizer (baecb933-9897-3b35-86a3-c2c9dd1004dd): а ну ладно
[10:33:21] GulgPlayer (a1c0ea2e-fe38-3c55-a100-bcde7e6529b1): кто знает нде фортресс
[12:10:55] RunishYT (deb2ebb7-8562-3728-8ba8-ec800da9360c): @Игрок энд открыт, корды портала: 1785 40 -186
[12:34:16] GulgPlayer (a1c0ea2e-fe38-3c55-a100-bcde7e6529b1): стой
[12:34:23] GulgPlayer (a1c0ea2e-fe38-3c55-a100-bcde7e6529b1): пусть подумает что мы два ярика
[12:34:41] GulgPlayer (a1c0ea2e-fe38-3c55-a100-bcde7e6529b1): только мне штаны нужны
[12:34:50] RunishYT (deb2ebb7-8562-3728-8ba8-ec800da9360c): чо вы умираете??
[12:35:55] GulgPlayer (a1c0ea2e-fe38-3c55-a100-bcde7e6529b1): шатын
[12:35:59] GulgPlayer (a1c0ea2e-fe38-3c55-a100-bcde7e6529b1): штаны нужны
[12:39:45] _MagicShadow_ (806b9490-3fe7-3c9b-a8f8-e73b9d0be3a8): не надо
[12:39:53] RunishYT (deb2ebb7-8562-3728-8ba8-ec800da9360c): чо вы тут делаете?
[12:40:02] Baganutiy (5260ba66-9c4f-32b6-a567-5b16bdb6c4e7): танцуем
[12:40:46] RunishYT (deb2ebb7-8562-3728-8ba8-ec800da9360c): пиздец
[12:40:54] RunishYT (deb2ebb7-8562-3728-8ba8-ec800da9360c): копал 10 стаков эндерняка
[12:41:00] RunishYT (deb2ebb7-8562-3728-8ba8-ec800da9360c): ни 1 осколка
[12:41:56] RunishYT (deb2ebb7-8562-3728-8ba8-ec800da9360c): нюхнул бебры
[12:42:10] [CAPS] Baganutiy (5260ba66-9c4f-32b6-a567-5b16bdb6c4e7): найссс
[12:42:25] Baganutiy (5260ba66-9c4f-32b6-a567-5b16bdb6c4e7): я занюхнул тваю щутку
[12:42:40] _MagicShadow_ (806b9490-3fe7-3c9b-a8f8-e73b9d0be3a8): дай еды плиз
[12:42:50] Baganutiy (5260ba66-9c4f-32b6-a567-5b16bdb6c4e7): и мне и мне
[12:43:08] _MagicShadow_ (806b9490-3fe7-3c9b-a8f8-e73b9d0be3a8): нам пора
[12:54:03] ItsFartunaRu (87aa0b4c-629f-3cae-a9c4-787ca2fa3e21): казах откуда пинг 0
[13:09:38] GOLDENDUSST (a0ee3527-abbd-3f28-bd2e-ff7c77b23497): Фартук, я дам тебе вещи, но взамен ты принесёшь талисманы Леди Баг и Супер Кота
[13:09:43] ItsFartunaRu (87aa0b4c-629f-3cae-a9c4-787ca2fa3e21): нет
[13:15:31] ItsFartunaRu (87aa0b4c-629f-3cae-a9c4-787ca2fa3e21): скипне
[13:16:02] GOLDENDUSST (a0ee3527-abbd-3f28-bd2e-ff7c77b23497): Я скпну ночь но взамен ты принесёшь талисманы леди баг и супер кота
[13:16:05] ItsFartunaRu (87aa0b4c-629f-3cae-a9c4-787ca2fa3e21): нет
[13:17:06] ItsFartunaRu (87aa0b4c-629f-3cae-a9c4-787ca2fa3e21): сердце моря каеф
[13:19:57] ItsFartunaRu (87aa0b4c-629f-3cae-a9c4-787ca2fa3e21): бля, улей можно перенести без шёлка?
[13:20:06] GOLDENDUSST (a0ee3527-abbd-3f28-bd2e-ff7c77b23497): Нельзя
[13:20:09] ItsFartunaRu (87aa0b4c-629f-3cae-a9c4-787ca2fa3e21): не каеф
[13:20:11] GOLDENDUSST (a0ee3527-abbd-3f28-bd2e-ff7c77b23497): Я запретил
[13:20:19] ItsFartunaRu (87aa0b4c-629f-3cae-a9c4-787ca2fa3e21): почиму
[13:20:21] GOLDENDUSST (a0ee3527-abbd-3f28-bd2e-ff7c77b23497): Тебе
[13:20:31] GOLDENDUSST (a0ee3527-abbd-3f28-bd2e-ff7c77b23497): Потому что потому
[13:20:35] ItsFartunaRu (87aa0b4c-629f-3cae-a9c4-787ca2fa3e21): разреши
[13:21:41] GOLDENDUSST (a0ee3527-abbd-3f28-bd2e-ff7c77b23497): Знаешь я уже 2 часа реролю жителя на защиту 4 но нихуя
[13:21:51] ItsFartunaRu (87aa0b4c-629f-3cae-a9c4-787ca2fa3e21): ты просто лох
[13:22:00] ItsFartunaRu (87aa0b4c-629f-3cae-a9c4-787ca2fa3e21): у тебя нет моих технологий
[13:22:02] GOLDENDUSST (a0ee3527-abbd-3f28-bd2e-ff7c77b23497): Вполне может быть
[13:22:36] GOLDENDUSST (a0ee3527-abbd-3f28-bd2e-ff7c77b23497): Сперма отчима это технологии? Я думал это твой протеиновый напиток
[13:22:43] ItsFartunaRu (87aa0b4c-629f-3cae-a9c4-787ca2fa3e21): не это
[13:22:44] ItsFartunaRu (87aa0b4c-629f-3cae-a9c4-787ca2fa3e21): другое
[13:22:54] GOLDENDUSST (a0ee3527-abbd-3f28-bd2e-ff7c77b23497): Какое
[13:23:06] ItsFartunaRu (87aa0b4c-629f-3cae-a9c4-787ca2fa3e21): мощь викингов
[13:24:11] GOLDENDUSST (a0ee3527-abbd-3f28-bd2e-ff7c77b23497): Бля я выбрал узбеков у них +30% к размножению и униклаьный скил спаривание с ослом что даёт новых узбеков от осла
[13:24:32] ItsFartunaRu (87aa0b4c-629f-3cae-a9c4-787ca2fa3e21): лучше брать немцов
[13:24:41] ItsFartunaRu (87aa0b4c-629f-3cae-a9c4-787ca2fa3e21): у них +40% к геноциду
[13:25:43] GOLDENDUSST (a0ee3527-abbd-3f28-bd2e-ff7c77b23497): Я раньше брал цыган у них +30% к воровству и могут размножаться со своими родственниками в 10-14 лет
[13:25:56] ItsFartunaRu (87aa0b4c-629f-3cae-a9c4-787ca2fa3e21): в 10?
[13:25:58] ItsFartunaRu (87aa0b4c-629f-3cae-a9c4-787ca2fa3e21): каеф
[13:26:26] GOLDENDUSST (a0ee3527-abbd-3f28-bd2e-ff7c77b23497): В Узбекистане я видел как взрослый мужик цыган в жены взял 13 летку
[13:26:39] ItsFartunaRu (87aa0b4c-629f-3cae-a9c4-787ca2fa3e21): зочем
[13:26:44] GOLDENDUSST (a0ee3527-abbd-3f28-bd2e-ff7c77b23497): Чтобы трахать
[13:26:47] ItsFartunaRu (87aa0b4c-629f-3cae-a9c4-787ca2fa3e21): уф
[13:27:58] GOLDENDUSST (a0ee3527-abbd-3f28-bd2e-ff7c77b23497): У них незаконные посёлки состоящие из мусора где главный "Барон" собирает со все деньги он богаче чем обычные люди катается на дорогих машинах
[13:28:30] GOLDENDUSST (a0ee3527-abbd-3f28-bd2e-ff7c77b23497): В моей школе когда я был в Узбекистане учился сын Барона
[13:28:37] ItsFartunaRu (87aa0b4c-629f-3cae-a9c4-787ca2fa3e21): я деревню нашёл не мешай
[13:28:51] GOLDENDUSST (a0ee3527-abbd-3f28-bd2e-ff7c77b23497): Ахуел
[13:29:30] ItsFartunaRu (87aa0b4c-629f-3cae-a9c4-787ca2fa3e21): спс
[13:29:57] GOLDENDUSST (a0ee3527-abbd-3f28-bd2e-ff7c77b23497): Всм я специально поспал чтобы все жители в твоей деревне вышли из домов и ты не смог их закрыть
[13:30:09] ItsFartunaRu (87aa0b4c-629f-3cae-a9c4-787ca2fa3e21): там дахуя зомбаков было
[13:30:16] ItsFartunaRu (87aa0b4c-629f-3cae-a9c4-787ca2fa3e21): ты их спас
[13:30:17] GOLDENDUSST (a0ee3527-abbd-3f28-bd2e-ff7c77b23497): Бл
[13:31:12] ItsFartunaRu (87aa0b4c-629f-3cae-a9c4-787ca2fa3e21): одного закрыл
[13:32:31] ItsFartunaRu (87aa0b4c-629f-3cae-a9c4-787ca2fa3e21): ура двоих закрыл
[13:32:42] ItsFartunaRu (87aa0b4c-629f-3cae-a9c4-787ca2fa3e21): теперь они будут делать песню
[13:38:34] GOLDENDUSST (a0ee3527-abbd-3f28-bd2e-ff7c77b23497): Продам железо, алмазку, хлеб, алмазные инструменты, остроту 5, починку, неразрушимость 3, добычу 3
[13:38:44] ItsFartunaRu (87aa0b4c-629f-3cae-a9c4-787ca2fa3e21): нахуя
[13:38:58] GOLDENDUSST (a0ee3527-abbd-3f28-bd2e-ff7c77b23497): Это список того что я могу кому то продать
[13:39:07] GOLDENDUSST (a0ee3527-abbd-3f28-bd2e-ff7c77b23497): Многие просто умирают
[13:39:12] ItsFartunaRu (87aa0b4c-629f-3cae-a9c4-787ca2fa3e21): нахуя ты это суда написал
[13:39:27] GOLDENDUSST (a0ee3527-abbd-3f28-bd2e-ff7c77b23497): Чтобы реклама
[13:39:35] ItsFartunaRu (87aa0b4c-629f-3cae-a9c4-787ca2fa3e21): я узбексикие технология не покупаю
[13:39:41] GOLDENDUSST (a0ee3527-abbd-3f28-bd2e-ff7c77b23497): Многие дс читают
[13:39:55] ItsFartunaRu (87aa0b4c-629f-3cae-a9c4-787ca2fa3e21): там есть место чтобы реклама
[13:40:00] GOLDENDUSST (a0ee3527-abbd-3f28-bd2e-ff7c77b23497): Норм робо-плов
[13:40:19] GOLDENDUSST (a0ee3527-abbd-3f28-bd2e-ff7c77b23497): Просто читают чат привата
[13:40:30] ItsFartunaRu (87aa0b4c-629f-3cae-a9c4-787ca2fa3e21): узбеки значет
[13:59:34] ItsFartunaRu (87aa0b4c-629f-3cae-a9c4-787ca2fa3e21): жители не делают секас
[13:59:42] RunishYT (deb2ebb7-8562-3728-8ba8-ec800da9360c): жди
[13:59:44] RunishYT (deb2ebb7-8562-3728-8ba8-ec800da9360c): &
[13:59:44] GOLDENDUSST (a0ee3527-abbd-3f28-bd2e-ff7c77b23497): Нужны кровати
[13:59:46] ItsFartunaRu (87aa0b4c-629f-3cae-a9c4-787ca2fa3e21): ну
[13:59:48] RunishYT (deb2ebb7-8562-3728-8ba8-ec800da9360c): они импотенты
[14:00:05] ItsFartunaRu (87aa0b4c-629f-3cae-a9c4-787ca2fa3e21): а если они мужики
[14:00:12] RunishYT (deb2ebb7-8562-3728-8ba8-ec800da9360c): не проблемс
[14:00:17] GOLDENDUSST (a0ee3527-abbd-3f28-bd2e-ff7c77b23497): Чтобы была свободная кровать типо если жителей 2 то нужно 3 и больше кроватей
[14:00:18] ItsFartunaRu (87aa0b4c-629f-3cae-a9c4-787ca2fa3e21): реал
[14:00:25] ItsFartunaRu (87aa0b4c-629f-3cae-a9c4-787ca2fa3e21): 5 кроватей
[14:00:31] ItsFartunaRu (87aa0b4c-629f-3cae-a9c4-787ca2fa3e21): ходить могут
[14:00:34] RunishYT (deb2ebb7-8562-3728-8ba8-ec800da9360c): да они импотенты
[14:00:36] GOLDENDUSST (a0ee3527-abbd-3f28-bd2e-ff7c77b23497): Колокол хлеб?
[14:00:37] RunishYT (deb2ebb7-8562-3728-8ba8-ec800da9360c): потом
[14:00:40] ItsFartunaRu (87aa0b4c-629f-3cae-a9c4-787ca2fa3e21): хлеб
[14:00:40] RunishYT (deb2ebb7-8562-3728-8ba8-ec800da9360c): подожди
[14:00:44] ItsFartunaRu (87aa0b4c-629f-3cae-a9c4-787ca2fa3e21): колокол сверху
[14:01:31] ItsFartunaRu (87aa0b4c-629f-3cae-a9c4-787ca2fa3e21): да они ахуели
[14:01:35] ItsFartunaRu (87aa0b4c-629f-3cae-a9c4-787ca2fa3e21): мб мобы мешают
[14:02:25] ItsFartunaRu (87aa0b4c-629f-3cae-a9c4-787ca2fa3e21): чем отличается кристьянин от деревенщины
[14:02:39] RunishYT (deb2ebb7-8562-3728-8ba8-ec800da9360c): деревенщина живет в деревне
[14:02:47] GOLDENDUSST (a0ee3527-abbd-3f28-bd2e-ff7c77b23497): Один верующий другой тоже только в деревне
[14:02:52] ItsFartunaRu (87aa0b4c-629f-3cae-a9c4-787ca2fa3e21): уф
[14:02:58] RunishYT (deb2ebb7-8562-3728-8ba8-ec800da9360c): кристиано Роналдо тот кто верит в бога
[14:03:06] GOLDENDUSST (a0ee3527-abbd-3f28-bd2e-ff7c77b23497): Оба клоуны и глупцы
[14:03:32] ItsFartunaRu (87aa0b4c-629f-3cae-a9c4-787ca2fa3e21): согласен
[14:03:37] ItsFartunaRu (87aa0b4c-629f-3cae-a9c4-787ca2fa3e21): согласен
[14:03:46] ItsFartunaRu (87aa0b4c-629f-3cae-a9c4-787ca2fa3e21): секас не делают
[14:22:31] Bradly378 (9ab93dfb-1454-3bb1-b47f-700f714534a9): угу
[14:22:51] GOLDENDUSST (a0ee3527-abbd-3f28-bd2e-ff7c77b23497): Бребля новая руда назввается "Crystal"?
[14:23:02] Bradly378 (9ab93dfb-1454-3bb1-b47f-700f714534a9): неа
[14:23:12] Bradly378 (9ab93dfb-1454-3bb1-b47f-700f714534a9): но сам ккристал да
[14:23:18] Bradly378 (9ab93dfb-1454-3bb1-b47f-700f714534a9): но вы же про руду спросили
[14:24:00] GOLDENDUSST (a0ee3527-abbd-3f28-bd2e-ff7c77b23497): Он у меня есть, он же раньше выпадал из кварцевой руды?
[14:24:48] Bradly378 (9ab93dfb-1454-3bb1-b47f-700f714534a9): но вот только вы с бэбры и вы норм его текстуры не видите да и обыч кристал нельзя использовать в крафтах
[14:24:56] Bradly378 (9ab93dfb-1454-3bb1-b47f-700f714534a9): новых предметов*
[14:26:05] ItsFartunaRu (87aa0b4c-629f-3cae-a9c4-787ca2fa3e21): узбек я тут
[14:26:15] ItsFartunaRu (87aa0b4c-629f-3cae-a9c4-787ca2fa3e21): почему жители не убутс
[14:26:24] RunishYT (deb2ebb7-8562-3728-8ba8-ec800da9360c): дай больше хлеба
[14:26:31] ItsFartunaRu (87aa0b4c-629f-3cae-a9c4-787ca2fa3e21): еда арабам?
[14:26:50] ItsFartunaRu (87aa0b4c-629f-3cae-a9c4-787ca2fa3e21): спс
[14:27:09] Bradly378 (9ab93dfb-1454-3bb1-b47f-700f714534a9): я железа подпиздил
[14:27:40] ItsFartunaRu (87aa0b4c-629f-3cae-a9c4-787ca2fa3e21): жители больше не онли
[14:27:57] ItsFartunaRu (87aa0b4c-629f-3cae-a9c4-787ca2fa3e21): мб им места мало
[14:28:08] RunishYT (deb2ebb7-8562-3728-8ba8-ec800da9360c): полублоки убери
[14:28:12] ItsFartunaRu (87aa0b4c-629f-3cae-a9c4-787ca2fa3e21): нету спс
[14:28:14] RunishYT (deb2ebb7-8562-3728-8ba8-ec800da9360c): и места больше
[14:29:14] ItsFartunaRu (87aa0b4c-629f-3cae-a9c4-787ca2fa3e21): мб они
[14:29:16] ItsFartunaRu (87aa0b4c-629f-3cae-a9c4-787ca2fa3e21): пидарасы
[14:30:09] ItsFartunaRu (87aa0b4c-629f-3cae-a9c4-787ca2fa3e21): че за технологии
[14:31:33] ItsFartunaRu (87aa0b4c-629f-3cae-a9c4-787ca2fa3e21): им 3 блоков в высоту хватит?
[14:31:57] Bradly378 (9ab93dfb-1454-3bb1-b47f-700f714534a9): ну чтоб на кровати стать можно было и там чтоб осталось 0,25 свободно
[14:32:06] Bradly378 (9ab93dfb-1454-3bb1-b47f-700f714534a9): чтоб прыгать слегкам можно было на них
[14:32:13] ItsFartunaRu (87aa0b4c-629f-3cae-a9c4-787ca2fa3e21): ну да
[14:32:21] ItsFartunaRu (87aa0b4c-629f-3cae-a9c4-787ca2fa3e21): им вообще пофиг
[14:32:30] Bradly378 (9ab93dfb-1454-3bb1-b47f-700f714534a9): ты прав нахуй кровати
[14:33:36] ItsFartunaRu (87aa0b4c-629f-3cae-a9c4-787ca2fa3e21): мб их из земли вытащить
[14:35:31] ItsFartunaRu (87aa0b4c-629f-3cae-a9c4-787ca2fa3e21): есть поршень?
[14:36:46] ItsFartunaRu (87aa0b4c-629f-3cae-a9c4-787ca2fa3e21): фигово
[14:37:00] ItsFartunaRu (87aa0b4c-629f-3cae-a9c4-787ca2fa3e21): э
[14:37:05] Bradly378 (9ab93dfb-1454-3bb1-b47f-700f714534a9): вё
[14:37:06] Bradly378 (9ab93dfb-1454-3bb1-b47f-700f714534a9): всё
[14:37:08] Bradly378 (9ab93dfb-1454-3bb1-b47f-700f714534a9): готово
[14:37:12] ItsFartunaRu (87aa0b4c-629f-3cae-a9c4-787ca2fa3e21): фигасе
[14:37:18] Bradly378 (9ab93dfb-1454-3bb1-b47f-700f714534a9): я его киркой пизданул
[14:37:20] Bradly378 (9ab93dfb-1454-3bb1-b47f-700f714534a9): алм
[14:37:28] ItsFartunaRu (87aa0b4c-629f-3cae-a9c4-787ca2fa3e21): харош
[14:38:17] Bradly378 (9ab93dfb-1454-3bb1-b47f-700f714534a9): надо обогнать голда и руниша у нах уже алмазки и жители хорошие + фармилка мобов
[14:39:25] [CAPS] ItsFartunaRu (87aa0b4c-629f-3cae-a9c4-787ca2fa3e21): ес блять
[14:39:34] Bradly378 (9ab93dfb-1454-3bb1-b47f-700f714534a9): а ты кста эта как написал?
[14:39:46] Bradly378 (9ab93dfb-1454-3bb1-b47f-700f714534a9): хотя лан забей
[14:39:48] ItsFartunaRu (87aa0b4c-629f-3cae-a9c4-787ca2fa3e21): крестьянин с деревенщиной просто ебаться не хотел
[14:40:00] ItsFartunaRu (87aa0b4c-629f-3cae-a9c4-787ca2fa3e21): притащил крестьянина и всё норм
[14:44:49] GOLDENDUSST (a0ee3527-abbd-3f28-bd2e-ff7c77b23497): Окей
[14:45:07] GOLDENDUSST (a0ee3527-abbd-3f28-bd2e-ff7c77b23497): Где щас бредли?
[14:45:15] GOLDENDUSST (a0ee3527-abbd-3f28-bd2e-ff7c77b23497): Он трахает Фартука?
[14:45:18] ItsFartunaRu (87aa0b4c-629f-3cae-a9c4-787ca2fa3e21): онет
[14:49:07] ItsFartunaRu (87aa0b4c-629f-3cae-a9c4-787ca2fa3e21): где серв хостится?
[14:49:21] RunishYT (deb2ebb7-8562-3728-8ba8-ec800da9360c): на своем
[14:49:29] ItsFartunaRu (87aa0b4c-629f-3cae-a9c4-787ca2fa3e21): в узбекистане да
[14:50:38] GOLDENDUSST (a0ee3527-abbd-3f28-bd2e-ff7c77b23497): Уфф вот это тайминг
[14:51:08] ItsFartunaRu (87aa0b4c-629f-3cae-a9c4-787ca2fa3e21): тычо дом спиздил
[14:51:39] Bradly378 (9ab93dfb-1454-3bb1-b47f-700f714534a9): мля и опять у болота живём
[14:51:48] ItsFartunaRu (87aa0b4c-629f-3cae-a9c4-787ca2fa3e21): рил
[14:51:57] ItsFartunaRu (87aa0b4c-629f-3cae-a9c4-787ca2fa3e21): можно жителей сделать
[14:52:00] ItsFartunaRu (87aa0b4c-629f-3cae-a9c4-787ca2fa3e21): и уехать
[14:52:02] ItsFartunaRu (87aa0b4c-629f-3cae-a9c4-787ca2fa3e21): через ад
[14:52:04] Bradly378 (9ab93dfb-1454-3bb1-b47f-700f714534a9): делай дохуя жителей
[14:52:12] Bradly378 (9ab93dfb-1454-3bb1-b47f-700f714534a9): тут жить будем
[14:52:28] GOLDENDUSST (a0ee3527-abbd-3f28-bd2e-ff7c77b23497): На каких ты координатах фартук
[14:52:31] Bradly378 (9ab93dfb-1454-3bb1-b47f-700f714534a9): болото убрать можно
[14:52:36] ItsFartunaRu (87aa0b4c-629f-3cae-a9c4-787ca2fa3e21): пашёл нахуй
[14:52:42] ItsFartunaRu (87aa0b4c-629f-3cae-a9c4-787ca2fa3e21): всм
[14:52:48] ItsFartunaRu (87aa0b4c-629f-3cae-a9c4-787ca2fa3e21): реально?
[14:52:50] GOLDENDUSST (a0ee3527-abbd-3f28-bd2e-ff7c77b23497): Сложно разшифровать
[14:52:54] Bradly378 (9ab93dfb-1454-3bb1-b47f-700f714534a9): и как только уберём всю воду в болоте и всё срубим я спокойно смогу изменить биом тут
[14:53:03] ItsFartunaRu (87aa0b4c-629f-3cae-a9c4-787ca2fa3e21): бро я не в чеблябинске
[14:53:22] ItsFartunaRu (87aa0b4c-629f-3cae-a9c4-787ca2fa3e21): чеблябинске
[14:53:39] ItsFartunaRu (87aa0b4c-629f-3cae-a9c4-787ca2fa3e21): схуяли у узбеков пинг под 0
[14:54:01] Bradly378 (9ab93dfb-1454-3bb1-b47f-700f714534a9): тк они бэбра а бэбра отключена пинг чтоб у них меньше лагало
[14:54:12] ItsFartunaRu (87aa0b4c-629f-3cae-a9c4-787ca2fa3e21): понят
[14:55:35] ItsFartunaRu (87aa0b4c-629f-3cae-a9c4-787ca2fa3e21): вы че всю сборку с визер эсэмпэ взяли
[14:55:47] ItsFartunaRu (87aa0b4c-629f-3cae-a9c4-787ca2fa3e21): кста, болото рил можно убрать?
[14:55:49] Bradly378 (9ab93dfb-1454-3bb1-b47f-700f714534a9): нет это они взял
[14:55:51] Bradly378 (9ab93dfb-1454-3bb1-b47f-700f714534a9): нет это они взяли
[14:56:03] ItsFartunaRu (87aa0b4c-629f-3cae-a9c4-787ca2fa3e21): понят
[14:56:21] Bradly378 (9ab93dfb-1454-3bb1-b47f-700f714534a9): парагон если и работает щас то именно на нашей сборке (но не настроенной ) XD
[14:56:39] ItsFartunaRu (87aa0b4c-629f-3cae-a9c4-787ca2fa3e21): ладно
[14:56:54] ItsFartunaRu (87aa0b4c-629f-3cae-a9c4-787ca2fa3e21): на парагоне больше адменов нету?
[14:57:01] Bradly378 (9ab93dfb-1454-3bb1-b47f-700f714534a9): а а я то думаю что за хуйня в дс
[14:57:04] Bradly378 (9ab93dfb-1454-3bb1-b47f-700f714534a9): долбаеб
[14:57:12] polovichok (8477a503-52ab-3bc2-b2eb-e1bb0a5b1240): у сервера жёстко бомбит))))
[14:57:16] Bradly378 (9ab93dfb-1454-3bb1-b47f-700f714534a9): фартук смари
[14:57:21] polovichok (8477a503-52ab-3bc2-b2eb-e1bb0a5b1240): да сайко)
[14:57:23] ItsFartunaRu (87aa0b4c-629f-3cae-a9c4-787ca2fa3e21): ВОУ
[14:57:32] Bradly378 (9ab93dfb-1454-3bb1-b47f-700f714534a9): я заебался
[14:58:02] polovichok (8477a503-52ab-3bc2-b2eb-e1bb0a5b1240): так ало, зач тебе нулёвые админы
[14:58:02] ItsFartunaRu (87aa0b4c-629f-3cae-a9c4-787ca2fa3e21): так модеры есть
[14:58:06] ItsFartunaRu (87aa0b4c-629f-3cae-a9c4-787ca2fa3e21): но адменов нет
[14:58:10] polovichok (8477a503-52ab-3bc2-b2eb-e1bb0a5b1240): прост места занимают
[14:58:11] ItsFartunaRu (87aa0b4c-629f-3cae-a9c4-787ca2fa3e21): он про другой серв
[14:59:43] GOLDENDUSST (a0ee3527-abbd-3f28-bd2e-ff7c77b23497): Тот который пасхальное яйцо?
[14:59:51] ItsFartunaRu (87aa0b4c-629f-3cae-a9c4-787ca2fa3e21): он не адмен
[15:00:02] ItsFartunaRu (87aa0b4c-629f-3cae-a9c4-787ca2fa3e21): его кинули в изгнание
[15:00:30] polovichok (8477a503-52ab-3bc2-b2eb-e1bb0a5b1240): кстати сайко, планируешь устанавливать мод на ачивки?
[15:00:57] Bradly378 (9ab93dfb-1454-3bb1-b47f-700f714534a9): бля чё дождь идёт?
[15:01:06] ItsFartunaRu (87aa0b4c-629f-3cae-a9c4-787ca2fa3e21): да
[15:01:22] ItsFartunaRu (87aa0b4c-629f-3cae-a9c4-787ca2fa3e21): дарк шарит за плуги?
[15:01:27] Bradly378 (9ab93dfb-1454-3bb1-b47f-700f714534a9): у меня в sodium он отключен шоб ваще не лагало и не раздражал
[15:01:43] GOLDENDUSST (a0ee3527-abbd-3f28-bd2e-ff7c77b23497): Туруту ту ту туруту ту
[15:02:24] Bradly378 (9ab93dfb-1454-3bb1-b47f-700f714534a9): пироман
[15:02:25] Bradly378 (9ab93dfb-1454-3bb1-b47f-700f714534a9): )
[15:02:58] ItsFartunaRu (87aa0b4c-629f-3cae-a9c4-787ca2fa3e21): крутой чел значит
[15:03:20] ItsFartunaRu (87aa0b4c-629f-3cae-a9c4-787ca2fa3e21): его же банили вроде на визер эсэмпэ
[15:08:27] ItsFartunaRu (87aa0b4c-629f-3cae-a9c4-787ca2fa3e21): непонял
[15:08:33] ItsFartunaRu (87aa0b4c-629f-3cae-a9c4-787ca2fa3e21): где один узбек
[15:08:33] Bradly378 (9ab93dfb-1454-3bb1-b47f-700f714534a9): шо?
[15:08:57] ItsFartunaRu (87aa0b4c-629f-3cae-a9c4-787ca2fa3e21): ахвпхп че
[15:09:01] ItsFartunaRu (87aa0b4c-629f-3cae-a9c4-787ca2fa3e21): тут дождя нет
[15:09:05] ItsFartunaRu (87aa0b4c-629f-3cae-a9c4-787ca2fa3e21): а там есть
[15:09:09] Bradly378 (9ab93dfb-1454-3bb1-b47f-700f714534a9): сахара
[15:09:14] ItsFartunaRu (87aa0b4c-629f-3cae-a9c4-787ca2fa3e21): а
[15:10:05] GOLDENDUSST (a0ee3527-abbd-3f28-bd2e-ff7c77b23497): Биля
[15:10:16] GOLDENDUSST (a0ee3527-abbd-3f28-bd2e-ff7c77b23497): Я теперь верю в бога
[15:10:24] ItsFartunaRu (87aa0b4c-629f-3cae-a9c4-787ca2fa3e21): чанков?
[15:10:43] GOLDENDUSST (a0ee3527-abbd-3f28-bd2e-ff7c77b23497): Бога грома и молний Тор Одинсон
[15:12:49] ItsFartunaRu (87aa0b4c-629f-3cae-a9c4-787ca2fa3e21): биля
[15:12:59] RunishYT (deb2ebb7-8562-3728-8ba8-ec800da9360c): СРАТЬ
[15:13:41] ItsFartunaRu (87aa0b4c-629f-3cae-a9c4-787ca2fa3e21): парагон ахуевает от онлайна
[15:13:45] Bradly378 (9ab93dfb-1454-3bb1-b47f-700f714534a9): ff[[f
[15:13:47] Bradly378 (9ab93dfb-1454-3bb1-b47f-700f714534a9): да
[15:14:12] GOLDENDUSST (a0ee3527-abbd-3f28-bd2e-ff7c77b23497): Рил
[15:16:44] ItsFartunaRu (87aa0b4c-629f-3cae-a9c4-787ca2fa3e21): над больше кроватей
[15:17:25] ItsFartunaRu (87aa0b4c-629f-3cae-a9c4-787ca2fa3e21): овцы
[15:23:34] ItsFartunaRu (87aa0b4c-629f-3cae-a9c4-787ca2fa3e21): 5 жителей
[15:23:40] Bradly378 (9ab93dfb-1454-3bb1-b47f-700f714534a9): а нада 25
[15:23:45] ItsFartunaRu (87aa0b4c-629f-3cae-a9c4-787ca2fa3e21): больше
[15:23:48] Bradly378 (9ab93dfb-1454-3bb1-b47f-700f714534a9): 30
[15:24:00] ItsFartunaRu (87aa0b4c-629f-3cae-a9c4-787ca2fa3e21): бизнес на палках
[15:24:08] ItsFartunaRu (87aa0b4c-629f-3cae-a9c4-787ca2fa3e21): или тыквах
[15:24:57] Bradly378 (9ab93dfb-1454-3bb1-b47f-700f714534a9): все книги+ 5 лучников для стрел с эфф, 10 тыковщиков, для еды 2, и фулл чар броня + алм кирка топор и лопата
[15:25:11] Bradly378 (9ab93dfb-1454-3bb1-b47f-700f714534a9): и того 32 +-
[15:25:29] ItsFartunaRu (87aa0b4c-629f-3cae-a9c4-787ca2fa3e21): кажись больше
[15:25:38] ItsFartunaRu (87aa0b4c-629f-3cae-a9c4-787ca2fa3e21): под 40 если все книги
[15:25:49] Bradly378 (9ab93dfb-1454-3bb1-b47f-700f714534a9): ну не прям все только фулл чар
[15:26:17] Bradly378 (9ab93dfb-1454-3bb1-b47f-700f714534a9): магическая тень что по пингу?
[15:26:27] ItsFartunaRu (87aa0b4c-629f-3cae-a9c4-787ca2fa3e21): магическая тень
[15:26:31] Bradly378 (9ab93dfb-1454-3bb1-b47f-700f714534a9): магическая тень что по пингу?
[15:26:52] _MagicShadow_ (806b9490-3fe7-3c9b-a8f8-e73b9d0be3a8): норм
[15:27:03] _MagicShadow_ (806b9490-3fe7-3c9b-a8f8-e73b9d0be3a8): у меня в кс 10 к было
[15:27:25] Bradly378 (9ab93dfb-1454-3bb1-b47f-700f714534a9): ладно
[15:28:09] ItsFartunaRu (87aa0b4c-629f-3cae-a9c4-787ca2fa3e21): над много хлеба
[15:30:38] Bradly378 (9ab93dfb-1454-3bb1-b47f-700f714534a9): морковка с зомби
[15:30:55] ItsFartunaRu (87aa0b4c-629f-3cae-a9c4-787ca2fa3e21): точняк их же морковью кормить можно
[15:31:09] Bradly378 (9ab93dfb-1454-3bb1-b47f-700f714534a9): а я как их разводил на парагоне всегда?
[15:31:16] ItsFartunaRu (87aa0b4c-629f-3cae-a9c4-787ca2fa3e21): на визере
[15:31:30] Bradly378 (9ab93dfb-1454-3bb1-b47f-700f714534a9): их и семечками можно и пшеницей обыч
[15:31:36] ItsFartunaRu (87aa0b4c-629f-3cae-a9c4-787ca2fa3e21): чего
[15:31:45] ItsFartunaRu (87aa0b4c-629f-3cae-a9c4-787ca2fa3e21): семечками пшеницы?
[15:31:48] Bradly378 (9ab93dfb-1454-3bb1-b47f-700f714534a9): да
[15:31:52] ItsFartunaRu (87aa0b4c-629f-3cae-a9c4-787ca2fa3e21): чего блять
[15:31:58] Bradly378 (9ab93dfb-1454-3bb1-b47f-700f714534a9): только там на 1 надо 3 стака
[15:32:05] ItsFartunaRu (87aa0b4c-629f-3cae-a9c4-787ca2fa3e21): тогда фигня
[15:32:16] Bradly378 (9ab93dfb-1454-3bb1-b47f-700f714534a9): ну как избавление от семечек самое то
[15:34:02] ItsFartunaRu (87aa0b4c-629f-3cae-a9c4-787ca2fa3e21): нифигасе тут пещера
[15:34:06] ItsFartunaRu (87aa0b4c-629f-3cae-a9c4-787ca2fa3e21): нифигасе тут пещера
[15:34:26] GOLDENDUSST (a0ee3527-abbd-3f28-bd2e-ff7c77b23497): Прям как очко джастина
[15:34:38] ItsFartunaRu (87aa0b4c-629f-3cae-a9c4-787ca2fa3e21): руиниша
[15:34:38] GOLDENDUSST (a0ee3527-abbd-3f28-bd2e-ff7c77b23497): Локал мем ON
[15:35:27] GulgPlayer (a1c0ea2e-fe38-3c55-a100-bcde7e6529b1): не скипайте ночь!!! плиз
[15:39:45] GulgPlayer (a1c0ea2e-fe38-3c55-a100-bcde7e6529b1): кто продаст крайскую руду
[15:39:58] GulgPlayer (a1c0ea2e-fe38-3c55-a100-bcde7e6529b1): или сразу бирку
[15:40:13] Bradly378 (9ab93dfb-1454-3bb1-b47f-700f714534a9): е
[15:40:19] GOLDENDUSST (a0ee3527-abbd-3f28-bd2e-ff7c77b23497): Скок заплатишь за пюбирку
[15:40:20] RunishYT (deb2ebb7-8562-3728-8ba8-ec800da9360c): с вас алмы
[15:40:56] _MagicShadow_ (806b9490-3fe7-3c9b-a8f8-e73b9d0be3a8): а вы чего хотите?
[15:41:17] ItsFartunaRu (87aa0b4c-629f-3cae-a9c4-787ca2fa3e21): бредля добавь права на мсг
[15:41:22] GOLDENDUSST (a0ee3527-abbd-3f28-bd2e-ff7c77b23497): Неофициальнт принятую валюту алмазы
[15:41:25] Bradly378 (9ab93dfb-1454-3bb1-b47f-700f714534a9): разве няма?
[15:41:26] GulgPlayer (a1c0ea2e-fe38-3c55-a100-bcde7e6529b1): железные блоку подойдут?
[15:41:28] ItsFartunaRu (87aa0b4c-629f-3cae-a9c4-787ca2fa3e21): нету
[15:41:30] GulgPlayer (a1c0ea2e-fe38-3c55-a100-bcde7e6529b1): или медные?
[15:41:32] GulgPlayer (a1c0ea2e-fe38-3c55-a100-bcde7e6529b1): или медные?
[15:41:38] ItsFartunaRu (87aa0b4c-629f-3cae-a9c4-787ca2fa3e21): нихуясе чел крутой
[15:41:40] GulgPlayer (a1c0ea2e-fe38-3c55-a100-bcde7e6529b1): или золотые?
[15:41:49] ItsFartunaRu (87aa0b4c-629f-3cae-a9c4-787ca2fa3e21): валюта алмазы
[15:41:53] GOLDENDUSST (a0ee3527-abbd-3f28-bd2e-ff7c77b23497): У меня 11 стаков железа
[15:42:00] GOLDENDUSST (a0ee3527-abbd-3f28-bd2e-ff7c77b23497): Так что железом не принимаю
[15:42:27] GulgPlayer (a1c0ea2e-fe38-3c55-a100-bcde7e6529b1): медью или золотом
[15:42:30] _MagicShadow_ (806b9490-3fe7-3c9b-a8f8-e73b9d0be3a8): а сколько алмазов надо?
[15:42:41] GulgPlayer (a1c0ea2e-fe38-3c55-a100-bcde7e6529b1): а сколько алмазов надо?
[15:42:47] Bradly378 (9ab93dfb-1454-3bb1-b47f-700f714534a9): пробуйте
[15:42:53] GOLDENDUSST (a0ee3527-abbd-3f28-bd2e-ff7c77b23497): Знаешь как расплачиваются женщины с низкой социальной ответственностью?
[15:43:02] ItsFartunaRu (87aa0b4c-629f-3cae-a9c4-787ca2fa3e21): спс
[15:43:18] GOLDENDUSST (a0ee3527-abbd-3f28-bd2e-ff7c77b23497): Могу бесплатно дать
[15:43:26] _MagicShadow_ (806b9490-3fe7-3c9b-a8f8-e73b9d0be3a8): давай
[15:43:30] GulgPlayer (a1c0ea2e-fe38-3c55-a100-bcde7e6529b1): пж
[15:43:30] GOLDENDUSST (a0ee3527-abbd-3f28-bd2e-ff7c77b23497): Так как чусвтвую себя богатым
[15:44:11] GulgPlayer (a1c0ea2e-fe38-3c55-a100-bcde7e6529b1): на спавн
[15:46:09] GulgPlayer (a1c0ea2e-fe38-3c55-a100-bcde7e6529b1): я на спавне
[15:46:11] GulgPlayer (a1c0ea2e-fe38-3c55-a100-bcde7e6529b1): ты где
[15:46:18] GOLDENDUSST (a0ee3527-abbd-3f28-bd2e-ff7c77b23497): Я тоже
[15:46:30] GOLDENDUSST (a0ee3527-abbd-3f28-bd2e-ff7c77b23497): Пиздишь я на спавне
[15:46:40] GulgPlayer (a1c0ea2e-fe38-3c55-a100-bcde7e6529b1): а вижу
[15:46:59] GulgPlayer (a1c0ea2e-fe38-3c55-a100-bcde7e6529b1): я тут
[15:47:12] GulgPlayer (a1c0ea2e-fe38-3c55-a100-bcde7e6529b1): спасибо
[15:47:41] GOLDENDUSST (a0ee3527-abbd-3f28-bd2e-ff7c77b23497): Го ты заплатишь пропуском в город то есть я посмотрю
[15:52:43] ItsFartunaRu (87aa0b4c-629f-3cae-a9c4-787ca2fa3e21): где големус
[15:52:59] ItsFartunaRu (87aa0b4c-629f-3cae-a9c4-787ca2fa3e21): чо погнали в энд
[15:53:40] ItsFartunaRu (87aa0b4c-629f-3cae-a9c4-787ca2fa3e21): какие корды энда кста
[15:57:13] Bradly378 (9ab93dfb-1454-3bb1-b47f-700f714534a9): оба
[15:57:17] Bradly378 (9ab93dfb-1454-3bb1-b47f-700f714534a9): иди сюды
[15:57:20] ItsFartunaRu (87aa0b4c-629f-3cae-a9c4-787ca2fa3e21): а
[15:57:27] ItsFartunaRu (87aa0b4c-629f-3cae-a9c4-787ca2fa3e21): над закрыть
[15:57:42] ItsFartunaRu (87aa0b4c-629f-3cae-a9c4-787ca2fa3e21): не
[15:57:45] ItsFartunaRu (87aa0b4c-629f-3cae-a9c4-787ca2fa3e21): закрыть потолок
[15:57:50] ItsFartunaRu (87aa0b4c-629f-3cae-a9c4-787ca2fa3e21): чтобы там не спавнились
[15:58:44] ItsFartunaRu (87aa0b4c-629f-3cae-a9c4-787ca2fa3e21): я за лавой
[15:59:20] ItsFartunaRu (87aa0b4c-629f-3cae-a9c4-787ca2fa3e21): куда портал ставить будем
[15:59:38] ItsFartunaRu (87aa0b4c-629f-3cae-a9c4-787ca2fa3e21): мб суда
[16:03:27] ItsFartunaRu (87aa0b4c-629f-3cae-a9c4-787ca2fa3e21): всё
[16:03:40] Bradly378 (9ab93dfb-1454-3bb1-b47f-700f714534a9): ахуенный портал
[16:03:44] ItsFartunaRu (87aa0b4c-629f-3cae-a9c4-787ca2fa3e21): спавн хуита
[16:03:49] Bradly378 (9ab93dfb-1454-3bb1-b47f-700f714534a9): не норм
[16:03:57] GOLDENDUSST (a0ee3527-abbd-3f28-bd2e-ff7c77b23497): Ахуел что ли
[16:03:57] ItsFartunaRu (87aa0b4c-629f-3cae-a9c4-787ca2fa3e21): ебать
[16:03:59] ItsFartunaRu (87aa0b4c-629f-3cae-a9c4-787ca2fa3e21): песок душ
[16:04:03] GOLDENDUSST (a0ee3527-abbd-3f28-bd2e-ff7c77b23497): Дамой иди
[16:04:05] Bradly378 (9ab93dfb-1454-3bb1-b47f-700f714534a9): могло быть намного хуже
[16:04:16] ItsFartunaRu (87aa0b4c-629f-3cae-a9c4-787ca2fa3e21): над песка душ много
[16:04:20] Bradly378 (9ab93dfb-1454-3bb1-b47f-700f714534a9): о
[16:04:20] ItsFartunaRu (87aa0b4c-629f-3cae-a9c4-787ca2fa3e21): на ферму золота
[16:04:25] Bradly378 (9ab93dfb-1454-3bb1-b47f-700f714534a9): и красный лет на те
[16:04:28] ItsFartunaRu (87aa0b4c-629f-3cae-a9c4-787ca2fa3e21): ане
[16:04:30] ItsFartunaRu (87aa0b4c-629f-3cae-a9c4-787ca2fa3e21): магма
[16:05:34] Bradly378 (9ab93dfb-1454-3bb1-b47f-700f714534a9): накопай как либо 15 стаков кварца (в блоки не делай)
[16:05:41] ItsFartunaRu (87aa0b4c-629f-3cae-a9c4-787ca2fa3e21): зачем
[16:05:53] Bradly378 (9ab93dfb-1454-3bb1-b47f-700f714534a9): ну наблюдатели и повторители и всё такое
[16:05:56] ItsFartunaRu (87aa0b4c-629f-3cae-a9c4-787ca2fa3e21): уф
[16:06:12] Bradly378 (9ab93dfb-1454-3bb1-b47f-700f714534a9): а раз я сказал 15 то думай масштабы
[16:06:32] ItsFartunaRu (87aa0b4c-629f-3cae-a9c4-787ca2fa3e21): над жителей делать
[16:06:40] ItsFartunaRu (87aa0b4c-629f-3cae-a9c4-787ca2fa3e21): эточе будет
[16:06:45] Bradly378 (9ab93dfb-1454-3bb1-b47f-700f714534a9): наш стеш
[16:06:57] Bradly378 (9ab93dfb-1454-3bb1-b47f-700f714534a9): ну как на 2 сезоне попробую обустроить только поудобнее
[16:06:59] ItsFartunaRu (87aa0b4c-629f-3cae-a9c4-787ca2fa3e21): дай камня
[16:07:05] ItsFartunaRu (87aa0b4c-629f-3cae-a9c4-787ca2fa3e21): спс
[16:07:22] ItsFartunaRu (87aa0b4c-629f-3cae-a9c4-787ca2fa3e21): и где тут его копать
[16:07:30] GOLDENDUSST (a0ee3527-abbd-3f28-bd2e-ff7c77b23497): Каво
[16:08:38] Bradly378 (9ab93dfb-1454-3bb1-b47f-700f714534a9): неа
[16:08:50] ItsFartunaRu (87aa0b4c-629f-3cae-a9c4-787ca2fa3e21): GOLDENDUSST продай удачу 3
[16:08:56] Bradly378 (9ab93dfb-1454-3bb1-b47f-700f714534a9): ну накопай 1 стак это на 1 время пусть будет
[16:09:00] GulgPlayer (a1c0ea2e-fe38-3c55-a100-bcde7e6529b1): продаём железных големов
[16:09:02] Bradly378 (9ab93dfb-1454-3bb1-b47f-700f714534a9): прям срочно не нада
[16:09:03] GulgPlayer (a1c0ea2e-fe38-3c55-a100-bcde7e6529b1): прирученых
[16:09:15] GOLDENDUSST (a0ee3527-abbd-3f28-bd2e-ff7c77b23497): У мени нету но могу зачароватт
[16:09:19] ItsFartunaRu (87aa0b4c-629f-3cae-a9c4-787ca2fa3e21): кирку над
[16:09:23] ItsFartunaRu (87aa0b4c-629f-3cae-a9c4-787ca2fa3e21): прочность 3 есть?
[16:09:29] GOLDENDUSST (a0ee3527-abbd-3f28-bd2e-ff7c77b23497): Етсь
[16:09:39] ItsFartunaRu (87aa0b4c-629f-3cae-a9c4-787ca2fa3e21): починка
[16:09:49] GOLDENDUSST (a0ee3527-abbd-3f28-bd2e-ff7c77b23497): Есть
[16:09:58] ItsFartunaRu (87aa0b4c-629f-3cae-a9c4-787ca2fa3e21): называй цену
[16:10:01] GOLDENDUSST (a0ee3527-abbd-3f28-bd2e-ff7c77b23497): Эф 5 тоже есть
[16:10:09] ItsFartunaRu (87aa0b4c-629f-3cae-a9c4-787ca2fa3e21): на эф5 пока пофиг
[16:10:10] GOLDENDUSST (a0ee3527-abbd-3f28-bd2e-ff7c77b23497): Через час продам топ кирку
[16:10:15] ItsFartunaRu (87aa0b4c-629f-3cae-a9c4-787ca2fa3e21): скок алмазес
[16:10:27] GOLDENDUSST (a0ee3527-abbd-3f28-bd2e-ff7c77b23497): Предлагай цену
[16:10:39] ItsFartunaRu (87aa0b4c-629f-3cae-a9c4-787ca2fa3e21): 0,2 алмазес
[16:10:42] ItsFartunaRu (87aa0b4c-629f-3cae-a9c4-787ca2fa3e21): 0,2 алмазес
[16:10:55] Bradly378 (9ab93dfb-1454-3bb1-b47f-700f714534a9): повышение до boss of the gym
[16:10:56] GOLDENDUSST (a0ee3527-abbd-3f28-bd2e-ff7c77b23497): окей 20 алмазов
[16:11:00] ItsFartunaRu (87aa0b4c-629f-3cae-a9c4-787ca2fa3e21): э мага ты ахуел
[16:11:07] GOLDENDUSST (a0ee3527-abbd-3f28-bd2e-ff7c77b23497): 5 алм
[16:11:14] ItsFartunaRu (87aa0b4c-629f-3cae-a9c4-787ca2fa3e21): норм
[16:11:24] ItsFartunaRu (87aa0b4c-629f-3cae-a9c4-787ca2fa3e21): это ток книги да
[16:11:35] GOLDENDUSST (a0ee3527-abbd-3f28-bd2e-ff7c77b23497): Это кирка
[16:12:03] ItsFartunaRu (87aa0b4c-629f-3cae-a9c4-787ca2fa3e21): крутые цены мага
[16:12:13] RunishYT (deb2ebb7-8562-3728-8ba8-ec800da9360c): фартук
[16:12:20] RunishYT (deb2ebb7-8562-3728-8ba8-ec800da9360c): добкдь 10 стаков булыги
[16:12:24] RunishYT (deb2ebb7-8562-3728-8ba8-ec800da9360c): заплачу
[16:12:25] ItsFartunaRu (87aa0b4c-629f-3cae-a9c4-787ca2fa3e21): да ты ахуел
[16:12:34] RunishYT (deb2ebb7-8562-3728-8ba8-ec800da9360c): 20 алмов
[16:12:45] ItsFartunaRu (87aa0b4c-629f-3cae-a9c4-787ca2fa3e21): бредля работай
[16:12:48] RunishYT (deb2ebb7-8562-3728-8ba8-ec800da9360c): Туда его
[16:12:56] ItsFartunaRu (87aa0b4c-629f-3cae-a9c4-787ca2fa3e21): блять не будет
[16:12:58] ItsFartunaRu (87aa0b4c-629f-3cae-a9c4-787ca2fa3e21): не каеф
[16:13:11] RunishYT (deb2ebb7-8562-3728-8ba8-ec800da9360c): Фартук
[16:13:16] RunishYT (deb2ebb7-8562-3728-8ba8-ec800da9360c): 10 стаков булыги
[16:13:25] RunishYT (deb2ebb7-8562-3728-8ba8-ec800da9360c): дам алмазы
[16:13:33] ItsFartunaRu (87aa0b4c-629f-3cae-a9c4-787ca2fa3e21): блять да ты ахуел
[16:13:40] ItsFartunaRu (87aa0b4c-629f-3cae-a9c4-787ca2fa3e21): подумаю
[16:13:47] RunishYT (deb2ebb7-8562-3728-8ba8-ec800da9360c): не иди нах
[16:13:51] ItsFartunaRu (87aa0b4c-629f-3cae-a9c4-787ca2fa3e21): ес
[16:14:06] RunishYT (deb2ebb7-8562-3728-8ba8-ec800da9360c): Вова блять быстро пошел добыл 15 стаков незерака
[16:14:20] GOLDENDUSST (a0ee3527-abbd-3f28-bd2e-ff7c77b23497): Половину алмазем
[16:14:34] RunishYT (deb2ebb7-8562-3728-8ba8-ec800da9360c): Рял
[16:14:38] ItsFartunaRu (87aa0b4c-629f-3cae-a9c4-787ca2fa3e21): руина из раба превратился в бизнесгерл?
[16:14:40] GOLDENDUSST (a0ee3527-abbd-3f28-bd2e-ff7c77b23497): Бэлин а хули я всех заебал
[16:14:55] GOLDENDUSST (a0ee3527-abbd-3f28-bd2e-ff7c77b23497): Гг тима раков я ливаю
[16:14:58] ItsFartunaRu (87aa0b4c-629f-3cae-a9c4-787ca2fa3e21): согл
[16:16:23] ItsFartunaRu (87aa0b4c-629f-3cae-a9c4-787ca2fa3e21): дуст вы че щас имеете
[16:16:32] ItsFartunaRu (87aa0b4c-629f-3cae-a9c4-787ca2fa3e21): по бизнесу
[16:16:35] GOLDENDUSST (a0ee3527-abbd-3f28-bd2e-ff7c77b23497): Ёр эсс бро
[16:16:42] ItsFartunaRu (87aa0b4c-629f-3cae-a9c4-787ca2fa3e21): мага ты ахуел
[16:17:19] GOLDENDUSST (a0ee3527-abbd-3f28-bd2e-ff7c77b23497): Деревня жителей алмазка без защиты 4 я пытался выбить 3 часа впустую
[16:17:29] GOLDENDUSST (a0ee3527-abbd-3f28-bd2e-ff7c77b23497): Меч на остроту 5 и добычу
[16:17:36] ItsFartunaRu (87aa0b4c-629f-3cae-a9c4-787ca2fa3e21): блять, каким образом вы стали богаче нас с бредлей
[16:17:53] GOLDENDUSST (a0ee3527-abbd-3f28-bd2e-ff7c77b23497): Бро ты просто выбрал не ту цивилизацию
[16:18:02] ItsFartunaRu (87aa0b4c-629f-3cae-a9c4-787ca2fa3e21): не понял
[16:18:06] ItsFartunaRu (87aa0b4c-629f-3cae-a9c4-787ca2fa3e21): немцы больше не имба?
[16:18:15] GOLDENDUSST (a0ee3527-abbd-3f28-bd2e-ff7c77b23497): Угу
[16:18:26] GOLDENDUSST (a0ee3527-abbd-3f28-bd2e-ff7c77b23497): Я выбрал Евреев
[16:18:39] ItsFartunaRu (87aa0b4c-629f-3cae-a9c4-787ca2fa3e21): чо по бонусу
[16:18:43] ItsFartunaRu (87aa0b4c-629f-3cae-a9c4-787ca2fa3e21): чо по бонусу
[16:18:59] GOLDENDUSST (a0ee3527-abbd-3f28-bd2e-ff7c77b23497): Гринд берева раби изюмов
[16:19:30] ItsFartunaRu (87aa0b4c-629f-3cae-a9c4-787ca2fa3e21): не имба
[16:19:51] GOLDENDUSST (a0ee3527-abbd-3f28-bd2e-ff7c77b23497): Сука прост были в 300 раз богаче если сложность была хард
[16:20:06] GOLDENDUSST (a0ee3527-abbd-3f28-bd2e-ff7c77b23497): Жители подыхают от зомби а не заражаются
[16:20:22] ItsFartunaRu (87aa0b4c-629f-3cae-a9c4-787ca2fa3e21): непонял
[16:20:25] _MagicShadow_ (806b9490-3fe7-3c9b-a8f8-e73b9d0be3a8): + скидки не сделать
[16:20:29] ItsFartunaRu (87aa0b4c-629f-3cae-a9c4-787ca2fa3e21): а схуяли не сложная
[16:20:34] ItsFartunaRu (87aa0b4c-629f-3cae-a9c4-787ca2fa3e21): а
[16:20:37] ItsFartunaRu (87aa0b4c-629f-3cae-a9c4-787ca2fa3e21): так вы же ныли
[16:20:39] GOLDENDUSST (a0ee3527-abbd-3f28-bd2e-ff7c77b23497): Вот именно поэтому скидки не сделать
[16:20:40] ItsFartunaRu (87aa0b4c-629f-3cae-a9c4-787ca2fa3e21): на парагоне
[16:20:52] GOLDENDUSST (a0ee3527-abbd-3f28-bd2e-ff7c77b23497): Вот именно стали бы богаче если бы были скидки
[16:21:01] GOLDENDUSST (a0ee3527-abbd-3f28-bd2e-ff7c77b23497): Что ныли
[16:21:11] ItsFartunaRu (87aa0b4c-629f-3cae-a9c4-787ca2fa3e21): типо на сложной подыхаете
[16:25:48] ItsFartunaRu (87aa0b4c-629f-3cae-a9c4-787ca2fa3e21): чо по кирке
[16:26:08] GOLDENDUSST (a0ee3527-abbd-3f28-bd2e-ff7c77b23497): Ты кто?
[16:26:26] GOLDENDUSST (a0ee3527-abbd-3f28-bd2e-ff7c77b23497): Я тебя не знаю, отъебись пж
[16:26:31] ItsFartunaRu (87aa0b4c-629f-3cae-a9c4-787ca2fa3e21): задай вопрос полегче
[16:26:51] GOLDENDUSST (a0ee3527-abbd-3f28-bd2e-ff7c77b23497): Кто ты по сечению единородьего волоса
[16:27:01] ItsFartunaRu (87aa0b4c-629f-3cae-a9c4-787ca2fa3e21): егор первый
[16:27:26] GOLDENDUSST (a0ee3527-abbd-3f28-bd2e-ff7c77b23497): Ладно задам вопрос легче каждый мужчина должен его знать
[16:27:33] GOLDENDUSST (a0ee3527-abbd-3f28-bd2e-ff7c77b23497): Кто ты из фей винкс
[16:27:53] ItsFartunaRu (87aa0b4c-629f-3cae-a9c4-787ca2fa3e21): ясн я не мужик
[16:28:07] GOLDENDUSST (a0ee3527-abbd-3f28-bd2e-ff7c77b23497): Гомосексуал
[16:28:08] ItsFartunaRu (87aa0b4c-629f-3cae-a9c4-787ca2fa3e21): го полегче
[16:28:10] ItsFartunaRu (87aa0b4c-629f-3cae-a9c4-787ca2fa3e21): не
[16:28:30] ItsFartunaRu (87aa0b4c-629f-3cae-a9c4-787ca2fa3e21): твар ты меня оскорбил
[16:28:33] ItsFartunaRu (87aa0b4c-629f-3cae-a9c4-787ca2fa3e21): жди репорт
[16:28:49] GOLDENDUSST (a0ee3527-abbd-3f28-bd2e-ff7c77b23497): Ты сам себя оскорбил когда родился
[16:28:57] ItsFartunaRu (87aa0b4c-629f-3cae-a9c4-787ca2fa3e21): да ты ахуел
[16:29:07] ItsFartunaRu (87aa0b4c-629f-3cae-a9c4-787ca2fa3e21): жди деанон
[16:32:35] ItsFartunaRu (87aa0b4c-629f-3cae-a9c4-787ca2fa3e21): ты куда железо спиздил
[16:32:47] Bradly378 (9ab93dfb-1454-3bb1-b47f-700f714534a9): накавальня
[16:32:52] ItsFartunaRu (87aa0b4c-629f-3cae-a9c4-787ca2fa3e21): где
[16:32:57] ItsFartunaRu (87aa0b4c-629f-3cae-a9c4-787ca2fa3e21): я прост хотел делать её
[16:33:06] Bradly378 (9ab93dfb-1454-3bb1-b47f-700f714534a9): на костре она
[16:33:14] ItsFartunaRu (87aa0b4c-629f-3cae-a9c4-787ca2fa3e21): а
[16:33:23] Bradly378 (9ab93dfb-1454-3bb1-b47f-700f714534a9): удобно ей там
[16:34:13] ItsFartunaRu (87aa0b4c-629f-3cae-a9c4-787ca2fa3e21): подними сложность
[16:34:21] Bradly378 (9ab93dfb-1454-3bb1-b47f-700f714534a9): а какая щас
[16:34:25] ItsFartunaRu (87aa0b4c-629f-3cae-a9c4-787ca2fa3e21): лёгкая
[16:34:27] Bradly378 (9ab93dfb-1454-3bb1-b47f-700f714534a9): ...
[16:34:29] Bradly378 (9ab93dfb-1454-3bb1-b47f-700f714534a9): мда
[16:34:38] Bradly378 (9ab93dfb-1454-3bb1-b47f-700f714534a9): всё
[16:34:42] ItsFartunaRu (87aa0b4c-629f-3cae-a9c4-787ca2fa3e21): уф спс
[16:34:50] GOLDENDUSST (a0ee3527-abbd-3f28-bd2e-ff7c77b23497): Если ты сделаешь это бредля я тебя не прощу
[16:34:54] GOLDENDUSST (a0ee3527-abbd-3f28-bd2e-ff7c77b23497): Белин
[16:34:55] Bradly378 (9ab93dfb-1454-3bb1-b47f-700f714534a9): ладно
[16:35:01] GOLDENDUSST (a0ee3527-abbd-3f28-bd2e-ff7c77b23497): я прощаю тебя
[16:43:35] GOLDENDUSST (a0ee3527-abbd-3f28-bd2e-ff7c77b23497): Попуск
[16:44:28] ItsFartunaRu (87aa0b4c-629f-3cae-a9c4-787ca2fa3e21): блять
[16:44:33] ItsFartunaRu (87aa0b4c-629f-3cae-a9c4-787ca2fa3e21): блять
[16:44:35] ItsFartunaRu (87aa0b4c-629f-3cae-a9c4-787ca2fa3e21): а как
[16:44:43] ItsFartunaRu (87aa0b4c-629f-3cae-a9c4-787ca2fa3e21): я в афк был
[16:45:13] GOLDENDUSST (a0ee3527-abbd-3f28-bd2e-ff7c77b23497): Спроси у бребля
[16:45:51] ItsFartunaRu (87aa0b4c-629f-3cae-a9c4-787ca2fa3e21): он сделал лив до этого
[16:46:07] GOLDENDUSST (a0ee3527-abbd-3f28-bd2e-ff7c77b23497): Он может смотреть кто и как умер
[16:46:15] ItsFartunaRu (87aa0b4c-629f-3cae-a9c4-787ca2fa3e21): зомбак наверн
[16:47:27] ItsFartunaRu (87aa0b4c-629f-3cae-a9c4-787ca2fa3e21): кварц в сундуке
[16:48:11] GOLDENDUSST (a0ee3527-abbd-3f28-bd2e-ff7c77b23497): Продам палки ифрита
[16:49:03] ItsFartunaRu (87aa0b4c-629f-3cae-a9c4-787ca2fa3e21): где големы
[16:49:10] Bradly378 (9ab93dfb-1454-3bb1-b47f-700f714534a9): тут трейд холл будет 2 этаный
[16:49:37] ItsFartunaRu (87aa0b4c-629f-3cae-a9c4-787ca2fa3e21): в каком радиусе появляются големы
[16:49:45] Bradly378 (9ab93dfb-1454-3bb1-b47f-700f714534a9): хз
[16:49:52] Bradly378 (9ab93dfb-1454-3bb1-b47f-700f714534a9): 20 блоков примерно
[16:50:24] ItsFartunaRu (87aa0b4c-629f-3cae-a9c4-787ca2fa3e21): нихуясе
[16:50:30] ItsFartunaRu (87aa0b4c-629f-3cae-a9c4-787ca2fa3e21): он заспавнился в блоках
[16:52:14] ItsFartunaRu (87aa0b4c-629f-3cae-a9c4-787ca2fa3e21): ебать эта чо за аппарат
[16:52:24] ItsFartunaRu (87aa0b4c-629f-3cae-a9c4-787ca2fa3e21): хвапхп
[16:52:26] Bradly378 (9ab93dfb-1454-3bb1-b47f-700f714534a9): не трогай
[16:52:32] Bradly378 (9ab93dfb-1454-3bb1-b47f-700f714534a9): нинада оно тебе
[16:52:33] ItsFartunaRu (87aa0b4c-629f-3cae-a9c4-787ca2fa3e21): я чекну
[16:52:41] Bradly378 (9ab93dfb-1454-3bb1-b47f-700f714534a9): оно на сайко работает
[16:52:50] ItsFartunaRu (87aa0b4c-629f-3cae-a9c4-787ca2fa3e21): отрубать ему стримы да
[16:52:56] ItsFartunaRu (87aa0b4c-629f-3cae-a9c4-787ca2fa3e21): не сжигай пажэ
[16:57:43] GOLDENDUSST (a0ee3527-abbd-3f28-bd2e-ff7c77b23497): Кто знает пиглин выкидывает нарост с торга?
[16:58:48] Bradly378 (9ab93dfb-1454-3bb1-b47f-700f714534a9): 20 слотов для жителей готово грубо говоря
[17:03:18] Bradly378 (9ab93dfb-1454-3bb1-b47f-700f714534a9): уф
[17:03:25] ItsFartunaRu (87aa0b4c-629f-3cae-a9c4-787ca2fa3e21): 6 жителей есть
[17:04:29] ItsFartunaRu (87aa0b4c-629f-3cae-a9c4-787ca2fa3e21): тут спавнятся
[17:05:08] ItsFartunaRu (87aa0b4c-629f-3cae-a9c4-787ca2fa3e21): фигасе
[17:05:56] ItsFartunaRu (87aa0b4c-629f-3cae-a9c4-787ca2fa3e21): мб уже бронника сделаем
[17:06:07] Bradly378 (9ab93dfb-1454-3bb1-b47f-700f714534a9): +
[17:07:33] ItsFartunaRu (87aa0b4c-629f-3cae-a9c4-787ca2fa3e21): блят
[17:08:55] ItsFartunaRu (87aa0b4c-629f-3cae-a9c4-787ca2fa3e21): 7 жителей
[17:09:20] Bradly378 (9ab93dfb-1454-3bb1-b47f-700f714534a9): вези их сюда и делай их
[17:09:27] ItsFartunaRu (87aa0b4c-629f-3cae-a9c4-787ca2fa3e21): рельсы над
[17:09:32] Bradly378 (9ab93dfb-1454-3bb1-b47f-700f714534a9): на изи
[17:10:23] ItsFartunaRu (87aa0b4c-629f-3cae-a9c4-787ca2fa3e21): щас вырастут
[17:10:45] GOLDENDUSST (a0ee3527-abbd-3f28-bd2e-ff7c77b23497): Сука как понять на что ты ответил
[17:10:53] Bradly378 (9ab93dfb-1454-3bb1-b47f-700f714534a9): +
[17:10:55] ItsFartunaRu (87aa0b4c-629f-3cae-a9c4-787ca2fa3e21): он про нарост
[17:11:06] GOLDENDUSST (a0ee3527-abbd-3f28-bd2e-ff7c77b23497): Биля
[17:11:16] ItsFartunaRu (87aa0b4c-629f-3cae-a9c4-787ca2fa3e21): хохол ущемился
[17:11:50] Beesc9it (4a6a7a0c-a144-3f46-a85a-af739d8d9acf): костная мука из рыбы
[17:12:00] Bradly378 (9ab93dfb-1454-3bb1-b47f-700f714534a9): я так то хохол на 50%
[17:12:00] Bradly378 (9ab93dfb-1454-3bb1-b47f-700f714534a9): )
[17:12:02] Beesc9it (4a6a7a0c-a144-3f46-a85a-af739d8d9acf): костная мука и рыбы
[17:12:06] Beesc9it (4a6a7a0c-a144-3f46-a85a-af739d8d9acf): ахуеть
[17:12:16] GOLDENDUSST (a0ee3527-abbd-3f28-bd2e-ff7c77b23497): Плачущий обстдиан проадм
[17:12:23] Bradly378 (9ab93dfb-1454-3bb1-b47f-700f714534a9): ого
[17:12:25] Bradly378 (9ab93dfb-1454-3bb1-b47f-700f714534a9): ого
[17:12:27] ItsFartunaRu (87aa0b4c-629f-3cae-a9c4-787ca2fa3e21): у моей бабушки родственники там
[17:12:48] ItsFartunaRu (87aa0b4c-629f-3cae-a9c4-787ca2fa3e21): чо
[17:12:54] Bradly378 (9ab93dfb-1454-3bb1-b47f-700f714534a9): катя зашлав
[17:13:01] ItsFartunaRu (87aa0b4c-629f-3cae-a9c4-787ca2fa3e21): блять откуда у сексрен опка
[17:13:11] Bradly378 (9ab93dfb-1454-3bb1-b47f-700f714534a9): она 3 по главности админ
[17:13:15] ItsFartunaRu (87aa0b4c-629f-3cae-a9c4-787ca2fa3e21): кто 2
[17:13:16] Bradly378 (9ab93dfb-1454-3bb1-b47f-700f714534a9): 1 сайко
[17:13:18] Bradly378 (9ab93dfb-1454-3bb1-b47f-700f714534a9): я 2
[17:13:21] ItsFartunaRu (87aa0b4c-629f-3cae-a9c4-787ca2fa3e21): крутой
[17:13:27] ItsFartunaRu (87aa0b4c-629f-3cae-a9c4-787ca2fa3e21): ачо дарк делает
[17:13:41] Bradly378 (9ab93dfb-1454-3bb1-b47f-700f714534a9): он дс модер по большей части
[17:13:46] ItsFartunaRu (87aa0b4c-629f-3cae-a9c4-787ca2fa3e21): понят
[17:13:55] ItsFartunaRu (87aa0b4c-629f-3cae-a9c4-787ca2fa3e21): азвпвзы-п
[17:14:04] GOLDENDUSST (a0ee3527-abbd-3f28-bd2e-ff7c77b23497): Бля какой он лох
[17:14:08] ItsFartunaRu (87aa0b4c-629f-3cae-a9c4-787ca2fa3e21): рубилова
[17:14:12] GOLDENDUSST (a0ee3527-abbd-3f28-bd2e-ff7c77b23497): Мне аж жаль его стало
[17:14:12] Bradly378 (9ab93dfb-1454-3bb1-b47f-700f714534a9): ахах
[17:14:13] ItsFartunaRu (87aa0b4c-629f-3cae-a9c4-787ca2fa3e21): э
[17:14:18] ItsFartunaRu (87aa0b4c-629f-3cae-a9c4-787ca2fa3e21): тут рубилова
[17:14:19] Bradly378 (9ab93dfb-1454-3bb1-b47f-700f714534a9): 2 хп за 1 удар
[17:14:21] Bradly378 (9ab93dfb-1454-3bb1-b47f-700f714534a9): я ебал
[17:15:24] ItsFartunaRu (87aa0b4c-629f-3cae-a9c4-787ca2fa3e21): тут фантомы робят?
[17:15:27] Bradly378 (9ab93dfb-1454-3bb1-b47f-700f714534a9): хз
[17:15:32] Bradly378 (9ab93dfb-1454-3bb1-b47f-700f714534a9): должны
[17:15:39] Bradly378 (9ab93dfb-1454-3bb1-b47f-700f714534a9): если сайко не убирал их
[17:16:00] ItsFartunaRu (87aa0b4c-629f-3cae-a9c4-787ca2fa3e21): БЛЯТЬ
[17:16:10] ItsFartunaRu (87aa0b4c-629f-3cae-a9c4-787ca2fa3e21): а всё норм
[17:16:18] ItsFartunaRu (87aa0b4c-629f-3cae-a9c4-787ca2fa3e21): я думал пиздюк убежал
[17:17:47] Bradly378 (9ab93dfb-1454-3bb1-b47f-700f714534a9): эээ
[17:18:10] ItsFartunaRu (87aa0b4c-629f-3cae-a9c4-787ca2fa3e21): блять узжаеь
[17:20:57] Bradly378 (9ab93dfb-1454-3bb1-b47f-700f714534a9): ладно
[17:24:10] ItsFartunaRu (87aa0b4c-629f-3cae-a9c4-787ca2fa3e21): 3 жителя пока хватит?
[17:24:46] ItsFartunaRu (87aa0b4c-629f-3cae-a9c4-787ca2fa3e21): блять
[17:25:27] ItsFartunaRu (87aa0b4c-629f-3cae-a9c4-787ca2fa3e21): ухади
[17:25:28] ItsFartunaRu (87aa0b4c-629f-3cae-a9c4-787ca2fa3e21): ухади
[17:25:28] ItsFartunaRu (87aa0b4c-629f-3cae-a9c4-787ca2fa3e21): ухади
[17:25:29] ItsFartunaRu (87aa0b4c-629f-3cae-a9c4-787ca2fa3e21): ухади
[17:25:54] ItsFartunaRu (87aa0b4c-629f-3cae-a9c4-787ca2fa3e21): подгон
[17:26:32] ItsFartunaRu (87aa0b4c-629f-3cae-a9c4-787ca2fa3e21): фигасе
[17:26:37] ItsFartunaRu (87aa0b4c-629f-3cae-a9c4-787ca2fa3e21): мод показывает неведикмок
[17:33:36] GOLDENDUSST (a0ee3527-abbd-3f28-bd2e-ff7c77b23497): Ты где
[17:33:44] GOLDENDUSST (a0ee3527-abbd-3f28-bd2e-ff7c77b23497): Да да ты
[17:34:13] GOLDENDUSST (a0ee3527-abbd-3f28-bd2e-ff7c77b23497): Сука уебище
[17:34:35] GOLDENDUSST (a0ee3527-abbd-3f28-bd2e-ff7c77b23497): Я кирку сделал
[17:34:59] GOLDENDUSST (a0ee3527-abbd-3f28-bd2e-ff7c77b23497): А он афк
[17:35:13] GOLDENDUSST (a0ee3527-abbd-3f28-bd2e-ff7c77b23497): Бердля скажи коорды его метсонахождения пж
[17:45:51] GOLDENDUSST (a0ee3527-abbd-3f28-bd2e-ff7c77b23497): Продам алмазный сет кому нужно?
[17:46:02] _MagicShadow_ (806b9490-3fe7-3c9b-a8f8-e73b9d0be3a8): за что?
[17:46:10] GOLDENDUSST (a0ee3527-abbd-3f28-bd2e-ff7c77b23497): За алмазес
[17:46:17] _MagicShadow_ (806b9490-3fe7-3c9b-a8f8-e73b9d0be3a8): сколько?
[17:46:26] GOLDENDUSST (a0ee3527-abbd-3f28-bd2e-ff7c77b23497): 16 алмазес за алмазный сет
[17:47:01] GOLDENDUSST (a0ee3527-abbd-3f28-bd2e-ff7c77b23497): Брать будете?
[17:47:08] GOLDENDUSST (a0ee3527-abbd-3f28-bd2e-ff7c77b23497): Торг уместен
[17:47:10] _MagicShadow_ (806b9490-3fe7-3c9b-a8f8-e73b9d0be3a8): пока нет
[17:47:27] GOLDENDUSST (a0ee3527-abbd-3f28-bd2e-ff7c77b23497): Могу вдолг на 7 дней
[17:47:28] _MagicShadow_ (806b9490-3fe7-3c9b-a8f8-e73b9d0be3a8): алмазов пока нету
[17:47:34] _MagicShadow_ (806b9490-3fe7-3c9b-a8f8-e73b9d0be3a8): алмазов пока нету
[17:47:50] GOLDENDUSST (a0ee3527-abbd-3f28-bd2e-ff7c77b23497): Ну долг за 7 дней уверен появится
[17:47:59] GOLDENDUSST (a0ee3527-abbd-3f28-bd2e-ff7c77b23497): О еблан
[17:48:09] GOLDENDUSST (a0ee3527-abbd-3f28-bd2e-ff7c77b23497): Я кирку сдаелал
[17:48:15] GOLDENDUSST (a0ee3527-abbd-3f28-bd2e-ff7c77b23497): Я кируу сделал
[17:48:24] ItsFartunaRu (87aa0b4c-629f-3cae-a9c4-787ca2fa3e21): еблан твой мама броу
[17:48:36] GOLDENDUSST (a0ee3527-abbd-3f28-bd2e-ff7c77b23497): пашла нахуй
[17:48:50] GOLDENDUSST (a0ee3527-abbd-3f28-bd2e-ff7c77b23497): Я как житель если ударит то цены будут завышены
[17:48:59] GOLDENDUSST (a0ee3527-abbd-3f28-bd2e-ff7c77b23497): Так что 7 алмов уёба
[17:49:27] GOLDENDUSST (a0ee3527-abbd-3f28-bd2e-ff7c77b23497): Чё будешь брать?
[17:49:44] ItsFartunaRu (87aa0b4c-629f-3cae-a9c4-787ca2fa3e21): пошел нахцй со своими 7
[17:49:51] GOLDENDUSST (a0ee3527-abbd-3f28-bd2e-ff7c77b23497): За 5
[17:49:58] ItsFartunaRu (87aa0b4c-629f-3cae-a9c4-787ca2fa3e21): пойдёт
[17:50:26] GOLDENDUSST (a0ee3527-abbd-3f28-bd2e-ff7c77b23497): Ты ведь понимаешь что за то время которое я потратил на кирку я мог бы добыть гораздо больше
[17:50:33] _MagicShadow_ (806b9490-3fe7-3c9b-a8f8-e73b9d0be3a8): еба жители
[17:50:45] ItsFartunaRu (87aa0b4c-629f-3cae-a9c4-787ca2fa3e21): блят пошёл нахуй
[17:50:57] GOLDENDUSST (a0ee3527-abbd-3f28-bd2e-ff7c77b23497): Ты где
[17:51:04] ItsFartunaRu (87aa0b4c-629f-3cae-a9c4-787ca2fa3e21): ин база
[17:51:04] _MagicShadow_ (806b9490-3fe7-3c9b-a8f8-e73b9d0be3a8): я хлеб нечаянно выкинул они с кроватей встали и на хлеб побежали
[17:51:26] _MagicShadow_ (806b9490-3fe7-3c9b-a8f8-e73b9d0be3a8): комуто нужны житаки?
[17:51:27] ItsFartunaRu (87aa0b4c-629f-3cae-a9c4-787ca2fa3e21): у меня эликов нет, долететь до спавна не смогу
[17:51:48] GOLDENDUSST (a0ee3527-abbd-3f28-bd2e-ff7c77b23497): Еблан корды
[17:51:55] ItsFartunaRu (87aa0b4c-629f-3cae-a9c4-787ca2fa3e21): доставка алиэкспресс
[17:52:09] ItsFartunaRu (87aa0b4c-629f-3cae-a9c4-787ca2fa3e21): 2450 600
[17:52:22] GOLDENDUSST (a0ee3527-abbd-3f28-bd2e-ff7c77b23497): Дядя если доставка алиэкспрес я возьму плату и товар хер жнает где будет
[17:52:28] _MagicShadow_ (806b9490-3fe7-3c9b-a8f8-e73b9d0be3a8): не кому не нужны так не нужны
[17:52:38] ItsFartunaRu (87aa0b4c-629f-3cae-a9c4-787ca2fa3e21): мага я пошутил
[17:53:13] GOLDENDUSST (a0ee3527-abbd-3f28-bd2e-ff7c77b23497): А где
[17:53:21] ItsFartunaRu (87aa0b4c-629f-3cae-a9c4-787ca2fa3e21): че
[17:53:31] GOLDENDUSST (a0ee3527-abbd-3f28-bd2e-ff7c77b23497): Настоящие коорбы
[17:53:41] ItsFartunaRu (87aa0b4c-629f-3cae-a9c4-787ca2fa3e21): еблан да
[17:54:10] _MagicShadow_ (806b9490-3fe7-3c9b-a8f8-e73b9d0be3a8): бла не зря ферму строил
[17:54:20] GOLDENDUSST (a0ee3527-abbd-3f28-bd2e-ff7c77b23497): Потому буду продавать Коран где будет написано "Еби баран"
[17:54:35] ItsFartunaRu (87aa0b4c-629f-3cae-a9c4-787ca2fa3e21): не актуально
[17:54:46] ItsFartunaRu (87aa0b4c-629f-3cae-a9c4-787ca2fa3e21): сделай клан по иебанию асла
[17:58:08] ItsFartunaRu (87aa0b4c-629f-3cae-a9c4-787ca2fa3e21): мага у тебя есть элики?
[17:58:36] GOLDENDUSST (a0ee3527-abbd-3f28-bd2e-ff7c77b23497): Нету
[17:58:46] ItsFartunaRu (87aa0b4c-629f-3cae-a9c4-787ca2fa3e21): чо за нищ
[17:58:54] _MagicShadow_ (806b9490-3fe7-3c9b-a8f8-e73b9d0be3a8): а поч мага?
[17:59:06] ItsFartunaRu (87aa0b4c-629f-3cae-a9c4-787ca2fa3e21): над в энд сходить завтра
[17:59:07] GOLDENDUSST (a0ee3527-abbd-3f28-bd2e-ff7c77b23497): Я их проебав
[17:59:18] GOLDENDUSST (a0ee3527-abbd-3f28-bd2e-ff7c77b23497): Из-за еблана который мне позвонил
[17:59:25] ItsFartunaRu (87aa0b4c-629f-3cae-a9c4-787ca2fa3e21): уф
[17:59:28] ItsFartunaRu (87aa0b4c-629f-3cae-a9c4-787ca2fa3e21): не еблан
[18:02:40] GOLDENDUSST (a0ee3527-abbd-3f28-bd2e-ff7c77b23497): Я хочу надбавки в два раза так как доставка и ещё портал в ад
[18:02:49] ItsFartunaRu (87aa0b4c-629f-3cae-a9c4-787ca2fa3e21): портал есть
[18:03:54] ItsFartunaRu (87aa0b4c-629f-3cae-a9c4-787ca2fa3e21): мага у тебя есть хлеб?
[18:04:00] GOLDENDUSST (a0ee3527-abbd-3f28-bd2e-ff7c77b23497): да
[18:04:04] GOLDENDUSST (a0ee3527-abbd-3f28-bd2e-ff7c77b23497): Да
[18:04:19] ItsFartunaRu (87aa0b4c-629f-3cae-a9c4-787ca2fa3e21): притащи пажэ
[18:04:31] ItsFartunaRu (87aa0b4c-629f-3cae-a9c4-787ca2fa3e21): жители скажут тебя спс
[18:04:43] ItsFartunaRu (87aa0b4c-629f-3cae-a9c4-787ca2fa3e21): не тянулова
[18:05:00] GOLDENDUSST (a0ee3527-abbd-3f28-bd2e-ff7c77b23497): Бля заебал сколько ты соьираешься мне заплатить
[18:06:21] ItsFartunaRu (87aa0b4c-629f-3cae-a9c4-787ca2fa3e21): скок над
[18:06:51] ItsFartunaRu (87aa0b4c-629f-3cae-a9c4-787ca2fa3e21): мага вспомни как я тебе делал скидки на визер эсэмпэ
[18:06:57] [CAPS] GOLDENDUSST (a0ee3527-abbd-3f28-bd2e-ff7c77b23497): 5+5³×10ф²
[18:07:23] GOLDENDUSST (a0ee3527-abbd-3f28-bd2e-ff7c77b23497): 5+3³×10⁴
[18:07:44] ItsFartunaRu (87aa0b4c-629f-3cae-a9c4-787ca2fa3e21): диз
[18:08:42] GOLDENDUSST (a0ee3527-abbd-3f28-bd2e-ff7c77b23497): Бребля с тобой?
[18:08:47] ItsFartunaRu (87aa0b4c-629f-3cae-a9c4-787ca2fa3e21): ес
[18:08:50] GOLDENDUSST (a0ee3527-abbd-3f28-bd2e-ff7c77b23497): Мне есу кое что нужно отдать
[18:09:04] ItsFartunaRu (87aa0b4c-629f-3cae-a9c4-787ca2fa3e21): 7стаков алмазес да
[18:09:31] GOLDENDUSST (a0ee3527-abbd-3f28-bd2e-ff7c77b23497): Почти
[18:09:37] ItsFartunaRu (87aa0b4c-629f-3cae-a9c4-787ca2fa3e21): уф
[18:09:46] GOLDENDUSST (a0ee3527-abbd-3f28-bd2e-ff7c77b23497): Сперма внутривенно народная медицина
[18:09:53] ItsFartunaRu (87aa0b4c-629f-3cae-a9c4-787ca2fa3e21): да ты ахуел
[18:10:34] ItsFartunaRu (87aa0b4c-629f-3cae-a9c4-787ca2fa3e21): эоса больше нет, над делать клан
[18:10:35] _MagicShadow_ (806b9490-3fe7-3c9b-a8f8-e73b9d0be3a8): кто может дать бирку за 32 железа?
[18:11:21] ItsFartunaRu (87aa0b4c-629f-3cae-a9c4-787ca2fa3e21): я крч на лив
[18:11:32] ItsFartunaRu (87aa0b4c-629f-3cae-a9c4-787ca2fa3e21): напишешь когда придёшь
[18:12:20] _MagicShadow_ (806b9490-3fe7-3c9b-a8f8-e73b9d0be3a8): дайте бирку плиз! дам 32 железа
[18:12:36] GOLDENDUSST (a0ee3527-abbd-3f28-bd2e-ff7c77b23497): Хуета, могу дать бесплатно
[18:12:43] _MagicShadow_ (806b9490-3fe7-3c9b-a8f8-e73b9d0be3a8): давай
[18:12:57] _MagicShadow_ (806b9490-3fe7-3c9b-a8f8-e73b9d0be3a8): можешь 2 дать?
[18:13:04] _MagicShadow_ (806b9490-3fe7-3c9b-a8f8-e73b9d0be3a8): можешь 2 дать?
[18:13:15] GOLDENDUSST (a0ee3527-abbd-3f28-bd2e-ff7c77b23497): Ладн
[18:13:25] _MagicShadow_ (806b9490-3fe7-3c9b-a8f8-e73b9d0be3a8): на спавне
[18:16:10] GOLDENDUSST (a0ee3527-abbd-3f28-bd2e-ff7c77b23497): Где ты
[18:16:14] _MagicShadow_ (806b9490-3fe7-3c9b-a8f8-e73b9d0be3a8): плыву
[18:16:18] _MagicShadow_ (806b9490-3fe7-3c9b-a8f8-e73b9d0be3a8): плыву
[18:16:42] _MagicShadow_ (806b9490-3fe7-3c9b-a8f8-e73b9d0be3a8): всё
[18:16:47] _MagicShadow_ (806b9490-3fe7-3c9b-a8f8-e73b9d0be3a8): ау
[18:17:02] _MagicShadow_ (806b9490-3fe7-3c9b-a8f8-e73b9d0be3a8): спасибо большое!
[18:23:37] GOLDENDUSST (a0ee3527-abbd-3f28-bd2e-ff7c77b23497): Где поратл
[18:23:42] GOLDENDUSST (a0ee3527-abbd-3f28-bd2e-ff7c77b23497): Где портал
[18:23:46] GOLDENDUSST (a0ee3527-abbd-3f28-bd2e-ff7c77b23497): Бребля
[18:25:12] Bradly378 (9ab93dfb-1454-3bb1-b47f-700f714534a9): ты кто блять
[18:25:19] GOLDENDUSST (a0ee3527-abbd-3f28-bd2e-ff7c77b23497): Я лунтик
[18:25:24] GOLDENDUSST (a0ee3527-abbd-3f28-bd2e-ff7c77b23497): будем друзьями?
[18:25:34] Bradly378 (9ab93dfb-1454-3bb1-b47f-700f714534a9): давай
[18:26:16] ItsFartunaRu (87aa0b4c-629f-3cae-a9c4-787ca2fa3e21): узбек
[18:26:30] ItsFartunaRu (87aa0b4c-629f-3cae-a9c4-787ca2fa3e21): ахукл
[18:26:39] ItsFartunaRu (87aa0b4c-629f-3cae-a9c4-787ca2fa3e21): кирка
[18:27:00] GOLDENDUSST (a0ee3527-abbd-3f28-bd2e-ff7c77b23497): Естт только пиздюли
[18:27:06] ItsFartunaRu (87aa0b4c-629f-3cae-a9c4-787ca2fa3e21): нет зочем
[18:27:13] ItsFartunaRu (87aa0b4c-629f-3cae-a9c4-787ca2fa3e21): алмазес
[18:27:23] GOLDENDUSST (a0ee3527-abbd-3f28-bd2e-ff7c77b23497): Сначало обговорим набавку
[18:27:27] GOLDENDUSST (a0ee3527-abbd-3f28-bd2e-ff7c77b23497): надбавку
[18:27:30] ItsFartunaRu (87aa0b4c-629f-3cae-a9c4-787ca2fa3e21): 6 алмазес
[18:27:39] GOLDENDUSST (a0ee3527-abbd-3f28-bd2e-ff7c77b23497): я чуть 7 раз не здох
[18:27:44] GOLDENDUSST (a0ee3527-abbd-3f28-bd2e-ff7c77b23497): хули вы над лавой
[18:27:55] ItsFartunaRu (87aa0b4c-629f-3cae-a9c4-787ca2fa3e21): 6 алмазес и желез шлем
[18:28:02] ItsFartunaRu (87aa0b4c-629f-3cae-a9c4-787ca2fa3e21): чтобы не сдох
[18:28:09] GOLDENDUSST (a0ee3527-abbd-3f28-bd2e-ff7c77b23497): бля железный шлем имба
[18:28:13] ItsFartunaRu (87aa0b4c-629f-3cae-a9c4-787ca2fa3e21): сог
[18:28:28] ItsFartunaRu (87aa0b4c-629f-3cae-a9c4-787ca2fa3e21): кинут
[18:28:49] ItsFartunaRu (87aa0b4c-629f-3cae-a9c4-787ca2fa3e21): щас
[18:29:05] GOLDENDUSST (a0ee3527-abbd-3f28-bd2e-ff7c77b23497): бребля я спиздил твои вещи а точнее нагрудник шлем и топор и остальное по мелочевке
[18:29:13] GOLDENDUSST (a0ee3527-abbd-3f28-bd2e-ff7c77b23497): я пришёл возмещать ущерб
[18:29:18] ItsFartunaRu (87aa0b4c-629f-3cae-a9c4-787ca2fa3e21): ты ахукл
[18:29:28] Bradly378 (9ab93dfb-1454-3bb1-b47f-700f714534a9): лее
[18:29:41] ItsFartunaRu (87aa0b4c-629f-3cae-a9c4-787ca2fa3e21): го 1 на 1 без ресав
[18:29:41] Bradly378 (9ab93dfb-1454-3bb1-b47f-700f714534a9): ого
[18:30:05] ItsFartunaRu (87aa0b4c-629f-3cae-a9c4-787ca2fa3e21): э го забив мага
[18:30:20] GOLDENDUSST (a0ee3527-abbd-3f28-bd2e-ff7c77b23497): лох
[18:30:39] GOLDENDUSST (a0ee3527-abbd-3f28-bd2e-ff7c77b23497): еба секс
[18:31:23] GOLDENDUSST (a0ee3527-abbd-3f28-bd2e-ff7c77b23497): я выебал твоих коров
[18:31:28] ItsFartunaRu (87aa0b4c-629f-3cae-a9c4-787ca2fa3e21): ты ахукл
[18:31:57] GOLDENDUSST (a0ee3527-abbd-3f28-bd2e-ff7c77b23497): прощай
[18:32:06] ItsFartunaRu (87aa0b4c-629f-3cae-a9c4-787ca2fa3e21): зажигай
[18:32:09] GOLDENDUSST (a0ee3527-abbd-3f28-bd2e-ff7c77b23497): я в депересионное измерение
[18:32:16] Bradly378 (9ab93dfb-1454-3bb1-b47f-700f714534a9): фартун а хуль житель не хоче професию меняти
[18:32:22] ItsFartunaRu (87aa0b4c-629f-3cae-a9c4-787ca2fa3e21): всм
[18:32:23] Bradly378 (9ab93dfb-1454-3bb1-b47f-700f714534a9): шо ахуель
[18:32:45] Bradly378 (9ab93dfb-1454-3bb1-b47f-700f714534a9): пидр тупо
[18:32:46] ItsFartunaRu (87aa0b4c-629f-3cae-a9c4-787ca2fa3e21): он пидарас
[18:32:49] Bradly378 (9ab93dfb-1454-3bb1-b47f-700f714534a9): +
[18:33:24] Bradly378 (9ab93dfb-1454-3bb1-b47f-700f714534a9): идея
[18:33:30] Bradly378 (9ab93dfb-1454-3bb1-b47f-700f714534a9): но голд щас вылетит
[18:33:36] [CAPS] ItsFartunaRu (87aa0b4c-629f-3cae-a9c4-787ca2fa3e21): хахаха туда
[18:34:16] Bradly378 (9ab93dfb-1454-3bb1-b47f-700f714534a9): мини рестарт :D ахахаах фартуна тоже с бэбры
[18:34:17] ItsFartunaRu (87aa0b4c-629f-3cae-a9c4-787ca2fa3e21): твчо ахуел
[18:34:28] ItsFartunaRu (87aa0b4c-629f-3cae-a9c4-787ca2fa3e21): джава по ебеняс пошла
[18:34:36] GOLDENDUSST (a0ee3527-abbd-3f28-bd2e-ff7c77b23497): Ашалел
[18:34:37] Bradly378 (9ab93dfb-1454-3bb1-b47f-700f714534a9): ладно
[18:34:48] ItsFartunaRu (87aa0b4c-629f-3cae-a9c4-787ca2fa3e21): дуст продай броню за 1 алмазес
[18:35:04] GOLDENDUSST (a0ee3527-abbd-3f28-bd2e-ff7c77b23497): Нит тольк 16
[18:35:09] GOLDENDUSST (a0ee3527-abbd-3f28-bd2e-ff7c77b23497): но для тебя скидку
[18:35:21] GOLDENDUSST (a0ee3527-abbd-3f28-bd2e-ff7c77b23497): могу сделать при условии что торг будет на спавне
[18:35:30] GOLDENDUSST (a0ee3527-abbd-3f28-bd2e-ff7c77b23497): хуйлан
[18:35:45] Bradly378 (9ab93dfb-1454-3bb1-b47f-700f714534a9): читай
[18:36:25] GOLDENDUSST (a0ee3527-abbd-3f28-bd2e-ff7c77b23497): бля забыл хлеб отдать
[18:36:30] GOLDENDUSST (a0ee3527-abbd-3f28-bd2e-ff7c77b23497): на хлеб голубь
[18:37:20] Bradly378 (9ab93dfb-1454-3bb1-b47f-700f714534a9): шо за зомбипокалипсис
[18:37:27] GOLDENDUSST (a0ee3527-abbd-3f28-bd2e-ff7c77b23497): У меня было
[18:37:34] GOLDENDUSST (a0ee3527-abbd-3f28-bd2e-ff7c77b23497): 20 зомби разом
[18:37:48] Bradly378 (9ab93dfb-1454-3bb1-b47f-700f714534a9): многа мяса
[18:37:51] Bradly378 (9ab93dfb-1454-3bb1-b47f-700f714534a9): каровы
[18:37:53] Bradly378 (9ab93dfb-1454-3bb1-b47f-700f714534a9): нинада
[18:38:04] Bradly378 (9ab93dfb-1454-3bb1-b47f-700f714534a9): ллеее
[18:38:08] GOLDENDUSST (a0ee3527-abbd-3f28-bd2e-ff7c77b23497): это для жителей
[18:38:14] GOLDENDUSST (a0ee3527-abbd-3f28-bd2e-ff7c77b23497): фартук просил
[18:38:17] Bradly378 (9ab93dfb-1454-3bb1-b47f-700f714534a9): а спс
[18:38:30] ItsFartunaRu (87aa0b4c-629f-3cae-a9c4-787ca2fa3e21): хлебушек
[18:39:07] GOLDENDUSST (a0ee3527-abbd-3f28-bd2e-ff7c77b23497): Морковь выьил
[18:39:12] GOLDENDUSST (a0ee3527-abbd-3f28-bd2e-ff7c77b23497): Выбил морковь
[18:39:23] Bradly378 (9ab93dfb-1454-3bb1-b47f-700f714534a9): )
[18:39:25] GOLDENDUSST (a0ee3527-abbd-3f28-bd2e-ff7c77b23497): хули дядя
[18:41:02] Bradly378 (9ab93dfb-1454-3bb1-b47f-700f714534a9): ооооо
[18:41:20] GOLDENDUSST (a0ee3527-abbd-3f28-bd2e-ff7c77b23497): зайдёт сдохнет
[18:41:22] Bradly378 (9ab93dfb-1454-3bb1-b47f-700f714534a9): эльдарада работаем
[18:42:53] GOLDENDUSST (a0ee3527-abbd-3f28-bd2e-ff7c77b23497): верстак спиздил у лоха на улице бочки оставил прикинь
[18:43:21] GOLDENDUSST (a0ee3527-abbd-3f28-bd2e-ff7c77b23497): смотри
[18:43:45] GOLDENDUSST (a0ee3527-abbd-3f28-bd2e-ff7c77b23497): пизда лоху
[18:43:51] ItsFartunaRu (87aa0b4c-629f-3cae-a9c4-787ca2fa3e21): не понял
[18:44:46] ItsFartunaRu (87aa0b4c-629f-3cae-a9c4-787ca2fa3e21): блять на бебре че ползать нельзя
[18:44:54] Bradly378 (9ab93dfb-1454-3bb1-b47f-700f714534a9): gcrawl
[18:45:09] ItsFartunaRu (87aa0b4c-629f-3cae-a9c4-787ca2fa3e21): нету прав
[18:45:16] Bradly378 (9ab93dfb-1454-3bb1-b47f-700f714534a9): не понял
[18:45:38] ItsFartunaRu (87aa0b4c-629f-3cae-a9c4-787ca2fa3e21): продай алмаз броню за 1 алмаз
[18:45:49] GOLDENDUSST (a0ee3527-abbd-3f28-bd2e-ff7c77b23497): Бредля уже сделав
[18:45:57] ItsFartunaRu (87aa0b4c-629f-3cae-a9c4-787ca2fa3e21): где
[18:45:58] GOLDENDUSST (a0ee3527-abbd-3f28-bd2e-ff7c77b23497): спасите
[18:45:59] Bradly378 (9ab93dfb-1454-3bb1-b47f-700f714534a9): не
[18:46:10] ItsFartunaRu (87aa0b4c-629f-3cae-a9c4-787ca2fa3e21): пхаххп глупый раб
[18:46:15] ItsFartunaRu (87aa0b4c-629f-3cae-a9c4-787ca2fa3e21): а не
[18:46:31] ItsFartunaRu (87aa0b4c-629f-3cae-a9c4-787ca2fa3e21): о алмаз бронь
[18:46:41] Bradly378 (9ab93dfb-1454-3bb1-b47f-700f714534a9): всё
[18:46:53] Bradly378 (9ab93dfb-1454-3bb1-b47f-700f714534a9): 1 аут готов
[18:46:59] Bradly378 (9ab93dfb-1454-3bb1-b47f-700f714534a9): остальных сам делай
[18:47:06] ItsFartunaRu (87aa0b4c-629f-3cae-a9c4-787ca2fa3e21): лень гг
[18:47:10] ItsFartunaRu (87aa0b4c-629f-3cae-a9c4-787ca2fa3e21): завтра
[18:47:19] ItsFartunaRu (87aa0b4c-629f-3cae-a9c4-787ca2fa3e21): с бэбры все хуйня
[18:48:29] ItsFartunaRu (87aa0b4c-629f-3cae-a9c4-787ca2fa3e21): над сделать палочников
[18:48:34] Bradly378 (9ab93dfb-1454-3bb1-b47f-700f714534a9): неси блок магмы
[18:48:37] Bradly378 (9ab93dfb-1454-3bb1-b47f-700f714534a9): ой
[18:48:46] Bradly378 (9ab93dfb-1454-3bb1-b47f-700f714534a9): не неси
[18:48:47] ItsFartunaRu (87aa0b4c-629f-3cae-a9c4-787ca2fa3e21): стак палок = 2 изюма
[18:49:00] ItsFartunaRu (87aa0b4c-629f-3cae-a9c4-787ca2fa3e21): зачем он
[18:49:12] Bradly378 (9ab93dfb-1454-3bb1-b47f-700f714534a9): я перепутал забей
[18:49:53] ItsFartunaRu (87aa0b4c-629f-3cae-a9c4-787ca2fa3e21): чекай
[18:49:56] ItsFartunaRu (87aa0b4c-629f-3cae-a9c4-787ca2fa3e21): ловушка лоха
[18:51:33] ItsFartunaRu (87aa0b4c-629f-3cae-a9c4-787ca2fa3e21): у меня кста бэбра на пк пропала
[18:51:38] Bradly378 (9ab93dfb-1454-3bb1-b47f-700f714534a9): ?
[18:51:44] ItsFartunaRu (87aa0b4c-629f-3cae-a9c4-787ca2fa3e21): лицуха на неё
[18:51:50] Bradly378 (9ab93dfb-1454-3bb1-b47f-700f714534a9): а как?
[18:51:53] ItsFartunaRu (87aa0b4c-629f-3cae-a9c4-787ca2fa3e21): хз
[18:51:59] ItsFartunaRu (87aa0b4c-629f-3cae-a9c4-787ca2fa3e21): в лаунчере её нет
[18:52:23] ItsFartunaRu (87aa0b4c-629f-3cae-a9c4-787ca2fa3e21): а в майкрасофте есть
[18:52:47] ItsFartunaRu (87aa0b4c-629f-3cae-a9c4-787ca2fa3e21): БЛЯТЬ
[18:53:01] ItsFartunaRu (87aa0b4c-629f-3cae-a9c4-787ca2fa3e21): зостркваник
[18:53:13] Bradly378 (9ab93dfb-1454-3bb1-b47f-700f714534a9): чё
[18:53:20] ItsFartunaRu (87aa0b4c-629f-3cae-a9c4-787ca2fa3e21): не важн
[18:53:44] ItsFartunaRu (87aa0b4c-629f-3cae-a9c4-787ca2fa3e21): эточе
[18:53:53] Bradly378 (9ab93dfb-1454-3bb1-b47f-700f714534a9): 2 этаж жителей
[18:54:03] Bradly378 (9ab93dfb-1454-3bb1-b47f-700f714534a9): а не ограмадную комнату делать
[18:54:10] ItsFartunaRu (87aa0b4c-629f-3cae-a9c4-787ca2fa3e21): палочников сначала делать будем?
[18:54:20] Bradly378 (9ab93dfb-1454-3bb1-b47f-700f714534a9): тыкв и сразу тыквы выращивать
[18:54:27] ItsFartunaRu (87aa0b4c-629f-3cae-a9c4-787ca2fa3e21): тыкв долго
[18:54:31] Bradly378 (9ab93dfb-1454-3bb1-b47f-700f714534a9): не
[18:54:34] ItsFartunaRu (87aa0b4c-629f-3cae-a9c4-787ca2fa3e21): ну 2 стака есть
[18:54:36] ItsFartunaRu (87aa0b4c-629f-3cae-a9c4-787ca2fa3e21): кварца
[18:54:37] Bradly378 (9ab93dfb-1454-3bb1-b47f-700f714534a9): 1 вермя сами собирать будем
[18:54:55] ItsFartunaRu (87aa0b4c-629f-3cae-a9c4-787ca2fa3e21): заче
[18:54:57] Bradly378 (9ab93dfb-1454-3bb1-b47f-700f714534a9): 40 саженцов тыкв и уже не будем успевать собирать
[18:55:00] ItsFartunaRu (87aa0b4c-629f-3cae-a9c4-787ca2fa3e21): зачем
[18:55:16] ItsFartunaRu (87aa0b4c-629f-3cae-a9c4-787ca2fa3e21): можно и авто сделать
[18:55:19] Bradly378 (9ab93dfb-1454-3bb1-b47f-700f714534a9): ну чтоб палки не ходить и не рубить и не ждать пока дерево вырастет
[18:55:21] ItsFartunaRu (87aa0b4c-629f-3cae-a9c4-787ca2fa3e21): по схеме дуста
[18:55:28] Bradly378 (9ab93dfb-1454-3bb1-b47f-700f714534a9): на авто пока что места нету и лень
[18:55:44] ItsFartunaRu (87aa0b4c-629f-3cae-a9c4-787ca2fa3e21): рубить тоже лень
[18:56:00] Bradly378 (9ab93dfb-1454-3bb1-b47f-700f714534a9): сдеай 2 табл мне
[18:56:31] ItsFartunaRu (87aa0b4c-629f-3cae-a9c4-787ca2fa3e21): как вниз попасть
[18:56:36] Bradly378 (9ab93dfb-1454-3bb1-b47f-700f714534a9): тут
[18:56:44] Bradly378 (9ab93dfb-1454-3bb1-b47f-700f714534a9): спс
[18:56:54] Bradly378 (9ab93dfb-1454-3bb1-b47f-700f714534a9): мега лифт
[18:57:10] ItsFartunaRu (87aa0b4c-629f-3cae-a9c4-787ca2fa3e21): далеко
