[06:35:40] Costelemental (d0fcacd3-9d82-3989-a28b-6768b857240e): привет
[06:55:00] Costelemental (d0fcacd3-9d82-3989-a28b-6768b857240e): привет
[06:55:25] main_PROBROVOVA (32124029-38f0-3378-abc8-3450cef05c3c): Ку
[06:56:05] Costelemental (d0fcacd3-9d82-3989-a28b-6768b857240e): сделал ферму жителей, эти дибилы начали содить пшеницу
[06:56:37] main_PROBROVOVA (32124029-38f0-3378-abc8-3450cef05c3c): я ферму пшеницы сделал кокао бобы теперь не делаю
[06:57:17] Costelemental (d0fcacd3-9d82-3989-a28b-6768b857240e): какие корды спавна?
[06:57:34] main_PROBROVOVA (32124029-38f0-3378-abc8-3450cef05c3c): хз вроде нулевые
[08:49:56] RunishYT (deb2ebb7-8562-3728-8ba8-ec800da9360c): УХАДИ
[08:50:43] GOLDENDUSST (a0ee3527-abbd-3f28-bd2e-ff7c77b23497): Nigga где ты
[08:51:03] RunishYT (deb2ebb7-8562-3728-8ba8-ec800da9360c): чо??
[08:51:19] GOLDENDUSST (a0ee3527-abbd-3f28-bd2e-ff7c77b23497): у тебяс пиратки уебищ скин
[08:51:31] RunishYT (deb2ebb7-8562-3728-8ba8-ec800da9360c): чо??
[08:51:44] RunishYT (deb2ebb7-8562-3728-8ba8-ec800da9360c): нихуя как ты
[08:51:47] RunishYT (deb2ebb7-8562-3728-8ba8-ec800da9360c): бляяять
[08:51:49] RunishYT (deb2ebb7-8562-3728-8ba8-ec800da9360c): ухади
[08:51:51] RunishYT (deb2ebb7-8562-3728-8ba8-ec800da9360c): пкшер
[08:52:05] RunishYT (deb2ebb7-8562-3728-8ba8-ec800da9360c): ща тебя училка запалит
[08:52:08] RunishYT (deb2ebb7-8562-3728-8ba8-ec800da9360c): и пизды даст
[08:52:12] GOLDENDUSST (a0ee3527-abbd-3f28-bd2e-ff7c77b23497): крачиво
[08:52:26] RunishYT (deb2ebb7-8562-3728-8ba8-ec800da9360c): не еби паже
[08:52:49] RunishYT (deb2ebb7-8562-3728-8ba8-ec800da9360c): ставь маяк на спешку
[08:53:07] RunishYT (deb2ebb7-8562-3728-8ba8-ec800da9360c): больше надо больше
[08:53:19] RunishYT (deb2ebb7-8562-3728-8ba8-ec800da9360c): я про стержень
[08:53:28] RunishYT (deb2ebb7-8562-3728-8ba8-ec800da9360c): охуить
[08:53:32] RunishYT (deb2ebb7-8562-3728-8ba8-ec800da9360c): дашь ромашки?
[08:53:38] RunishYT (deb2ebb7-8562-3728-8ba8-ec800da9360c): на корм пчелам
[08:53:42] GOLDENDUSST (a0ee3527-abbd-3f28-bd2e-ff7c77b23497): да
[08:53:59] RunishYT (deb2ebb7-8562-3728-8ba8-ec800da9360c): пизда ахахаххахаххахах
[08:54:36] RunishYT (deb2ebb7-8562-3728-8ba8-ec800da9360c): блять у вас же экзамены
[08:54:41] RunishYT (deb2ebb7-8562-3728-8ba8-ec800da9360c): идите учитесь
[08:54:44] GulgPlayer (a1c0ea2e-fe38-3c55-a100-bcde7e6529b1): у кого
[08:54:49] Costelemental (d0fcacd3-9d82-3989-a28b-6768b857240e): я студент у меня они в июне
[08:54:50] RunishYT (deb2ebb7-8562-3728-8ba8-ec800da9360c): у тебя у вас всех
[08:54:53] GulgPlayer (a1c0ea2e-fe38-3c55-a100-bcde7e6529b1): нет
[08:54:59] GulgPlayer (a1c0ea2e-fe38-3c55-a100-bcde7e6529b1): я уже все экзамены сдал
[08:55:01] Costelemental (d0fcacd3-9d82-3989-a28b-6768b857240e): я студент мне похер
[08:55:05] RunishYT (deb2ebb7-8562-3728-8ba8-ec800da9360c): биля
[08:55:24] RunishYT (deb2ebb7-8562-3728-8ba8-ec800da9360c): студенты сдают долги
[08:55:28] RunishYT (deb2ebb7-8562-3728-8ba8-ec800da9360c): пиздуй сдавать
[08:55:34] Costelemental (d0fcacd3-9d82-3989-a28b-6768b857240e): у меня их нет)
[08:55:47] Costelemental (d0fcacd3-9d82-3989-a28b-6768b857240e): у меня их нет)
[08:55:56] RunishYT (deb2ebb7-8562-3728-8ba8-ec800da9360c): аф бляяять
[08:56:38] RunishYT (deb2ebb7-8562-3728-8ba8-ec800da9360c): меня пкшер с студентеческого компьютора пиздит
[08:57:00] GOLDENDUSST (a0ee3527-abbd-3f28-bd2e-ff7c77b23497): Анус порван господа
[08:57:32] RunishYT (deb2ebb7-8562-3728-8ba8-ec800da9360c): тя нуб с пк
[08:57:41] RunishYT (deb2ebb7-8562-3728-8ba8-ec800da9360c): ты нуб на пк
[08:58:34] GOLDENDUSST (a0ee3527-abbd-3f28-bd2e-ff7c77b23497): ес
[09:06:30] RunishYT (deb2ebb7-8562-3728-8ba8-ec800da9360c): ненадо дядя
[09:06:47] RunishYT (deb2ebb7-8562-3728-8ba8-ec800da9360c): меня пиздит отчим в подвале
[09:07:27] RunishYT (deb2ebb7-8562-3728-8ba8-ec800da9360c): делай спавн раб
[09:08:38] GOLDENDUSST (a0ee3527-abbd-3f28-bd2e-ff7c77b23497): АБОБ
[09:08:54] RunishYT (deb2ebb7-8562-3728-8ba8-ec800da9360c): абобское море
[09:09:09] GOLDENDUSST (a0ee3527-abbd-3f28-bd2e-ff7c77b23497): ееееееееееееееееееееееее
[09:23:23] RunishYT (deb2ebb7-8562-3728-8ba8-ec800da9360c): попущ
[09:24:15] RunishYT (deb2ebb7-8562-3728-8ba8-ec800da9360c): попустил
[09:24:22] GOLDENDUSST (a0ee3527-abbd-3f28-bd2e-ff7c77b23497): соси
[09:24:48] RunishYT (deb2ebb7-8562-3728-8ba8-ec800da9360c): с хуевой едой сложна
[09:25:16] RunishYT (deb2ebb7-8562-3728-8ba8-ec800da9360c): попустил
[09:26:11] RunishYT (deb2ebb7-8562-3728-8ba8-ec800da9360c): еблан тотем забыл
[09:26:22] GOLDENDUSST (a0ee3527-abbd-3f28-bd2e-ff7c77b23497): пиздец
[09:27:41] RunishYT (deb2ebb7-8562-3728-8ba8-ec800da9360c): я тебе тотем даю а ты
[09:27:53] main_PROBROVOVA (32124029-38f0-3378-abc8-3450cef05c3c): Как ты 2 раза умер ?
[09:28:01] RunishYT (deb2ebb7-8562-3728-8ba8-ec800da9360c): я его попустил
[09:28:39] GOLDENDUSST (a0ee3527-abbd-3f28-bd2e-ff7c77b23497): Меня грифферят
[09:29:06] RunishYT (deb2ebb7-8562-3728-8ba8-ec800da9360c): прекрати это кровопролитие
[09:29:07] main_PROBROVOVA (32124029-38f0-3378-abc8-3450cef05c3c): Вай нравится
[09:29:14] RunishYT (deb2ebb7-8562-3728-8ba8-ec800da9360c): и пиздуй делать дверь
[09:29:50] GOLDENDUSST (a0ee3527-abbd-3f28-bd2e-ff7c77b23497): Ща через бебрузайду пизда будет
[09:29:59] RunishYT (deb2ebb7-8562-3728-8ba8-ec800da9360c): биля магарс
[09:30:13] RunishYT (deb2ebb7-8562-3728-8ba8-ec800da9360c): пк же лудше тела
[09:30:23] GOLDENDUSST (a0ee3527-abbd-3f28-bd2e-ff7c77b23497): Клава хуета клавиши черезразробят а пробелеле работает
[09:30:45] RunishYT (deb2ebb7-8562-3728-8ba8-ec800da9360c): а ты чо хотел от студентеческого компа?
[09:30:58] RunishYT (deb2ebb7-8562-3728-8ba8-ec800da9360c): он там со времен совка стоит
[09:32:09] RunishYT (deb2ebb7-8562-3728-8ba8-ec800da9360c): у меня последний опенинг атаки титанов зайграл когда ов вышел
[09:33:38] GOLDENDUSST (a0ee3527-abbd-3f28-bd2e-ff7c77b23497): блять ине хутеа
[09:33:50] RunishYT (deb2ebb7-8562-3728-8ba8-ec800da9360c): ближе
[09:33:51] RunishYT (deb2ebb7-8562-3728-8ba8-ec800da9360c): ближе
[09:35:23] RunishYT (deb2ebb7-8562-3728-8ba8-ec800da9360c): ухади
[09:35:28] RunishYT (deb2ebb7-8562-3728-8ba8-ec800da9360c): я питаюсь свиньей
[09:35:31] RunishYT (deb2ebb7-8562-3728-8ba8-ec800da9360c): я не мусульман
[09:36:46] RunishYT (deb2ebb7-8562-3728-8ba8-ec800da9360c): стой
[09:36:48] RunishYT (deb2ebb7-8562-3728-8ba8-ec800da9360c): броня
[09:36:50] RunishYT (deb2ebb7-8562-3728-8ba8-ec800da9360c): пиздец
[09:37:06] GOLDENDUSST (a0ee3527-abbd-3f28-bd2e-ff7c77b23497): снимай
[09:37:09] GOLDENDUSST (a0ee3527-abbd-3f28-bd2e-ff7c77b23497): раздевайся
[09:37:40] GOLDENDUSST (a0ee3527-abbd-3f28-bd2e-ff7c77b23497): Шлюха
[09:41:21] RunishYT (deb2ebb7-8562-3728-8ba8-ec800da9360c): так чо насчет кораблей пиратов?
[09:41:31] GOLDENDUSST (a0ee3527-abbd-3f28-bd2e-ff7c77b23497): идея хуйня
[09:41:34] GOLDENDUSST (a0ee3527-abbd-3f28-bd2e-ff7c77b23497): сам делай
[09:41:39] RunishYT (deb2ebb7-8562-3728-8ba8-ec800da9360c): ладно
[09:41:45] RunishYT (deb2ebb7-8562-3728-8ba8-ec800da9360c): но там будет лут для новичков
[09:41:58] RunishYT (deb2ebb7-8562-3728-8ba8-ec800da9360c): если они смогут победить пиратов они получат топ лут
[09:42:12] GOLDENDUSST (a0ee3527-abbd-3f28-bd2e-ff7c77b23497): Мне пох
[09:42:37] RunishYT (deb2ebb7-8562-3728-8ba8-ec800da9360c): работай жалкий раб
[09:43:14] RunishYT (deb2ebb7-8562-3728-8ba8-ec800da9360c): ахаххаха лошара даже не снес тотем
[09:44:07] RunishYT (deb2ebb7-8562-3728-8ba8-ec800da9360c): нах ты меня убил!??!?!?!?!(
[09:44:15] GOLDENDUSST (a0ee3527-abbd-3f28-bd2e-ff7c77b23497): Мистер президент не доволен тобой
[09:44:44] RunishYT (deb2ebb7-8562-3728-8ba8-ec800da9360c): маяк не достает
[09:44:48] RunishYT (deb2ebb7-8562-3728-8ba8-ec800da9360c): переделывай
[09:44:59] GOLDENDUSST (a0ee3527-abbd-3f28-bd2e-ff7c77b23497): похуй
[09:45:08] RunishYT (deb2ebb7-8562-3728-8ba8-ec800da9360c): охуело??
[09:45:26] GOLDENDUSST (a0ee3527-abbd-3f28-bd2e-ff7c77b23497): Ес проблемы?
[09:45:32] RunishYT (deb2ebb7-8562-3728-8ba8-ec800da9360c): нет
[09:53:27] RunishYT (deb2ebb7-8562-3728-8ba8-ec800da9360c): ацините дизайнерское решение
[09:54:47] GOLDENDUSST (a0ee3527-abbd-3f28-bd2e-ff7c77b23497): Ладно.
[10:06:05] GOLDENDUSST (a0ee3527-abbd-3f28-bd2e-ff7c77b23497): Вообще похуй
[10:06:16] RunishYT (deb2ebb7-8562-3728-8ba8-ec800da9360c): Oh my slaaaave
[10:06:31] GOLDENDUSST (a0ee3527-abbd-3f28-bd2e-ff7c77b23497): Не нада дядя
[10:06:51] GOLDENDUSST (a0ee3527-abbd-3f28-bd2e-ff7c77b23497): Бля
[10:07:06] RunishYT (deb2ebb7-8562-3728-8ba8-ec800da9360c): нахуя ты пробудил его?
[10:07:09] Bradly378 (9ab93dfb-1454-3bb1-b47f-700f714534a9): ну шо
[10:07:22] GOLDENDUSST (a0ee3527-abbd-3f28-bd2e-ff7c77b23497): Дядя я не раб не еби
[10:07:47] Bradly378 (9ab93dfb-1454-3bb1-b47f-700f714534a9): я вас милую
[10:07:52] Bradly378 (9ab93dfb-1454-3bb1-b47f-700f714534a9): :D
[10:08:03] RunishYT (deb2ebb7-8562-3728-8ba8-ec800da9360c): :D
[10:08:14] GOLDENDUSST (a0ee3527-abbd-3f28-bd2e-ff7c77b23497): Помилуй себя
[10:08:33] Bradly378 (9ab93dfb-1454-3bb1-b47f-700f714534a9): покеда
[10:08:49] RunishYT (deb2ebb7-8562-3728-8ba8-ec800da9360c): он на меня насрал
[10:08:50] GOLDENDUSST (a0ee3527-abbd-3f28-bd2e-ff7c77b23497): Ебать он душный
[10:08:55] GOLDENDUSST (a0ee3527-abbd-3f28-bd2e-ff7c77b23497): Согл?
[10:09:01] RunishYT (deb2ebb7-8562-3728-8ba8-ec800da9360c): согл
[10:09:08] GOLDENDUSST (a0ee3527-abbd-3f28-bd2e-ff7c77b23497): Рил
[10:13:03] RunishYT (deb2ebb7-8562-3728-8ba8-ec800da9360c): ебите его
[10:13:26] RunishYT (deb2ebb7-8562-3728-8ba8-ec800da9360c): спаси сундуки от криперв
[10:13:59] GOLDENDUSST (a0ee3527-abbd-3f28-bd2e-ff7c77b23497): он на меня?
[10:14:14] GOLDENDUSST (a0ee3527-abbd-3f28-bd2e-ff7c77b23497): еби
[10:15:31] GOLDENDUSST (a0ee3527-abbd-3f28-bd2e-ff7c77b23497): Короч дострою когда дома буду пиздец жарко
[10:26:33] RunishYT (deb2ebb7-8562-3728-8ba8-ec800da9360c): вова ацини
[10:31:22] RunishYT (deb2ebb7-8562-3728-8ba8-ec800da9360c): вова ацини
[10:31:47] GOLDENDUSST (a0ee3527-abbd-3f28-bd2e-ff7c77b23497): залупа
[10:31:54] RunishYT (deb2ebb7-8562-3728-8ba8-ec800da9360c): коня?
[10:32:08] GOLDENDUSST (a0ee3527-abbd-3f28-bd2e-ff7c77b23497): улитки
[10:54:51] GOLDENDUSST (a0ee3527-abbd-3f28-bd2e-ff7c77b23497): УХАДИ
[10:54:53] RunishYT (deb2ebb7-8562-3728-8ba8-ec800da9360c): биля
[10:54:56] RunishYT (deb2ebb7-8562-3728-8ba8-ec800da9360c): ухады
[10:54:57] ItsFartunaRu (87aa0b4c-629f-3cae-a9c4-787ca2fa3e21): вальни ебало
[10:55:05] GOLDENDUSST (a0ee3527-abbd-3f28-bd2e-ff7c77b23497): УХАДИ
[10:55:08] RunishYT (deb2ebb7-8562-3728-8ba8-ec800da9360c): ухады
[10:55:13] GOLDENDUSST (a0ee3527-abbd-3f28-bd2e-ff7c77b23497): УХАДИ
[10:55:14] [CAPS] GOLDENDUSST (a0ee3527-abbd-3f28-bd2e-ff7c77b23497): ухадие
[10:55:18] RunishYT (deb2ebb7-8562-3728-8ba8-ec800da9360c): ухады
[10:55:20] GOLDENDUSST (a0ee3527-abbd-3f28-bd2e-ff7c77b23497): УХАДИ
[10:55:24] RunishYT (deb2ebb7-8562-3728-8ba8-ec800da9360c): ухады
[10:55:29] GOLDENDUSST (a0ee3527-abbd-3f28-bd2e-ff7c77b23497): УХАДИ
[10:55:30] GOLDENDUSST (a0ee3527-abbd-3f28-bd2e-ff7c77b23497): УХАДИ
[10:55:31] GOLDENDUSST (a0ee3527-abbd-3f28-bd2e-ff7c77b23497): УХАДИ
[10:55:32] [CAPS] GOLDENDUSST (a0ee3527-abbd-3f28-bd2e-ff7c77b23497): ухадие
[10:55:59] GOLDENDUSST (a0ee3527-abbd-3f28-bd2e-ff7c77b23497): ГГ тима раков яливаю
[10:57:40] RunishYT (deb2ebb7-8562-3728-8ba8-ec800da9360c): фартуна лучший
[10:57:52] RunishYT (deb2ebb7-8562-3728-8ba8-ec800da9360c): в отсосасываний мне
[11:04:13] RunishYT (deb2ebb7-8562-3728-8ba8-ec800da9360c): фартук у тебя слизи много?
[11:14:44] ItsFartunaRu (87aa0b4c-629f-3cae-a9c4-787ca2fa3e21): в твой эсс дахуя
[11:14:54] RunishYT (deb2ebb7-8562-3728-8ba8-ec800da9360c): бля продай слизь
[14:49:09] GOLDENDUSST (a0ee3527-abbd-3f28-bd2e-ff7c77b23497): Ты не красивый
[14:50:06] Bradly378 (9ab93dfb-1454-3bb1-b47f-700f714534a9): через 2 мин будет быстренький рестарт
[14:50:14] GOLDENDUSST (a0ee3527-abbd-3f28-bd2e-ff7c77b23497): Ладно.
[14:50:22] Bradly378 (9ab93dfb-1454-3bb1-b47f-700f714534a9): я карту поставлю
[14:50:24] Bradly378 (9ab93dfb-1454-3bb1-b47f-700f714534a9): )
[14:50:37] GOLDENDUSST (a0ee3527-abbd-3f28-bd2e-ff7c77b23497): Динмап?
[15:15:26] GOLDENDUSST (a0ee3527-abbd-3f28-bd2e-ff7c77b23497): Ты кто
[15:15:51] GOLDENDUSST (a0ee3527-abbd-3f28-bd2e-ff7c77b23497): Не нада дядя
[15:16:01] GOLDENDUSST (a0ee3527-abbd-3f28-bd2e-ff7c77b23497): Я хочью жить
[15:16:09] RunishYT (deb2ebb7-8562-3728-8ba8-ec800da9360c): наш любимый одмен
[15:16:18] GOLDENDUSST (a0ee3527-abbd-3f28-bd2e-ff7c77b23497): Декак?
[15:16:28] RunishYT (deb2ebb7-8562-3728-8ba8-ec800da9360c): охуело??
[15:16:44] GOLDENDUSST (a0ee3527-abbd-3f28-bd2e-ff7c77b23497): А кто твой любимый одмен?
[15:16:53] RunishYT (deb2ebb7-8562-3728-8ba8-ec800da9360c): Аллах
[15:17:04] GOLDENDUSST (a0ee3527-abbd-3f28-bd2e-ff7c77b23497): Аллах говно Бог лучше
[15:17:11] RunishYT (deb2ebb7-8562-3728-8ba8-ec800da9360c): его нету
[15:17:17] GOLDENDUSST (a0ee3527-abbd-3f28-bd2e-ff7c77b23497): Каво
[15:17:21] GOLDENDUSST (a0ee3527-abbd-3f28-bd2e-ff7c77b23497): Мамы?
[15:17:59] RunishYT (deb2ebb7-8562-3728-8ba8-ec800da9360c): короч бребля делай криптовалюту
[15:18:07] RunishYT (deb2ebb7-8562-3728-8ba8-ec800da9360c): на сервере
[15:18:21] Bradly378 (9ab93dfb-1454-3bb1-b47f-700f714534a9): *валюту
[15:18:22] RunishYT (deb2ebb7-8562-3728-8ba8-ec800da9360c): пиши короч плагин на майнинг фермы и криптовалюту
[15:18:38] RunishYT (deb2ebb7-8562-3728-8ba8-ec800da9360c): Мы станем Казахстаном
[15:18:59] Bradly378 (9ab93dfb-1454-3bb1-b47f-700f714534a9): не я таке не напишу я могу писать только простейшие плагины
[15:19:10] RunishYT (deb2ebb7-8562-3728-8ba8-ec800da9360c): так эт простейший
[15:19:14] Bradly378 (9ab93dfb-1454-3bb1-b47f-700f714534a9): ладно
[15:19:41] RunishYT (deb2ebb7-8562-3728-8ba8-ec800da9360c): просто короч добавь видеокарты которве подключаются к машинке
[15:19:54] RunishYT (deb2ebb7-8562-3728-8ba8-ec800da9360c): и они фармят крипту
[15:21:01] GOLDENDUSST (a0ee3527-abbd-3f28-bd2e-ff7c77b23497): Редстоун еще нужен?
[15:23:43] GOLDENDUSST (a0ee3527-abbd-3f28-bd2e-ff7c77b23497): Бребля
[15:23:49] GOLDENDUSST (a0ee3527-abbd-3f28-bd2e-ff7c77b23497): Редстоун ещё нужен?
[15:25:38] Bradly378 (9ab93dfb-1454-3bb1-b47f-700f714534a9): ну шо мальчики перезагружаем geyser?
[15:25:55] GOLDENDUSST (a0ee3527-abbd-3f28-bd2e-ff7c77b23497): Если я деуочка то нельзя
[15:25:57] RunishYT (deb2ebb7-8562-3728-8ba8-ec800da9360c): ненадо dungeon master
[15:28:01] RunishYT (deb2ebb7-8562-3728-8ba8-ec800da9360c): бребля можно разъебать все порталы в энд??
[15:48:14] Bradly378 (9ab93dfb-1454-3bb1-b47f-700f714534a9): скажи нинада
[15:58:52] GOLDENDUSST (a0ee3527-abbd-3f28-bd2e-ff7c77b23497): +26 ар
[15:58:59] GOLDENDUSST (a0ee3527-abbd-3f28-bd2e-ff7c77b23497): +26 ар
[18:36:17] Pixel635 (d2671ed1-6875-353b-bcfe-7fb4aaaf0020): ку
[18:36:33] Costelemental (d0fcacd3-9d82-3989-a28b-6768b857240e): привет
[18:36:47] Pixel635 (d2671ed1-6875-353b-bcfe-7fb4aaaf0020): можно с тобой
[18:37:46] Costelemental (d0fcacd3-9d82-3989-a28b-6768b857240e): не извини не сейчас, мб в будущем мне бы самому развиться
