[04:16:05] AviKgolD1 (fe9f4036-69b5-38be-a9c3-1d860d8c4398): qq
[05:55:54] AviKgolD1 (fe9f4036-69b5-38be-a9c3-1d860d8c4398): q
[07:00:40] LightNight010 (b404b429-ad5e-3cdf-9b17-af0796003c67): qq
[07:00:51] AviKgolD1 (fe9f4036-69b5-38be-a9c3-1d860d8c4398): q
[07:00:59] LightNight010 (b404b429-ad5e-3cdf-9b17-af0796003c67): ферма рабочяя?
[07:01:12] AviKgolD1 (fe9f4036-69b5-38be-a9c3-1d860d8c4398): да
[07:01:28] LightNight010 (b404b429-ad5e-3cdf-9b17-af0796003c67): хочу проверить
[07:01:45] AviKgolD1 (fe9f4036-69b5-38be-a9c3-1d860d8c4398): нужен розящий клинок 3
[07:01:50] LightNight010 (b404b429-ad5e-3cdf-9b17-af0796003c67): ааа
[07:01:59] AviKgolD1 (fe9f4036-69b5-38be-a9c3-1d860d8c4398): конечно можно без этого но сложно
[07:02:00] LightNight010 (b404b429-ad5e-3cdf-9b17-af0796003c67): у тя есть?
[07:02:21] AviKgolD1 (fe9f4036-69b5-38be-a9c3-1d860d8c4398): у меня вроде есть книжка приди ко мне чекни плз
[07:02:35] LightNight010 (b404b429-ad5e-3cdf-9b17-af0796003c67): бл а у меня уже бед омен
[07:02:41] AviKgolD1 (fe9f4036-69b5-38be-a9c3-1d860d8c4398): я с бедрока не могу её увидеть
[07:02:56] LightNight010 (b404b429-ad5e-3cdf-9b17-af0796003c67): У меня дурное знамкение
[07:02:59] LightNight010 (b404b429-ad5e-3cdf-9b17-af0796003c67): У меня дурное знамкение
[07:03:00] AviKgolD1 (fe9f4036-69b5-38be-a9c3-1d860d8c4398): давай на крыше ада
[07:03:10] AviKgolD1 (fe9f4036-69b5-38be-a9c3-1d860d8c4398): давай на крыше ада
[07:03:13] LightNight010 (b404b429-ad5e-3cdf-9b17-af0796003c67): как мне вернуться
[07:03:20] LightNight010 (b404b429-ad5e-3cdf-9b17-af0796003c67): портал то в деревне
[07:03:23] LightNight010 (b404b429-ad5e-3cdf-9b17-af0796003c67): портал то в деревне
[07:03:37] AviKgolD1 (fe9f4036-69b5-38be-a9c3-1d860d8c4398): ща жди у аванпоста
[07:04:23] LightNight010 (b404b429-ad5e-3cdf-9b17-af0796003c67): й
[07:04:25] AviKgolD1 (fe9f4036-69b5-38be-a9c3-1d860d8c4398): пошли
[07:04:37] LightNight010 (b404b429-ad5e-3cdf-9b17-af0796003c67): хорош
[07:05:23] LightNight010 (b404b429-ad5e-3cdf-9b17-af0796003c67): у меня бед омен говорю же
[07:05:26] LightNight010 (b404b429-ad5e-3cdf-9b17-af0796003c67): у меня бед омен говорю же
[07:05:34] LightNight010 (b404b429-ad5e-3cdf-9b17-af0796003c67): я не могу зайти
[07:05:42] AviKgolD1 (fe9f4036-69b5-38be-a9c3-1d860d8c4398): я прошёл к порталу
[07:05:46] LightNight010 (b404b429-ad5e-3cdf-9b17-af0796003c67): рейд будет
[07:06:24] AviKgolD1 (fe9f4036-69b5-38be-a9c3-1d860d8c4398): нужно короче у деревьев блоков в 30 пройти и по озеру прям к порталу
[07:06:25] LightNight010 (b404b429-ad5e-3cdf-9b17-af0796003c67): чё мне делать
[07:06:36] LightNight010 (b404b429-ad5e-3cdf-9b17-af0796003c67): бля рейд
[07:06:48] LightNight010 (b404b429-ad5e-3cdf-9b17-af0796003c67): я ж говорил
[07:06:50] AviKgolD1 (fe9f4036-69b5-38be-a9c3-1d860d8c4398): ну ладно
[07:06:56] AviKgolD1 (fe9f4036-69b5-38be-a9c3-1d860d8c4398): ну я же прошел
[07:07:04] AviKgolD1 (fe9f4036-69b5-38be-a9c3-1d860d8c4398): говорил идти за мной
[07:07:16] LightNight010 (b404b429-ad5e-3cdf-9b17-af0796003c67): Так ты улетел
[07:08:09] LightNight010 (b404b429-ad5e-3cdf-9b17-af0796003c67): он от шипов умер ахахах
[07:08:28] AviKgolD1 (fe9f4036-69b5-38be-a9c3-1d860d8c4398): возьми тотемы
[07:09:21] LightNight010 (b404b429-ad5e-3cdf-9b17-af0796003c67): где бл
[07:10:45] LightNight010 (b404b429-ad5e-3cdf-9b17-af0796003c67): хеелп
[07:12:36] LightNight010 (b404b429-ad5e-3cdf-9b17-af0796003c67): закрыл?
[07:12:45] AviKgolD1 (fe9f4036-69b5-38be-a9c3-1d860d8c4398): -
[07:14:20] LightNight010 (b404b429-ad5e-3cdf-9b17-af0796003c67): пол хп
[07:14:37] LightNight010 (b404b429-ad5e-3cdf-9b17-af0796003c67): еды нет
[07:15:59] LightNight010 (b404b429-ad5e-3cdf-9b17-af0796003c67): гдэ
[07:17:01] LightNight010 (b404b429-ad5e-3cdf-9b17-af0796003c67): йопаный сырник гдэ
[07:21:05] LightNight010 (b404b429-ad5e-3cdf-9b17-af0796003c67): аааа
[07:25:02] LightNight010 (b404b429-ad5e-3cdf-9b17-af0796003c67): фуууууух
[07:25:05] AviKgolD1 (fe9f4036-69b5-38be-a9c3-1d860d8c4398): ес
[07:25:16] LightNight010 (b404b429-ad5e-3cdf-9b17-af0796003c67): экшоооооон
[07:25:29] AviKgolD1 (fe9f4036-69b5-38be-a9c3-1d860d8c4398): гс
[09:46:04] AviKgolD1 (fe9f4036-69b5-38be-a9c3-1d860d8c4398): qq
[10:01:47] F2L1XON (bbb865e4-f2dc-34f7-992c-bde8c9dddabd): qq
[10:01:57] AviKgolD1 (fe9f4036-69b5-38be-a9c3-1d860d8c4398): qq
[10:02:10] AviKgolD1 (fe9f4036-69b5-38be-a9c3-1d860d8c4398): zaxar гс?
[10:03:17] ZAXAR1000 (48fa848d-9d79-373d-9cb1-c50d5b916c88): ну ты где
[10:03:31] AviKgolD1 (fe9f4036-69b5-38be-a9c3-1d860d8c4398): а ща
[10:07:42] F2L1XON (bbb865e4-f2dc-34f7-992c-bde8c9dddabd): ☺
[10:07:48] F2L1XON (bbb865e4-f2dc-34f7-992c-bde8c9dddabd): ☺
[10:09:32] AviKgolD1 (fe9f4036-69b5-38be-a9c3-1d860d8c4398): кто у меня рейд вызывает?
[10:09:48] RunishYT (deb2ebb7-8562-3728-8ba8-ec800da9360c): сайк
[10:09:50] F2L1XON (bbb865e4-f2dc-34f7-992c-bde8c9dddabd): юра
[10:09:59] RunishYT (deb2ebb7-8562-3728-8ba8-ec800da9360c): Юрий Швед
[10:11:06] F2L1XON (bbb865e4-f2dc-34f7-992c-bde8c9dddabd): оффник
[10:20:06] F2L1XON (bbb865e4-f2dc-34f7-992c-bde8c9dddabd): прикиньте, пошел за железом что б жителей в ферму напихать. прихожу а они сами залезли
[10:20:13] F2L1XON (bbb865e4-f2dc-34f7-992c-bde8c9dddabd): либо сайка шалун
[10:22:00] F2L1XON (bbb865e4-f2dc-34f7-992c-bde8c9dddabd): максимальный пинг 75)
[10:24:51] RunishYT (deb2ebb7-8562-3728-8ba8-ec800da9360c): Сайко сука
[10:24:55] RunishYT (deb2ebb7-8562-3728-8ba8-ec800da9360c): чини спавнреит
[10:25:00] RunishYT (deb2ebb7-8562-3728-8ba8-ec800da9360c): визеров нету
[10:25:17] AviKgolD1 (fe9f4036-69b5-38be-a9c3-1d860d8c4398): сказал что после рестарта все будет норм
[10:25:31] RunishYT (deb2ebb7-8562-3728-8ba8-ec800da9360c): а кокда рестарт??
[10:31:03] F2L1XON (bbb865e4-f2dc-34f7-992c-bde8c9dddabd): плз спать
[10:32:23] RunishYT (deb2ebb7-8562-3728-8ba8-ec800da9360c): меня слышна?
[10:32:33] RunishYT (deb2ebb7-8562-3728-8ba8-ec800da9360c): меня слышна?
[10:39:49] RunishYT (deb2ebb7-8562-3728-8ba8-ec800da9360c): а кокда рестарт??
[10:39:50] RunishYT (deb2ebb7-8562-3728-8ba8-ec800da9360c): а кокда рестарт??
[10:39:51] RunishYT (deb2ebb7-8562-3728-8ba8-ec800da9360c): а кокда рестарт??
[10:39:52] RunishYT (deb2ebb7-8562-3728-8ba8-ec800da9360c): а кокда рестарт??
[10:39:52] RunishYT (deb2ebb7-8562-3728-8ba8-ec800da9360c): а кокда рестарт??
[10:39:53] RunishYT (deb2ebb7-8562-3728-8ba8-ec800da9360c): а кокда рестарт??
[10:39:53] RunishYT (deb2ebb7-8562-3728-8ba8-ec800da9360c): а кокда рестарт??
[10:39:55] RunishYT (deb2ebb7-8562-3728-8ba8-ec800da9360c): а кокда рестарт??
[10:39:56] RunishYT (deb2ebb7-8562-3728-8ba8-ec800da9360c): а кокда рестарт??
[10:39:56] RunishYT (deb2ebb7-8562-3728-8ba8-ec800da9360c): а кокда рестарт??
[10:40:22] AviKgolD1 (fe9f4036-69b5-38be-a9c3-1d860d8c4398): skin set
[10:52:13] RunishYT (deb2ebb7-8562-3728-8ba8-ec800da9360c): можна на маей терре подорвать гигансткую терру??
[10:59:55] AviKgolD1 (fe9f4036-69b5-38be-a9c3-1d860d8c4398): skin set
[11:11:14] ZAXAR1000 (48fa848d-9d79-373d-9cb1-c50d5b916c88): o
[11:11:25] ZAXAR1000 (48fa848d-9d79-373d-9cb1-c50d5b916c88): 1
[11:45:58] AviKgolD1 (fe9f4036-69b5-38be-a9c3-1d860d8c4398): че ливнул?
[11:46:06] AviKgolD1 (fe9f4036-69b5-38be-a9c3-1d860d8c4398): гс пошли
[11:46:35] AviKgolD1 (fe9f4036-69b5-38be-a9c3-1d860d8c4398): я уже на ферме
[11:50:54] AviKgolD1 (fe9f4036-69b5-38be-a9c3-1d860d8c4398): гс пошли
[12:01:21] AviKgolD1 (fe9f4036-69b5-38be-a9c3-1d860d8c4398): ты рейд вызвал?
[12:03:52] ZAXAR1000 (48fa848d-9d79-373d-9cb1-c50d5b916c88): 1
[12:04:16] ZAXAR1000 (48fa848d-9d79-373d-9cb1-c50d5b916c88): 1
[12:04:36] [CAPS] ZAXAR1000 (48fa848d-9d79-373d-9cb1-c50d5b916c88): авик пидр
[12:04:50] [CAPS] ZAXAR1000 (48fa848d-9d79-373d-9cb1-c50d5b916c88): авик пидр
[12:04:51] [CAPS] ZAXAR1000 (48fa848d-9d79-373d-9cb1-c50d5b916c88): авик пидр
[12:04:52] [CAPS] ZAXAR1000 (48fa848d-9d79-373d-9cb1-c50d5b916c88): авик пидр
[12:04:52] [CAPS] ZAXAR1000 (48fa848d-9d79-373d-9cb1-c50d5b916c88): авик пидр
[12:04:53] [CAPS] ZAXAR1000 (48fa848d-9d79-373d-9cb1-c50d5b916c88): авик пидр
[12:04:54] [CAPS] ZAXAR1000 (48fa848d-9d79-373d-9cb1-c50d5b916c88): авик пидр
[12:04:54] [CAPS] ZAXAR1000 (48fa848d-9d79-373d-9cb1-c50d5b916c88): авик пидр
[12:04:55] [CAPS] ZAXAR1000 (48fa848d-9d79-373d-9cb1-c50d5b916c88): авик пидр
[12:04:55] [CAPS] ZAXAR1000 (48fa848d-9d79-373d-9cb1-c50d5b916c88): авик пидр
[12:04:56] [CAPS] ZAXAR1000 (48fa848d-9d79-373d-9cb1-c50d5b916c88): авик пидр
[12:04:56] [CAPS] ZAXAR1000 (48fa848d-9d79-373d-9cb1-c50d5b916c88): авик пидр
[12:04:57] [CAPS] ZAXAR1000 (48fa848d-9d79-373d-9cb1-c50d5b916c88): авик пидр
[12:57:52] LightNight010 (b404b429-ad5e-3cdf-9b17-af0796003c67): qq
[12:59:21] RunishYT (deb2ebb7-8562-3728-8ba8-ec800da9360c): бля стрим и майн не держат
[12:59:32] RunishYT (deb2ebb7-8562-3728-8ba8-ec800da9360c): после рестарта будет норм
[12:59:51] RunishYT (deb2ebb7-8562-3728-8ba8-ec800da9360c): хуета ебанная стандарт ферма
[13:00:57] RunishYT (deb2ebb7-8562-3728-8ba8-ec800da9360c): у нас есть технологий которые позволяют по 10 лет не ждать чела с флагом
[13:01:56] RunishYT (deb2ebb7-8562-3728-8ba8-ec800da9360c): + в чат если хотите чтобы я взорвал стримера
[13:06:00] LightNight010 (b404b429-ad5e-3cdf-9b17-af0796003c67): скипни плиз
[13:06:09] RunishYT (deb2ebb7-8562-3728-8ba8-ec800da9360c): я в энде
[13:06:14] LightNight010 (b404b429-ad5e-3cdf-9b17-af0796003c67): там скипни
[13:06:23] RunishYT (deb2ebb7-8562-3728-8ba8-ec800da9360c): бля гениус
[13:06:31] LightNight010 (b404b429-ad5e-3cdf-9b17-af0796003c67): ага))
[13:07:35] LightNight010 (b404b429-ad5e-3cdf-9b17-af0796003c67): qq
[13:08:35] ZAXAR1000 (48fa848d-9d79-373d-9cb1-c50d5b916c88): КУСОК увожаемого человека я зову зову в дс а ты тутстрим запустил
[13:08:41] LightNight010 (b404b429-ad5e-3cdf-9b17-af0796003c67): захар, верни табличку
[13:08:52] RunishYT (deb2ebb7-8562-3728-8ba8-ec800da9360c): гавно ебанное
[13:08:59] RunishYT (deb2ebb7-8562-3728-8ba8-ec800da9360c): ферма такая же как и у нас
[13:09:30] RunishYT (deb2ebb7-8562-3728-8ba8-ec800da9360c): я вас жду
[13:09:53] RunishYT (deb2ebb7-8562-3728-8ba8-ec800da9360c): сладкие)
[13:10:53] RunishYT (deb2ebb7-8562-3728-8ba8-ec800da9360c): имйте уважение
[13:10:59] RunishYT (deb2ebb7-8562-3728-8ba8-ec800da9360c): имейте
[13:11:14] RunishYT (deb2ebb7-8562-3728-8ba8-ec800da9360c): удач
[13:13:57] RunishYT (deb2ebb7-8562-3728-8ba8-ec800da9360c): сайк подкинул ахуевший лук
[13:14:55] RunishYT (deb2ebb7-8562-3728-8ba8-ec800da9360c): я ж вас не убиваю
[13:15:00] RunishYT (deb2ebb7-8562-3728-8ba8-ec800da9360c): чист тотем сношу
[13:15:50] RunishYT (deb2ebb7-8562-3728-8ba8-ec800da9360c): я беброкер пизда логает
[13:15:58] RunishYT (deb2ebb7-8562-3728-8ba8-ec800da9360c): э бля ахуели стрелять
[13:16:50] RunishYT (deb2ebb7-8562-3728-8ba8-ec800da9360c): приколы
[13:16:54] RunishYT (deb2ebb7-8562-3728-8ba8-ec800da9360c): челиксусы
[13:17:10] RunishYT (deb2ebb7-8562-3728-8ba8-ec800da9360c): ладно я поднимаюсь
[13:19:43] RunishYT (deb2ebb7-8562-3728-8ba8-ec800da9360c): ахуенна теперь не
[13:19:46] RunishYT (deb2ebb7-8562-3728-8ba8-ec800da9360c): логает
[13:19:50] RunishYT (deb2ebb7-8562-3728-8ba8-ec800da9360c): я стрим отрубил
[13:20:28] [CAPS] LightNight010 (b404b429-ad5e-3cdf-9b17-af0796003c67): слушай
[13:20:43] RunishYT (deb2ebb7-8562-3728-8ba8-ec800da9360c): теперь это ферма Путина
[13:21:23] RunishYT (deb2ebb7-8562-3728-8ba8-ec800da9360c): это Ферма Пу
[13:22:34] RunishYT (deb2ebb7-8562-3728-8ba8-ec800da9360c): эта хуйня на мне не робит
[13:22:50] LightNight010 (b404b429-ad5e-3cdf-9b17-af0796003c67): руниш плиз уйди
[13:23:10] RunishYT (deb2ebb7-8562-3728-8ba8-ec800da9360c): контент
[13:23:13] RunishYT (deb2ebb7-8562-3728-8ba8-ec800da9360c): на стрим
[13:24:02] RunishYT (deb2ebb7-8562-3728-8ba8-ec800da9360c): ладно смертные
[13:24:09] RunishYT (deb2ebb7-8562-3728-8ba8-ec800da9360c): живите
[13:24:17] LightNight010 (b404b429-ad5e-3cdf-9b17-af0796003c67): да ты зае***
[13:24:29] RunishYT (deb2ebb7-8562-3728-8ba8-ec800da9360c): я еще вернусь
[13:24:33] RunishYT (deb2ebb7-8562-3728-8ba8-ec800da9360c): ждите меня
[13:24:34] LightNight010 (b404b429-ad5e-3cdf-9b17-af0796003c67): надеюсь нгет
[13:31:01] RunishYT (deb2ebb7-8562-3728-8ba8-ec800da9360c): мы еще встретимся Икари Синдзи
[13:31:19] AviKgolD1 (fe9f4036-69b5-38be-a9c3-1d860d8c4398): ааххах чел
[13:31:39] RunishYT (deb2ebb7-8562-3728-8ba8-ec800da9360c): вас не смутила то что я 2мя стрелами сношу тотем?
[13:31:44] RunishYT (deb2ebb7-8562-3728-8ba8-ec800da9360c): тип ваще пох?
[13:31:55] AviKgolD1 (fe9f4036-69b5-38be-a9c3-1d860d8c4398): да их много
[13:32:14] RunishYT (deb2ebb7-8562-3728-8ba8-ec800da9360c): не в количестве дело
[13:32:22] RunishYT (deb2ebb7-8562-3728-8ba8-ec800da9360c): ты не оценил мой POWER
[13:32:35] AviKgolD1 (fe9f4036-69b5-38be-a9c3-1d860d8c4398): тотемов дофига
[13:32:44] RunishYT (deb2ebb7-8562-3728-8ba8-ec800da9360c): не в количестве дело
[13:32:45] RunishYT (deb2ebb7-8562-3728-8ba8-ec800da9360c): не в количестве дело
[13:32:46] RunishYT (deb2ebb7-8562-3728-8ba8-ec800da9360c): не в количестве дело
[13:32:47] RunishYT (deb2ebb7-8562-3728-8ba8-ec800da9360c): не в количестве дело
[13:32:47] RunishYT (deb2ebb7-8562-3728-8ba8-ec800da9360c): не в количестве дело
[13:32:48] RunishYT (deb2ebb7-8562-3728-8ba8-ec800da9360c): не в количестве дело
[13:33:25] RunishYT (deb2ebb7-8562-3728-8ba8-ec800da9360c): в н
[13:33:35] RunishYT (deb2ebb7-8562-3728-8ba8-ec800da9360c): а нехуй быть такими живыми
[13:45:17] ZAXAR1000 (48fa848d-9d79-373d-9cb1-c50d5b916c88): !
[13:51:11] RunishYT (deb2ebb7-8562-3728-8ba8-ec800da9360c): Антон ты на Визер Смп играл?
[13:51:58] UrdAnton2203 (76a5e84e-c8f2-3b36-b428-799354f6d273): да
[13:52:16] RunishYT (deb2ebb7-8562-3728-8ba8-ec800da9360c): а чо ушел?
[13:52:48] UrdAnton2203 (76a5e84e-c8f2-3b36-b428-799354f6d273): надоела ванила
[13:53:12] UrdAnton2203 (76a5e84e-c8f2-3b36-b428-799354f6d273): надоела ванила
[13:53:25] RunishYT (deb2ebb7-8562-3728-8ba8-ec800da9360c): Ахуеть а это не ванила
[13:54:07] UrdAnton2203 (76a5e84e-c8f2-3b36-b428-799354f6d273): так это было месяца 2 назад мб больше
[13:54:26] RunishYT (deb2ebb7-8562-3728-8ba8-ec800da9360c): так не почему ты пришел сюда а не на парагон??
[13:54:54] UrdAnton2203 (76a5e84e-c8f2-3b36-b428-799354f6d273): парагон
[13:55:47] RunishYT (deb2ebb7-8562-3728-8ba8-ec800da9360c): бля он на парагон пошел
[13:55:48] GOLDENDUSST (a0ee3527-abbd-3f28-bd2e-ff7c77b23497): Бля минус игрок
[13:55:54] GOLDENDUSST (a0ee3527-abbd-3f28-bd2e-ff7c77b23497): Что ты наделал
[13:57:47] GOLDENDUSST (a0ee3527-abbd-3f28-bd2e-ff7c77b23497): Ухади ухади ухади
[13:57:48] GOLDENDUSST (a0ee3527-abbd-3f28-bd2e-ff7c77b23497): Ухади ухади ухади
[13:57:49] GOLDENDUSST (a0ee3527-abbd-3f28-bd2e-ff7c77b23497): Ухади ухади ухади
[13:57:49] RunishYT (deb2ebb7-8562-3728-8ba8-ec800da9360c): бля ты заходишь чиста поафкашить??
[13:57:49] GOLDENDUSST (a0ee3527-abbd-3f28-bd2e-ff7c77b23497): Ухади ухади ухади
[13:58:00] ItsFartunaRu (87aa0b4c-629f-3cae-a9c4-787ca2fa3e21): нет щас буду строить ферму тотемов
[13:58:09] RunishYT (deb2ebb7-8562-3728-8ba8-ec800da9360c): пользуйся нашей
[13:58:13] RunishYT (deb2ebb7-8562-3728-8ba8-ec800da9360c): бля рял зашел
[13:58:14] ItsFartunaRu (87aa0b4c-629f-3cae-a9c4-787ca2fa3e21): иди нахуй броу
[13:58:18] GOLDENDUSST (a0ee3527-abbd-3f28-bd2e-ff7c77b23497): Сайк бань еблана
[13:58:22] ItsFartunaRu (87aa0b4c-629f-3cae-a9c4-787ca2fa3e21): саййк бань руину
[13:58:29] GOLDENDUSST (a0ee3527-abbd-3f28-bd2e-ff7c77b23497): Он игрока отправил на парагон
[13:58:29] LightNight010 (b404b429-ad5e-3cdf-9b17-af0796003c67): сайк бань руину
[13:58:32] ItsFartunaRu (87aa0b4c-629f-3cae-a9c4-787ca2fa3e21): туда
[13:58:34] RunishYT (deb2ebb7-8562-3728-8ba8-ec800da9360c): да блять все сговориличь
[13:58:38] LightNight010 (b404b429-ad5e-3cdf-9b17-af0796003c67): неа
[13:58:42] RunishYT (deb2ebb7-8562-3728-8ba8-ec800da9360c): да блять все сговорились
[13:58:45] saikonohack (61d3e846-cfe0-3e5b-b41b-772c1020819e): лайт стримишь?
[13:58:51] ItsFartunaRu (87aa0b4c-629f-3cae-a9c4-787ca2fa3e21): мы ждём бэн руины
[13:59:10] GOLDENDUSST (a0ee3527-abbd-3f28-bd2e-ff7c77b23497): Короч он спросил а почему сюда а не на парагон и он такой отвечает парагон и ливает
[13:59:30] RunishYT (deb2ebb7-8562-3728-8ba8-ec800da9360c): да бля я хотел спросить чо там по онлайну на парагоне
[13:59:30] saikonohack (61d3e846-cfe0-3e5b-b41b-772c1020819e): лайт стримишь?
[13:59:31] saikonohack (61d3e846-cfe0-3e5b-b41b-772c1020819e): лайт стримишь?
[13:59:32] ItsFartunaRu (87aa0b4c-629f-3cae-a9c4-787ca2fa3e21): биля я тоже туда
[13:59:44] LightNight010 (b404b429-ad5e-3cdf-9b17-af0796003c67): ды
[13:59:45] ItsFartunaRu (87aa0b4c-629f-3cae-a9c4-787ca2fa3e21): биля не в вл
[13:59:53] GOLDENDUSST (a0ee3527-abbd-3f28-bd2e-ff7c77b23497): Бля кто нибудь тоже уйдите
[13:59:57] saikonohack (61d3e846-cfe0-3e5b-b41b-772c1020819e): лайт стримишь?
[13:59:57] saikonohack (61d3e846-cfe0-3e5b-b41b-772c1020819e): лайт стримишь?
[13:59:57] saikonohack (61d3e846-cfe0-3e5b-b41b-772c1020819e): лайт стримишь?
[13:59:57] saikonohack (61d3e846-cfe0-3e5b-b41b-772c1020819e): лайт стримишь?
[13:59:58] GOLDENDUSST (a0ee3527-abbd-3f28-bd2e-ff7c77b23497): Чтобы минус три был
[13:59:59] saikonohack (61d3e846-cfe0-3e5b-b41b-772c1020819e): лайт стримишь?
[14:00:02] LightNight010 (b404b429-ad5e-3cdf-9b17-af0796003c67): ДА
[14:00:03] ItsFartunaRu (87aa0b4c-629f-3cae-a9c4-787ca2fa3e21): нихуясе ты слепой
[14:00:12] saikonohack (61d3e846-cfe0-3e5b-b41b-772c1020819e): оке
[14:00:18] ItsFartunaRu (87aa0b4c-629f-3cae-a9c4-787ca2fa3e21): нахуя теюе очки на твоём скине
[14:00:24] RunishYT (deb2ebb7-8562-3728-8ba8-ec800da9360c): лайт стримишь??
[14:00:25] RunishYT (deb2ebb7-8562-3728-8ba8-ec800da9360c): лайт стримишь??
[14:00:26] RunishYT (deb2ebb7-8562-3728-8ba8-ec800da9360c): лайт стримишь??
[14:00:26] saikonohack (61d3e846-cfe0-3e5b-b41b-772c1020819e): ItsFartunaRu я с лицухи кста
[14:00:26] RunishYT (deb2ebb7-8562-3728-8ba8-ec800da9360c): лайт стримишь??
[14:00:27] RunishYT (deb2ebb7-8562-3728-8ba8-ec800da9360c): лайт стримишь??
[14:00:27] RunishYT (deb2ebb7-8562-3728-8ba8-ec800da9360c): лайт стримишь??
[14:00:29] LightNight010 (b404b429-ad5e-3cdf-9b17-af0796003c67): ДА
[14:00:32] ItsFartunaRu (87aa0b4c-629f-3cae-a9c4-787ca2fa3e21): ладн
[14:00:39] ItsFartunaRu (87aa0b4c-629f-3cae-a9c4-787ca2fa3e21): ку я тоже но с основы
[14:00:43] ItsFartunaRu (87aa0b4c-629f-3cae-a9c4-787ca2fa3e21): биля
[14:00:43] RunishYT (deb2ebb7-8562-3728-8ba8-ec800da9360c): сайк говори корды дома
[14:00:46] ItsFartunaRu (87aa0b4c-629f-3cae-a9c4-787ca2fa3e21): меня рейдят
[14:00:46] GOLDENDUSST (a0ee3527-abbd-3f28-bd2e-ff7c77b23497): Лайт стримишь?
[14:00:47] GOLDENDUSST (a0ee3527-abbd-3f28-bd2e-ff7c77b23497): Чтобы минус три был
[14:00:47] GOLDENDUSST (a0ee3527-abbd-3f28-bd2e-ff7c77b23497): Чтобы минус три был
[14:00:47] RunishYT (deb2ebb7-8562-3728-8ba8-ec800da9360c): грифану
[14:00:52] GOLDENDUSST (a0ee3527-abbd-3f28-bd2e-ff7c77b23497): Лайт стримишь?
[14:00:53] GOLDENDUSST (a0ee3527-abbd-3f28-bd2e-ff7c77b23497): Лайт стримишь?
[14:00:53] GOLDENDUSST (a0ee3527-abbd-3f28-bd2e-ff7c77b23497): Лайт стримишь?
[14:00:54] GOLDENDUSST (a0ee3527-abbd-3f28-bd2e-ff7c77b23497): Лайт стримишь?
[14:00:55] GOLDENDUSST (a0ee3527-abbd-3f28-bd2e-ff7c77b23497): Лайт стримишь?
[14:00:56] GOLDENDUSST (a0ee3527-abbd-3f28-bd2e-ff7c77b23497): Лайт стримишь?
[14:00:57] LightNight010 (b404b429-ad5e-3cdf-9b17-af0796003c67): ...
[14:00:58] saikonohack (61d3e846-cfe0-3e5b-b41b-772c1020819e): RunishYT 2445 607
[14:01:03] ItsFartunaRu (87aa0b4c-629f-3cae-a9c4-787ca2fa3e21): ДЯДЬ
[14:01:08] RunishYT (deb2ebb7-8562-3728-8ba8-ec800da9360c): спс броу
[14:01:13] ItsFartunaRu (87aa0b4c-629f-3cae-a9c4-787ca2fa3e21): не эт прикол
[14:01:16] ItsFartunaRu (87aa0b4c-629f-3cae-a9c4-787ca2fa3e21): рофл такой
[14:01:16] RunishYT (deb2ebb7-8562-3728-8ba8-ec800da9360c): жди потоп как на Сп
[14:01:22] ItsFartunaRu (87aa0b4c-629f-3cae-a9c4-787ca2fa3e21): сук 2 тотемс
[14:01:38] RunishYT (deb2ebb7-8562-3728-8ba8-ec800da9360c): жди потоп как на сп
[14:02:21] RunishYT (deb2ebb7-8562-3728-8ba8-ec800da9360c): чо за хуйня
[14:02:22] ItsFartunaRu (87aa0b4c-629f-3cae-a9c4-787ca2fa3e21): аче если около меня речку раскопать
[14:02:29] RunishYT (deb2ebb7-8562-3728-8ba8-ec800da9360c): почему когда я ломаю хорус
[14:02:34] ItsFartunaRu (87aa0b4c-629f-3cae-a9c4-787ca2fa3e21): и тут фармилку
[14:02:35] ItsFartunaRu (87aa0b4c-629f-3cae-a9c4-787ca2fa3e21): тотемс
[14:02:37] RunishYT (deb2ebb7-8562-3728-8ba8-ec800da9360c): частицы будто я ломаю золотую руду
[14:02:41] ItsFartunaRu (87aa0b4c-629f-3cae-a9c4-787ca2fa3e21): выдай аружие
[14:02:41] RunishYT (deb2ebb7-8562-3728-8ba8-ec800da9360c): причем старую
[14:02:48] RunishYT (deb2ebb7-8562-3728-8ba8-ec800da9360c): это так в обычном майне?
[14:02:58] ItsFartunaRu (87aa0b4c-629f-3cae-a9c4-787ca2fa3e21): бдяолаыя
[14:03:47] ItsFartunaRu (87aa0b4c-629f-3cae-a9c4-787ca2fa3e21): 42
[14:03:47] saikonohack (61d3e846-cfe0-3e5b-b41b-772c1020819e): го спавн строить
[14:03:49] RunishYT (deb2ebb7-8562-3728-8ba8-ec800da9360c): ты тут?
[14:03:57] ItsFartunaRu (87aa0b4c-629f-3cae-a9c4-787ca2fa3e21): го взрвывать
[14:03:59] RunishYT (deb2ebb7-8562-3728-8ba8-ec800da9360c): бля вот мы тож хотели
[14:04:10] RunishYT (deb2ebb7-8562-3728-8ba8-ec800da9360c): но Вова говорит что боится что другим не понравится
[14:04:22] [CAPS] ItsFartunaRu (87aa0b4c-629f-3cae-a9c4-787ca2fa3e21): ебать около меня океан
[14:04:25] saikonohack (61d3e846-cfe0-3e5b-b41b-772c1020819e): кто будет учавствовать - дам лично бухла (водка\ром на выбор)
[14:04:28] ItsFartunaRu (87aa0b4c-629f-3cae-a9c4-787ca2fa3e21): строю фармилку ура
[14:04:31] RunishYT (deb2ebb7-8562-3728-8ba8-ec800da9360c): а похуй на мнение других
[14:04:37] ItsFartunaRu (87aa0b4c-629f-3cae-a9c4-787ca2fa3e21): в реал лайф да
[14:04:44] LightNight010 (b404b429-ad5e-3cdf-9b17-af0796003c67): я мб позже буду
[14:04:51] saikonohack (61d3e846-cfe0-3e5b-b41b-772c1020819e): zzzzzzz
[14:04:52] saikonohack (61d3e846-cfe0-3e5b-b41b-772c1020819e): кто будет учавствовать - дам лично бухла (водка\ром на выбор)
[14:04:54] saikonohack (61d3e846-cfe0-3e5b-b41b-772c1020819e): zzzzzzz
[14:04:55] LightNight010 (b404b429-ad5e-3cdf-9b17-af0796003c67): скип плз
[14:04:56] RunishYT (deb2ebb7-8562-3728-8ba8-ec800da9360c): ладно
[14:04:58] ItsFartunaRu (87aa0b4c-629f-3cae-a9c4-787ca2fa3e21): в реал лайф да
[14:04:59] RunishYT (deb2ebb7-8562-3728-8ba8-ec800da9360c): согл
[14:05:05] saikonohack (61d3e846-cfe0-3e5b-b41b-772c1020819e): на визер смп
[14:05:09] ItsFartunaRu (87aa0b4c-629f-3cae-a9c4-787ca2fa3e21): биляяяя
[14:05:09] RunishYT (deb2ebb7-8562-3728-8ba8-ec800da9360c): гоу спавн в реал лайф строить
[14:05:13] RunishYT (deb2ebb7-8562-3728-8ba8-ec800da9360c): тоесть роддом
[14:05:20] ItsFartunaRu (87aa0b4c-629f-3cae-a9c4-787ca2fa3e21): админ не разрешил
[14:05:21] ItsFartunaRu (87aa0b4c-629f-3cae-a9c4-787ca2fa3e21): путин
[14:05:34] RunishYT (deb2ebb7-8562-3728-8ba8-ec800da9360c): я В узбекикистане живу
[14:05:36] RunishYT (deb2ebb7-8562-3728-8ba8-ec800da9360c): азазаззащаз
[14:05:38] ItsFartunaRu (87aa0b4c-629f-3cae-a9c4-787ca2fa3e21): похуй
[14:05:45] RunishYT (deb2ebb7-8562-3728-8ba8-ec800da9360c): бля я забыл
[14:05:48] ItsFartunaRu (87aa0b4c-629f-3cae-a9c4-787ca2fa3e21): путин тип адмен на мире
[14:05:51] RunishYT (deb2ebb7-8562-3728-8ba8-ec800da9360c): Путин президент мирааа
[14:05:56] ItsFartunaRu (87aa0b4c-629f-3cae-a9c4-787ca2fa3e21): да ваще
[14:06:19] ItsFartunaRu (87aa0b4c-629f-3cae-a9c4-787ca2fa3e21): биля над камня на фармилку
[14:06:20] RunishYT (deb2ebb7-8562-3728-8ba8-ec800da9360c): силы богов
[14:06:29] RunishYT (deb2ebb7-8562-3728-8ba8-ec800da9360c): силы прошлого и будущего
[14:06:41] ItsFartunaRu (87aa0b4c-629f-3cae-a9c4-787ca2fa3e21): но чтот типо океана есть соси
[14:06:45] RunishYT (deb2ebb7-8562-3728-8ba8-ec800da9360c): телепортируйте меня на место где я должен сотворить свои идеи
[14:06:54] RunishYT (deb2ebb7-8562-3728-8ba8-ec800da9360c): дабы восхвалить ваше величие
[14:06:58] RunishYT (deb2ebb7-8562-3728-8ba8-ec800da9360c): тп на спавн сайк
[14:07:04] GOLDENDUSST (a0ee3527-abbd-3f28-bd2e-ff7c77b23497): Пизда базе сайко я уже здесь
[14:07:30] GOLDENDUSST (a0ee3527-abbd-3f28-bd2e-ff7c77b23497): Я кильнул всех жителей
[14:07:36] ItsFartunaRu (87aa0b4c-629f-3cae-a9c4-787ca2fa3e21): биля дядь
[14:07:39] RunishYT (deb2ebb7-8562-3728-8ba8-ec800da9360c): База сайк место где собираются одмены
[14:07:56] ItsFartunaRu (87aa0b4c-629f-3cae-a9c4-787ca2fa3e21): у сайк теперь нет база
[14:07:58] RunishYT (deb2ebb7-8562-3728-8ba8-ec800da9360c): База фартука место где собираются одмены
[14:08:05] ItsFartunaRu (87aa0b4c-629f-3cae-a9c4-787ca2fa3e21): онет
[14:08:14] ItsFartunaRu (87aa0b4c-629f-3cae-a9c4-787ca2fa3e21): ТУДА
[14:08:36] ItsFartunaRu (87aa0b4c-629f-3cae-a9c4-787ca2fa3e21): ахуе
[14:08:39] ItsFartunaRu (87aa0b4c-629f-3cae-a9c4-787ca2fa3e21): огромный океан
[14:08:40] GOLDENDUSST (a0ee3527-abbd-3f28-bd2e-ff7c77b23497): Блять ебаный голем
[14:08:43] ItsFartunaRu (87aa0b4c-629f-3cae-a9c4-787ca2fa3e21): около базы
[14:08:59] GOLDENDUSST (a0ee3527-abbd-3f28-bd2e-ff7c77b23497): Я отпиздил всех жителей убил а он мне пизда дал а за что?
[14:09:01] ItsFartunaRu (87aa0b4c-629f-3cae-a9c4-787ca2fa3e21): 2700 700
[14:09:11] ItsFartunaRu (87aa0b4c-629f-3cae-a9c4-787ca2fa3e21): дядь
[14:09:18] ItsFartunaRu (87aa0b4c-629f-3cae-a9c4-787ca2fa3e21): че тебе жители сделали
[14:09:20] RunishYT (deb2ebb7-8562-3728-8ba8-ec800da9360c): сайк ты на спавне?
[14:09:27] RunishYT (deb2ebb7-8562-3728-8ba8-ec800da9360c): нихуя
[14:09:28] GOLDENDUSST (a0ee3527-abbd-3f28-bd2e-ff7c77b23497): Так эт же база сайко
[14:09:29] ItsFartunaRu (87aa0b4c-629f-3cae-a9c4-787ca2fa3e21): бредля копай камень я океан нашёл
[14:09:31] Bradly378 (9ab93dfb-1454-3bb1-b47f-700f714534a9): фух бляьь
[14:09:36] Bradly378 (9ab93dfb-1454-3bb1-b47f-700f714534a9): я думал я серв полодил
[14:09:39] Bradly378 (9ab93dfb-1454-3bb1-b47f-700f714534a9): :D
[14:09:43] ItsFartunaRu (87aa0b4c-629f-3cae-a9c4-787ca2fa3e21): у сайк нет теперь базес
[14:09:53] GOLDENDUSST (a0ee3527-abbd-3f28-bd2e-ff7c77b23497): Биля это база бребли
[14:09:55] RunishYT (deb2ebb7-8562-3728-8ba8-ec800da9360c): боги порадовали нас своим присутствием
[14:10:00] ItsFartunaRu (87aa0b4c-629f-3cae-a9c4-787ca2fa3e21): я спиздил
[14:10:01] RunishYT (deb2ebb7-8562-3728-8ba8-ec800da9360c): спустя ебанных 2 недели
[14:10:03] Bradly378 (9ab93dfb-1454-3bb1-b47f-700f714534a9): я просто запустил ip.sh и хуй знает но что то да могло случиться
[14:10:07] GOLDENDUSST (a0ee3527-abbd-3f28-bd2e-ff7c77b23497): А я убил его жителей всех до единого
[14:10:14] Bradly378 (9ab93dfb-1454-3bb1-b47f-700f714534a9): э бля какая нахуй сылка маин, ты шо
[14:10:30] Bradly378 (9ab93dfb-1454-3bb1-b47f-700f714534a9): кста, накати матрикс а то я как то пытался да не нашел
[14:11:13] ItsFartunaRu (87aa0b4c-629f-3cae-a9c4-787ca2fa3e21): рачила слился
[14:11:24] RunishYT (deb2ebb7-8562-3728-8ba8-ec800da9360c): туда лоха
[14:11:30] ItsFartunaRu (87aa0b4c-629f-3cae-a9c4-787ca2fa3e21): я ему 3 тотема
[14:11:34] ItsFartunaRu (87aa0b4c-629f-3cae-a9c4-787ca2fa3e21): уебал
[14:11:49] RunishYT (deb2ebb7-8562-3728-8ba8-ec800da9360c): ща я его с авика уебу
[14:11:57] ItsFartunaRu (87aa0b4c-629f-3cae-a9c4-787ca2fa3e21): не
[14:11:59] ItsFartunaRu (87aa0b4c-629f-3cae-a9c4-787ca2fa3e21): она моя
[14:12:35] ItsFartunaRu (87aa0b4c-629f-3cae-a9c4-787ca2fa3e21): руина накопай камень за алмазес
[14:12:46] RunishYT (deb2ebb7-8562-3728-8ba8-ec800da9360c): пошел нахуй я тебя с авика выебу
[14:12:56] ItsFartunaRu (87aa0b4c-629f-3cae-a9c4-787ca2fa3e21): я со страпона декак
[14:12:58] RunishYT (deb2ebb7-8562-3728-8ba8-ec800da9360c): закупаю авм
[14:13:03] RunishYT (deb2ebb7-8562-3728-8ba8-ec800da9360c): закупаю авп
[14:13:26] RunishYT (deb2ebb7-8562-3728-8ba8-ec800da9360c): молись шлюха
[14:14:27] RunishYT (deb2ebb7-8562-3728-8ba8-ec800da9360c): френдли фаер еблан
[14:15:01] ItsFartunaRu (87aa0b4c-629f-3cae-a9c4-787ca2fa3e21): уебан
[14:15:02] RunishYT (deb2ebb7-8562-3728-8ba8-ec800da9360c): ой бля
[14:15:04] ItsFartunaRu (87aa0b4c-629f-3cae-a9c4-787ca2fa3e21): тебе пизда
[14:15:05] RunishYT (deb2ebb7-8562-3728-8ba8-ec800da9360c): соре
[14:15:11] ItsFartunaRu (87aa0b4c-629f-3cae-a9c4-787ca2fa3e21): подрубай вхак
[14:15:15] ItsFartunaRu (87aa0b4c-629f-3cae-a9c4-787ca2fa3e21): подрубаю
[14:15:27] RunishYT (deb2ebb7-8562-3728-8ba8-ec800da9360c): ща ресив пропадут
[14:15:52] ItsFartunaRu (87aa0b4c-629f-3cae-a9c4-787ca2fa3e21): уебан
[14:16:00] ItsFartunaRu (87aa0b4c-629f-3cae-a9c4-787ca2fa3e21): ещё
[14:16:10] RunishYT (deb2ebb7-8562-3728-8ba8-ec800da9360c): не у меня
[14:16:13] ItsFartunaRu (87aa0b4c-629f-3cae-a9c4-787ca2fa3e21): сука
[14:16:13] RunishYT (deb2ebb7-8562-3728-8ba8-ec800da9360c): жеский фел
[14:16:18] RunishYT (deb2ebb7-8562-3728-8ba8-ec800da9360c): жеский фейл
[14:16:39] [CAPS] ItsFartunaRu (87aa0b4c-629f-3cae-a9c4-787ca2fa3e21): щзвзыапщпв
[14:17:01] RunishYT (deb2ebb7-8562-3728-8ba8-ec800da9360c): жеский фейл
[14:17:06] ItsFartunaRu (87aa0b4c-629f-3cae-a9c4-787ca2fa3e21): кидай ресы уёба
[14:17:21] ItsFartunaRu (87aa0b4c-629f-3cae-a9c4-787ca2fa3e21): рачила
[14:17:26] RunishYT (deb2ebb7-8562-3728-8ba8-ec800da9360c): гриф лоха
[14:17:30] ItsFartunaRu (87aa0b4c-629f-3cae-a9c4-787ca2fa3e21): туда
[14:17:46] ItsFartunaRu (87aa0b4c-629f-3cae-a9c4-787ca2fa3e21): а блять на мне ботинков нету
[14:18:35] RunishYT (deb2ebb7-8562-3728-8ba8-ec800da9360c): возвращаем еблан ресы
[14:19:20] GOLDENDUSST (a0ee3527-abbd-3f28-bd2e-ff7c77b23497): ресы еблан
[14:19:51] ItsFartunaRu (87aa0b4c-629f-3cae-a9c4-787ca2fa3e21): дай слезу гаста
[14:19:53] ItsFartunaRu (87aa0b4c-629f-3cae-a9c4-787ca2fa3e21): я пошёл в энд
[14:19:56] LightNight010 (b404b429-ad5e-3cdf-9b17-af0796003c67): qq
[14:20:01] RunishYT (deb2ebb7-8562-3728-8ba8-ec800da9360c): емералдо сплэш
[14:20:02] Emerald_Tatum (943831c6-49f6-3530-a002-a6b80f43c7be): qq
[14:20:08] Emerald_Tatum (943831c6-49f6-3530-a002-a6b80f43c7be): qq all
[14:20:14] RunishYT (deb2ebb7-8562-3728-8ba8-ec800da9360c): попустили лоха
[14:20:49] ItsFartunaRu (87aa0b4c-629f-3cae-a9c4-787ca2fa3e21): биля
[14:20:56] ItsFartunaRu (87aa0b4c-629f-3cae-a9c4-787ca2fa3e21): сук я подрубаю хорион
[14:20:58] RunishYT (deb2ebb7-8562-3728-8ba8-ec800da9360c): бля я думал у тоби тотемес
[14:21:13] RunishYT (deb2ebb7-8562-3728-8ba8-ec800da9360c): пизди ресы
[14:21:14] RunishYT (deb2ebb7-8562-3728-8ba8-ec800da9360c): пизди ресы
[14:21:15] RunishYT (deb2ebb7-8562-3728-8ba8-ec800da9360c): пизди ресы
[14:21:16] RunishYT (deb2ebb7-8562-3728-8ba8-ec800da9360c): пизди ресы
[14:21:41] ItsFartunaRu (87aa0b4c-629f-3cae-a9c4-787ca2fa3e21): э морковь
[14:21:55] ItsFartunaRu (87aa0b4c-629f-3cae-a9c4-787ca2fa3e21): морковь
[14:21:58] ItsFartunaRu (87aa0b4c-629f-3cae-a9c4-787ca2fa3e21): быра
[14:22:02] RunishYT (deb2ebb7-8562-3728-8ba8-ec800da9360c): да нечего страшнава
[14:22:07] ItsFartunaRu (87aa0b4c-629f-3cae-a9c4-787ca2fa3e21): уебан
[14:22:09] RunishYT (deb2ebb7-8562-3728-8ba8-ec800da9360c): тяу тяу тяу тяу
[14:22:25] RunishYT (deb2ebb7-8562-3728-8ba8-ec800da9360c): тяу тяу тяу тяу
[14:22:32] GOLDENDUSST (a0ee3527-abbd-3f28-bd2e-ff7c77b23497): фри спины
[14:22:38] GOLDENDUSST (a0ee3527-abbd-3f28-bd2e-ff7c77b23497): лютые кейсы
[14:22:55] GOLDENDUSST (a0ee3527-abbd-3f28-bd2e-ff7c77b23497): жесткие иксы и всегда победный шанс
[14:22:59] GOLDENDUSST (a0ee3527-abbd-3f28-bd2e-ff7c77b23497): на ап х
[14:23:11] RunishYT (deb2ebb7-8562-3728-8ba8-ec800da9360c): интерес брэбля видел
[14:23:25] ItsFartunaRu (87aa0b4c-629f-3cae-a9c4-787ca2fa3e21): я ща
[14:24:07] Emerald_Tatum (943831c6-49f6-3530-a002-a6b80f43c7be): Thx
[14:24:15] Emerald_Tatum (943831c6-49f6-3530-a002-a6b80f43c7be): Thx X2
[14:25:11] ItsFartunaRu (87aa0b4c-629f-3cae-a9c4-787ca2fa3e21): рачила меч
[14:25:15] RunishYT (deb2ebb7-8562-3728-8ba8-ec800da9360c): мотыга
[14:25:17] RunishYT (deb2ebb7-8562-3728-8ba8-ec800da9360c): ел
[14:25:21] RunishYT (deb2ebb7-8562-3728-8ba8-ec800da9360c): чел
[14:25:28] RunishYT (deb2ebb7-8562-3728-8ba8-ec800da9360c): нахуя тебе мотыга незеритовая
[14:25:53] RunishYT (deb2ebb7-8562-3728-8ba8-ec800da9360c): дружить с нами надо
[14:25:57] RunishYT (deb2ebb7-8562-3728-8ba8-ec800da9360c): а не как ты
[14:26:02] ItsFartunaRu (87aa0b4c-629f-3cae-a9c4-787ca2fa3e21): .
[14:26:04] ItsFartunaRu (87aa0b4c-629f-3cae-a9c4-787ca2fa3e21): бегите
[14:26:07] ItsFartunaRu (87aa0b4c-629f-3cae-a9c4-787ca2fa3e21): -вы
[14:26:23] RunishYT (deb2ebb7-8562-3728-8ba8-ec800da9360c): мы тебя не боимся
[14:26:35] ItsFartunaRu (87aa0b4c-629f-3cae-a9c4-787ca2fa3e21): вали
[14:26:37] ItsFartunaRu (87aa0b4c-629f-3cae-a9c4-787ca2fa3e21): твар
[14:26:43] RunishYT (deb2ebb7-8562-3728-8ba8-ec800da9360c): мы тебя не боимся
[14:26:43] RunishYT (deb2ebb7-8562-3728-8ba8-ec800da9360c): мы тебя не боимся
[14:26:44] RunishYT (deb2ebb7-8562-3728-8ba8-ec800da9360c): мы тебя не боимся
[14:26:45] ItsFartunaRu (87aa0b4c-629f-3cae-a9c4-787ca2fa3e21): оцени
[14:26:54] ItsFartunaRu (87aa0b4c-629f-3cae-a9c4-787ca2fa3e21): блядь
[14:27:02] GOLDENDUSST (a0ee3527-abbd-3f28-bd2e-ff7c77b23497): Блять нихуя
[14:27:08] GOLDENDUSST (a0ee3527-abbd-3f28-bd2e-ff7c77b23497): Вот это ульта
[14:27:13] ItsFartunaRu (87aa0b4c-629f-3cae-a9c4-787ca2fa3e21): где штаны
[14:27:14] RunishYT (deb2ebb7-8562-3728-8ba8-ec800da9360c): снайпанул
[14:27:23] RunishYT (deb2ebb7-8562-3728-8ba8-ec800da9360c): сломались поход
[14:27:27] ItsFartunaRu (87aa0b4c-629f-3cae-a9c4-787ca2fa3e21): кароче тебе пизда
[14:27:46] ItsFartunaRu (87aa0b4c-629f-3cae-a9c4-787ca2fa3e21): беги вась
[14:27:52] RunishYT (deb2ebb7-8562-3728-8ba8-ec800da9360c): бля рял богом стал
[14:27:53] ItsFartunaRu (87aa0b4c-629f-3cae-a9c4-787ca2fa3e21): я конч
[14:27:57] RunishYT (deb2ebb7-8562-3728-8ba8-ec800da9360c): или демоном
[14:28:33] ItsFartunaRu (87aa0b4c-629f-3cae-a9c4-787ca2fa3e21): я бог
[14:29:06] RunishYT (deb2ebb7-8562-3728-8ba8-ec800da9360c): я бог съебывания
[14:29:08] ItsFartunaRu (87aa0b4c-629f-3cae-a9c4-787ca2fa3e21): биля где мотыга
[14:29:11] ItsFartunaRu (87aa0b4c-629f-3cae-a9c4-787ca2fa3e21): иди нахуй
[14:29:20] RunishYT (deb2ebb7-8562-3728-8ba8-ec800da9360c): я тебе кинул даун
[14:29:37] RunishYT (deb2ebb7-8562-3728-8ba8-ec800da9360c): он достиг рая
[14:29:52] RunishYT (deb2ebb7-8562-3728-8ba8-ec800da9360c): Священик Пусси
[14:29:52] ItsFartunaRu (87aa0b4c-629f-3cae-a9c4-787ca2fa3e21): но я достоен лучшего
[14:30:17] ItsFartunaRu (87aa0b4c-629f-3cae-a9c4-787ca2fa3e21): ты где шлюха
[14:30:27] RunishYT (deb2ebb7-8562-3728-8ba8-ec800da9360c): же бог съеба
[14:30:30] RunishYT (deb2ebb7-8562-3728-8ba8-ec800da9360c): я съебался
[14:30:38] ItsFartunaRu (87aa0b4c-629f-3cae-a9c4-787ca2fa3e21): ладн ок
[14:30:42] GOLDENDUSST (a0ee3527-abbd-3f28-bd2e-ff7c77b23497): Атееец!?!!??
[14:30:50] ItsFartunaRu (87aa0b4c-629f-3cae-a9c4-787ca2fa3e21): а
[14:30:57] ItsFartunaRu (87aa0b4c-629f-3cae-a9c4-787ca2fa3e21): бредля бань меня
[14:31:12] RunishYT (deb2ebb7-8562-3728-8ba8-ec800da9360c): чо по броне лых??
[14:31:18] ItsFartunaRu (87aa0b4c-629f-3cae-a9c4-787ca2fa3e21): почина
[14:31:56] ItsFartunaRu (87aa0b4c-629f-3cae-a9c4-787ca2fa3e21): прихади опять адин на адин
[14:32:39] ItsFartunaRu (87aa0b4c-629f-3cae-a9c4-787ca2fa3e21): я зевс
[14:32:49] RunishYT (deb2ebb7-8562-3728-8ba8-ec800da9360c): э бля куда
[14:32:54] ItsFartunaRu (87aa0b4c-629f-3cae-a9c4-787ca2fa3e21): к отцу
[14:33:48] RunishYT (deb2ebb7-8562-3728-8ba8-ec800da9360c): Пусси
[14:33:52] RunishYT (deb2ebb7-8562-3728-8ba8-ec800da9360c): Иди к отцу
[14:33:54] ItsFartunaRu (87aa0b4c-629f-3cae-a9c4-787ca2fa3e21): бредля бань меня
[14:33:56] RunishYT (deb2ebb7-8562-3728-8ba8-ec800da9360c): тоесть ко мне
[14:34:10] RunishYT (deb2ebb7-8562-3728-8ba8-ec800da9360c): посмотрим кто быстрее
[14:36:22] ItsFartunaRu (87aa0b4c-629f-3cae-a9c4-787ca2fa3e21): я бог чанков
[14:36:27] RunishYT (deb2ebb7-8562-3728-8ba8-ec800da9360c): пизда твоим жителям
[14:37:15] GOLDENDUSST (a0ee3527-abbd-3f28-bd2e-ff7c77b23497): Руниш говорит что кильнёт жителей елси ты не остановишься
[14:37:35] ItsFartunaRu (87aa0b4c-629f-3cae-a9c4-787ca2fa3e21): ничо не попутал
[14:37:48] ItsFartunaRu (87aa0b4c-629f-3cae-a9c4-787ca2fa3e21): гг тима рак я сношу руку
[14:37:54] ItsFartunaRu (87aa0b4c-629f-3cae-a9c4-787ca2fa3e21): мы больше не теам
[14:37:55] GOLDENDUSST (a0ee3527-abbd-3f28-bd2e-ff7c77b23497): насчёт три
[14:37:57] RunishYT (deb2ebb7-8562-3728-8ba8-ec800da9360c): бляяяяять саскееее
[14:38:15] RunishYT (deb2ebb7-8562-3728-8ba8-ec800da9360c): бля а мы были тим?
[14:38:16] ItsFartunaRu (87aa0b4c-629f-3cae-a9c4-787ca2fa3e21): я начинаю
[14:38:21] RunishYT (deb2ebb7-8562-3728-8ba8-ec800da9360c): Мы были тим?
[14:38:27] Emerald_Tatum (943831c6-49f6-3530-a002-a6b80f43c7be): Я так понимаю, до ближайшей деревни топать минимум 5к?
[14:38:32] RunishYT (deb2ebb7-8562-3728-8ba8-ec800da9360c): О неееет
[14:38:38] RunishYT (deb2ebb7-8562-3728-8ba8-ec800da9360c): да не
[14:38:46] RunishYT (deb2ebb7-8562-3728-8ba8-ec800da9360c): в ближайших 1000 есть
[14:38:50] RunishYT (deb2ebb7-8562-3728-8ba8-ec800da9360c): оооо нееет
[14:38:52] RunishYT (deb2ebb7-8562-3728-8ba8-ec800da9360c): Рука
[14:38:54] Emerald_Tatum (943831c6-49f6-3530-a002-a6b80f43c7be): Свободная деревня?
[14:38:58] RunishYT (deb2ebb7-8562-3728-8ba8-ec800da9360c): которую реверсили
[14:39:00] RunishYT (deb2ebb7-8562-3728-8ba8-ec800da9360c): да
[14:39:05] RunishYT (deb2ebb7-8562-3728-8ba8-ec800da9360c): Которую откатили
[14:39:10] RunishYT (deb2ebb7-8562-3728-8ba8-ec800da9360c): Которую мы сносили
[14:39:18] RunishYT (deb2ebb7-8562-3728-8ba8-ec800da9360c): бля пиздец жалко
[14:39:24] RunishYT (deb2ebb7-8562-3728-8ba8-ec800da9360c): бля не делай этого фарт
[14:39:37] GOLDENDUSST (a0ee3527-abbd-3f28-bd2e-ff7c77b23497): Пизда от сайк
[14:39:54] Emerald_Tatum (943831c6-49f6-3530-a002-a6b80f43c7be): Го скип ночь
[14:40:35] LightNight010 (b404b429-ad5e-3cdf-9b17-af0796003c67): скип плз
[14:40:42] Emerald_Tatum (943831c6-49f6-3530-a002-a6b80f43c7be): Ну так ещё один человек
[14:40:46] ItsFartunaRu (87aa0b4c-629f-3cae-a9c4-787ca2fa3e21): 'Эээ где ведро
[14:41:30] ItsFartunaRu (87aa0b4c-629f-3cae-a9c4-787ca2fa3e21): морковь
[14:41:39] GOLDENDUSST (a0ee3527-abbd-3f28-bd2e-ff7c77b23497): не у меня
[14:41:44] GOLDENDUSST (a0ee3527-abbd-3f28-bd2e-ff7c77b23497): у руниша
[14:41:49] ItsFartunaRu (87aa0b4c-629f-3cae-a9c4-787ca2fa3e21): биля обокрали
[14:41:57] ItsFartunaRu (87aa0b4c-629f-3cae-a9c4-787ca2fa3e21): оцени
[14:42:03] ItsFartunaRu (87aa0b4c-629f-3cae-a9c4-787ca2fa3e21): скорость
[14:42:49] GOLDENDUSST (a0ee3527-abbd-3f28-bd2e-ff7c77b23497): бля пизда овцам
[14:43:26] GOLDENDUSST (a0ee3527-abbd-3f28-bd2e-ff7c77b23497): киляю всех овец
[14:44:44] ItsFartunaRu (87aa0b4c-629f-3cae-a9c4-787ca2fa3e21): оцени залазиние
[14:44:59] ItsFartunaRu (87aa0b4c-629f-3cae-a9c4-787ca2fa3e21): дай поесть арабу
[14:45:01] ItsFartunaRu (87aa0b4c-629f-3cae-a9c4-787ca2fa3e21): покажу фокус
[14:45:17] GOLDENDUSST (a0ee3527-abbd-3f28-bd2e-ff7c77b23497): оцени татарский шашлык
[14:45:26] ItsFartunaRu (87aa0b4c-629f-3cae-a9c4-787ca2fa3e21): вот кароче фокус
[14:45:44] GOLDENDUSST (a0ee3527-abbd-3f28-bd2e-ff7c77b23497): Пааапа не уходи за хлеебооом
[14:45:58] GOLDENDUSST (a0ee3527-abbd-3f28-bd2e-ff7c77b23497): еба я думал 18 лет пройдет
[14:46:08] ItsFartunaRu (87aa0b4c-629f-3cae-a9c4-787ca2fa3e21): ещё хлеба
[14:46:47] Bradly378 (9ab93dfb-1454-3bb1-b47f-700f714534a9): фартук, ну как там с фермой, успеваешь продовать и делать изусруды!?
[14:46:55] Bradly378 (9ab93dfb-1454-3bb1-b47f-700f714534a9): Xd
[14:46:56] ItsFartunaRu (87aa0b4c-629f-3cae-a9c4-787ca2fa3e21): да ваще занимаюсь делами
[14:47:04] ItsFartunaRu (87aa0b4c-629f-3cae-a9c4-787ca2fa3e21): тут кароче фокусы показываю
[14:47:06] GOLDENDUSST (a0ee3527-abbd-3f28-bd2e-ff7c77b23497): Он хвастается читами
[14:47:19] ItsFartunaRu (87aa0b4c-629f-3cae-a9c4-787ca2fa3e21): зоцени
[14:47:32] ItsFartunaRu (87aa0b4c-629f-3cae-a9c4-787ca2fa3e21): садись
[14:47:51] ItsFartunaRu (87aa0b4c-629f-3cae-a9c4-787ca2fa3e21): садись
[14:48:03] ItsFartunaRu (87aa0b4c-629f-3cae-a9c4-787ca2fa3e21): биля он большой да
[14:48:29] ItsFartunaRu (87aa0b4c-629f-3cae-a9c4-787ca2fa3e21): че за
[14:50:43] ItsFartunaRu (87aa0b4c-629f-3cae-a9c4-787ca2fa3e21): топ ебланов, 3 место
[14:51:23] ItsFartunaRu (87aa0b4c-629f-3cae-a9c4-787ca2fa3e21): сносим
[14:51:53] ItsFartunaRu (87aa0b4c-629f-3cae-a9c4-787ca2fa3e21): дай книгу
[14:51:55] ItsFartunaRu (87aa0b4c-629f-3cae-a9c4-787ca2fa3e21): с пером
[14:53:08] ItsFartunaRu (87aa0b4c-629f-3cae-a9c4-787ca2fa3e21): биля а как
[14:53:16] ItsFartunaRu (87aa0b4c-629f-3cae-a9c4-787ca2fa3e21): стоп че
[14:53:27] RunishYT (deb2ebb7-8562-3728-8ba8-ec800da9360c): че ахуел блять
[14:53:43] RunishYT (deb2ebb7-8562-3728-8ba8-ec800da9360c): утопили в сперме
[14:53:52] GOLDENDUSST (a0ee3527-abbd-3f28-bd2e-ff7c77b23497): я пёрнул в тебя вот ты и улетел
[14:53:53] LightNight010 (b404b429-ad5e-3cdf-9b17-af0796003c67): руниш бл, я стримлю
[14:54:04] RunishYT (deb2ebb7-8562-3728-8ba8-ec800da9360c): нигер пидорас
[14:54:13] ItsFartunaRu (87aa0b4c-629f-3cae-a9c4-787ca2fa3e21): да ку
[14:54:29] ItsFartunaRu (87aa0b4c-629f-3cae-a9c4-787ca2fa3e21): ура
[14:54:31] LightNight010 (b404b429-ad5e-3cdf-9b17-af0796003c67): бан
[14:54:47] ItsFartunaRu (87aa0b4c-629f-3cae-a9c4-787ca2fa3e21): го пэвэпэ без лучара
[14:54:57] ItsFartunaRu (87aa0b4c-629f-3cae-a9c4-787ca2fa3e21): пжпжпжпж
[14:54:58] RunishYT (deb2ebb7-8562-3728-8ba8-ec800da9360c): я легалас
[14:55:07] RunishYT (deb2ebb7-8562-3728-8ba8-ec800da9360c): пошел нахуй на равных будем
[14:55:17] RunishYT (deb2ebb7-8562-3728-8ba8-ec800da9360c): 2 бога на 1
[14:56:20] ItsFartunaRu (87aa0b4c-629f-3cae-a9c4-787ca2fa3e21): на равных
[14:57:11] ItsFartunaRu (87aa0b4c-629f-3cae-a9c4-787ca2fa3e21): даун
[14:57:35] ItsFartunaRu (87aa0b4c-629f-3cae-a9c4-787ca2fa3e21): гоу снос тотем
[14:57:59] RunishYT (deb2ebb7-8562-3728-8ba8-ec800da9360c): ты попросил мы сделали
[14:58:07] ItsFartunaRu (87aa0b4c-629f-3cae-a9c4-787ca2fa3e21): гг бронь
[14:58:37] ItsFartunaRu (87aa0b4c-629f-3cae-a9c4-787ca2fa3e21): гоу мир тёлки
[14:58:42] RunishYT (deb2ebb7-8562-3728-8ba8-ec800da9360c): гоу
[14:59:13] ItsFartunaRu (87aa0b4c-629f-3cae-a9c4-787ca2fa3e21): дай элики
[14:59:17] ItsFartunaRu (87aa0b4c-629f-3cae-a9c4-787ca2fa3e21): дай элики
[14:59:34] RunishYT (deb2ebb7-8562-3728-8ba8-ec800da9360c): у тебя портал слинковался фартук
[14:59:40] ItsFartunaRu (87aa0b4c-629f-3cae-a9c4-787ca2fa3e21): СУКА
[14:59:42] ItsFartunaRu (87aa0b4c-629f-3cae-a9c4-787ca2fa3e21): СУКА
[14:59:58] ItsFartunaRu (87aa0b4c-629f-3cae-a9c4-787ca2fa3e21): ты гд
[14:59:59] ItsFartunaRu (87aa0b4c-629f-3cae-a9c4-787ca2fa3e21): е
[15:00:08] RunishYT (deb2ebb7-8562-3728-8ba8-ec800da9360c): йес ай эм год
[15:00:36] ItsFartunaRu (87aa0b4c-629f-3cae-a9c4-787ca2fa3e21): гг я лив
[15:00:42] ItsFartunaRu (87aa0b4c-629f-3cae-a9c4-787ca2fa3e21): тима рак
[15:01:01] ItsFartunaRu (87aa0b4c-629f-3cae-a9c4-787ca2fa3e21): гоу добывать дружно камень для моей тотем фармилки
[15:01:09] LightNight010 (b404b429-ad5e-3cdf-9b17-af0796003c67): нэт
[15:01:15] ItsFartunaRu (87aa0b4c-629f-3cae-a9c4-787ca2fa3e21): я не те
[15:01:18] RunishYT (deb2ebb7-8562-3728-8ba8-ec800da9360c): у меня пол шалкера камня
[15:01:20] ItsFartunaRu (87aa0b4c-629f-3cae-a9c4-787ca2fa3e21): двум еблана
[15:01:23] ItsFartunaRu (87aa0b4c-629f-3cae-a9c4-787ca2fa3e21): опа броу ку
[15:01:23] GOLDENDUSST (a0ee3527-abbd-3f28-bd2e-ff7c77b23497): Купи
[15:01:29] RunishYT (deb2ebb7-8562-3728-8ba8-ec800da9360c): лайт
[15:01:30] ItsFartunaRu (87aa0b4c-629f-3cae-a9c4-787ca2fa3e21): скок
[15:01:32] RunishYT (deb2ebb7-8562-3728-8ba8-ec800da9360c): чек базу
[15:01:38] ItsFartunaRu (87aa0b4c-629f-3cae-a9c4-787ca2fa3e21): гоу рейд
[15:01:41] ItsFartunaRu (87aa0b4c-629f-3cae-a9c4-787ca2fa3e21): базы руины
[15:01:52] RunishYT (deb2ebb7-8562-3728-8ba8-ec800da9360c): сколька нада??
[15:01:56] ItsFartunaRu (87aa0b4c-629f-3cae-a9c4-787ca2fa3e21): дуст продай технологии на лук
[15:01:59] ItsFartunaRu (87aa0b4c-629f-3cae-a9c4-787ca2fa3e21): за дорога
[15:02:22] GOLDENDUSST (a0ee3527-abbd-3f28-bd2e-ff7c77b23497): Ок за опку навсегда могу продать нт не уверен
[15:02:27] ItsFartunaRu (87aa0b4c-629f-3cae-a9c4-787ca2fa3e21): дядь
[15:02:28] ItsFartunaRu (87aa0b4c-629f-3cae-a9c4-787ca2fa3e21): алмазес
[15:02:50] GOLDENDUSST (a0ee3527-abbd-3f28-bd2e-ff7c77b23497): ладно
[15:02:54] ItsFartunaRu (87aa0b4c-629f-3cae-a9c4-787ca2fa3e21): покажи лук
[15:03:02] ItsFartunaRu (87aa0b4c-629f-3cae-a9c4-787ca2fa3e21): кинь
[15:03:03] GOLDENDUSST (a0ee3527-abbd-3f28-bd2e-ff7c77b23497): уебищ
[15:03:04] RunishYT (deb2ebb7-8562-3728-8ba8-ec800da9360c): фартук скольк надо камня??
[15:03:07] ItsFartunaRu (87aa0b4c-629f-3cae-a9c4-787ca2fa3e21): потом отдам
[15:03:17] GOLDENDUSST (a0ee3527-abbd-3f28-bd2e-ff7c77b23497): ага
[15:03:19] ItsFartunaRu (87aa0b4c-629f-3cae-a9c4-787ca2fa3e21): э лук э
[15:03:22] ItsFartunaRu (87aa0b4c-629f-3cae-a9c4-787ca2fa3e21): я рил
[15:03:28] ItsFartunaRu (87aa0b4c-629f-3cae-a9c4-787ca2fa3e21): чекну уёбищный лук
[15:03:32] GOLDENDUSST (a0ee3527-abbd-3f28-bd2e-ff7c77b23497): гей?
[15:03:40] ItsFartunaRu (87aa0b4c-629f-3cae-a9c4-787ca2fa3e21): зачар на лишение матери
[15:04:24] RunishYT (deb2ebb7-8562-3728-8ba8-ec800da9360c): фартук это технологий божественного характера
[15:04:48] RunishYT (deb2ebb7-8562-3728-8ba8-ec800da9360c): понимаешь боги с даунами не разгоуаривают
[15:04:56] ItsFartunaRu (87aa0b4c-629f-3cae-a9c4-787ca2fa3e21): согл
[15:05:00] ItsFartunaRu (87aa0b4c-629f-3cae-a9c4-787ca2fa3e21): по этому я ливаю
[15:05:15] RunishYT (deb2ebb7-8562-3728-8ba8-ec800da9360c): съебывай на свой парагон
[15:05:22] RunishYT (deb2ebb7-8562-3728-8ba8-ec800da9360c): предатель
[15:06:08] ItsFartunaRu (87aa0b4c-629f-3cae-a9c4-787ca2fa3e21): покажи пжпжжпжпжп
[15:06:09] RunishYT (deb2ebb7-8562-3728-8ba8-ec800da9360c): даун кста банворд
[15:06:22] GOLDENDUSST (a0ee3527-abbd-3f28-bd2e-ff7c77b23497): Ты меня кильнёшь и заберёшь
[15:06:26] ItsFartunaRu (87aa0b4c-629f-3cae-a9c4-787ca2fa3e21): нет
[15:06:43] ItsFartunaRu (87aa0b4c-629f-3cae-a9c4-787ca2fa3e21): ты есличо сообщать бредля о киллс
[15:06:45] RunishYT (deb2ebb7-8562-3728-8ba8-ec800da9360c): бля ты такой честный Фарту
[15:06:48] ItsFartunaRu (87aa0b4c-629f-3cae-a9c4-787ca2fa3e21): и ему похуй
[15:07:00] ItsFartunaRu (87aa0b4c-629f-3cae-a9c4-787ca2fa3e21): кароче тима рачил
[15:07:15] RunishYT (deb2ebb7-8562-3728-8ba8-ec800da9360c): дайте способность превращать все до чего я коснусь в частицы
[15:07:25] ItsFartunaRu (87aa0b4c-629f-3cae-a9c4-787ca2fa3e21): гоу за яичко
[15:07:31] ItsFartunaRu (87aa0b4c-629f-3cae-a9c4-787ca2fa3e21): отдаёшь технологии
[15:07:32] GOLDENDUSST (a0ee3527-abbd-3f28-bd2e-ff7c77b23497): Как дрочить
[15:07:32] RunishYT (deb2ebb7-8562-3728-8ba8-ec800da9360c): управляемые
[15:07:35] ItsFartunaRu (87aa0b4c-629f-3cae-a9c4-787ca2fa3e21): отдаёшь технологии
[15:07:40] ItsFartunaRu (87aa0b4c-629f-3cae-a9c4-787ca2fa3e21): еблан я про то
[15:07:46] ItsFartunaRu (87aa0b4c-629f-3cae-a9c4-787ca2fa3e21): которое типа секрен
[15:07:48] RunishYT (deb2ebb7-8562-3728-8ba8-ec800da9360c): я отдам
[15:07:48] ItsFartunaRu (87aa0b4c-629f-3cae-a9c4-787ca2fa3e21): которое типа секрет
[15:08:14] RunishYT (deb2ebb7-8562-3728-8ba8-ec800da9360c): цивилизаций 0 типа не достоины владеть такой силой
[15:08:27] GOLDENDUSST (a0ee3527-abbd-3f28-bd2e-ff7c77b23497): Я про то что руниш просит способност которая превращает все в частицы при прикосновения а я спросил как дрочить
[15:08:29] ItsFartunaRu (87aa0b4c-629f-3cae-a9c4-787ca2fa3e21): ахуел приходи на хату к богу
[15:09:13] ItsFartunaRu (87aa0b4c-629f-3cae-a9c4-787ca2fa3e21): отдаю 2 яйца за технологии
[15:09:15] ItsFartunaRu (87aa0b4c-629f-3cae-a9c4-787ca2fa3e21): не свои
[15:10:01] ItsFartunaRu (87aa0b4c-629f-3cae-a9c4-787ca2fa3e21): отдаю 2 яйца за технологии
[15:10:07] RunishYT (deb2ebb7-8562-3728-8ba8-ec800da9360c): бедрок в выживаний можно поставить?
[15:10:11] GOLDENDUSST (a0ee3527-abbd-3f28-bd2e-ff7c77b23497): Откуда второе
[15:10:20] ItsFartunaRu (87aa0b4c-629f-3cae-a9c4-787ca2fa3e21): не важн
[15:10:31] ItsFartunaRu (87aa0b4c-629f-3cae-a9c4-787ca2fa3e21): кто тебе сказал что я стырил 1
[15:10:33] GOLDENDUSST (a0ee3527-abbd-3f28-bd2e-ff7c77b23497): ты их дюпаешь
[15:10:34] RunishYT (deb2ebb7-8562-3728-8ba8-ec800da9360c): Возомнили себя богами
[15:10:38] ItsFartunaRu (87aa0b4c-629f-3cae-a9c4-787ca2fa3e21): дюпа нема
[15:10:47] RunishYT (deb2ebb7-8562-3728-8ba8-ec800da9360c): так докажите это
[15:11:13] RunishYT (deb2ebb7-8562-3728-8ba8-ec800da9360c): кста с чего это вдруг фартук вышел из миндастри??
[15:11:16] ItsFartunaRu (87aa0b4c-629f-3cae-a9c4-787ca2fa3e21): поченил бронь типа
[15:11:20] ItsFartunaRu (87aa0b4c-629f-3cae-a9c4-787ca2fa3e21): че
[15:11:27] RunishYT (deb2ebb7-8562-3728-8ba8-ec800da9360c): да еще и бреблю вытащил из лола
[15:11:37] ItsFartunaRu (87aa0b4c-629f-3cae-a9c4-787ca2fa3e21): еблан
[15:11:47] RunishYT (deb2ebb7-8562-3728-8ba8-ec800da9360c): тыж 2 недели в миндастри ебашил
[15:11:51] ItsFartunaRu (87aa0b4c-629f-3cae-a9c4-787ca2fa3e21): ноу
[15:11:54] RunishYT (deb2ebb7-8562-3728-8ba8-ec800da9360c): а бля это не ты
[15:12:00] RunishYT (deb2ebb7-8562-3728-8ba8-ec800da9360c): в визуал студио
[15:12:05] ItsFartunaRu (87aa0b4c-629f-3cae-a9c4-787ca2fa3e21): да ку
[15:12:25] RunishYT (deb2ebb7-8562-3728-8ba8-ec800da9360c): жди меня Икари Синдзи
[15:12:29] ItsFartunaRu (87aa0b4c-629f-3cae-a9c4-787ca2fa3e21): давай технологии
[15:12:38] GOLDENDUSST (a0ee3527-abbd-3f28-bd2e-ff7c77b23497): сколько б ты не просил
[15:12:45] GOLDENDUSST (a0ee3527-abbd-3f28-bd2e-ff7c77b23497): я всегда скажу
[15:13:03] ItsFartunaRu (87aa0b4c-629f-3cae-a9c4-787ca2fa3e21): ойе
[15:13:12] RunishYT (deb2ebb7-8562-3728-8ba8-ec800da9360c): я знаю защиту от хорусов
[15:13:22] RunishYT (deb2ebb7-8562-3728-8ba8-ec800da9360c): ебашишь в энде такие столбы
[15:13:34] RunishYT (deb2ebb7-8562-3728-8ba8-ec800da9360c): и короч туда нитки
[15:13:39] RunishYT (deb2ebb7-8562-3728-8ba8-ec800da9360c): и наблюдатель
[15:13:45] RunishYT (deb2ebb7-8562-3728-8ba8-ec800da9360c): и люк
[15:13:49] RunishYT (deb2ebb7-8562-3728-8ba8-ec800da9360c): чел тепается
[15:13:52] RunishYT (deb2ebb7-8562-3728-8ba8-ec800da9360c): и падает
[15:14:01] ItsFartunaRu (87aa0b4c-629f-3cae-a9c4-787ca2fa3e21): я поймал еблана в трапку
[15:14:15] ItsFartunaRu (87aa0b4c-629f-3cae-a9c4-787ca2fa3e21): он ливнул
[15:14:19] RunishYT (deb2ebb7-8562-3728-8ba8-ec800da9360c): бля чел не убивай другого чела плез
[15:14:21] ItsFartunaRu (87aa0b4c-629f-3cae-a9c4-787ca2fa3e21): но я почти отхуяри
[15:14:25] ItsFartunaRu (87aa0b4c-629f-3cae-a9c4-787ca2fa3e21): но я почти отхуярил
[15:14:31] RunishYT (deb2ebb7-8562-3728-8ba8-ec800da9360c): иначе пизда твоим овцам и жителям
[15:14:42] ItsFartunaRu (87aa0b4c-629f-3cae-a9c4-787ca2fa3e21): чел
[15:14:49] ItsFartunaRu (87aa0b4c-629f-3cae-a9c4-787ca2fa3e21): я знаю корды твоей базы
[15:14:54] RunishYT (deb2ebb7-8562-3728-8ba8-ec800da9360c): чел
[15:14:57] RunishYT (deb2ebb7-8562-3728-8ba8-ec800da9360c): а я твоей
[15:15:02] ItsFartunaRu (87aa0b4c-629f-3cae-a9c4-787ca2fa3e21): обмен?
[15:15:20] ItsFartunaRu (87aa0b4c-629f-3cae-a9c4-787ca2fa3e21): нихуясе
[15:15:21] ItsFartunaRu (87aa0b4c-629f-3cae-a9c4-787ca2fa3e21): жив
[15:15:28] ItsFartunaRu (87aa0b4c-629f-3cae-a9c4-787ca2fa3e21): оцени слизь
[15:15:33] ItsFartunaRu (87aa0b4c-629f-3cae-a9c4-787ca2fa3e21): из твой эсс
[15:15:34] GOLDENDUSST (a0ee3527-abbd-3f28-bd2e-ff7c77b23497): цой жив
[15:15:46] RunishYT (deb2ebb7-8562-3728-8ba8-ec800da9360c): вырубай читы
[15:15:55] ItsFartunaRu (87aa0b4c-629f-3cae-a9c4-787ca2fa3e21): кароче
[15:15:56] ItsFartunaRu (87aa0b4c-629f-3cae-a9c4-787ca2fa3e21): продавай
[15:15:58] ItsFartunaRu (87aa0b4c-629f-3cae-a9c4-787ca2fa3e21): технологии
[15:16:06] RunishYT (deb2ebb7-8562-3728-8ba8-ec800da9360c): бля тольк заметил
[15:16:13] LightNight010 (b404b429-ad5e-3cdf-9b17-af0796003c67): ты кому
[15:16:15] RunishYT (deb2ebb7-8562-3728-8ba8-ec800da9360c): пизда тебе у меня 6 динамита с собой
[15:16:20] ItsFartunaRu (87aa0b4c-629f-3cae-a9c4-787ca2fa3e21): дядь
[15:16:22] ItsFartunaRu (87aa0b4c-629f-3cae-a9c4-787ca2fa3e21): гоу мир
[15:16:28] ItsFartunaRu (87aa0b4c-629f-3cae-a9c4-787ca2fa3e21): у меня прост 2 стака
[15:16:30] RunishYT (deb2ebb7-8562-3728-8ba8-ec800da9360c): пизда твоей базе
[15:16:46] ItsFartunaRu (87aa0b4c-629f-3cae-a9c4-787ca2fa3e21): продай
[15:16:46] ItsFartunaRu (87aa0b4c-629f-3cae-a9c4-787ca2fa3e21): продай
[15:16:47] ItsFartunaRu (87aa0b4c-629f-3cae-a9c4-787ca2fa3e21): продай
[15:16:47] ItsFartunaRu (87aa0b4c-629f-3cae-a9c4-787ca2fa3e21): продай
[15:16:47] ItsFartunaRu (87aa0b4c-629f-3cae-a9c4-787ca2fa3e21): продай
[15:16:48] ItsFartunaRu (87aa0b4c-629f-3cae-a9c4-787ca2fa3e21): е
[15:17:41] ItsFartunaRu (87aa0b4c-629f-3cae-a9c4-787ca2fa3e21): стоп че
[15:18:04] GOLDENDUSST (a0ee3527-abbd-3f28-bd2e-ff7c77b23497): спермик
[15:18:43] RunishYT (deb2ebb7-8562-3728-8ba8-ec800da9360c): ты где шлюха?
[15:18:48] RunishYT (deb2ebb7-8562-3728-8ba8-ec800da9360c): я взрываю твою базу
[15:18:56] ItsFartunaRu (87aa0b4c-629f-3cae-a9c4-787ca2fa3e21): около твоего отца
[15:19:05] ItsFartunaRu (87aa0b4c-629f-3cae-a9c4-787ca2fa3e21): да как
[15:19:12] ItsFartunaRu (87aa0b4c-629f-3cae-a9c4-787ca2fa3e21): че за
[15:19:43] RunishYT (deb2ebb7-8562-3728-8ba8-ec800da9360c): Ты где Джотаро??
[15:20:09] ItsFartunaRu (87aa0b4c-629f-3cae-a9c4-787ca2fa3e21): дядь тим
[15:20:12] RunishYT (deb2ebb7-8562-3728-8ba8-ec800da9360c): это лук для репресии
[15:20:26] RunishYT (deb2ebb7-8562-3728-8ba8-ec800da9360c): если ты сдаешься пиши
[15:20:32] RunishYT (deb2ebb7-8562-3728-8ba8-ec800da9360c): Мир Дружба Демократия
[15:20:43] ItsFartunaRu (87aa0b4c-629f-3cae-a9c4-787ca2fa3e21): пошла нахуй шлюха нету тотемс
[15:20:47] ItsFartunaRu (87aa0b4c-629f-3cae-a9c4-787ca2fa3e21): продай шалкер
[15:20:49] ItsFartunaRu (87aa0b4c-629f-3cae-a9c4-787ca2fa3e21): вместе с луком
[15:20:55] ItsFartunaRu (87aa0b4c-629f-3cae-a9c4-787ca2fa3e21): и камнем\
[15:21:00] RunishYT (deb2ebb7-8562-3728-8ba8-ec800da9360c): пошел нах
[15:21:05] RunishYT (deb2ebb7-8562-3728-8ba8-ec800da9360c): ты ашалел
[15:21:28] RunishYT (deb2ebb7-8562-3728-8ba8-ec800da9360c): слышь ты хуйло ебанноё
[15:21:37] ItsFartunaRu (87aa0b4c-629f-3cae-a9c4-787ca2fa3e21): дуст он тебе
[15:22:07] GOLDENDUSST (a0ee3527-abbd-3f28-bd2e-ff7c77b23497): Руниш а я думал мы
[15:22:15] GOLDENDUSST (a0ee3527-abbd-3f28-bd2e-ff7c77b23497): Любим друг друга
[15:22:25] ItsFartunaRu (87aa0b4c-629f-3cae-a9c4-787ca2fa3e21): сюда
[15:22:26] ItsFartunaRu (87aa0b4c-629f-3cae-a9c4-787ca2fa3e21): суда
[15:22:27] GOLDENDUSST (a0ee3527-abbd-3f28-bd2e-ff7c77b23497): А оказалось ты лишь абъюзил моё очко
[15:22:27] ItsFartunaRu (87aa0b4c-629f-3cae-a9c4-787ca2fa3e21): туда
[15:23:00] ItsFartunaRu (87aa0b4c-629f-3cae-a9c4-787ca2fa3e21): че за рак
[15:23:10] GOLDENDUSST (a0ee3527-abbd-3f28-bd2e-ff7c77b23497): мозга
[15:23:36] ItsFartunaRu (87aa0b4c-629f-3cae-a9c4-787ca2fa3e21): готов принять смерть?
[15:24:16] [CAPS] ItsFartunaRu (87aa0b4c-629f-3cae-a9c4-787ca2fa3e21): я пошутил
[15:24:24] ItsFartunaRu (87aa0b4c-629f-3cae-a9c4-787ca2fa3e21): го ты тимейт
[15:25:03] ItsFartunaRu (87aa0b4c-629f-3cae-a9c4-787ca2fa3e21): 3 хп дядь
[15:25:09] ItsFartunaRu (87aa0b4c-629f-3cae-a9c4-787ca2fa3e21): подгони тотем
[15:26:22] ItsFartunaRu (87aa0b4c-629f-3cae-a9c4-787ca2fa3e21): ОЙ
[15:26:26] ItsFartunaRu (87aa0b4c-629f-3cae-a9c4-787ca2fa3e21): че я наделал
[15:26:29] ItsFartunaRu (87aa0b4c-629f-3cae-a9c4-787ca2fa3e21): выкинул опыт
[15:26:53] ItsFartunaRu (87aa0b4c-629f-3cae-a9c4-787ca2fa3e21): я пошёл покупать 2 лицухи майна
[15:27:23] RunishYT (deb2ebb7-8562-3728-8ba8-ec800da9360c): долбаеб я щас тебе базу починю пиздец лагает
[15:27:31] ItsFartunaRu (87aa0b4c-629f-3cae-a9c4-787ca2fa3e21): ДЯДЬ
[15:27:43] RunishYT (deb2ebb7-8562-3728-8ba8-ec800da9360c): из за ебучих овец
[15:27:46] ItsFartunaRu (87aa0b4c-629f-3cae-a9c4-787ca2fa3e21): ПЖ
[15:27:47] RunishYT (deb2ebb7-8562-3728-8ba8-ec800da9360c): пизда овцам
[15:27:48] [CAPS] ItsFartunaRu (87aa0b4c-629f-3cae-a9c4-787ca2fa3e21): одумайся
[15:27:52] ItsFartunaRu (87aa0b4c-629f-3cae-a9c4-787ca2fa3e21): ДЯДЬ
[15:27:59] RunishYT (deb2ebb7-8562-3728-8ba8-ec800da9360c): блять сделай ферму шерсти чтоле
[15:28:31] RunishYT (deb2ebb7-8562-3728-8ba8-ec800da9360c): последние слова
[15:28:49] ItsFartunaRu (87aa0b4c-629f-3cae-a9c4-787ca2fa3e21): туда
[15:28:56] RunishYT (deb2ebb7-8562-3728-8ba8-ec800da9360c): Ну все тварь тебе не жить
[15:28:58] ItsFartunaRu (87aa0b4c-629f-3cae-a9c4-787ca2fa3e21): изи фарм лоха
[15:29:36] [CAPS] ItsFartunaRu (87aa0b4c-629f-3cae-a9c4-787ca2fa3e21): фшщаырлвадзва
[15:29:53] RunishYT (deb2ebb7-8562-3728-8ba8-ec800da9360c): сучка
[15:30:50] ItsFartunaRu (87aa0b4c-629f-3cae-a9c4-787ca2fa3e21): да как
[15:31:30] RunishYT (deb2ebb7-8562-3728-8ba8-ec800da9360c): Убери овец
[15:31:33] RunishYT (deb2ebb7-8562-3728-8ba8-ec800da9360c): Ебанный сыр
[15:31:40] ItsFartunaRu (87aa0b4c-629f-3cae-a9c4-787ca2fa3e21): продай технологии тогда
[15:31:40] RunishYT (deb2ebb7-8562-3728-8ba8-ec800da9360c): мы тебе ферму шерсти построим
[15:31:42] ItsFartunaRu (87aa0b4c-629f-3cae-a9c4-787ca2fa3e21): и тотемы
[15:33:45] RunishYT (deb2ebb7-8562-3728-8ba8-ec800da9360c): гоу мы убиваем овечек
[15:33:45] GOLDENDUSST (a0ee3527-abbd-3f28-bd2e-ff7c77b23497): пизда барашкам
[15:33:54] GOLDENDUSST (a0ee3527-abbd-3f28-bd2e-ff7c77b23497): одним движением тризубца
[15:34:03] GOLDENDUSST (a0ee3527-abbd-3f28-bd2e-ff7c77b23497): я уебу 50%
[15:34:14] GOLDENDUSST (a0ee3527-abbd-3f28-bd2e-ff7c77b23497): Соожнейший выбор сделает лишь сильнейший
[15:34:19] ItsFartunaRu (87aa0b4c-629f-3cae-a9c4-787ca2fa3e21): ээээ
[15:34:43] [CAPS] ItsFartunaRu (87aa0b4c-629f-3cae-a9c4-787ca2fa3e21): ыжалвладпдокщзпп жялдъп
[15:34:57] RunishYT (deb2ebb7-8562-3728-8ba8-ec800da9360c): гриф фартуны
[15:35:14] [CAPS] ItsFartunaRu (87aa0b4c-629f-3cae-a9c4-787ca2fa3e21): цыаэдпжып
[15:35:37] ItsFartunaRu (87aa0b4c-629f-3cae-a9c4-787ca2fa3e21): МЕЧ
[15:35:48] RunishYT (deb2ebb7-8562-3728-8ba8-ec800da9360c): да не я блять
[15:35:51] GOLDENDUSST (a0ee3527-abbd-3f28-bd2e-ff7c77b23497): пока короч
[15:36:26] RunishYT (deb2ebb7-8562-3728-8ba8-ec800da9360c): Вов гоу на базу
[15:36:50] RunishYT (deb2ebb7-8562-3728-8ba8-ec800da9360c): уффф грифанули лоха
[15:37:21] ItsFartunaRu (87aa0b4c-629f-3cae-a9c4-787ca2fa3e21): МЕЧ
[15:37:22] ItsFartunaRu (87aa0b4c-629f-3cae-a9c4-787ca2fa3e21): ЛОХИ
[15:37:25] RunishYT (deb2ebb7-8562-3728-8ba8-ec800da9360c): уффф грифанули лоха
[15:37:27] RunishYT (deb2ebb7-8562-3728-8ba8-ec800da9360c): да не я блять
[15:37:28] ItsFartunaRu (87aa0b4c-629f-3cae-a9c4-787ca2fa3e21): всё валите
[15:37:28] RunishYT (deb2ebb7-8562-3728-8ba8-ec800da9360c): да не я блять
[15:37:29] RunishYT (deb2ebb7-8562-3728-8ba8-ec800da9360c): да не я блять
[15:37:29] RunishYT (deb2ebb7-8562-3728-8ba8-ec800da9360c): да не я блять
[15:37:29] RunishYT (deb2ebb7-8562-3728-8ba8-ec800da9360c): да не я блять
[15:37:30] RunishYT (deb2ebb7-8562-3728-8ba8-ec800da9360c): да не я блять
[15:37:30] RunishYT (deb2ebb7-8562-3728-8ba8-ec800da9360c): да не я блять
[15:37:31] RunishYT (deb2ebb7-8562-3728-8ba8-ec800da9360c): да не я блять
[15:37:31] RunishYT (deb2ebb7-8562-3728-8ba8-ec800da9360c): да не я блять
[15:37:34] ItsFartunaRu (87aa0b4c-629f-3cae-a9c4-787ca2fa3e21): всё валите
[15:37:35] ItsFartunaRu (87aa0b4c-629f-3cae-a9c4-787ca2fa3e21): всё валите
[15:37:35] ItsFartunaRu (87aa0b4c-629f-3cae-a9c4-787ca2fa3e21): всё валите
[15:37:35] ItsFartunaRu (87aa0b4c-629f-3cae-a9c4-787ca2fa3e21): всё валите
[15:37:36] ItsFartunaRu (87aa0b4c-629f-3cae-a9c4-787ca2fa3e21): всё валите
[15:37:40] RunishYT (deb2ebb7-8562-3728-8ba8-ec800da9360c): а
[15:37:42] RunishYT (deb2ebb7-8562-3728-8ba8-ec800da9360c): ок
[15:37:48] RunishYT (deb2ebb7-8562-3728-8ba8-ec800da9360c): Вова забираем меч
[15:38:19] ItsFartunaRu (87aa0b4c-629f-3cae-a9c4-787ca2fa3e21): всё вали
[15:38:22] GOLDENDUSST (a0ee3527-abbd-3f28-bd2e-ff7c77b23497): я положил ресы
[15:38:25] RunishYT (deb2ebb7-8562-3728-8ba8-ec800da9360c): отъебись я узожу
[15:38:29] GOLDENDUSST (a0ee3527-abbd-3f28-bd2e-ff7c77b23497): Я в сундук положил
[15:38:33] ItsFartunaRu (87aa0b4c-629f-3cae-a9c4-787ca2fa3e21): оке
[15:38:35] ItsFartunaRu (87aa0b4c-629f-3cae-a9c4-787ca2fa3e21): оке
[15:38:53] RunishYT (deb2ebb7-8562-3728-8ba8-ec800da9360c): топ гриф лохов
[15:38:57] RunishYT (deb2ebb7-8562-3728-8ba8-ec800da9360c): 3 место
[15:39:06] RunishYT (deb2ebb7-8562-3728-8ba8-ec800da9360c): гриф фартнуы
[15:39:28] ItsFartunaRu (87aa0b4c-629f-3cae-a9c4-787ca2fa3e21): говори корды базу
[15:39:29] ItsFartunaRu (87aa0b4c-629f-3cae-a9c4-787ca2fa3e21): говори корды баз
[15:39:30] RunishYT (deb2ebb7-8562-3728-8ba8-ec800da9360c): уффф пиздец смешно было
[15:39:30] ItsFartunaRu (87aa0b4c-629f-3cae-a9c4-787ca2fa3e21): говори корды базы
[15:39:38] ItsFartunaRu (87aa0b4c-629f-3cae-a9c4-787ca2fa3e21): я за тотемс пойду к вам
[15:39:41] RunishYT (deb2ebb7-8562-3728-8ba8-ec800da9360c): тыж их знаешь
[15:39:50] RunishYT (deb2ebb7-8562-3728-8ba8-ec800da9360c): строй свою
[15:39:59] ItsFartunaRu (87aa0b4c-629f-3cae-a9c4-787ca2fa3e21): ДАГДЕ
[15:40:08] RunishYT (deb2ebb7-8562-3728-8ba8-ec800da9360c): ща аписаюсь от смеха
[15:40:12] ItsFartunaRu (87aa0b4c-629f-3cae-a9c4-787ca2fa3e21): не
[15:40:17] GOLDENDUSST (a0ee3527-abbd-3f28-bd2e-ff7c77b23497): я за пределами твоего понимания
[15:40:21] ItsFartunaRu (87aa0b4c-629f-3cae-a9c4-787ca2fa3e21): вы у меня 9ц9е5цгеш0е тотемс спиздили
[15:40:31] RunishYT (deb2ebb7-8562-3728-8ba8-ec800da9360c): аххахаха
[15:40:32] GOLDENDUSST (a0ee3527-abbd-3f28-bd2e-ff7c77b23497): Я за пределами твоего понимания
[15:41:00] RunishYT (deb2ebb7-8562-3728-8ba8-ec800da9360c): без рук грифанули
[15:41:23] RunishYT (deb2ebb7-8562-3728-8ba8-ec800da9360c): ты должен запомнить кто тебя побил
[15:42:00] ItsFartunaRu (87aa0b4c-629f-3cae-a9c4-787ca2fa3e21): лопата
[15:42:09] [CAPS] ItsFartunaRu (87aa0b4c-629f-3cae-a9c4-787ca2fa3e21): сука меня грифанули
[15:42:10] RunishYT (deb2ebb7-8562-3728-8ba8-ec800da9360c): это возмездие
[15:42:13] ItsFartunaRu (87aa0b4c-629f-3cae-a9c4-787ca2fa3e21): бредля зайди
[15:42:31] ItsFartunaRu (87aa0b4c-629f-3cae-a9c4-787ca2fa3e21): морковь отдай
[15:42:32] RunishYT (deb2ebb7-8562-3728-8ba8-ec800da9360c): молитвы тебе не помогут
[15:43:02] RunishYT (deb2ebb7-8562-3728-8ba8-ec800da9360c): бредля щас жеска тащит мид
[15:43:54] RunishYT (deb2ebb7-8562-3728-8ba8-ec800da9360c): он за Джинкс жеска мид тащит
[15:48:24] RunishYT (deb2ebb7-8562-3728-8ba8-ec800da9360c): мы будем строить ферму шалкеров
[15:49:59] RunishYT (deb2ebb7-8562-3728-8ba8-ec800da9360c): поможет ли фартук построить ферму шалкеров
[15:50:12] RunishYT (deb2ebb7-8562-3728-8ba8-ec800da9360c): взамен на постройку фермы тотемов
[15:51:17] ItsFartunaRu (87aa0b4c-629f-3cae-a9c4-787ca2fa3e21): гг тима рак
[15:51:40] RunishYT (deb2ebb7-8562-3728-8ba8-ec800da9360c): фарт гоу ты поможешь построить ферму шалкеров
[15:57:38] GOLDENDUSST (a0ee3527-abbd-3f28-bd2e-ff7c77b23497): Руниш говорит что сейчас произойдёт то что произошло с фартуной
[15:57:49] GOLDENDUSST (a0ee3527-abbd-3f28-bd2e-ff7c77b23497): Он тильтанул держу в курсе
[16:10:37] RunishYT (deb2ebb7-8562-3728-8ba8-ec800da9360c): лайт мне интерес зачем ты не через энд гейт ходишь
[16:10:42] RunishYT (deb2ebb7-8562-3728-8ba8-ec800da9360c): а просто летишь?
[16:10:55] RunishYT (deb2ebb7-8562-3728-8ba8-ec800da9360c): на острова
[16:11:01] RunishYT (deb2ebb7-8562-3728-8ba8-ec800da9360c): я кстати не на стриме
[16:13:01] RunishYT (deb2ebb7-8562-3728-8ba8-ec800da9360c): э бля
[16:13:12] RunishYT (deb2ebb7-8562-3728-8ba8-ec800da9360c): если там короч написано что это наше не трогайте нихуя
[16:13:30] RunishYT (deb2ebb7-8562-3728-8ba8-ec800da9360c): если блять мы прилетим и там шалкеров не будет тем кто там в последний раз был
[16:13:34] RunishYT (deb2ebb7-8562-3728-8ba8-ec800da9360c): пизда вам
[16:18:43] RunishYT (deb2ebb7-8562-3728-8ba8-ec800da9360c): бля
[16:18:54] RunishYT (deb2ebb7-8562-3728-8ba8-ec800da9360c): у кого нибудь есть шалкер? живой
[16:19:14] RunishYT (deb2ebb7-8562-3728-8ba8-ec800da9360c): о
[17:12:15] GOLDENDUSST (a0ee3527-abbd-3f28-bd2e-ff7c77b23497): Нет
[17:12:18] LightNight010 (b404b429-ad5e-3cdf-9b17-af0796003c67): бл
[17:12:28] [CAPS] LightNight010 (b404b429-ad5e-3cdf-9b17-af0796003c67): спавнрейт блять почините
[17:15:58] ItsFartunaRu (87aa0b4c-629f-3cae-a9c4-787ca2fa3e21): возвращай меч еблан
[17:16:11] GOLDENDUSST (a0ee3527-abbd-3f28-bd2e-ff7c77b23497): Я его не брал
[17:16:24] ItsFartunaRu (87aa0b4c-629f-3cae-a9c4-787ca2fa3e21): не пизди
[17:16:37] GOLDENDUSST (a0ee3527-abbd-3f28-bd2e-ff7c77b23497): Не пижу
[17:16:42] ItsFartunaRu (87aa0b4c-629f-3cae-a9c4-787ca2fa3e21): возвращай еблан
[17:16:55] GOLDENDUSST (a0ee3527-abbd-3f28-bd2e-ff7c77b23497): Я его не брал
[17:16:59] ItsFartunaRu (87aa0b4c-629f-3cae-a9c4-787ca2fa3e21): пиздёжь
[17:17:02] GOLDENDUSST (a0ee3527-abbd-3f28-bd2e-ff7c77b23497): Уёб
[17:17:04] ItsFartunaRu (87aa0b4c-629f-3cae-a9c4-787ca2fa3e21): ты его стырил и улетел\
[17:17:11] GOLDENDUSST (a0ee3527-abbd-3f28-bd2e-ff7c77b23497): Кагда
[17:17:17] ItsFartunaRu (87aa0b4c-629f-3cae-a9c4-787ca2fa3e21): чекни инвент тупой узбек
[17:17:19] LightNight010 (b404b429-ad5e-3cdf-9b17-af0796003c67): Админов попросите посмотреть
[17:17:28] ItsFartunaRu (87aa0b4c-629f-3cae-a9c4-787ca2fa3e21): так ещё и трезуб
[17:17:30] GOLDENDUSST (a0ee3527-abbd-3f28-bd2e-ff7c77b23497): Нету
[17:17:41] ItsFartunaRu (87aa0b4c-629f-3cae-a9c4-787ca2fa3e21): кароче тебе пизда мага
[17:17:41] GOLDENDUSST (a0ee3527-abbd-3f28-bd2e-ff7c77b23497): Еблони
[17:17:44] ItsFartunaRu (87aa0b4c-629f-3cae-a9c4-787ca2fa3e21): прилетай 1 на 1
[17:17:49] GOLDENDUSST (a0ee3527-abbd-3f28-bd2e-ff7c77b23497): Элитры?
[17:17:57] ItsFartunaRu (87aa0b4c-629f-3cae-a9c4-787ca2fa3e21): че
[17:18:08] GOLDENDUSST (a0ee3527-abbd-3f28-bd2e-ff7c77b23497): Ты элитры не проебал?
[17:18:13] ItsFartunaRu (87aa0b4c-629f-3cae-a9c4-787ca2fa3e21): они у меня
[17:18:29] GOLDENDUSST (a0ee3527-abbd-3f28-bd2e-ff7c77b23497): В сундуке подарок мб
[17:18:38] ItsFartunaRu (87aa0b4c-629f-3cae-a9c4-787ca2fa3e21): и ещё труба
[17:18:39] GOLDENDUSST (a0ee3527-abbd-3f28-bd2e-ff7c77b23497): В сундуке подарок мб
[17:18:42] ItsFartunaRu (87aa0b4c-629f-3cae-a9c4-787ca2fa3e21): для мефедрона
[17:21:35] GOLDENDUSST (a0ee3527-abbd-3f28-bd2e-ff7c77b23497): Бля ты че через его ак заходил?
[17:21:42] ItsFartunaRu (87aa0b4c-629f-3cae-a9c4-787ca2fa3e21): че
[17:21:44] LightNight010 (b404b429-ad5e-3cdf-9b17-af0796003c67): ахах
[17:22:59] GOLDENDUSST (a0ee3527-abbd-3f28-bd2e-ff7c77b23497): Ебло ты речы нашел?
[17:23:05] ItsFartunaRu (87aa0b4c-629f-3cae-a9c4-787ca2fa3e21): ноу
[17:23:24] ItsFartunaRu (87aa0b4c-629f-3cae-a9c4-787ca2fa3e21): подари технологии
[17:23:27] ItsFartunaRu (87aa0b4c-629f-3cae-a9c4-787ca2fa3e21): с луком
[17:23:37] LightNight010 (b404b429-ad5e-3cdf-9b17-af0796003c67): сила 5 плюс моменталки
[17:23:40] GOLDENDUSST (a0ee3527-abbd-3f28-bd2e-ff7c77b23497): Я не ебу я не пиздил именно трезубец и меч только твои головы
[17:23:48] ItsFartunaRu (87aa0b4c-629f-3cae-a9c4-787ca2fa3e21): да я тестил
[17:23:51] ItsFartunaRu (87aa0b4c-629f-3cae-a9c4-787ca2fa3e21): хуёва
[17:29:02] ItsFartunaRu (87aa0b4c-629f-3cae-a9c4-787ca2fa3e21): 2700 900
[17:40:20] LightNight010 (b404b429-ad5e-3cdf-9b17-af0796003c67): /trigger ch_toggle
[17:49:46] RunishYT (deb2ebb7-8562-3728-8ba8-ec800da9360c): фартук гоу короч я тебя попущу
[17:50:04] ItsFartunaRu (87aa0b4c-629f-3cae-a9c4-787ca2fa3e21): блять не иди я на генераторе булыжника в афк
[17:50:04] RunishYT (deb2ebb7-8562-3728-8ba8-ec800da9360c): флай машинка заберет твою базу
[17:50:25] LightNight010 (b404b429-ad5e-3cdf-9b17-af0796003c67): чё
[17:50:28] RunishYT (deb2ebb7-8562-3728-8ba8-ec800da9360c): какого хуя
[17:50:31] LightNight010 (b404b429-ad5e-3cdf-9b17-af0796003c67): что блять
[17:50:32] RunishYT (deb2ebb7-8562-3728-8ba8-ec800da9360c): ты блять
[17:50:34] RunishYT (deb2ebb7-8562-3728-8ba8-ec800da9360c): ходишь
[17:50:37] LightNight010 (b404b429-ad5e-3cdf-9b17-af0796003c67): ГДЕ
[17:50:41] RunishYT (deb2ebb7-8562-3728-8ba8-ec800da9360c): по нашему пути
[17:50:46] LightNight010 (b404b429-ad5e-3cdf-9b17-af0796003c67): я оттуда шёл
[17:50:52] RunishYT (deb2ebb7-8562-3728-8ba8-ec800da9360c): я вообще
[17:50:56] ItsFartunaRu (87aa0b4c-629f-3cae-a9c4-787ca2fa3e21): фармилка
[17:51:00] ItsFartunaRu (87aa0b4c-629f-3cae-a9c4-787ca2fa3e21): тотем
[17:51:14] RunishYT (deb2ebb7-8562-3728-8ba8-ec800da9360c): с тебя шалкер и я строю ферму тотемес
[17:51:21] ItsFartunaRu (87aa0b4c-629f-3cae-a9c4-787ca2fa3e21): я сам
[17:51:24] ItsFartunaRu (87aa0b4c-629f-3cae-a9c4-787ca2fa3e21): в океане
[17:51:24] RunishYT (deb2ebb7-8562-3728-8ba8-ec800da9360c): ладно
[17:51:26] LightNight010 (b404b429-ad5e-3cdf-9b17-af0796003c67): назови конкретно где я ходил
[17:51:46] LightNight010 (b404b429-ad5e-3cdf-9b17-af0796003c67): Там нет табличкиииии
[17:51:54] RunishYT (deb2ebb7-8562-3728-8ba8-ec800da9360c): в портал
[17:51:56] RunishYT (deb2ebb7-8562-3728-8ba8-ec800da9360c): ебанный
[17:51:58] LightNight010 (b404b429-ad5e-3cdf-9b17-af0796003c67): Там нет табличкиииии
[17:52:01] RunishYT (deb2ebb7-8562-3728-8ba8-ec800da9360c): там же табличка
[17:52:05] RunishYT (deb2ebb7-8562-3728-8ba8-ec800da9360c): на портале
[17:52:07] RunishYT (deb2ebb7-8562-3728-8ba8-ec800da9360c): в энд
[17:52:12] RunishYT (deb2ebb7-8562-3728-8ba8-ec800da9360c): через ад
[17:52:13] LightNight010 (b404b429-ad5e-3cdf-9b17-af0796003c67): там не было
[17:52:46] RunishYT (deb2ebb7-8562-3728-8ba8-ec800da9360c): Сука
[17:52:51] LightNight010 (b404b429-ad5e-3cdf-9b17-af0796003c67): тут не говорится что низя
[17:53:00] LightNight010 (b404b429-ad5e-3cdf-9b17-af0796003c67): я понял что это ваш портал
[17:53:48] AviKgolD1 (fe9f4036-69b5-38be-a9c3-1d860d8c4398): ахахахха руниш какая тебе ферма тотемов и шалкер
[17:54:03] RunishYT (deb2ebb7-8562-3728-8ba8-ec800da9360c): ферма шалкеров для меня
[17:54:08] RunishYT (deb2ebb7-8562-3728-8ba8-ec800da9360c): ферма тотемов для него
[17:54:16] AviKgolD1 (fe9f4036-69b5-38be-a9c3-1d860d8c4398): угу строй
[17:54:25] RunishYT (deb2ebb7-8562-3728-8ba8-ec800da9360c): у меня своя есть
[17:54:31] LightNight010 (b404b429-ad5e-3cdf-9b17-af0796003c67): ну поздравляю
[17:54:51] RunishYT (deb2ebb7-8562-3728-8ba8-ec800da9360c): Гоу фартук короч ты тащишь шалкера мы делаем на нем ферму
[17:54:59] RunishYT (deb2ebb7-8562-3728-8ba8-ec800da9360c): и ты можешь брать с фермы ресы
[17:55:18] RunishYT (deb2ebb7-8562-3728-8ba8-ec800da9360c): я заприватил весь ад
[17:55:24] RunishYT (deb2ebb7-8562-3728-8ba8-ec800da9360c): кто в него войдет выебу
[17:55:59] AviKgolD1 (fe9f4036-69b5-38be-a9c3-1d860d8c4398): я в аду фармлю головы
[17:56:13] RunishYT (deb2ebb7-8562-3728-8ba8-ec800da9360c): со спавнреитом 1 скелет в час?
[17:56:24] RunishYT (deb2ebb7-8562-3728-8ba8-ec800da9360c): не легче дождатся рестарта?
[17:56:58] RunishYT (deb2ebb7-8562-3728-8ba8-ec800da9360c): блять
[17:57:02] RunishYT (deb2ebb7-8562-3728-8ba8-ec800da9360c): я ливаю с серва
[17:57:07] LightNight010 (b404b429-ad5e-3cdf-9b17-af0796003c67): о, класс
[18:05:20] ItsFartunaRu (87aa0b4c-629f-3cae-a9c4-787ca2fa3e21): ну и еблан
[18:05:26] ItsFartunaRu (87aa0b4c-629f-3cae-a9c4-787ca2fa3e21): гоу ебать его
[18:05:32] LightNight010 (b404b429-ad5e-3cdf-9b17-af0796003c67): кого
[18:05:34] LightNight010 (b404b429-ad5e-3cdf-9b17-af0796003c67): руниша?
[18:05:35] ItsFartunaRu (87aa0b4c-629f-3cae-a9c4-787ca2fa3e21): руину
[18:05:39] LightNight010 (b404b429-ad5e-3cdf-9b17-af0796003c67): го
[18:05:49] ItsFartunaRu (87aa0b4c-629f-3cae-a9c4-787ca2fa3e21): рубилова асла
[20:22:33] Bradly378 (9ab93dfb-1454-3bb1-b47f-700f714534a9): I joined using ChatCraft from my Android device! Download it for free!
