[09:10:05] AviKgolD1 (fe9f4036-69b5-38be-a9c3-1d860d8c4398): привет
[09:10:17] RunishYT (deb2ebb7-8562-3728-8ba8-ec800da9360c): привет
[09:10:50] AviKgolD1 (fe9f4036-69b5-38be-a9c3-1d860d8c4398): не знаешь где портал в энд?
[09:10:56] RunishYT (deb2ebb7-8562-3728-8ba8-ec800da9360c): знаю
[09:10:59] RunishYT (deb2ebb7-8562-3728-8ba8-ec800da9360c): знаю
[09:11:09] AviKgolD1 (fe9f4036-69b5-38be-a9c3-1d860d8c4398): скажешь корды?
[09:11:13] RunishYT (deb2ebb7-8562-3728-8ba8-ec800da9360c): ща
[09:11:26] RunishYT (deb2ebb7-8562-3728-8ba8-ec800da9360c): я тебя проведу
[09:11:30] RunishYT (deb2ebb7-8562-3728-8ba8-ec800da9360c): иди на спавн
[09:11:32] RunishYT (deb2ebb7-8562-3728-8ba8-ec800da9360c): в портал
[09:11:35] AviKgolD1 (fe9f4036-69b5-38be-a9c3-1d860d8c4398): я на 6к +
[09:11:44] AviKgolD1 (fe9f4036-69b5-38be-a9c3-1d860d8c4398): я на 6к +
[09:11:49] AviKgolD1 (fe9f4036-69b5-38be-a9c3-1d860d8c4398): не могу на спавн
[09:11:55] RunishYT (deb2ebb7-8562-3728-8ba8-ec800da9360c): бля
[09:11:57] AviKgolD1 (fe9f4036-69b5-38be-a9c3-1d860d8c4398): пока что
[09:12:00] RunishYT (deb2ebb7-8562-3728-8ba8-ec800da9360c): тебе далеко до энда
[09:12:12] AviKgolD1 (fe9f4036-69b5-38be-a9c3-1d860d8c4398): портал в аду есть?
[09:12:18] RunishYT (deb2ebb7-8562-3728-8ba8-ec800da9360c): да
[09:12:20] RunishYT (deb2ebb7-8562-3728-8ba8-ec800da9360c): да
[09:12:31] AviKgolD1 (fe9f4036-69b5-38be-a9c3-1d860d8c4398): скажи корды
[09:12:41] RunishYT (deb2ebb7-8562-3728-8ba8-ec800da9360c): ща
[09:12:47] AviKgolD1 (fe9f4036-69b5-38be-a9c3-1d860d8c4398): и пожалуйста скажуэи на крыше он или нет
[09:13:02] AviKgolD1 (fe9f4036-69b5-38be-a9c3-1d860d8c4398): и пожалуйста скажи на крыше он или нет
[09:13:10] RunishYT (deb2ebb7-8562-3728-8ba8-ec800da9360c): не на крыше
[09:13:17] RunishYT (deb2ebb7-8562-3728-8ba8-ec800da9360c): 221 -13
[09:13:25] AviKgolD1 (fe9f4036-69b5-38be-a9c3-1d860d8c4398): спасибо
[09:13:34] RunishYT (deb2ebb7-8562-3728-8ba8-ec800da9360c): через ад
[09:16:15] AviKgolD1 (fe9f4036-69b5-38be-a9c3-1d860d8c4398): привет
[09:16:40] F2L1XON (bbb865e4-f2dc-34f7-992c-bde8c9dddabd): ку
[09:18:53] F2L1XON (bbb865e4-f2dc-34f7-992c-bde8c9dddabd): ку
[09:19:06] AviKgolD1 (fe9f4036-69b5-38be-a9c3-1d860d8c4398): привет
[09:19:17] GOLDENDUSST (a0ee3527-abbd-3f28-bd2e-ff7c77b23497): Привет
[09:19:18] F2L1XON (bbb865e4-f2dc-34f7-992c-bde8c9dddabd): где реси забрать?)
[09:19:24] GOLDENDUSST (a0ee3527-abbd-3f28-bd2e-ff7c77b23497): Ты на спавне?
[09:19:31] F2L1XON (bbb865e4-f2dc-34f7-992c-bde8c9dddabd): lf
[09:19:33] F2L1XON (bbb865e4-f2dc-34f7-992c-bde8c9dddabd): да
[09:19:46] GOLDENDUSST (a0ee3527-abbd-3f28-bd2e-ff7c77b23497): Ща прийду
[09:20:02] F2L1XON (bbb865e4-f2dc-34f7-992c-bde8c9dddabd): у меня откуда то бирка
[09:20:40] F2L1XON (bbb865e4-f2dc-34f7-992c-bde8c9dddabd): норм ты
[09:20:45] GOLDENDUSST (a0ee3527-abbd-3f28-bd2e-ff7c77b23497): эт спавн?
[09:20:48] F2L1XON (bbb865e4-f2dc-34f7-992c-bde8c9dddabd): да
[09:20:56] GOLDENDUSST (a0ee3527-abbd-3f28-bd2e-ff7c77b23497): ты строил?
[09:20:59] F2L1XON (bbb865e4-f2dc-34f7-992c-bde8c9dddabd): нет
[09:21:11] F2L1XON (bbb865e4-f2dc-34f7-992c-bde8c9dddabd): о
[09:21:14] F2L1XON (bbb865e4-f2dc-34f7-992c-bde8c9dddabd): ничего себе
[09:21:15] GOLDENDUSST (a0ee3527-abbd-3f28-bd2e-ff7c77b23497): шалкен забирай
[09:21:20] F2L1XON (bbb865e4-f2dc-34f7-992c-bde8c9dddabd): спасибки большие)
[09:21:32] F2L1XON (bbb865e4-f2dc-34f7-992c-bde8c9dddabd): мне она н6е нужна
[09:27:43] F2L1XON (bbb865e4-f2dc-34f7-992c-bde8c9dddabd): тут же алмази валюта?
[09:28:07] GOLDENDUSST (a0ee3527-abbd-3f28-bd2e-ff7c77b23497): Оффициально нет, но все ей торгуют
[09:28:32] F2L1XON (bbb865e4-f2dc-34f7-992c-bde8c9dddabd): а какая валюта?
[09:28:49] GOLDENDUSST (a0ee3527-abbd-3f28-bd2e-ff7c77b23497): Все платят алмазами
[09:28:58] F2L1XON (bbb865e4-f2dc-34f7-992c-bde8c9dddabd): а официально?
[09:29:08] GOLDENDUSST (a0ee3527-abbd-3f28-bd2e-ff7c77b23497): Оффициальной нет
[09:33:44] F2L1XON (bbb865e4-f2dc-34f7-992c-bde8c9dddabd): подводный храм
[09:33:56] GOLDENDUSST (a0ee3527-abbd-3f28-bd2e-ff7c77b23497): Там талички есть?
[09:34:03] GOLDENDUSST (a0ee3527-abbd-3f28-bd2e-ff7c77b23497): Таблички
[09:34:05] F2L1XON (bbb865e4-f2dc-34f7-992c-bde8c9dddabd): нет вроде бы
[09:34:16] F2L1XON (bbb865e4-f2dc-34f7-992c-bde8c9dddabd): нет
[09:34:19] F2L1XON (bbb865e4-f2dc-34f7-992c-bde8c9dddabd): нет табличек
[09:34:27] GOLDENDUSST (a0ee3527-abbd-3f28-bd2e-ff7c77b23497): Привать теперь он твой
[09:34:29] F2L1XON (bbb865e4-f2dc-34f7-992c-bde8c9dddabd): могу корды сказать
[09:34:40] F2L1XON (bbb865e4-f2dc-34f7-992c-bde8c9dddabd): мне храм не нужен
[09:35:35] F2L1XON (bbb865e4-f2dc-34f7-992c-bde8c9dddabd): а тут веб карта есть?
[09:35:50] GOLDENDUSST (a0ee3527-abbd-3f28-bd2e-ff7c77b23497): Скоро будет
[09:36:07] F2L1XON (bbb865e4-f2dc-34f7-992c-bde8c9dddabd): о жеда
[09:47:05] RunishYT (deb2ebb7-8562-3728-8ba8-ec800da9360c): ты в колледже?
[09:47:28] GOLDENDUSST (a0ee3527-abbd-3f28-bd2e-ff7c77b23497): Я на рейде
[09:47:36] RunishYT (deb2ebb7-8562-3728-8ba8-ec800da9360c): ашалел
[09:47:59] RunishYT (deb2ebb7-8562-3728-8ba8-ec800da9360c): где мне можно построить ангела?
[09:47:59] GOLDENDUSST (a0ee3527-abbd-3f28-bd2e-ff7c77b23497): У меня температура я не пошёл сейчас позвоню
[09:49:33] AviKgolD1 (fe9f4036-69b5-38be-a9c3-1d860d8c4398): можете продать палочки блейза и нарост?
[09:49:54] GOLDENDUSST (a0ee3527-abbd-3f28-bd2e-ff7c77b23497): За скок купишь
[09:50:01] RunishYT (deb2ebb7-8562-3728-8ba8-ec800da9360c): за йор эсс
[09:50:08] AviKgolD1 (fe9f4036-69b5-38be-a9c3-1d860d8c4398): не знаю есть 17 алмазов
[09:51:19] AviKgolD1 (fe9f4036-69b5-38be-a9c3-1d860d8c4398): ну так что?
[09:51:27] RunishYT (deb2ebb7-8562-3728-8ba8-ec800da9360c): он на рейде
[09:51:29] RunishYT (deb2ebb7-8562-3728-8ba8-ec800da9360c): занят
[09:51:34] AviKgolD1 (fe9f4036-69b5-38be-a9c3-1d860d8c4398): ясно
[09:51:42] AviKgolD1 (fe9f4036-69b5-38be-a9c3-1d860d8c4398): а ты можешь продать?
[09:51:48] RunishYT (deb2ebb7-8562-3728-8ba8-ec800da9360c): я в энде
[09:56:18] AviKgolD1 (fe9f4036-69b5-38be-a9c3-1d860d8c4398): ещё кстати нашёл хижину ведьмы и лес больших елей
[11:06:03] GOLDENDUSST (a0ee3527-abbd-3f28-bd2e-ff7c77b23497): Прив какие коорды кораллов?
[11:06:14] AviKgolD1 (fe9f4036-69b5-38be-a9c3-1d860d8c4398): я уже говорил вроде
[11:06:31] AviKgolD1 (fe9f4036-69b5-38be-a9c3-1d860d8c4398): сейчас не помню точно
[11:07:49] AviKgolD1 (fe9f4036-69b5-38be-a9c3-1d860d8c4398): потом могу в дс кинуть
[11:15:20] AviKgolD1 (fe9f4036-69b5-38be-a9c3-1d860d8c4398): можете сейчас палки блейза продать?
[11:15:30] GOLDENDUSST (a0ee3527-abbd-3f28-bd2e-ff7c77b23497): Через час
[11:20:09] AviKgolD1 (fe9f4036-69b5-38be-a9c3-1d860d8c4398): нужна слизь?
[11:20:15] AviKgolD1 (fe9f4036-69b5-38be-a9c3-1d860d8c4398): есть 14 штук
[11:20:17] GOLDENDUSST (a0ee3527-abbd-3f28-bd2e-ff7c77b23497): Да
[11:20:37] AviKgolD1 (fe9f4036-69b5-38be-a9c3-1d860d8c4398): обмен?
[11:20:56] GOLDENDUSST (a0ee3527-abbd-3f28-bd2e-ff7c77b23497): Ашалел
[11:21:13] AviKgolD1 (fe9f4036-69b5-38be-a9c3-1d860d8c4398): на палки блейза?
[11:27:18] GOLDENDUSST (a0ee3527-abbd-3f28-bd2e-ff7c77b23497): Ты где
[11:27:34] AviKgolD1 (fe9f4036-69b5-38be-a9c3-1d860d8c4398): иду
[11:27:42] GOLDENDUSST (a0ee3527-abbd-3f28-bd2e-ff7c77b23497): Куда
[11:27:43] AviKgolD1 (fe9f4036-69b5-38be-a9c3-1d860d8c4398): на крышу ада
[11:29:15] AviKgolD1 (fe9f4036-69b5-38be-a9c3-1d860d8c4398): все я на крыше
[11:29:49] AviKgolD1 (fe9f4036-69b5-38be-a9c3-1d860d8c4398): я на 330 на 600 куда идти?
[11:29:59] GOLDENDUSST (a0ee3527-abbd-3f28-bd2e-ff7c77b23497): Жди
[11:31:30] AviKgolD1 (fe9f4036-69b5-38be-a9c3-1d860d8c4398): так а что на что меняем?
[11:31:44] GOLDENDUSST (a0ee3527-abbd-3f28-bd2e-ff7c77b23497): Юр эсс
[11:31:58] GOLDENDUSST (a0ee3527-abbd-3f28-bd2e-ff7c77b23497): Бляяяять
[11:32:03] GOLDENDUSST (a0ee3527-abbd-3f28-bd2e-ff7c77b23497): я забыл энд чест
[11:32:21] AviKgolD1 (fe9f4036-69b5-38be-a9c3-1d860d8c4398): у меня тоже нету
[11:32:22] GOLDENDUSST (a0ee3527-abbd-3f28-bd2e-ff7c77b23497): у тебя на базе есть?
[11:32:26] GOLDENDUSST (a0ee3527-abbd-3f28-bd2e-ff7c77b23497): ок
[11:32:28] AviKgolD1 (fe9f4036-69b5-38be-a9c3-1d860d8c4398): нет
[11:32:43] AviKgolD1 (fe9f4036-69b5-38be-a9c3-1d860d8c4398): я и хочу палки для энд честа
[11:36:35] GOLDENDUSST (a0ee3527-abbd-3f28-bd2e-ff7c77b23497): 7
[11:36:37] GOLDENDUSST (a0ee3527-abbd-3f28-bd2e-ff7c77b23497): нароста
[11:36:41] GOLDENDUSST (a0ee3527-abbd-3f28-bd2e-ff7c77b23497): и 64 палок
[11:36:48] AviKgolD1 (fe9f4036-69b5-38be-a9c3-1d860d8c4398): а палки?
[11:37:04] AviKgolD1 (fe9f4036-69b5-38be-a9c3-1d860d8c4398): что с меня?
[11:37:14] AviKgolD1 (fe9f4036-69b5-38be-a9c3-1d860d8c4398): мне стак палок не нужен
[11:37:19] GOLDENDUSST (a0ee3527-abbd-3f28-bd2e-ff7c77b23497): Пока дёшево
[11:37:22] GOLDENDUSST (a0ee3527-abbd-3f28-bd2e-ff7c77b23497): слизь
[11:37:31] GOLDENDUSST (a0ee3527-abbd-3f28-bd2e-ff7c77b23497): стоп
[11:37:39] GOLDENDUSST (a0ee3527-abbd-3f28-bd2e-ff7c77b23497): интересует дыхание алкаша
[11:37:48] AviKgolD1 (fe9f4036-69b5-38be-a9c3-1d860d8c4398): не
[11:38:28] AviKgolD1 (fe9f4036-69b5-38be-a9c3-1d860d8c4398): спасибо
[11:38:30] GOLDENDUSST (a0ee3527-abbd-3f28-bd2e-ff7c77b23497): шалкер?
[11:38:39] AviKgolD1 (fe9f4036-69b5-38be-a9c3-1d860d8c4398): за сколько?
[11:38:53] GOLDENDUSST (a0ee3527-abbd-3f28-bd2e-ff7c77b23497): 1 алмаз шалкер
[11:39:11] AviKgolD1 (fe9f4036-69b5-38be-a9c3-1d860d8c4398): хорошо
[11:39:15] GOLDENDUSST (a0ee3527-abbd-3f28-bd2e-ff7c77b23497): это цена не навсегда и ограничена по количеству
[11:39:20] AviKgolD1 (fe9f4036-69b5-38be-a9c3-1d860d8c4398): но сейчас с собой нету
[11:39:34] AviKgolD1 (fe9f4036-69b5-38be-a9c3-1d860d8c4398): сколько есть шалкеров по такой цене?
[11:39:44] GOLDENDUSST (a0ee3527-abbd-3f28-bd2e-ff7c77b23497): могу 4 штуки продать
[11:40:00] AviKgolD1 (fe9f4036-69b5-38be-a9c3-1d860d8c4398): с этого портала все равно долеко идти
[11:41:06] GOLDENDUSST (a0ee3527-abbd-3f28-bd2e-ff7c77b23497): о ебать
[11:42:34] AviKgolD1 (fe9f4036-69b5-38be-a9c3-1d860d8c4398): ты где?
[11:42:42] AviKgolD1 (fe9f4036-69b5-38be-a9c3-1d860d8c4398): ты где?
[11:42:52] GOLDENDUSST (a0ee3527-abbd-3f28-bd2e-ff7c77b23497): В мшистых пещерах
[11:43:07] AviKgolD1 (fe9f4036-69b5-38be-a9c3-1d860d8c4398): а у меня они под домом
[11:43:41] GOLDENDUSST (a0ee3527-abbd-3f28-bd2e-ff7c77b23497): Корды
[11:44:04] AviKgolD1 (fe9f4036-69b5-38be-a9c3-1d860d8c4398): 3030 5640
[11:46:21] AviKgolD1 (fe9f4036-69b5-38be-a9c3-1d860d8c4398): спасибо
[16:46:06] AviKgolD1 (fe9f4036-69b5-38be-a9c3-1d860d8c4398): привет
[16:46:12] F2L1XON (bbb865e4-f2dc-34f7-992c-bde8c9dddabd): re
[16:46:16] F2L1XON (bbb865e4-f2dc-34f7-992c-bde8c9dddabd): ку
[17:20:20] AviKgolD1 (fe9f4036-69b5-38be-a9c3-1d860d8c4398): 221 -13
[17:26:48] AviKgolD1 (fe9f4036-69b5-38be-a9c3-1d860d8c4398): 330 660
[18:22:25] UrdAnton2203 (76a5e84e-c8f2-3b36-b428-799354f6d273): !
[18:22:29] UrdAnton2203 (76a5e84e-c8f2-3b36-b428-799354f6d273): 2
[18:28:29] AviKgolD1 (fe9f4036-69b5-38be-a9c3-1d860d8c4398): geyser statistics
[18:51:44] AviKgolD1 (fe9f4036-69b5-38be-a9c3-1d860d8c4398): 302 225
[19:07:08] AviKgolD1 (fe9f4036-69b5-38be-a9c3-1d860d8c4398): привет
[21:37:38] UrdAnton2203 (76a5e84e-c8f2-3b36-b428-799354f6d273): корды дома
[21:37:46] UrdAnton2203 (76a5e84e-c8f2-3b36-b428-799354f6d273): корды дома
[21:38:27] UrdAnton2203 (76a5e84e-c8f2-3b36-b428-799354f6d273): 2300 1886
[21:39:50] UrdAnton2203 (76a5e84e-c8f2-3b36-b428-799354f6d273): я сно
[21:40:17] UrdAnton2203 (76a5e84e-c8f2-3b36-b428-799354f6d273): дойду и да
[21:42:08] UrdAnton2203 (76a5e84e-c8f2-3b36-b428-799354f6d273): бб
