[03:48:10] Costelemental (d0fcacd3-9d82-3989-a28b-6768b857240e): привет
[03:52:35] main_PROBROVOVA (32124029-38f0-3378-abc8-3450cef05c3c): re
[03:52:38] main_PROBROVOVA (32124029-38f0-3378-abc8-3450cef05c3c): ку
[03:52:52] main_PROBROVOVA (32124029-38f0-3378-abc8-3450cef05c3c): хочешь в клан вступить
[03:53:03] Costelemental (d0fcacd3-9d82-3989-a28b-6768b857240e): не
[03:53:17] main_PROBROVOVA (32124029-38f0-3378-abc8-3450cef05c3c): кто участвует в клане может получать бесплатную еду и територию
[03:53:47] main_PROBROVOVA (32124029-38f0-3378-abc8-3450cef05c3c): територия большая
[03:54:18] Costelemental (d0fcacd3-9d82-3989-a28b-6768b857240e): ааааа
[04:04:55] main_PROBROVOVA (32124029-38f0-3378-abc8-3450cef05c3c): у тебя же координаты удобные не показываются ?
[04:05:41] Costelemental (d0fcacd3-9d82-3989-a28b-6768b857240e): да коорд нету
[04:06:24] main_PROBROVOVA (32124029-38f0-3378-abc8-3450cef05c3c): ты ресурс пак устанавливал ?
[04:06:39] Costelemental (d0fcacd3-9d82-3989-a28b-6768b857240e): не ц
[04:06:47] Costelemental (d0fcacd3-9d82-3989-a28b-6768b857240e): не умею
[04:06:53] main_PROBROVOVA (32124029-38f0-3378-abc8-3450cef05c3c): сервер предлогает при заходе ресурс пак скачать
[04:07:14] main_PROBROVOVA (32124029-38f0-3378-abc8-3450cef05c3c): напиши администрацию чтобы русурс пак скинули
[04:07:19] Costelemental (d0fcacd3-9d82-3989-a28b-6768b857240e): не разу не было :(
[04:07:42] Costelemental (d0fcacd3-9d82-3989-a28b-6768b857240e): окей, но думаю позже, шяс пока просто поиграю
[04:07:49] main_PROBROVOVA (32124029-38f0-3378-abc8-3450cef05c3c): окей
[04:20:20] main_PROBROVOVA (32124029-38f0-3378-abc8-3450cef05c3c): Кстати если у тебя есть свой ютуб или твич канал ты можешь получить контент мэйкера
[04:20:28] Costelemental (d0fcacd3-9d82-3989-a28b-6768b857240e): 6
[04:20:36] main_PROBROVOVA (32124029-38f0-3378-abc8-3450cef05c3c): и потом еще и заробатовать
[04:20:42] Costelemental (d0fcacd3-9d82-3989-a28b-6768b857240e): не у меня нет такого
[04:21:24] main_PROBROVOVA (32124029-38f0-3378-abc8-3450cef05c3c): и здесь как на МШ2 есть возможность поставить статус либо снимает либо стримит
[04:21:46] main_PROBROVOVA (32124029-38f0-3378-abc8-3450cef05c3c): и стримит у них 2 статуса на твиче и ютубе
[04:21:46] Costelemental (d0fcacd3-9d82-3989-a28b-6768b857240e): прикольно
[04:21:57] main_PROBROVOVA (32124029-38f0-3378-abc8-3450cef05c3c): да это я предложил
[04:22:14] main_PROBROVOVA (32124029-38f0-3378-abc8-3450cef05c3c): ты тоже можешь чтото предложить в канале предложения
[04:22:24] main_PROBROVOVA (32124029-38f0-3378-abc8-3450cef05c3c): я сейчас занят пока
[08:45:14] Bradly378 (9ab93dfb-1454-3bb1-b47f-700f714534a9): I joined using ChatCraft from my Android device! Download it for free!
[08:47:18] Bradly378 (9ab93dfb-1454-3bb1-b47f-700f714534a9): I joined using ChatCraft from my Android device! Download it for free!
[13:03:41] RunishYT (deb2ebb7-8562-3728-8ba8-ec800da9360c): what are you doing in my swamp!??!?!??
[13:03:51] ItsFartunaRu (87aa0b4c-629f-3cae-a9c4-787ca2fa3e21): ебу твою
[13:04:07] RunishYT (deb2ebb7-8562-3728-8ba8-ec800da9360c): fuck out
[13:04:16] RunishYT (deb2ebb7-8562-3728-8ba8-ec800da9360c): fuсk out
[13:04:39] RunishYT (deb2ebb7-8562-3728-8ba8-ec800da9360c): motherfuсker
[13:05:06] RunishYT (deb2ebb7-8562-3728-8ba8-ec800da9360c): я призвал у тебя рейд
[13:05:08] ItsFartunaRu (87aa0b4c-629f-3cae-a9c4-787ca2fa3e21): блять забанься я пошёл строить ультра лаг машинук
[13:05:11] ItsFartunaRu (87aa0b4c-629f-3cae-a9c4-787ca2fa3e21): блять забанься я пошёл строить ультра лаг машинку
[13:05:19] RunishYT (deb2ebb7-8562-3728-8ba8-ec800da9360c): дядя
[13:05:27] RunishYT (deb2ebb7-8562-3728-8ba8-ec800da9360c): ты помешаешь не только мне
[13:05:30] RunishYT (deb2ebb7-8562-3728-8ba8-ec800da9360c): но и друоим
[13:05:34] RunishYT (deb2ebb7-8562-3728-8ba8-ec800da9360c): другим
[13:05:43] ItsFartunaRu (87aa0b4c-629f-3cae-a9c4-787ca2fa3e21): сейчас их нет броу
[13:05:50] ItsFartunaRu (87aa0b4c-629f-3cae-a9c4-787ca2fa3e21): я позову тебя суда
[13:05:55] ItsFartunaRu (87aa0b4c-629f-3cae-a9c4-787ca2fa3e21): и запущу лаг машинку
[13:05:57] ItsFartunaRu (87aa0b4c-629f-3cae-a9c4-787ca2fa3e21): и отпизжу
[13:06:01] ItsFartunaRu (87aa0b4c-629f-3cae-a9c4-787ca2fa3e21): твой эсс
[13:06:23] ItsFartunaRu (87aa0b4c-629f-3cae-a9c4-787ca2fa3e21): делай пока разминку очка
[13:06:24] ItsFartunaRu (87aa0b4c-629f-3cae-a9c4-787ca2fa3e21): я иду
[13:06:38] ItsFartunaRu (87aa0b4c-629f-3cae-a9c4-787ca2fa3e21): сук яж гений
[13:06:48] ItsFartunaRu (87aa0b4c-629f-3cae-a9c4-787ca2fa3e21): я придумал как обноружить софтом твоё местонахождение
[13:06:56] ItsFartunaRu (87aa0b4c-629f-3cae-a9c4-787ca2fa3e21): обнаружить я еблан
[13:07:05] RunishYT (deb2ebb7-8562-3728-8ba8-ec800da9360c): бля дядя это читы
[13:07:09] ItsFartunaRu (87aa0b4c-629f-3cae-a9c4-787ca2fa3e21): не
[13:07:20] ItsFartunaRu (87aa0b4c-629f-3cae-a9c4-787ca2fa3e21): это квантовая физика
[13:42:57] Costelemental (d0fcacd3-9d82-3989-a28b-6768b857240e): привет, как координаты вкл
[13:43:06] RunishYT (deb2ebb7-8562-3728-8ba8-ec800da9360c): командой
[13:43:11] GOLDENDUSST (a0ee3527-abbd-3f28-bd2e-ff7c77b23497): Я не помню какой
[14:02:34] GOLDENDUSST (a0ee3527-abbd-3f28-bd2e-ff7c77b23497): Ухади
[14:02:36] GOLDENDUSST (a0ee3527-abbd-3f28-bd2e-ff7c77b23497): Ухади
[14:02:37] GOLDENDUSST (a0ee3527-abbd-3f28-bd2e-ff7c77b23497): Я не помню какой
[14:02:41] GOLDENDUSST (a0ee3527-abbd-3f28-bd2e-ff7c77b23497): Ухади
[14:02:42] GOLDENDUSST (a0ee3527-abbd-3f28-bd2e-ff7c77b23497): Ухади
[14:02:43] GOLDENDUSST (a0ee3527-abbd-3f28-bd2e-ff7c77b23497): Ухади
[14:02:44] GOLDENDUSST (a0ee3527-abbd-3f28-bd2e-ff7c77b23497): Ухади
[14:02:44] GOLDENDUSST (a0ee3527-abbd-3f28-bd2e-ff7c77b23497): Ухади
[14:02:47] RunishYT (deb2ebb7-8562-3728-8ba8-ec800da9360c): What are u doing in my swamp?!?
[14:03:13] RunishYT (deb2ebb7-8562-3728-8ba8-ec800da9360c): сколько бребля заплатит за хаб??
[14:03:48] ItsFartunaRu (87aa0b4c-629f-3cae-a9c4-787ca2fa3e21): нахуй нам хлеб
[14:10:39] ItsFartunaRu (87aa0b4c-629f-3cae-a9c4-787ca2fa3e21): ес, у нас есть стрелы черепашьей мощи на замедление в 5 сек
[14:11:01] RunishYT (deb2ebb7-8562-3728-8ba8-ec800da9360c): какие уровни?
[14:11:12] ItsFartunaRu (87aa0b4c-629f-3cae-a9c4-787ca2fa3e21): 4 3
[14:11:18] ItsFartunaRu (87aa0b4c-629f-3cae-a9c4-787ca2fa3e21): и это ахуена
[14:11:36] ItsFartunaRu (87aa0b4c-629f-3cae-a9c4-787ca2fa3e21): эт с жителя
[14:11:42] GOLDENDUSST (a0ee3527-abbd-3f28-bd2e-ff7c77b23497): Твой Зе Ворлд останавливает время на 5 секунд когда наш Стар Платинум останавливает время на 2 сек
[14:11:52] ItsFartunaRu (87aa0b4c-629f-3cae-a9c4-787ca2fa3e21): ладно
[14:12:10] ItsFartunaRu (87aa0b4c-629f-3cae-a9c4-787ca2fa3e21): погнале пэвэпэ
[14:12:16] ItsFartunaRu (87aa0b4c-629f-3cae-a9c4-787ca2fa3e21): ты приходи адин и я адин
[14:12:52] ItsFartunaRu (87aa0b4c-629f-3cae-a9c4-787ca2fa3e21): GOLDENDUSST погнали затимимся и погнали копать незерит
[14:13:00] ItsFartunaRu (87aa0b4c-629f-3cae-a9c4-787ca2fa3e21): тименг на 1час
[14:13:06] GOLDENDUSST (a0ee3527-abbd-3f28-bd2e-ff7c77b23497): Не
[14:13:12] GOLDENDUSST (a0ee3527-abbd-3f28-bd2e-ff7c77b23497): Хотя
[14:13:27] ItsFartunaRu (87aa0b4c-629f-3cae-a9c4-787ca2fa3e21): всё пока лох
[14:13:40] GOLDENDUSST (a0ee3527-abbd-3f28-bd2e-ff7c77b23497): Ок 60 на 40 в мою большую сторону
[14:13:56] ItsFartunaRu (87aa0b4c-629f-3cae-a9c4-787ca2fa3e21): еблан пошёл нахуй
[14:13:57] RunishYT (deb2ebb7-8562-3728-8ba8-ec800da9360c): выгодно
[14:14:33] ItsFartunaRu (87aa0b4c-629f-3cae-a9c4-787ca2fa3e21): 2 шалкера кроватей
[14:15:27] ItsFartunaRu (87aa0b4c-629f-3cae-a9c4-787ca2fa3e21): зельки вариться смысла нет да
[14:19:07] RunishYT (deb2ebb7-8562-3728-8ba8-ec800da9360c): спи даун
[14:20:22] ItsFartunaRu (87aa0b4c-629f-3cae-a9c4-787ca2fa3e21): блять
[14:22:06] RunishYT (deb2ebb7-8562-3728-8ba8-ec800da9360c): хватит
[14:22:11] ItsFartunaRu (87aa0b4c-629f-3cae-a9c4-787ca2fa3e21): да
[14:22:17] ItsFartunaRu (87aa0b4c-629f-3cae-a9c4-787ca2fa3e21): много чет накопал
[14:22:47] ItsFartunaRu (87aa0b4c-629f-3cae-a9c4-787ca2fa3e21): блять я себя подорвал
[14:23:03] RunishYT (deb2ebb7-8562-3728-8ba8-ec800da9360c): блин жалко тотем был
[14:23:10] ItsFartunaRu (87aa0b4c-629f-3cae-a9c4-787ca2fa3e21): тотем не задело
[14:23:13] ItsFartunaRu (87aa0b4c-629f-3cae-a9c4-787ca2fa3e21): 4 хп осталось
[14:23:17] RunishYT (deb2ebb7-8562-3728-8ba8-ec800da9360c): бэлин
[14:23:22] RunishYT (deb2ebb7-8562-3728-8ba8-ec800da9360c): а ведь так хотелось
[14:23:27] ItsFartunaRu (87aa0b4c-629f-3cae-a9c4-787ca2fa3e21): чел ты токсек
[14:23:51] RunishYT (deb2ebb7-8562-3728-8ba8-ec800da9360c): не забывай благодаря кому у тебя тотемы
[14:23:59] RunishYT (deb2ebb7-8562-3728-8ba8-ec800da9360c): кстати сколько их у тебя??
[14:23:59] ItsFartunaRu (87aa0b4c-629f-3cae-a9c4-787ca2fa3e21): сук тотем не заюзал
[14:24:03] ItsFartunaRu (87aa0b4c-629f-3cae-a9c4-787ca2fa3e21): 27
[14:24:11] RunishYT (deb2ebb7-8562-3728-8ba8-ec800da9360c): не забывай
[14:24:16] ItsFartunaRu (87aa0b4c-629f-3cae-a9c4-787ca2fa3e21): уебан
[14:24:20] ItsFartunaRu (87aa0b4c-629f-3cae-a9c4-787ca2fa3e21): я щас прилечу
[14:24:24] ItsFartunaRu (87aa0b4c-629f-3cae-a9c4-787ca2fa3e21): и поимею тебя
[14:24:28] RunishYT (deb2ebb7-8562-3728-8ba8-ec800da9360c): давай
[14:24:31] RunishYT (deb2ebb7-8562-3728-8ba8-ec800da9360c): лети пташка
[14:26:14] RunishYT (deb2ebb7-8562-3728-8ba8-ec800da9360c): летишь мага?
[14:26:18] ItsFartunaRu (87aa0b4c-629f-3cae-a9c4-787ca2fa3e21): копаю
[14:26:30] RunishYT (deb2ebb7-8562-3728-8ba8-ec800da9360c): ясно зассал
[14:26:34] ItsFartunaRu (87aa0b4c-629f-3cae-a9c4-787ca2fa3e21): приходи в ад
[14:26:39] ItsFartunaRu (87aa0b4c-629f-3cae-a9c4-787ca2fa3e21): 163 116
[14:26:49] RunishYT (deb2ebb7-8562-3728-8ba8-ec800da9360c): да ты ахуел
[14:26:53] ItsFartunaRu (87aa0b4c-629f-3cae-a9c4-787ca2fa3e21): 163 18 116
[14:26:55] RunishYT (deb2ebb7-8562-3728-8ba8-ec800da9360c): там хайперлупа
[14:27:04] RunishYT (deb2ebb7-8562-3728-8ba8-ec800da9360c): ебанашка
[14:27:19] RunishYT (deb2ebb7-8562-3728-8ba8-ec800da9360c): или не там
[14:51:50] GOLDENDUSST (a0ee3527-abbd-3f28-bd2e-ff7c77b23497): Вот би все умерли
[14:51:54] GOLDENDUSST (a0ee3527-abbd-3f28-bd2e-ff7c77b23497): Бля
[14:51:55] Bradly378 (9ab93dfb-1454-3bb1-b47f-700f714534a9): I joined using ChatCraft from my Android device! Download it for free!
[14:52:06] GOLDENDUSST (a0ee3527-abbd-3f28-bd2e-ff7c77b23497): Я не это хотел сказть
[14:52:44] Bradly378 (9ab93dfb-1454-3bb1-b47f-700f714534a9): I joined using ChatCraft from my Android device! Download it for free!
[14:53:08] GOLDENDUSST (a0ee3527-abbd-3f28-bd2e-ff7c77b23497): Бребля а на каком сайте можно выложить картинку скина
[14:53:47] Bradly378 (9ab93dfb-1454-3bb1-b47f-700f714534a9): сори ты щас вылетишь
[14:53:53] GOLDENDUSST (a0ee3527-abbd-3f28-bd2e-ff7c77b23497): Дядя
[14:55:00] Bradly378 (9ab93dfb-1454-3bb1-b47f-700f714534a9): I joined using ChatCraft from my Android device! Download it for free!
[14:56:42] Bradly378 (9ab93dfb-1454-3bb1-b47f-700f714534a9): I joined using ChatCraft from my Android device! Download it for free!
[14:57:17] GOLDENDUSST (a0ee3527-abbd-3f28-bd2e-ff7c77b23497): Зочем
[14:57:29] Bradly378 (9ab93dfb-1454-3bb1-b47f-700f714534a9): I joined using ChatCraft from my Android device! Download it for free!
[14:58:58] ItsFartunaRu (87aa0b4c-629f-3cae-a9c4-787ca2fa3e21): бредлич не ломай серв
[14:59:29] GOLDENDUSST (a0ee3527-abbd-3f28-bd2e-ff7c77b23497): Пощады
[14:59:47] ItsFartunaRu (87aa0b4c-629f-3cae-a9c4-787ca2fa3e21): бредля сделай по бырому этот
[14:59:53] ItsFartunaRu (87aa0b4c-629f-3cae-a9c4-787ca2fa3e21): команду
[15:00:00] ItsFartunaRu (87aa0b4c-629f-3cae-a9c4-787ca2fa3e21): чтобы текст отобразило на экране
[15:00:06] ItsFartunaRu (87aa0b4c-629f-3cae-a9c4-787ca2fa3e21): у меня переломалось нахуй
[15:00:19] ItsFartunaRu (87aa0b4c-629f-3cae-a9c4-787ca2fa3e21): о идея
[15:00:34] ItsFartunaRu (87aa0b4c-629f-3cae-a9c4-787ca2fa3e21): всё не надо я программист
[15:00:40] GOLDENDUSST (a0ee3527-abbd-3f28-bd2e-ff7c77b23497): Вот эту команду пж /ban ItsFartunaRu
[15:00:50] ItsFartunaRu (87aa0b4c-629f-3cae-a9c4-787ca2fa3e21): согл
[15:00:55] ItsFartunaRu (87aa0b4c-629f-3cae-a9c4-787ca2fa3e21): ток там оппечатка
[15:01:01] ItsFartunaRu (87aa0b4c-629f-3cae-a9c4-787ca2fa3e21): не ItsFartunaRu
[15:01:03] ItsFartunaRu (87aa0b4c-629f-3cae-a9c4-787ca2fa3e21): не ItsFartunaRu
[15:01:06] [CAPS] ItsFartunaRu (87aa0b4c-629f-3cae-a9c4-787ca2fa3e21): а goldendusst
[15:01:16] GOLDENDUSST (a0ee3527-abbd-3f28-bd2e-ff7c77b23497): Предсказуемо
[15:01:19] GOLDENDUSST (a0ee3527-abbd-3f28-bd2e-ff7c77b23497): Лох
[15:01:25] ItsFartunaRu (87aa0b4c-629f-3cae-a9c4-787ca2fa3e21): еблан
[15:12:49] Bradly378 (9ab93dfb-1454-3bb1-b47f-700f714534a9): I joined using ChatCraft from my Android device! Download it for free!
[15:30:53] Bradly378 (9ab93dfb-1454-3bb1-b47f-700f714534a9): 2fb7159471e4f3dc36c5e26f7e16063c
[15:30:56] Bradly378 (9ab93dfb-1454-3bb1-b47f-700f714534a9): да
[15:31:01] Bradly378 (9ab93dfb-1454-3bb1-b47f-700f714534a9): 2fb7159471e4f3dc36c5e26f7e16063c
[15:31:17] Bradly378 (9ab93dfb-1454-3bb1-b47f-700f714534a9): 25679
[15:31:24] Bradly378 (9ab93dfb-1454-3bb1-b47f-700f714534a9): л
[15:34:34] Bradly378 (9ab93dfb-1454-3bb1-b47f-700f714534a9): I joined using ChatCraft from my Android device! Download it for free!
[15:35:15] Bradly378 (9ab93dfb-1454-3bb1-b47f-700f714534a9): I joined using ChatCraft from my Android device! Download it for free!
[15:37:46] GOLDENDUSST (a0ee3527-abbd-3f28-bd2e-ff7c77b23497): Я ЖИв
[15:43:25] Bradly378 (9ab93dfb-1454-3bb1-b47f-700f714534a9): I joined using ChatCraft from my Android device! Download it for free!
[19:55:24] Bradly378 (9ab93dfb-1454-3bb1-b47f-700f714534a9): I joined using ChatCraft from my Android device! Download it for free!
[19:55:31] Bradly378 (9ab93dfb-1454-3bb1-b47f-700f714534a9): да
[19:55:34] Bradly378 (9ab93dfb-1454-3bb1-b47f-700f714534a9): 6daf6e69ff942a2f8e1f5a3dabc5bbad
[19:55:42] Bradly378 (9ab93dfb-1454-3bb1-b47f-700f714534a9): да
[19:55:50] Bradly378 (9ab93dfb-1454-3bb1-b47f-700f714534a9): exit
[19:56:07] Bradly378 (9ab93dfb-1454-3bb1-b47f-700f714534a9): да
[19:56:10] Bradly378 (9ab93dfb-1454-3bb1-b47f-700f714534a9): 6daf6e69ff942a2f8e1f5a3dabc5bbad
[19:56:19] Bradly378 (9ab93dfb-1454-3bb1-b47f-700f714534a9): нет
