[04:44:30] AviKgolD1 (fe9f4036-69b5-38be-a9c3-1d860d8c4398): qq
[04:47:49] Lolaol (87ad5a86-9b00-3567-aad2-09baa248d884): у меня кирку украли :_(
[04:48:06] AviKgolD1 (fe9f4036-69b5-38be-a9c3-1d860d8c4398): это точно не я
[08:42:43] AviKgolD1 (fe9f4036-69b5-38be-a9c3-1d860d8c4398): q
[08:42:52] LightNight010 (b404b429-ad5e-3cdf-9b17-af0796003c67): q
[08:43:17] LightNight010 (b404b429-ad5e-3cdf-9b17-af0796003c67): у меня сервер лодку спиздил
[08:43:29] AviKgolD1 (fe9f4036-69b5-38be-a9c3-1d860d8c4398): жиза
[08:46:06] AviKgolD1 (fe9f4036-69b5-38be-a9c3-1d860d8c4398): какие именно?
[08:46:12] LightNight010 (b404b429-ad5e-3cdf-9b17-af0796003c67): обычные
[08:46:22] AviKgolD1 (fe9f4036-69b5-38be-a9c3-1d860d8c4398): есть
[08:46:29] LightNight010 (b404b429-ad5e-3cdf-9b17-af0796003c67): Можешь дать плиз
[08:46:38] AviKgolD1 (fe9f4036-69b5-38be-a9c3-1d860d8c4398): приходи дам
[08:46:44] LightNight010 (b404b429-ad5e-3cdf-9b17-af0796003c67): Бл а как
[08:46:53] LightNight010 (b404b429-ad5e-3cdf-9b17-af0796003c67): тут вход воспрещён ахах
[08:47:00] AviKgolD1 (fe9f4036-69b5-38be-a9c3-1d860d8c4398): угу
[08:47:18] LightNight010 (b404b429-ad5e-3cdf-9b17-af0796003c67): лан пох
[08:52:33] LightNight010 (b404b429-ad5e-3cdf-9b17-af0796003c67): я тут
[08:52:45] AviKgolD1 (fe9f4036-69b5-38be-a9c3-1d860d8c4398): ща дерево дорублю
[08:52:48] LightNight010 (b404b429-ad5e-3cdf-9b17-af0796003c67): ок
[08:53:14] LightNight010 (b404b429-ad5e-3cdf-9b17-af0796003c67): о ку
[08:53:23] AviKgolD1 (fe9f4036-69b5-38be-a9c3-1d860d8c4398): зачем книги?
[08:53:29] LightNight010 (b404b429-ad5e-3cdf-9b17-af0796003c67): книжные полки
[08:53:49] AviKgolD1 (fe9f4036-69b5-38be-a9c3-1d860d8c4398): купи сам у житаков
[08:56:05] AviKgolD1 (fe9f4036-69b5-38be-a9c3-1d860d8c4398): сори
[08:57:11] LightNight010 (b404b429-ad5e-3cdf-9b17-af0796003c67): Всё спасибо
[08:57:26] AviKgolD1 (fe9f4036-69b5-38be-a9c3-1d860d8c4398): пожалуйста
[08:57:48] LightNight010 (b404b429-ad5e-3cdf-9b17-af0796003c67): ахахахх лол
[08:59:33] LightNight010 (b404b429-ad5e-3cdf-9b17-af0796003c67): qq
[08:59:37] AviKgolD1 (fe9f4036-69b5-38be-a9c3-1d860d8c4398): q
[09:00:03] AviKgolD1 (fe9f4036-69b5-38be-a9c3-1d860d8c4398): qq
[09:00:13] Costelemental (d0fcacd3-9d82-3989-a28b-6768b857240e): привет
[09:06:42] LightNight010 (b404b429-ad5e-3cdf-9b17-af0796003c67): пойду покушаю
[09:06:48] LightNight010 (b404b429-ad5e-3cdf-9b17-af0796003c67): потом вернусь
[09:06:51] AviKgolD1 (fe9f4036-69b5-38be-a9c3-1d860d8c4398): bb
[09:06:55] Costelemental (d0fcacd3-9d82-3989-a28b-6768b857240e): приятногь
[09:20:40] LightNight010 (b404b429-ad5e-3cdf-9b17-af0796003c67): я тута
[09:31:31] LightNight010 (b404b429-ad5e-3cdf-9b17-af0796003c67): найс я 1
[09:34:23] AviKgolD1 (fe9f4036-69b5-38be-a9c3-1d860d8c4398): qq
[09:34:26] LightNight010 (b404b429-ad5e-3cdf-9b17-af0796003c67): йй
[09:34:34] AviKgolD1 (fe9f4036-69b5-38be-a9c3-1d860d8c4398): гс?
[09:34:37] LightNight010 (b404b429-ad5e-3cdf-9b17-af0796003c67): го
[10:02:31] LightNight010 (b404b429-ad5e-3cdf-9b17-af0796003c67): qq
[10:09:00] RunishYT (deb2ebb7-8562-3728-8ba8-ec800da9360c): стройте обшественную хайперлупу анимешники
[10:09:06] RunishYT (deb2ebb7-8562-3728-8ba8-ec800da9360c): и спавн обустрайваите
[10:09:22] RunishYT (deb2ebb7-8562-3728-8ba8-ec800da9360c): Асаши Мару
[10:09:25] LightNight010 (b404b429-ad5e-3cdf-9b17-af0796003c67): Я не анимешник блять
[10:09:30] LightNight010 (b404b429-ad5e-3cdf-9b17-af0796003c67): а создатель
[10:09:34] RunishYT (deb2ebb7-8562-3728-8ba8-ec800da9360c): Но ты в клане Асаши Мару
[10:09:38] RunishYT (deb2ebb7-8562-3728-8ba8-ec800da9360c): Анимешник
[10:09:44] LightNight010 (b404b429-ad5e-3cdf-9b17-af0796003c67): я сам хуй знает что это
[10:09:55] LightNight010 (b404b429-ad5e-3cdf-9b17-af0796003c67): У нас как такогого названия нету
[10:10:00] GOLDENDUSST (a0ee3527-abbd-3f28-bd2e-ff7c77b23497): Создатель фембоев и пидарасов
[10:10:09] LightNight010 (b404b429-ad5e-3cdf-9b17-af0796003c67): долбаёб
[10:10:14] LightNight010 (b404b429-ad5e-3cdf-9b17-af0796003c67): ?
[10:10:29] RunishYT (deb2ebb7-8562-3728-8ba8-ec800da9360c): Я создатель Геев и Женственных мальчиков
[10:10:37] LightNight010 (b404b429-ad5e-3cdf-9b17-af0796003c67): ок
[10:10:39] RunishYT (deb2ebb7-8562-3728-8ba8-ec800da9360c): блять
[10:10:43] GOLDENDUSST (a0ee3527-abbd-3f28-bd2e-ff7c77b23497): Отецц!!!!
[10:10:50] RunishYT (deb2ebb7-8562-3728-8ba8-ec800da9360c): СЫЫ
[10:10:54] RunishYT (deb2ebb7-8562-3728-8ba8-ec800da9360c): Буратино?
[10:10:58] GOLDENDUSST (a0ee3527-abbd-3f28-bd2e-ff7c77b23497): Насал
[10:10:59] LightNight010 (b404b429-ad5e-3cdf-9b17-af0796003c67): сука куда я попа
[10:11:00] LightNight010 (b404b429-ad5e-3cdf-9b17-af0796003c67): сука куда я попал
[10:11:10] RunishYT (deb2ebb7-8562-3728-8ba8-ec800da9360c): на сп
[10:11:29] GOLDENDUSST (a0ee3527-abbd-3f28-bd2e-ff7c77b23497): Наноксандер приватный сервер для геев умственно отсталых и фембоев
[10:11:35] RunishYT (deb2ebb7-8562-3728-8ba8-ec800da9360c): гоу гриф Звезда
[10:12:01] RunishYT (deb2ebb7-8562-3728-8ba8-ec800da9360c): Звезда Гоу гриф пятерки
[10:13:09] RunishYT (deb2ebb7-8562-3728-8ba8-ec800da9360c): ЛайтНайт я пошел тебя бить
[10:13:15] LightNight010 (b404b429-ad5e-3cdf-9b17-af0796003c67): нах
[10:13:22] RunishYT (deb2ebb7-8562-3728-8ba8-ec800da9360c): ты ахуел быть живым
[10:13:27] LightNight010 (b404b429-ad5e-3cdf-9b17-af0796003c67): спасибо
[10:13:36] GOLDENDUSST (a0ee3527-abbd-3f28-bd2e-ff7c77b23497): Рял охуел
[10:13:39] LightNight010 (b404b429-ad5e-3cdf-9b17-af0796003c67): ы
[10:13:42] GOLDENDUSST (a0ee3527-abbd-3f28-bd2e-ff7c77b23497): Пизди натуралов
[10:14:12] RunishYT (deb2ebb7-8562-3728-8ba8-ec800da9360c): дай корды
[10:14:19] LightNight010 (b404b429-ad5e-3cdf-9b17-af0796003c67): нах тебе
[10:14:25] LightNight010 (b404b429-ad5e-3cdf-9b17-af0796003c67): я в шахте
[10:14:26] RunishYT (deb2ebb7-8562-3728-8ba8-ec800da9360c): подарок тащу
[10:14:31] LightNight010 (b404b429-ad5e-3cdf-9b17-af0796003c67): и не могу выбраться
[10:14:41] RunishYT (deb2ebb7-8562-3728-8ba8-ec800da9360c): блять вверх копайся
[10:14:48] LightNight010 (b404b429-ad5e-3cdf-9b17-af0796003c67): блять я в океане
[10:14:59] RunishYT (deb2ebb7-8562-3728-8ba8-ec800da9360c): и чо??
[10:15:06] LightNight010 (b404b429-ad5e-3cdf-9b17-af0796003c67): У меня на кирке 50 прочности
[10:15:34] LightNight010 (b404b429-ad5e-3cdf-9b17-af0796003c67): я не хочу эф 5 и 3 удачу терять
[10:15:43] RunishYT (deb2ebb7-8562-3728-8ba8-ec800da9360c): рукой
[10:15:54] LightNight010 (b404b429-ad5e-3cdf-9b17-af0796003c67): ахуеть спасибо папаша
[10:20:28] GOLDENDUSST (a0ee3527-abbd-3f28-bd2e-ff7c77b23497): Я его закибербулил
[10:22:09] LightNight010 (b404b429-ad5e-3cdf-9b17-af0796003c67): ура я выбрался
[10:22:17] RunishYT (deb2ebb7-8562-3728-8ba8-ec800da9360c): корды по аду говори
[10:22:31] LightNight010 (b404b429-ad5e-3cdf-9b17-af0796003c67): У меня нету портала ахах
[10:22:38] LightNight010 (b404b429-ad5e-3cdf-9b17-af0796003c67): Ток через мир
[10:22:40] RunishYT (deb2ebb7-8562-3728-8ba8-ec800da9360c): блять на вашу базу
[10:22:41] LightNight010 (b404b429-ad5e-3cdf-9b17-af0796003c67): Ток через мир
[10:22:46] RunishYT (deb2ebb7-8562-3728-8ba8-ec800da9360c): по крыше
[10:22:47] LightNight010 (b404b429-ad5e-3cdf-9b17-af0796003c67): я на своей
[10:22:49] LightNight010 (b404b429-ad5e-3cdf-9b17-af0796003c67): а
[10:22:55] LightNight010 (b404b429-ad5e-3cdf-9b17-af0796003c67): нах тебе
[10:23:00] RunishYT (deb2ebb7-8562-3728-8ba8-ec800da9360c): подарок несу
[10:23:05] LightNight010 (b404b429-ad5e-3cdf-9b17-af0796003c67): Хмммм
[10:23:21] LightNight010 (b404b429-ad5e-3cdf-9b17-af0796003c67): 300 230
[10:26:06] RunishYT (deb2ebb7-8562-3728-8ba8-ec800da9360c): ты с авиком живешь??
[10:26:13] LightNight010 (b404b429-ad5e-3cdf-9b17-af0796003c67): нет
[10:26:19] RunishYT (deb2ebb7-8562-3728-8ba8-ec800da9360c): а где?
[10:26:21] LightNight010 (b404b429-ad5e-3cdf-9b17-af0796003c67): Я на своей базе
[10:26:33] RunishYT (deb2ebb7-8562-3728-8ba8-ec800da9360c): скажы корды
[10:26:48] LightNight010 (b404b429-ad5e-3cdf-9b17-af0796003c67): 764 -128
[10:26:51] LightNight010 (b404b429-ad5e-3cdf-9b17-af0796003c67): 764 -128
[10:27:00] RunishYT (deb2ebb7-8562-3728-8ba8-ec800da9360c): по аду?
[10:27:02] LightNight010 (b404b429-ad5e-3cdf-9b17-af0796003c67): нет
[10:32:10] RunishYT (deb2ebb7-8562-3728-8ba8-ec800da9360c): я пришел тебя
[10:32:15] RunishYT (deb2ebb7-8562-3728-8ba8-ec800da9360c): я пришел тебя бить
[10:32:21] LightNight010 (b404b429-ad5e-3cdf-9b17-af0796003c67): я на базе лол
[10:32:45] LightNight010 (b404b429-ad5e-3cdf-9b17-af0796003c67): еда есть?
[10:33:19] LightNight010 (b404b429-ad5e-3cdf-9b17-af0796003c67): У меня хп нету
[10:33:29] RunishYT (deb2ebb7-8562-3728-8ba8-ec800da9360c): на
[10:33:34] LightNight010 (b404b429-ad5e-3cdf-9b17-af0796003c67): спасибо
[10:33:51] LightNight010 (b404b429-ad5e-3cdf-9b17-af0796003c67): эт твоё
[10:34:14] RunishYT (deb2ebb7-8562-3728-8ba8-ec800da9360c): Асаши Мару я приказываю вам
[10:34:21] RunishYT (deb2ebb7-8562-3728-8ba8-ec800da9360c): Пиздуйте делать спавн
[10:34:29] LightNight010 (b404b429-ad5e-3cdf-9b17-af0796003c67): а поч ты не идёшь
[10:34:40] RunishYT (deb2ebb7-8562-3728-8ba8-ec800da9360c): потому что
[10:34:45] LightNight010 (b404b429-ad5e-3cdf-9b17-af0796003c67): у меня дохуя других дел
[10:34:46] RunishYT (deb2ebb7-8562-3728-8ba8-ec800da9360c): мммммммиммим
[10:34:53] RunishYT (deb2ebb7-8562-3728-8ba8-ec800da9360c): у меня дохуя других дел
[10:35:00] LightNight010 (b404b429-ad5e-3cdf-9b17-af0796003c67): ну поздравляю
[10:35:19] RunishYT (deb2ebb7-8562-3728-8ba8-ec800da9360c): Я буду охотится на вас
[10:35:25] LightNight010 (b404b429-ad5e-3cdf-9b17-af0796003c67): я тебя засужу
[10:35:37] RunishYT (deb2ebb7-8562-3728-8ba8-ec800da9360c): Здания суда нету
[10:35:44] LightNight010 (b404b429-ad5e-3cdf-9b17-af0796003c67): похуй
[10:35:47] LightNight010 (b404b429-ad5e-3cdf-9b17-af0796003c67): админу скажу
[10:36:50] RunishYT (deb2ebb7-8562-3728-8ba8-ec800da9360c): полныф заряд лука и тебе конец
[10:37:05] RunishYT (deb2ebb7-8562-3728-8ba8-ec800da9360c): Ресы или бан
[10:39:40] LightNight010 (b404b429-ad5e-3cdf-9b17-af0796003c67): съёбывай отсюда
[10:39:42] RunishYT (deb2ebb7-8562-3728-8ba8-ec800da9360c): цифры ударили в голову
[10:40:23] RunishYT (deb2ebb7-8562-3728-8ba8-ec800da9360c): Увахахаххахаххах
[10:40:50] RunishYT (deb2ebb7-8562-3728-8ba8-ec800da9360c): я отпускаю тебя
[10:41:14] LightNight010 (b404b429-ad5e-3cdf-9b17-af0796003c67): съёбывай отсюда
[10:41:27] RunishYT (deb2ebb7-8562-3728-8ba8-ec800da9360c): я вернусь
[10:41:48] RunishYT (deb2ebb7-8562-3728-8ba8-ec800da9360c): Мы еще встретимся Икари Синдзи
[10:42:45] LightNight010 (b404b429-ad5e-3cdf-9b17-af0796003c67): чё ты тут делаешь блять
[10:43:04] RunishYT (deb2ebb7-8562-3728-8ba8-ec800da9360c): ты должен запомнить кто тебя побил
[10:44:17] RunishYT (deb2ebb7-8562-3728-8ba8-ec800da9360c): эхх привет сосед
[10:45:43] LightNight010 (b404b429-ad5e-3cdf-9b17-af0796003c67): я на тебя жалобу подам
[10:45:54] RunishYT (deb2ebb7-8562-3728-8ba8-ec800da9360c): что я сделал!?!??!?!??!??
[10:46:00] LightNight010 (b404b429-ad5e-3cdf-9b17-af0796003c67): ты на моей территории
[10:46:09] RunishYT (deb2ebb7-8562-3728-8ba8-ec800da9360c): схуяли она твоя?
[10:46:15] LightNight010 (b404b429-ad5e-3cdf-9b17-af0796003c67): Я её заприватил
[10:46:25] RunishYT (deb2ebb7-8562-3728-8ba8-ec800da9360c): когда!??!?!?!?
[10:46:31] LightNight010 (b404b429-ad5e-3cdf-9b17-af0796003c67): Позавчера
[10:46:45] RunishYT (deb2ebb7-8562-3728-8ba8-ec800da9360c): позавчера тебя на сервере не было
[10:46:49] LightNight010 (b404b429-ad5e-3cdf-9b17-af0796003c67): Был
[10:46:53] LightNight010 (b404b429-ad5e-3cdf-9b17-af0796003c67): Это тебя не было
[10:46:55] RunishYT (deb2ebb7-8562-3728-8ba8-ec800da9360c): не ври
[10:47:01] LightNight010 (b404b429-ad5e-3cdf-9b17-af0796003c67): Я не вры блять
[10:47:04] LightNight010 (b404b429-ad5e-3cdf-9b17-af0796003c67): Я не вру блять
[10:47:25] LightNight010 (b404b429-ad5e-3cdf-9b17-af0796003c67): Съебал отсюда
[10:47:34] RunishYT (deb2ebb7-8562-3728-8ba8-ec800da9360c): а ты заставь
[10:49:31] RunishYT (deb2ebb7-8562-3728-8ba8-ec800da9360c): гоу евромайдан в честь отстранения ексрен с должности одмена
[10:54:42] RunishYT (deb2ebb7-8562-3728-8ba8-ec800da9360c): кто поможет построить Родину Мать на спавне??
[10:54:48] LightNight010 (b404b429-ad5e-3cdf-9b17-af0796003c67): иди нахуй
[10:54:57] RunishYT (deb2ebb7-8562-3728-8ba8-ec800da9360c): эээээ
[10:55:05] RunishYT (deb2ebb7-8562-3728-8ba8-ec800da9360c): Ашалел
[10:55:06] GOLDENDUSST (a0ee3527-abbd-3f28-bd2e-ff7c77b23497): Ашалел бандеровец
[10:55:13] GOLDENDUSST (a0ee3527-abbd-3f28-bd2e-ff7c77b23497): Ебаный азов
[10:55:23] LightNight010 (b404b429-ad5e-3cdf-9b17-af0796003c67): иди нахуй
[10:55:28] RunishYT (deb2ebb7-8562-3728-8ba8-ec800da9360c): нацик ебанный
[10:55:33] LightNight010 (b404b429-ad5e-3cdf-9b17-af0796003c67): Тебе бан нада
[10:55:45] GOLDENDUSST (a0ee3527-abbd-3f28-bd2e-ff7c77b23497): А вот в наше время не было таких нацистов
[10:55:49] RunishYT (deb2ebb7-8562-3728-8ba8-ec800da9360c): туда голда
[10:56:02] LightNight010 (b404b429-ad5e-3cdf-9b17-af0796003c67): я русский так то
[10:56:12] GOLDENDUSST (a0ee3527-abbd-3f28-bd2e-ff7c77b23497): Предатель родины
[10:56:18] RunishYT (deb2ebb7-8562-3728-8ba8-ec800da9360c): Ууу блять рашист ебанный
[10:56:28] LightNight010 (b404b429-ad5e-3cdf-9b17-af0796003c67): тебе бан за то что ты был на моей территории, а я запрещял
[10:56:29] GOLDENDUSST (a0ee3527-abbd-3f28-bd2e-ff7c77b23497): Москаль
[10:56:30] RunishYT (deb2ebb7-8562-3728-8ba8-ec800da9360c): Zтовец
[10:56:33] RunishYT (deb2ebb7-8562-3728-8ba8-ec800da9360c): Кремлебот
[10:56:47] LightNight010 (b404b429-ad5e-3cdf-9b17-af0796003c67): тебе бан за то что ты был на моей территории, а я запрещял
[10:56:58] RunishYT (deb2ebb7-8562-3728-8ba8-ec800da9360c): аыоы аы
[10:57:03] GOLDENDUSST (a0ee3527-abbd-3f28-bd2e-ff7c77b23497): За это бан не дают
[10:57:24] RunishYT (deb2ebb7-8562-3728-8ba8-ec800da9360c): но ты же ходил
[10:57:34] LightNight010 (b404b429-ad5e-3cdf-9b17-af0796003c67): где блять
[10:57:43] GOLDENDUSST (a0ee3527-abbd-3f28-bd2e-ff7c77b23497): По воде Иисус
[10:57:46] RunishYT (deb2ebb7-8562-3728-8ba8-ec800da9360c): вот тут втой какиш лежит
[10:58:00] GOLDENDUSST (a0ee3527-abbd-3f28-bd2e-ff7c77b23497): Эмбер Хёрд момент
[11:00:08] GOLDENDUSST (a0ee3527-abbd-3f28-bd2e-ff7c77b23497): Слился попущ
[11:00:14] GOLDENDUSST (a0ee3527-abbd-3f28-bd2e-ff7c77b23497): Когда вернётся
[11:00:20] LightNight010 (b404b429-ad5e-3cdf-9b17-af0796003c67): я тут ахахаххх
[11:00:20] GOLDENDUSST (a0ee3527-abbd-3f28-bd2e-ff7c77b23497): Я его убъю
[11:00:24] GOLDENDUSST (a0ee3527-abbd-3f28-bd2e-ff7c77b23497): Не ты
[11:00:29] GOLDENDUSST (a0ee3527-abbd-3f28-bd2e-ff7c77b23497): Я про руниша
[11:11:26] LightNight010 (b404b429-ad5e-3cdf-9b17-af0796003c67): скип плиз
[11:11:36] LightNight010 (b404b429-ad5e-3cdf-9b17-af0796003c67): а нет не надо
[11:11:43] GOLDENDUSST (a0ee3527-abbd-3f28-bd2e-ff7c77b23497): King Krimson
[11:11:55] GOLDENDUSST (a0ee3527-abbd-3f28-bd2e-ff7c77b23497): 10 sec skip
[11:12:09] LightNight010 (b404b429-ad5e-3cdf-9b17-af0796003c67): мне пауки пиздос нужны
[11:14:32] RunishYT (deb2ebb7-8562-3728-8ba8-ec800da9360c): делафте спавн
[11:14:36] RunishYT (deb2ebb7-8562-3728-8ba8-ec800da9360c): Анимешники
[11:14:42] LightNight010 (b404b429-ad5e-3cdf-9b17-af0796003c67): иди нахуй
[11:14:45] LightNight010 (b404b429-ad5e-3cdf-9b17-af0796003c67): сам делай
[11:14:53] RunishYT (deb2ebb7-8562-3728-8ba8-ec800da9360c): Не обязан
[11:16:30] LightNight010 (b404b429-ad5e-3cdf-9b17-af0796003c67): ёбаный рот что со спавнрейтом
[11:24:50] LightNight010 (b404b429-ad5e-3cdf-9b17-af0796003c67): У кого нитки есть
[11:28:15] GOLDENDUSST (a0ee3527-abbd-3f28-bd2e-ff7c77b23497): Кто спиздил голову на спавне
[11:28:25] RunishYT (deb2ebb7-8562-3728-8ba8-ec800da9360c): сука у берега
[11:28:35] RunishYT (deb2ebb7-8562-3728-8ba8-ec800da9360c): именно у красной
[11:28:49] RunishYT (deb2ebb7-8562-3728-8ba8-ec800da9360c): нахуй вам голова Бредли И Руниша??
[11:31:35] RunishYT (deb2ebb7-8562-3728-8ba8-ec800da9360c): драгон540 ты незнаешь кто пиздит головы на спавне около берега?
[11:31:45] RearedDragon540 (e09fe396-2acc-3af0-88aa-156442b81fdb): хз
[11:32:18] LightNight010 (b404b429-ad5e-3cdf-9b17-af0796003c67): *подорительно молчит*
[11:43:15] AviKgolD1 (fe9f4036-69b5-38be-a9c3-1d860d8c4398): qq
[11:55:41] RunishYT (deb2ebb7-8562-3728-8ba8-ec800da9360c): суки если кто то еще головы со спавна спиздит я найду вора и выебу
[11:55:54] RearedDragon540 (e09fe396-2acc-3af0-88aa-156442b81fdb): чел хорош
[12:02:29] RearedDragon540 (e09fe396-2acc-3af0-88aa-156442b81fdb): боюе ским
[12:02:33] RearedDragon540 (e09fe396-2acc-3af0-88aa-156442b81fdb): скип*
[12:04:51] GOLDENDUSST (a0ee3527-abbd-3f28-bd2e-ff7c77b23497): Ухади ухади ухади
[12:04:54] GOLDENDUSST (a0ee3527-abbd-3f28-bd2e-ff7c77b23497): Ухади ухади ухади
[12:04:54] GOLDENDUSST (a0ee3527-abbd-3f28-bd2e-ff7c77b23497): Ухади ухади ухади
[12:04:55] GOLDENDUSST (a0ee3527-abbd-3f28-bd2e-ff7c77b23497): Ухади ухади ухади
[12:04:55] GOLDENDUSST (a0ee3527-abbd-3f28-bd2e-ff7c77b23497): Ухади ухади ухади
[12:04:59] AviKgolD1 (fe9f4036-69b5-38be-a9c3-1d860d8c4398): привет
[12:04:59] RunishYT (deb2ebb7-8562-3728-8ba8-ec800da9360c): Съеби с серва ты ную
[12:05:00] GOLDENDUSST (a0ee3527-abbd-3f28-bd2e-ff7c77b23497): Ухади ухади ухади
[12:05:00] GOLDENDUSST (a0ee3527-abbd-3f28-bd2e-ff7c77b23497): Ухади ухади ухади
[12:05:00] GOLDENDUSST (a0ee3527-abbd-3f28-bd2e-ff7c77b23497): Ухади ухади ухади
[12:05:00] GOLDENDUSST (a0ee3527-abbd-3f28-bd2e-ff7c77b23497): Ухади ухади ухади
[12:05:00] GOLDENDUSST (a0ee3527-abbd-3f28-bd2e-ff7c77b23497): Ухади ухади ухади
[12:05:02] RunishYT (deb2ebb7-8562-3728-8ba8-ec800da9360c): Съеби с серва ты нуб
[12:05:02] RearedDragon540 (e09fe396-2acc-3af0-88aa-156442b81fdb): о ку
[12:05:03] RunishYT (deb2ebb7-8562-3728-8ba8-ec800da9360c): Съеби с серва ты нуб
[12:05:03] LightNight010 (b404b429-ad5e-3cdf-9b17-af0796003c67): Кто бл
[12:05:03] RunishYT (deb2ebb7-8562-3728-8ba8-ec800da9360c): Съеби с серва ты нуб
[12:05:04] RunishYT (deb2ebb7-8562-3728-8ba8-ec800da9360c): Съеби с серва ты нуб
[12:05:04] RunishYT (deb2ebb7-8562-3728-8ba8-ec800da9360c): Съеби с серва ты нуб
[12:05:23] GOLDENDUSST (a0ee3527-abbd-3f28-bd2e-ff7c77b23497): Фартук рял удади ухади ухади
[12:05:25] GOLDENDUSST (a0ee3527-abbd-3f28-bd2e-ff7c77b23497): Фартук рял удади ухади ухади
[12:05:26] GOLDENDUSST (a0ee3527-abbd-3f28-bd2e-ff7c77b23497): Фартук рял удади ухади ухади
[12:05:27] GOLDENDUSST (a0ee3527-abbd-3f28-bd2e-ff7c77b23497): Ухади ухади ухади
[12:05:58] RunishYT (deb2ebb7-8562-3728-8ba8-ec800da9360c): а блять я обосрался
[12:06:05] RunishYT (deb2ebb7-8562-3728-8ba8-ec800da9360c): я думал это фартуна
[12:06:06] AviKgolD1 (fe9f4036-69b5-38be-a9c3-1d860d8c4398): есть зажигалка?
[12:06:21] RunishYT (deb2ebb7-8562-3728-8ba8-ec800da9360c): вот
[12:07:06] AviKgolD1 (fe9f4036-69b5-38be-a9c3-1d860d8c4398): можно есть просто слиток железа с собой? или эту зажигалку можно взять?
[12:07:12] ZAXAR1000 (48fa848d-9d79-373d-9cb1-c50d5b916c88): t
[12:07:14] RunishYT (deb2ebb7-8562-3728-8ba8-ec800da9360c): бери
[12:07:38] ZAXAR1000 (48fa848d-9d79-373d-9cb1-c50d5b916c88): T
[12:08:51] RunishYT (deb2ebb7-8562-3728-8ba8-ec800da9360c): кто спавном займется??
[12:09:27] RunishYT (deb2ebb7-8562-3728-8ba8-ec800da9360c): фартук нахуя ты не играешь еври дэй?
[12:09:31] AviKgolD1 (fe9f4036-69b5-38be-a9c3-1d860d8c4398): я может быть дорогами в аду но я не знаю координаты биома
[12:11:45] RearedDragon540 (e09fe396-2acc-3af0-88aa-156442b81fdb): боже лягте пж
[12:12:41] RunishYT (deb2ebb7-8562-3728-8ba8-ec800da9360c): фартуна гоу пвп
[12:12:52] RunishYT (deb2ebb7-8562-3728-8ba8-ec800da9360c): авик гоу пвп
[12:13:09] AviKgolD1 (fe9f4036-69b5-38be-a9c3-1d860d8c4398): не, я не очень пвп
[12:19:09] RunishYT (deb2ebb7-8562-3728-8ba8-ec800da9360c): нет
[12:19:11] RunishYT (deb2ebb7-8562-3728-8ba8-ec800da9360c): был 8
[12:19:22] RunishYT (deb2ebb7-8562-3728-8ba8-ec800da9360c): заходи
[12:19:25] RunishYT (deb2ebb7-8562-3728-8ba8-ec800da9360c): даун
[12:19:28] RunishYT (deb2ebb7-8562-3728-8ba8-ec800da9360c): играй
[12:19:57] RunishYT (deb2ebb7-8562-3728-8ba8-ec800da9360c): я решало решаю за тебя
[12:20:21] RunishYT (deb2ebb7-8562-3728-8ba8-ec800da9360c): ашалел
[12:20:36] RunishYT (deb2ebb7-8562-3728-8ba8-ec800da9360c): забанен
[12:26:48] RunishYT (deb2ebb7-8562-3728-8ba8-ec800da9360c): спасите
[12:26:59] RunishYT (deb2ebb7-8562-3728-8ba8-ec800da9360c): маньяк пытается изнасиловат
[12:39:37] LightNight010 (b404b429-ad5e-3cdf-9b17-af0796003c67): Продам слезу гаста
[12:39:57] GOLDENDUSST (a0ee3527-abbd-3f28-bd2e-ff7c77b23497): Продам руниша дёшево
[12:41:18] GOLDENDUSST (a0ee3527-abbd-3f28-bd2e-ff7c77b23497): Блять сука руниш какой же ты ущербный тебя даже за дёшево не хотят брять ты хуже дешёвки
[12:41:29] RunishYT (deb2ebb7-8562-3728-8ba8-ec800da9360c): :(
[13:18:33] ZAXAR1000 (48fa848d-9d79-373d-9cb1-c50d5b916c88): T
[13:19:02] ZAXAR1000 (48fa848d-9d79-373d-9cb1-c50d5b916c88): 1
[13:47:15] GOLDENDUSST (a0ee3527-abbd-3f28-bd2e-ff7c77b23497): А у нас свободные отношения?
[13:47:29] LightNight010 (b404b429-ad5e-3cdf-9b17-af0796003c67): я элитры хотел купить ахах
[13:47:42] GOLDENDUSST (a0ee3527-abbd-3f28-bd2e-ff7c77b23497): Спавн
[13:47:52] LightNight010 (b404b429-ad5e-3cdf-9b17-af0796003c67): буду через 5 минут
[13:50:06] GOLDENDUSST (a0ee3527-abbd-3f28-bd2e-ff7c77b23497): Ты ахуел я блятт сука запретка
[13:50:52] GOLDENDUSST (a0ee3527-abbd-3f28-bd2e-ff7c77b23497): пизда
[13:51:07] GOLDENDUSST (a0ee3527-abbd-3f28-bd2e-ff7c77b23497): я сейчас скажу слово на букву N
[13:51:16] GOLDENDUSST (a0ee3527-abbd-3f28-bd2e-ff7c77b23497): Nanomashine son
[13:51:28] LightNight010 (b404b429-ad5e-3cdf-9b17-af0796003c67): элитры
[13:51:30] LightNight010 (b404b429-ad5e-3cdf-9b17-af0796003c67): сначала
[13:51:36] GOLDENDUSST (a0ee3527-abbd-3f28-bd2e-ff7c77b23497): схера ли ты на запретке
[13:51:41] LightNight010 (b404b429-ad5e-3cdf-9b17-af0796003c67): всмысле
[13:51:47] GOLDENDUSST (a0ee3527-abbd-3f28-bd2e-ff7c77b23497): этот путь
[13:51:49] GOLDENDUSST (a0ee3527-abbd-3f28-bd2e-ff7c77b23497): мой
[13:51:57] LightNight010 (b404b429-ad5e-3cdf-9b17-af0796003c67): больше дырки на крышу нету
[13:52:09] LightNight010 (b404b429-ad5e-3cdf-9b17-af0796003c67): я чуть позже сделаю
[13:52:23] GOLDENDUSST (a0ee3527-abbd-3f28-bd2e-ff7c77b23497): я про ледяную дорогу
[13:52:26] LightNight010 (b404b429-ad5e-3cdf-9b17-af0796003c67): ну
[13:52:30] GOLDENDUSST (a0ee3527-abbd-3f28-bd2e-ff7c77b23497): таблички читай
[13:52:46] LightNight010 (b404b429-ad5e-3cdf-9b17-af0796003c67): элитры кидай
[13:53:42] GOLDENDUSST (a0ee3527-abbd-3f28-bd2e-ff7c77b23497): если узнаю что ты на моей ледяной дороге кильну
[13:53:51] LightNight010 (b404b429-ad5e-3cdf-9b17-af0796003c67): а как мне на крышу забираться то
[13:54:00] GOLDENDUSST (a0ee3527-abbd-3f28-bd2e-ff7c77b23497): сука просто пройди
[13:54:04] GOLDENDUSST (a0ee3527-abbd-3f28-bd2e-ff7c77b23497): вон бля
[13:54:05] LightNight010 (b404b429-ad5e-3cdf-9b17-af0796003c67): оттуда?
[13:54:12] LightNight010 (b404b429-ad5e-3cdf-9b17-af0796003c67): хорошо
[13:54:15] LightNight010 (b404b429-ad5e-3cdf-9b17-af0796003c67): я понял
[13:54:28] LightNight010 (b404b429-ad5e-3cdf-9b17-af0796003c67): всё верно?
[13:54:42] RunishYT (deb2ebb7-8562-3728-8ba8-ec800da9360c): итак внимание зрители сейчас произойдет убивание стримера
[13:54:54] LightNight010 (b404b429-ad5e-3cdf-9b17-af0796003c67): я пошёл
[13:55:02] ItsFartunaRu (87aa0b4c-629f-3cae-a9c4-787ca2fa3e21): и это сделаю я
[13:55:15] GOLDENDUSST (a0ee3527-abbd-3f28-bd2e-ff7c77b23497): сто1
[13:55:18] LightNight010 (b404b429-ad5e-3cdf-9b17-af0796003c67): чё
[13:55:36] LightNight010 (b404b429-ad5e-3cdf-9b17-af0796003c67): ок
[14:05:49] LightNight010 (b404b429-ad5e-3cdf-9b17-af0796003c67): эм
[14:10:03] GOLDENDUSST (a0ee3527-abbd-3f28-bd2e-ff7c77b23497): хуйло
[14:10:22] GOLDENDUSST (a0ee3527-abbd-3f28-bd2e-ff7c77b23497): гм 0
[14:11:45] GOLDENDUSST (a0ee3527-abbd-3f28-bd2e-ff7c77b23497): Эксрен ты не против того что я продал 3 стака твоих тампонов
[14:11:57] GOLDENDUSST (a0ee3527-abbd-3f28-bd2e-ff7c77b23497): Их купил фартуна он дрочер озабочен
[14:12:26] RunishYT (deb2ebb7-8562-3728-8ba8-ec800da9360c): Nanomachine son
[14:14:35] RunishYT (deb2ebb7-8562-3728-8ba8-ec800da9360c): Сексрен
[14:14:38] RunishYT (deb2ebb7-8562-3728-8ba8-ec800da9360c): ты где?
[14:14:54] RunishYT (deb2ebb7-8562-3728-8ba8-ec800da9360c): я прост нашел твою базу и грифанул
[14:18:00] RunishYT (deb2ebb7-8562-3728-8ba8-ec800da9360c): врубай стрим ебанный шашлык
[14:18:07] LightNight010 (b404b429-ad5e-3cdf-9b17-af0796003c67): я не могу
[14:18:25] RunishYT (deb2ebb7-8562-3728-8ba8-ec800da9360c): я еще не провел шоу зрителям
[14:18:34] LightNight010 (b404b429-ad5e-3cdf-9b17-af0796003c67): не сегодня))
[14:18:37] LightNight010 (b404b429-ad5e-3cdf-9b17-af0796003c67): не сегодня))
[14:20:47] GOLDENDUSST (a0ee3527-abbd-3f28-bd2e-ff7c77b23497): Блять
[14:20:54] GOLDENDUSST (a0ee3527-abbd-3f28-bd2e-ff7c77b23497): Я афк
[14:21:59] RunishYT (deb2ebb7-8562-3728-8ba8-ec800da9360c): сексрен я пойду гриферить твой плот
[14:22:38] LightNight010 (b404b429-ad5e-3cdf-9b17-af0796003c67): ахах
[14:26:11] LightNight010 (b404b429-ad5e-3cdf-9b17-af0796003c67): ооо
[14:26:28] LightNight010 (b404b429-ad5e-3cdf-9b17-af0796003c67): тест
[14:26:40] LightNight010 (b404b429-ad5e-3cdf-9b17-af0796003c67): Всё?
[14:26:42] LightNight010 (b404b429-ad5e-3cdf-9b17-af0796003c67): о
[14:26:43] saikonohack (61d3e846-cfe0-3e5b-b41b-772c1020819e): -
[14:26:47] LightNight010 (b404b429-ad5e-3cdf-9b17-af0796003c67): хм
[14:26:49] saikonohack (61d3e846-cfe0-3e5b-b41b-772c1020819e): ты не поставил ниче
[14:26:49] LightNight010 (b404b429-ad5e-3cdf-9b17-af0796003c67): не робит
[14:26:52] saikonohack (61d3e846-cfe0-3e5b-b41b-772c1020819e): дай книгу
[14:27:04] saikonohack (61d3e846-cfe0-3e5b-b41b-772c1020819e): робит
[14:27:13] LightNight010 (b404b429-ad5e-3cdf-9b17-af0796003c67): ага
[14:27:27] saikonohack (61d3e846-cfe0-3e5b-b41b-772c1020819e): а стой
[14:27:29] saikonohack (61d3e846-cfe0-3e5b-b41b-772c1020819e): погодь
[14:27:30] saikonohack (61d3e846-cfe0-3e5b-b41b-772c1020819e): ща
[14:28:01] saikonohack (61d3e846-cfe0-3e5b-b41b-772c1020819e): верни
[14:28:03] LightNight010 (b404b429-ad5e-3cdf-9b17-af0796003c67): Не нажимается
[14:28:19] saikonohack (61d3e846-cfe0-3e5b-b41b-772c1020819e): во
[14:28:21] saikonohack (61d3e846-cfe0-3e5b-b41b-772c1020819e): твич
[14:28:32] LightNight010 (b404b429-ad5e-3cdf-9b17-af0796003c67): Во
[14:28:37] GOLDENDUSST (a0ee3527-abbd-3f28-bd2e-ff7c77b23497): Блять все настройки слетели
[14:28:54] LightNight010 (b404b429-ad5e-3cdf-9b17-af0796003c67): Кста
[14:29:00] LightNight010 (b404b429-ad5e-3cdf-9b17-af0796003c67): Текстурпак не устанавливается
[14:29:05] LightNight010 (b404b429-ad5e-3cdf-9b17-af0796003c67): При заходе на сервер
[14:29:10] saikonohack (61d3e846-cfe0-3e5b-b41b-772c1020819e): ща протестирую
[14:29:26] saikonohack (61d3e846-cfe0-3e5b-b41b-772c1020819e): аок
[14:29:30] LightNight010 (b404b429-ad5e-3cdf-9b17-af0796003c67): Ладно
[14:29:45] GOLDENDUSST (a0ee3527-abbd-3f28-bd2e-ff7c77b23497): пед
[14:33:59] GOLDENDUSST (a0ee3527-abbd-3f28-bd2e-ff7c77b23497): алал
[14:34:00] GOLDENDUSST (a0ee3527-abbd-3f28-bd2e-ff7c77b23497): аола
[14:34:15] GOLDENDUSST (a0ee3527-abbd-3f28-bd2e-ff7c77b23497): сьа
[14:37:21] GOLDENDUSST (a0ee3527-abbd-3f28-bd2e-ff7c77b23497): п
[15:01:42] RearedDragon540 (e09fe396-2acc-3af0-88aa-156442b81fdb): ку
[15:26:29] RunishYT (deb2ebb7-8562-3728-8ba8-ec800da9360c): я строю портал в параллельные вселенные чтобы вернуть одменов
[15:27:02] AviKgolD1 (fe9f4036-69b5-38be-a9c3-1d860d8c4398): qq
[15:27:33] LightNight010 (b404b429-ad5e-3cdf-9b17-af0796003c67): qq
[15:27:41] LightNight010 (b404b429-ad5e-3cdf-9b17-af0796003c67): оооо
[15:27:48] LightNight010 (b404b429-ad5e-3cdf-9b17-af0796003c67): кайфарики
[15:28:03] RunishYT (deb2ebb7-8562-3728-8ba8-ec800da9360c): гоу строить порталы в параллельный мир чтобы вытащить оттуда одменов
[15:28:17] LightNight010 (b404b429-ad5e-3cdf-9b17-af0796003c67): хей
[15:28:26] LightNight010 (b404b429-ad5e-3cdf-9b17-af0796003c67): смари чё есть
[15:28:28] AviKgolD1 (fe9f4036-69b5-38be-a9c3-1d860d8c4398): йй
[15:28:37] AviKgolD1 (fe9f4036-69b5-38be-a9c3-1d860d8c4398): круто
[15:28:39] LightNight010 (b404b429-ad5e-3cdf-9b17-af0796003c67): чек
[15:28:49] LightNight010 (b404b429-ad5e-3cdf-9b17-af0796003c67): хехе
[15:30:10] LightNight010 (b404b429-ad5e-3cdf-9b17-af0796003c67): А ещё
[15:30:18] AviKgolD1 (fe9f4036-69b5-38be-a9c3-1d860d8c4398): чего
[15:30:35] LightNight010 (b404b429-ad5e-3cdf-9b17-af0796003c67): эт мне сайк дал
[15:30:39] LightNight010 (b404b429-ad5e-3cdf-9b17-af0796003c67): 16 штук
[15:30:44] AviKgolD1 (fe9f4036-69b5-38be-a9c3-1d860d8c4398): круто
[15:30:49] AviKgolD1 (fe9f4036-69b5-38be-a9c3-1d860d8c4398): блок света
[15:30:57] LightNight010 (b404b429-ad5e-3cdf-9b17-af0796003c67): а как он крафтится
[15:30:57] AviKgolD1 (fe9f4036-69b5-38be-a9c3-1d860d8c4398): он из эндерита крафтиться
[15:31:04] LightNight010 (b404b429-ad5e-3cdf-9b17-af0796003c67): эндерняка?
[15:31:12] [CAPS] LightNight010 (b404b429-ad5e-3cdf-9b17-af0796003c67): ахахаххахахах
[15:31:14] AviKgolD1 (fe9f4036-69b5-38be-a9c3-1d860d8c4398): бл
[15:31:15] LightNight010 (b404b429-ad5e-3cdf-9b17-af0796003c67): ахааххахахаах
[15:31:32] AviKgolD1 (fe9f4036-69b5-38be-a9c3-1d860d8c4398): ладно потом притащу нового
[15:32:10] AviKgolD1 (fe9f4036-69b5-38be-a9c3-1d860d8c4398): это ресы для фермы
[15:32:13] AviKgolD1 (fe9f4036-69b5-38be-a9c3-1d860d8c4398): тотемов
[15:32:15] LightNight010 (b404b429-ad5e-3cdf-9b17-af0796003c67): го строить?
[15:32:23] AviKgolD1 (fe9f4036-69b5-38be-a9c3-1d860d8c4398): не знаю
[15:32:32] AviKgolD1 (fe9f4036-69b5-38be-a9c3-1d860d8c4398): у тебя гайд есть?
[15:32:41] LightNight010 (b404b429-ad5e-3cdf-9b17-af0796003c67): А у тебя7
[15:32:44] LightNight010 (b404b429-ad5e-3cdf-9b17-af0796003c67): А у тебя?
[15:32:45] AviKgolD1 (fe9f4036-69b5-38be-a9c3-1d860d8c4398): точнее ты можешь его включить
[15:32:55] LightNight010 (b404b429-ad5e-3cdf-9b17-af0796003c67): кинь в дс
[15:33:00] AviKgolD1 (fe9f4036-69b5-38be-a9c3-1d860d8c4398): у меня как раз сейчас нет возможности его включить
[15:33:07] LightNight010 (b404b429-ad5e-3cdf-9b17-af0796003c67): а
[15:33:14] AviKgolD1 (fe9f4036-69b5-38be-a9c3-1d860d8c4398): в планах есть
[15:33:17] LightNight010 (b404b429-ad5e-3cdf-9b17-af0796003c67): ок
[15:33:36] LightNight010 (b404b429-ad5e-3cdf-9b17-af0796003c67): жесть
[15:33:49] LightNight010 (b404b429-ad5e-3cdf-9b17-af0796003c67): у нас всё есть?
[15:34:00] AviKgolD1 (fe9f4036-69b5-38be-a9c3-1d860d8c4398): пересмотри
[15:34:04] AviKgolD1 (fe9f4036-69b5-38be-a9c3-1d860d8c4398): вроде все
[15:34:14] AviKgolD1 (fe9f4036-69b5-38be-a9c3-1d860d8c4398): только оставлось стекла не много
[15:34:35] LightNight010 (b404b429-ad5e-3cdf-9b17-af0796003c67): fuf
[15:34:36] LightNight010 (b404b429-ad5e-3cdf-9b17-af0796003c67): ага
[15:34:41] LightNight010 (b404b429-ad5e-3cdf-9b17-af0796003c67): где то стак полтора
[15:35:13] LightNight010 (b404b429-ad5e-3cdf-9b17-af0796003c67): люкиииии
[15:35:16] LightNight010 (b404b429-ad5e-3cdf-9b17-af0796003c67): а есть
[15:35:17] LightNight010 (b404b429-ad5e-3cdf-9b17-af0796003c67): сори
[15:35:41] AviKgolD1 (fe9f4036-69b5-38be-a9c3-1d860d8c4398): вроде всё
[15:35:43] LightNight010 (b404b429-ad5e-3cdf-9b17-af0796003c67): лава
[15:35:53] AviKgolD1 (fe9f4036-69b5-38be-a9c3-1d860d8c4398): ага
[15:36:00] LightNight010 (b404b429-ad5e-3cdf-9b17-af0796003c67): и лодки
[15:36:01] AviKgolD1 (fe9f4036-69b5-38be-a9c3-1d860d8c4398): сейчас
[15:36:04] LightNight010 (b404b429-ad5e-3cdf-9b17-af0796003c67): и ламинарий
[15:36:14] AviKgolD1 (fe9f4036-69b5-38be-a9c3-1d860d8c4398): там дерево есть для лодок
[15:36:18] LightNight010 (b404b429-ad5e-3cdf-9b17-af0796003c67): ок
[15:36:23] LightNight010 (b404b429-ad5e-3cdf-9b17-af0796003c67): я за ламинарием
[15:36:33] AviKgolD1 (fe9f4036-69b5-38be-a9c3-1d860d8c4398): а ломинария в океане а строится все над океаном
[15:36:37] LightNight010 (b404b429-ad5e-3cdf-9b17-af0796003c67): а ок
[15:36:48] LightNight010 (b404b429-ad5e-3cdf-9b17-af0796003c67): лава у меня есть
[15:37:01] LightNight010 (b404b429-ad5e-3cdf-9b17-af0796003c67): около меня строить будем?
[15:37:19] AviKgolD1 (fe9f4036-69b5-38be-a9c3-1d860d8c4398): нет скорее всего
[15:37:23] LightNight010 (b404b429-ad5e-3cdf-9b17-af0796003c67): Где?
[15:37:34] AviKgolD1 (fe9f4036-69b5-38be-a9c3-1d860d8c4398): нужно там где есть житель
[15:37:35] RunishYT (deb2ebb7-8562-3728-8ba8-ec800da9360c): бойтесь нас
[15:37:42] AviKgolD1 (fe9f4036-69b5-38be-a9c3-1d860d8c4398): его же нужно привести
[15:37:48] LightNight010 (b404b429-ad5e-3cdf-9b17-af0796003c67): А где он есть?
[15:37:49] RunishYT (deb2ebb7-8562-3728-8ba8-ec800da9360c): мы геи
[15:37:53] LightNight010 (b404b429-ad5e-3cdf-9b17-af0796003c67): Правильно тут
[15:38:02] LightNight010 (b404b429-ad5e-3cdf-9b17-af0796003c67): как раз океан рядом
[15:38:04] GOLDENDUSST (a0ee3527-abbd-3f28-bd2e-ff7c77b23497): Уважайте женщин
[15:38:13] GOLDENDUSST (a0ee3527-abbd-3f28-bd2e-ff7c77b23497): Жизни чёрных важны
[15:38:13] AviKgolD1 (fe9f4036-69b5-38be-a9c3-1d860d8c4398): тут рядом океан рил?
[15:38:14] RunishYT (deb2ebb7-8562-3728-8ba8-ec800da9360c): пока я уважаю вашу маму
[15:38:22] LightNight010 (b404b429-ad5e-3cdf-9b17-af0796003c67): а там что
[15:38:53] AviKgolD1 (fe9f4036-69b5-38be-a9c3-1d860d8c4398): нет это не подходит
[15:38:59] AviKgolD1 (fe9f4036-69b5-38be-a9c3-1d860d8c4398): к сожалению
[15:39:02] LightNight010 (b404b429-ad5e-3cdf-9b17-af0796003c67): а поч
[15:39:19] AviKgolD1 (fe9f4036-69b5-38be-a9c3-1d860d8c4398): нужно чтобы в радиусе 64 блоков была вода
[15:39:28] LightNight010 (b404b429-ad5e-3cdf-9b17-af0796003c67): а там её нет?
[15:39:34] LightNight010 (b404b429-ad5e-3cdf-9b17-af0796003c67): а бл
[15:39:37] LightNight010 (b404b429-ad5e-3cdf-9b17-af0796003c67): это озеро
[15:39:42] AviKgolD1 (fe9f4036-69b5-38be-a9c3-1d860d8c4398): ага
[15:40:05] AviKgolD1 (fe9f4036-69b5-38be-a9c3-1d860d8c4398): продадите ферки или порох?
[15:40:13] LightNight010 (b404b429-ad5e-3cdf-9b17-af0796003c67): около меня океан лол
[15:40:14] RunishYT (deb2ebb7-8562-3728-8ba8-ec800da9360c): но
[15:40:17] RunishYT (deb2ebb7-8562-3728-8ba8-ec800da9360c): ноу
[15:40:20] LightNight010 (b404b429-ad5e-3cdf-9b17-af0796003c67): нет
[15:40:23] LightNight010 (b404b429-ad5e-3cdf-9b17-af0796003c67): нету точнее
[15:40:26] AviKgolD1 (fe9f4036-69b5-38be-a9c3-1d860d8c4398): ладно
[15:40:26] LightNight010 (b404b429-ad5e-3cdf-9b17-af0796003c67): нет
[15:40:29] LightNight010 (b404b429-ad5e-3cdf-9b17-af0796003c67): около меня океан лол
[15:41:00] LightNight010 (b404b429-ad5e-3cdf-9b17-af0796003c67): го ко не
[15:41:02] LightNight010 (b404b429-ad5e-3cdf-9b17-af0796003c67): го ко мне
[15:41:12] AviKgolD1 (fe9f4036-69b5-38be-a9c3-1d860d8c4398): ща ток шалкера возьму
[15:41:17] LightNight010 (b404b429-ad5e-3cdf-9b17-af0796003c67): ок я у себя
[15:56:07] RunishYT (deb2ebb7-8562-3728-8ba8-ec800da9360c): кому нужны кирки на шелк и удачу?
[15:56:11] RunishYT (deb2ebb7-8562-3728-8ba8-ec800da9360c): фулл чаренные
[15:56:27] AviKgolD1 (fe9f4036-69b5-38be-a9c3-1d860d8c4398): имеются
[16:04:50] RunishYT (deb2ebb7-8562-3728-8ba8-ec800da9360c): объявление всему серваку
[16:04:57] RunishYT (deb2ebb7-8562-3728-8ba8-ec800da9360c): я буду строить ферму обсы
[16:05:06] RunishYT (deb2ebb7-8562-3728-8ba8-ec800da9360c): я буду строить ферму обсы
[16:05:31] RunishYT (deb2ebb7-8562-3728-8ba8-ec800da9360c): поэтому если хотите попасть в энд смотрите если там кто-то находится то спросите фармится ли он
[16:05:35] RunishYT (deb2ebb7-8562-3728-8ba8-ec800da9360c): на ферме обсы
[16:05:43] RunishYT (deb2ebb7-8562-3728-8ba8-ec800da9360c): если нк спросите вам пизда
[16:34:19] LightNight010 (b404b429-ad5e-3cdf-9b17-af0796003c67): ку
[16:34:47] Bradly378 (9ab93dfb-1454-3bb1-b47f-700f714534a9): так стой и не двигайся
[16:35:27] LightNight010 (b404b429-ad5e-3cdf-9b17-af0796003c67): ооооо
[16:35:30] LightNight010 (b404b429-ad5e-3cdf-9b17-af0796003c67): Спасибки
[16:35:53] Bradly378 (9ab93dfb-1454-3bb1-b47f-700f714534a9): в след раз не выходи из маина в океане
[16:35:58] LightNight010 (b404b429-ad5e-3cdf-9b17-af0796003c67): Ахах ок
[16:37:55] Bradly378 (9ab93dfb-1454-3bb1-b47f-700f714534a9): никому никакая помощь не требуется пока я тут?
[16:38:09] GOLDENDUSST (a0ee3527-abbd-3f28-bd2e-ff7c77b23497): Нужна
[16:38:11] AviKgolD1 (fe9f4036-69b5-38be-a9c3-1d860d8c4398): нет вроде
[16:38:29] GOLDENDUSST (a0ee3527-abbd-3f28-bd2e-ff7c77b23497): Короч меня укусила змея в головку нужно отсосатт яд пока я не сдох
[16:38:51] GOLDENDUSST (a0ee3527-abbd-3f28-bd2e-ff7c77b23497): Пж спаси ты мой единственный шанс выжить
[16:38:56] RunishYT (deb2ebb7-8562-3728-8ba8-ec800da9360c): я смотрел видео утопии шоу
[16:39:04] RunishYT (deb2ebb7-8562-3728-8ba8-ec800da9360c): и он говорил что эта хуйня не робит
[16:39:17] Bradly378 (9ab93dfb-1454-3bb1-b47f-700f714534a9): -.-
[16:39:24] RunishYT (deb2ebb7-8562-3728-8ba8-ec800da9360c): ты сдох уже короч
[16:39:28] GOLDENDUSST (a0ee3527-abbd-3f28-bd2e-ff7c77b23497): Я не просил меня выебать, не пойми неправельно но гомо
[16:39:38] RunishYT (deb2ebb7-8562-3728-8ba8-ec800da9360c): ноу гомо
[16:40:03] RunishYT (deb2ebb7-8562-3728-8ba8-ec800da9360c): ноу гомо дДотаро Сан
[16:40:13] RunishYT (deb2ebb7-8562-3728-8ba8-ec800da9360c): ноу гомо Джотаро Сан
[16:40:57] RunishYT (deb2ebb7-8562-3728-8ba8-ec800da9360c): блять
[16:41:02] RunishYT (deb2ebb7-8562-3728-8ba8-ec800da9360c): нигеры не спавнятся
[16:41:14] RunishYT (deb2ebb7-8562-3728-8ba8-ec800da9360c): в фортрессе
[16:49:20] GOLDENDUSST (a0ee3527-abbd-3f28-bd2e-ff7c77b23497): не понял
[16:49:30] GOLDENDUSST (a0ee3527-abbd-3f28-bd2e-ff7c77b23497): ты зачем трубку бросил
[16:49:37] RunishYT (deb2ebb7-8562-3728-8ba8-ec800da9360c): я срать
[16:50:06] GOLDENDUSST (a0ee3527-abbd-3f28-bd2e-ff7c77b23497): уебан камень спиздил
[16:50:17] RunishYT (deb2ebb7-8562-3728-8ba8-ec800da9360c): падилом
[16:51:48] RunishYT (deb2ebb7-8562-3728-8ba8-ec800da9360c): сука пол хп
[16:51:52] LightNight010 (b404b429-ad5e-3cdf-9b17-af0796003c67): скипните пацаны, мы в жопе
[16:52:11] GOLDENDUSST (a0ee3527-abbd-3f28-bd2e-ff7c77b23497): Не скипай там скорее всего орда зомби
[16:52:20] GOLDENDUSST (a0ee3527-abbd-3f28-bd2e-ff7c77b23497): Так что пизда ему
[16:52:20] RunishYT (deb2ebb7-8562-3728-8ba8-ec800da9360c): я сделал все что мог
[16:52:32] LightNight010 (b404b429-ad5e-3cdf-9b17-af0796003c67): Мы в океане
[16:52:43] AviKgolD1 (fe9f4036-69b5-38be-a9c3-1d860d8c4398): мы в океане какая орда зомби
[16:52:52] LightNight010 (b404b429-ad5e-3cdf-9b17-af0796003c67): просто в 3к блоков от спавна лол
[16:52:56] AviKgolD1 (fe9f4036-69b5-38be-a9c3-1d860d8c4398): фантомы просто бесят
[16:53:00] LightNight010 (b404b429-ad5e-3cdf-9b17-af0796003c67): и кровати не взяли
[16:53:15] RunishYT (deb2ebb7-8562-3728-8ba8-ec800da9360c): я сделал все что мог
[16:53:16] GOLDENDUSST (a0ee3527-abbd-3f28-bd2e-ff7c77b23497): Я думаль типо пизда из-за зомби иногда спавнится около 15 штук
[16:53:20] GOLDENDUSST (a0ee3527-abbd-3f28-bd2e-ff7c77b23497): За раз
[16:53:40] RunishYT (deb2ebb7-8562-3728-8ba8-ec800da9360c): увхахахха
[16:53:43] RunishYT (deb2ebb7-8562-3728-8ba8-ec800da9360c): переиграл лоха
[16:53:51] GOLDENDUSST (a0ee3527-abbd-3f28-bd2e-ff7c77b23497): еблан я просто поспал
[16:53:55] GOLDENDUSST (a0ee3527-abbd-3f28-bd2e-ff7c77b23497): чтобы скипнуть
[17:29:03] AviKgolD1 (fe9f4036-69b5-38be-a9c3-1d860d8c4398): скип плиз
[17:41:21] LightNight010 (b404b429-ad5e-3cdf-9b17-af0796003c67): скип плз
[17:43:46] LightNight010 (b404b429-ad5e-3cdf-9b17-af0796003c67): скип плз оч надо
[17:58:42] AviKgolD1 (fe9f4036-69b5-38be-a9c3-1d860d8c4398): 0 131
[18:05:03] AviKgolD1 (fe9f4036-69b5-38be-a9c3-1d860d8c4398): qq
[18:05:06] LightNight010 (b404b429-ad5e-3cdf-9b17-af0796003c67): q
[18:28:58] LightNight010 (b404b429-ad5e-3cdf-9b17-af0796003c67): рейдеров абсолютно нет
[18:29:06] LightNight010 (b404b429-ad5e-3cdf-9b17-af0796003c67): просто не спавнятся
[18:32:13] LightNight010 (b404b429-ad5e-3cdf-9b17-af0796003c67): ч со спавнрейтом бл
