[15:35:17] ItsFartunaRu (87aa0b4c-629f-3cae-a9c4-787ca2fa3e21): готовь эсс
[15:40:28] ItsFartunaRu (87aa0b4c-629f-3cae-a9c4-787ca2fa3e21): ья балфыао
[15:40:33] ItsFartunaRu (87aa0b4c-629f-3cae-a9c4-787ca2fa3e21): че
[15:40:52] ItsFartunaRu (87aa0b4c-629f-3cae-a9c4-787ca2fa3e21): ща
[15:40:57] saikonohack (61d3e846-cfe0-3e5b-b41b-772c1020819e): без крисов
[15:41:01] ItsFartunaRu (87aa0b4c-629f-3cae-a9c4-787ca2fa3e21): какое пвп
[15:41:04] ItsFartunaRu (87aa0b4c-629f-3cae-a9c4-787ca2fa3e21): делай закрытие
[15:41:06] saikonohack (61d3e846-cfe0-3e5b-b41b-772c1020819e): жоское
[15:41:27] ItsFartunaRu (87aa0b4c-629f-3cae-a9c4-787ca2fa3e21): делай закрытие
[15:41:36] ItsFartunaRu (87aa0b4c-629f-3cae-a9c4-787ca2fa3e21): ашалел
[15:42:28] ItsFartunaRu (87aa0b4c-629f-3cae-a9c4-787ca2fa3e21): продам бедрок
[15:42:58] ItsFartunaRu (87aa0b4c-629f-3cae-a9c4-787ca2fa3e21): дыжплыапл
[15:43:00] saikonohack (61d3e846-cfe0-3e5b-b41b-772c1020819e): лох
[15:43:00] ItsFartunaRu (87aa0b4c-629f-3cae-a9c4-787ca2fa3e21): тотем
[15:43:04] ItsFartunaRu (87aa0b4c-629f-3cae-a9c4-787ca2fa3e21): тотем
[15:43:10] ItsFartunaRu (87aa0b4c-629f-3cae-a9c4-787ca2fa3e21): юдя
[15:43:13] ItsFartunaRu (87aa0b4c-629f-3cae-a9c4-787ca2fa3e21): кинь
[15:43:14] ItsFartunaRu (87aa0b4c-629f-3cae-a9c4-787ca2fa3e21): бутылки опыта
[15:43:21] ItsFartunaRu (87aa0b4c-629f-3cae-a9c4-787ca2fa3e21): броня сдохла
[15:43:48] ItsFartunaRu (87aa0b4c-629f-3cae-a9c4-787ca2fa3e21): всё
[15:44:15] [CAPS] ItsFartunaRu (87aa0b4c-629f-3cae-a9c4-787ca2fa3e21): хпыхахпвахпх
[15:44:24] ItsFartunaRu (87aa0b4c-629f-3cae-a9c4-787ca2fa3e21): откуда столько мощи
[15:44:41] saikonohack (61d3e846-cfe0-3e5b-b41b-772c1020819e): ударь рукой пж
[15:44:51] [CAPS] ItsFartunaRu (87aa0b4c-629f-3cae-a9c4-787ca2fa3e21): хпвапхвапхпх
[15:44:53] ItsFartunaRu (87aa0b4c-629f-3cae-a9c4-787ca2fa3e21): ок
[15:45:06] ItsFartunaRu (87aa0b4c-629f-3cae-a9c4-787ca2fa3e21): не тянулова
[15:45:09] saikonohack (61d3e846-cfe0-3e5b-b41b-772c1020819e): спасиба за лаги
[15:46:07] ItsFartunaRu (87aa0b4c-629f-3cae-a9c4-787ca2fa3e21): подари броню на шип
[15:46:24] ItsFartunaRu (87aa0b4c-629f-3cae-a9c4-787ca2fa3e21): тут
[15:47:21] ItsFartunaRu (87aa0b4c-629f-3cae-a9c4-787ca2fa3e21): читы
[15:47:41] saikonohack (61d3e846-cfe0-3e5b-b41b-772c1020819e): да
[15:47:46] ItsFartunaRu (87aa0b4c-629f-3cae-a9c4-787ca2fa3e21): ээээээээээээээ
[15:47:52] saikonohack (61d3e846-cfe0-3e5b-b41b-772c1020819e): вопросы
[15:47:59] ItsFartunaRu (87aa0b4c-629f-3cae-a9c4-787ca2fa3e21): верни топук
[15:48:00] ItsFartunaRu (87aa0b4c-629f-3cae-a9c4-787ca2fa3e21): верни топку
[15:48:27] saikonohack (61d3e846-cfe0-3e5b-b41b-772c1020819e): вообще иди в бан крч
[15:48:31] ItsFartunaRu (87aa0b4c-629f-3cae-a9c4-787ca2fa3e21): ашалел
[15:48:36] ItsFartunaRu (87aa0b4c-629f-3cae-a9c4-787ca2fa3e21): хранение топ ресов да
[15:48:41] ItsFartunaRu (87aa0b4c-629f-3cae-a9c4-787ca2fa3e21): собирал весь вайп
[15:48:54] saikonohack (61d3e846-cfe0-3e5b-b41b-772c1020819e): всё
[15:48:58] saikonohack (61d3e846-cfe0-3e5b-b41b-772c1020819e): бб сервер я лива
[15:49:00] saikonohack (61d3e846-cfe0-3e5b-b41b-772c1020819e): ливаю
[15:49:04] ItsFartunaRu (87aa0b4c-629f-3cae-a9c4-787ca2fa3e21): э ща
[15:49:18] ItsFartunaRu (87aa0b4c-629f-3cae-a9c4-787ca2fa3e21): чекай
[15:49:31] saikonohack (61d3e846-cfe0-3e5b-b41b-772c1020819e): лан
[15:49:47] saikonohack (61d3e846-cfe0-3e5b-b41b-772c1020819e): 3
[15:49:48] saikonohack (61d3e846-cfe0-3e5b-b41b-772c1020819e): 2
[15:49:49] saikonohack (61d3e846-cfe0-3e5b-b41b-772c1020819e): 1
