[08:23:33] NightVizer (baecb933-9897-3b35-86a3-c2c9dd1004dd): привет)
[08:24:00] RunishYT (deb2ebb7-8562-3728-8ba8-ec800da9360c): биля
[08:37:35] NightVizer (baecb933-9897-3b35-86a3-c2c9dd1004dd): макс ты?
[08:44:03] RunishYT (deb2ebb7-8562-3728-8ba8-ec800da9360c): ладно
[08:44:29] NightVizer (baecb933-9897-3b35-86a3-c2c9dd1004dd): привет)
[08:45:12] RunishYT (deb2ebb7-8562-3728-8ba8-ec800da9360c): -_-
[08:45:29] Luxio (c9c65fb0-c5d9-364f-881a-0566723bee1c): !
[08:45:31] RunishYT (deb2ebb7-8562-3728-8ba8-ec800da9360c): Тебе дать ресы или сам?
[08:45:38] Luxio (c9c65fb0-c5d9-364f-881a-0566723bee1c): NightVizer
[08:45:43] Luxio (c9c65fb0-c5d9-364f-881a-0566723bee1c): Привет
[08:45:44] NightVizer (baecb933-9897-3b35-86a3-c2c9dd1004dd): але админ, а мне почему не сказали что сдесь есть ресурспак
[08:45:47] NightVizer (baecb933-9897-3b35-86a3-c2c9dd1004dd): привет)
[08:45:51] RunishYT (deb2ebb7-8562-3728-8ba8-ec800da9360c): MagicShadow
[08:46:02] RunishYT (deb2ebb7-8562-3728-8ba8-ec800da9360c): Тебе дать ресы или сам?
[08:46:07] NightVizer (baecb933-9897-3b35-86a3-c2c9dd1004dd): корды в лс скажу
[08:46:16] Luxio (c9c65fb0-c5d9-364f-881a-0566723bee1c): ок
[08:47:03] RunishYT (deb2ebb7-8562-3728-8ba8-ec800da9360c): Визер у тебя есть жители?
[08:47:26] NightVizer (baecb933-9897-3b35-86a3-c2c9dd1004dd): ты же руниш из дискорда, я с тобой общаться не буду
[08:47:33] RunishYT (deb2ebb7-8562-3728-8ba8-ec800da9360c): ладно
[08:47:37] RunishYT (deb2ebb7-8562-3728-8ba8-ec800da9360c): пошел нахуй
[08:48:17] _MagicShadow_ (806b9490-3fe7-3c9b-a8f8-e73b9d0be3a8): RunishYT , если можешь дай
[08:48:27] RunishYT (deb2ebb7-8562-3728-8ba8-ec800da9360c): ладно
[08:50:14] RunishYT (deb2ebb7-8562-3728-8ba8-ec800da9360c): ты на спавне?
[08:50:20] _MagicShadow_ (806b9490-3fe7-3c9b-a8f8-e73b9d0be3a8): да
[08:50:33] RunishYT (deb2ebb7-8562-3728-8ba8-ec800da9360c): жди
[08:50:37] _MagicShadow_ (806b9490-3fe7-3c9b-a8f8-e73b9d0be3a8): ок
[08:50:45] _MagicShadow_ (806b9490-3fe7-3c9b-a8f8-e73b9d0be3a8): ок
[08:51:30] NightVizer (baecb933-9897-3b35-86a3-c2c9dd1004dd): в новводениях я не видел, и в ссылках нигде....
[08:52:09] NightVizer (baecb933-9897-3b35-86a3-c2c9dd1004dd): и дв сайко рассмотри жалобу пожалуйста
[08:52:24] NightVizer (baecb933-9897-3b35-86a3-c2c9dd1004dd): ну вроде я по обычному сенрв добавил
[08:52:43] NightVizer (baecb933-9897-3b35-86a3-c2c9dd1004dd): и ресурсы включены поставил
[08:53:07] NightVizer (baecb933-9897-3b35-86a3-c2c9dd1004dd): да но сйчас я без него
[08:53:40] NightVizer (baecb933-9897-3b35-86a3-c2c9dd1004dd): какое рп?
[08:53:46] GulgPlayer (a1c0ea2e-fe38-3c55-a100-bcde7e6529b1): ресурспак
[08:54:09] NightVizer (baecb933-9897-3b35-86a3-c2c9dd1004dd): незнаю, я сюда с оптифайном не заходил
[08:54:22] RunishYT (deb2ebb7-8562-3728-8ba8-ec800da9360c): гений
[08:54:35] NightVizer (baecb933-9897-3b35-86a3-c2c9dd1004dd): мне без него норм)
[08:54:43] NightVizer (baecb933-9897-3b35-86a3-c2c9dd1004dd): окей)
[08:55:34] _MagicShadow_ (806b9490-3fe7-3c9b-a8f8-e73b9d0be3a8): привет
[08:55:44] _MagicShadow_ (806b9490-3fe7-3c9b-a8f8-e73b9d0be3a8): Спасибо
[08:55:59] _MagicShadow_ (806b9490-3fe7-3c9b-a8f8-e73b9d0be3a8): большое
[08:56:49] NightVizer (baecb933-9897-3b35-86a3-c2c9dd1004dd): лукс к тебе идти на нуливые координаты?
[08:57:00] Luxio (c9c65fb0-c5d9-364f-881a-0566723bee1c): не сейчас
[08:57:10] NightVizer (baecb933-9897-3b35-86a3-c2c9dd1004dd): ну лан
[08:57:44] GulgPlayer (a1c0ea2e-fe38-3c55-a100-bcde7e6529b1): корды 197 64 279 в нижнем сундуке командный блок
[08:57:49] GulgPlayer (a1c0ea2e-fe38-3c55-a100-bcde7e6529b1): откуда?
[08:58:21] NightVizer (baecb933-9897-3b35-86a3-c2c9dd1004dd): пхпххпапххпах админ командный блок задюпал
[08:58:26] GulgPlayer (a1c0ea2e-fe38-3c55-a100-bcde7e6529b1): ясно
[08:58:32] GulgPlayer (a1c0ea2e-fe38-3c55-a100-bcde7e6529b1): можно взять?))
[08:59:01] RunishYT (deb2ebb7-8562-3728-8ba8-ec800da9360c): за такие мувы меня забанили на позапрошлом серве
[08:59:13] GulgPlayer (a1c0ea2e-fe38-3c55-a100-bcde7e6529b1): я шучу
[08:59:17] GulgPlayer (a1c0ea2e-fe38-3c55-a100-bcde7e6529b1): для особо одарённых
[08:59:24] RunishYT (deb2ebb7-8562-3728-8ba8-ec800da9360c): я про команд блок
[09:03:51] Luxio (c9c65fb0-c5d9-364f-881a-0566723bee1c): всё я тут
[09:04:43] NightVizer (baecb933-9897-3b35-86a3-c2c9dd1004dd): а я уже за 100 ушёл... ща вернусь.....
[09:04:51] NightVizer (baecb933-9897-3b35-86a3-c2c9dd1004dd): за 1000
[09:09:14] NightVizer (baecb933-9897-3b35-86a3-c2c9dd1004dd): я тут
[09:09:18] Luxio (c9c65fb0-c5d9-364f-881a-0566723bee1c): ща
[09:09:49] Luxio (c9c65fb0-c5d9-364f-881a-0566723bee1c): у тебя есть шерсть?
[09:09:59] NightVizer (baecb933-9897-3b35-86a3-c2c9dd1004dd): меч или топор?
[09:10:02] Luxio (c9c65fb0-c5d9-364f-881a-0566723bee1c): топор
[09:10:11] NightVizer (baecb933-9897-3b35-86a3-c2c9dd1004dd): есть
[09:10:22] Luxio (c9c65fb0-c5d9-364f-881a-0566723bee1c): а эндер глаза?
[09:10:26] NightVizer (baecb933-9897-3b35-86a3-c2c9dd1004dd): да
[09:10:35] Luxio (c9c65fb0-c5d9-364f-881a-0566723bee1c): сколько?
[09:10:44] NightVizer (baecb933-9897-3b35-86a3-c2c9dd1004dd): 16
[09:11:00] Luxio (c9c65fb0-c5d9-364f-881a-0566723bee1c): дай 2 штуки
[09:11:08] NightVizer (baecb933-9897-3b35-86a3-c2c9dd1004dd): зач?
[09:11:14] Luxio (c9c65fb0-c5d9-364f-881a-0566723bee1c): я могу найти портал
[09:11:19] Luxio (c9c65fb0-c5d9-364f-881a-0566723bee1c): быстро
[09:11:34] NightVizer (baecb933-9897-3b35-86a3-c2c9dd1004dd): по проге
[09:11:37] NightVizer (baecb933-9897-3b35-86a3-c2c9dd1004dd): неееее
[09:11:45] Luxio (c9c65fb0-c5d9-364f-881a-0566723bee1c): это сайт
[09:11:49] NightVizer (baecb933-9897-3b35-86a3-c2c9dd1004dd): неееее
[09:12:02] Luxio (c9c65fb0-c5d9-364f-881a-0566723bee1c): ты просто координаты пишешь
[09:12:12] NightVizer (baecb933-9897-3b35-86a3-c2c9dd1004dd): я зню про него
[09:12:13] Luxio (c9c65fb0-c5d9-364f-881a-0566723bee1c): там нужно только 2 броска
[09:12:26] Luxio (c9c65fb0-c5d9-364f-881a-0566723bee1c): дай еды
[09:12:52] Luxio (c9c65fb0-c5d9-364f-881a-0566723bee1c): сколько у тебя шерсти?
[09:13:00] NightVizer (baecb933-9897-3b35-86a3-c2c9dd1004dd): 25
[09:13:13] Luxio (c9c65fb0-c5d9-364f-881a-0566723bee1c): будем дракона убивать кроватями?
[09:13:37] NightVizer (baecb933-9897-3b35-86a3-c2c9dd1004dd): я бы лучше по классике, так как я играю недавно и это будет мой 2 драокн
[09:14:12] Luxio (c9c65fb0-c5d9-364f-881a-0566723bee1c): можешь дать ведро воды?
[09:14:55] NightVizer (baecb933-9897-3b35-86a3-c2c9dd1004dd): это не осёл
[09:15:01] Luxio (c9c65fb0-c5d9-364f-881a-0566723bee1c): ок
[09:16:37] Luxio (c9c65fb0-c5d9-364f-881a-0566723bee1c): F
[09:16:41] NightVizer (baecb933-9897-3b35-86a3-c2c9dd1004dd): ппц уже 2
[09:18:54] NightVizer (baecb933-9897-3b35-86a3-c2c9dd1004dd): у меня еды полно
[09:22:10] NightVizer (baecb933-9897-3b35-86a3-c2c9dd1004dd): так в какую сторону я подзабыл
[09:23:28] Luxio (c9c65fb0-c5d9-364f-881a-0566723bee1c): f
[09:23:45] Luxio (c9c65fb0-c5d9-364f-881a-0566723bee1c): у тебя сейчас 13 эндер глаз?
[09:24:07] NightVizer (baecb933-9897-3b35-86a3-c2c9dd1004dd): 3 и 11 не скравченых
[09:25:00] Luxio (c9c65fb0-c5d9-364f-881a-0566723bee1c): может через сайт узнаем где портал)
[09:25:11] NightVizer (baecb933-9897-3b35-86a3-c2c9dd1004dd): да ну ненадо дружище))))))
[09:25:27] NightVizer (baecb933-9897-3b35-86a3-c2c9dd1004dd): я чё зря с излишком добывал))))
[09:28:42] NightVizer (baecb933-9897-3b35-86a3-c2c9dd1004dd): аааааааа
[09:29:03] NightVizer (baecb933-9897-3b35-86a3-c2c9dd1004dd): но уже очень близко
[09:31:05] NightVizer (baecb933-9897-3b35-86a3-c2c9dd1004dd): кстати этот портал скорее всего 2 го прям над ним базу строить?
[09:31:24] Luxio (c9c65fb0-c5d9-364f-881a-0566723bee1c): давай
[09:32:34] [CAPS] RunishYT (deb2ebb7-8562-3728-8ba8-ec800da9360c): ахуеть
[09:32:45] RunishYT (deb2ebb7-8562-3728-8ba8-ec800da9360c): алаооаокоаоокоаокоо
[09:33:15] NightVizer (baecb933-9897-3b35-86a3-c2c9dd1004dd): спасибо
[09:34:09] NightVizer (baecb933-9897-3b35-86a3-c2c9dd1004dd): пипец вся гора чтоли такая
[09:35:22] NightVizer (baecb933-9897-3b35-86a3-c2c9dd1004dd): ааааааааа
[09:35:53] Luxio (c9c65fb0-c5d9-364f-881a-0566723bee1c): f
[09:36:39] NightVizer (baecb933-9897-3b35-86a3-c2c9dd1004dd): есть
[09:37:12] NightVizer (baecb933-9897-3b35-86a3-c2c9dd1004dd): ещё пускать?
[09:37:18] Luxio (c9c65fb0-c5d9-364f-881a-0566723bee1c): нет
[09:37:46] Luxio (c9c65fb0-c5d9-364f-881a-0566723bee1c): где-то сдесь
[09:37:51] Luxio (c9c65fb0-c5d9-364f-881a-0566723bee1c): здесь
[09:39:21] Luxio (c9c65fb0-c5d9-364f-881a-0566723bee1c): кидай
[09:39:52] NightVizer (baecb933-9897-3b35-86a3-c2c9dd1004dd): стой ещё один могу кидлать у меня 13
[09:43:54] Luxio (c9c65fb0-c5d9-364f-881a-0566723bee1c): я уже вижу крепость на мини карте
[09:43:57] RunishYT (deb2ebb7-8562-3728-8ba8-ec800da9360c): так
[09:44:03] RunishYT (deb2ebb7-8562-3728-8ba8-ec800da9360c): у тебя есть жители?
[09:44:07] GulgPlayer (a1c0ea2e-fe38-3c55-a100-bcde7e6529b1): да
[09:44:16] RunishYT (deb2ebb7-8562-3728-8ba8-ec800da9360c): больше 1?
[09:44:19] GulgPlayer (a1c0ea2e-fe38-3c55-a100-bcde7e6529b1): да
[09:44:20] _MagicShadow_ (806b9490-3fe7-3c9b-a8f8-e73b9d0be3a8): 2
[09:44:21] GulgPlayer (a1c0ea2e-fe38-3c55-a100-bcde7e6529b1): 3
[09:44:44] NightVizer (baecb933-9897-3b35-86a3-c2c9dd1004dd): тут
[09:45:03] RunishYT (deb2ebb7-8562-3728-8ba8-ec800da9360c): энд нельзя
[09:45:07] RunishYT (deb2ebb7-8562-3728-8ba8-ec800da9360c): кстати
[09:45:14] RunishYT (deb2ebb7-8562-3728-8ba8-ec800da9360c): там обнову делают
[09:45:24] NightVizer (baecb933-9897-3b35-86a3-c2c9dd1004dd): это вчера говорили только на два часа
[09:46:09] Luxio (c9c65fb0-c5d9-364f-881a-0566723bee1c): я знаю где портал
[09:46:23] RunishYT (deb2ebb7-8562-3728-8ba8-ec800da9360c): что на два часа?
[09:47:59] NightVizer (baecb933-9897-3b35-86a3-c2c9dd1004dd): ща я у главы спрошу про энд
[09:48:00] _MagicShadow_ (806b9490-3fe7-3c9b-a8f8-e73b9d0be3a8): ееееее
[09:48:14] RunishYT (deb2ebb7-8562-3728-8ba8-ec800da9360c): Вова пошел нахуй
[09:48:19] RunishYT (deb2ebb7-8562-3728-8ba8-ec800da9360c): сервер приватный
[09:48:34] RunishYT (deb2ebb7-8562-3728-8ba8-ec800da9360c): УХАДИ
[09:48:51] GOLDENDUSST (a0ee3527-abbd-3f28-bd2e-ff7c77b23497): Бэлин
[09:48:57] RunishYT (deb2ebb7-8562-3728-8ba8-ec800da9360c): УХАДИ узбек
[09:48:59] GOLDENDUSST (a0ee3527-abbd-3f28-bd2e-ff7c77b23497): Не звони
[09:49:05] GOLDENDUSST (a0ee3527-abbd-3f28-bd2e-ff7c77b23497): Я в колледже
[09:49:07] _MagicShadow_ (806b9490-3fe7-3c9b-a8f8-e73b9d0be3a8): у нас житель родился
[09:49:12] RunishYT (deb2ebb7-8562-3728-8ba8-ec800da9360c): я знаю
[09:49:22] RunishYT (deb2ebb7-8562-3728-8ba8-ec800da9360c): как насчет войны этому ебанату?
[09:49:25] RunishYT (deb2ebb7-8562-3728-8ba8-ec800da9360c): дарк визеру
[09:49:35] RunishYT (deb2ebb7-8562-3728-8ba8-ec800da9360c): россия против украины
[09:49:39] GOLDENDUSST (a0ee3527-abbd-3f28-bd2e-ff7c77b23497): Честно нехочу
[09:49:46] RunishYT (deb2ebb7-8562-3728-8ba8-ec800da9360c): я тоже не хочу
[09:50:02] Luxio (c9c65fb0-c5d9-364f-881a-0566723bee1c): ну что админ написал?
[09:50:08] RunishYT (deb2ebb7-8562-3728-8ba8-ec800da9360c): но кажется однажды придется
[09:50:11] RunishYT (deb2ebb7-8562-3728-8ba8-ec800da9360c): и да
[09:50:17] NightVizer (baecb933-9897-3b35-86a3-c2c9dd1004dd): жду
[09:50:22] RunishYT (deb2ebb7-8562-3728-8ba8-ec800da9360c): наверое надо убрать жителей гулага
[09:50:32] GulgPlayer (a1c0ea2e-fe38-3c55-a100-bcde7e6529b1): а где фортресс?
[09:50:36] GOLDENDUSST (a0ee3527-abbd-3f28-bd2e-ff7c77b23497): Всм
[09:50:41] RunishYT (deb2ebb7-8562-3728-8ba8-ec800da9360c): Нельзя в фортресс
[09:50:44] GulgPlayer (a1c0ea2e-fe38-3c55-a100-bcde7e6529b1): поч
[09:50:47] RunishYT (deb2ebb7-8562-3728-8ba8-ec800da9360c): у него жители
[09:50:52] RunishYT (deb2ebb7-8562-3728-8ba8-ec800da9360c): там обнову делают
[09:50:56] GOLDENDUSST (a0ee3527-abbd-3f28-bd2e-ff7c77b23497): Не скажу он мой то что сказал найт визер его высер то есть дизинфа
[09:50:57] RunishYT (deb2ebb7-8562-3728-8ba8-ec800da9360c): в энде
[09:50:58] GulgPlayer (a1c0ea2e-fe38-3c55-a100-bcde7e6529b1): а когда можно
[09:51:13] RunishYT (deb2ebb7-8562-3728-8ba8-ec800da9360c): А блять фортресс
[09:51:17] RunishYT (deb2ebb7-8562-3728-8ba8-ec800da9360c): Ищи сам
[09:51:18] GulgPlayer (a1c0ea2e-fe38-3c55-a100-bcde7e6529b1): так можно или нет?
[09:51:20] GOLDENDUSST (a0ee3527-abbd-3f28-bd2e-ff7c77b23497): В фортрес можно
[09:51:23] RunishYT (deb2ebb7-8562-3728-8ba8-ec800da9360c): я думал ты про портал
[09:51:27] GulgPlayer (a1c0ea2e-fe38-3c55-a100-bcde7e6529b1): нет
[09:51:27] GOLDENDUSST (a0ee3527-abbd-3f28-bd2e-ff7c77b23497): Нельзя в энд
[09:51:29] RunishYT (deb2ebb7-8562-3728-8ba8-ec800da9360c): в энд
[09:51:32] GulgPlayer (a1c0ea2e-fe38-3c55-a100-bcde7e6529b1): не про портал
[09:52:02] GOLDENDUSST (a0ee3527-abbd-3f28-bd2e-ff7c77b23497): Если найдёшь мой фортресс он помечен табличками его лутать низя
[09:52:11] RunishYT (deb2ebb7-8562-3728-8ba8-ec800da9360c): будем объявлять войну гулагу чтобы уебать его жителей?
[09:52:14] GOLDENDUSST (a0ee3527-abbd-3f28-bd2e-ff7c77b23497): Но могу продать палки ифрита
[09:52:20] GulgPlayer (a1c0ea2e-fe38-3c55-a100-bcde7e6529b1): мне только палочки нужны
[09:52:20] GOLDENDUSST (a0ee3527-abbd-3f28-bd2e-ff7c77b23497): Еблан
[09:52:42] RunishYT (deb2ebb7-8562-3728-8ba8-ec800da9360c): я слабость кстати выбил
[09:52:42] Luxio (c9c65fb0-c5d9-364f-881a-0566723bee1c): я: можно в энд идти?
[09:52:45] GOLDENDUSST (a0ee3527-abbd-3f28-bd2e-ff7c77b23497): Скок надо и чем заплатишь
[09:52:54] Luxio (c9c65fb0-c5d9-364f-881a-0566723bee1c): админ: Его никто и не закрывал. Я попросил народ не заходить пока, мы просто выкатываем обнову. Сегодня доделаю до конца
[09:52:57] RunishYT (deb2ebb7-8562-3728-8ba8-ec800da9360c): алмазес
[09:53:07] GulgPlayer (a1c0ea2e-fe38-3c55-a100-bcde7e6529b1): заплачу железом
[09:53:13] NightVizer (baecb933-9897-3b35-86a3-c2c9dd1004dd): нет, вечером можнро будет
[09:53:17] GulgPlayer (a1c0ea2e-fe38-3c55-a100-bcde7e6529b1): 1 палки 16 железа
[09:53:20] RunishYT (deb2ebb7-8562-3728-8ba8-ec800da9360c): ты его у мэджика не украл?
[09:53:25] GulgPlayer (a1c0ea2e-fe38-3c55-a100-bcde7e6529b1): нет
[09:53:27] _MagicShadow_ (806b9490-3fe7-3c9b-a8f8-e73b9d0be3a8): оно наше
[09:53:28] Luxio (c9c65fb0-c5d9-364f-881a-0566723bee1c): тогда я вечером зайду
[09:53:30] Luxio (c9c65fb0-c5d9-364f-881a-0566723bee1c): пока
[09:53:35] RunishYT (deb2ebb7-8562-3728-8ba8-ec800da9360c): ладно
[09:53:35] GOLDENDUSST (a0ee3527-abbd-3f28-bd2e-ff7c77b23497): молодец но зачем будет искатт зомби жителей или сделаем яму спавна жителей где будет 20 житлей и хотя бы 5 из них станут зомби
[09:53:36] NightVizer (baecb933-9897-3b35-86a3-c2c9dd1004dd): стоп
[09:53:40] NightVizer (baecb933-9897-3b35-86a3-c2c9dd1004dd): не прям вечером
[09:53:46] NightVizer (baecb933-9897-3b35-86a3-c2c9dd1004dd): скрорее всего вечером
[09:53:50] NightVizer (baecb933-9897-3b35-86a3-c2c9dd1004dd): сообщат
[09:53:52] RunishYT (deb2ebb7-8562-3728-8ba8-ec800da9360c): ладно
[09:53:53] Luxio (c9c65fb0-c5d9-364f-881a-0566723bee1c): ок
[09:53:54] GOLDENDUSST (a0ee3527-abbd-3f28-bd2e-ff7c77b23497): Железо у меня есть фармилка
[09:53:56] NightVizer (baecb933-9897-3b35-86a3-c2c9dd1004dd): пока
[09:54:05] RunishYT (deb2ebb7-8562-3728-8ba8-ec800da9360c): алмазес
[09:54:56] RunishYT (deb2ebb7-8562-3728-8ba8-ec800da9360c): еблан лови
[09:55:09] GOLDENDUSST (a0ee3527-abbd-3f28-bd2e-ff7c77b23497): Седло есть?
[09:55:16] GOLDENDUSST (a0ee3527-abbd-3f28-bd2e-ff7c77b23497): Гулг
[09:55:18] GulgPlayer (a1c0ea2e-fe38-3c55-a100-bcde7e6529b1): нет
[09:55:21] GulgPlayer (a1c0ea2e-fe38-3c55-a100-bcde7e6529b1): но есть поводки
[09:55:25] RunishYT (deb2ebb7-8562-3728-8ba8-ec800da9360c): я ферму тотемов сделаю
[09:55:37] RunishYT (deb2ebb7-8562-3728-8ba8-ec800da9360c): яж тебе купил
[09:56:20] GOLDENDUSST (a0ee3527-abbd-3f28-bd2e-ff7c77b23497): Короч я тебе дам 6 палок, а ты мне 4 обсидиана
[09:56:32] GulgPlayer (a1c0ea2e-fe38-3c55-a100-bcde7e6529b1): ок
[09:56:40] GOLDENDUSST (a0ee3527-abbd-3f28-bd2e-ff7c77b23497): Спавн
[09:56:45] GulgPlayer (a1c0ea2e-fe38-3c55-a100-bcde7e6529b1): сецчас приду
[09:56:46] GOLDENDUSST (a0ee3527-abbd-3f28-bd2e-ff7c77b23497): Через 5 мин
[09:56:54] RunishYT (deb2ebb7-8562-3728-8ba8-ec800da9360c): давай вводить алмазы
[09:56:57] RunishYT (deb2ebb7-8562-3728-8ba8-ec800da9360c): как валюту
[09:57:17] GOLDENDUSST (a0ee3527-abbd-3f28-bd2e-ff7c77b23497): Не знаю мне больше нравится обмен
[09:57:45] RunishYT (deb2ebb7-8562-3728-8ba8-ec800da9360c): ну чисто чтобы на рынке
[09:57:48] RunishYT (deb2ebb7-8562-3728-8ba8-ec800da9360c): покупать
[09:57:54] RunishYT (deb2ebb7-8562-3728-8ba8-ec800da9360c): а так можно обменом
[09:58:28] RunishYT (deb2ebb7-8562-3728-8ba8-ec800da9360c): типо с игроками обменом или алмазами а на рынке алмазами
[09:58:32] GulgPlayer (a1c0ea2e-fe38-3c55-a100-bcde7e6529b1): нету у меня обсидиана
[09:58:41] GulgPlayer (a1c0ea2e-fe38-3c55-a100-bcde7e6529b1): я сжёг свою кирку
[09:58:42] RunishYT (deb2ebb7-8562-3728-8ba8-ec800da9360c): копай
[09:58:44] GulgPlayer (a1c0ea2e-fe38-3c55-a100-bcde7e6529b1): так что
[09:59:41] RunishYT (deb2ebb7-8562-3728-8ba8-ec800da9360c): ладно
[10:00:21] GOLDENDUSST (a0ee3527-abbd-3f28-bd2e-ff7c77b23497): Залп
[10:00:29] RunishYT (deb2ebb7-8562-3728-8ba8-ec800da9360c): хуйня
[10:00:35] RunishYT (deb2ebb7-8562-3728-8ba8-ec800da9360c): го эффективность
[10:00:38] GOLDENDUSST (a0ee3527-abbd-3f28-bd2e-ff7c77b23497): Второй торг
[10:00:48] RunishYT (deb2ebb7-8562-3728-8ba8-ec800da9360c): а бля ок
[10:00:57] GOLDENDUSST (a0ee3527-abbd-3f28-bd2e-ff7c77b23497): Ща перезайду
[10:01:04] GOLDENDUSST (a0ee3527-abbd-3f28-bd2e-ff7c77b23497): Инет хуйня у колледжа
[10:02:07] GulgPlayer (a1c0ea2e-fe38-3c55-a100-bcde7e6529b1): а можно за 16 железа 4 стака обычных палок?
[10:02:22] RunishYT (deb2ebb7-8562-3728-8ba8-ec800da9360c): ноу
[10:02:36] RunishYT (deb2ebb7-8562-3728-8ba8-ec800da9360c): я ввожу валюту на серве
[10:02:43] RunishYT (deb2ebb7-8562-3728-8ba8-ec800da9360c): Алмазес
[10:02:43] GulgPlayer (a1c0ea2e-fe38-3c55-a100-bcde7e6529b1): какую
[10:06:27] GOLDENDUSST (a0ee3527-abbd-3f28-bd2e-ff7c77b23497): Руина я сейчас уебу твой обед
[10:06:44] GOLDENDUSST (a0ee3527-abbd-3f28-bd2e-ff7c77b23497): Корейский домашний скот
[10:06:45] RunishYT (deb2ebb7-8562-3728-8ba8-ec800da9360c): Биля Махан не делай этого
[10:06:54] _MagicShadow_ (806b9490-3fe7-3c9b-a8f8-e73b9d0be3a8): кто продаст стак дуба за пол стака дуба?
[10:06:55] GOLDENDUSST (a0ee3527-abbd-3f28-bd2e-ff7c77b23497): Поздно
[10:07:04] GOLDENDUSST (a0ee3527-abbd-3f28-bd2e-ff7c77b23497): Стонкс
[10:07:17] RunishYT (deb2ebb7-8562-3728-8ba8-ec800da9360c): биля Диль Дон Пон ненадо
[10:07:55] RunishYT (deb2ebb7-8562-3728-8ba8-ec800da9360c): 딜던번 не делай этого
[10:09:38] RunishYT (deb2ebb7-8562-3728-8ba8-ec800da9360c): выбей неразрушимость пж
[10:09:54] GulgPlayer (a1c0ea2e-fe38-3c55-a100-bcde7e6529b1): кому продать арбалеты
[10:10:15] GOLDENDUSST (a0ee3527-abbd-3f28-bd2e-ff7c77b23497): Купою
[10:10:17] RunishYT (deb2ebb7-8562-3728-8ba8-ec800da9360c): на дерево
[10:10:24] _MagicShadow_ (806b9490-3fe7-3c9b-a8f8-e73b9d0be3a8): 1 арбалет 4 железа
[10:10:25] RunishYT (deb2ebb7-8562-3728-8ba8-ec800da9360c): выбей неразрушимость
[10:10:33] GOLDENDUSST (a0ee3527-abbd-3f28-bd2e-ff7c77b23497): Куплю два твоих арбалета за мой один арбалет
[10:10:55] GOLDENDUSST (a0ee3527-abbd-3f28-bd2e-ff7c77b23497): Я учусь торговле у мэджика
[10:10:56] _MagicShadow_ (806b9490-3fe7-3c9b-a8f8-e73b9d0be3a8): цена слишком больая мне стыдно за такую цену брать
[10:11:06] RunishYT (deb2ebb7-8562-3728-8ba8-ec800da9360c): Гитлера на вас нет
[10:11:19] GOLDENDUSST (a0ee3527-abbd-3f28-bd2e-ff7c77b23497): Всм я не еврей
[10:11:30] RunishYT (deb2ebb7-8562-3728-8ba8-ec800da9360c): пошел нах узбек
[10:11:41] _MagicShadow_ (806b9490-3fe7-3c9b-a8f8-e73b9d0be3a8): даг кому нужен арбалет?
[10:11:56] GOLDENDUSST (a0ee3527-abbd-3f28-bd2e-ff7c77b23497): Заткнись уйгур чеченец таджик русский кореец узбек
[10:12:04] GOLDENDUSST (a0ee3527-abbd-3f28-bd2e-ff7c77b23497): Кто еще намешан в тебе
[10:12:15] _MagicShadow_ (806b9490-3fe7-3c9b-a8f8-e73b9d0be3a8): я русский , ты угадал
[10:12:19] RunishYT (deb2ebb7-8562-3728-8ba8-ec800da9360c): я куплю арбалет за 2 палки 2 нити и 10 палок
[10:12:37] _MagicShadow_ (806b9490-3fe7-3c9b-a8f8-e73b9d0be3a8): ну го
[10:12:43] GOLDENDUSST (a0ee3527-abbd-3f28-bd2e-ff7c77b23497): Мэджик я не тебе я про руниша точнее про его нацию
[10:12:51] _MagicShadow_ (806b9490-3fe7-3c9b-a8f8-e73b9d0be3a8): аааа
[10:12:53] RunishYT (deb2ebb7-8562-3728-8ba8-ec800da9360c): а еще за 2 натчжных датчика
[10:13:50] GOLDENDUSST (a0ee3527-abbd-3f28-bd2e-ff7c77b23497): У кого медийка есть?
[10:13:56] GOLDENDUSST (a0ee3527-abbd-3f28-bd2e-ff7c77b23497): Это статус на серве
[10:14:04] GulgPlayer (a1c0ea2e-fe38-3c55-a100-bcde7e6529b1): нету у меня
[10:14:25] RunishYT (deb2ebb7-8562-3728-8ba8-ec800da9360c): я медийная личность
[10:14:28] GOLDENDUSST (a0ee3527-abbd-3f28-bd2e-ff7c77b23497): Прост мне нужен чел с эти статусом
[10:14:35] GulgPlayer (a1c0ea2e-fe38-3c55-a100-bcde7e6529b1): зачем
[10:14:48] GOLDENDUSST (a0ee3527-abbd-3f28-bd2e-ff7c77b23497): Ты никому не интересен молчать мой slave
[10:14:54] GOLDENDUSST (a0ee3527-abbd-3f28-bd2e-ff7c77b23497): Я рунишу
[10:15:00] RunishYT (deb2ebb7-8562-3728-8ba8-ec800da9360c): туда его
[10:15:12] GOLDENDUSST (a0ee3527-abbd-3f28-bd2e-ff7c77b23497): Ты сам себя захуярил
[10:15:34] RunishYT (deb2ebb7-8562-3728-8ba8-ec800da9360c): все пошло по плану
[10:16:05] GOLDENDUSST (a0ee3527-abbd-3f28-bd2e-ff7c77b23497): Да я понимаю конечно суицид это плохо но это твой выбор
[10:16:53] RunishYT (deb2ebb7-8562-3728-8ba8-ec800da9360c): заткнулся и сделал неразрушимость
[10:16:55] RunishYT (deb2ebb7-8562-3728-8ba8-ec800da9360c): иначе
[10:17:00] RunishYT (deb2ebb7-8562-3728-8ba8-ec800da9360c): я сделаю это сам
[10:17:04] GOLDENDUSST (a0ee3527-abbd-3f28-bd2e-ff7c77b23497): Не нада
[10:17:07] GOLDENDUSST (a0ee3527-abbd-3f28-bd2e-ff7c77b23497): Дядя
[10:17:14] RunishYT (deb2ebb7-8562-3728-8ba8-ec800da9360c): я сделаю это сам
[10:17:21] GOLDENDUSST (a0ee3527-abbd-3f28-bd2e-ff7c77b23497): наковальню
[10:17:26] GOLDENDUSST (a0ee3527-abbd-3f28-bd2e-ff7c77b23497): Хотяя стой
[10:17:33] GOLDENDUSST (a0ee3527-abbd-3f28-bd2e-ff7c77b23497): ща нужно кое что сделатт
[10:17:43] RunishYT (deb2ebb7-8562-3728-8ba8-ec800da9360c): туууут
[10:17:45] GOLDENDUSST (a0ee3527-abbd-3f28-bd2e-ff7c77b23497): сломай портал как только я туда зайд3
[10:17:46] RunishYT (deb2ebb7-8562-3728-8ba8-ec800da9360c): стоит
[10:18:05] RunishYT (deb2ebb7-8562-3728-8ba8-ec800da9360c): переместишься?
[10:18:08] RunishYT (deb2ebb7-8562-3728-8ba8-ec800da9360c): а я понял
[10:18:12] GOLDENDUSST (a0ee3527-abbd-3f28-bd2e-ff7c77b23497): ломай
[10:18:28] GOLDENDUSST (a0ee3527-abbd-3f28-bd2e-ff7c77b23497): Сломал?
[10:18:29] RunishYT (deb2ebb7-8562-3728-8ba8-ec800da9360c): входи братик
[10:18:50] GOLDENDUSST (a0ee3527-abbd-3f28-bd2e-ff7c77b23497): биля мага я здесь
[10:20:27] RunishYT (deb2ebb7-8562-3728-8ba8-ec800da9360c): Грохот
[10:20:29] RunishYT (deb2ebb7-8562-3728-8ba8-ec800da9360c): входи братик
[10:20:37] RunishYT (deb2ebb7-8562-3728-8ba8-ec800da9360c): Грохот
[10:20:51] RunishYT (deb2ebb7-8562-3728-8ba8-ec800da9360c): тебе пизда Вова я делаю жителя
[10:21:05] GOLDENDUSST (a0ee3527-abbd-3f28-bd2e-ff7c77b23497): Делай дешевле
[10:21:23] RunishYT (deb2ebb7-8562-3728-8ba8-ec800da9360c): ты ты меня не остановишь?
[10:21:33] GOLDENDUSST (a0ee3527-abbd-3f28-bd2e-ff7c77b23497): Делай раб
[10:21:58] _MagicShadow_ (806b9490-3fe7-3c9b-a8f8-e73b9d0be3a8): кто продаст стак хлеба?
[10:22:13] RunishYT (deb2ebb7-8562-3728-8ba8-ec800da9360c): что ты предложишь взамен?
[10:22:31] _MagicShadow_ (806b9490-3fe7-3c9b-a8f8-e73b9d0be3a8): надо подумать
[10:22:45] _MagicShadow_ (806b9490-3fe7-3c9b-a8f8-e73b9d0be3a8): 32 стрелы?
[10:22:58] RunishYT (deb2ebb7-8562-3728-8ba8-ec800da9360c): Лучше
[10:23:07] _MagicShadow_ (806b9490-3fe7-3c9b-a8f8-e73b9d0be3a8): да стрелы лучше
[10:23:36] _MagicShadow_ (806b9490-3fe7-3c9b-a8f8-e73b9d0be3a8): не знаю
[10:23:57] _MagicShadow_ (806b9490-3fe7-3c9b-a8f8-e73b9d0be3a8): что тебе надо ? могу изумруда 2 дать
[10:24:13] GOLDENDUSST (a0ee3527-abbd-3f28-bd2e-ff7c77b23497): Го вдолг
[10:24:24] _MagicShadow_ (806b9490-3fe7-3c9b-a8f8-e73b9d0be3a8): могу арбалет
[10:24:32] RunishYT (deb2ebb7-8562-3728-8ba8-ec800da9360c): 5 алмов
[10:24:40] GOLDENDUSST (a0ee3527-abbd-3f28-bd2e-ff7c77b23497): Дорого
[10:24:43] _MagicShadow_ (806b9490-3fe7-3c9b-a8f8-e73b9d0be3a8): закатай губу
[10:24:48] RunishYT (deb2ebb7-8562-3728-8ba8-ec800da9360c): 3
[10:25:00] _MagicShadow_ (806b9490-3fe7-3c9b-a8f8-e73b9d0be3a8): у меня алмазов нету
[10:25:07] RunishYT (deb2ebb7-8562-3728-8ba8-ec800da9360c): в долг
[10:25:13] GulgPlayer (a1c0ea2e-fe38-3c55-a100-bcde7e6529b1): а кто может обменять арбалеты на нити
[10:25:26] RunishYT (deb2ebb7-8562-3728-8ba8-ec800da9360c): хаос
[10:25:30] GulgPlayer (a1c0ea2e-fe38-3c55-a100-bcde7e6529b1): 1 арбалет 10 нитей
[10:25:33] RunishYT (deb2ebb7-8562-3728-8ba8-ec800da9360c): я должен его исправить
[10:25:39] RunishYT (deb2ebb7-8562-3728-8ba8-ec800da9360c): ввести валюту
[10:25:49] GOLDENDUSST (a0ee3527-abbd-3f28-bd2e-ff7c77b23497): Я доктор Стрендж
[10:25:53] RunishYT (deb2ebb7-8562-3728-8ba8-ec800da9360c): Нихуя Вова ты Доктор Стрендж?
[10:25:58] GulgPlayer (a1c0ea2e-fe38-3c55-a100-bcde7e6529b1): достал ты уже со своими алмазами
[10:26:12] _MagicShadow_ (806b9490-3fe7-3c9b-a8f8-e73b9d0be3a8): го за 5 золота?
[10:26:15] RunishYT (deb2ebb7-8562-3728-8ba8-ec800da9360c): без них мир будет в хаосе
[10:26:28] GulgPlayer (a1c0ea2e-fe38-3c55-a100-bcde7e6529b1): нет
[10:26:31] RunishYT (deb2ebb7-8562-3728-8ba8-ec800da9360c): улей
[10:26:36] _MagicShadow_ (806b9490-3fe7-3c9b-a8f8-e73b9d0be3a8): ок
[10:26:38] RunishYT (deb2ebb7-8562-3728-8ba8-ec800da9360c): мне нужен улей с пчелами
[10:26:38] GulgPlayer (a1c0ea2e-fe38-3c55-a100-bcde7e6529b1): ок
[10:26:54] _MagicShadow_ (806b9490-3fe7-3c9b-a8f8-e73b9d0be3a8): могу показать где они есть
[10:27:04] RunishYT (deb2ebb7-8562-3728-8ba8-ec800da9360c): отдам алмазный топор за это
[10:27:10] RunishYT (deb2ebb7-8562-3728-8ba8-ec800da9360c): или кирку
[10:27:24] GulgPlayer (a1c0ea2e-fe38-3c55-a100-bcde7e6529b1): кто может обменять 4 арбалет на 40 нитей
[10:29:50] RunishYT (deb2ebb7-8562-3728-8ba8-ec800da9360c): кто продаст улей с 2 пчелами?
[10:30:15] GOLDENDUSST (a0ee3527-abbd-3f28-bd2e-ff7c77b23497): Если вы знаете где улей то тоже сойдёт
[10:30:28] GOLDENDUSST (a0ee3527-abbd-3f28-bd2e-ff7c77b23497): у мени шёлк
[10:32:59] GOLDENDUSST (a0ee3527-abbd-3f28-bd2e-ff7c77b23497): н
[10:33:02] GOLDENDUSST (a0ee3527-abbd-3f28-bd2e-ff7c77b23497): на
[10:33:07] RunishYT (deb2ebb7-8562-3728-8ba8-ec800da9360c): невероятно
[10:33:10] RunishYT (deb2ebb7-8562-3728-8ba8-ec800da9360c): что за сила
[10:33:28] GOLDENDUSST (a0ee3527-abbd-3f28-bd2e-ff7c77b23497): где наковальный
[10:33:34] GOLDENDUSST (a0ee3527-abbd-3f28-bd2e-ff7c77b23497): Навэльный где
[10:33:34] RunishYT (deb2ebb7-8562-3728-8ba8-ec800da9360c): йобанный узбек дай неразрушимость
[10:34:02] RunishYT (deb2ebb7-8562-3728-8ba8-ec800da9360c): з4
[10:34:03] RunishYT (deb2ebb7-8562-3728-8ba8-ec800da9360c): з4
[10:34:30] RunishYT (deb2ebb7-8562-3728-8ba8-ec800da9360c): з4
[10:37:53] RunishYT (deb2ebb7-8562-3728-8ba8-ec800da9360c): починка за 10
[10:38:02] GOLDENDUSST (a0ee3527-abbd-3f28-bd2e-ff7c77b23497): хммм
[10:38:06] GOLDENDUSST (a0ee3527-abbd-3f28-bd2e-ff7c77b23497): биля
[10:38:18] RunishYT (deb2ebb7-8562-3728-8ba8-ec800da9360c): оставлять?
[10:38:24] GOLDENDUSST (a0ee3527-abbd-3f28-bd2e-ff7c77b23497): незнаю
[10:38:32] RunishYT (deb2ebb7-8562-3728-8ba8-ec800da9360c): ладно
[10:39:56] RunishYT (deb2ebb7-8562-3728-8ba8-ec800da9360c): за 35 неразрушимость
[10:40:03] GOLDENDUSST (a0ee3527-abbd-3f28-bd2e-ff7c77b23497): хуета
[10:40:13] GOLDENDUSST (a0ee3527-abbd-3f28-bd2e-ff7c77b23497): если сам не хочешь скипать я могу
[10:52:05] GOLDENDUSST (a0ee3527-abbd-3f28-bd2e-ff7c77b23497): ты гей
[10:52:14] RunishYT (deb2ebb7-8562-3728-8ba8-ec800da9360c): я знаю)
[10:52:49] RunishYT (deb2ebb7-8562-3728-8ba8-ec800da9360c): йобанный узбек дай неразрушимость
[10:54:49] RunishYT (deb2ebb7-8562-3728-8ba8-ec800da9360c): беброкеры будут обделены обновлением энда?
[10:55:56] RunishYT (deb2ebb7-8562-3728-8ba8-ec800da9360c): Вова что делать если мне не дают?
[10:56:07] GOLDENDUSST (a0ee3527-abbd-3f28-bd2e-ff7c77b23497): Возьми силой
[10:56:16] GOLDENDUSST (a0ee3527-abbd-3f28-bd2e-ff7c77b23497): Будь то тело или вещь
[10:57:48] RunishYT (deb2ebb7-8562-3728-8ba8-ec800da9360c): неразрушимость 1 за 6 алмов
[10:58:00] GOLDENDUSST (a0ee3527-abbd-3f28-bd2e-ff7c77b23497): Биля
[10:58:05] GOLDENDUSST (a0ee3527-abbd-3f28-bd2e-ff7c77b23497): алмов нету
[10:58:19] RunishYT (deb2ebb7-8562-3728-8ba8-ec800da9360c): изюмов
[10:58:31] RunishYT (deb2ebb7-8562-3728-8ba8-ec800da9360c): оставлять?
[10:58:35] GOLDENDUSST (a0ee3527-abbd-3f28-bd2e-ff7c77b23497): хуета скиппй это за 32 то есть 6×4
[10:58:41] GOLDENDUSST (a0ee3527-abbd-3f28-bd2e-ff7c77b23497): Бля
[10:58:44] GOLDENDUSST (a0ee3527-abbd-3f28-bd2e-ff7c77b23497): туп
[10:58:46] RunishYT (deb2ebb7-8562-3728-8ba8-ec800da9360c): ты еблан??
[10:58:47] GOLDENDUSST (a0ee3527-abbd-3f28-bd2e-ff7c77b23497): 24
[10:58:50] RunishYT (deb2ebb7-8562-3728-8ba8-ec800da9360c): ты еблан??
[10:58:54] RunishYT (deb2ebb7-8562-3728-8ba8-ec800da9360c): 18
[10:59:04] RunishYT (deb2ebb7-8562-3728-8ba8-ec800da9360c): а бля
[10:59:05] GOLDENDUSST (a0ee3527-abbd-3f28-bd2e-ff7c77b23497): плюс прибавка к опыту
[10:59:06] RunishYT (deb2ebb7-8562-3728-8ba8-ec800da9360c): точно
[10:59:17] GOLDENDUSST (a0ee3527-abbd-3f28-bd2e-ff7c77b23497): ебать мы математики
[10:59:27] RunishYT (deb2ebb7-8562-3728-8ba8-ec800da9360c): да
[10:59:40] GOLDENDUSST (a0ee3527-abbd-3f28-bd2e-ff7c77b23497): ща на
[10:59:52] GOLDENDUSST (a0ee3527-abbd-3f28-bd2e-ff7c77b23497): стак
[11:00:00] RunishYT (deb2ebb7-8562-3728-8ba8-ec800da9360c): спасибо пошел нахуй
[11:00:15] GOLDENDUSST (a0ee3527-abbd-3f28-bd2e-ff7c77b23497): Еблан у меня меч на остроту 4
[11:00:21] GOLDENDUSST (a0ee3527-abbd-3f28-bd2e-ff7c77b23497): и всё на починку
[11:00:28] RunishYT (deb2ebb7-8562-3728-8ba8-ec800da9360c): а у меня
[11:00:29] GOLDENDUSST (a0ee3527-abbd-3f28-bd2e-ff7c77b23497): пизда тебе
[11:00:32] RunishYT (deb2ebb7-8562-3728-8ba8-ec800da9360c): армия
[11:00:39] GOLDENDUSST (a0ee3527-abbd-3f28-bd2e-ff7c77b23497): мстители
[11:01:00] GOLDENDUSST (a0ee3527-abbd-3f28-bd2e-ff7c77b23497): давай я
[11:01:03] GOLDENDUSST (a0ee3527-abbd-3f28-bd2e-ff7c77b23497): ухади
[11:01:32] RunishYT (deb2ebb7-8562-3728-8ba8-ec800da9360c): я заебался делай сам
[11:02:40] GOLDENDUSST (a0ee3527-abbd-3f28-bd2e-ff7c77b23497): биля облик огня 2
[11:02:43] GOLDENDUSST (a0ee3527-abbd-3f28-bd2e-ff7c77b23497): за 8
[11:02:49] RunishYT (deb2ebb7-8562-3728-8ba8-ec800da9360c): хуета
[11:04:21] saikonohack (61d3e846-cfe0-3e5b-b41b-772c1020819e): дело не в том что мы не хотим бедрока на сервере,а в том - что у вас вряд ли будут поддерживатся те изменения, которые мы делаем
[11:04:33] RunishYT (deb2ebb7-8562-3728-8ba8-ec800da9360c): я знаю
[11:04:40] RunishYT (deb2ebb7-8562-3728-8ba8-ec800da9360c): поэтому спрашиваю
[11:05:13] NightVizer (baecb933-9897-3b35-86a3-c2c9dd1004dd): О Сайко прив, скоро обнову сделаешь примерно)
[11:05:23] saikonohack (61d3e846-cfe0-3e5b-b41b-772c1020819e): последние тесты остались)
[11:05:29] RunishYT (deb2ebb7-8562-3728-8ba8-ec800da9360c): Там будут новые мобы?
[11:05:35] saikonohack (61d3e846-cfe0-3e5b-b41b-772c1020819e): нет
[11:05:39] NightVizer (baecb933-9897-3b35-86a3-c2c9dd1004dd): сразу напиши мне как закончишь пожалуйста)
[11:05:51] saikonohack (61d3e846-cfe0-3e5b-b41b-772c1020819e): @everyone в дс сделаю
[11:05:56] NightVizer (baecb933-9897-3b35-86a3-c2c9dd1004dd): але какие новые мобы, это ванила
[11:06:14] RunishYT (deb2ebb7-8562-3728-8ba8-ec800da9360c): С ванилой можно сделать новых мобов
[11:06:19] NightVizer (baecb933-9897-3b35-86a3-c2c9dd1004dd): кстати сайко? ns of c jgnbafyjv,
[11:06:23] RunishYT (deb2ebb7-8562-3728-8ba8-ec800da9360c): просто взять механики из других
[11:06:37] NightVizer (baecb933-9897-3b35-86a3-c2c9dd1004dd): Ты сейчас с оптифанорм?
[11:07:04] saikonohack (61d3e846-cfe0-3e5b-b41b-772c1020819e): да
[11:07:24] NightVizer (baecb933-9897-3b35-86a3-c2c9dd1004dd): сколько ты гигов на майнкрафт поставил?
[11:07:41] RunishYT (deb2ebb7-8562-3728-8ba8-ec800da9360c): 64
[11:07:47] RunishYT (deb2ebb7-8562-3728-8ba8-ec800da9360c): как Дмитрий Скрыник
[11:08:01] RunishYT (deb2ebb7-8562-3728-8ba8-ec800da9360c): как Дмитрий Скрынник
[11:08:03] saikonohack (61d3e846-cfe0-3e5b-b41b-772c1020819e): стандартом сколько выставил тлаунчер
[11:08:11] saikonohack (61d3e846-cfe0-3e5b-b41b-772c1020819e): RunishYT у меня всего 4)
[11:08:30] RunishYT (deb2ebb7-8562-3728-8ba8-ec800da9360c): у меня всего 3
[11:08:39] RunishYT (deb2ebb7-8562-3728-8ba8-ec800da9360c): на теле
[11:08:49] NightVizer (baecb933-9897-3b35-86a3-c2c9dd1004dd): серьёзно????!?!?!?!?! 2 ГБ??!?!?!? У тебя не лагает? у меня с 16 лагает ппц
[11:08:56] saikonohack (61d3e846-cfe0-3e5b-b41b-772c1020819e): 180 фпс
[11:09:08] NightVizer (baecb933-9897-3b35-86a3-c2c9dd1004dd): какого у меня 30.....
[11:09:08] RunishYT (deb2ebb7-8562-3728-8ba8-ec800da9360c): это майнер либо ты не менял настройки
[11:09:15] RunishYT (deb2ebb7-8562-3728-8ba8-ec800da9360c): либо ты без оптифайна
[11:09:25] saikonohack (61d3e846-cfe0-3e5b-b41b-772c1020819e): хм. VSYNC стоит?)
[11:09:27] NightVizer (baecb933-9897-3b35-86a3-c2c9dd1004dd): с оптифаном, пытаюсь его настрпоить
[11:09:36] NightVizer (baecb933-9897-3b35-86a3-c2c9dd1004dd): да
[11:09:42] saikonohack (61d3e846-cfe0-3e5b-b41b-772c1020819e): убирай нахуй
[11:09:52] saikonohack (61d3e846-cfe0-3e5b-b41b-772c1020819e): ставь частоту кадров на максимум
[11:10:04] NightVizer (baecb933-9897-3b35-86a3-c2c9dd1004dd): совсем чуть чуть лучше
[11:10:10] GOLDENDUSST (a0ee3527-abbd-3f28-bd2e-ff7c77b23497): Дыхание кубиков, 64 ката: закликивание
[11:10:38] saikonohack (61d3e846-cfe0-3e5b-b41b-772c1020819e): сорри за -тпс
[11:10:38] RunishYT (deb2ebb7-8562-3728-8ba8-ec800da9360c): а что будет если я запущу машину которая превратит весь сервер в океан?
[11:10:49] NightVizer (baecb933-9897-3b35-86a3-c2c9dd1004dd): бан
[11:11:32] saikonohack (61d3e846-cfe0-3e5b-b41b-772c1020819e): Привет)_
[11:11:33] saikonohack (61d3e846-cfe0-3e5b-b41b-772c1020819e): Привет)
[11:11:34] GOLDENDUSST (a0ee3527-abbd-3f28-bd2e-ff7c77b23497): бляяяяять су
[11:11:45] GOLDENDUSST (a0ee3527-abbd-3f28-bd2e-ff7c77b23497): ка изза ебаного клика
[11:11:50] RunishYT (deb2ebb7-8562-3728-8ba8-ec800da9360c): УХАДИ
[11:11:52] RunishYT (deb2ebb7-8562-3728-8ba8-ec800da9360c): УХАДИ
[11:11:53] NightVizer (baecb933-9897-3b35-86a3-c2c9dd1004dd): слушай прости если слишком сильно пристаю..... можешь свою настройку мне в дс скинуть?
[11:12:00] RunishYT (deb2ebb7-8562-3728-8ba8-ec800da9360c): УХАДИ
[11:12:01] GOLDENDUSST (a0ee3527-abbd-3f28-bd2e-ff7c77b23497): я случайно купил полку у хуёвого жителя
[11:12:07] ItsFartunaRu (87aa0b4c-629f-3cae-a9c4-787ca2fa3e21): тупой узбек ку
[11:12:08] saikonohack (61d3e846-cfe0-3e5b-b41b-772c1020819e): Привет)_
[11:12:12] RunishYT (deb2ebb7-8562-3728-8ba8-ec800da9360c): я пошел пиздить фартука
[11:12:15] ItsFartunaRu (87aa0b4c-629f-3cae-a9c4-787ca2fa3e21): э
[11:12:17] saikonohack (61d3e846-cfe0-3e5b-b41b-772c1020819e): можете ознакомится с фичами
[11:12:17] RunishYT (deb2ebb7-8562-3728-8ba8-ec800da9360c): харош
[11:12:18] ItsFartunaRu (87aa0b4c-629f-3cae-a9c4-787ca2fa3e21): мы же теам
[11:12:27] RunishYT (deb2ebb7-8562-3728-8ba8-ec800da9360c): Значит френдлифаер
[11:12:47] ItsFartunaRu (87aa0b4c-629f-3cae-a9c4-787ca2fa3e21): не над пж
[11:12:56] ItsFartunaRu (87aa0b4c-629f-3cae-a9c4-787ca2fa3e21): у меня рп сломал чат
[11:12:58] RunishYT (deb2ebb7-8562-3728-8ba8-ec800da9360c): спите
[11:13:28] RunishYT (deb2ebb7-8562-3728-8ba8-ec800da9360c): будем его принимать в город Вова?
[11:13:28] saikonohack (61d3e846-cfe0-3e5b-b41b-772c1020819e): выдал ютуберку)
[11:13:37] GOLDENDUSST (a0ee3527-abbd-3f28-bd2e-ff7c77b23497): Он же токс
[11:13:44] ItsFartunaRu (87aa0b4c-629f-3cae-a9c4-787ca2fa3e21): согл
[11:13:46] RunishYT (deb2ebb7-8562-3728-8ba8-ec800da9360c): Рял
[11:13:57] RunishYT (deb2ebb7-8562-3728-8ba8-ec800da9360c): Сорри фартук я тебя убиваю
[11:14:09] ItsFartunaRu (87aa0b4c-629f-3cae-a9c4-787ca2fa3e21): заходи на парагон пэвэпэ
[11:14:21] RunishYT (deb2ebb7-8562-3728-8ba8-ec800da9360c): ууууу бан
[11:14:30] saikonohack (61d3e846-cfe0-3e5b-b41b-772c1020819e): здесь так не принято
[11:14:35] RunishYT (deb2ebb7-8562-3728-8ba8-ec800da9360c): стой на спавне
[11:14:40] ItsFartunaRu (87aa0b4c-629f-3cae-a9c4-787ca2fa3e21): уже не
[11:14:44] RunishYT (deb2ebb7-8562-3728-8ba8-ec800da9360c): Жди меня
[11:14:46] ItsFartunaRu (87aa0b4c-629f-3cae-a9c4-787ca2fa3e21): уже не
[11:14:58] RunishYT (deb2ebb7-8562-3728-8ba8-ec800da9360c): Жди меня
[11:15:02] ItsFartunaRu (87aa0b4c-629f-3cae-a9c4-787ca2fa3e21): нет
[11:15:03] RunishYT (deb2ebb7-8562-3728-8ba8-ec800da9360c): иди обратно на спавн
[11:15:10] ItsFartunaRu (87aa0b4c-629f-3cae-a9c4-787ca2fa3e21): нет
[11:15:12] RunishYT (deb2ebb7-8562-3728-8ba8-ec800da9360c): я тебе хлеб дам бомж
[11:15:22] ItsFartunaRu (87aa0b4c-629f-3cae-a9c4-787ca2fa3e21): пошёл нахуй
[11:15:30] ItsFartunaRu (87aa0b4c-629f-3cae-a9c4-787ca2fa3e21): щас врубишь френдлифаер
[11:15:38] RunishYT (deb2ebb7-8562-3728-8ba8-ec800da9360c): да атвесаю
[11:15:45] RunishYT (deb2ebb7-8562-3728-8ba8-ec800da9360c): хлеб
[11:15:54] RunishYT (deb2ebb7-8562-3728-8ba8-ec800da9360c): в город позову
[11:16:00] RunishYT (deb2ebb7-8562-3728-8ba8-ec800da9360c): построишь нам ферму мобив
[11:16:05] RunishYT (deb2ebb7-8562-3728-8ba8-ec800da9360c): а мы тебе алмазку
[11:16:08] ItsFartunaRu (87aa0b4c-629f-3cae-a9c4-787ca2fa3e21): охуел
[11:16:23] RunishYT (deb2ebb7-8562-3728-8ba8-ec800da9360c): жителями можешь пользоваться
[11:16:28] RunishYT (deb2ebb7-8562-3728-8ba8-ec800da9360c): построй ферму мобов
[11:16:30] ItsFartunaRu (87aa0b4c-629f-3cae-a9c4-787ca2fa3e21): я своё делаю
[11:16:43] ItsFartunaRu (87aa0b4c-629f-3cae-a9c4-787ca2fa3e21): сайк эос ещё жив?
[11:18:33] RunishYT (deb2ebb7-8562-3728-8ba8-ec800da9360c): и так начнем строить ферму рейдов
[11:18:43] RunishYT (deb2ebb7-8562-3728-8ba8-ec800da9360c): запускаю гайд
[11:19:01] RunishYT (deb2ebb7-8562-3728-8ba8-ec800da9360c): Пока остальные собирают ресурсы викинги уже готовы нападать
[11:19:02] ItsFartunaRu (87aa0b4c-629f-3cae-a9c4-787ca2fa3e21): пххвап чел по гайдам
[11:19:08] RunishYT (deb2ebb7-8562-3728-8ba8-ec800da9360c): заткнулся
[11:19:13] ItsFartunaRu (87aa0b4c-629f-3cae-a9c4-787ca2fa3e21): ты ахуел
[11:19:17] ItsFartunaRu (87aa0b4c-629f-3cae-a9c4-787ca2fa3e21): погнали пвп на палках
[11:19:23] ItsFartunaRu (87aa0b4c-629f-3cae-a9c4-787ca2fa3e21): тупой андройдер
[11:19:33] RunishYT (deb2ebb7-8562-3728-8ba8-ec800da9360c): я не пещерный человек
[11:19:36] ItsFartunaRu (87aa0b4c-629f-3cae-a9c4-787ca2fa3e21): ок
[11:19:40] ItsFartunaRu (87aa0b4c-629f-3cae-a9c4-787ca2fa3e21): бля
[11:19:43] ItsFartunaRu (87aa0b4c-629f-3cae-a9c4-787ca2fa3e21): щас моды поставлю
[11:19:49] RunishYT (deb2ebb7-8562-3728-8ba8-ec800da9360c): Ясно читер
[11:19:57] RunishYT (deb2ebb7-8562-3728-8ba8-ec800da9360c): сразу бан
[11:32:08] saikonohack (61d3e846-cfe0-3e5b-b41b-772c1020819e): сейчас последний раз релоадну плагины, временно залагает, и надо будет залогинится
[11:32:38] ItsFartunaRu (87aa0b4c-629f-3cae-a9c4-787ca2fa3e21): о сосед
[11:33:19] ItsFartunaRu (87aa0b4c-629f-3cae-a9c4-787ca2fa3e21): разлогиниться
[11:33:57] ItsFartunaRu (87aa0b4c-629f-3cae-a9c4-787ca2fa3e21): егор откуда портал
[11:37:24] main_PROBROVOVA (32124029-38f0-3378-abc8-3450cef05c3c): g
[11:42:26] RunishYT (deb2ebb7-8562-3728-8ba8-ec800da9360c): В энд можно?
[11:43:08] RunishYT (deb2ebb7-8562-3728-8ba8-ec800da9360c): сайк
[11:51:17] saikonohack (61d3e846-cfe0-3e5b-b41b-772c1020819e): в дс написал
[11:52:01] saikonohack (61d3e846-cfe0-3e5b-b41b-772c1020819e): в дс написал про обнову)
[11:52:08] MrVoRoNYT (8389705f-c5d6-3573-bd42-f44e4dce22b2): ладно
[12:00:26] RunishYT (deb2ebb7-8562-3728-8ba8-ec800da9360c): кто готов в
[12:00:32] RunishYT (deb2ebb7-8562-3728-8ba8-ec800da9360c): кто готов в энд??
[12:00:38] main_PROBROVOVA (32124029-38f0-3378-abc8-3450cef05c3c): не я
[12:00:42] MrVoRoNYT (8389705f-c5d6-3573-bd42-f44e4dce22b2): я нет
[12:01:44] NightVizer (baecb933-9897-3b35-86a3-c2c9dd1004dd): 7
[12:01:56] Luxio (c9c65fb0-c5d9-364f-881a-0566723bee1c): еще
[12:01:59] Luxio (c9c65fb0-c5d9-364f-881a-0566723bee1c): 8
[12:02:02] NightVizer (baecb933-9897-3b35-86a3-c2c9dd1004dd): нету
[12:02:22] NightVizer (baecb933-9897-3b35-86a3-c2c9dd1004dd): стой
[12:02:36] NightVizer (baecb933-9897-3b35-86a3-c2c9dd1004dd): стреляешь хорошо?
[12:02:42] Luxio (c9c65fb0-c5d9-364f-881a-0566723bee1c): ладно
[12:03:12] RunishYT (deb2ebb7-8562-3728-8ba8-ec800da9360c): нееет
[12:03:21] [CAPS] Luxio (c9c65fb0-c5d9-364f-881a-0566723bee1c): дададада
[12:04:43] Luxio (c9c65fb0-c5d9-364f-881a-0566723bee1c): у тебя есть лук?
[12:04:48] NightVizer (baecb933-9897-3b35-86a3-c2c9dd1004dd): да
[12:04:55] Luxio (c9c65fb0-c5d9-364f-881a-0566723bee1c): 1?
[12:04:58] NightVizer (baecb933-9897-3b35-86a3-c2c9dd1004dd): да
[12:06:42] NightVizer (baecb933-9897-3b35-86a3-c2c9dd1004dd): там сломал
[12:07:30] [CAPS] RunishYT (deb2ebb7-8562-3728-8ba8-ec800da9360c): сука ненадо
[12:08:06] RunishYT (deb2ebb7-8562-3728-8ba8-ec800da9360c): нет
[12:08:19] RunishYT (deb2ebb7-8562-3728-8ba8-ec800da9360c): я заполучу элики и яйцо
[12:08:49] saikonohack (61d3e846-cfe0-3e5b-b41b-772c1020819e): рп поставили?
[12:08:58] NightVizer (baecb933-9897-3b35-86a3-c2c9dd1004dd): я не смог
[12:09:01] saikonohack (61d3e846-cfe0-3e5b-b41b-772c1020819e): поч
[12:09:09] NightVizer (baecb933-9897-3b35-86a3-c2c9dd1004dd): не успел)
[12:09:35] saikonohack (61d3e846-cfe0-3e5b-b41b-772c1020819e): АХАХАХАХ
[12:09:39] saikonohack (61d3e846-cfe0-3e5b-b41b-772c1020819e): харош
[12:09:45] saikonohack (61d3e846-cfe0-3e5b-b41b-772c1020819e): луком его
[12:10:26] RunishYT (deb2ebb7-8562-3728-8ba8-ec800da9360c): ДААА
[12:11:16] [CAPS] Luxio (c9c65fb0-c5d9-364f-881a-0566723bee1c): уррааааа
[12:11:45] RunishYT (deb2ebb7-8562-3728-8ba8-ec800da9360c): НЕЕЕТ
[12:11:48] Luxio (c9c65fb0-c5d9-364f-881a-0566723bee1c): ДАА
[12:11:56] [CAPS] NightVizer (baecb933-9897-3b35-86a3-c2c9dd1004dd): дадаадададад
[12:11:56] RunishYT (deb2ebb7-8562-3728-8ba8-ec800da9360c): Сукаааа
[12:11:59] RunishYT (deb2ebb7-8562-3728-8ba8-ec800da9360c): Сайко
[12:12:04] Luxio (c9c65fb0-c5d9-364f-881a-0566723bee1c): го скриншот
[12:12:08] RunishYT (deb2ebb7-8562-3728-8ba8-ec800da9360c): Сайко
[12:12:08] RunishYT (deb2ebb7-8562-3728-8ba8-ec800da9360c): Сайко
[12:12:38] NightVizer (baecb933-9897-3b35-86a3-c2c9dd1004dd): хахаха какой кнопкой?
[12:12:43] Luxio (c9c65fb0-c5d9-364f-881a-0566723bee1c): f2
[12:12:54] RunishYT (deb2ebb7-8562-3728-8ba8-ec800da9360c): ща
[12:13:20] Luxio (c9c65fb0-c5d9-364f-881a-0566723bee1c): какой у тебя уровень?
[12:13:24] NightVizer (baecb933-9897-3b35-86a3-c2c9dd1004dd): 7
[12:13:29] Luxio (c9c65fb0-c5d9-364f-881a-0566723bee1c): 68
[12:13:30] RunishYT (deb2ebb7-8562-3728-8ba8-ec800da9360c): возможно война
[12:13:30] NightVizer (baecb933-9897-3b35-86a3-c2c9dd1004dd): профукали....
[12:13:32] NightVizer (baecb933-9897-3b35-86a3-c2c9dd1004dd): а
[12:13:35] NightVizer (baecb933-9897-3b35-86a3-c2c9dd1004dd): норм)
[12:13:46] NightVizer (baecb933-9897-3b35-86a3-c2c9dd1004dd): яйцо надо спрятать
[12:14:02] Luxio (c9c65fb0-c5d9-364f-881a-0566723bee1c): у тебя есть алмазная кирка?
[12:14:13] NightVizer (baecb933-9897-3b35-86a3-c2c9dd1004dd): да
[12:14:19] NightVizer (baecb933-9897-3b35-86a3-c2c9dd1004dd): а что?
[12:14:22] Luxio (c9c65fb0-c5d9-364f-881a-0566723bee1c): давай сделаем эндер сундук
[12:14:30] Luxio (c9c65fb0-c5d9-364f-881a-0566723bee1c): давай сделаем эндер сундук
[12:14:41] NightVizer (baecb933-9897-3b35-86a3-c2c9dd1004dd): это наша крепость
[12:14:46] NightVizer (baecb933-9897-3b35-86a3-c2c9dd1004dd): о ней никто не знает
[12:14:51] Luxio (c9c65fb0-c5d9-364f-881a-0566723bee1c): да?
[12:14:53] NightVizer (baecb933-9897-3b35-86a3-c2c9dd1004dd): да
[12:14:56] Luxio (c9c65fb0-c5d9-364f-881a-0566723bee1c): он другую спалил
[12:14:57] NightVizer (baecb933-9897-3b35-86a3-c2c9dd1004dd): это 2 в мире
[12:15:14] RunishYT (deb2ebb7-8562-3728-8ba8-ec800da9360c): что?
[12:15:20] Luxio (c9c65fb0-c5d9-364f-881a-0566723bee1c): ааххаха
[12:15:26] saikonohack (61d3e846-cfe0-3e5b-b41b-772c1020819e): Luxio NightVizer что не пошли за рудой то)
[12:15:40] NightVizer (baecb933-9897-3b35-86a3-c2c9dd1004dd): незнаю
[12:15:43] RunishYT (deb2ebb7-8562-3728-8ba8-ec800da9360c): Сукааа
[12:15:45] NightVizer (baecb933-9897-3b35-86a3-c2c9dd1004dd): лукс
[12:15:46] saikonohack (61d3e846-cfe0-3e5b-b41b-772c1020819e): тут лежад
[12:15:49] Luxio (c9c65fb0-c5d9-364f-881a-0566723bee1c): ?
[12:15:58] RunishYT (deb2ebb7-8562-3728-8ba8-ec800da9360c): Сайко ты не убрал
[12:15:58] NightVizer (baecb933-9897-3b35-86a3-c2c9dd1004dd): где тут?
[12:16:02] RunishYT (deb2ebb7-8562-3728-8ba8-ec800da9360c): Портал
[12:16:09] RunishYT (deb2ebb7-8562-3728-8ba8-ec800da9360c): тепни пж на спавн
[12:16:11] Luxio (c9c65fb0-c5d9-364f-881a-0566723bee1c): что тут?
[12:16:18] Luxio (c9c65fb0-c5d9-364f-881a-0566723bee1c): стой
[12:16:26] Luxio (c9c65fb0-c5d9-364f-881a-0566723bee1c): у тебя есть эндер сундук?
[12:16:30] NightVizer (baecb933-9897-3b35-86a3-c2c9dd1004dd): ytn
[12:16:32] NightVizer (baecb933-9897-3b35-86a3-c2c9dd1004dd): нет
[12:16:37] Luxio (c9c65fb0-c5d9-364f-881a-0566723bee1c): копай обсу
[12:16:48] Luxio (c9c65fb0-c5d9-364f-881a-0566723bee1c): о спасибо
[12:16:59] NightVizer (baecb933-9897-3b35-86a3-c2c9dd1004dd): спасибо)
[12:16:59] saikonohack (61d3e846-cfe0-3e5b-b41b-772c1020819e): го руду покажу?) без рп пока, но с рп будет круче
[12:17:06] NightVizer (baecb933-9897-3b35-86a3-c2c9dd1004dd): го
[12:17:07] Luxio (c9c65fb0-c5d9-364f-881a-0566723bee1c): покажи
[12:17:13] saikonohack (61d3e846-cfe0-3e5b-b41b-772c1020819e): сек, корды найду
[12:17:25] Luxio (c9c65fb0-c5d9-364f-881a-0566723bee1c): изи
[12:17:29] saikonohack (61d3e846-cfe0-3e5b-b41b-772c1020819e): го сюда
[12:17:45] NightVizer (baecb933-9897-3b35-86a3-c2c9dd1004dd): убрал
[12:18:05] saikonohack (61d3e846-cfe0-3e5b-b41b-772c1020819e): го сюда
[12:18:10] Luxio (c9c65fb0-c5d9-364f-881a-0566723bee1c): куда?
[12:18:17] Luxio (c9c65fb0-c5d9-364f-881a-0566723bee1c): тепни нас к себе
[12:18:19] saikonohack (61d3e846-cfe0-3e5b-b41b-772c1020819e): 0 59 70
[12:18:37] RunishYT (deb2ebb7-8562-3728-8ba8-ec800da9360c): бляяя
[12:19:04] saikonohack (61d3e846-cfe0-3e5b-b41b-772c1020819e): копайте
[12:19:13] saikonohack (61d3e846-cfe0-3e5b-b41b-772c1020819e): я скажу когда там опасно будет
[12:19:20] saikonohack (61d3e846-cfe0-3e5b-b41b-772c1020819e): можете спокойно копать вниз
[12:20:19] saikonohack (61d3e846-cfe0-3e5b-b41b-772c1020819e): рп установить надо
[12:20:19] NightVizer (baecb933-9897-3b35-86a3-c2c9dd1004dd): у тебя тожке это музыкальные бюлоки?
[12:20:23] saikonohack (61d3e846-cfe0-3e5b-b41b-772c1020819e): вам шарды выпадуд
[12:20:37] Luxio (c9c65fb0-c5d9-364f-881a-0566723bee1c): а что за рп?
[12:20:42] saikonohack (61d3e846-cfe0-3e5b-b41b-772c1020819e): ресурпак
[12:20:54] saikonohack (61d3e846-cfe0-3e5b-b41b-772c1020819e): я допилю седня
[12:20:58] NightVizer (baecb933-9897-3b35-86a3-c2c9dd1004dd): го по крепостям
[12:21:00] saikonohack (61d3e846-cfe0-3e5b-b41b-772c1020819e): но их даже на этом острове много
[12:21:18] Luxio (c9c65fb0-c5d9-364f-881a-0566723bee1c): а что из этих шардов можно делать?
[12:22:19] saikonohack (61d3e846-cfe0-3e5b-b41b-772c1020819e): все предметы без крафта
[12:22:24] saikonohack (61d3e846-cfe0-3e5b-b41b-772c1020819e): почти все точнее
[12:22:29] saikonohack (61d3e846-cfe0-3e5b-b41b-772c1020819e): свет, седло...
[12:22:44] saikonohack (61d3e846-cfe0-3e5b-b41b-772c1020819e): удаачи
[12:23:24] NightVizer (baecb933-9897-3b35-86a3-c2c9dd1004dd): ккорды записал
[12:23:46] Luxio (c9c65fb0-c5d9-364f-881a-0566723bee1c): -чел
[12:23:54] NightVizer (baecb933-9897-3b35-86a3-c2c9dd1004dd): стой
[12:23:58] NightVizer (baecb933-9897-3b35-86a3-c2c9dd1004dd): стой
[12:24:04] Luxio (c9c65fb0-c5d9-364f-881a-0566723bee1c): ?
[12:24:10] NightVizer (baecb933-9897-3b35-86a3-c2c9dd1004dd): я
[12:24:13] NightVizer (baecb933-9897-3b35-86a3-c2c9dd1004dd): далеко
[12:24:28] Luxio (c9c65fb0-c5d9-364f-881a-0566723bee1c): у тебя есть мое ведро?
[12:26:41] NightVizer (baecb933-9897-3b35-86a3-c2c9dd1004dd): может лучше дерего приберечь?
[12:27:02] Luxio (c9c65fb0-c5d9-364f-881a-0566723bee1c): я уже сделал полублоки)
[12:27:08] NightVizer (baecb933-9897-3b35-86a3-c2c9dd1004dd): jr
[12:27:10] NightVizer (baecb933-9897-3b35-86a3-c2c9dd1004dd): ок
[12:31:38] Luxio (c9c65fb0-c5d9-364f-881a-0566723bee1c): NightVizer я достроил
[12:31:43] Luxio (c9c65fb0-c5d9-364f-881a-0566723bee1c): можешь идти
[12:32:23] Luxio (c9c65fb0-c5d9-364f-881a-0566723bee1c): можешь блоки дать?
[12:34:17] Luxio (c9c65fb0-c5d9-364f-881a-0566723bee1c): блоки нужны
[12:43:27] NightVizer (baecb933-9897-3b35-86a3-c2c9dd1004dd): у тебя воды нет?
[12:43:37] Luxio (c9c65fb0-c5d9-364f-881a-0566723bee1c): нету
[12:44:30] Luxio (c9c65fb0-c5d9-364f-881a-0566723bee1c): ого
[12:44:40] NightVizer (baecb933-9897-3b35-86a3-c2c9dd1004dd): еееее
[12:45:22] NightVizer (baecb933-9897-3b35-86a3-c2c9dd1004dd): вода пёрл есть?
[12:45:29] Luxio (c9c65fb0-c5d9-364f-881a-0566723bee1c): перлов нету
[12:45:42] Luxio (c9c65fb0-c5d9-364f-881a-0566723bee1c): у тебя лагает?
[12:45:46] NightVizer (baecb933-9897-3b35-86a3-c2c9dd1004dd): нет
[12:45:51] NightVizer (baecb933-9897-3b35-86a3-c2c9dd1004dd): на макс прогрузке
[12:46:10] Luxio (c9c65fb0-c5d9-364f-881a-0566723bee1c): дай блоки
[12:51:00] NightVizer (baecb933-9897-3b35-86a3-c2c9dd1004dd): дай шалк
[12:52:12] Luxio (c9c65fb0-c5d9-364f-881a-0566723bee1c): дай еды
[12:53:12] NightVizer (baecb933-9897-3b35-86a3-c2c9dd1004dd): там шалкы в тебя
[12:57:19] RunishYT (deb2ebb7-8562-3728-8ba8-ec800da9360c): бля визер что дашь за яйцо?
[12:57:33] NightVizer (baecb933-9897-3b35-86a3-c2c9dd1004dd): ты токсил тебе низачтт
[12:57:46] RunishYT (deb2ebb7-8562-3728-8ba8-ec800da9360c): спасибо ты такой добрый
[12:57:52] NightVizer (baecb933-9897-3b35-86a3-c2c9dd1004dd): ага)
[12:58:11] NightVizer (baecb933-9897-3b35-86a3-c2c9dd1004dd): элитры дать, я ими пользовался оччень мало)
[12:58:17] NightVizer (baecb933-9897-3b35-86a3-c2c9dd1004dd): и не очень умею
[12:58:22] Luxio (c9c65fb0-c5d9-364f-881a-0566723bee1c): ок давай
[12:58:26] NightVizer (baecb933-9897-3b35-86a3-c2c9dd1004dd): так как это мой 2 энд
[12:58:34] Luxio (c9c65fb0-c5d9-364f-881a-0566723bee1c): это мой 100
[12:58:41] Luxio (c9c65fb0-c5d9-364f-881a-0566723bee1c): )
[13:00:08] NightVizer (baecb933-9897-3b35-86a3-c2c9dd1004dd): только меня жди
[13:06:29] Luxio (c9c65fb0-c5d9-364f-881a-0566723bee1c): мне нужна вода
[13:06:38] Luxio (c9c65fb0-c5d9-364f-881a-0566723bee1c): сделай источник
[13:06:57] NightVizer (baecb933-9897-3b35-86a3-c2c9dd1004dd): сапоги
[13:07:11] Luxio (c9c65fb0-c5d9-364f-881a-0566723bee1c): я забыл
[13:07:28] Luxio (c9c65fb0-c5d9-364f-881a-0566723bee1c): го в обычный мир
[13:07:35] NightVizer (baecb933-9897-3b35-86a3-c2c9dd1004dd): рано, мало шалкеров
[13:07:43] NightVizer (baecb933-9897-3b35-86a3-c2c9dd1004dd): и элитр
[13:08:16] GOLDENDUSST (a0ee3527-abbd-3f28-bd2e-ff7c77b23497): За скок продатите яйцо дракона?
[13:08:53] Luxio (c9c65fb0-c5d9-364f-881a-0566723bee1c): иди куда я летел
[13:09:13] NightVizer (baecb933-9897-3b35-86a3-c2c9dd1004dd): л
[13:09:17] Luxio (c9c65fb0-c5d9-364f-881a-0566723bee1c): ровно на запад
[13:09:58] GOLDENDUSST (a0ee3527-abbd-3f28-bd2e-ff7c77b23497): За 20 тотемов отдадите яйцо?
[13:10:57] NightVizer (baecb933-9897-3b35-86a3-c2c9dd1004dd): нет
[13:12:56] Luxio (c9c65fb0-c5d9-364f-881a-0566723bee1c): стой
[13:13:02] Luxio (c9c65fb0-c5d9-364f-881a-0566723bee1c): сделай источник воды
[13:13:14] Luxio (c9c65fb0-c5d9-364f-881a-0566723bee1c): спасибо
[13:16:44] Luxio (c9c65fb0-c5d9-364f-881a-0566723bee1c): дай 1 перл
[13:17:30] NightVizer (baecb933-9897-3b35-86a3-c2c9dd1004dd): ты где
[13:19:13] NightVizer (baecb933-9897-3b35-86a3-c2c9dd1004dd): элитры
[13:19:22] Luxio (c9c65fb0-c5d9-364f-881a-0566723bee1c): у тебя в шалкере
[13:21:52] NightVizer (baecb933-9897-3b35-86a3-c2c9dd1004dd): п
[13:21:59] NightVizer (baecb933-9897-3b35-86a3-c2c9dd1004dd): ты где?
[13:22:09] Luxio (c9c65fb0-c5d9-364f-881a-0566723bee1c): иди на юг
[13:22:20] Luxio (c9c65fb0-c5d9-364f-881a-0566723bee1c): -885 -2107
[13:23:00] Luxio (c9c65fb0-c5d9-364f-881a-0566723bee1c): напиши свои корды
[13:24:27] NightVizer (baecb933-9897-3b35-86a3-c2c9dd1004dd): думаешь домой?
[13:24:30] Luxio (c9c65fb0-c5d9-364f-881a-0566723bee1c): да
[13:24:36] Luxio (c9c65fb0-c5d9-364f-881a-0566723bee1c): у тебя уже есть элитра
[13:24:54] NightVizer (baecb933-9897-3b35-86a3-c2c9dd1004dd): а если тепнутся он сюда же приведёт потом?
[13:25:01] Luxio (c9c65fb0-c5d9-364f-881a-0566723bee1c): нет
[13:25:13] NightVizer (baecb933-9897-3b35-86a3-c2c9dd1004dd): блиннннн
[13:25:31] Luxio (c9c65fb0-c5d9-364f-881a-0566723bee1c): хочешь еще лутаться
[13:25:32] Luxio (c9c65fb0-c5d9-364f-881a-0566723bee1c): ?
[13:25:36] NightVizer (baecb933-9897-3b35-86a3-c2c9dd1004dd): ага)
[13:25:47] Luxio (c9c65fb0-c5d9-364f-881a-0566723bee1c): я просто уже хочу выйти
[13:25:54] NightVizer (baecb933-9897-3b35-86a3-c2c9dd1004dd): ну хорошо
[13:27:13] Luxio (c9c65fb0-c5d9-364f-881a-0566723bee1c): мы тут будем жить?
[13:27:48] NightVizer (baecb933-9897-3b35-86a3-c2c9dd1004dd): незнаю, честно я хотел один поиграть или вдвоём, но без клана, может пока будем вдвоём играть?
[13:28:05] Luxio (c9c65fb0-c5d9-364f-881a-0566723bee1c): а почему без клана?
[13:28:43] NightVizer (baecb933-9897-3b35-86a3-c2c9dd1004dd): незнаю, прост нехочется, там всё так быстро, а хочется спокойно попракачиваться
[13:29:34] NightVizer (baecb933-9897-3b35-86a3-c2c9dd1004dd): хотя это странно)
[13:29:36] Luxio (c9c65fb0-c5d9-364f-881a-0566723bee1c): ты заходил на минерву?
[13:29:40] NightVizer (baecb933-9897-3b35-86a3-c2c9dd1004dd): да
[13:29:51] Luxio (c9c65fb0-c5d9-364f-881a-0566723bee1c): когда?
[13:29:58] NightVizer (baecb933-9897-3b35-86a3-c2c9dd1004dd): в самом начале с вами
[13:30:01] NightVizer (baecb933-9897-3b35-86a3-c2c9dd1004dd): перед драконом
[13:30:03] Luxio (c9c65fb0-c5d9-364f-881a-0566723bee1c): и всё?
[13:30:08] NightVizer (baecb933-9897-3b35-86a3-c2c9dd1004dd): вроде да
[13:30:28] Luxio (c9c65fb0-c5d9-364f-881a-0566723bee1c): просто у меня там ферма пороха, железа и золота
[13:30:40] NightVizer (baecb933-9897-3b35-86a3-c2c9dd1004dd): я и говорю что всё оченеь быстро)
[13:30:50] NightVizer (baecb933-9897-3b35-86a3-c2c9dd1004dd): ладно я тогда один пока поиграю
[13:30:52] Luxio (c9c65fb0-c5d9-364f-881a-0566723bee1c): так это я всё сделал)
[13:30:56] NightVizer (baecb933-9897-3b35-86a3-c2c9dd1004dd): может потом с вами
[13:30:59] NightVizer (baecb933-9897-3b35-86a3-c2c9dd1004dd): ты крут)
[13:31:11] NightVizer (baecb933-9897-3b35-86a3-c2c9dd1004dd): в любом случае они игрют там
[13:31:21] Luxio (c9c65fb0-c5d9-364f-881a-0566723bee1c): ну ладно
[13:31:39] Luxio (c9c65fb0-c5d9-364f-881a-0566723bee1c): я тут наверно буду редко играть
[13:31:45] NightVizer (baecb933-9897-3b35-86a3-c2c9dd1004dd): ну хорошо
[13:31:57] NightVizer (baecb933-9897-3b35-86a3-c2c9dd1004dd): я тогда пока сам буду играть, если что порсто так заходи
[13:32:03] Luxio (c9c65fb0-c5d9-364f-881a-0566723bee1c): ок
[13:32:12] Luxio (c9c65fb0-c5d9-364f-881a-0566723bee1c): ты тут будешь жить?
[13:32:16] NightVizer (baecb933-9897-3b35-86a3-c2c9dd1004dd): ага
[13:32:18] Luxio (c9c65fb0-c5d9-364f-881a-0566723bee1c): ок
[13:32:20] Luxio (c9c65fb0-c5d9-364f-881a-0566723bee1c): пока
[13:32:21] NightVizer (baecb933-9897-3b35-86a3-c2c9dd1004dd): построю базу
[13:32:26] NightVizer (baecb933-9897-3b35-86a3-c2c9dd1004dd): автоматическую сортировку
[13:32:31] Luxio (c9c65fb0-c5d9-364f-881a-0566723bee1c): хахах
[13:32:36] Luxio (c9c65fb0-c5d9-364f-881a-0566723bee1c): разбижался
[13:32:40] NightVizer (baecb933-9897-3b35-86a3-c2c9dd1004dd): это буднеь слдожно
[13:32:45] NightVizer (baecb933-9897-3b35-86a3-c2c9dd1004dd): очень
[13:32:51] NightVizer (baecb933-9897-3b35-86a3-c2c9dd1004dd): но я уже примерно знаю как
[13:32:58] NightVizer (baecb933-9897-3b35-86a3-c2c9dd1004dd): я за ред стоун шарю
[13:33:00] Luxio (c9c65fb0-c5d9-364f-881a-0566723bee1c): а какую?
[13:33:04] Luxio (c9c65fb0-c5d9-364f-881a-0566723bee1c): заквиеля?
[13:33:11] NightVizer (baecb933-9897-3b35-86a3-c2c9dd1004dd): всех стакабильных придмсетов
[13:33:30] NightVizer (baecb933-9897-3b35-86a3-c2c9dd1004dd): либо свою либо буду думать как уменьшить как узака
[13:33:38] Luxio (c9c65fb0-c5d9-364f-881a-0566723bee1c): ок
[13:33:45] NightVizer (baecb933-9897-3b35-86a3-c2c9dd1004dd): но уменьшить довольно сложно
[13:35:59] RunishYT (deb2ebb7-8562-3728-8ba8-ec800da9360c): Бредля не мешай
[13:36:04] GOLDENDUSST (a0ee3527-abbd-3f28-bd2e-ff7c77b23497): Почему у нас в канаве бредля
[13:36:12] Bradly378 (9ab93dfb-1454-3bb1-b47f-700f714534a9): я гдэ блять
[13:36:13] GOLDENDUSST (a0ee3527-abbd-3f28-bd2e-ff7c77b23497): Я тебя заметил
[13:36:17] Bradly378 (9ab93dfb-1454-3bb1-b47f-700f714534a9): я гдэ блять
[13:36:24] GOLDENDUSST (a0ee3527-abbd-3f28-bd2e-ff7c77b23497): Че ты там делаешь плентишь бомбу?
[13:36:26] Bradly378 (9ab93dfb-1454-3bb1-b47f-700f714534a9): ща тут всё разьебать
[13:36:40] GOLDENDUSST (a0ee3527-abbd-3f28-bd2e-ff7c77b23497): Так и знал террорист
[13:36:44] Bradly378 (9ab93dfb-1454-3bb1-b47f-700f714534a9): а точно
[13:36:52] Bradly378 (9ab93dfb-1454-3bb1-b47f-700f714534a9): я вчера скелетов килял
[13:37:52] Bradly378 (9ab93dfb-1454-3bb1-b47f-700f714534a9): так пенисы
[13:38:07] Bradly378 (9ab93dfb-1454-3bb1-b47f-700f714534a9): гдэ плата налогов!?
[13:38:30] GOLDENDUSST (a0ee3527-abbd-3f28-bd2e-ff7c77b23497): Бребля как ты относишься к моему предоожению о введинии правила о дизинформации о правилах
[13:38:38] Bradly378 (9ab93dfb-1454-3bb1-b47f-700f714534a9): я за
[13:38:46] Bradly378 (9ab93dfb-1454-3bb1-b47f-700f714534a9): я же в дс галочку поставил там
[13:38:51] GOLDENDUSST (a0ee3527-abbd-3f28-bd2e-ff7c77b23497): ок
[13:38:57] Bradly378 (9ab93dfb-1454-3bb1-b47f-700f714534a9): так пенисы
[13:39:00] Bradly378 (9ab93dfb-1454-3bb1-b47f-700f714534a9): гдэ плата налогов!?
[13:39:51] GOLDENDUSST (a0ee3527-abbd-3f28-bd2e-ff7c77b23497): мы в энд
[13:39:59] RunishYT (deb2ebb7-8562-3728-8ba8-ec800da9360c): @Игрок энд открыт, корды портала: 1785 40 -186
[13:40:30] RunishYT (deb2ebb7-8562-3728-8ba8-ec800da9360c): @Игрок энд открыт, корды портала: 1785 40 -186
[13:40:42] RunishYT (deb2ebb7-8562-3728-8ba8-ec800da9360c): сорри бредля 3 лишний
[13:42:00] RunishYT (deb2ebb7-8562-3728-8ba8-ec800da9360c): фффффф
[13:42:06] RunishYT (deb2ebb7-8562-3728-8ba8-ec800da9360c): нюхнул бебры
[13:42:47] RunishYT (deb2ebb7-8562-3728-8ba8-ec800da9360c): тп бребля
[13:43:09] RunishYT (deb2ebb7-8562-3728-8ba8-ec800da9360c): я хотел скелета
[13:44:40] RunishYT (deb2ebb7-8562-3728-8ba8-ec800da9360c): ахуен
[13:44:44] RunishYT (deb2ebb7-8562-3728-8ba8-ec800da9360c): ахуена
[13:44:46] Bradly378 (9ab93dfb-1454-3bb1-b47f-700f714534a9): намана
[13:44:54] Bradly378 (9ab93dfb-1454-3bb1-b47f-700f714534a9): нюхни
[13:46:06] Bradly378 (9ab93dfb-1454-3bb1-b47f-700f714534a9): мусором раскидывается
[13:46:07] Bradly378 (9ab93dfb-1454-3bb1-b47f-700f714534a9): ппц
[13:46:27] Bradly378 (9ab93dfb-1454-3bb1-b47f-700f714534a9): хахаха
[13:46:30] Bradly378 (9ab93dfb-1454-3bb1-b47f-700f714534a9): трезубэ
[13:46:30] GOLDENDUSST (a0ee3527-abbd-3f28-bd2e-ff7c77b23497): ээээ
[13:46:33] Bradly378 (9ab93dfb-1454-3bb1-b47f-700f714534a9): почти полный
[13:46:37] GOLDENDUSST (a0ee3527-abbd-3f28-bd2e-ff7c77b23497): арбуз
[13:46:38] RunishYT (deb2ebb7-8562-3728-8ba8-ec800da9360c): воруем
[13:48:03] RunishYT (deb2ebb7-8562-3728-8ba8-ec800da9360c): верни трезубэц эээ
[13:48:10] Bradly378 (9ab93dfb-1454-3bb1-b47f-700f714534a9): так он выпал
[13:48:13] Bradly378 (9ab93dfb-1454-3bb1-b47f-700f714534a9): из утопленика
[13:48:15] Bradly378 (9ab93dfb-1454-3bb1-b47f-700f714534a9): моё
[13:48:20] RunishYT (deb2ebb7-8562-3728-8ba8-ec800da9360c): ладно
[13:48:23] RunishYT (deb2ebb7-8562-3728-8ba8-ec800da9360c): езжаем
[13:48:27] GOLDENDUSST (a0ee3527-abbd-3f28-bd2e-ff7c77b23497): я его убил ты украл мой килл
[13:48:32] GOLDENDUSST (a0ee3527-abbd-3f28-bd2e-ff7c77b23497): я его услышал
[13:48:37] Costelemental (d0fcacd3-9d82-3989-a28b-6768b857240e): привет всем
[13:48:39] GOLDENDUSST (a0ee3527-abbd-3f28-bd2e-ff7c77b23497): я его отпиздил а ты добил
[13:49:03] RunishYT (deb2ebb7-8562-3728-8ba8-ec800da9360c): сорри бредля 3 лишний
[13:49:19] RunishYT (deb2ebb7-8562-3728-8ba8-ec800da9360c): бля не бань
[13:50:50] RunishYT (deb2ebb7-8562-3728-8ba8-ec800da9360c): на борту фальшивка
[13:50:54] GOLDENDUSST (a0ee3527-abbd-3f28-bd2e-ff7c77b23497): хде
[13:50:59] GOLDENDUSST (a0ee3527-abbd-3f28-bd2e-ff7c77b23497): на мне?
[13:51:17] RunishYT (deb2ebb7-8562-3728-8ba8-ec800da9360c): саса
[13:52:50] GOLDENDUSST (a0ee3527-abbd-3f28-bd2e-ff7c77b23497): а как
[13:53:00] GOLDENDUSST (a0ee3527-abbd-3f28-bd2e-ff7c77b23497): идём
[13:53:06] GOLDENDUSST (a0ee3527-abbd-3f28-bd2e-ff7c77b23497): хлыстни его
[13:53:27] Bradly378 (9ab93dfb-1454-3bb1-b47f-700f714534a9): [f[f[
[13:53:34] Bradly378 (9ab93dfb-1454-3bb1-b47f-700f714534a9): поехал
[13:53:36] RunishYT (deb2ebb7-8562-3728-8ba8-ec800da9360c): @Игрок энд открыт, корды портала: 1785 40 -186
[13:53:39] GOLDENDUSST (a0ee3527-abbd-3f28-bd2e-ff7c77b23497): я довезу
[13:53:57] RunishYT (deb2ebb7-8562-3728-8ba8-ec800da9360c): как сесть?
[13:54:00] Bradly378 (9ab93dfb-1454-3bb1-b47f-700f714534a9): пкм
[13:54:04] Bradly378 (9ab93dfb-1454-3bb1-b47f-700f714534a9): задержи
[13:54:07] RunishYT (deb2ebb7-8562-3728-8ba8-ec800da9360c): ахуенный
[13:54:16] Bradly378 (9ab93dfb-1454-3bb1-b47f-700f714534a9): я на время врубил
[13:54:44] Bradly378 (9ab93dfb-1454-3bb1-b47f-700f714534a9): а так это будет фича нано+
[13:55:26] RunishYT (deb2ebb7-8562-3728-8ba8-ec800da9360c): давай ишак быстрее
[13:55:46] Costelemental (d0fcacd3-9d82-3989-a28b-6768b857240e): найт привет
[13:58:02] Bradly378 (9ab93dfb-1454-3bb1-b47f-700f714534a9): сидеть можно даже когда кто то летит на элитрах кста (экономия)
[13:59:12] Bradly378 (9ab93dfb-1454-3bb1-b47f-700f714534a9): ладно
[13:59:20] Bradly378 (9ab93dfb-1454-3bb1-b47f-700f714534a9): ладно
[14:04:36] Bradly378 (9ab93dfb-1454-3bb1-b47f-700f714534a9): опа
[14:05:42] GOLDENDUSST (a0ee3527-abbd-3f28-bd2e-ff7c77b23497): Hello there
[14:09:57] GOLDENDUSST (a0ee3527-abbd-3f28-bd2e-ff7c77b23497): Бля залупа
[14:10:05] NightVizer (baecb933-9897-3b35-86a3-c2c9dd1004dd): хахаахах
[14:10:13] NightVizer (baecb933-9897-3b35-86a3-c2c9dd1004dd): нашёл нашу ерпость)
[14:13:41] GulgPlayer (a1c0ea2e-fe38-3c55-a100-bcde7e6529b1): ето продаст стак хлеба за полстака железа
[14:22:39] NightVizer (baecb933-9897-3b35-86a3-c2c9dd1004dd): пустота?
[14:22:50] GOLDENDUSST (a0ee3527-abbd-3f28-bd2e-ff7c77b23497): Негры
[14:23:08] NightVizer (baecb933-9897-3b35-86a3-c2c9dd1004dd): хоть не пустота
[14:23:31] GOLDENDUSST (a0ee3527-abbd-3f28-bd2e-ff7c77b23497): Сложна я думал будит легче но негры по силе превосходят белых
[14:24:00] _MagicShadow_ (806b9490-3fe7-3c9b-a8f8-e73b9d0be3a8): а какие корды у спавна?
[14:41:16] Bradly378 (9ab93dfb-1454-3bb1-b47f-700f714534a9): ща будет микро лаг на 5 сек не пугайтесь
[14:42:01] Bradly378 (9ab93dfb-1454-3bb1-b47f-700f714534a9): забыл сказать что бэбра вылетит
[14:42:04] Bradly378 (9ab93dfb-1454-3bb1-b47f-700f714534a9): :D
[14:42:19] NightVizer (baecb933-9897-3b35-86a3-c2c9dd1004dd): я прост вышел сам....
[14:44:56] GOLDENDUSST (a0ee3527-abbd-3f28-bd2e-ff7c77b23497): Бребля
[14:46:38] Bradly378 (9ab93dfb-1454-3bb1-b47f-700f714534a9): вы не против если будет рестарт?
[14:46:48] NightVizer (baecb933-9897-3b35-86a3-c2c9dd1004dd): ок
[14:46:54] GOLDENDUSST (a0ee3527-abbd-3f28-bd2e-ff7c77b23497): 5 сек
[14:46:55] Bradly378 (9ab93dfb-1454-3bb1-b47f-700f714534a9): спасибо
[14:47:26] RunishYT (deb2ebb7-8562-3728-8ba8-ec800da9360c): все можн
[14:50:14] GOLDENDUSST (a0ee3527-abbd-3f28-bd2e-ff7c77b23497): Бердля ты щас занят?
[14:50:28] RunishYT (deb2ebb7-8562-3728-8ba8-ec800da9360c): Бердля
[14:50:31] RunishYT (deb2ebb7-8562-3728-8ba8-ec800da9360c): Чел боже
[15:01:00] GOLDENDUSST (a0ee3527-abbd-3f28-bd2e-ff7c77b23497): Попуск от фуги сдох
[15:01:13] RunishYT (deb2ebb7-8562-3728-8ba8-ec800da9360c): 5 ката казуала
[15:01:15] RunishYT (deb2ebb7-8562-3728-8ba8-ec800da9360c): ТИЛЬТ
[15:13:17] GOLDENDUSST (a0ee3527-abbd-3f28-bd2e-ff7c77b23497): Ладно
[15:13:20] RunishYT (deb2ebb7-8562-3728-8ba8-ec800da9360c): ..
[15:13:48] RunishYT (deb2ebb7-8562-3728-8ba8-ec800da9360c): это азбука Морза?
[15:13:51] GOLDENDUSST (a0ee3527-abbd-3f28-bd2e-ff7c77b23497): Я не знаю азбуку морза
[15:38:07] GOLDENDUSST (a0ee3527-abbd-3f28-bd2e-ff7c77b23497): оооо
[15:38:12] GOLDENDUSST (a0ee3527-abbd-3f28-bd2e-ff7c77b23497): короче
[15:38:14] Bradly378 (9ab93dfb-1454-3bb1-b47f-700f714534a9): чё бомж теперь?
[15:38:18] GOLDENDUSST (a0ee3527-abbd-3f28-bd2e-ff7c77b23497): таккая ситуация
[15:38:26] GOLDENDUSST (a0ee3527-abbd-3f28-bd2e-ff7c77b23497): я лечу
[15:38:28] Bradly378 (9ab93dfb-1454-3bb1-b47f-700f714534a9): в берёзовом лесу и штанишках после падения в пустоту?
[15:38:54] GOLDENDUSST (a0ee3527-abbd-3f28-bd2e-ff7c77b23497): мне звонит рунишь и я сдох из-за того что залагало нагрузка на интернет была высокой
[15:39:12] GOLDENDUSST (a0ee3527-abbd-3f28-bd2e-ff7c77b23497): го откат?
[15:39:17] Bradly378 (9ab93dfb-1454-3bb1-b47f-700f714534a9): когда идёт звонок инет вовсе пропадает
[15:39:28] GOLDENDUSST (a0ee3527-abbd-3f28-bd2e-ff7c77b23497): Нет он в ватсап
[15:39:31] GOLDENDUSST (a0ee3527-abbd-3f28-bd2e-ff7c77b23497): звонил
[15:40:31] GOLDENDUSST (a0ee3527-abbd-3f28-bd2e-ff7c77b23497): спс
[15:41:13] Bradly378 (9ab93dfb-1454-3bb1-b47f-700f714534a9): компенс за откат
[15:41:29] Bradly378 (9ab93dfb-1454-3bb1-b47f-700f714534a9): а всё нету
[15:41:30] Bradly378 (9ab93dfb-1454-3bb1-b47f-700f714534a9): да
[15:41:32] Bradly378 (9ab93dfb-1454-3bb1-b47f-700f714534a9): ххаа
[15:41:36] GOLDENDUSST (a0ee3527-abbd-3f28-bd2e-ff7c77b23497): а элики
[15:41:44] Bradly378 (9ab93dfb-1454-3bb1-b47f-700f714534a9): элики опять найдёшь
[15:41:58] Bradly378 (9ab93dfb-1454-3bb1-b47f-700f714534a9): это вобще не попадает под случай отката чтоб понимал
[15:42:13] GOLDENDUSST (a0ee3527-abbd-3f28-bd2e-ff7c77b23497): Ладно, спасибо
[15:42:30] GOLDENDUSST (a0ee3527-abbd-3f28-bd2e-ff7c77b23497): стоп
[15:42:42] GOLDENDUSST (a0ee3527-abbd-3f28-bd2e-ff7c77b23497): это когда у меня такие вещи были
[15:43:01] Bradly378 (9ab93dfb-1454-3bb1-b47f-700f714534a9): упал когда в пустоту, какую не знаю но упал же
[15:43:30] GOLDENDUSST (a0ee3527-abbd-3f28-bd2e-ff7c77b23497): Я упал с элитр меня забили досмерти негры
[15:44:12] Bradly378 (9ab93dfb-1454-3bb1-b47f-700f714534a9): можешь обратно подбирать
[15:44:51] Bradly378 (9ab93dfb-1454-3bb1-b47f-700f714534a9): опять в энд пойдешь, тк я не думаю что звонок от руниша это трабл сервера и ты впринципе сдох изза ошибки сервера
[15:45:09] Bradly378 (9ab93dfb-1454-3bb1-b47f-700f714534a9): так что это вернул и то радуйся
[15:45:22] GOLDENDUSST (a0ee3527-abbd-3f28-bd2e-ff7c77b23497): Да я знаю спасибо за откат я понимаю что эта ситуация не вина сервера а моя проблема
[15:45:43] GOLDENDUSST (a0ee3527-abbd-3f28-bd2e-ff7c77b23497): Но трезуб мой
[15:45:47] Bradly378 (9ab93dfb-1454-3bb1-b47f-700f714534a9): заметь декака бы просто нахй послал или бы игнорил
[15:45:55] GOLDENDUSST (a0ee3527-abbd-3f28-bd2e-ff7c77b23497): ес
[15:45:59] Bradly378 (9ab93dfb-1454-3bb1-b47f-700f714534a9): уже няма трезуба
[15:46:05] GOLDENDUSST (a0ee3527-abbd-3f28-bd2e-ff7c77b23497): Когда я в лаву пал через блоки
[15:46:17] GOLDENDUSST (a0ee3527-abbd-3f28-bd2e-ff7c77b23497): Хах я его в энд чест положил
[15:50:48] GOLDENDUSST (a0ee3527-abbd-3f28-bd2e-ff7c77b23497): Донбас
[15:50:53] Bradly378 (9ab93dfb-1454-3bb1-b47f-700f714534a9): )
[15:57:40] Baganutiy (5260ba66-9c4f-32b6-a567-5b16bdb6c4e7): можно вещей
[15:57:49] GOLDENDUSST (a0ee3527-abbd-3f28-bd2e-ff7c77b23497): Незя
[15:57:50] Bradly378 (9ab93dfb-1454-3bb1-b47f-700f714534a9): любите страдать вылетами?
[15:57:55] GOLDENDUSST (a0ee3527-abbd-3f28-bd2e-ff7c77b23497): Могу дать вдолг
[15:58:01] GOLDENDUSST (a0ee3527-abbd-3f28-bd2e-ff7c77b23497): Нет
[15:58:22] Baganutiy (5260ba66-9c4f-32b6-a567-5b16bdb6c4e7): я новичок ну ну пжпж
[15:58:43] Bradly378 (9ab93dfb-1454-3bb1-b47f-700f714534a9): тут все новичик тут ниукого даже нез скрапа нету
[15:58:43] RunishYT (deb2ebb7-8562-3728-8ba8-ec800da9360c): Срать
[15:58:46] GOLDENDUSST (a0ee3527-abbd-3f28-bd2e-ff7c77b23497): Ок могу дать хлеба и немного железа
[15:58:53] Baganutiy (5260ba66-9c4f-32b6-a567-5b16bdb6c4e7): ок
[15:58:54] RunishYT (deb2ebb7-8562-3728-8ba8-ec800da9360c): Мы не новички
[15:58:58] RunishYT (deb2ebb7-8562-3728-8ba8-ec800da9360c): у нас элики
[15:58:58] Baganutiy (5260ba66-9c4f-32b6-a567-5b16bdb6c4e7): jr
[15:59:04] Baganutiy (5260ba66-9c4f-32b6-a567-5b16bdb6c4e7): ок
[15:59:05] Bradly378 (9ab93dfb-1454-3bb1-b47f-700f714534a9): уже нет эликов
[15:59:11] RunishYT (deb2ebb7-8562-3728-8ba8-ec800da9360c): эээээ
[15:59:13] Bradly378 (9ab93dfb-1454-3bb1-b47f-700f714534a9): кое кто здох ведь
[15:59:19] RunishYT (deb2ebb7-8562-3728-8ba8-ec800da9360c): у меня есть
[15:59:22] Bradly378 (9ab93dfb-1454-3bb1-b47f-700f714534a9): а ладно
[15:59:38] _MagicShadow_ (806b9490-3fe7-3c9b-a8f8-e73b9d0be3a8): !
[15:59:55] RunishYT (deb2ebb7-8562-3728-8ba8-ec800da9360c): прокати меня братик
[16:00:09] Bradly378 (9ab93dfb-1454-3bb1-b47f-700f714534a9): ебааа
[16:00:12] Bradly378 (9ab93dfb-1454-3bb1-b47f-700f714534a9): ого
[16:00:22] Bradly378 (9ab93dfb-1454-3bb1-b47f-700f714534a9): жалка
[16:00:26] Baganutiy (5260ba66-9c4f-32b6-a567-5b16bdb6c4e7): я на спавне
[16:00:28] Bradly378 (9ab93dfb-1454-3bb1-b47f-700f714534a9): такой то раритет
[16:00:41] RunishYT (deb2ebb7-8562-3728-8ba8-ec800da9360c): прокати меня братик
[16:00:47] GOLDENDUSST (a0ee3527-abbd-3f28-bd2e-ff7c77b23497): Через 5 мин
[16:00:51] RunishYT (deb2ebb7-8562-3728-8ba8-ec800da9360c): как сесть?
[16:00:54] RunishYT (deb2ebb7-8562-3728-8ba8-ec800da9360c): тебе на шею
[16:01:26] RunishYT (deb2ebb7-8562-3728-8ba8-ec800da9360c): лети
[16:01:53] RunishYT (deb2ebb7-8562-3728-8ba8-ec800da9360c): я лечу на бредли!!!!
[16:02:06] RunishYT (deb2ebb7-8562-3728-8ba8-ec800da9360c): игоого
[16:02:19] GOLDENDUSST (a0ee3527-abbd-3f28-bd2e-ff7c77b23497): Пон нашёл себе папика и хвастается
[16:02:47] RunishYT (deb2ebb7-8562-3728-8ba8-ec800da9360c): Выше Пигас
[16:03:08] GOLDENDUSST (a0ee3527-abbd-3f28-bd2e-ff7c77b23497): Я на спавне
[16:03:13] Baganutiy (5260ba66-9c4f-32b6-a567-5b16bdb6c4e7): дфйте хлебушка поживать пж
[16:03:18] RunishYT (deb2ebb7-8562-3728-8ba8-ec800da9360c): я седня добрый поэтому съем тебя завтра
[16:03:20] Baganutiy (5260ba66-9c4f-32b6-a567-5b16bdb6c4e7): дайте хлебушка поживать пж
[16:03:29] GOLDENDUSST (a0ee3527-abbd-3f28-bd2e-ff7c77b23497): Я на спавне
[16:03:55] Baganutiy (5260ba66-9c4f-32b6-a567-5b16bdb6c4e7): спс спс
[16:04:08] RunishYT (deb2ebb7-8562-3728-8ba8-ec800da9360c): Лети мой Пигас
[16:04:13] RunishYT (deb2ebb7-8562-3728-8ba8-ec800da9360c): На Донбасс
[16:05:12] Bradly378 (9ab93dfb-1454-3bb1-b47f-700f714534a9): мдея
[16:05:14] Bradly378 (9ab93dfb-1454-3bb1-b47f-700f714534a9): идея
[16:05:57] Exren3588 (6c446cc9-8057-3d23-bf8e-87a39b8040c4): I joined using ChatCraft from my Android device! Download it for free!
[16:06:12] RunishYT (deb2ebb7-8562-3728-8ba8-ec800da9360c): я сделал то что не удалось тебе эксре
[16:06:17] RunishYT (deb2ebb7-8562-3728-8ba8-ec800da9360c): я сделал то что не удалось тебе эксрен
[16:06:22] Bradly378 (9ab93dfb-1454-3bb1-b47f-700f714534a9): ?
[16:06:23] RunishYT (deb2ebb7-8562-3728-8ba8-ec800da9360c): сел на шею брэдли
[16:06:42] Exren3588 (6c446cc9-8057-3d23-bf8e-87a39b8040c4): Я теперь не могу с неё в лс писать, ты че блять с ней сделал
[16:07:03] RunishYT (deb2ebb7-8562-3728-8ba8-ec800da9360c): я нихуя не вижу
[16:07:08] Bradly378 (9ab93dfb-1454-3bb1-b47f-700f714534a9): ничё не делал а если что то и случилось то рестарт поможет серва
[16:07:10] RunishYT (deb2ebb7-8562-3728-8ba8-ec800da9360c): не прогрузилось
[16:08:31] RunishYT (deb2ebb7-8562-3728-8ba8-ec800da9360c): что будет если я слезу?
[16:08:38] Bradly378 (9ab93dfb-1454-3bb1-b47f-700f714534a9): пока пока буде
[16:09:15] Bradly378 (9ab93dfb-1454-3bb1-b47f-700f714534a9): а домой сам
[16:09:34] GOLDENDUSST (a0ee3527-abbd-3f28-bd2e-ff7c77b23497): Его забанили за полёт
[16:09:40] GOLDENDUSST (a0ee3527-abbd-3f28-bd2e-ff7c77b23497): Античит
[16:09:47] GOLDENDUSST (a0ee3527-abbd-3f28-bd2e-ff7c77b23497): Бредля
[16:09:52] Bradly378 (9ab93dfb-1454-3bb1-b47f-700f714534a9): ?
[16:10:11] GOLDENDUSST (a0ee3527-abbd-3f28-bd2e-ff7c77b23497): Ты его катал а античит его забанил за полёт
[16:10:29] Bradly378 (9ab93dfb-1454-3bb1-b47f-700f714534a9): ну что налетался?
[16:10:37] Bradly378 (9ab93dfb-1454-3bb1-b47f-700f714534a9): а теперь домой сам )
[16:10:50] RunishYT (deb2ebb7-8562-3728-8ba8-ec800da9360c): нихуя меня за полеты забанили
[16:11:30] Bradly378 (9ab93dfb-1454-3bb1-b47f-700f714534a9): неен
[16:11:33] Bradly378 (9ab93dfb-1454-3bb1-b47f-700f714534a9): без вёдер
[16:11:34] Bradly378 (9ab93dfb-1454-3bb1-b47f-700f714534a9): )
[16:17:29] Bradly378 (9ab93dfb-1454-3bb1-b47f-700f714534a9): Baganutiy шо у тебя с пингом, ты что баганутый?
[16:17:34] Bradly378 (9ab93dfb-1454-3bb1-b47f-700f714534a9): мда
[16:17:35] GulgPlayer (a1c0ea2e-fe38-3c55-a100-bcde7e6529b1): да
[16:17:44] _MagicShadow_ (806b9490-3fe7-3c9b-a8f8-e73b9d0be3a8): у него 6000 пинга было
[16:18:09] Baganutiy (5260ba66-9c4f-32b6-a567-5b16bdb6c4e7): хрен знает
[16:18:12] GOLDENDUSST (a0ee3527-abbd-3f28-bd2e-ff7c77b23497): Я не ебу я беберок
[16:19:14] GOLDENDUSST (a0ee3527-abbd-3f28-bd2e-ff7c77b23497): Я и не искал
[16:19:27] GOLDENDUSST (a0ee3527-abbd-3f28-bd2e-ff7c77b23497): Меня выебав негр ростом 3 метра
[16:23:21] Bradly378 (9ab93dfb-1454-3bb1-b47f-700f714534a9): как домой топается?
[16:24:30] RunishYT (deb2ebb7-8562-3728-8ba8-ec800da9360c): спс бра
[16:24:54] RunishYT (deb2ebb7-8562-3728-8ba8-ec800da9360c): оооо
[16:24:57] RunishYT (deb2ebb7-8562-3728-8ba8-ec800da9360c): буду продавать
[16:29:28] _MagicShadow_ (806b9490-3fe7-3c9b-a8f8-e73b9d0be3a8): кто продаст 3-4 стака хлеба за 6 алмазов
[16:30:13] _MagicShadow_ (806b9490-3fe7-3c9b-a8f8-e73b9d0be3a8): вам что алмазы не нужны?
[16:30:22] RunishYT (deb2ebb7-8562-3728-8ba8-ec800da9360c): пиздец дорого
[16:30:37] RunishYT (deb2ebb7-8562-3728-8ba8-ec800da9360c): 3 4 стака это куча дерева
[16:31:02] _MagicShadow_ (806b9490-3fe7-3c9b-a8f8-e73b9d0be3a8): причём здесь дерево?
[16:31:12] RunishYT (deb2ebb7-8562-3728-8ba8-ec800da9360c): продавать жителям
[16:31:24] _MagicShadow_ (806b9490-3fe7-3c9b-a8f8-e73b9d0be3a8): давай 2 стака
[16:31:37] _MagicShadow_ (806b9490-3fe7-3c9b-a8f8-e73b9d0be3a8): давай 2 стака?
[16:31:46] RunishYT (deb2ebb7-8562-3728-8ba8-ec800da9360c): ок
[16:31:51] _MagicShadow_ (806b9490-3fe7-3c9b-a8f8-e73b9d0be3a8): на спавне
[16:31:56] _MagicShadow_ (806b9490-3fe7-3c9b-a8f8-e73b9d0be3a8): на спавне
[16:32:18] _MagicShadow_ (806b9490-3fe7-3c9b-a8f8-e73b9d0be3a8): скоро буду
[16:32:21] _MagicShadow_ (806b9490-3fe7-3c9b-a8f8-e73b9d0be3a8): скоро буду
[16:34:10] _MagicShadow_ (806b9490-3fe7-3c9b-a8f8-e73b9d0be3a8): можете сказать корды спавна
[16:34:24] RunishYT (deb2ebb7-8562-3728-8ba8-ec800da9360c): ближе к 0
[16:35:09] _MagicShadow_ (806b9490-3fe7-3c9b-a8f8-e73b9d0be3a8): всё я на спавне
[16:36:15] RunishYT (deb2ebb7-8562-3728-8ba8-ec800da9360c): жди мея
[16:36:19] RunishYT (deb2ebb7-8562-3728-8ba8-ec800da9360c): жди меня
[16:36:20] _MagicShadow_ (806b9490-3fe7-3c9b-a8f8-e73b9d0be3a8): жду
[16:36:25] _MagicShadow_ (806b9490-3fe7-3c9b-a8f8-e73b9d0be3a8): жду
[16:36:49] RunishYT (deb2ebb7-8562-3728-8ba8-ec800da9360c): бредли с неба упал
[16:39:15] _MagicShadow_ (806b9490-3fe7-3c9b-a8f8-e73b9d0be3a8): спасибо за покупку ну или что то того, было приятно иметь с вами дело
[16:40:38] RunishYT (deb2ebb7-8562-3728-8ba8-ec800da9360c): блять я сам себя захуярил
[16:40:55] Baganutiy (5260ba66-9c4f-32b6-a567-5b16bdb6c4e7): ну ляя
[16:41:10] RunishYT (deb2ebb7-8562-3728-8ba8-ec800da9360c): Блять где?
[16:42:00] RunishYT (deb2ebb7-8562-3728-8ba8-ec800da9360c): сука пиздец
[16:42:06] RunishYT (deb2ebb7-8562-3728-8ba8-ec800da9360c): у меня ресурспак стоит
[16:42:17] RunishYT (deb2ebb7-8562-3728-8ba8-ec800da9360c): на новые звуки
[16:42:22] RunishYT (deb2ebb7-8562-3728-8ba8-ec800da9360c): гром громкий
[16:42:25] RunishYT (deb2ebb7-8562-3728-8ba8-ec800da9360c): как в реале
[16:42:29] RunishYT (deb2ebb7-8562-3728-8ba8-ec800da9360c): я обосрался
[16:43:42] RunishYT (deb2ebb7-8562-3728-8ba8-ec800da9360c): вот это дырка
[16:44:07] RunishYT (deb2ebb7-8562-3728-8ba8-ec800da9360c): магия
[16:53:52] RunishYT (deb2ebb7-8562-3728-8ba8-ec800da9360c): бредля ну чо теперь валюта это алмазы?
