[05:48:26] AviKgolD1 (fe9f4036-69b5-38be-a9c3-1d860d8c4398): qq
[05:49:35] AviKgolD1 (fe9f4036-69b5-38be-a9c3-1d860d8c4398): привет
[05:49:49] Lolaol (87ad5a86-9b00-3567-aad2-09baa248d884): Привет
[05:50:00] RearedDragon540 (e09fe396-2acc-3af0-88aa-156442b81fdb): привет
[06:08:20] RearedDragon540 (e09fe396-2acc-3af0-88aa-156442b81fdb): ку
[06:08:21] AviKgolD1 (fe9f4036-69b5-38be-a9c3-1d860d8c4398): qq
[06:08:45] RunishYT (deb2ebb7-8562-3728-8ba8-ec800da9360c): прив
[06:08:53] Lolaol (87ad5a86-9b00-3567-aad2-09baa248d884): Привет
[06:09:19] RearedDragon540 (e09fe396-2acc-3af0-88aa-156442b81fdb): кстати на спавне около море я оставил всех своих аксолотлей :)
[06:23:27] AviKgolD1 (fe9f4036-69b5-38be-a9c3-1d860d8c4398): q
[06:31:50] GOLDENDUSST (a0ee3527-abbd-3f28-bd2e-ff7c77b23497): че ты тут делаешь
[06:32:11] Lolaol (87ad5a86-9b00-3567-aad2-09baa248d884): тебе щас или в конце нидели алмазы отдать?
[06:32:27] GOLDENDUSST (a0ee3527-abbd-3f28-bd2e-ff7c77b23497): когда захочешь в течении недели
[06:33:17] Lolaol (87ad5a86-9b00-3567-aad2-09baa248d884): я алмазы принёс
[06:33:39] GOLDENDUSST (a0ee3527-abbd-3f28-bd2e-ff7c77b23497): спс выгодная сделка
[06:34:11] Lolaol (87ad5a86-9b00-3567-aad2-09baa248d884): я ещё пришол за стеклом, песком и губками
[06:34:13] GOLDENDUSST (a0ee3527-abbd-3f28-bd2e-ff7c77b23497): что нибудь ещё?
[06:34:21] GOLDENDUSST (a0ee3527-abbd-3f28-bd2e-ff7c77b23497): Могу много чего продать
[06:34:31] Lolaol (87ad5a86-9b00-3567-aad2-09baa248d884): я токо что написал
[06:34:52] GOLDENDUSST (a0ee3527-abbd-3f28-bd2e-ff7c77b23497): губок нету стекло сколько?
[06:35:07] Lolaol (87ad5a86-9b00-3567-aad2-09baa248d884): ну мне много надо
[06:35:18] GOLDENDUSST (a0ee3527-abbd-3f28-bd2e-ff7c77b23497): тебе песок нужен для того чтобы воду убрать
[06:35:31] Lolaol (87ad5a86-9b00-3567-aad2-09baa248d884): да
[06:35:47] GOLDENDUSST (a0ee3527-abbd-3f28-bd2e-ff7c77b23497): сколько песка надо
[06:36:07] Lolaol (87ad5a86-9b00-3567-aad2-09baa248d884): там ного воды где то 10 стаков
[06:36:17] GOLDENDUSST (a0ee3527-abbd-3f28-bd2e-ff7c77b23497): давай я тебе продам 8 стаков стекла и 8 стаков песка за 2 алма
[06:36:35] Lolaol (87ad5a86-9b00-3567-aad2-09baa248d884): а почему так дёшево?
[06:36:51] GOLDENDUSST (a0ee3527-abbd-3f28-bd2e-ff7c77b23497): потому что я могу это в течении 10 минут сделать
[06:36:56] GOLDENDUSST (a0ee3527-abbd-3f28-bd2e-ff7c77b23497): и песок у меня естт
[06:38:40] Lolaol (87ad5a86-9b00-3567-aad2-09baa248d884): и можно ещё алмазную лапату?
[06:39:16] GOLDENDUSST (a0ee3527-abbd-3f28-bd2e-ff7c77b23497): Могу продать на шёлк эффективность 5 неразрушимость 3 и починку
[06:39:34] Lolaol (87ad5a86-9b00-3567-aad2-09baa248d884): мне шолк не нужен
[06:39:44] GOLDENDUSST (a0ee3527-abbd-3f28-bd2e-ff7c77b23497): ок без шёлка
[06:41:53] GOLDENDUSST (a0ee3527-abbd-3f28-bd2e-ff7c77b23497): лопату щас сделаю
[06:44:33] GOLDENDUSST (a0ee3527-abbd-3f28-bd2e-ff7c77b23497): лопата будет стоить 1 алмаз
[06:44:47] Lolaol (87ad5a86-9b00-3567-aad2-09baa248d884): с меня 3 алмаза?
[06:44:53] GOLDENDUSST (a0ee3527-abbd-3f28-bd2e-ff7c77b23497): да
[06:44:58] RunishYT (deb2ebb7-8562-3728-8ba8-ec800da9360c): я донкей конг
[07:04:01] RunishYT (deb2ebb7-8562-3728-8ba8-ec800da9360c): да
[08:54:16] RearedDragon540 (e09fe396-2acc-3af0-88aa-156442b81fdb): ку
[08:55:20] AviKgolD1 (fe9f4036-69b5-38be-a9c3-1d860d8c4398): qq
[09:54:39] RunishYT (deb2ebb7-8562-3728-8ba8-ec800da9360c): спасите на меня конч напал
[09:54:53] AviKgolD1 (fe9f4036-69b5-38be-a9c3-1d860d8c4398): ладно
[09:55:09] AviKgolD1 (fe9f4036-69b5-38be-a9c3-1d860d8c4398): у вас есть незерит?
[09:55:19] RunishYT (deb2ebb7-8562-3728-8ba8-ec800da9360c): да 3 кусочека
[09:55:27] RunishYT (deb2ebb7-8562-3728-8ba8-ec800da9360c): и куча шерсти
[09:55:50] AviKgolD1 (fe9f4036-69b5-38be-a9c3-1d860d8c4398): не тогда сам ферму построю
[10:32:10] AviKgolD1 (fe9f4036-69b5-38be-a9c3-1d860d8c4398): два кусочка незерита за сколько продадите?
[10:32:21] RunishYT (deb2ebb7-8562-3728-8ba8-ec800da9360c): обломков?
[10:32:29] AviKgolD1 (fe9f4036-69b5-38be-a9c3-1d860d8c4398): да
[10:32:37] RunishYT (deb2ebb7-8562-3728-8ba8-ec800da9360c): 1 неделя рабства
[10:33:02] AviKgolD1 (fe9f4036-69b5-38be-a9c3-1d860d8c4398): не, спасибо свои дела есть
[10:33:11] GOLDENDUSST (a0ee3527-abbd-3f28-bd2e-ff7c77b23497): Поч
[10:33:18] GOLDENDUSST (a0ee3527-abbd-3f28-bd2e-ff7c77b23497): Ок
[10:33:37] GOLDENDUSST (a0ee3527-abbd-3f28-bd2e-ff7c77b23497): Скажи сперма
[10:33:47] RunishYT (deb2ebb7-8562-3728-8ba8-ec800da9360c): кам
[10:34:19] RunishYT (deb2ebb7-8562-3728-8ba8-ec800da9360c): Машина ахуела
[10:49:14] AviKgolD1 (fe9f4036-69b5-38be-a9c3-1d860d8c4398): привет
[10:50:24] kollar_344 (9ee26b5e-1e8d-3bdd-a9ac-d3ead30e62cc): ку
[10:50:39] kollar_344 (9ee26b5e-1e8d-3bdd-a9ac-d3ead30e62cc): давно играешь?
[10:51:00] AviKgolD1 (fe9f4036-69b5-38be-a9c3-1d860d8c4398): ща точно скажу
[10:51:51] AviKgolD1 (fe9f4036-69b5-38be-a9c3-1d860d8c4398): по статистике около 50 часов
[10:52:03] kollar_344 (9ee26b5e-1e8d-3bdd-a9ac-d3ead30e62cc): я играю 5 минут)
[10:52:09] kollar_344 (9ee26b5e-1e8d-3bdd-a9ac-d3ead30e62cc): Го дружить?
[10:52:41] AviKgolD1 (fe9f4036-69b5-38be-a9c3-1d860d8c4398): не знаю
[10:52:54] kollar_344 (9ee26b5e-1e8d-3bdd-a9ac-d3ead30e62cc): поч?
[10:53:00] AviKgolD1 (fe9f4036-69b5-38be-a9c3-1d860d8c4398): ты же друг лайт найта?
[10:53:06] kollar_344 (9ee26b5e-1e8d-3bdd-a9ac-d3ead30e62cc): да
[10:53:24] AviKgolD1 (fe9f4036-69b5-38be-a9c3-1d860d8c4398): значит ты и так скорее всего будешь со мной играть
[10:53:32] kollar_344 (9ee26b5e-1e8d-3bdd-a9ac-d3ead30e62cc): а ты кто?
[10:53:59] AviKgolD1 (fe9f4036-69b5-38be-a9c3-1d860d8c4398): чуть позже узнаешь
[10:54:04] kollar_344 (9ee26b5e-1e8d-3bdd-a9ac-d3ead30e62cc): ну скажи(
[10:54:44] kollar_344 (9ee26b5e-1e8d-3bdd-a9ac-d3ead30e62cc): а ты пвпшр строитель или кто?
[10:55:09] AviKgolD1 (fe9f4036-69b5-38be-a9c3-1d860d8c4398): типо глава клана где лайт найт
[10:55:17] kollar_344 (9ee26b5e-1e8d-3bdd-a9ac-d3ead30e62cc): ясно
[10:55:18] kollar_344 (9ee26b5e-1e8d-3bdd-a9ac-d3ead30e62cc): а ты пвпшр строитель или кто?
[10:55:37] AviKgolD1 (fe9f4036-69b5-38be-a9c3-1d860d8c4398): я не строитель, скорее строитель ферм, пвп не умею
[10:56:06] kollar_344 (9ee26b5e-1e8d-3bdd-a9ac-d3ead30e62cc): я строитель, строитель ферм, пвп тоже не умею, ну и новерное выживальшик
[10:56:50] kollar_344 (9ee26b5e-1e8d-3bdd-a9ac-d3ead30e62cc): а мне в клан можно?
[10:56:54] AviKgolD1 (fe9f4036-69b5-38be-a9c3-1d860d8c4398): сегодня буду вечером с гс играть можем пообщаться
[10:57:01] kollar_344 (9ee26b5e-1e8d-3bdd-a9ac-d3ead30e62cc): го
[10:57:07] kollar_344 (9ee26b5e-1e8d-3bdd-a9ac-d3ead30e62cc): а мне в клан можно?
[10:57:09] AviKgolD1 (fe9f4036-69b5-38be-a9c3-1d860d8c4398): а там уже добавлю
[10:57:24] kollar_344 (9ee26b5e-1e8d-3bdd-a9ac-d3ead30e62cc): а ты вобще где находишься?
[10:58:26] AviKgolD1 (fe9f4036-69b5-38be-a9c3-1d860d8c4398): 300 на 230 портал на крыше ада
[10:58:44] kollar_344 (9ee26b5e-1e8d-3bdd-a9ac-d3ead30e62cc): да я который где то в караганде
[10:59:29] kollar_344 (9ee26b5e-1e8d-3bdd-a9ac-d3ead30e62cc): я щя приду
[11:10:21] AviKgolD1 (fe9f4036-69b5-38be-a9c3-1d860d8c4398): привет
[11:10:26] RearedDragon540 (e09fe396-2acc-3af0-88aa-156442b81fdb): привет
[11:10:47] AviKgolD1 (fe9f4036-69b5-38be-a9c3-1d860d8c4398): q
[11:15:41] kollar_344 (9ee26b5e-1e8d-3bdd-a9ac-d3ead30e62cc): я тут
[11:16:20] main_PROBROVOVA (32124029-38f0-3378-abc8-3450cef05c3c): ку
[11:16:26] RearedDragon540 (e09fe396-2acc-3af0-88aa-156442b81fdb): ку
[11:16:29] AviKgolD1 (fe9f4036-69b5-38be-a9c3-1d860d8c4398): qq
[11:16:34] kollar_344 (9ee26b5e-1e8d-3bdd-a9ac-d3ead30e62cc): ку
[11:17:49] kollar_344 (9ee26b5e-1e8d-3bdd-a9ac-d3ead30e62cc): что делать если я потерялса?
[11:18:50] main_PROBROVOVA (32124029-38f0-3378-abc8-3450cef05c3c): у кого есть жители ?
[11:19:01] main_PROBROVOVA (32124029-38f0-3378-abc8-3450cef05c3c): у кого есть жители
[11:19:14] AviKgolD1 (fe9f4036-69b5-38be-a9c3-1d860d8c4398): у меня
[11:19:17] kollar_344 (9ee26b5e-1e8d-3bdd-a9ac-d3ead30e62cc): нееет
[11:19:21] kollar_344 (9ee26b5e-1e8d-3bdd-a9ac-d3ead30e62cc): мои ресы
[11:19:24] RearedDragon540 (e09fe396-2acc-3af0-88aa-156442b81fdb): жиза
[11:19:52] AviKgolD1 (fe9f4036-69b5-38be-a9c3-1d860d8c4398): да
[11:20:08] AviKgolD1 (fe9f4036-69b5-38be-a9c3-1d860d8c4398): жители расторгованы
[11:20:16] RearedDragon540 (e09fe396-2acc-3af0-88aa-156442b81fdb): это как?
[11:20:45] AviKgolD1 (fe9f4036-69b5-38be-a9c3-1d860d8c4398): я живу 300 на 230 на крыше ада кому нужно приходите
[11:21:28] AviKgolD1 (fe9f4036-69b5-38be-a9c3-1d860d8c4398): жителями воспользоваться можно могу даже дать изюмов
[11:22:33] kollar_344 (9ee26b5e-1e8d-3bdd-a9ac-d3ead30e62cc): ой
[11:22:36] kollar_344 (9ee26b5e-1e8d-3bdd-a9ac-d3ead30e62cc): драсте
[11:22:50] main_PROBROVOVA (32124029-38f0-3378-abc8-3450cef05c3c): как на крышу попасть ?
[11:23:24] AviKgolD1 (fe9f4036-69b5-38be-a9c3-1d860d8c4398): нужно придти к порталу голдендаста там есть выход на крышу
[11:24:35] [CAPS] kollar_344 (9ee26b5e-1e8d-3bdd-a9ac-d3ead30e62cc): вау спасибо
[11:24:52] AviKgolD1 (fe9f4036-69b5-38be-a9c3-1d860d8c4398): не бей его
[11:25:11] AviKgolD1 (fe9f4036-69b5-38be-a9c3-1d860d8c4398): ни ходи к нему пожалуйста
[11:25:15] kollar_344 (9ee26b5e-1e8d-3bdd-a9ac-d3ead30e62cc): ок
[11:25:27] kollar_344 (9ee26b5e-1e8d-3bdd-a9ac-d3ead30e62cc): кстати
[11:25:32] kollar_344 (9ee26b5e-1e8d-3bdd-a9ac-d3ead30e62cc): а на спавне строить можно?
[11:25:40] AviKgolD1 (fe9f4036-69b5-38be-a9c3-1d860d8c4398): не знаю
[11:25:47] kollar_344 (9ee26b5e-1e8d-3bdd-a9ac-d3ead30e62cc): это что
[11:25:50] kollar_344 (9ee26b5e-1e8d-3bdd-a9ac-d3ead30e62cc): а понял
[11:25:57] AviKgolD1 (fe9f4036-69b5-38be-a9c3-1d860d8c4398): я тебя скоро в клан добавлю
[11:26:00] kollar_344 (9ee26b5e-1e8d-3bdd-a9ac-d3ead30e62cc): ура
[11:26:33] kollar_344 (9ee26b5e-1e8d-3bdd-a9ac-d3ead30e62cc): я наверное пока что пойду на свой сервер (по типу мш) и буду строить небоскрёб)
[11:26:42] AviKgolD1 (fe9f4036-69b5-38be-a9c3-1d860d8c4398): ладно
[11:26:46] kollar_344 (9ee26b5e-1e8d-3bdd-a9ac-d3ead30e62cc): ай
[11:27:27] AviKgolD1 (fe9f4036-69b5-38be-a9c3-1d860d8c4398): так а смысл тебе здесь играть если у тебя свой серв?
[11:27:36] kollar_344 (9ee26b5e-1e8d-3bdd-a9ac-d3ead30e62cc): хз друг пригласил
[11:27:45] kollar_344 (9ee26b5e-1e8d-3bdd-a9ac-d3ead30e62cc): а на моём не кто играть не хочет(
[11:27:53] kollar_344 (9ee26b5e-1e8d-3bdd-a9ac-d3ead30e62cc): потому что там людей мало(((
[11:28:04] AviKgolD1 (fe9f4036-69b5-38be-a9c3-1d860d8c4398): ясно
[11:28:05] kollar_344 (9ee26b5e-1e8d-3bdd-a9ac-d3ead30e62cc): говорят скучно
[11:28:10] main_PROBROVOVA (32124029-38f0-3378-abc8-3450cef05c3c): ку
[11:28:15] kollar_344 (9ee26b5e-1e8d-3bdd-a9ac-d3ead30e62cc): а скучно потому что людей нету(
[11:28:21] AviKgolD1 (fe9f4036-69b5-38be-a9c3-1d860d8c4398): q
[11:28:38] kollar_344 (9ee26b5e-1e8d-3bdd-a9ac-d3ead30e62cc): блин грустно аж стало
[11:29:13] kollar_344 (9ee26b5e-1e8d-3bdd-a9ac-d3ead30e62cc): AviKgolD1
[11:29:20] AviKgolD1 (fe9f4036-69b5-38be-a9c3-1d860d8c4398): да
[11:29:35] kollar_344 (9ee26b5e-1e8d-3bdd-a9ac-d3ead30e62cc): а у тебя есть друзья одыкватные которые
[11:29:39] kollar_344 (9ee26b5e-1e8d-3bdd-a9ac-d3ead30e62cc): бы смогли
[11:29:49] kollar_344 (9ee26b5e-1e8d-3bdd-a9ac-d3ead30e62cc): играть у меня? чтоб мш знали
[11:30:31] AviKgolD1 (fe9f4036-69b5-38be-a9c3-1d860d8c4398): есть у меня знакомые, я не знаю что у тебя за сервер да и это не очень хорошо говорить про твой сервер на чужом сервере
[11:30:42] kollar_344 (9ee26b5e-1e8d-3bdd-a9ac-d3ead30e62cc): ну это да ладно
[11:30:42] main_PROBROVOVA (32124029-38f0-3378-abc8-3450cef05c3c): кстати у тебя есть кольчужный нагрудник и штаны ?
[11:30:53] kollar_344 (9ee26b5e-1e8d-3bdd-a9ac-d3ead30e62cc): я пойду тогда
[11:31:12] main_PROBROVOVA (32124029-38f0-3378-abc8-3450cef05c3c): спс
[11:31:19] AviKgolD1 (fe9f4036-69b5-38be-a9c3-1d860d8c4398): пожалуйста
[11:32:21] AviKgolD1 (fe9f4036-69b5-38be-a9c3-1d860d8c4398): этот пока не расторгоаан
[11:32:39] main_PROBROVOVA (32124029-38f0-3378-abc8-3450cef05c3c): зачем ты в глобал пишеш ?
[11:32:57] AviKgolD1 (fe9f4036-69b5-38be-a9c3-1d860d8c4398): по привычке
[11:33:00] AviKgolD1 (fe9f4036-69b5-38be-a9c3-1d860d8c4398): случайно
[11:34:57] main_PROBROVOVA (32124029-38f0-3378-abc8-3450cef05c3c): жаль кольчужных штанов и нагрудников нет
[11:35:18] AviKgolD1 (fe9f4036-69b5-38be-a9c3-1d860d8c4398): ну что есть то есть
[11:35:51] main_PROBROVOVA (32124029-38f0-3378-abc8-3450cef05c3c): кстати у тебя есть ешь шалкера ?
[11:39:42] main_PROBROVOVA (32124029-38f0-3378-abc8-3450cef05c3c): у тебя есть лишний шалкер ?
[11:40:06] AviKgolD1 (fe9f4036-69b5-38be-a9c3-1d860d8c4398): как таковых лишних нету
[11:40:24] main_PROBROVOVA (32124029-38f0-3378-abc8-3450cef05c3c): за сколько продаш 1 шалкер ?
[11:40:57] AviKgolD1 (fe9f4036-69b5-38be-a9c3-1d860d8c4398): я же говорю нету лишних
[11:41:17] main_PROBROVOVA (32124029-38f0-3378-abc8-3450cef05c3c): а элитры лишние есть ?
[11:41:26] AviKgolD1 (fe9f4036-69b5-38be-a9c3-1d860d8c4398): пока нет
[11:41:42] AviKgolD1 (fe9f4036-69b5-38be-a9c3-1d860d8c4398): одни есть но они для друга
[11:41:45] main_PROBROVOVA (32124029-38f0-3378-abc8-3450cef05c3c): кстати ты знаешь где энд портал ?
[11:42:01] AviKgolD1 (fe9f4036-69b5-38be-a9c3-1d860d8c4398): да
[11:42:10] main_PROBROVOVA (32124029-38f0-3378-abc8-3450cef05c3c): дай корды пж
[11:42:22] AviKgolD1 (fe9f4036-69b5-38be-a9c3-1d860d8c4398): точно не помню
[11:42:47] main_PROBROVOVA (32124029-38f0-3378-abc8-3450cef05c3c): кто знает точные ?
[11:43:11] AviKgolD1 (fe9f4036-69b5-38be-a9c3-1d860d8c4398): от спавна в аду есть дорога
[11:43:22] main_PROBROVOVA (32124029-38f0-3378-abc8-3450cef05c3c): ?
[11:43:44] main_PROBROVOVA (32124029-38f0-3378-abc8-3450cef05c3c): какая ?
[11:43:50] AviKgolD1 (fe9f4036-69b5-38be-a9c3-1d860d8c4398): примерно корды но аду не на крыше 200 на -13 но это не точно
[11:44:09] main_PROBROVOVA (32124029-38f0-3378-abc8-3450cef05c3c): спс
[13:17:10] RearedDragon540 (e09fe396-2acc-3af0-88aa-156442b81fdb): я еду
[13:20:17] RearedDragon540 (e09fe396-2acc-3af0-88aa-156442b81fdb): где ты
[13:22:18] RearedDragon540 (e09fe396-2acc-3af0-88aa-156442b81fdb): runishYT ты где
[13:23:02] RearedDragon540 (e09fe396-2acc-3af0-88aa-156442b81fdb): ку
[13:23:10] RearedDragon540 (e09fe396-2acc-3af0-88aa-156442b81fdb): спасибо
[13:23:22] RearedDragon540 (e09fe396-2acc-3af0-88aa-156442b81fdb): я тут уже не живу
[13:23:49] RearedDragon540 (e09fe396-2acc-3af0-88aa-156442b81fdb): где
[13:23:52] RearedDragon540 (e09fe396-2acc-3af0-88aa-156442b81fdb): они ?
[13:24:04] RunishYT (deb2ebb7-8562-3728-8ba8-ec800da9360c): плавают
[13:24:30] RearedDragon540 (e09fe396-2acc-3af0-88aa-156442b81fdb): мои любимые
[13:25:12] RearedDragon540 (e09fe396-2acc-3af0-88aa-156442b81fdb): вау
[13:25:33] RearedDragon540 (e09fe396-2acc-3af0-88aa-156442b81fdb): можешь мою голову ?
[13:25:45] RearedDragon540 (e09fe396-2acc-3af0-88aa-156442b81fdb): выбить
[13:25:54] RunishYT (deb2ebb7-8562-3728-8ba8-ec800da9360c): изи
[13:26:03] RunishYT (deb2ebb7-8562-3728-8ba8-ec800da9360c): выбил
[13:26:10] RearedDragon540 (e09fe396-2acc-3af0-88aa-156442b81fdb): не цветная :(
[13:26:47] RearedDragon540 (e09fe396-2acc-3af0-88aa-156442b81fdb): ладно я пошёл всё сначало начинать и строить базу
[13:27:01] RearedDragon540 (e09fe396-2acc-3af0-88aa-156442b81fdb): пока
[13:28:51] RearedDragon540 (e09fe396-2acc-3af0-88aa-156442b81fdb): а можно мой дом будет около твоей базы
[13:29:01] RunishYT (deb2ebb7-8562-3728-8ba8-ec800da9360c): нет
[13:29:04] RearedDragon540 (e09fe396-2acc-3af0-88aa-156442b81fdb): ок
[14:32:16] AviKgolD1 (fe9f4036-69b5-38be-a9c3-1d860d8c4398): qq
[16:11:16] FolkCartoon8283 (75cc3a6d-d33d-3a7a-976d-dbcf00ab0a43): как включить координаты?
[16:11:33] FolkCartoon8283 (75cc3a6d-d33d-3a7a-976d-dbcf00ab0a43): как включить координаты?
[16:11:42] ZAXAR1000 (48fa848d-9d79-373d-9cb1-c50d5b916c88): t
[16:11:50] Lolaol (87ad5a86-9b00-3567-aad2-09baa248d884): хз
[17:29:53] ZAXAR1000 (48fa848d-9d79-373d-9cb1-c50d5b916c88): е
[17:33:47] LightNight010 (b404b429-ad5e-3cdf-9b17-af0796003c67): qq
