[15:32:02] RunishYT (deb2ebb7-8562-3728-8ba8-ec800da9360c): УХАДИ
[15:32:44] NightVizer (baecb933-9897-3b35-86a3-c2c9dd1004dd): с какого перепугу?
[15:32:50] RunishYT (deb2ebb7-8562-3728-8ba8-ec800da9360c): УХАДИ
[15:32:55] NightVizer (baecb933-9897-3b35-86a3-c2c9dd1004dd): нет
[15:33:37] GOLDENDUSST (a0ee3527-abbd-3f28-bd2e-ff7c77b23497): Насчёт твоих слов про "Общие структуры" это слова админа или твой высер
[15:34:19] NightVizer (baecb933-9897-3b35-86a3-c2c9dd1004dd): не все структуры, только спавн
[15:34:35] NightVizer (baecb933-9897-3b35-86a3-c2c9dd1004dd): сам спрашивай у админов
[15:34:38] GOLDENDUSST (a0ee3527-abbd-3f28-bd2e-ff7c77b23497): Мне важно знать твой высер?
[15:34:42] GOLDENDUSST (a0ee3527-abbd-3f28-bd2e-ff7c77b23497): понятно
[15:34:42] NightVizer (baecb933-9897-3b35-86a3-c2c9dd1004dd): я незн
[15:34:45] GOLDENDUSST (a0ee3527-abbd-3f28-bd2e-ff7c77b23497): Высрал
[15:34:55] NightVizer (baecb933-9897-3b35-86a3-c2c9dd1004dd): пхах чел токсит
[15:35:04] RunishYT (deb2ebb7-8562-3728-8ba8-ec800da9360c): туда его
[15:35:24] NightVizer (baecb933-9897-3b35-86a3-c2c9dd1004dd): ну лан)
[15:35:31] NightVizer (baecb933-9897-3b35-86a3-c2c9dd1004dd): ну лан)
[15:35:37] GOLDENDUSST (a0ee3527-abbd-3f28-bd2e-ff7c77b23497): Пхах чел несёт дизинфу что косвенно подтверждает то что ты выдаёшь себя за администрацию
[15:35:52] NightVizer (baecb933-9897-3b35-86a3-c2c9dd1004dd): я не админ
[15:35:58] GOLDENDUSST (a0ee3527-abbd-3f28-bd2e-ff7c77b23497): Я знаю
[15:35:59] RunishYT (deb2ebb7-8562-3728-8ba8-ec800da9360c): уфффффффффффффф
[15:36:06] RunishYT (deb2ebb7-8562-3728-8ba8-ec800da9360c): Моя тактика
[15:36:12] RunishYT (deb2ebb7-8562-3728-8ba8-ec800da9360c): прикидываться тупым
[15:36:16] NightVizer (baecb933-9897-3b35-86a3-c2c9dd1004dd): я не говорил ни где что на данном серваке я админ
[15:36:57] GOLDENDUSST (a0ee3527-abbd-3f28-bd2e-ff7c77b23497): Хватит убегать от темы разговора
[15:37:04] RunishYT (deb2ebb7-8562-3728-8ba8-ec800da9360c): Моя тактика
[15:37:06] RunishYT (deb2ebb7-8562-3728-8ba8-ec800da9360c): прикидываться тупым
[15:37:16] RunishYT (deb2ebb7-8562-3728-8ba8-ec800da9360c): когда ты ее спиздил??
[15:37:24] GOLDENDUSST (a0ee3527-abbd-3f28-bd2e-ff7c77b23497): Если нечего сказать ненадо нести больше ненужной информации
[15:37:37] NightVizer (baecb933-9897-3b35-86a3-c2c9dd1004dd): могу себе позволить, чат общий
[15:37:45] NightVizer (baecb933-9897-3b35-86a3-c2c9dd1004dd): и буду
[15:38:11] GOLDENDUSST (a0ee3527-abbd-3f28-bd2e-ff7c77b23497): Прикидываться тупым? И создавать конфликты?
[15:38:27] NightVizer (baecb933-9897-3b35-86a3-c2c9dd1004dd): не то и не то, если ты не понял)))))
[15:39:06] GOLDENDUSST (a0ee3527-abbd-3f28-bd2e-ff7c77b23497): Да я понял, что с тобой бесполезно разговаривать
[15:39:27] RunishYT (deb2ebb7-8562-3728-8ba8-ec800da9360c): уффф найт визер жеска попустил бомжа
[15:39:41] GOLDENDUSST (a0ee3527-abbd-3f28-bd2e-ff7c77b23497): Уффффф
[15:39:45] GOLDENDUSST (a0ee3527-abbd-3f28-bd2e-ff7c77b23497): Рил
[15:39:51] NightVizer (baecb933-9897-3b35-86a3-c2c9dd1004dd): да, я тебя не слушаю, так как ты мне нечего не сможешь сдесать,, а правила я не нарушал)))))
[15:39:57] GOLDENDUSST (a0ee3527-abbd-3f28-bd2e-ff7c77b23497): Ну как там с фермой
[15:40:08] RunishYT (deb2ebb7-8562-3728-8ba8-ec800da9360c): Скоро
[15:56:39] NightVizer (baecb933-9897-3b35-86a3-c2c9dd1004dd): привет)
[15:56:44] RunishYT (deb2ebb7-8562-3728-8ba8-ec800da9360c): Да бля чо за нн заходят
[15:56:59] GOLDENDUSST (a0ee3527-abbd-3f28-bd2e-ff7c77b23497): Биля сайк зомби изза сложности убивает жителей а не превращает
[15:57:12] saikonohack (61d3e846-cfe0-3e5b-b41b-772c1020819e): Хард стоит
[15:57:21] GOLDENDUSST (a0ee3527-abbd-3f28-bd2e-ff7c77b23497): Всмысле
[15:57:23] saikonohack (61d3e846-cfe0-3e5b-b41b-772c1020819e): Заходил на тестовый серв - зашел на основу
[15:57:25] saikonohack (61d3e846-cfe0-3e5b-b41b-772c1020819e): а как
[15:57:29] saikonohack (61d3e846-cfe0-3e5b-b41b-772c1020819e): "а как
[15:57:31] RunishYT (deb2ebb7-8562-3728-8ba8-ec800da9360c): ......
[15:57:32] saikonohack (61d3e846-cfe0-3e5b-b41b-772c1020819e): а как
[15:57:34] RunishYT (deb2ebb7-8562-3728-8ba8-ec800da9360c): хард
[15:57:49] NightVizer (baecb933-9897-3b35-86a3-c2c9dd1004dd): ты в энде? кто то дракона уже убил?
[15:57:56] saikonohack (61d3e846-cfe0-3e5b-b41b-772c1020819e): нет, никто не убил
[15:58:00] RunishYT (deb2ebb7-8562-3728-8ba8-ec800da9360c): Нет энд закрыт
[15:58:03] saikonohack (61d3e846-cfe0-3e5b-b41b-772c1020819e): я просто тестирую фишку одну
[15:58:05] saikonohack (61d3e846-cfe0-3e5b-b41b-772c1020819e): и зашел
[15:58:06] RunishYT (deb2ebb7-8562-3728-8ba8-ec800da9360c): пока не разрешат
[15:58:14] RunishYT (deb2ebb7-8562-3728-8ba8-ec800da9360c): сацко легкая стоит
[15:58:18] NightVizer (baecb933-9897-3b35-86a3-c2c9dd1004dd): аааа закрыт..... жаль
[15:58:37] saikonohack (61d3e846-cfe0-3e5b-b41b-772c1020819e): RunishYT Неправда, никто его не закрывал. мы просто попросили пару часов не заходить сюда, готовим обнову
[15:58:53] NightVizer (baecb933-9897-3b35-86a3-c2c9dd1004dd): о классс
[16:30:52] Bradly378 (9ab93dfb-1454-3bb1-b47f-700f714534a9): все
[16:31:15] RunishYT (deb2ebb7-8562-3728-8ba8-ec800da9360c): килльни стрелы еще
[16:31:52] Bradly378 (9ab93dfb-1454-3bb1-b47f-700f714534a9): все дасвидос
[16:40:51] RunishYT (deb2ebb7-8562-3728-8ba8-ec800da9360c): Мы починили
[16:40:54] RunishYT (deb2ebb7-8562-3728-8ba8-ec800da9360c): Лаг машину
[16:41:35] GOLDENDUSST (a0ee3527-abbd-3f28-bd2e-ff7c77b23497): Короч лагало из-за скелетов и немного из-за отпрысков сайко
[16:41:41] GOLDENDUSST (a0ee3527-abbd-3f28-bd2e-ff7c77b23497): Бля тоесть беребли
[16:51:07] GOLDENDUSST (a0ee3527-abbd-3f28-bd2e-ff7c77b23497): Эксрен мой раб застрял на крыше ада так как он не может строиться там
[16:51:20] GOLDENDUSST (a0ee3527-abbd-3f28-bd2e-ff7c77b23497): Спаси его woman
[16:51:25] Exren3588 (6c446cc9-8057-3d23-bf8e-87a39b8040c4): к тебе его тепнуть?
[16:51:34] RunishYT (deb2ebb7-8562-3728-8ba8-ec800da9360c): Сестренка я застрял
[16:51:36] GOLDENDUSST (a0ee3527-abbd-3f28-bd2e-ff7c77b23497): Было бы славно
[16:51:48] RunishYT (deb2ebb7-8562-3728-8ba8-ec800da9360c): в стиралке
[16:52:21] RunishYT (deb2ebb7-8562-3728-8ba8-ec800da9360c): таджикская магия
[16:52:39] RunishYT (deb2ebb7-8562-3728-8ba8-ec800da9360c): сайко
[16:52:43] saikonohack (61d3e846-cfe0-3e5b-b41b-772c1020819e): ?
[16:52:53] RunishYT (deb2ebb7-8562-3728-8ba8-ec800da9360c): поч я не могу строится на крыше ада?
[16:53:13] RunishYT (deb2ebb7-8562-3728-8ba8-ec800da9360c): я что негр?
[16:53:22] saikonohack (61d3e846-cfe0-3e5b-b41b-772c1020819e): потому что ты с бедрока
[16:53:34] RunishYT (deb2ebb7-8562-3728-8ba8-ec800da9360c): а как это исправить?
[16:53:43] saikonohack (61d3e846-cfe0-3e5b-b41b-772c1020819e): перейти на джаву
[16:53:55] GOLDENDUSST (a0ee3527-abbd-3f28-bd2e-ff7c77b23497): эээ заебал
[16:53:58] RunishYT (deb2ebb7-8562-3728-8ba8-ec800da9360c): как?
[16:54:46] Exren3588 (6c446cc9-8057-3d23-bf8e-87a39b8040c4): у тебя чтото с нашниками или звуком хз
[16:54:54] RunishYT (deb2ebb7-8562-3728-8ba8-ec800da9360c): у меня?
[16:55:01] [CAPS] GOLDENDUSST (a0ee3527-abbd-3f28-bd2e-ff7c77b23497): сукаааа
[16:55:16] RunishYT (deb2ebb7-8562-3728-8ba8-ec800da9360c): бог ты чо наделал?
[16:55:36] RunishYT (deb2ebb7-8562-3728-8ba8-ec800da9360c): Ббляляьяььчлшуктоу
[16:55:40] RunishYT (deb2ebb7-8562-3728-8ba8-ec800da9360c): Вумен
[16:55:59] Exren3588 (6c446cc9-8057-3d23-bf8e-87a39b8040c4): валяй
[16:56:18] RunishYT (deb2ebb7-8562-3728-8ba8-ec800da9360c): я запускаю лаг машину
[16:56:37] GOLDENDUSST (a0ee3527-abbd-3f28-bd2e-ff7c77b23497): Дай свои яйца женщина
[16:56:47] Exren3588 (6c446cc9-8057-3d23-bf8e-87a39b8040c4): обойдёшься
[16:56:57] Exren3588 (6c446cc9-8057-3d23-bf8e-87a39b8040c4): СУА
[16:57:01] GOLDENDUSST (a0ee3527-abbd-3f28-bd2e-ff7c77b23497): да блять заебалалалшсгсопо от аоаш
[16:57:11] Exren3588 (6c446cc9-8057-3d23-bf8e-87a39b8040c4): ко ты даун
[16:57:35] GOLDENDUSST (a0ee3527-abbd-3f28-bd2e-ff7c77b23497): Сука сайко ты заебала
[16:57:43] saikonohack (61d3e846-cfe0-3e5b-b41b-772c1020819e): ?
[16:57:47] RunishYT (deb2ebb7-8562-3728-8ba8-ec800da9360c): ты ахуело??
[16:57:52] saikonohack (61d3e846-cfe0-3e5b-b41b-772c1020819e): ?
[16:57:54] RunishYT (deb2ebb7-8562-3728-8ba8-ec800da9360c): я тебя видел
[16:57:59] RunishYT (deb2ebb7-8562-3728-8ba8-ec800da9360c): почини пж крышу
[16:58:02] GOLDENDUSST (a0ee3527-abbd-3f28-bd2e-ff7c77b23497): На доли секунды но я успел заметить это наглое ебло ломающие сундуки
[16:58:03] saikonohack (61d3e846-cfe0-3e5b-b41b-772c1020819e): в энде?
[16:58:05] RunishYT (deb2ebb7-8562-3728-8ba8-ec800da9360c): и не еби меня в очко
[16:58:07] RunishYT (deb2ebb7-8562-3728-8ba8-ec800da9360c): в аду
[16:58:36] RunishYT (deb2ebb7-8562-3728-8ba8-ec800da9360c): мы мало что знаем о мультивселенной...
[16:59:07] saikonohack (61d3e846-cfe0-3e5b-b41b-772c1020819e): вы ахуетете от обновы
[16:59:15] saikonohack (61d3e846-cfe0-3e5b-b41b-772c1020819e): спойлер - мы уебем бедрок)
[16:59:31] RunishYT (deb2ebb7-8562-3728-8ba8-ec800da9360c): но беброковцы как обычно остануться обделенными
[16:59:46] saikonohack (61d3e846-cfe0-3e5b-b41b-772c1020819e): yes
[17:00:03] RunishYT (deb2ebb7-8562-3728-8ba8-ec800da9360c): ммммм мы застрянем в энде
[17:07:01] RunishYT (deb2ebb7-8562-3728-8ba8-ec800da9360c): как кинуть заявку на админку??
[17:09:00] RunishYT (deb2ebb7-8562-3728-8ba8-ec800da9360c): как кинуть заявку на админку??
[17:09:05] Exren3588 (6c446cc9-8057-3d23-bf8e-87a39b8040c4): никак
[17:09:17] RunishYT (deb2ebb7-8562-3728-8ba8-ec800da9360c): а если я умею программировать?
[17:09:40] Exren3588 (6c446cc9-8057-3d23-bf8e-87a39b8040c4): у нас таких умеющих уже достаточно
[17:09:51] RunishYT (deb2ebb7-8562-3728-8ba8-ec800da9360c): целых 2
[17:09:59] Exren3588 (6c446cc9-8057-3d23-bf8e-87a39b8040c4): больше
[17:20:29] RunishYT (deb2ebb7-8562-3728-8ba8-ec800da9360c): ты ахуело??
[17:20:45] RunishYT (deb2ebb7-8562-3728-8ba8-ec800da9360c): отчим ненадо
[17:21:13] RunishYT (deb2ebb7-8562-3728-8ba8-ec800da9360c): верни стак динамита
[17:23:08] RunishYT (deb2ebb7-8562-3728-8ba8-ec800da9360c): сталкер
[17:23:11] RunishYT (deb2ebb7-8562-3728-8ba8-ec800da9360c): ухади отсюда
[17:23:16] RunishYT (deb2ebb7-8562-3728-8ba8-ec800da9360c): тут аномалии
[17:24:40] Exren3588 (6c446cc9-8057-3d23-bf8e-87a39b8040c4): {F{F{
[17:24:41] Exren3588 (6c446cc9-8057-3d23-bf8e-87a39b8040c4): JQ
[17:24:42] Exren3588 (6c446cc9-8057-3d23-bf8e-87a39b8040c4): ОЙ
[17:27:58] [CAPS] RunishYT (deb2ebb7-8562-3728-8ba8-ec800da9360c): я флеш
[17:28:05] RunishYT (deb2ebb7-8562-3728-8ba8-ec800da9360c): ща спидверс ебану
[17:29:09] GOLDENDUSST (a0ee3527-abbd-3f28-bd2e-ff7c77b23497): Гг тима раков я ливаю
[17:29:52] RunishYT (deb2ebb7-8562-3728-8ba8-ec800da9360c): пониже
[17:30:38] RunishYT (deb2ebb7-8562-3728-8ba8-ec800da9360c): женщина я прыгать не могу
[17:30:47] Exren3588 (6c446cc9-8057-3d23-bf8e-87a39b8040c4): f ns
[17:30:50] Exren3588 (6c446cc9-8057-3d23-bf8e-87a39b8040c4): а ты попробуй
[17:30:59] RunishYT (deb2ebb7-8562-3728-8ba8-ec800da9360c): пробую
[17:31:05] RunishYT (deb2ebb7-8562-3728-8ba8-ec800da9360c): сделай 100
[17:31:14] RunishYT (deb2ebb7-8562-3728-8ba8-ec800da9360c): после 100 тебя вниз тянет
[17:31:53] RunishYT (deb2ebb7-8562-3728-8ba8-ec800da9360c): не 50 сделай
[17:31:58] Exren3588 (6c446cc9-8057-3d23-bf8e-87a39b8040c4): F{{F{F{F
[17:32:00] Exren3588 (6c446cc9-8057-3d23-bf8e-87a39b8040c4): АХАХА
[17:32:04] RunishYT (deb2ebb7-8562-3728-8ba8-ec800da9360c): уфффф
[17:32:05] Exren3588 (6c446cc9-8057-3d23-bf8e-87a39b8040c4): ты где
[17:32:15] Exren3588 (6c446cc9-8057-3d23-bf8e-87a39b8040c4): АЗАЗА
[17:33:00] Exren3588 (6c446cc9-8057-3d23-bf8e-87a39b8040c4): F{{F{F{F
[17:33:38] RunishYT (deb2ebb7-8562-3728-8ba8-ec800da9360c): СПИДверс
[17:33:50] Exren3588 (6c446cc9-8057-3d23-bf8e-87a39b8040c4): F[f[f
[17:34:00] RunishYT (deb2ebb7-8562-3728-8ba8-ec800da9360c): ща ватердроп будит
[17:36:13] RunishYT (deb2ebb7-8562-3728-8ba8-ec800da9360c): сестренка ебет
[17:36:23] RunishYT (deb2ebb7-8562-3728-8ba8-ec800da9360c): все гг тима раков я ливаю
[17:45:54] Exren3588 (6c446cc9-8057-3d23-bf8e-87a39b8040c4): иди нахуй, я ищу хуйню
[17:47:01] Exren3588 (6c446cc9-8057-3d23-bf8e-87a39b8040c4): f ns yt dblm
[17:47:04] Exren3588 (6c446cc9-8057-3d23-bf8e-87a39b8040c4): ослепни
[17:47:41] Exren3588 (6c446cc9-8057-3d23-bf8e-87a39b8040c4): строчил и не дострочил
[17:47:51] Exren3588 (6c446cc9-8057-3d23-bf8e-87a39b8040c4): че
[17:48:22] Exren3588 (6c446cc9-8057-3d23-bf8e-87a39b8040c4): я с этого акка не играю, какая разница
[17:48:38] Exren3588 (6c446cc9-8057-3d23-bf8e-87a39b8040c4): ты консоль убил
[17:48:42] Exren3588 (6c446cc9-8057-3d23-bf8e-87a39b8040c4): я с этого акка не играю, какая разница
[17:49:30] Exren3588 (6c446cc9-8057-3d23-bf8e-87a39b8040c4): иди вообще в свой лол играй
