[03:31:34] Keshok_YT (f4313508-b9a8-39bc-96a5-20c2beee9ac8): ы
[03:31:40] Keshok_YT (f4313508-b9a8-39bc-96a5-20c2beee9ac8): ы
[03:31:53] [CAPS] Keshok_YT (f4313508-b9a8-39bc-96a5-20c2beee9ac8): ыыыыыыыыыыыыыыыыыыыыыыыыыы
[06:17:37] saikonohack (61d3e846-cfe0-3e5b-b41b-772c1020819e): да
[06:41:48] saikonohack (61d3e846-cfe0-3e5b-b41b-772c1020819e): qq
[06:41:53] Keshok_YT (f4313508-b9a8-39bc-96a5-20c2beee9ac8): qq
[06:41:55] Keshok_YT (f4313508-b9a8-39bc-96a5-20c2beee9ac8): qq
[06:48:14] Keshok_YT (f4313508-b9a8-39bc-96a5-20c2beee9ac8): а почему такой маленький онлайн? Я когда играю всегда никого, ток сейчас тебя увидел
[06:51:25] Keshok_YT (f4313508-b9a8-39bc-96a5-20c2beee9ac8): понятно
[06:51:46] Keshok_YT (f4313508-b9a8-39bc-96a5-20c2beee9ac8): ахах у меня 1.19 не тянет
[06:51:54] Keshok_YT (f4313508-b9a8-39bc-96a5-20c2beee9ac8): но тянет rtx шейдеры на 4 фпс
[06:51:58] Keshok_YT (f4313508-b9a8-39bc-96a5-20c2beee9ac8): но тянет rtx шейдеры на 40 фпс*
[06:52:14] Keshok_YT (f4313508-b9a8-39bc-96a5-20c2beee9ac8): Они уже есть?
[06:52:26] Keshok_YT (f4313508-b9a8-39bc-96a5-20c2beee9ac8): я просто модов не видел на 1.19
[06:52:47] Keshok_YT (f4313508-b9a8-39bc-96a5-20c2beee9ac8): а в лс?
[06:52:55] Keshok_YT (f4313508-b9a8-39bc-96a5-20c2beee9ac8): жаль
[06:53:07] Keshok_YT (f4313508-b9a8-39bc-96a5-20c2beee9ac8): понятно
[06:53:17] Keshok_YT (f4313508-b9a8-39bc-96a5-20c2beee9ac8): а ссылку на диск с сборкой сможешь?
[06:53:23] Keshok_YT (f4313508-b9a8-39bc-96a5-20c2beee9ac8): ну хотябы так
[06:53:37] Keshok_YT (f4313508-b9a8-39bc-96a5-20c2beee9ac8): ооо алмазы
[06:53:41] Keshok_YT (f4313508-b9a8-39bc-96a5-20c2beee9ac8): первые
[06:53:43] Keshok_YT (f4313508-b9a8-39bc-96a5-20c2beee9ac8): +)
[06:54:17] Keshok_YT (f4313508-b9a8-39bc-96a5-20c2beee9ac8): ффаак
[06:56:47] Keshok_YT (f4313508-b9a8-39bc-96a5-20c2beee9ac8): как быстро найти алмазы на тупой 1.18? они здесь почти не находимы
