[04:03:59] AviKgolD1 (fe9f4036-69b5-38be-a9c3-1d860d8c4398): qq
[04:04:05] saikonohack (61d3e846-cfe0-3e5b-b41b-772c1020819e): qq
[04:17:37] AviKgolD1 (fe9f4036-69b5-38be-a9c3-1d860d8c4398): сайк есть ли смысл сейчас играть?
[04:17:44] saikonohack (61d3e846-cfe0-3e5b-b41b-772c1020819e): в плане?
[04:17:56] AviKgolD1 (fe9f4036-69b5-38be-a9c3-1d860d8c4398): тип конец сезона
[04:18:01] saikonohack (61d3e846-cfe0-3e5b-b41b-772c1020819e): еще не конец
[04:18:06] saikonohack (61d3e846-cfe0-3e5b-b41b-772c1020819e): пока хз когда конец
[04:18:10] saikonohack (61d3e846-cfe0-3e5b-b41b-772c1020819e): мб месяц еще
[04:18:22] AviKgolD1 (fe9f4036-69b5-38be-a9c3-1d860d8c4398): ну тогда норм
[04:50:03] saikonohack (61d3e846-cfe0-3e5b-b41b-772c1020819e): https://media.discordapp.net/attachments/929069235227992134/989753671338303508/c7f4c4d13f58211e.png?width=709&height=473 1 x 1
[05:08:45] AviKgolD1 (fe9f4036-69b5-38be-a9c3-1d860d8c4398): э бл куда войну мне как руниша пиздить теперь?
[05:10:01] AviKgolD1 (fe9f4036-69b5-38be-a9c3-1d860d8c4398): а че ты на повестку дня не добавил админ абьюз
[06:57:46] ZAXAR1000 (48fa848d-9d79-373d-9cb1-c50d5b916c88): авик ты где
[06:58:09] AviKgolD1 (fe9f4036-69b5-38be-a9c3-1d860d8c4398): на ферме мобов
[06:58:34] AviKgolD1 (fe9f4036-69b5-38be-a9c3-1d860d8c4398): можешь тут поафкашить я сортировку сделал
[06:58:57] AviKgolD1 (fe9f4036-69b5-38be-a9c3-1d860d8c4398): я лив короче позже буду
[07:11:42] ZAXAR1000 (48fa848d-9d79-373d-9cb1-c50d5b916c88): ЕЕЕ
[09:19:08] LightNight010 (b404b429-ad5e-3cdf-9b17-af0796003c67): ns ult
[09:19:14] LightNight010 (b404b429-ad5e-3cdf-9b17-af0796003c67): ты где
[09:20:09] LightNight010 (b404b429-ad5e-3cdf-9b17-af0796003c67): выйи из гм бл
[09:25:51] saikonohack (61d3e846-cfe0-3e5b-b41b-772c1020819e): суд видел?
[09:25:54] LightNight010 (b404b429-ad5e-3cdf-9b17-af0796003c67): да
[09:25:59] LightNight010 (b404b429-ad5e-3cdf-9b17-af0796003c67): это мы с корвином делали
[09:26:07] saikonohack (61d3e846-cfe0-3e5b-b41b-772c1020819e): я задекорил
[09:26:10] LightNight010 (b404b429-ad5e-3cdf-9b17-af0796003c67): угу
[09:26:29] LightNight010 (b404b429-ad5e-3cdf-9b17-af0796003c67): чё думаешь насчёт новых правил?
[09:27:40] saikonohack (61d3e846-cfe0-3e5b-b41b-772c1020819e): го на спавн
[09:27:55] LightNight010 (b404b429-ad5e-3cdf-9b17-af0796003c67): ща
[09:28:09] saikonohack (61d3e846-cfe0-3e5b-b41b-772c1020819e): го на спавн
[09:29:52] saikonohack (61d3e846-cfe0-3e5b-b41b-772c1020819e): ну как?
[09:29:56] LightNight010 (b404b429-ad5e-3cdf-9b17-af0796003c67): Я уже чекал
[09:30:00] saikonohack (61d3e846-cfe0-3e5b-b41b-772c1020819e): норм?
[09:30:02] LightNight010 (b404b429-ad5e-3cdf-9b17-af0796003c67): Угу
[09:30:11] LightNight010 (b404b429-ad5e-3cdf-9b17-af0796003c67): а как ты инвиз рамки сделал?
[09:30:22] saikonohack (61d3e846-cfe0-3e5b-b41b-772c1020819e): скрафтил
[09:30:29] saikonohack (61d3e846-cfe0-3e5b-b41b-772c1020819e): 8 рамок и зелье инвиза
[09:30:58] saikonohack (61d3e846-cfe0-3e5b-b41b-772c1020819e): кста
[09:31:08] saikonohack (61d3e846-cfe0-3e5b-b41b-772c1020819e): тут вообще другая была картинка
[09:35:19] saikonohack (61d3e846-cfe0-3e5b-b41b-772c1020819e): dj
[09:35:20] saikonohack (61d3e846-cfe0-3e5b-b41b-772c1020819e): во
[09:36:00] saikonohack (61d3e846-cfe0-3e5b-b41b-772c1020819e): э
[09:36:07] saikonohack (61d3e846-cfe0-3e5b-b41b-772c1020819e): там это было
[10:13:54] LightNight010 (b404b429-ad5e-3cdf-9b17-af0796003c67): рунэщ ты хдэ
[10:15:09] saikonohack (61d3e846-cfe0-3e5b-b41b-772c1020819e): мне сказали ты шпионус
[10:15:24] RunishYT (deb2ebb7-8562-3728-8ba8-ec800da9360c): я не буду сливать инфу про вас
[10:15:29] saikonohack (61d3e846-cfe0-3e5b-b41b-772c1020819e): а чо будешь
[10:15:40] RunishYT (deb2ebb7-8562-3728-8ba8-ec800da9360c): про тебя я ниче плохого не сказал только про этих ебанатов
[10:15:45] saikonohack (61d3e846-cfe0-3e5b-b41b-772c1020819e): каких
[10:15:54] RunishYT (deb2ebb7-8562-3728-8ba8-ec800da9360c): фартуна дарклайт авик
[10:16:02] saikonohack (61d3e846-cfe0-3e5b-b41b-772c1020819e): суд уже видел?
[10:16:08] RunishYT (deb2ebb7-8562-3728-8ba8-ec800da9360c): не ну ты заценил ?
[10:16:10] RunishYT (deb2ebb7-8562-3728-8ba8-ec800da9360c): не
[10:16:14] RunishYT (deb2ebb7-8562-3728-8ba8-ec800da9360c): я ахуенен
[10:16:21] saikonohack (61d3e846-cfe0-3e5b-b41b-772c1020819e): и пиздат
[10:16:34] saikonohack (61d3e846-cfe0-3e5b-b41b-772c1020819e): ты зацени мой спелый зад
[10:16:39] saikonohack (61d3e846-cfe0-3e5b-b41b-772c1020819e): я как казенный унитаз
[10:16:46] saikonohack (61d3e846-cfe0-3e5b-b41b-772c1020819e): и ты мне нахуй не сдалась
[10:17:01] saikonohack (61d3e846-cfe0-3e5b-b41b-772c1020819e): аой
[10:17:06] saikonohack (61d3e846-cfe0-3e5b-b41b-772c1020819e): ты грифиришь фартуну?
[10:17:07] saikonohack (61d3e846-cfe0-3e5b-b41b-772c1020819e): хавхапхав
[10:17:12] RunishYT (deb2ebb7-8562-3728-8ba8-ec800da9360c): пиздец гриф
[10:17:21] RunishYT (deb2ebb7-8562-3728-8ba8-ec800da9360c): ну бля ахуле
[10:17:27] RunishYT (deb2ebb7-8562-3728-8ba8-ec800da9360c): он сказал война это круто
[10:17:39] saikonohack (61d3e846-cfe0-3e5b-b41b-772c1020819e): а я войну запретить хотел....
[10:17:40] RunishYT (deb2ebb7-8562-3728-8ba8-ec800da9360c): и пвп неотъемлемая часть игры
[10:30:53] saikonohack (61d3e846-cfe0-3e5b-b41b-772c1020819e): ебать ты жоский грифо
[10:31:03] RunishYT (deb2ebb7-8562-3728-8ba8-ec800da9360c): я знаю
[10:31:14] saikonohack (61d3e846-cfe0-3e5b-b41b-772c1020819e): мб не нада дядя
[10:31:30] RunishYT (deb2ebb7-8562-3728-8ba8-ec800da9360c): если чо мы с ними в войне так что не гриф а стратегический ход
[10:31:40] saikonohack (61d3e846-cfe0-3e5b-b41b-772c1020819e): Справебыдло
[10:32:40] saikonohack (61d3e846-cfe0-3e5b-b41b-772c1020819e): пососотля то за шо
[10:33:45] saikonohack (61d3e846-cfe0-3e5b-b41b-772c1020819e): злой руниша
[10:34:41] saikonohack (61d3e846-cfe0-3e5b-b41b-772c1020819e): ты с серва не уходишь?
[10:34:55] saikonohack (61d3e846-cfe0-3e5b-b41b-772c1020819e): дядя
[10:35:10] saikonohack (61d3e846-cfe0-3e5b-b41b-772c1020819e): ты с серва не уходишь?
[10:35:22] RunishYT (deb2ebb7-8562-3728-8ba8-ec800da9360c): ухожу это так чисто напоследок
[10:35:28] saikonohack (61d3e846-cfe0-3e5b-b41b-772c1020819e): го не уходишь?
[10:35:42] RunishYT (deb2ebb7-8562-3728-8ba8-ec800da9360c): почему?
[10:35:46] saikonohack (61d3e846-cfe0-3e5b-b41b-772c1020819e): ну
[10:35:51] saikonohack (61d3e846-cfe0-3e5b-b41b-772c1020819e): ты игрок хайповый
[10:36:17] RunishYT (deb2ebb7-8562-3728-8ba8-ec800da9360c): особенно сейчас
[10:36:20] saikonohack (61d3e846-cfe0-3e5b-b41b-772c1020819e): ?
[10:36:27] saikonohack (61d3e846-cfe0-3e5b-b41b-772c1020819e): по факту война ведь
[10:36:56] RunishYT (deb2ebb7-8562-3728-8ba8-ec800da9360c): биля
[10:37:02] saikonohack (61d3e846-cfe0-3e5b-b41b-772c1020819e): ты как
[10:37:04] saikonohack (61d3e846-cfe0-3e5b-b41b-772c1020819e): так
[10:37:14] saikonohack (61d3e846-cfe0-3e5b-b41b-772c1020819e): биля
[10:37:32] saikonohack (61d3e846-cfe0-3e5b-b41b-772c1020819e): го не уходишь?
[10:38:09] RunishYT (deb2ebb7-8562-3728-8ba8-ec800da9360c): ну если ты забанишь корвина дарка делипизика фартуну лайта и авика то подумаю
[10:38:21] saikonohack (61d3e846-cfe0-3e5b-b41b-772c1020819e): деликого
[10:38:39] RunishYT (deb2ebb7-8562-3728-8ba8-ec800da9360c): а ладно на него похуй
[10:38:42] saikonohack (61d3e846-cfe0-3e5b-b41b-772c1020819e): суд то на кой строили?
[10:38:49] saikonohack (61d3e846-cfe0-3e5b-b41b-772c1020819e): там их и осудим по факту
[10:39:14] RunishYT (deb2ebb7-8562-3728-8ba8-ec800da9360c): а нахуя суд если подсудимые большинство игроков серва??
[10:39:22] saikonohack (61d3e846-cfe0-3e5b-b41b-772c1020819e): не большинство
[10:39:27] saikonohack (61d3e846-cfe0-3e5b-b41b-772c1020819e): фартук, авик, дарк
[10:39:37] RunishYT (deb2ebb7-8562-3728-8ba8-ec800da9360c): не
[10:39:41] RunishYT (deb2ebb7-8562-3728-8ba8-ec800da9360c): еще 2
[10:39:49] saikonohack (61d3e846-cfe0-3e5b-b41b-772c1020819e): они это начали
[10:39:52] RunishYT (deb2ebb7-8562-3728-8ba8-ec800da9360c): лайтнайт тоже виновен
[10:40:03] RunishYT (deb2ebb7-8562-3728-8ba8-ec800da9360c): так их друзья продолжат
[10:40:06] saikonohack (61d3e846-cfe0-3e5b-b41b-772c1020819e): ноу
[10:40:13] saikonohack (61d3e846-cfe0-3e5b-b41b-772c1020819e): правилами ограничим их собсна
[10:40:39] RunishYT (deb2ebb7-8562-3728-8ba8-ec800da9360c): голд хз вернется если он не вернется нахуя одному нн интерестно
[10:41:00] saikonohack (61d3e846-cfe0-3e5b-b41b-772c1020819e): го его звать
[10:41:20] RunishYT (deb2ebb7-8562-3728-8ba8-ec800da9360c): сомневаюсь что вернется даже если их забанят
[10:41:23] saikonohack (61d3e846-cfe0-3e5b-b41b-772c1020819e): поч
[10:41:30] saikonohack (61d3e846-cfe0-3e5b-b41b-772c1020819e): БИЛЯ
[10:41:33] RunishYT (deb2ebb7-8562-3728-8ba8-ec800da9360c): я его знаю
[10:41:46] RunishYT (deb2ebb7-8562-3728-8ba8-ec800da9360c): 50 на 50
[10:41:59] saikonohack (61d3e846-cfe0-3e5b-b41b-772c1020819e): хайп
[10:42:12] saikonohack (61d3e846-cfe0-3e5b-b41b-772c1020819e): го на спавн
[10:42:30] RunishYT (deb2ebb7-8562-3728-8ba8-ec800da9360c): погодь тут чуть чуть осталось
[10:42:47] saikonohack (61d3e846-cfe0-3e5b-b41b-772c1020819e): а вот собаку осуждаю
[10:43:18] saikonohack (61d3e846-cfe0-3e5b-b41b-772c1020819e): ДЯДЯ БЛЯТЬ
[10:43:33] RunishYT (deb2ebb7-8562-3728-8ba8-ec800da9360c): бля ну ахуле война же
[10:43:40] saikonohack (61d3e846-cfe0-3e5b-b41b-772c1020819e): МЕНЯ ТО ЗАШО
[10:43:52] RunishYT (deb2ebb7-8562-3728-8ba8-ec800da9360c): нечайно
[10:43:55] saikonohack (61d3e846-cfe0-3e5b-b41b-772c1020819e): го на спавн
[10:45:24] RunishYT (deb2ebb7-8562-3728-8ba8-ec800da9360c): теперь их база выглядит ахуенно
[10:46:04] saikonohack (61d3e846-cfe0-3e5b-b41b-772c1020819e): ты куд
[10:46:12] saikonohack (61d3e846-cfe0-3e5b-b41b-772c1020819e): го на спувн
[10:46:16] RunishYT (deb2ebb7-8562-3728-8ba8-ec800da9360c): продизайню ферму
[10:46:18] RunishYT (deb2ebb7-8562-3728-8ba8-ec800da9360c): ок
[13:13:34] ZAXAR1000 (48fa848d-9d79-373d-9cb1-c50d5b916c88): привет пидрила
[13:17:55] ZAXAR1000 (48fa848d-9d79-373d-9cb1-c50d5b916c88): что молчим
[13:38:02] ZAXAR1000 (48fa848d-9d79-373d-9cb1-c50d5b916c88): е
[16:21:58] RunishYT (deb2ebb7-8562-3728-8ba8-ec800da9360c): сайк го в гс
[16:38:33] AviKgolD1 (fe9f4036-69b5-38be-a9c3-1d860d8c4398): когда суд то?
[16:38:40] saikonohack (61d3e846-cfe0-3e5b-b41b-772c1020819e): 3 чела на сервере
[16:39:31] AviKgolD1 (fe9f4036-69b5-38be-a9c3-1d860d8c4398): ну так все норм я буду сюдить руниша, ты банить
[16:39:52] AviKgolD1 (fe9f4036-69b5-38be-a9c3-1d860d8c4398): забанил уже?
[16:43:50] LightNight010 (b404b429-ad5e-3cdf-9b17-af0796003c67): qq
[16:43:54] AviKgolD1 (fe9f4036-69b5-38be-a9c3-1d860d8c4398): все уже можно суд?
[16:43:58] LightNight010 (b404b429-ad5e-3cdf-9b17-af0796003c67): uj
[16:44:00] LightNight010 (b404b429-ad5e-3cdf-9b17-af0796003c67): го
[16:45:06] AviKgolD1 (fe9f4036-69b5-38be-a9c3-1d860d8c4398): сайко если руине бан то можно я его до бана убью на прощанье так сказать
[16:45:46] LightNight010 (b404b429-ad5e-3cdf-9b17-af0796003c67): это мы с корвином и сайком построили
[16:46:14] AviKgolD1 (fe9f4036-69b5-38be-a9c3-1d860d8c4398): вы гс?
[16:46:20] LightNight010 (b404b429-ad5e-3cdf-9b17-af0796003c67): нет
[16:46:27] AviKgolD1 (fe9f4036-69b5-38be-a9c3-1d860d8c4398): ок
[16:46:30] LightNight010 (b404b429-ad5e-3cdf-9b17-af0796003c67): го в гс
[16:46:35] AviKgolD1 (fe9f4036-69b5-38be-a9c3-1d860d8c4398): ноу
[16:46:37] LightNight010 (b404b429-ad5e-3cdf-9b17-af0796003c67): поч
[16:46:37] AviKgolD1 (fe9f4036-69b5-38be-a9c3-1d860d8c4398): позже
[16:47:25] LightNight010 (b404b429-ad5e-3cdf-9b17-af0796003c67): куда пойдём?
[16:47:32] LightNight010 (b404b429-ad5e-3cdf-9b17-af0796003c67): кста хочу чекнуть базы
[16:47:42] LightNight010 (b404b429-ad5e-3cdf-9b17-af0796003c67): еб
[16:47:53] LightNight010 (b404b429-ad5e-3cdf-9b17-af0796003c67): сори
[16:48:31] saikonohack (61d3e846-cfe0-3e5b-b41b-772c1020819e): адай
[16:49:27] NoUNameee742 (c7063b0c-07f3-33d0-83a5-5eb103b41da9): го пвп?)
[16:49:33] AviKgolD1 (fe9f4036-69b5-38be-a9c3-1d860d8c4398): го
[16:49:49] LightNight010 (b404b429-ad5e-3cdf-9b17-af0796003c67): эу вася
[16:50:09] LightNight010 (b404b429-ad5e-3cdf-9b17-af0796003c67): сайк тп
[16:50:17] AviKgolD1 (fe9f4036-69b5-38be-a9c3-1d860d8c4398): точно не абьюз
[16:50:23] LightNight010 (b404b429-ad5e-3cdf-9b17-af0796003c67): сайк срочно
[16:50:26] NoUNameee742 (c7063b0c-07f3-33d0-83a5-5eb103b41da9): кнш)
[16:50:32] LightNight010 (b404b429-ad5e-3cdf-9b17-af0796003c67): Ну к тебе блять
[16:50:37] LightNight010 (b404b429-ad5e-3cdf-9b17-af0796003c67): Не к тебе блять
[16:50:39] LightNight010 (b404b429-ad5e-3cdf-9b17-af0796003c67): а ко мне
[16:50:45] saikonohack (61d3e846-cfe0-3e5b-b41b-772c1020819e): а я корды знаю?
[16:50:50] LightNight010 (b404b429-ad5e-3cdf-9b17-af0796003c67): назад
[16:50:56] saikonohack (61d3e846-cfe0-3e5b-b41b-772c1020819e): а где ты был
[16:51:02] LightNight010 (b404b429-ad5e-3cdf-9b17-af0796003c67): на базе своей
[16:51:12] saikonohack (61d3e846-cfe0-3e5b-b41b-772c1020819e): корды можно?
[16:51:16] LightNight010 (b404b429-ad5e-3cdf-9b17-af0796003c67): блять
[16:51:33] LightNight010 (b404b429-ad5e-3cdf-9b17-af0796003c67): 764 -128
[16:51:39] LightNight010 (b404b429-ad5e-3cdf-9b17-af0796003c67): и меня и тебя
[16:51:47] saikonohack (61d3e846-cfe0-3e5b-b41b-772c1020819e): я занят
[16:51:50] LightNight010 (b404b429-ad5e-3cdf-9b17-af0796003c67): надо
[16:51:57] LightNight010 (b404b429-ad5e-3cdf-9b17-af0796003c67): тут базы нет нихуя
[16:52:13] LightNight010 (b404b429-ad5e-3cdf-9b17-af0796003c67): всё взорвано
[16:52:16] AviKgolD1 (fe9f4036-69b5-38be-a9c3-1d860d8c4398): руниш го пвп
[16:52:18] LightNight010 (b404b429-ad5e-3cdf-9b17-af0796003c67): это руниш
[16:52:26] RunishYT (deb2ebb7-8562-3728-8ba8-ec800da9360c): нет
[16:52:30] AviKgolD1 (fe9f4036-69b5-38be-a9c3-1d860d8c4398): дам кристалов короче
[16:52:47] LightNight010 (b404b429-ad5e-3cdf-9b17-af0796003c67): сайк чо делать
[16:53:04] LightNight010 (b404b429-ad5e-3cdf-9b17-af0796003c67): опа
[16:53:15] AviKgolD1 (fe9f4036-69b5-38be-a9c3-1d860d8c4398): и база фартуны
[16:53:16] LightNight010 (b404b429-ad5e-3cdf-9b17-af0796003c67): вроде всё
[16:53:25] AviKgolD1 (fe9f4036-69b5-38be-a9c3-1d860d8c4398): базу фартуны откати
[16:54:54] AviKgolD1 (fe9f4036-69b5-38be-a9c3-1d860d8c4398): ес
[16:54:59] LightNight010 (b404b429-ad5e-3cdf-9b17-af0796003c67): сайк, тут не всё востановилось
[16:55:13] LightNight010 (b404b429-ad5e-3cdf-9b17-af0796003c67): коврики на нитках должны быть
[16:55:20] LightNight010 (b404b429-ad5e-3cdf-9b17-af0796003c67): всё
[16:56:19] AviKgolD1 (fe9f4036-69b5-38be-a9c3-1d860d8c4398): лайт у меня в инве всякий мусор с твоей базы
[16:56:27] LightNight010 (b404b429-ad5e-3cdf-9b17-af0796003c67): выкинь эот дюп
[16:58:56] AviKgolD1 (fe9f4036-69b5-38be-a9c3-1d860d8c4398): позордаже на кинге так не абьюзили
[16:59:13] NoUNameee742 (c7063b0c-07f3-33d0-83a5-5eb103b41da9): хахахахахаха)
[16:59:18] NoUNameee742 (c7063b0c-07f3-33d0-83a5-5eb103b41da9): хахахахах
[16:59:20] LightNight010 (b404b429-ad5e-3cdf-9b17-af0796003c67): у кого то есть рыхлый снег?
[16:59:43] LightNight010 (b404b429-ad5e-3cdf-9b17-af0796003c67): э
[16:59:46] LightNight010 (b404b429-ad5e-3cdf-9b17-af0796003c67): а хдэ
[16:59:56] LightNight010 (b404b429-ad5e-3cdf-9b17-af0796003c67): кто базу спиздил
[17:00:06] LightNight010 (b404b429-ad5e-3cdf-9b17-af0796003c67): понял
[17:00:09] AviKgolD1 (fe9f4036-69b5-38be-a9c3-1d860d8c4398): руниш 4балан
[17:00:13] LightNight010 (b404b429-ad5e-3cdf-9b17-af0796003c67): ++
[17:00:52] AviKgolD1 (fe9f4036-69b5-38be-a9c3-1d860d8c4398): лайт потом принеси слизь мне на базу
[17:00:56] LightNight010 (b404b429-ad5e-3cdf-9b17-af0796003c67): мгоу щас
[17:01:03] LightNight010 (b404b429-ad5e-3cdf-9b17-af0796003c67): у меня в эндерчесте
[17:01:16] AviKgolD1 (fe9f4036-69b5-38be-a9c3-1d860d8c4398): го ты где
[17:01:21] LightNight010 (b404b429-ad5e-3cdf-9b17-af0796003c67): на базе фартука
[17:01:36] AviKgolD1 (fe9f4036-69b5-38be-a9c3-1d860d8c4398): я тут
[17:01:49] LightNight010 (b404b429-ad5e-3cdf-9b17-af0796003c67): гд
[17:01:59] LightNight010 (b404b429-ad5e-3cdf-9b17-af0796003c67): эндерчета нету
[17:02:02] LightNight010 (b404b429-ad5e-3cdf-9b17-af0796003c67): спиздили
[17:02:30] LightNight010 (b404b429-ad5e-3cdf-9b17-af0796003c67): 21 эндерит стоило
[17:02:48] LightNight010 (b404b429-ad5e-3cdf-9b17-af0796003c67): го спиздим
[17:02:55] AviKgolD1 (fe9f4036-69b5-38be-a9c3-1d860d8c4398): не
[17:03:01] AviKgolD1 (fe9f4036-69b5-38be-a9c3-1d860d8c4398): это фартуны
[17:03:01] LightNight010 (b404b429-ad5e-3cdf-9b17-af0796003c67): всё равно восстановят
[17:03:07] LightNight010 (b404b429-ad5e-3cdf-9b17-af0796003c67): алмы
[17:03:10] AviKgolD1 (fe9f4036-69b5-38be-a9c3-1d860d8c4398): нит
[17:03:13] LightNight010 (b404b429-ad5e-3cdf-9b17-af0796003c67): ачё
[17:03:19] LightNight010 (b404b429-ad5e-3cdf-9b17-af0796003c67): халява
[17:03:20] AviKgolD1 (fe9f4036-69b5-38be-a9c3-1d860d8c4398): админы кстати локал читают
[17:03:45] LightNight010 (b404b429-ad5e-3cdf-9b17-af0796003c67): эт тут NouName поставил
[17:04:03] LightNight010 (b404b429-ad5e-3cdf-9b17-af0796003c67): у тя с базой всё норм?
[17:04:35] AviKgolD1 (fe9f4036-69b5-38be-a9c3-1d860d8c4398): можно руниша отпиздить кто разрешит тот самый лучший короче
[17:04:40] LightNight010 (b404b429-ad5e-3cdf-9b17-af0796003c67): его
[17:04:42] LightNight010 (b404b429-ad5e-3cdf-9b17-af0796003c67): го
[17:04:49] RunishYT (deb2ebb7-8562-3728-8ba8-ec800da9360c): разрешаю
[17:05:10] LightNight010 (b404b429-ad5e-3cdf-9b17-af0796003c67): а
[17:05:12] AviKgolD1 (fe9f4036-69b5-38be-a9c3-1d860d8c4398): ты не админ так что не лучший
[17:07:48] LightNight010 (b404b429-ad5e-3cdf-9b17-af0796003c67): почти 6 стаков
[17:09:54] LightNight010 (b404b429-ad5e-3cdf-9b17-af0796003c67): авик ты где
[17:09:59] saikonohack (61d3e846-cfe0-3e5b-b41b-772c1020819e): на спавне
[17:10:04] LightNight010 (b404b429-ad5e-3cdf-9b17-af0796003c67): да бл
[17:10:05] saikonohack (61d3e846-cfe0-3e5b-b41b-772c1020819e): ебется с ноунэмом
[17:10:20] LightNight010 (b404b429-ad5e-3cdf-9b17-af0796003c67): у кого пёрлы или очи края есть?
[17:11:20] LightNight010 (b404b429-ad5e-3cdf-9b17-af0796003c67): авик, на складе пёрлов нету?
[17:11:45] AviKgolD1 (fe9f4036-69b5-38be-a9c3-1d860d8c4398): лишняя хромосома она и есть лишняя
[17:11:50] LightNight010 (b404b429-ad5e-3cdf-9b17-af0796003c67): чё
[17:11:54] LightNight010 (b404b429-ad5e-3cdf-9b17-af0796003c67): ашалел
[17:12:09] NoUNameee742 (c7063b0c-07f3-33d0-83a5-5eb103b41da9): сорян авик)
[17:12:16] NoUNameee742 (c7063b0c-07f3-33d0-83a5-5eb103b41da9): я случайно попутал
[17:12:29] LightNight010 (b404b429-ad5e-3cdf-9b17-af0796003c67): авик есть или нет?
[17:12:53] AviKgolD1 (fe9f4036-69b5-38be-a9c3-1d860d8c4398): есть
[17:12:56] LightNight010 (b404b429-ad5e-3cdf-9b17-af0796003c67): где
[17:13:38] LightNight010 (b404b429-ad5e-3cdf-9b17-af0796003c67): нашёл
[17:13:46] AviKgolD1 (fe9f4036-69b5-38be-a9c3-1d860d8c4398): пиздец тв даун
[17:16:47] RunishYT (deb2ebb7-8562-3728-8ba8-ec800da9360c): sculk
[17:20:21] LightNight010 (b404b429-ad5e-3cdf-9b17-af0796003c67): яблочки есть у кого?
[17:20:30] AviKgolD1 (fe9f4036-69b5-38be-a9c3-1d860d8c4398): у жителей
[17:21:24] AviKgolD1 (fe9f4036-69b5-38be-a9c3-1d860d8c4398): сайк ботинки верните
[17:21:34] saikonohack (61d3e846-cfe0-3e5b-b41b-772c1020819e): я то тут причем?
[17:21:42] AviKgolD1 (fe9f4036-69b5-38be-a9c3-1d860d8c4398): ты овнер
[17:21:56] RunishYT (deb2ebb7-8562-3728-8ba8-ec800da9360c): ахуел абузить админов
[17:22:32] AviKgolD1 (fe9f4036-69b5-38be-a9c3-1d860d8c4398): блять гении сначала пиздить в креативе потом пиздить через команду ботинки дауны коррче
[17:22:39] RunishYT (deb2ebb7-8562-3728-8ba8-ec800da9360c): ахуел абузить админов
[17:22:50] NoUNameee742 (c7063b0c-07f3-33d0-83a5-5eb103b41da9): я тебе их вернул блять
[17:22:51] RunishYT (deb2ebb7-8562-3728-8ba8-ec800da9360c): нытик ебанный
[17:22:55] NoUNameee742 (c7063b0c-07f3-33d0-83a5-5eb103b41da9): чтоб не плакал)
[17:22:57] RunishYT (deb2ebb7-8562-3728-8ba8-ec800da9360c): сразу к админам
[17:23:01] AviKgolD1 (fe9f4036-69b5-38be-a9c3-1d860d8c4398): заткнись хохла спросить забыли
[17:23:22] RunishYT (deb2ebb7-8562-3728-8ba8-ec800da9360c): лох ливнул бот слитик
[17:23:39] AviKgolD1 (fe9f4036-69b5-38be-a9c3-1d860d8c4398): я же сейчас приду и отсосёшь
[17:23:57] RunishYT (deb2ebb7-8562-3728-8ba8-ec800da9360c): блин сосать нечего
[17:25:43] AviKgolD1 (fe9f4036-69b5-38be-a9c3-1d860d8c4398): че руниш ливнул
[17:28:38] AviKgolD1 (fe9f4036-69b5-38be-a9c3-1d860d8c4398): левитацию уберите
[17:31:30] saikonohack (61d3e846-cfe0-3e5b-b41b-772c1020819e): NoUNameee742 го дс
[17:31:40] NoUNameee742 (c7063b0c-07f3-33d0-83a5-5eb103b41da9): погодь, мне позвонили
[17:33:01] NoUNameee742 (c7063b0c-07f3-33d0-83a5-5eb103b41da9): хахаха
[17:33:25] saikonohack (61d3e846-cfe0-3e5b-b41b-772c1020819e): го дс
[17:33:32] NoUNameee742 (c7063b0c-07f3-33d0-83a5-5eb103b41da9): да погоди
[17:33:52] NoUNameee742 (c7063b0c-07f3-33d0-83a5-5eb103b41da9): да сука
[17:35:00] AviKgolD1 (fe9f4036-69b5-38be-a9c3-1d860d8c4398): ахахха 5 фпс чел пососал
[17:35:22] LightNight010 (b404b429-ad5e-3cdf-9b17-af0796003c67): руниш ебаш на крышу
[17:35:36] AviKgolD1 (fe9f4036-69b5-38be-a9c3-1d860d8c4398): его уже слили
[17:35:38] RunishYT (deb2ebb7-8562-3728-8ba8-ec800da9360c): гений победил из-за кристала
[17:35:43] AviKgolD1 (fe9f4036-69b5-38be-a9c3-1d860d8c4398): угу
[17:35:55] LightNight010 (b404b429-ad5e-3cdf-9b17-af0796003c67): я могу кристаллов дать
[17:36:02] AviKgolD1 (fe9f4036-69b5-38be-a9c3-1d860d8c4398): гений отсосал из за лишней хромосомы
[17:36:22] AviKgolD1 (fe9f4036-69b5-38be-a9c3-1d860d8c4398): опять у меня половина брони
[17:36:23] RunishYT (deb2ebb7-8562-3728-8ba8-ec800da9360c): еблан проигрывал даже когда у меня шлем был сломан
[17:36:40] AviKgolD1 (fe9f4036-69b5-38be-a9c3-1d860d8c4398): ага бл ты слился чел
[17:36:59] LightNight010 (b404b429-ad5e-3cdf-9b17-af0796003c67): 70 лвл по кайфу
[17:37:47] AviKgolD1 (fe9f4036-69b5-38be-a9c3-1d860d8c4398): всего 7 крисов кста
[17:38:03] AviKgolD1 (fe9f4036-69b5-38be-a9c3-1d860d8c4398): это считая что я беброка
[17:38:25] RunishYT (deb2ebb7-8562-3728-8ba8-ec800da9360c): ахуенен слил меня когда у меня была броня на нуле без тотема
[17:38:44] LightNight010 (b404b429-ad5e-3cdf-9b17-af0796003c67): авик, я золота возьму?
[17:38:52] AviKgolD1 (fe9f4036-69b5-38be-a9c3-1d860d8c4398): кто теперь из нас нытик
[17:39:12] AviKgolD1 (fe9f4036-69b5-38be-a9c3-1d860d8c4398): или соси нн чтобы он меня опять в креативе пиздил
[17:40:06] AviKgolD1 (fe9f4036-69b5-38be-a9c3-1d860d8c4398): возьми
[17:40:09] LightNight010 (b404b429-ad5e-3cdf-9b17-af0796003c67): оке
[17:41:07] AviKgolD1 (fe9f4036-69b5-38be-a9c3-1d860d8c4398): без бафоф кста
[17:41:32] LightNight010 (b404b429-ad5e-3cdf-9b17-af0796003c67): я на рейд ферму пока
[17:41:38] LightNight010 (b404b429-ad5e-3cdf-9b17-af0796003c67): возьму тотемов
[17:41:38] AviKgolD1 (fe9f4036-69b5-38be-a9c3-1d860d8c4398): ок
[17:41:42] LightNight010 (b404b429-ad5e-3cdf-9b17-af0796003c67): а хотя у меня есть
[17:41:46] LightNight010 (b404b429-ad5e-3cdf-9b17-af0796003c67): где руниш
[17:41:48] LightNight010 (b404b429-ad5e-3cdf-9b17-af0796003c67): го его ебать
[17:41:59] AviKgolD1 (fe9f4036-69b5-38be-a9c3-1d860d8c4398): он уже отсосал
[17:42:06] LightNight010 (b404b429-ad5e-3cdf-9b17-af0796003c67): 2 раза отсосёт
[17:42:20] AviKgolD1 (fe9f4036-69b5-38be-a9c3-1d860d8c4398): не 2
[17:42:25] RunishYT (deb2ebb7-8562-3728-8ba8-ec800da9360c): меня сайк с меча на 4к урона убил
[17:42:30] AviKgolD1 (fe9f4036-69b5-38be-a9c3-1d860d8c4398): на спавне он вроде
[17:42:37] LightNight010 (b404b429-ad5e-3cdf-9b17-af0796003c67): руниш ты с вещами?
[17:42:42] AviKgolD1 (fe9f4036-69b5-38be-a9c3-1d860d8c4398): я чинить вещи
[17:42:43] RunishYT (deb2ebb7-8562-3728-8ba8-ec800da9360c): да
[17:42:48] LightNight010 (b404b429-ad5e-3cdf-9b17-af0796003c67): ебаш на крышу
[17:42:54] LightNight010 (b404b429-ad5e-3cdf-9b17-af0796003c67): дам крисов
[17:42:58] RunishYT (deb2ebb7-8562-3728-8ba8-ec800da9360c): еблан у меня нету штанов и шлема
[17:42:58] LightNight010 (b404b429-ad5e-3cdf-9b17-af0796003c67): и выебу
[17:43:03] LightNight010 (b404b429-ad5e-3cdf-9b17-af0796003c67): сделай
[17:43:15] RunishYT (deb2ebb7-8562-3728-8ba8-ec800da9360c): я жил еще минуту без шлема
[17:43:20] RunishYT (deb2ebb7-8562-3728-8ba8-ec800da9360c): снес тотем ему
[17:43:26] AviKgolD1 (fe9f4036-69b5-38be-a9c3-1d860d8c4398): лайт не опускайся ты с ддавы он с беброка + он даун
[17:43:46] LightNight010 (b404b429-ad5e-3cdf-9b17-af0796003c67): кого с джавы выебать можно?
[17:44:26] AviKgolD1 (fe9f4036-69b5-38be-a9c3-1d860d8c4398): придется теперь носить легендарные ботинки ехрен
[17:44:35] RunishYT (deb2ebb7-8562-3728-8ba8-ec800da9360c): пиздец сайко заебал своим мечом на 4к
[17:44:36] LightNight010 (b404b429-ad5e-3cdf-9b17-af0796003c67): вы где все
[17:44:43] AviKgolD1 (fe9f4036-69b5-38be-a9c3-1d860d8c4398): придется теперь носить легендарные ботинки ехрен
[17:45:06] AviKgolD1 (fe9f4036-69b5-38be-a9c3-1d860d8c4398): руниш нас вчера тоже таким же ебал
[17:45:07] RunishYT (deb2ebb7-8562-3728-8ba8-ec800da9360c): пиздец сайко заебал своим мечом на 4к
[17:46:01] AviKgolD1 (fe9f4036-69b5-38be-a9c3-1d860d8c4398): туда
[17:46:09] LightNight010 (b404b429-ad5e-3cdf-9b17-af0796003c67): туда его
[17:46:14] AviKgolD1 (fe9f4036-69b5-38be-a9c3-1d860d8c4398): ТУДА
[17:46:17] LightNight010 (b404b429-ad5e-3cdf-9b17-af0796003c67): туда его
[17:46:25] LightNight010 (b404b429-ad5e-3cdf-9b17-af0796003c67): ебаште все в суд
[17:46:37] saikonohack (61d3e846-cfe0-3e5b-b41b-772c1020819e): суда седня не будет
[17:46:57] RunishYT (deb2ebb7-8562-3728-8ba8-ec800da9360c): туда его
[17:46:59] LightNight010 (b404b429-ad5e-3cdf-9b17-af0796003c67): пидарас
[17:47:00] NoUNameee742 (c7063b0c-07f3-33d0-83a5-5eb103b41da9): го пиздеться
[17:47:04] AviKgolD1 (fe9f4036-69b5-38be-a9c3-1d860d8c4398): ну да нахуй рунишу ещё там позориться
[17:47:09] LightNight010 (b404b429-ad5e-3cdf-9b17-af0796003c67): он кляет блять
[17:47:11] LightNight010 (b404b429-ad5e-3cdf-9b17-af0796003c67): я без вещей
[17:47:12] NoUNameee742 (c7063b0c-07f3-33d0-83a5-5eb103b41da9): я не в ги
[17:47:27] AviKgolD1 (fe9f4036-69b5-38be-a9c3-1d860d8c4398): пвп?
[17:47:29] NoUNameee742 (c7063b0c-07f3-33d0-83a5-5eb103b41da9): да
[17:47:31] LightNight010 (b404b429-ad5e-3cdf-9b17-af0796003c67): отдай вещи пидарас
[17:47:36] LightNight010 (b404b429-ad5e-3cdf-9b17-af0796003c67): киляй его
[17:47:39] AviKgolD1 (fe9f4036-69b5-38be-a9c3-1d860d8c4398): не джаверане затащу
[17:47:56] LightNight010 (b404b429-ad5e-3cdf-9b17-af0796003c67): отдай вещи
[17:48:10] [CAPS] LightNight010 (b404b429-ad5e-3cdf-9b17-af0796003c67): отдай вещи
[17:48:23] NoUNameee742 (c7063b0c-07f3-33d0-83a5-5eb103b41da9): я не в ги
[17:48:35] LightNight010 (b404b429-ad5e-3cdf-9b17-af0796003c67): элитры блять
[17:48:43] NoUNameee742 (c7063b0c-07f3-33d0-83a5-5eb103b41da9): куда
[17:48:45] saikonohack (61d3e846-cfe0-3e5b-b41b-772c1020819e): эти?
[17:48:49] LightNight010 (b404b429-ad5e-3cdf-9b17-af0796003c67): да
[17:48:50] RunishYT (deb2ebb7-8562-3728-8ba8-ec800da9360c): у меня ток свои
[17:48:51] NoUNameee742 (c7063b0c-07f3-33d0-83a5-5eb103b41da9): так не интересно(*
[17:48:57] AviKgolD1 (fe9f4036-69b5-38be-a9c3-1d860d8c4398): я сказал что не пвп
[17:49:05] AviKgolD1 (fe9f4036-69b5-38be-a9c3-1d860d8c4398): пиздиль чела в элитрах
[17:49:21] LightNight010 (b404b429-ad5e-3cdf-9b17-af0796003c67): чей тут меч
[17:49:33] LightNight010 (b404b429-ad5e-3cdf-9b17-af0796003c67): руниш твой?
[17:49:35] NoUNameee742 (c7063b0c-07f3-33d0-83a5-5eb103b41da9): так нагрудник надень блять
[17:49:49] AviKgolD1 (fe9f4036-69b5-38be-a9c3-1d860d8c4398): я сказал что джавера не затащу
[17:49:54] NoUNameee742 (c7063b0c-07f3-33d0-83a5-5eb103b41da9): давай
[17:50:01] NoUNameee742 (c7063b0c-07f3-33d0-83a5-5eb103b41da9): лаги моего пк тебе помогут
[17:50:07] RunishYT (deb2ebb7-8562-3728-8ba8-ec800da9360c): авик тыж ахуенный пвпшер
[17:50:07] LightNight010 (b404b429-ad5e-3cdf-9b17-af0796003c67): еда
[17:50:08] AviKgolD1 (fe9f4036-69b5-38be-a9c3-1d860d8c4398): нахуя мне это только броню ломать
[17:50:12] LightNight010 (b404b429-ad5e-3cdf-9b17-af0796003c67): свинина
[17:50:15] LightNight010 (b404b429-ad5e-3cdf-9b17-af0796003c67): НАХУЯ
[17:50:18] NoUNameee742 (c7063b0c-07f3-33d0-83a5-5eb103b41da9): слит чи шо
[17:50:26] LightNight010 (b404b429-ad5e-3cdf-9b17-af0796003c67): свинина
[17:50:33] AviKgolD1 (fe9f4036-69b5-38be-a9c3-1d860d8c4398): ладно
[17:50:34] NoUNameee742 (c7063b0c-07f3-33d0-83a5-5eb103b41da9): LightNight010 ты там пвп хотел?
[17:50:38] LightNight010 (b404b429-ad5e-3cdf-9b17-af0796003c67): ну го
[17:50:47] saikonohack (61d3e846-cfe0-3e5b-b41b-772c1020819e): Короче, пока человек находится в суду - он неприкосновенен!!
[17:50:48] saikonohack (61d3e846-cfe0-3e5b-b41b-772c1020819e): Короче, пока человек находится в суду - он неприкосновенен!!
[17:50:48] saikonohack (61d3e846-cfe0-3e5b-b41b-772c1020819e): Короче, пока человек находится в суду - он неприкосновенен!!
[17:50:49] saikonohack (61d3e846-cfe0-3e5b-b41b-772c1020819e): Короче, пока человек находится в суду - он неприкосновенен!!
[17:50:49] saikonohack (61d3e846-cfe0-3e5b-b41b-772c1020819e): Короче, пока человек находится в суду - он неприкосновенен!!
[17:50:50] saikonohack (61d3e846-cfe0-3e5b-b41b-772c1020819e): Короче, пока человек находится в суду - он неприкосновенен!!
[17:51:03] LightNight010 (b404b429-ad5e-3cdf-9b17-af0796003c67): руниш спиздил у меня стак свенины
[17:51:04] NoUNameee742 (c7063b0c-07f3-33d0-83a5-5eb103b41da9): погнали?
[17:51:15] LightNight010 (b404b429-ad5e-3cdf-9b17-af0796003c67): ща с рунишем разберусь
[17:51:19] RunishYT (deb2ebb7-8562-3728-8ba8-ec800da9360c): у меня нету
[17:51:22] NoUNameee742 (c7063b0c-07f3-33d0-83a5-5eb103b41da9): ало
[17:51:24] NoUNameee742 (c7063b0c-07f3-33d0-83a5-5eb103b41da9): погнали
[17:51:26] LightNight010 (b404b429-ad5e-3cdf-9b17-af0796003c67): ща
[17:51:36] LightNight010 (b404b429-ad5e-3cdf-9b17-af0796003c67): стой даун
[17:51:50] LightNight010 (b404b429-ad5e-3cdf-9b17-af0796003c67): у меня лаги когда ты меня бьёшь
[17:52:39] LightNight010 (b404b429-ad5e-3cdf-9b17-af0796003c67): ща зайду
[17:53:08] AviKgolD1 (fe9f4036-69b5-38be-a9c3-1d860d8c4398): могу пвп но с возвратом вещей так как знаю что против джавы не вывезу
[17:53:21] NoUNameee742 (c7063b0c-07f3-33d0-83a5-5eb103b41da9): я бы вернул тебе вещи
[17:53:32] LightNight010 (b404b429-ad5e-3cdf-9b17-af0796003c67): ударь меня
[17:53:33] NoUNameee742 (c7063b0c-07f3-33d0-83a5-5eb103b41da9): все?
[17:53:38] LightNight010 (b404b429-ad5e-3cdf-9b17-af0796003c67): мечом
[17:53:51] LightNight010 (b404b429-ad5e-3cdf-9b17-af0796003c67): хм лан
[17:53:53] LightNight010 (b404b429-ad5e-3cdf-9b17-af0796003c67): го на крышу
[17:54:09] NoUNameee742 (c7063b0c-07f3-33d0-83a5-5eb103b41da9): а
[17:54:11] NoUNameee742 (c7063b0c-07f3-33d0-83a5-5eb103b41da9): туда
[17:55:09] LightNight010 (b404b429-ad5e-3cdf-9b17-af0796003c67): ладно
[17:55:17] LightNight010 (b404b429-ad5e-3cdf-9b17-af0796003c67): стоп
[17:55:25] LightNight010 (b404b429-ad5e-3cdf-9b17-af0796003c67): без щитов и бафоф
[17:55:34] AviKgolD1 (fe9f4036-69b5-38be-a9c3-1d860d8c4398): вы где?
[17:55:38] LightNight010 (b404b429-ad5e-3cdf-9b17-af0796003c67): на крыше
[17:55:45] LightNight010 (b404b429-ad5e-3cdf-9b17-af0796003c67): 35 37
[17:55:52] LightNight010 (b404b429-ad5e-3cdf-9b17-af0796003c67): го?
[17:55:58] NoUNameee742 (c7063b0c-07f3-33d0-83a5-5eb103b41da9): давай
[17:55:58] AviKgolD1 (fe9f4036-69b5-38be-a9c3-1d860d8c4398): хочу посмотреть как тебя выебут
[17:56:01] LightNight010 (b404b429-ad5e-3cdf-9b17-af0796003c67): стоп
[17:56:04] LightNight010 (b404b429-ad5e-3cdf-9b17-af0796003c67): ждём
[17:56:07] NoUNameee742 (c7063b0c-07f3-33d0-83a5-5eb103b41da9): блять
[17:56:17] LightNight010 (b404b429-ad5e-3cdf-9b17-af0796003c67): около моей базы
[17:56:33] NoUNameee742 (c7063b0c-07f3-33d0-83a5-5eb103b41da9): без луков еще
[17:56:41] LightNight010 (b404b429-ad5e-3cdf-9b17-af0796003c67): ладно
[17:56:43] LightNight010 (b404b429-ad5e-3cdf-9b17-af0796003c67): го
[17:57:59] LightNight010 (b404b429-ad5e-3cdf-9b17-af0796003c67): фух
[17:58:18] NoUNameee742 (c7063b0c-07f3-33d0-83a5-5eb103b41da9): сука
[17:58:20] AviKgolD1 (fe9f4036-69b5-38be-a9c3-1d860d8c4398): вы как бл крисы ставите
[17:58:21] NoUNameee742 (c7063b0c-07f3-33d0-83a5-5eb103b41da9): без луков
[17:58:23] LightNight010 (b404b429-ad5e-3cdf-9b17-af0796003c67): я так взорву
[17:59:25] LightNight010 (b404b429-ad5e-3cdf-9b17-af0796003c67): чё по броне
[17:59:29] NoUNameee742 (c7063b0c-07f3-33d0-83a5-5eb103b41da9): ой
[17:59:31] NoUNameee742 (c7063b0c-07f3-33d0-83a5-5eb103b41da9): половина
[17:59:35] LightNight010 (b404b429-ad5e-3cdf-9b17-af0796003c67): тож
[17:59:40] LightNight010 (b404b429-ad5e-3cdf-9b17-af0796003c67): чинимся?
[17:59:50] NoUNameee742 (c7063b0c-07f3-33d0-83a5-5eb103b41da9): мне похуй)
[17:59:53] LightNight010 (b404b429-ad5e-3cdf-9b17-af0796003c67): ладно
[18:00:00] AviKgolD1 (fe9f4036-69b5-38be-a9c3-1d860d8c4398): конечно у тебя из гм
[18:00:05] AviKgolD1 (fe9f4036-69b5-38be-a9c3-1d860d8c4398): а он сам добывал
[18:00:06] NoUNameee742 (c7063b0c-07f3-33d0-83a5-5eb103b41da9): ну да
[18:00:10] NoUNameee742 (c7063b0c-07f3-33d0-83a5-5eb103b41da9): хули надо
[18:02:15] AviKgolD1 (fe9f4036-69b5-38be-a9c3-1d860d8c4398): сайко тут просто пиздец кристал пвп
[18:02:27] LightNight010 (b404b429-ad5e-3cdf-9b17-af0796003c67): стоп
[18:02:32] LightNight010 (b404b429-ad5e-3cdf-9b17-af0796003c67): у тебя -шлем
[18:02:36] NoUNameee742 (c7063b0c-07f3-33d0-83a5-5eb103b41da9): похуй)
[18:02:37] LightNight010 (b404b429-ad5e-3cdf-9b17-af0796003c67): у меня пизда по броне
[18:02:40] NoUNameee742 (c7063b0c-07f3-33d0-83a5-5eb103b41da9): я пвп не умею
[18:02:40] AviKgolD1 (fe9f4036-69b5-38be-a9c3-1d860d8c4398): столько крисов всрали и никого не слили
[18:02:52] LightNight010 (b404b429-ad5e-3cdf-9b17-af0796003c67): востановиш? мне*
[18:02:54] NoUNameee742 (c7063b0c-07f3-33d0-83a5-5eb103b41da9): сайко го гс
[18:02:58] saikonohack (61d3e846-cfe0-3e5b-b41b-772c1020819e): ноу
[18:03:00] saikonohack (61d3e846-cfe0-3e5b-b41b-772c1020819e): я спать
[18:03:02] NoUNameee742 (c7063b0c-07f3-33d0-83a5-5eb103b41da9): да бля
[18:03:04] saikonohack (61d3e846-cfe0-3e5b-b41b-772c1020819e): пересдача матана завтр
[18:03:08] LightNight010 (b404b429-ad5e-3cdf-9b17-af0796003c67): нн востановиш броню?
[18:03:13] NoUNameee742 (c7063b0c-07f3-33d0-83a5-5eb103b41da9): че на два написал?)
[18:03:19] LightNight010 (b404b429-ad5e-3cdf-9b17-af0796003c67): нн востановиш броню?
[18:03:24] NoUNameee742 (c7063b0c-07f3-33d0-83a5-5eb103b41da9): давай
[18:04:15] LightNight010 (b404b429-ad5e-3cdf-9b17-af0796003c67): сокпируй шлем себе
[18:04:45] AviKgolD1 (fe9f4036-69b5-38be-a9c3-1d860d8c4398): я скоро
[18:04:55] LightNight010 (b404b429-ad5e-3cdf-9b17-af0796003c67): ну я ему 2 или 3 тотема снёс
[18:05:11] LightNight010 (b404b429-ad5e-3cdf-9b17-af0796003c67): фартук срочно ко мне на крышу
[18:05:20] LightNight010 (b404b429-ad5e-3cdf-9b17-af0796003c67): около моей базы
[18:05:20] ItsFartunaRu (87aa0b4c-629f-3cae-a9c4-787ca2fa3e21): сука нет у меня - база и ресы
[18:05:20] NoUNameee742 (c7063b0c-07f3-33d0-83a5-5eb103b41da9): начинаем?
[18:05:26] LightNight010 (b404b429-ad5e-3cdf-9b17-af0796003c67): давай
[18:05:41] ItsFartunaRu (87aa0b4c-629f-3cae-a9c4-787ca2fa3e21): блять я на спавне
[18:05:45] ItsFartunaRu (87aa0b4c-629f-3cae-a9c4-787ca2fa3e21): ок ладно
[18:10:37] LightNight010 (b404b429-ad5e-3cdf-9b17-af0796003c67): а=аъ=аахаххаах
[18:10:41] NoUNameee742 (c7063b0c-07f3-33d0-83a5-5eb103b41da9): пиздец
[18:10:47] LightNight010 (b404b429-ad5e-3cdf-9b17-af0796003c67): пизда броне
[18:10:52] NoUNameee742 (c7063b0c-07f3-33d0-83a5-5eb103b41da9): жиза)
[18:10:57] LightNight010 (b404b429-ad5e-3cdf-9b17-af0796003c67): по логам восстановиш?
[18:11:04] LightNight010 (b404b429-ad5e-3cdf-9b17-af0796003c67): или как у вас там
[18:11:04] NoUNameee742 (c7063b0c-07f3-33d0-83a5-5eb103b41da9): я очень плох в пвп)
[18:11:08] LightNight010 (b404b429-ad5e-3cdf-9b17-af0796003c67): согл
[18:11:10] NoUNameee742 (c7063b0c-07f3-33d0-83a5-5eb103b41da9): у меня доступа нету
[18:11:14] LightNight010 (b404b429-ad5e-3cdf-9b17-af0796003c67): жалк
[18:11:20] NoUNameee742 (c7063b0c-07f3-33d0-83a5-5eb103b41da9): да(
[18:11:21] LightNight010 (b404b429-ad5e-3cdf-9b17-af0796003c67): восстанови щас тогда
[18:12:08] NoUNameee742 (c7063b0c-07f3-33d0-83a5-5eb103b41da9): сколько кристалов?
[18:12:13] LightNight010 (b404b429-ad5e-3cdf-9b17-af0796003c67): больше стака
[18:12:17] NoUNameee742 (c7063b0c-07f3-33d0-83a5-5eb103b41da9): 13)
[18:12:22] LightNight010 (b404b429-ad5e-3cdf-9b17-af0796003c67): дать?
[18:12:26] NoUNameee742 (c7063b0c-07f3-33d0-83a5-5eb103b41da9): я возьму
[18:12:31] LightNight010 (b404b429-ad5e-3cdf-9b17-af0796003c67): ладно
[18:12:43] LightNight010 (b404b429-ad5e-3cdf-9b17-af0796003c67): фартук иди -11 111 gj rhsit flf
[18:12:51] LightNight010 (b404b429-ad5e-3cdf-9b17-af0796003c67): фартук иди -11 111 по крыше ада
[18:12:58] ItsFartunaRu (87aa0b4c-629f-3cae-a9c4-787ca2fa3e21): блять у меня ресов нету
[18:13:03] LightNight010 (b404b429-ad5e-3cdf-9b17-af0796003c67): я не пехаться
[18:13:05] ItsFartunaRu (87aa0b4c-629f-3cae-a9c4-787ca2fa3e21): есть, но не все
[18:13:18] LightNight010 (b404b429-ad5e-3cdf-9b17-af0796003c67): блять
[18:13:22] LightNight010 (b404b429-ad5e-3cdf-9b17-af0796003c67): а где мой 70 лвл?
[18:13:34] ItsFartunaRu (87aa0b4c-629f-3cae-a9c4-787ca2fa3e21): у тебя мои ресес?
[18:13:37] NoUNameee742 (c7063b0c-07f3-33d0-83a5-5eb103b41da9): ты умирал
[18:13:40] [CAPS] LightNight010 (b404b429-ad5e-3cdf-9b17-af0796003c67): руниш спиздил пидарас
[18:13:47] NoUNameee742 (c7063b0c-07f3-33d0-83a5-5eb103b41da9): нет
[18:13:49] LightNight010 (b404b429-ad5e-3cdf-9b17-af0796003c67): да
[18:13:53] LightNight010 (b404b429-ad5e-3cdf-9b17-af0796003c67): он килял меня
[18:13:55] NoUNameee742 (c7063b0c-07f3-33d0-83a5-5eb103b41da9): у тебя с 70 стал 7
[18:14:01] LightNight010 (b404b429-ad5e-3cdf-9b17-af0796003c67): у меня щас 0
[18:14:06] NoUNameee742 (c7063b0c-07f3-33d0-83a5-5eb103b41da9): даже если бы не было руниша
[18:14:17] NoUNameee742 (c7063b0c-07f3-33d0-83a5-5eb103b41da9): это майн такой
[18:14:21] LightNight010 (b404b429-ad5e-3cdf-9b17-af0796003c67): пидарас
[18:14:24] LightNight010 (b404b429-ad5e-3cdf-9b17-af0796003c67): лан го
[18:14:25] NoUNameee742 (c7063b0c-07f3-33d0-83a5-5eb103b41da9): мде
[18:18:03] ItsFartunaRu (87aa0b4c-629f-3cae-a9c4-787ca2fa3e21): сука руина разъебал мой тотем для призыва декак
[18:20:22] NoUNameee742 (c7063b0c-07f3-33d0-83a5-5eb103b41da9): стой
[18:20:25] NoUNameee742 (c7063b0c-07f3-33d0-83a5-5eb103b41da9): шлем
[18:20:25] LightNight010 (b404b429-ad5e-3cdf-9b17-af0796003c67): бля
[18:20:35] LightNight010 (b404b429-ad5e-3cdf-9b17-af0796003c67): ладно хватит
[18:20:42] NoUNameee742 (c7063b0c-07f3-33d0-83a5-5eb103b41da9): ничья?)
[18:20:50] LightNight010 (b404b429-ad5e-3cdf-9b17-af0796003c67): ну я тебе больше сносил))
[18:20:57] LightNight010 (b404b429-ad5e-3cdf-9b17-af0796003c67): тотемов 10
[18:21:07] LightNight010 (b404b429-ad5e-3cdf-9b17-af0796003c67): да и ты сам себя дахуя взрывал
[18:21:11] NoUNameee742 (c7063b0c-07f3-33d0-83a5-5eb103b41da9): это не важно)
[18:21:22] LightNight010 (b404b429-ad5e-3cdf-9b17-af0796003c67): если б тотемов не было, я б тебя выебал
[18:21:29] LightNight010 (b404b429-ad5e-3cdf-9b17-af0796003c67): ебаш шлем и чини
[18:22:22] LightNight010 (b404b429-ad5e-3cdf-9b17-af0796003c67): это не мои
[18:22:37] NoUNameee742 (c7063b0c-07f3-33d0-83a5-5eb103b41da9): а да
[18:23:09] NoUNameee742 (c7063b0c-07f3-33d0-83a5-5eb103b41da9): дальше?
[18:23:11] LightNight010 (b404b429-ad5e-3cdf-9b17-af0796003c67): биля не работает
[18:23:13] LightNight010 (b404b429-ad5e-3cdf-9b17-af0796003c67): не
[18:23:16] LightNight010 (b404b429-ad5e-3cdf-9b17-af0796003c67): я устал
[18:23:47] ItsFartunaRu (87aa0b4c-629f-3cae-a9c4-787ca2fa3e21): ябьплыпоад
[18:23:48] ItsFartunaRu (87aa0b4c-629f-3cae-a9c4-787ca2fa3e21): дядь
[18:23:57] ItsFartunaRu (87aa0b4c-629f-3cae-a9c4-787ca2fa3e21): админ абуз бан
[18:24:11] NoUNameee742 (c7063b0c-07f3-33d0-83a5-5eb103b41da9): я не иду под это правило)
[18:24:16] ItsFartunaRu (87aa0b4c-629f-3cae-a9c4-787ca2fa3e21): харош
[18:24:23] NoUNameee742 (c7063b0c-07f3-33d0-83a5-5eb103b41da9): че по базе?)
[18:24:23] ItsFartunaRu (87aa0b4c-629f-3cae-a9c4-787ca2fa3e21): лайт блят
[18:24:26] LightNight010 (b404b429-ad5e-3cdf-9b17-af0796003c67): что
[18:24:28] ItsFartunaRu (87aa0b4c-629f-3cae-a9c4-787ca2fa3e21): у тебя мои ресы?
[18:24:30] ItsFartunaRu (87aa0b4c-629f-3cae-a9c4-787ca2fa3e21): сср
[18:24:32] ItsFartunaRu (87aa0b4c-629f-3cae-a9c4-787ca2fa3e21): блять
[18:24:33] ItsFartunaRu (87aa0b4c-629f-3cae-a9c4-787ca2fa3e21): ссср
[18:24:34] LightNight010 (b404b429-ad5e-3cdf-9b17-af0796003c67): нихуя нет
[18:24:36] LightNight010 (b404b429-ad5e-3cdf-9b17-af0796003c67): ааа
[18:24:44] LightNight010 (b404b429-ad5e-3cdf-9b17-af0796003c67): ты про те которые до бана?
[18:24:48] ItsFartunaRu (87aa0b4c-629f-3cae-a9c4-787ca2fa3e21): кароч бредля ресетнит
[18:24:53] ItsFartunaRu (87aa0b4c-629f-3cae-a9c4-787ca2fa3e21): да наверн
[18:25:00] NoUNameee742 (c7063b0c-07f3-33d0-83a5-5eb103b41da9): скоро второй сезон будет
[18:25:04] ItsFartunaRu (87aa0b4c-629f-3cae-a9c4-787ca2fa3e21): ну кароч когда сайк прописал
[18:25:12] ItsFartunaRu (87aa0b4c-629f-3cae-a9c4-787ca2fa3e21): всем доступную команду
[18:25:18] LightNight010 (b404b429-ad5e-3cdf-9b17-af0796003c67): они там где тебя и забанили
[18:25:20] ItsFartunaRu (87aa0b4c-629f-3cae-a9c4-787ca2fa3e21): /kill ItsFartunaRu
[18:25:22] LightNight010 (b404b429-ad5e-3cdf-9b17-af0796003c67): в шалкере
[18:25:30] NoUNameee742 (c7063b0c-07f3-33d0-83a5-5eb103b41da9): прописать?)
[18:25:31] ItsFartunaRu (87aa0b4c-629f-3cae-a9c4-787ca2fa3e21): блять че
[18:25:38] LightNight010 (b404b429-ad5e-3cdf-9b17-af0796003c67): на ледяных пиках
[18:25:39] ItsFartunaRu (87aa0b4c-629f-3cae-a9c4-787ca2fa3e21): в л пиках?
[18:25:42] ItsFartunaRu (87aa0b4c-629f-3cae-a9c4-787ca2fa3e21): сукаааааааааааааааааааааааааааааа
[18:25:45] ItsFartunaRu (87aa0b4c-629f-3cae-a9c4-787ca2fa3e21): ок ладно
[18:25:48] LightNight010 (b404b429-ad5e-3cdf-9b17-af0796003c67): портал есть если что
[18:25:50] ItsFartunaRu (87aa0b4c-629f-3cae-a9c4-787ca2fa3e21): какие корды
[18:25:54] LightNight010 (b404b429-ad5e-3cdf-9b17-af0796003c67): ща чекну
[18:26:07] ItsFartunaRu (87aa0b4c-629f-3cae-a9c4-787ca2fa3e21): точно не админ абуз
[18:26:12] NoUNameee742 (c7063b0c-07f3-33d0-83a5-5eb103b41da9): точно.
[18:26:14] NoUNameee742 (c7063b0c-07f3-33d0-83a5-5eb103b41da9): уверяю тебя
[18:26:26] LightNight010 (b404b429-ad5e-3cdf-9b17-af0796003c67): биля вейпоинт не сделал
[18:26:31] ItsFartunaRu (87aa0b4c-629f-3cae-a9c4-787ca2fa3e21): харош
[18:26:39] LightNight010 (b404b429-ad5e-3cdf-9b17-af0796003c67): ща в дс чекну
[18:26:45] LightNight010 (b404b429-ad5e-3cdf-9b17-af0796003c67): чт
[18:26:49] LightNight010 (b404b429-ad5e-3cdf-9b17-af0796003c67): нахуя
[18:26:51] ItsFartunaRu (87aa0b4c-629f-3cae-a9c4-787ca2fa3e21): дай зажигу
[18:26:54] NoUNameee742 (c7063b0c-07f3-33d0-83a5-5eb103b41da9): да хз
[18:27:00] NoUNameee742 (c7063b0c-07f3-33d0-83a5-5eb103b41da9): хахахахахаххаха
[18:27:02] LightNight010 (b404b429-ad5e-3cdf-9b17-af0796003c67): ХХхахахахахаха
[18:27:08] ItsFartunaRu (87aa0b4c-629f-3cae-a9c4-787ca2fa3e21): дай зажигу
[18:27:12] LightNight010 (b404b429-ad5e-3cdf-9b17-af0796003c67): у меня нету
[18:27:15] ItsFartunaRu (87aa0b4c-629f-3cae-a9c4-787ca2fa3e21): сук
[18:27:19] LightNight010 (b404b429-ad5e-3cdf-9b17-af0796003c67): у меня пизда лагет когда вижу свет
[18:27:28] LightNight010 (b404b429-ad5e-3cdf-9b17-af0796003c67): по типу огня
[18:27:45] ItsFartunaRu (87aa0b4c-629f-3cae-a9c4-787ca2fa3e21): стоп
[18:27:46] ItsFartunaRu (87aa0b4c-629f-3cae-a9c4-787ca2fa3e21): эточетакое
[18:27:54] [CAPS] ItsFartunaRu (87aa0b4c-629f-3cae-a9c4-787ca2fa3e21): павхпхавпх че
[18:27:56] ItsFartunaRu (87aa0b4c-629f-3cae-a9c4-787ca2fa3e21): и я не знал
[18:28:00] ItsFartunaRu (87aa0b4c-629f-3cae-a9c4-787ca2fa3e21): о этом месте
[18:28:01] ItsFartunaRu (87aa0b4c-629f-3cae-a9c4-787ca2fa3e21): че
[18:28:12] ItsFartunaRu (87aa0b4c-629f-3cae-a9c4-787ca2fa3e21): можешь чекнуть через коай
[18:28:14] ItsFartunaRu (87aa0b4c-629f-3cae-a9c4-787ca2fa3e21): кто ставил
[18:28:16] ItsFartunaRu (87aa0b4c-629f-3cae-a9c4-787ca2fa3e21): или ломал
[18:28:50] ItsFartunaRu (87aa0b4c-629f-3cae-a9c4-787ca2fa3e21): этот руина ещё гений
[18:28:58] ItsFartunaRu (87aa0b4c-629f-3cae-a9c4-787ca2fa3e21): взорвал базы нашим же тротилом
[18:28:58] LightNight010 (b404b429-ad5e-3cdf-9b17-af0796003c67): 681 737
[18:29:02] LightNight010 (b404b429-ad5e-3cdf-9b17-af0796003c67): корды
[18:29:05] NoUNameee742 (c7063b0c-07f3-33d0-83a5-5eb103b41da9): гений)
[18:29:15] NoUNameee742 (c7063b0c-07f3-33d0-83a5-5eb103b41da9): ладно, бывайте
[18:29:24] NoUNameee742 (c7063b0c-07f3-33d0-83a5-5eb103b41da9): LightNight010 у нас ничья
[18:29:27] LightNight010 (b404b429-ad5e-3cdf-9b17-af0796003c67): ок
[18:30:20] ItsFartunaRu (87aa0b4c-629f-3cae-a9c4-787ca2fa3e21): биля где меч
[18:30:21] LightNight010 (b404b429-ad5e-3cdf-9b17-af0796003c67): тут
[18:30:29] LightNight010 (b404b429-ad5e-3cdf-9b17-af0796003c67): задеспавнился наверн
[18:30:32] LightNight010 (b404b429-ad5e-3cdf-9b17-af0796003c67): могу дать
[18:30:35] ItsFartunaRu (87aa0b4c-629f-3cae-a9c4-787ca2fa3e21): за такое время не
[18:30:42] LightNight010 (b404b429-ad5e-3cdf-9b17-af0796003c67): у нас целая фабрика топок
[18:30:44] ItsFartunaRu (87aa0b4c-629f-3cae-a9c4-787ca2fa3e21): кароч лучше ресет от бредли
[18:30:53] ItsFartunaRu (87aa0b4c-629f-3cae-a9c4-787ca2fa3e21): так заебись востанавливать
[18:30:57] ItsFartunaRu (87aa0b4c-629f-3cae-a9c4-787ca2fa3e21): админ абуз бан
[18:31:00] ItsFartunaRu (87aa0b4c-629f-3cae-a9c4-787ca2fa3e21): ой килл\
[18:31:34] ItsFartunaRu (87aa0b4c-629f-3cae-a9c4-787ca2fa3e21): интерес если ли смысл от суда
[18:31:40] LightNight010 (b404b429-ad5e-3cdf-9b17-af0796003c67): та хз
[18:31:46] LightNight010 (b404b429-ad5e-3cdf-9b17-af0796003c67): типо всё равно сайк решает
[18:31:58] ItsFartunaRu (87aa0b4c-629f-3cae-a9c4-787ca2fa3e21): так он уже решил
[18:32:04] LightNight010 (b404b429-ad5e-3cdf-9b17-af0796003c67): что
[18:32:06] ItsFartunaRu (87aa0b4c-629f-3cae-a9c4-787ca2fa3e21): но нахуя тогда суд
[18:32:19] ItsFartunaRu (87aa0b4c-629f-3cae-a9c4-787ca2fa3e21): о
[18:32:25] ItsFartunaRu (87aa0b4c-629f-3cae-a9c4-787ca2fa3e21): место смерти сайк
[18:32:34] ItsFartunaRu (87aa0b4c-629f-3cae-a9c4-787ca2fa3e21): оцени
[18:32:39] LightNight010 (b404b429-ad5e-3cdf-9b17-af0796003c67): ща
[18:32:53] ItsFartunaRu (87aa0b4c-629f-3cae-a9c4-787ca2fa3e21): дыляплпв\
[18:32:59] ItsFartunaRu (87aa0b4c-629f-3cae-a9c4-787ca2fa3e21): ахуел
[18:33:02] LightNight010 (b404b429-ad5e-3cdf-9b17-af0796003c67): ахахахах
[18:33:18] ItsFartunaRu (87aa0b4c-629f-3cae-a9c4-787ca2fa3e21): а так у меня есть сет руины
[18:33:22] ItsFartunaRu (87aa0b4c-629f-3cae-a9c4-787ca2fa3e21): но он хуйня
[18:33:24] ItsFartunaRu (87aa0b4c-629f-3cae-a9c4-787ca2fa3e21): прям как он
[18:33:35] LightNight010 (b404b429-ad5e-3cdf-9b17-af0796003c67): гоо чарнем новую
[18:33:40] LightNight010 (b404b429-ad5e-3cdf-9b17-af0796003c67): у нас дохуя опыта
[18:33:45] ItsFartunaRu (87aa0b4c-629f-3cae-a9c4-787ca2fa3e21): ты до скольки играешь
[18:33:54] LightNight010 (b404b429-ad5e-3cdf-9b17-af0796003c67): обычно до 10-11
[18:33:57] LightNight010 (b404b429-ad5e-3cdf-9b17-af0796003c67): по мск
[18:34:00] ItsFartunaRu (87aa0b4c-629f-3cae-a9c4-787ca2fa3e21): прост примерно в полночь бредля зайдёт
[18:34:07] ItsFartunaRu (87aa0b4c-629f-3cae-a9c4-787ca2fa3e21): можем пофаниться
[18:34:10] LightNight010 (b404b429-ad5e-3cdf-9b17-af0796003c67): не
[18:34:13] ItsFartunaRu (87aa0b4c-629f-3cae-a9c4-787ca2fa3e21): ачо
[18:34:16] LightNight010 (b404b429-ad5e-3cdf-9b17-af0796003c67): мне линзы одевать
[18:34:21] LightNight010 (b404b429-ad5e-3cdf-9b17-af0796003c67): до 12 точно
[18:34:29] ItsFartunaRu (87aa0b4c-629f-3cae-a9c4-787ca2fa3e21): ладно
[18:34:30] LightNight010 (b404b429-ad5e-3cdf-9b17-af0796003c67): у меня близорукость
[18:34:53] LightNight010 (b404b429-ad5e-3cdf-9b17-af0796003c67): биля где шалкер
[18:34:57] ItsFartunaRu (87aa0b4c-629f-3cae-a9c4-787ca2fa3e21): какой
[18:35:02] LightNight010 (b404b429-ad5e-3cdf-9b17-af0796003c67): тут стоял блять
[18:35:06] ItsFartunaRu (87aa0b4c-629f-3cae-a9c4-787ca2fa3e21): в котором
[18:35:08] ItsFartunaRu (87aa0b4c-629f-3cae-a9c4-787ca2fa3e21): ресы?
[18:35:10] LightNight010 (b404b429-ad5e-3cdf-9b17-af0796003c67): да
[18:35:13] LightNight010 (b404b429-ad5e-3cdf-9b17-af0796003c67): это мой
[18:35:19] ItsFartunaRu (87aa0b4c-629f-3cae-a9c4-787ca2fa3e21): непонял
[18:35:24] ItsFartunaRu (87aa0b4c-629f-3cae-a9c4-787ca2fa3e21): хуле там мои ресы тогда
[18:35:30] LightNight010 (b404b429-ad5e-3cdf-9b17-af0796003c67): я положил туда
[18:35:34] ItsFartunaRu (87aa0b4c-629f-3cae-a9c4-787ca2fa3e21): лан бери
[18:35:39] ItsFartunaRu (87aa0b4c-629f-3cae-a9c4-787ca2fa3e21): на зельки похуй
[18:35:43] LightNight010 (b404b429-ad5e-3cdf-9b17-af0796003c67): зелья бери
[18:35:49] LightNight010 (b404b429-ad5e-3cdf-9b17-af0796003c67): они мне нахуй не нужны
[18:35:53] ItsFartunaRu (87aa0b4c-629f-3cae-a9c4-787ca2fa3e21): мне тож
[18:35:54] LightNight010 (b404b429-ad5e-3cdf-9b17-af0796003c67): или выкину
[18:36:06] ItsFartunaRu (87aa0b4c-629f-3cae-a9c4-787ca2fa3e21): а лучше
[18:36:08] ItsFartunaRu (87aa0b4c-629f-3cae-a9c4-787ca2fa3e21): по другому
[18:36:14] LightNight010 (b404b429-ad5e-3cdf-9b17-af0796003c67): выкинул
[18:36:58] ItsFartunaRu (87aa0b4c-629f-3cae-a9c4-787ca2fa3e21): во
[18:37:53] ItsFartunaRu (87aa0b4c-629f-3cae-a9c4-787ca2fa3e21): я кароч в афк на время
[18:38:04] LightNight010 (b404b429-ad5e-3cdf-9b17-af0796003c67): гасты встань
[18:38:15] ItsFartunaRu (87aa0b4c-629f-3cae-a9c4-787ca2fa3e21): я чай сделать
[18:38:16] ItsFartunaRu (87aa0b4c-629f-3cae-a9c4-787ca2fa3e21): эт быра
[18:39:58] ItsFartunaRu (87aa0b4c-629f-3cae-a9c4-787ca2fa3e21): я кароч думал что фрут щас такой же даун каким был на визер эсэмпэ
[18:40:04] ItsFartunaRu (87aa0b4c-629f-3cae-a9c4-787ca2fa3e21): но тут он чёт изменился
[18:40:11] ItsFartunaRu (87aa0b4c-629f-3cae-a9c4-787ca2fa3e21): фрут эт кароч ноунейм
[18:40:12] LightNight010 (b404b429-ad5e-3cdf-9b17-af0796003c67): фрут?
[18:40:15] LightNight010 (b404b429-ad5e-3cdf-9b17-af0796003c67): а
[18:40:24] ItsFartunaRu (87aa0b4c-629f-3cae-a9c4-787ca2fa3e21): мы тут половина с визер эсэмпэ
[18:40:34] LightNight010 (b404b429-ad5e-3cdf-9b17-af0796003c67): а как сервер нашли?
[18:40:42] ItsFartunaRu (87aa0b4c-629f-3cae-a9c4-787ca2fa3e21): так кароч
[18:41:25] ItsFartunaRu (87aa0b4c-629f-3cae-a9c4-787ca2fa3e21): я, бредля, сексрен, сайк, голд, руина, дарк, корвин, ноунейм и ещё ктот
[18:41:29] ItsFartunaRu (87aa0b4c-629f-3cae-a9c4-787ca2fa3e21): все мы с визера
[18:41:32] LightNight010 (b404b429-ad5e-3cdf-9b17-af0796003c67): а как сервер нашли?
[18:41:35] ItsFartunaRu (87aa0b4c-629f-3cae-a9c4-787ca2fa3e21): так блять
[18:41:41] ItsFartunaRu (87aa0b4c-629f-3cae-a9c4-787ca2fa3e21): сайк и бредля его создалои
[18:41:43] ItsFartunaRu (87aa0b4c-629f-3cae-a9c4-787ca2fa3e21): сайк и бредля его создали
[18:41:48] LightNight010 (b404b429-ad5e-3cdf-9b17-af0796003c67): а
[18:41:52] ItsFartunaRu (87aa0b4c-629f-3cae-a9c4-787ca2fa3e21): я пришёл потому что типа тим с бредля
[18:41:59] ItsFartunaRu (87aa0b4c-629f-3cae-a9c4-787ca2fa3e21): голд с руиной хз
[18:42:04] LightNight010 (b404b429-ad5e-3cdf-9b17-af0796003c67): а мортобелло это кто?
[18:42:07] ItsFartunaRu (87aa0b4c-629f-3cae-a9c4-787ca2fa3e21): хз
[18:42:11] ItsFartunaRu (87aa0b4c-629f-3cae-a9c4-787ca2fa3e21): друг сайк
[18:42:17] LightNight010 (b404b429-ad5e-3cdf-9b17-af0796003c67): а я с рекламы в вк :)
[18:42:35] ItsFartunaRu (87aa0b4c-629f-3cae-a9c4-787ca2fa3e21): пон
[18:42:40] ItsFartunaRu (87aa0b4c-629f-3cae-a9c4-787ca2fa3e21): мы кароч типа олды
[18:42:45] ItsFartunaRu (87aa0b4c-629f-3cae-a9c4-787ca2fa3e21): но с другого серва
[18:43:12] ItsFartunaRu (87aa0b4c-629f-3cae-a9c4-787ca2fa3e21): билдер рус ещё был на визере
[18:43:28] ItsFartunaRu (87aa0b4c-629f-3cae-a9c4-787ca2fa3e21): феликсон
[18:43:39] ItsFartunaRu (87aa0b4c-629f-3cae-a9c4-787ca2fa3e21): простотян
[18:43:56] ItsFartunaRu (87aa0b4c-629f-3cae-a9c4-787ca2fa3e21): матренка
[18:44:09] ItsFartunaRu (87aa0b4c-629f-3cae-a9c4-787ca2fa3e21): банан вроде
[18:44:31] ItsFartunaRu (87aa0b4c-629f-3cae-a9c4-787ca2fa3e21): и анклид
[18:44:38] ItsFartunaRu (87aa0b4c-629f-3cae-a9c4-787ca2fa3e21): ну Ulucid0 кароч
[18:44:44] ItsFartunaRu (87aa0b4c-629f-3cae-a9c4-787ca2fa3e21): анклид лучше звучит
[18:45:05] LightNight010 (b404b429-ad5e-3cdf-9b17-af0796003c67): скипнуть бы
[18:45:12] ItsFartunaRu (87aa0b4c-629f-3cae-a9c4-787ca2fa3e21): про пармишу хз
[18:45:23] ItsFartunaRu (87aa0b4c-629f-3cae-a9c4-787ca2fa3e21): ну и вот кароч всё
[18:45:25] LightNight010 (b404b429-ad5e-3cdf-9b17-af0796003c67): он тоже чё то про визер смп говорил
[18:46:45] ItsFartunaRu (87aa0b4c-629f-3cae-a9c4-787ca2fa3e21): бля митаск ещё с визера
[18:46:50] ItsFartunaRu (87aa0b4c-629f-3cae-a9c4-787ca2fa3e21): и снуп
[18:47:00] ItsFartunaRu (87aa0b4c-629f-3cae-a9c4-787ca2fa3e21): ну снуп там так и играет
[18:47:04] LightNight010 (b404b429-ad5e-3cdf-9b17-af0796003c67): есть свободные шалкера?
[18:47:07] ItsFartunaRu (87aa0b4c-629f-3cae-a9c4-787ca2fa3e21): роамс тоже
[18:47:13] ItsFartunaRu (87aa0b4c-629f-3cae-a9c4-787ca2fa3e21): ноу
[18:48:12] LightNight010 (b404b429-ad5e-3cdf-9b17-af0796003c67): я пошёл
[18:48:21] ItsFartunaRu (87aa0b4c-629f-3cae-a9c4-787ca2fa3e21): куд
[18:48:28] LightNight010 (b404b429-ad5e-3cdf-9b17-af0796003c67): в заб
[18:48:31] LightNight010 (b404b429-ad5e-3cdf-9b17-af0796003c67): хаб
[18:48:40] ItsFartunaRu (87aa0b4c-629f-3cae-a9c4-787ca2fa3e21): биля я кароч пошёл на базу руины
[18:48:50] ItsFartunaRu (87aa0b4c-629f-3cae-a9c4-787ca2fa3e21): а не
[18:48:52] ItsFartunaRu (87aa0b4c-629f-3cae-a9c4-787ca2fa3e21): далеко
[18:48:58] LightNight010 (b404b429-ad5e-3cdf-9b17-af0796003c67): попроси админа ресетнуть
[18:49:03] ItsFartunaRu (87aa0b4c-629f-3cae-a9c4-787ca2fa3e21): им похуй
[18:49:09] ItsFartunaRu (87aa0b4c-629f-3cae-a9c4-787ca2fa3e21): бредля зайдёт ток в полночь
[18:49:09] LightNight010 (b404b429-ad5e-3cdf-9b17-af0796003c67): мне ресетнули
[18:49:17] ItsFartunaRu (87aa0b4c-629f-3cae-a9c4-787ca2fa3e21): со мной другой случай
[18:49:23] LightNight010 (b404b429-ad5e-3cdf-9b17-af0796003c67): чё
[18:49:48] ItsFartunaRu (87aa0b4c-629f-3cae-a9c4-787ca2fa3e21): кароч я пошёл к тебе на базу
[18:49:51] ItsFartunaRu (87aa0b4c-629f-3cae-a9c4-787ca2fa3e21): кароч я пошёл к тебе на базу
[18:49:55] LightNight010 (b404b429-ad5e-3cdf-9b17-af0796003c67): нах
[18:49:56] ItsFartunaRu (87aa0b4c-629f-3cae-a9c4-787ca2fa3e21): по рофлу
[18:49:57] ItsFartunaRu (87aa0b4c-629f-3cae-a9c4-787ca2fa3e21): взрыв
[18:49:59] ItsFartunaRu (87aa0b4c-629f-3cae-a9c4-787ca2fa3e21): точнее
[18:50:01] ItsFartunaRu (87aa0b4c-629f-3cae-a9c4-787ca2fa3e21): копать алмы
[18:50:02] LightNight010 (b404b429-ad5e-3cdf-9b17-af0796003c67): я с тобой
[18:52:17] LightNight010 (b404b429-ad5e-3cdf-9b17-af0796003c67): ты хдэ
[18:52:19] LightNight010 (b404b429-ad5e-3cdf-9b17-af0796003c67): ты хдэ
[18:52:47] LightNight010 (b404b429-ad5e-3cdf-9b17-af0796003c67): ты хдэ
[18:52:48] LightNight010 (b404b429-ad5e-3cdf-9b17-af0796003c67): ты хдэ
[18:52:48] LightNight010 (b404b429-ad5e-3cdf-9b17-af0796003c67): ты хдэ
[18:53:13] ItsFartunaRu (87aa0b4c-629f-3cae-a9c4-787ca2fa3e21): у авика
[19:18:29] AviKgolD1 (fe9f4036-69b5-38be-a9c3-1d860d8c4398): ты где?
[19:20:32] ItsFartunaRu (87aa0b4c-629f-3cae-a9c4-787ca2fa3e21): ебать он жив
[19:20:37] ItsFartunaRu (87aa0b4c-629f-3cae-a9c4-787ca2fa3e21): хотя ещё нету полночи
[19:20:42] ItsFartunaRu (87aa0b4c-629f-3cae-a9c4-787ca2fa3e21): аномалия
[19:21:01] AviKgolD1 (fe9f4036-69b5-38be-a9c3-1d860d8c4398): бредля?
[19:21:04] ItsFartunaRu (87aa0b4c-629f-3cae-a9c4-787ca2fa3e21): да
[19:21:30] ItsFartunaRu (87aa0b4c-629f-3cae-a9c4-787ca2fa3e21): мы кароч в полночь будем юзать ром
[19:22:09] ItsFartunaRu (87aa0b4c-629f-3cae-a9c4-787ca2fa3e21): кароч есть шанс на 80% что руину зобэнят
[19:22:21] AviKgolD1 (fe9f4036-69b5-38be-a9c3-1d860d8c4398): на базе руниша есть топ тыкила кста
[19:22:27] ItsFartunaRu (87aa0b4c-629f-3cae-a9c4-787ca2fa3e21): уф бери
[19:22:47] AviKgolD1 (fe9f4036-69b5-38be-a9c3-1d860d8c4398): тебе откатили базу?
[19:22:50] ItsFartunaRu (87aa0b4c-629f-3cae-a9c4-787ca2fa3e21): ноу
[19:23:13] AviKgolD1 (fe9f4036-69b5-38be-a9c3-1d860d8c4398): страно лайту откатили
[19:23:26] ItsFartunaRu (87aa0b4c-629f-3cae-a9c4-787ca2fa3e21): да сайк подумал такой похуй
[19:23:42] AviKgolD1 (fe9f4036-69b5-38be-a9c3-1d860d8c4398): лень
[19:24:37] AviKgolD1 (fe9f4036-69b5-38be-a9c3-1d860d8c4398): ща
