[10:46:27] Pyanyyvdupel (835cbecb-f5d5-3c64-a0cc-131e59c3767e): Даров
[10:46:33] 1DarkLight1 (55ea8335-29fe-3a45-98bc-0ec3f0da1e2e): да привет бля
[10:46:43] Pyanyyvdupel (835cbecb-f5d5-3c64-a0cc-131e59c3767e): че так грубо?
[10:46:49] 1DarkLight1 (55ea8335-29fe-3a45-98bc-0ec3f0da1e2e): заебался в консоли
[10:56:07] Pyanyyvdupel (835cbecb-f5d5-3c64-a0cc-131e59c3767e): 1277 67 782
[11:15:20] Pyanyyvdupel (835cbecb-f5d5-3c64-a0cc-131e59c3767e): че как черти заходите, и выходите
[11:15:23] Pyanyyvdupel (835cbecb-f5d5-3c64-a0cc-131e59c3767e): Зашел играй блет
[11:18:25] Pyanyyvdupel (835cbecb-f5d5-3c64-a0cc-131e59c3767e): ебанутся
[11:28:55] Pyanyyvdupel (835cbecb-f5d5-3c64-a0cc-131e59c3767e): мда... Один сраный кожевник остался из всей деревни
[11:29:14] NightVizer (baecb933-9897-3b35-86a3-c2c9dd1004dd): настоящий герой деревни))))))
[11:29:25] NightVizer (baecb933-9897-3b35-86a3-c2c9dd1004dd): Настоящий герой деревни))))
[11:35:22] NightVizer (baecb933-9897-3b35-86a3-c2c9dd1004dd): кто-нибудь дракона уже бахал?
[11:35:32] Pyanyyvdupel (835cbecb-f5d5-3c64-a0cc-131e59c3767e): да нет
[11:35:37] Pyanyyvdupel (835cbecb-f5d5-3c64-a0cc-131e59c3767e): еще не успел никто
[11:37:30] Pyanyyvdupel (835cbecb-f5d5-3c64-a0cc-131e59c3767e): Если пойдешь, меня позови)
[11:37:49] NightVizer (baecb933-9897-3b35-86a3-c2c9dd1004dd): ну незнаю, незнаю))))) у меня сокланы есть)))))
[12:00:23] saikonohack (61d3e846-cfe0-3e5b-b41b-772c1020819e): qq
[12:00:45] Pyanyyvdupel (835cbecb-f5d5-3c64-a0cc-131e59c3767e): qq
[12:08:09] Pyanyyvdupel (835cbecb-f5d5-3c64-a0cc-131e59c3767e): Блин, все не могу привыкнуть к этим огромным пещерам...
[12:09:16] Pyanyyvdupel (835cbecb-f5d5-3c64-a0cc-131e59c3767e): Оаоа
[12:12:07] Pyanyyvdupel (835cbecb-f5d5-3c64-a0cc-131e59c3767e): дарова
[13:06:43] saikonohack (61d3e846-cfe0-3e5b-b41b-772c1020819e): оптифайн стоит?
[13:06:49] Pyanyyvdupel (835cbecb-f5d5-3c64-a0cc-131e59c3767e): угу
[13:06:54] saikonohack (61d3e846-cfe0-3e5b-b41b-772c1020819e): рп работает?
[13:07:00] Pyanyyvdupel (835cbecb-f5d5-3c64-a0cc-131e59c3767e): да отлично
[13:07:03] saikonohack (61d3e846-cfe0-3e5b-b41b-772c1020819e): :)
[13:09:50] Pyanyyvdupel (835cbecb-f5d5-3c64-a0cc-131e59c3767e): У кого-то не работал что ли?
[13:13:01] Pyanyyvdupel (835cbecb-f5d5-3c64-a0cc-131e59c3767e): О, тоже зайти не может)
[13:25:11] Bradly378 (9ab93dfb-1454-3bb1-b47f-700f714534a9): Сайко пенис подзаборный
[13:42:26] Pyanyyvdupel (835cbecb-f5d5-3c64-a0cc-131e59c3767e): патамушта
[17:48:34] Bradly378 (9ab93dfb-1454-3bb1-b47f-700f714534a9): §7§l§l%player%§7§l!§7§l
[17:53:51] Bradly378 (9ab93dfb-1454-3bb1-b47f-700f714534a9): "§r\n §r&x§0§D§F§9§F§4n§r&x§0§D§E§B§F§5a§r&x§0§C§D§C§F§5n§r&x§0§C§C§E§F§6o§r&x§0§B§B§F§F§6x§r&x§0§B§B§1§F§7a§r&x§0§B§A§3§F§8n§r&x§0§A§9§4§F§8d§r&x§0§A§8§6§F§9e§r&x§0§9§7§7§F§9r§r&x§0§9§6§9§F§A.§r&x§0§8§5§A§F§Ar§r&x§0§8§4§C§F§Bu§r"
[17:54:13] Bradly378 (9ab93dfb-1454-3bb1-b47f-700f714534a9): §r&x§0§D§F§9§F§4n§r&x§0§D§E§B§F§5a§r&x§0§C§D§C§F§5n§r&x§0§C§C§E§F§6o§r&x§0§B§B§F§F§6x§r&x§0§B§B§1§F§7a§r&x§0§B§A§3§F§8n§r&x§0§A§9§4§F§8d§r&x§0§A§8§6§F§9e§r&x§0§9§7§7§F§9r§r&x§0§9§6§9§F§A.§r&x§0§8§5§A§F§Ar§r&x§0§8§4§C§F§Bu§r
[17:54:43] Bradly378 (9ab93dfb-1454-3bb1-b47f-700f714534a9): "§r\n §r&x§0§D§F§9§F§4n§r&x§0§D§E§B§F§5a§r&x§0§C§D§C§F§5n§r&x§0§C§C§E§F§6o§r&x§0§B§B§F§F§6x§r&x§0§B§B§1§F§7a§r&x§0§B§A§3§F§8n§r&x§0§A§9§4§F§8d§r&x§0§A§8§6§F§9e§r&x§0§9§7§7§F§9r§r&x§0§9§6§9§F§A.§r&x§0§8§5§A§F§Ar§r&x§0§8§4§C§F§Bu§r"
[17:55:29] Bradly378 (9ab93dfb-1454-3bb1-b47f-700f714534a9): §r&x§0§D§F§9§F§4n§r&x§0§D§E§B§F§5a§r&x§0§C§D§C§F§5n§r&x§0§C§C§E§F§6o§r&x§0§B§B§F§F§6x§r&x§0§B§B§1§F§7a§r&x§0§B§A§3§F§8n§r&x§0§A§9§4§F§8d§r&x§0§A§8§6§F§9e§r&x§0§9§7§7§F§9r§r&x§0§9§6§9§F§A.§r&x§0§8§5§A§F§Ar§r&x§0§8§4§C§F§Bu§r
