[18:50:47] valhemir (fb553811-afd5-363f-94d7-76afcc524e32): блять
[18:50:50] LightNight010 (b404b429-ad5e-3cdf-9b17-af0796003c67): xnj
[18:50:52] LightNight010 (b404b429-ad5e-3cdf-9b17-af0796003c67): что
[18:50:56] valhemir (fb553811-afd5-363f-94d7-76afcc524e32): g я обосрался
[18:50:58] LightNight010 (b404b429-ad5e-3cdf-9b17-af0796003c67): ахаха
[18:51:06] LightNight010 (b404b429-ad5e-3cdf-9b17-af0796003c67): не хочешь в наш клан?
[18:51:11] valhemir (fb553811-afd5-363f-94d7-76afcc524e32): что за клан?
[18:51:18] LightNight010 (b404b429-ad5e-3cdf-9b17-af0796003c67): ну как тебе сказать
[18:51:22] LightNight010 (b404b429-ad5e-3cdf-9b17-af0796003c67): там я авик
[18:51:30] LightNight010 (b404b429-ad5e-3cdf-9b17-af0796003c67): ZAXAR
[18:51:34] LightNight010 (b404b429-ad5e-3cdf-9b17-af0796003c67): Linch
[18:51:38] valhemir (fb553811-afd5-363f-94d7-76afcc524e32): лютый пон
[18:51:43] valhemir (fb553811-afd5-363f-94d7-76afcc524e32): ну ваще я не против
[18:52:13] LightNight010 (b404b429-ad5e-3cdf-9b17-af0796003c67): ща овнеру напишу
[18:52:26] valhemir (fb553811-afd5-363f-94d7-76afcc524e32): ну и городок
[18:52:31] LightNight010 (b404b429-ad5e-3cdf-9b17-af0796003c67): мда
[18:52:32] valhemir (fb553811-afd5-363f-94d7-76afcc524e32): это конечно не отсосити
[18:52:38] valhemir (fb553811-afd5-363f-94d7-76afcc524e32): и даже не техноград
[18:52:41] valhemir (fb553811-afd5-363f-94d7-76afcc524e32): но нормально
[18:52:50] LightNight010 (b404b429-ad5e-3cdf-9b17-af0796003c67): у нас в клане огромный трейдхол есть
[18:52:57] LightNight010 (b404b429-ad5e-3cdf-9b17-af0796003c67): и много очень ферм
[18:53:02] valhemir (fb553811-afd5-363f-94d7-76afcc524e32): нормально
[18:53:28] LightNight010 (b404b429-ad5e-3cdf-9b17-af0796003c67): это наш маяк
[18:53:32] LightNight010 (b404b429-ad5e-3cdf-9b17-af0796003c67): нашего клана
[18:53:35] valhemir (fb553811-afd5-363f-94d7-76afcc524e32): уже видел
[18:53:36] LightNight010 (b404b429-ad5e-3cdf-9b17-af0796003c67): но поставили тут
[18:54:44] valhemir (fb553811-afd5-363f-94d7-76afcc524e32): так что там с главой клана?
[18:54:51] LightNight010 (b404b429-ad5e-3cdf-9b17-af0796003c67): думает...
[18:55:21] valhemir (fb553811-afd5-363f-94d7-76afcc524e32): да хули думать
[18:55:30] valhemir (fb553811-afd5-363f-94d7-76afcc524e32): ДжоДжофаг в команде счастье в семье
[18:56:36] LightNight010 (b404b429-ad5e-3cdf-9b17-af0796003c67): еды lfnm
[18:56:38] LightNight010 (b404b429-ad5e-3cdf-9b17-af0796003c67): дать?
[18:56:43] valhemir (fb553811-afd5-363f-94d7-76afcc524e32): ну давай
[18:56:58] valhemir (fb553811-afd5-363f-94d7-76afcc524e32): пасиб
[18:57:44] valhemir (fb553811-afd5-363f-94d7-76afcc524e32): я опасен
[18:57:49] valhemir (fb553811-afd5-363f-94d7-76afcc524e32): кирпичем ебало снесу
[18:57:59] valhemir (fb553811-afd5-363f-94d7-76afcc524e32): да хуйня
[18:58:02] valhemir (fb553811-afd5-363f-94d7-76afcc524e32): смотри
[18:58:06] valhemir (fb553811-afd5-363f-94d7-76afcc524e32): лови в ебало
[18:58:13] valhemir (fb553811-afd5-363f-94d7-76afcc524e32): ай блятб
[18:58:52] LightNight010 (b404b429-ad5e-3cdf-9b17-af0796003c67): всё мне пора
[18:58:59] valhemir (fb553811-afd5-363f-94d7-76afcc524e32): поки
