[08:50:27] valhemir (fb553811-afd5-363f-94d7-76afcc524e32): короч
[08:50:34] LightNight010 (b404b429-ad5e-3cdf-9b17-af0796003c67): корды какие
[08:50:54] valhemir (fb553811-afd5-363f-94d7-76afcc524e32): третьи 230
[08:51:00] LightNight010 (b404b429-ad5e-3cdf-9b17-af0796003c67): алё
[08:51:01] valhemir (fb553811-afd5-363f-94d7-76afcc524e32): g 230
[08:51:24] LightNight010 (b404b429-ad5e-3cdf-9b17-af0796003c67): я валхемиру
[08:51:40] valhemir (fb553811-afd5-363f-94d7-76afcc524e32): да бля
[08:51:46] LightNight010 (b404b429-ad5e-3cdf-9b17-af0796003c67): валхемир иди в хаб
[08:51:46] valhemir (fb553811-afd5-363f-94d7-76afcc524e32): G 230
[08:52:25] valhemir (fb553811-afd5-363f-94d7-76afcc524e32): блять я на 230 в аду
[08:52:31] LightNight010 (b404b429-ad5e-3cdf-9b17-af0796003c67): ебаш в хаб
[08:52:41] valhemir (fb553811-afd5-363f-94d7-76afcc524e32): да блять это долго пиздец
[08:52:47] LightNight010 (b404b429-ad5e-3cdf-9b17-af0796003c67): тогда иди нахуй
[08:52:56] LightNight010 (b404b429-ad5e-3cdf-9b17-af0796003c67): нормально по координатам ходить не можешь
[08:53:01] valhemir (fb553811-afd5-363f-94d7-76afcc524e32): да я в любом случае щас отойду хули
[08:53:10] LightNight010 (b404b429-ad5e-3cdf-9b17-af0796003c67): говори свои корды
[08:53:22] valhemir (fb553811-afd5-363f-94d7-76afcc524e32): да щас я сдохну и в хабе буду
[08:53:26] LightNight010 (b404b429-ad5e-3cdf-9b17-af0796003c67): нетф
[08:53:30] LightNight010 (b404b429-ad5e-3cdf-9b17-af0796003c67): я на элитрах
[08:53:33] valhemir (fb553811-afd5-363f-94d7-76afcc524e32): м
[08:53:43] LightNight010 (b404b429-ad5e-3cdf-9b17-af0796003c67): корды говориэ
[08:53:46] valhemir (fb553811-afd5-363f-94d7-76afcc524e32): в общем я на нашей ферме хуй знает чего в море
[08:53:55] LightNight010 (b404b429-ad5e-3cdf-9b17-af0796003c67): ты блять не в аду?
[08:54:00] LightNight010 (b404b429-ad5e-3cdf-9b17-af0796003c67): ой бляяяяя
[08:54:27] LightNight010 (b404b429-ad5e-3cdf-9b17-af0796003c67): сдыхай
[08:54:37] valhemir (fb553811-afd5-363f-94d7-76afcc524e32): ща
[08:55:28] LightNight010 (b404b429-ad5e-3cdf-9b17-af0796003c67): иди за мной
[08:56:42] LightNight010 (b404b429-ad5e-3cdf-9b17-af0796003c67): а чё ты бл делал не в аду?
[08:57:01] LightNight010 (b404b429-ad5e-3cdf-9b17-af0796003c67): у тя 4к пинг
[08:57:22] LightNight010 (b404b429-ad5e-3cdf-9b17-af0796003c67): иди на 300 230
[08:57:36] LightNight010 (b404b429-ad5e-3cdf-9b17-af0796003c67): ты куда
[08:57:45] LightNight010 (b404b429-ad5e-3cdf-9b17-af0796003c67): 300 128 230
[08:57:56] valhemir (fb553811-afd5-363f-94d7-76afcc524e32): так блять смотри
[08:58:05] valhemir (fb553811-afd5-363f-94d7-76afcc524e32): вот я щас на 300 к примеру
[08:58:15] LightNight010 (b404b429-ad5e-3cdf-9b17-af0796003c67): ну
[08:58:21] LightNight010 (b404b429-ad5e-3cdf-9b17-af0796003c67): ебаш на 230
[08:58:34] valhemir (fb553811-afd5-363f-94d7-76afcc524e32): мне бежать на 230?
[08:58:36] LightNight010 (b404b429-ad5e-3cdf-9b17-af0796003c67): ДА
[08:59:06] LightNight010 (b404b429-ad5e-3cdf-9b17-af0796003c67): ?
[14:23:58] LightNight010 (b404b429-ad5e-3cdf-9b17-af0796003c67): nfr
[14:24:00] LightNight010 (b404b429-ad5e-3cdf-9b17-af0796003c67): так
[14:24:06] LightNight010 (b404b429-ad5e-3cdf-9b17-af0796003c67): иди к подъёму
[14:24:24] valhemir (fb553811-afd5-363f-94d7-76afcc524e32): я на кордал -263 и 605 блять
[14:24:31] LightNight010 (b404b429-ad5e-3cdf-9b17-af0796003c67): что ты там делаешь блять
[14:24:39] valhemir (fb553811-afd5-363f-94d7-76afcc524e32): если бы я знал
[14:24:48] LightNight010 (b404b429-ad5e-3cdf-9b17-af0796003c67): а нахуя ты туда пошёл
[14:25:07] valhemir (fb553811-afd5-363f-94d7-76afcc524e32): да я сам не ебу я зашёл сперва в портал и тпехнулся к ферме разбойников
[14:25:13] valhemir (fb553811-afd5-363f-94d7-76afcc524e32): да долгая история
[14:25:28] LightNight010 (b404b429-ad5e-3cdf-9b17-af0796003c67): за мной
[14:26:22] LightNight010 (b404b429-ad5e-3cdf-9b17-af0796003c67): короч иди туда просто
[14:27:24] valhemir (fb553811-afd5-363f-94d7-76afcc524e32): и как долго?
[14:27:32] LightNight010 (b404b429-ad5e-3cdf-9b17-af0796003c67): иди я тебя встречу
[14:28:25] LightNight010 (b404b429-ad5e-3cdf-9b17-af0796003c67): а ты точно правильно идёшь?
[14:28:34] valhemir (fb553811-afd5-363f-94d7-76afcc524e32): да
[14:28:38] valhemir (fb553811-afd5-363f-94d7-76afcc524e32): я не сворачивал
[14:28:41] LightNight010 (b404b429-ad5e-3cdf-9b17-af0796003c67): я тебя не вижу
[14:28:51] valhemir (fb553811-afd5-363f-94d7-76afcc524e32): корды 587 и 70
[14:29:03] LightNight010 (b404b429-ad5e-3cdf-9b17-af0796003c67): блять ты не туда идёшь
[14:29:07] LightNight010 (b404b429-ad5e-3cdf-9b17-af0796003c67): блять ты не туда идёшь
[14:29:15] valhemir (fb553811-afd5-363f-94d7-76afcc524e32): да я тупо прямо шёл куда сказал
[14:29:44] LightNight010 (b404b429-ad5e-3cdf-9b17-af0796003c67): слишком далеко
[14:30:49] LightNight010 (b404b429-ad5e-3cdf-9b17-af0796003c67): смари
[14:30:52] LightNight010 (b404b429-ad5e-3cdf-9b17-af0796003c67): чек коржы
[14:31:02] valhemir (fb553811-afd5-363f-94d7-76afcc524e32): 297 и 232
[14:31:08] LightNight010 (b404b429-ad5e-3cdf-9b17-af0796003c67): НУ
[14:31:16] [CAPS] LightNight010 (b404b429-ad5e-3cdf-9b17-af0796003c67): оно блять у тебя перед носом было
[14:31:23] valhemir (fb553811-afd5-363f-94d7-76afcc524e32): я кста место это пробегал
[14:32:17] valhemir (fb553811-afd5-363f-94d7-76afcc524e32): кхкахахах
[14:32:20] LightNight010 (b404b429-ad5e-3cdf-9b17-af0796003c67): ты долбаёб
[14:32:24] valhemir (fb553811-afd5-363f-94d7-76afcc524e32): кхахахахах
[14:32:26] LightNight010 (b404b429-ad5e-3cdf-9b17-af0796003c67): ой бляяяяяяяяяяяяять
[14:32:28] valhemir (fb553811-afd5-363f-94d7-76afcc524e32): бля
[14:33:00] LightNight010 (b404b429-ad5e-3cdf-9b17-af0796003c67): не бей даун
[14:33:16] LightNight010 (b404b429-ad5e-3cdf-9b17-af0796003c67): отвлекай
[14:33:20] valhemir (fb553811-afd5-363f-94d7-76afcc524e32): да я их порву ща
[14:33:39] LightNight010 (b404b429-ad5e-3cdf-9b17-af0796003c67): у меня баг
[14:34:01] LightNight010 (b404b429-ad5e-3cdf-9b17-af0796003c67): не убегай
[14:34:06] valhemir (fb553811-afd5-363f-94d7-76afcc524e32): хп мало
[14:35:53] LightNight010 (b404b429-ad5e-3cdf-9b17-af0796003c67): от тебя только одни беды
[14:36:06] LightNight010 (b404b429-ad5e-3cdf-9b17-af0796003c67): ты где блять
[14:36:36] LightNight010 (b404b429-ad5e-3cdf-9b17-af0796003c67): алё
[14:36:41] LightNight010 (b404b429-ad5e-3cdf-9b17-af0796003c67): просыпайся блять
[16:33:35] saikonohack (61d3e846-cfe0-3e5b-b41b-772c1020819e): 598 66 193
[16:35:11] ItsFartunaRu (87aa0b4c-629f-3cae-a9c4-787ca2fa3e21): блять нахуя вы зашли
[16:36:12] RunishYT (deb2ebb7-8562-3728-8ba8-ec800da9360c): пиздец вещи сетнули
[16:38:10] RunishYT (deb2ebb7-8562-3728-8ba8-ec800da9360c): Neon genesis Nanoxander
[16:41:07] RunishYT (deb2ebb7-8562-3728-8ba8-ec800da9360c): бля зевс въебал фартуку
[16:48:32] RunishYT (deb2ebb7-8562-3728-8ba8-ec800da9360c): не анигиляция а временные повреждения без разрушений
[16:49:05] RunishYT (deb2ebb7-8562-3728-8ba8-ec800da9360c): сацк тп
[16:49:24] RunishYT (deb2ebb7-8562-3728-8ba8-ec800da9360c): сп5 момент
[16:51:33] saikonohack (61d3e846-cfe0-3e5b-b41b-772c1020819e): 598 66 193
[16:51:49] RunishYT (deb2ebb7-8562-3728-8ba8-ec800da9360c): пиздец
[16:51:52] RunishYT (deb2ebb7-8562-3728-8ba8-ec800da9360c): сацк тп
[16:52:08] saikonohack (61d3e846-cfe0-3e5b-b41b-772c1020819e): зач
[17:08:33] ItsFartunaRu (87aa0b4c-629f-3cae-a9c4-787ca2fa3e21): БЛЯТЬ
[17:08:37] [CAPS] ItsFartunaRu (87aa0b4c-629f-3cae-a9c4-787ca2fa3e21): сайк рак блять
[17:10:10] ItsFartunaRu (87aa0b4c-629f-3cae-a9c4-787ca2fa3e21): ливни
[17:10:11] ItsFartunaRu (87aa0b4c-629f-3cae-a9c4-787ca2fa3e21): ливни
[17:10:11] ItsFartunaRu (87aa0b4c-629f-3cae-a9c4-787ca2fa3e21): ливни
[17:10:11] ItsFartunaRu (87aa0b4c-629f-3cae-a9c4-787ca2fa3e21): ливни
[17:10:12] ItsFartunaRu (87aa0b4c-629f-3cae-a9c4-787ca2fa3e21): ливни
[17:10:12] ItsFartunaRu (87aa0b4c-629f-3cae-a9c4-787ca2fa3e21): ливниее
[17:10:15] saikonohack (61d3e846-cfe0-3e5b-b41b-772c1020819e): сам
[17:10:17] saikonohack (61d3e846-cfe0-3e5b-b41b-772c1020819e): сам
[17:10:18] saikonohack (61d3e846-cfe0-3e5b-b41b-772c1020819e): сам
[17:10:18] saikonohack (61d3e846-cfe0-3e5b-b41b-772c1020819e): сам
[17:10:33] saikonohack (61d3e846-cfe0-3e5b-b41b-772c1020819e): те шо надо
[17:10:47] ItsFartunaRu (87aa0b4c-629f-3cae-a9c4-787ca2fa3e21): блятььььььььььььььь где половина ресов
[17:11:18] ItsFartunaRu (87aa0b4c-629f-3cae-a9c4-787ca2fa3e21): гг тима раков
[17:17:01] saikonohack (61d3e846-cfe0-3e5b-b41b-772c1020819e): бля, ливни пжпжпжпжп, ненадолг
[17:17:52] saikonohack (61d3e846-cfe0-3e5b-b41b-772c1020819e): бля, ливни пжпжпжпжп, ненадолг
[17:17:53] saikonohack (61d3e846-cfe0-3e5b-b41b-772c1020819e): бля, ливни пжпжпжпжп, ненадолг
[17:17:53] saikonohack (61d3e846-cfe0-3e5b-b41b-772c1020819e): бля, ливни пжпжпжпжп, ненадолг
[17:18:04] ItsFartunaRu (87aa0b4c-629f-3cae-a9c4-787ca2fa3e21): ливните вместе
[17:18:14] saikonohack (61d3e846-cfe0-3e5b-b41b-772c1020819e): ноу
[17:18:17] saikonohack (61d3e846-cfe0-3e5b-b41b-772c1020819e): ноу
[17:19:53] LightNight010 (b404b429-ad5e-3cdf-9b17-af0796003c67): чё за слойка
