[10:32:31] NightVizer (baecb933-9897-3b35-86a3-c2c9dd1004dd): прив
[10:33:17] GulgPlayer (a1c0ea2e-fe38-3c55-a100-bcde7e6529b1): привет
[10:33:20] GulgPlayer (a1c0ea2e-fe38-3c55-a100-bcde7e6529b1): привет
[10:35:48] NightVizer (baecb933-9897-3b35-86a3-c2c9dd1004dd): F
[10:36:06] NightVizer (baecb933-9897-3b35-86a3-c2c9dd1004dd): что
[10:36:31] GulgPlayer (a1c0ea2e-fe38-3c55-a100-bcde7e6529b1): эмм
[10:36:38] GulgPlayer (a1c0ea2e-fe38-3c55-a100-bcde7e6529b1): а как вернуться обратно
[10:36:43] GulgPlayer (a1c0ea2e-fe38-3c55-a100-bcde7e6529b1): ая в краю застрял
[10:36:45] NightVizer (baecb933-9897-3b35-86a3-c2c9dd1004dd): ээээээ это как ты туда попал.....
[10:37:03] GulgPlayer (a1c0ea2e-fe38-3c55-a100-bcde7e6529b1): не знаю
[10:37:09] GulgPlayer (a1c0ea2e-fe38-3c55-a100-bcde7e6529b1): ты админ?
[10:37:15] GulgPlayer (a1c0ea2e-fe38-3c55-a100-bcde7e6529b1): пропиши мне kill пж
[10:37:23] NightVizer (baecb933-9897-3b35-86a3-c2c9dd1004dd): ща друга админа возможно позову
[10:38:01] NightVizer (baecb933-9897-3b35-86a3-c2c9dd1004dd): я не админ
[10:38:07] GulgPlayer (a1c0ea2e-fe38-3c55-a100-bcde7e6529b1): ок
[10:38:13] GulgPlayer (a1c0ea2e-fe38-3c55-a100-bcde7e6529b1): жаль
[10:40:13] NightVizer (baecb933-9897-3b35-86a3-c2c9dd1004dd): а как ты туда попал?
[10:40:23] GulgPlayer (a1c0ea2e-fe38-3c55-a100-bcde7e6529b1): не знаю
[10:40:55] NightVizer (baecb933-9897-3b35-86a3-c2c9dd1004dd): честно я подумал что ты читер, ног уже пониаю что нет
[10:41:15] GulgPlayer (a1c0ea2e-fe38-3c55-a100-bcde7e6529b1): я крч
[10:41:23] GulgPlayer (a1c0ea2e-fe38-3c55-a100-bcde7e6529b1): на спавне захожу в адский портал
[10:41:35] GulgPlayer (a1c0ea2e-fe38-3c55-a100-bcde7e6529b1): а там какая-то штука яёрная была в незере
[10:41:42] GulgPlayer (a1c0ea2e-fe38-3c55-a100-bcde7e6529b1): я зашёл и попал в край
[10:43:21] NightVizer (baecb933-9897-3b35-86a3-c2c9dd1004dd): ахахахха класный ты спидранер, в энд быстрее дрима попал))))))
[10:43:32] GulgPlayer (a1c0ea2e-fe38-3c55-a100-bcde7e6529b1): лол
[10:45:16] GulgPlayer (a1c0ea2e-fe38-3c55-a100-bcde7e6529b1): а тут можно тепаться
[10:45:44] NightVizer (baecb933-9897-3b35-86a3-c2c9dd1004dd): нет, это же ванила
[10:45:54] GulgPlayer (a1c0ea2e-fe38-3c55-a100-bcde7e6529b1): ясно
[10:46:03] GulgPlayer (a1c0ea2e-fe38-3c55-a100-bcde7e6529b1): я уже продолбил 20 блоков рукой
[10:49:20] GulgPlayer (a1c0ea2e-fe38-3c55-a100-bcde7e6529b1): ураа
[10:49:25] GulgPlayer (a1c0ea2e-fe38-3c55-a100-bcde7e6529b1): прокопался
[10:49:35] NightVizer (baecb933-9897-3b35-86a3-c2c9dd1004dd): поздравляю)
[10:49:37] GulgPlayer (a1c0ea2e-fe38-3c55-a100-bcde7e6529b1): можно я к тебе приду?
[10:49:53] NightVizer (baecb933-9897-3b35-86a3-c2c9dd1004dd): а я как раз хотел энд проходить, щас браньку деляю
[10:49:59] NightVizer (baecb933-9897-3b35-86a3-c2c9dd1004dd): а ну
[10:50:06] NightVizer (baecb933-9897-3b35-86a3-c2c9dd1004dd): я так то в клане
[10:50:13] GulgPlayer (a1c0ea2e-fe38-3c55-a100-bcde7e6529b1): а, ок
[10:50:17] GulgPlayer (a1c0ea2e-fe38-3c55-a100-bcde7e6529b1): а, ок
[10:50:19] NightVizer (baecb933-9897-3b35-86a3-c2c9dd1004dd): " и яйцо хотел себе присвоить....
[10:50:38] GulgPlayer (a1c0ea2e-fe38-3c55-a100-bcde7e6529b1): а где лучше поселиться?
[10:51:20] NightVizer (baecb933-9897-3b35-86a3-c2c9dd1004dd): незнаю, у меня тоже дома нет, я просто готовлюсь к энду, потом построю дом, а пока незн
[10:52:45] GulgPlayer (a1c0ea2e-fe38-3c55-a100-bcde7e6529b1): а есть где-нибудь поселения
[10:54:04] GulgPlayer (a1c0ea2e-fe38-3c55-a100-bcde7e6529b1): ок
[10:54:04] NightVizer (baecb933-9897-3b35-86a3-c2c9dd1004dd): опа DiscordSRV подключили
[10:58:15] GulgPlayer (a1c0ea2e-fe38-3c55-a100-bcde7e6529b1): кто-нибудь будет ещё заходить
[10:59:45] GulgPlayer (a1c0ea2e-fe38-3c55-a100-bcde7e6529b1): а ты далеко от спавна
[10:59:58] NightVizer (baecb933-9897-3b35-86a3-c2c9dd1004dd): более 2000
[11:00:09] GulgPlayer (a1c0ea2e-fe38-3c55-a100-bcde7e6529b1): ок
[11:00:12] NightVizer (baecb933-9897-3b35-86a3-c2c9dd1004dd): кстати ты с пк?
[11:00:22] GulgPlayer (a1c0ea2e-fe38-3c55-a100-bcde7e6529b1): да
[11:05:10] GulgPlayer (a1c0ea2e-fe38-3c55-a100-bcde7e6529b1): поспи пж
[11:05:13] GulgPlayer (a1c0ea2e-fe38-3c55-a100-bcde7e6529b1): поспи пж
[11:05:19] GulgPlayer (a1c0ea2e-fe38-3c55-a100-bcde7e6529b1): неет
[11:05:23] GulgPlayer (a1c0ea2e-fe38-3c55-a100-bcde7e6529b1): неет мои попугаи
[11:07:48] NightVizer (baecb933-9897-3b35-86a3-c2c9dd1004dd): F
[11:07:53] GulgPlayer (a1c0ea2e-fe38-3c55-a100-bcde7e6529b1): F
[11:08:00] GulgPlayer (a1c0ea2e-fe38-3c55-a100-bcde7e6529b1): мои ресы :(
[11:08:08] GulgPlayer (a1c0ea2e-fe38-3c55-a100-bcde7e6529b1): у меня было 12 железа (((
[11:08:31] NightVizer (baecb933-9897-3b35-86a3-c2c9dd1004dd): я плохо играю, так что постипенно качаюсь
[11:18:00] GulgPlayer (a1c0ea2e-fe38-3c55-a100-bcde7e6529b1): пж поспи
[11:22:39] GulgPlayer (a1c0ea2e-fe38-3c55-a100-bcde7e6529b1): вот же я тупой человек
[11:22:44] NightVizer (baecb933-9897-3b35-86a3-c2c9dd1004dd): даммммм F
[11:25:22] GulgPlayer (a1c0ea2e-fe38-3c55-a100-bcde7e6529b1): ураа я нашёл вещи
[11:25:43] NightVizer (baecb933-9897-3b35-86a3-c2c9dd1004dd): отлично)
[11:25:56] NightVizer (baecb933-9897-3b35-86a3-c2c9dd1004dd): а я пойду
[11:25:58] NightVizer (baecb933-9897-3b35-86a3-c2c9dd1004dd): пока
[11:26:00] GulgPlayer (a1c0ea2e-fe38-3c55-a100-bcde7e6529b1): пока
[11:49:23] GulgPlayer (a1c0ea2e-fe38-3c55-a100-bcde7e6529b1): привет
[11:50:28] GulgPlayer (a1c0ea2e-fe38-3c55-a100-bcde7e6529b1): привет
[11:50:31] Bradly378 (9ab93dfb-1454-3bb1-b47f-700f714534a9): I joined using ChatCraft from my Android device! Download it for free!
[11:50:37] Bradly378 (9ab93dfb-1454-3bb1-b47f-700f714534a9): ку
[11:51:02] Bradly378 (9ab93dfb-1454-3bb1-b47f-700f714534a9): пиши всегда в обычный чат в дс а не в live я там никогда отвечать не буду
[11:51:10] GulgPlayer (a1c0ea2e-fe38-3c55-a100-bcde7e6529b1): ок
[11:51:12] GulgPlayer (a1c0ea2e-fe38-3c55-a100-bcde7e6529b1): ок
[11:51:18] GulgPlayer (a1c0ea2e-fe38-3c55-a100-bcde7e6529b1): а ты кто
[11:51:22] Bradly378 (9ab93dfb-1454-3bb1-b47f-700f714534a9): Bradly
[11:51:27] Bradly378 (9ab93dfb-1454-3bb1-b47f-700f714534a9): Bradly
[11:51:35] Bradly378 (9ab93dfb-1454-3bb1-b47f-700f714534a9): Очевидно же
[11:52:07] GulgPlayer (a1c0ea2e-fe38-3c55-a100-bcde7e6529b1): го вместе будем
[11:52:11] GulgPlayer (a1c0ea2e-fe38-3c55-a100-bcde7e6529b1): выживать
[11:52:22] GulgPlayer (a1c0ea2e-fe38-3c55-a100-bcde7e6529b1): я могу приютить
[11:52:25] Bradly378 (9ab93dfb-1454-3bb1-b47f-700f714534a9): не я щас закинул 2 пацанов,
[11:52:32] GulgPlayer (a1c0ea2e-fe38-3c55-a100-bcde7e6529b1): ок
[11:54:07] Bradly378 (9ab93dfb-1454-3bb1-b47f-700f714534a9): чат крафт
[11:54:19] Bradly378 (9ab93dfb-1454-3bb1-b47f-700f714534a9): чат крафт, кста чекни репетиторскую
[11:54:30] Bradly378 (9ab93dfb-1454-3bb1-b47f-700f714534a9): ладна
[12:00:43] GulgPlayer (a1c0ea2e-fe38-3c55-a100-bcde7e6529b1): прив
[12:00:48] NightVizer (baecb933-9897-3b35-86a3-c2c9dd1004dd): прив
[12:01:56] NightVizer (baecb933-9897-3b35-86a3-c2c9dd1004dd): умерал ?
[12:02:02] GulgPlayer (a1c0ea2e-fe38-3c55-a100-bcde7e6529b1): нет)
[12:02:15] NightVizer (baecb933-9897-3b35-86a3-c2c9dd1004dd): хорошь)
[12:02:23] NightVizer (baecb933-9897-3b35-86a3-c2c9dd1004dd): в незер заходил?
[12:02:31] GulgPlayer (a1c0ea2e-fe38-3c55-a100-bcde7e6529b1): неа
[12:03:09] NightVizer (baecb933-9897-3b35-86a3-c2c9dd1004dd): )))))
[12:03:25] GulgPlayer (a1c0ea2e-fe38-3c55-a100-bcde7e6529b1): я приглашаю тебя в гости
[12:03:40] NightVizer (baecb933-9897-3b35-86a3-c2c9dd1004dd): куда?
[12:03:52] GulgPlayer (a1c0ea2e-fe38-3c55-a100-bcde7e6529b1): к себе домой
[12:03:56] GulgPlayer (a1c0ea2e-fe38-3c55-a100-bcde7e6529b1): щас корды скину
[12:04:13] NightVizer (baecb933-9897-3b35-86a3-c2c9dd1004dd): не я двлеко, и я хочу дракона грохнуть....
[12:04:22] GulgPlayer (a1c0ea2e-fe38-3c55-a100-bcde7e6529b1): ок
[12:04:29] NightVizer (baecb933-9897-3b35-86a3-c2c9dd1004dd): но спасибо)
[12:23:47] NightVizer (baecb933-9897-3b35-86a3-c2c9dd1004dd): привет
[12:24:24] RunishYT (deb2ebb7-8562-3728-8ba8-ec800da9360c): Эххх родная Чечня
[12:24:31] RunishYT (deb2ebb7-8562-3728-8ba8-ec800da9360c): Эххх родная Чечня
[12:24:56] RunishYT (deb2ebb7-8562-3728-8ba8-ec800da9360c): ты кто такая?
[12:25:17] RunishYT (deb2ebb7-8562-3728-8ba8-ec800da9360c): Нахуя ты ушло 14 лет назад?
[12:25:24] RunishYT (deb2ebb7-8562-3728-8ba8-ec800da9360c): Нахуя ты ушло 14 лет назад?
[12:25:57] RunishYT (deb2ebb7-8562-3728-8ba8-ec800da9360c): Но я тогда еще не родился.....
[12:27:00] RunishYT (deb2ebb7-8562-3728-8ba8-ec800da9360c): Ты искал лучший хлеб в мире? обошел все пекарни света чтобы найти один единственный
[12:27:41] RunishYT (deb2ebb7-8562-3728-8ba8-ec800da9360c): ты обошел все пекарни мира чтобы найти тот самый единственный?
[12:29:51] RunishYT (deb2ebb7-8562-3728-8ba8-ec800da9360c): бляяяя не еби сука
[12:30:12] RunishYT (deb2ebb7-8562-3728-8ba8-ec800da9360c): !мир бесконечен да?
[12:30:20] Exren3588 (6c446cc9-8057-3d23-bf8e-87a39b8040c4): нет
[12:30:25] RunishYT (deb2ebb7-8562-3728-8ba8-ec800da9360c): биля
[12:32:39] NightVizer (baecb933-9897-3b35-86a3-c2c9dd1004dd): f
[12:32:41] GulgPlayer (a1c0ea2e-fe38-3c55-a100-bcde7e6529b1): дом горит
[12:32:42] NightVizer (baecb933-9897-3b35-86a3-c2c9dd1004dd): fdgd
[12:32:44] GulgPlayer (a1c0ea2e-fe38-3c55-a100-bcde7e6529b1): аааа
[12:34:12] GulgPlayer (a1c0ea2e-fe38-3c55-a100-bcde7e6529b1): f
[12:34:19] NightVizer (baecb933-9897-3b35-86a3-c2c9dd1004dd): f
[12:34:29] RunishYT (deb2ebb7-8562-3728-8ba8-ec800da9360c): я специально
[12:36:04] RunishYT (deb2ebb7-8562-3728-8ba8-ec800da9360c): ухади
[12:36:13] GulgPlayer (a1c0ea2e-fe38-3c55-a100-bcde7e6529b1): куда
[12:36:21] Exren3588 (6c446cc9-8057-3d23-bf8e-87a39b8040c4): ахахха
[12:38:15] RunishYT (deb2ebb7-8562-3728-8ba8-ec800da9360c): я же играю
[12:38:19] RunishYT (deb2ebb7-8562-3728-8ba8-ec800da9360c): не логает
[12:38:35] RunishYT (deb2ebb7-8562-3728-8ba8-ec800da9360c): купи блять
[12:38:38] GulgPlayer (a1c0ea2e-fe38-3c55-a100-bcde7e6529b1): зачем людей оскорбляешь
[12:38:48] GulgPlayer (a1c0ea2e-fe38-3c55-a100-bcde7e6529b1): ты ж админ
[12:38:52] RunishYT (deb2ebb7-8562-3728-8ba8-ec800da9360c): рял
[12:39:16] NightVizer (baecb933-9897-3b35-86a3-c2c9dd1004dd): ненормальный админ....... да на мойём серве лучше было
[12:39:25] RunishYT (deb2ebb7-8562-3728-8ba8-ec800da9360c): рял
[12:39:27] GulgPlayer (a1c0ea2e-fe38-3c55-a100-bcde7e6529b1): выдай теперь ему стак алмазов как извинение))
[12:39:34] RunishYT (deb2ebb7-8562-3728-8ba8-ec800da9360c): рял
[12:39:59] Exren3588 (6c446cc9-8057-3d23-bf8e-87a39b8040c4): руниш раб, ему алмазы не полагаются
[12:40:10] RunishYT (deb2ebb7-8562-3728-8ba8-ec800da9360c): да ты чо
[12:40:14] GulgPlayer (a1c0ea2e-fe38-3c55-a100-bcde7e6529b1): ну ладно
[12:40:15] RunishYT (deb2ebb7-8562-3728-8ba8-ec800da9360c): бляяяяяяяяааааааауууу
[12:40:21] GulgPlayer (a1c0ea2e-fe38-3c55-a100-bcde7e6529b1): дай хотя-бы мне тогда одну шерсть
[12:40:34] GulgPlayer (a1c0ea2e-fe38-3c55-a100-bcde7e6529b1): или овцу заспавни
[12:40:37] GulgPlayer (a1c0ea2e-fe38-3c55-a100-bcde7e6529b1): или овцу заспавни
[12:40:40] GulgPlayer (a1c0ea2e-fe38-3c55-a100-bcde7e6529b1): )))
[12:40:54] GulgPlayer (a1c0ea2e-fe38-3c55-a100-bcde7e6529b1): эмммм
[12:40:55] RunishYT (deb2ebb7-8562-3728-8ba8-ec800da9360c): оу майн щит
[12:41:00] GulgPlayer (a1c0ea2e-fe38-3c55-a100-bcde7e6529b1): ну круто
[12:41:04] GulgPlayer (a1c0ea2e-fe38-3c55-a100-bcde7e6529b1): поздравляю
[12:41:09] GulgPlayer (a1c0ea2e-fe38-3c55-a100-bcde7e6529b1): мне бы так
[12:41:16] RunishYT (deb2ebb7-8562-3728-8ba8-ec800da9360c): наконец-то выкопал клад
[12:41:30] GulgPlayer (a1c0ea2e-fe38-3c55-a100-bcde7e6529b1): сколько алмазов?
[12:41:39] RunishYT (deb2ebb7-8562-3728-8ba8-ec800da9360c): целых 2
[12:41:46] GulgPlayer (a1c0ea2e-fe38-3c55-a100-bcde7e6529b1): круто
[12:41:53] GulgPlayer (a1c0ea2e-fe38-3c55-a100-bcde7e6529b1): а я овцу ищу
[12:43:16] GulgPlayer (a1c0ea2e-fe38-3c55-a100-bcde7e6529b1): руниш, а где ты
[12:43:24] GulgPlayer (a1c0ea2e-fe38-3c55-a100-bcde7e6529b1): го трейд
[12:43:29] RunishYT (deb2ebb7-8562-3728-8ba8-ec800da9360c): на острове
[12:43:35] GulgPlayer (a1c0ea2e-fe38-3c55-a100-bcde7e6529b1): ?
[12:44:03] RunishYT (deb2ebb7-8562-3728-8ba8-ec800da9360c): Sorry link i can't give credit
[12:44:10] GulgPlayer (a1c0ea2e-fe38-3c55-a100-bcde7e6529b1): жаль
[12:44:16] GulgPlayer (a1c0ea2e-fe38-3c55-a100-bcde7e6529b1): а я так хотел кредит
[12:44:22] RunishYT (deb2ebb7-8562-3728-8ba8-ec800da9360c): а что ты мне
[12:44:29] RunishYT (deb2ebb7-8562-3728-8ba8-ec800da9360c): а что ты мне предложишь??
[12:44:35] GulgPlayer (a1c0ea2e-fe38-3c55-a100-bcde7e6529b1): ты мне шерсть, а я тебе...
[12:44:41] GulgPlayer (a1c0ea2e-fe38-3c55-a100-bcde7e6529b1): щас посмотрю что есть
[12:44:49] RunishYT (deb2ebb7-8562-3728-8ba8-ec800da9360c): я дам тебе шерсть
[12:44:56] GulgPlayer (a1c0ea2e-fe38-3c55-a100-bcde7e6529b1): я тебе установлю и задекорирую генератор булыги
[12:45:04] RunishYT (deb2ebb7-8562-3728-8ba8-ec800da9360c): но взамен ты должен принести мне талисманы леди баг и супер кота
[12:45:11] GulgPlayer (a1c0ea2e-fe38-3c55-a100-bcde7e6529b1): ок
[12:45:37] GulgPlayer (a1c0ea2e-fe38-3c55-a100-bcde7e6529b1): всм
[12:45:44] NightVizer (baecb933-9897-3b35-86a3-c2c9dd1004dd): +
[12:45:55] GulgPlayer (a1c0ea2e-fe38-3c55-a100-bcde7e6529b1): какой канал
[12:46:04] NightVizer (baecb933-9897-3b35-86a3-c2c9dd1004dd): ахахаха
[12:46:14] RunishYT (deb2ebb7-8562-3728-8ba8-ec800da9360c): Какой еще
[12:46:22] RunishYT (deb2ebb7-8562-3728-8ba8-ec800da9360c): Какой еще Алан?
[12:47:19] NightVizer (baecb933-9897-3b35-86a3-c2c9dd1004dd): прив
[12:47:30] NightVizer (baecb933-9897-3b35-86a3-c2c9dd1004dd): я уже палки фармлю
[12:47:35] NightVizer (baecb933-9897-3b35-86a3-c2c9dd1004dd): хочу на драгона
[12:47:57] NightVizer (baecb933-9897-3b35-86a3-c2c9dd1004dd): жаль(
[12:48:03] NightVizer (baecb933-9897-3b35-86a3-c2c9dd1004dd): огэ?
[13:29:21] NightVizer (baecb933-9897-3b35-86a3-c2c9dd1004dd): f
[13:29:30] GulgPlayer (a1c0ea2e-fe38-3c55-a100-bcde7e6529b1): да ужж
[15:00:18] GulgPlayer (a1c0ea2e-fe38-3c55-a100-bcde7e6529b1): ребят
[15:00:27] GulgPlayer (a1c0ea2e-fe38-3c55-a100-bcde7e6529b1): кому нужны кровати и еда
[15:00:34] GOLDENDUSST (a0ee3527-abbd-3f28-bd2e-ff7c77b23497): Не спасиб
[15:00:37] GulgPlayer (a1c0ea2e-fe38-3c55-a100-bcde7e6529b1): продам недорого
[15:00:40] RunishYT (deb2ebb7-8562-3728-8ba8-ec800da9360c): точно не бомжам
[15:00:43] GOLDENDUSST (a0ee3527-abbd-3f28-bd2e-ff7c77b23497): Не
[15:03:34] GulgPlayer (a1c0ea2e-fe38-3c55-a100-bcde7e6529b1): стак хлеба 16 железа
[15:03:37] GulgPlayer (a1c0ea2e-fe38-3c55-a100-bcde7e6529b1): стак хлеба 16 железа
[15:03:42] GulgPlayer (a1c0ea2e-fe38-3c55-a100-bcde7e6529b1): точно не надо?
[15:05:14] GulgPlayer (a1c0ea2e-fe38-3c55-a100-bcde7e6529b1): а
[15:05:16] GulgPlayer (a1c0ea2e-fe38-3c55-a100-bcde7e6529b1): f
[15:19:02] GulgPlayer (a1c0ea2e-fe38-3c55-a100-bcde7e6529b1): требуется работник
[15:19:08] GulgPlayer (a1c0ea2e-fe38-3c55-a100-bcde7e6529b1): выкопать гору
[15:19:10] GulgPlayer (a1c0ea2e-fe38-3c55-a100-bcde7e6529b1): выкопать гору
[15:19:17] GulgPlayer (a1c0ea2e-fe38-3c55-a100-bcde7e6529b1): заплачу чем смогу
[15:19:21] GOLDENDUSST (a0ee3527-abbd-3f28-bd2e-ff7c77b23497): Охуеть
[15:19:22] GulgPlayer (a1c0ea2e-fe38-3c55-a100-bcde7e6529b1): договоримся потом
[15:19:26] GOLDENDUSST (a0ee3527-abbd-3f28-bd2e-ff7c77b23497): Ахуеть
[15:19:32] GOLDENDUSST (a0ee3527-abbd-3f28-bd2e-ff7c77b23497): Целую гору нахуй
[15:19:59] GulgPlayer (a1c0ea2e-fe38-3c55-a100-bcde7e6529b1): нет
[15:20:03] GulgPlayer (a1c0ea2e-fe38-3c55-a100-bcde7e6529b1): не целую гору
[15:20:04] RunishYT (deb2ebb7-8562-3728-8ba8-ec800da9360c): го лучше скрафтим атомную бомбу
[15:20:09] GulgPlayer (a1c0ea2e-fe38-3c55-a100-bcde7e6529b1): а выкопать дыру в горе
[15:20:12] RunishYT (deb2ebb7-8562-3728-8ba8-ec800da9360c): и скинем на Украину
[15:20:18] GulgPlayer (a1c0ea2e-fe38-3c55-a100-bcde7e6529b1): кста реально динамит тема
[15:25:41] GulgPlayer (a1c0ea2e-fe38-3c55-a100-bcde7e6529b1): ну реально мне только дыру выкопать надо
[15:25:46] GulgPlayer (a1c0ea2e-fe38-3c55-a100-bcde7e6529b1): я заплачу
[15:25:59] RunishYT (deb2ebb7-8562-3728-8ba8-ec800da9360c): но у тебя ничего нет....
[15:35:44] GulgPlayer (a1c0ea2e-fe38-3c55-a100-bcde7e6529b1): сервер топ, но актива нет
[15:35:50] GulgPlayer (a1c0ea2e-fe38-3c55-a100-bcde7e6529b1): ((
[15:37:40] RunishYT (deb2ebb7-8562-3728-8ba8-ec800da9360c): кто это?
[15:37:41] GulgPlayer (a1c0ea2e-fe38-3c55-a100-bcde7e6529b1): прив
[15:37:45] GulgPlayer (a1c0ea2e-fe38-3c55-a100-bcde7e6529b1): это брэдли
[15:37:54] RunishYT (deb2ebb7-8562-3728-8ba8-ec800da9360c): нн какой-то
[15:37:58] GOLDENDUSST (a0ee3527-abbd-3f28-bd2e-ff7c77b23497): Согл
[15:38:04] GOLDENDUSST (a0ee3527-abbd-3f28-bd2e-ff7c77b23497): Согл
[15:39:00] RunishYT (deb2ebb7-8562-3728-8ba8-ec800da9360c): нихуя
[15:39:02] Bradly378 (9ab93dfb-1454-3bb1-b47f-700f714534a9): драсти
[15:39:06] GOLDENDUSST (a0ee3527-abbd-3f28-bd2e-ff7c77b23497): гриф
[15:39:06] GulgPlayer (a1c0ea2e-fe38-3c55-a100-bcde7e6529b1): f
[15:39:13] Bradly378 (9ab93dfb-1454-3bb1-b47f-700f714534a9): пиздц
[15:39:16] RunishYT (deb2ebb7-8562-3728-8ba8-ec800da9360c): как ты админа призвал?
[15:39:39] GOLDENDUSST (a0ee3527-abbd-3f28-bd2e-ff7c77b23497): Я размножаюсь почкованием
[15:39:45] GOLDENDUSST (a0ee3527-abbd-3f28-bd2e-ff7c77b23497): сын
[15:40:19] RunishYT (deb2ebb7-8562-3728-8ba8-ec800da9360c): сэр
[15:40:23] RunishYT (deb2ebb7-8562-3728-8ba8-ec800da9360c): гейсэр удалят?
[15:40:30] Bradly378 (9ab93dfb-1454-3bb1-b47f-700f714534a9): никагда
[15:40:43] RunishYT (deb2ebb7-8562-3728-8ba8-ec800da9360c): ты чо ахуел?
[15:40:45] Bradly378 (9ab93dfb-1454-3bb1-b47f-700f714534a9): в дс иди сама абобус
[15:40:47] GOLDENDUSST (a0ee3527-abbd-3f28-bd2e-ff7c77b23497): Фу
[15:40:52] Bradly378 (9ab93dfb-1454-3bb1-b47f-700f714534a9): в дс иди сама абобус
[15:41:18] Bradly378 (9ab93dfb-1454-3bb1-b47f-700f714534a9): там весело уверяю опять пиздц просиходит
[15:41:20] RunishYT (deb2ebb7-8562-3728-8ba8-ec800da9360c): наелся и спит
[15:42:01] RunishYT (deb2ebb7-8562-3728-8ba8-ec800da9360c): пастрои намдэмун
[15:42:39] GOLDENDUSST (a0ee3527-abbd-3f28-bd2e-ff7c77b23497): +Спавнер скелетов
[15:44:47] GOLDENDUSST (a0ee3527-abbd-3f28-bd2e-ff7c77b23497): Остановись
[15:44:50] GOLDENDUSST (a0ee3527-abbd-3f28-bd2e-ff7c77b23497): Таджик
[15:45:02] GOLDENDUSST (a0ee3527-abbd-3f28-bd2e-ff7c77b23497): Биля моя дочь
[15:45:13] GOLDENDUSST (a0ee3527-abbd-3f28-bd2e-ff7c77b23497): Ты украл мою дочь и хотел жениться
[15:45:15] Bradly378 (9ab93dfb-1454-3bb1-b47f-700f714534a9): це ваше
[15:45:28] RunishYT (deb2ebb7-8562-3728-8ba8-ec800da9360c): ясно хохол
[15:45:34] GulgPlayer (a1c0ea2e-fe38-3c55-a100-bcde7e6529b1): у кого нибудь есть редстоун?
[15:45:46] Bradly378 (9ab93dfb-1454-3bb1-b47f-700f714534a9): вы видите урон при ударах?
[15:45:50] GOLDENDUSST (a0ee3527-abbd-3f28-bd2e-ff7c77b23497): да
[15:45:51] RunishYT (deb2ebb7-8562-3728-8ba8-ec800da9360c): да
[15:45:57] Bradly378 (9ab93dfb-1454-3bb1-b47f-700f714534a9): гуд
[15:46:27] GOLDENDUSST (a0ee3527-abbd-3f28-bd2e-ff7c77b23497): секс
[15:46:32] RunishYT (deb2ebb7-8562-3728-8ba8-ec800da9360c): ибетес??
[15:46:56] GOLDENDUSST (a0ee3527-abbd-3f28-bd2e-ff7c77b23497): аахххх
[15:47:12] GOLDENDUSST (a0ee3527-abbd-3f28-bd2e-ff7c77b23497): cum
[15:47:12] RunishYT (deb2ebb7-8562-3728-8ba8-ec800da9360c): таджик украл твою дочь и убил ее и ее отец решил отомстить убийце
[15:47:51] RunishYT (deb2ebb7-8562-3728-8ba8-ec800da9360c): и тут приходит друг дочери
[15:48:04] RunishYT (deb2ebb7-8562-3728-8ba8-ec800da9360c): и начинаетсятроиничок
[15:48:37] Bradly378 (9ab93dfb-1454-3bb1-b47f-700f714534a9): ебите её
[15:48:38] [CAPS] RunishYT (deb2ebb7-8562-3728-8ba8-ec800da9360c): аааа пчел
[15:48:44] GOLDENDUSST (a0ee3527-abbd-3f28-bd2e-ff7c77b23497): пчел
[15:48:51] Bradly378 (9ab93dfb-1454-3bb1-b47f-700f714534a9): её ебать нада
[15:48:53] GOLDENDUSST (a0ee3527-abbd-3f28-bd2e-ff7c77b23497): ай биля
[15:48:54] Bradly378 (9ab93dfb-1454-3bb1-b47f-700f714534a9): п жопу
[15:49:03] Bradly378 (9ab93dfb-1454-3bb1-b47f-700f714534a9): леее шо творит
[15:49:24] Bradly378 (9ab93dfb-1454-3bb1-b47f-700f714534a9): хатите прикол
[15:50:03] Bradly378 (9ab93dfb-1454-3bb1-b47f-700f714534a9): tabtps toggle bossbar
[15:50:21] RunishYT (deb2ebb7-8562-3728-8ba8-ec800da9360c): биля соре я ничаено тебя захуярил
[15:50:22] GulgPlayer (a1c0ea2e-fe38-3c55-a100-bcde7e6529b1): урааа целых 4
[15:50:42] GOLDENDUSST (a0ee3527-abbd-3f28-bd2e-ff7c77b23497): а у меня 14 см
[15:50:59] RunishYT (deb2ebb7-8562-3728-8ba8-ec800da9360c): Сука я обосрался
[15:51:01] GOLDENDUSST (a0ee3527-abbd-3f28-bd2e-ff7c77b23497): невероятная магия чеченца
[15:51:21] RunishYT (deb2ebb7-8562-3728-8ba8-ec800da9360c): Маг Чорт Очка
[15:51:28] GOLDENDUSST (a0ee3527-abbd-3f28-bd2e-ff7c77b23497): Мы слишком мало знаем он мультивселенной
[15:52:46] Bradly378 (9ab93dfb-1454-3bb1-b47f-700f714534a9): tabtps toggle bossbar
[15:53:00] GOLDENDUSST (a0ee3527-abbd-3f28-bd2e-ff7c77b23497): че
[15:53:37] RunishYT (deb2ebb7-8562-3728-8ba8-ec800da9360c): призови гифку с дэкакой
[15:53:50] RunishYT (deb2ebb7-8562-3728-8ba8-ec800da9360c): Спи
[15:53:51] RunishYT (deb2ebb7-8562-3728-8ba8-ec800da9360c): Спи
[15:53:52] RunishYT (deb2ebb7-8562-3728-8ba8-ec800da9360c): Спи
[15:53:52] RunishYT (deb2ebb7-8562-3728-8ba8-ec800da9360c): Спи
[15:54:47] GulgPlayer (a1c0ea2e-fe38-3c55-a100-bcde7e6529b1): ребят
[15:54:53] Bradly378 (9ab93dfb-1454-3bb1-b47f-700f714534a9): ?
[15:54:54] GulgPlayer (a1c0ea2e-fe38-3c55-a100-bcde7e6529b1): как думаете крафтить алм кирку
[15:54:57] GulgPlayer (a1c0ea2e-fe38-3c55-a100-bcde7e6529b1): или нет
[15:55:05] Bradly378 (9ab93dfb-1454-3bb1-b47f-700f714534a9): всегда 1 делом да
[15:55:11] RunishYT (deb2ebb7-8562-3728-8ba8-ec800da9360c): нэт
[15:55:17] RunishYT (deb2ebb7-8562-3728-8ba8-ec800da9360c): сначало жителей
[15:57:23] Bradly378 (9ab93dfb-1454-3bb1-b47f-700f714534a9): аайайайайайай
[15:57:25] Bradly378 (9ab93dfb-1454-3bb1-b47f-700f714534a9): уф
[15:57:41] GOLDENDUSST (a0ee3527-abbd-3f28-bd2e-ff7c77b23497): Админ сдох кайфуем пацаны
[15:57:53] GOLDENDUSST (a0ee3527-abbd-3f28-bd2e-ff7c77b23497): Админ сдох кайфуем пацаны
[15:58:16] Bradly378 (9ab93dfb-1454-3bb1-b47f-700f714534a9): ff[f[f[f
[15:58:18] Bradly378 (9ab93dfb-1454-3bb1-b47f-700f714534a9): лох
[15:58:25] Bradly378 (9ab93dfb-1454-3bb1-b47f-700f714534a9): 3 крипака хааха
[15:58:27] Bradly378 (9ab93dfb-1454-3bb1-b47f-700f714534a9): 2
[15:59:31] Bradly378 (9ab93dfb-1454-3bb1-b47f-700f714534a9): какой крутой
[15:59:42] RunishYT (deb2ebb7-8562-3728-8ba8-ec800da9360c): да
[16:00:12] Bradly378 (9ab93dfb-1454-3bb1-b47f-700f714534a9): помоему вы шото проебали
[16:00:31] GulgPlayer (a1c0ea2e-fe38-3c55-a100-bcde7e6529b1): что
[16:00:45] RunishYT (deb2ebb7-8562-3728-8ba8-ec800da9360c): одни шизики
[16:01:00] GulgPlayer (a1c0ea2e-fe38-3c55-a100-bcde7e6529b1): и не говори
[16:01:16] GOLDENDUSST (a0ee3527-abbd-3f28-bd2e-ff7c77b23497): Вам тоже опыт выдаётся?
[16:01:22] GulgPlayer (a1c0ea2e-fe38-3c55-a100-bcde7e6529b1): да
[16:01:28] GulgPlayer (a1c0ea2e-fe38-3c55-a100-bcde7e6529b1): у меня был 2 уровень
[16:01:31] GulgPlayer (a1c0ea2e-fe38-3c55-a100-bcde7e6529b1): а стал 10
[16:05:52] GOLDENDUSST (a0ee3527-abbd-3f28-bd2e-ff7c77b23497): Сперма
[16:05:55] GOLDENDUSST (a0ee3527-abbd-3f28-bd2e-ff7c77b23497): Накамили
[16:06:14] GOLDENDUSST (a0ee3527-abbd-3f28-bd2e-ff7c77b23497): Ямете кудасай
[16:06:15] RunishYT (deb2ebb7-8562-3728-8ba8-ec800da9360c): блять где ресы
[16:06:20] RunishYT (deb2ebb7-8562-3728-8ba8-ec800da9360c): блять где ресы??
[16:06:58] Bradly378 (9ab93dfb-1454-3bb1-b47f-700f714534a9): всёх всё в сервере устраивает?
[16:07:03] GulgPlayer (a1c0ea2e-fe38-3c55-a100-bcde7e6529b1): меня да
[16:07:06] RunishYT (deb2ebb7-8562-3728-8ba8-ec800da9360c): нет
[16:07:21] RunishYT (deb2ebb7-8562-3728-8ba8-ec800da9360c): Было бы славно если бы мне дали креатив
[16:08:50] RunishYT (deb2ebb7-8562-3728-8ba8-ec800da9360c): верни яйцо дракона бредли
[16:08:57] RunishYT (deb2ebb7-8562-3728-8ba8-ec800da9360c): ты его украл
[16:09:09] RunishYT (deb2ebb7-8562-3728-8ba8-ec800da9360c): давай
[16:09:24] RunishYT (deb2ebb7-8562-3728-8ba8-ec800da9360c): Бляяяяять
[16:09:28] RunishYT (deb2ebb7-8562-3728-8ba8-ec800da9360c): Бляяяяяяяяяяяять
[16:09:33] GulgPlayer (a1c0ea2e-fe38-3c55-a100-bcde7e6529b1): что
[16:09:35] RunishYT (deb2ebb7-8562-3728-8ba8-ec800da9360c): Он спермит на куриц
[16:09:42] GulgPlayer (a1c0ea2e-fe38-3c55-a100-bcde7e6529b1): кто
[16:09:49] RunishYT (deb2ebb7-8562-3728-8ba8-ec800da9360c): брэбля
[16:10:03] GulgPlayer (a1c0ea2e-fe38-3c55-a100-bcde7e6529b1): ну молодец
[16:10:08] RunishYT (deb2ebb7-8562-3728-8ba8-ec800da9360c): блять еблан свиночеловек же родиться
[16:10:08] GulgPlayer (a1c0ea2e-fe38-3c55-a100-bcde7e6529b1): зато яйца будут
[16:10:25] GOLDENDUSST (a0ee3527-abbd-3f28-bd2e-ff7c77b23497): Ты чё админа петухом назвал
[16:10:37] RunishYT (deb2ebb7-8562-3728-8ba8-ec800da9360c): можно сказать и так
[16:10:44] GOLDENDUSST (a0ee3527-abbd-3f28-bd2e-ff7c77b23497): Ладно
[16:11:13] Bradly378 (9ab93dfb-1454-3bb1-b47f-700f714534a9): бойтесь
[16:11:19] RunishYT (deb2ebb7-8562-3728-8ba8-ec800da9360c): бляяяь
[16:11:28] Bradly378 (9ab93dfb-1454-3bb1-b47f-700f714534a9): даже голема 1 тычкой
[16:11:36] RunishYT (deb2ebb7-8562-3728-8ba8-ec800da9360c): пахую
[16:11:45] Bradly378 (9ab93dfb-1454-3bb1-b47f-700f714534a9): а визера тоже но визер просто на зельки не реагирует
[16:12:06] GOLDENDUSST (a0ee3527-abbd-3f28-bd2e-ff7c77b23497): кинь на меня
[16:12:08] RunishYT (deb2ebb7-8562-3728-8ba8-ec800da9360c): го раз на раз я тебя размотаю
[16:13:40] RunishYT (deb2ebb7-8562-3728-8ba8-ec800da9360c): это мэнхант
[16:14:57] RunishYT (deb2ebb7-8562-3728-8ba8-ec800da9360c): бляяяять я урод
[16:15:05] GOLDENDUSST (a0ee3527-abbd-3f28-bd2e-ff7c77b23497): ахуел
[16:15:09] GulgPlayer (a1c0ea2e-fe38-3c55-a100-bcde7e6529b1): сочувствую
[16:15:32] RunishYT (deb2ebb7-8562-3728-8ba8-ec800da9360c): брэдли исправь это недоразумение уеби его болгаркой
[16:16:00] GulgPlayer (a1c0ea2e-fe38-3c55-a100-bcde7e6529b1): да что у вас там
[16:16:24] GulgPlayer (a1c0ea2e-fe38-3c55-a100-bcde7e6529b1): ват
[16:16:27] GulgPlayer (a1c0ea2e-fe38-3c55-a100-bcde7e6529b1): ты админ?
[16:16:34] Bradly378 (9ab93dfb-1454-3bb1-b47f-700f714534a9): эта намана они всё время пиздятся и срутся вот уже на протяжении года
[16:16:37] Bradly378 (9ab93dfb-1454-3bb1-b47f-700f714534a9): да
[16:16:41] GOLDENDUSST (a0ee3527-abbd-3f28-bd2e-ff7c77b23497): Я уебал бребли и из-за бага когда надеваешь голову бребли берётся твой скин
[16:16:43] GulgPlayer (a1c0ea2e-fe38-3c55-a100-bcde7e6529b1): ясно
[16:16:48] GulgPlayer (a1c0ea2e-fe38-3c55-a100-bcde7e6529b1): ну держи хлебушек
[16:16:52] GulgPlayer (a1c0ea2e-fe38-3c55-a100-bcde7e6529b1): подарок
[16:17:30] GulgPlayer (a1c0ea2e-fe38-3c55-a100-bcde7e6529b1): зачем ты в маяк залез
[16:17:36] Bradly378 (9ab93dfb-1454-3bb1-b47f-700f714534a9): просто
[16:17:44] GulgPlayer (a1c0ea2e-fe38-3c55-a100-bcde7e6529b1): го экскурсию
[16:17:49] GulgPlayer (a1c0ea2e-fe38-3c55-a100-bcde7e6529b1): это порт
[16:17:57] GulgPlayer (a1c0ea2e-fe38-3c55-a100-bcde7e6529b1): здесь можно припарковать лодку
[16:18:05] GulgPlayer (a1c0ea2e-fe38-3c55-a100-bcde7e6529b1): тут моя ферма
[16:18:10] GulgPlayer (a1c0ea2e-fe38-3c55-a100-bcde7e6529b1): а это отель
[16:18:18] Bradly378 (9ab93dfb-1454-3bb1-b47f-700f714534a9): воу 5 *
[16:18:19] main_PROBROVOVA (32124029-38f0-3378-abc8-3450cef05c3c): А муха тоже вертолет но без коробки передач
[16:18:22] GulgPlayer (a1c0ea2e-fe38-3c55-a100-bcde7e6529b1): спс
[16:18:30] GOLDENDUSST (a0ee3527-abbd-3f28-bd2e-ff7c77b23497): Я гомогей
[16:18:54] main_PROBROVOVA (32124029-38f0-3378-abc8-3450cef05c3c): Я футбольный мячик
[16:19:19] RunishYT (deb2ebb7-8562-3728-8ba8-ec800da9360c): Я чеченец
[16:19:25] RunishYT (deb2ebb7-8562-3728-8ba8-ec800da9360c): Меня звать Алан
[16:19:43] main_PROBROVOVA (32124029-38f0-3378-abc8-3450cef05c3c): Вова
[16:19:52] GulgPlayer (a1c0ea2e-fe38-3c55-a100-bcde7e6529b1): я диктор канала мастерская настроения
[16:19:55] RunishYT (deb2ebb7-8562-3728-8ba8-ec800da9360c): Нет Алан
[16:20:41] main_PROBROVOVA (32124029-38f0-3378-abc8-3450cef05c3c): у кого 0 тпс тот гей
[16:20:56] Bradly378 (9ab93dfb-1454-3bb1-b47f-700f714534a9): они просто с бэбры играют не трогай их
[16:21:50] GulgPlayer (a1c0ea2e-fe38-3c55-a100-bcde7e6529b1): оу ее 6 стаков досок
[16:22:10] main_PROBROVOVA (32124029-38f0-3378-abc8-3450cef05c3c): кто сомной на сабшилд?
[16:22:17] GOLDENDUSST (a0ee3527-abbd-3f28-bd2e-ff7c77b23497): Уффф ты что азиатский сутенёр?
[16:22:31] GOLDENDUSST (a0ee3527-abbd-3f28-bd2e-ff7c77b23497): 6 стаков досок
[16:22:37] GOLDENDUSST (a0ee3527-abbd-3f28-bd2e-ff7c77b23497): 6 стаков досок
[16:22:43] Bradly378 (9ab93dfb-1454-3bb1-b47f-700f714534a9): ты себя в зеркало видел голд?
[16:22:43] GulgPlayer (a1c0ea2e-fe38-3c55-a100-bcde7e6529b1): возможно
[16:22:58] GOLDENDUSST (a0ee3527-abbd-3f28-bd2e-ff7c77b23497): я про
[16:24:05] GOLDENDUSST (a0ee3527-abbd-3f28-bd2e-ff7c77b23497): Куда жалобу кидать одмен ижнасиловал моих куриц и большиство из них несовершеннолетние
[16:24:36] GulgPlayer (a1c0ea2e-fe38-3c55-a100-bcde7e6529b1): сразу президенту америки
[16:24:36] Bradly378 (9ab93dfb-1454-3bb1-b47f-700f714534a9): они меня любят
[16:25:00] main_PROBROVOVA (32124029-38f0-3378-abc8-3450cef05c3c): Кто в мой клан ?
[16:25:02] GOLDENDUSST (a0ee3527-abbd-3f28-bd2e-ff7c77b23497): Педофилы тоже так оправдываются
[16:25:13] GOLDENDUSST (a0ee3527-abbd-3f28-bd2e-ff7c77b23497): Ты кто
[16:25:17] main_PROBROVOVA (32124029-38f0-3378-abc8-3450cef05c3c): я
[16:25:23] RunishYT (deb2ebb7-8562-3728-8ba8-ec800da9360c): Алан
[16:25:31] GOLDENDUSST (a0ee3527-abbd-3f28-bd2e-ff7c77b23497): сук
[16:25:41] main_PROBROVOVA (32124029-38f0-3378-abc8-3450cef05c3c): Кто в мой клан ?
[16:25:41] GOLDENDUSST (a0ee3527-abbd-3f28-bd2e-ff7c77b23497): АААА
[16:25:49] GOLDENDUSST (a0ee3527-abbd-3f28-bd2e-ff7c77b23497): Меня в жопу еут
[16:25:52] GOLDENDUSST (a0ee3527-abbd-3f28-bd2e-ff7c77b23497): Спасите
[16:25:59] main_PROBROVOVA (32124029-38f0-3378-abc8-3450cef05c3c): Кто в мой клан ставьте +
[16:26:05] GOLDENDUSST (a0ee3527-abbd-3f28-bd2e-ff7c77b23497): Одмен меня в канаву скинул и с курицами насилует
[16:26:11] GOLDENDUSST (a0ee3527-abbd-3f28-bd2e-ff7c77b23497): -
[16:26:24] GulgPlayer (a1c0ea2e-fe38-3c55-a100-bcde7e6529b1): -
[16:26:31] GulgPlayer (a1c0ea2e-fe38-3c55-a100-bcde7e6529b1): а меня можно
[16:26:32] main_PROBROVOVA (32124029-38f0-3378-abc8-3450cef05c3c): GOLDENDUSST можно с тобой ?
[16:26:45] RunishYT (deb2ebb7-8562-3728-8ba8-ec800da9360c): Нет он мой раб
[16:27:12] main_PROBROVOVA (32124029-38f0-3378-abc8-3450cef05c3c): RunishYT сколько подписчиков ?
[16:27:26] RunishYT (deb2ebb7-8562-3728-8ba8-ec800da9360c): 2
[16:27:30] Bradly378 (9ab93dfb-1454-3bb1-b47f-700f714534a9): напоследок немножко cum
[16:27:30] RunishYT (deb2ebb7-8562-3728-8ba8-ec800da9360c): мама и папа
[16:27:31] main_PROBROVOVA (32124029-38f0-3378-abc8-3450cef05c3c): 29
[16:27:40] GOLDENDUSST (a0ee3527-abbd-3f28-bd2e-ff7c77b23497): Всё я снял на камеру как ты меня ебёшь и к твоему сожалению это не порно а пруфы
[16:27:42] main_PROBROVOVA (32124029-38f0-3378-abc8-3450cef05c3c): ,tp yfrhenrb
[16:27:44] RunishYT (deb2ebb7-8562-3728-8ba8-ec800da9360c): а нет 3
[16:27:50] RunishYT (deb2ebb7-8562-3728-8ba8-ec800da9360c): Владимир Путин
[16:28:00] main_PROBROVOVA (32124029-38f0-3378-abc8-3450cef05c3c): у меня 29 без накрутки
[16:28:04] Bradly378 (9ab93dfb-1454-3bb1-b47f-700f714534a9): cum zone
[16:28:07] RunishYT (deb2ebb7-8562-3728-8ba8-ec800da9360c): ахуеть
[16:28:26] GulgPlayer (a1c0ea2e-fe38-3c55-a100-bcde7e6529b1): у меня 0 с накруткой
[16:28:29] GulgPlayer (a1c0ea2e-fe38-3c55-a100-bcde7e6529b1): у меня 0 с накруткой
[16:28:41] RunishYT (deb2ebb7-8562-3728-8ba8-ec800da9360c): уффф некоглай
[16:28:45] [CAPS] main_PROBROVOVA (32124029-38f0-3378-abc8-3450cef05c3c): а4 лоооооооооооооооооооооооооооооооооооооооооооооооооооооооооооооооооооооооооооооооооооооооооооооооооооооооооооооооооооооооооооооооооооооооооооооооооооооооооооооооооооооооооооооооооооооооооооооооооооооооооооооооооооооооооооооооооооооооооооооооооооооооооооо
[16:28:55] Bradly378 (9ab93dfb-1454-3bb1-b47f-700f714534a9): забыл !
[16:28:57] RunishYT (deb2ebb7-8562-3728-8ba8-ec800da9360c): Меня админ ебет спасите
[16:29:04] GOLDENDUSST (a0ee3527-abbd-3f28-bd2e-ff7c77b23497): Как дойти до дома меня заразили отравленной СUM
[16:29:08] [CAPS] main_PROBROVOVA (32124029-38f0-3378-abc8-3450cef05c3c): а4 лооооооооооооооооооооооооооооооооооооооооооооооооооооооооооооооооооооооооооооооооооооооооооооооооооооооооооооооооооооооооооооооооооооооооооооооооооооооооооооооооооооооооооооооооооооооооооооооооооооооооооох
[16:29:09] RunishYT (deb2ebb7-8562-3728-8ba8-ec800da9360c): из попки в ротик
[16:29:22] GOLDENDUSST (a0ee3527-abbd-3f28-bd2e-ff7c77b23497): Заражание калом
[16:29:39] [CAPS] RunishYT (deb2ebb7-8562-3728-8ba8-ec800da9360c): туда его
[16:32:10] main_PROBROVOVA (32124029-38f0-3378-abc8-3450cef05c3c): а4 лоооооооооооооооох
[16:32:15] GulgPlayer (a1c0ea2e-fe38-3c55-a100-bcde7e6529b1): +
[16:32:30] RunishYT (deb2ebb7-8562-3728-8ba8-ec800da9360c): Пятерка лоооооооох
[16:32:38] GOLDENDUSST (a0ee3527-abbd-3f28-bd2e-ff7c77b23497): +
[16:32:40] main_PROBROVOVA (32124029-38f0-3378-abc8-3450cef05c3c): Сам лоооооооооох
[16:32:42] main_PROBROVOVA (32124029-38f0-3378-abc8-3450cef05c3c): -
[16:32:47] main_PROBROVOVA (32124029-38f0-3378-abc8-3450cef05c3c): -
[16:32:50] GulgPlayer (a1c0ea2e-fe38-3c55-a100-bcde7e6529b1): +
[16:32:52] RunishYT (deb2ebb7-8562-3728-8ba8-ec800da9360c): не смей
[16:32:58] main_PROBROVOVA (32124029-38f0-3378-abc8-3450cef05c3c): -
[16:32:58] GOLDENDUSST (a0ee3527-abbd-3f28-bd2e-ff7c77b23497): Пятёрка лох Аянами Рей лучше
[16:33:20] GOLDENDUSST (a0ee3527-abbd-3f28-bd2e-ff7c77b23497): Фанат пятёрки убил
[16:33:29] main_PROBROVOVA (32124029-38f0-3378-abc8-3450cef05c3c): Пятерка тоооооооооооооооооооооооп Аянами Рей Лоооооооооооооох
[16:33:31] main_PROBROVOVA (32124029-38f0-3378-abc8-3450cef05c3c): =
[16:33:35] main_PROBROVOVA (32124029-38f0-3378-abc8-3450cef05c3c): +
[16:34:26] main_PROBROVOVA (32124029-38f0-3378-abc8-3450cef05c3c): Если в кофе кофеин то в какао ______
[16:34:27] GulgPlayer (a1c0ea2e-fe38-3c55-a100-bcde7e6529b1): 608 61 -305
[16:34:39] GOLDENDUSST (a0ee3527-abbd-3f28-bd2e-ff7c77b23497): Каки
[16:34:43] GOLDENDUSST (a0ee3527-abbd-3f28-bd2e-ff7c77b23497): Ахаххаха
[16:34:44] GulgPlayer (a1c0ea2e-fe38-3c55-a100-bcde7e6529b1): хахахах
[16:35:05] GOLDENDUSST (a0ee3527-abbd-3f28-bd2e-ff7c77b23497): Твоя шутка про наркотики была устранена до её появления
[16:35:11] RunishYT (deb2ebb7-8562-3728-8ba8-ec800da9360c): короч седня кошмар приснился
[16:35:17] GulgPlayer (a1c0ea2e-fe38-3c55-a100-bcde7e6529b1): какой
[16:35:46] RunishYT (deb2ebb7-8562-3728-8ba8-ec800da9360c): Какой-то Питух гуманоидной формы хотел ворваться в мой дом а я дверь придерживал
[16:36:21] Bradly378 (9ab93dfb-1454-3bb1-b47f-700f714534a9): маин такое количество CUM не выдержал и крашнулся
[16:36:47] GOLDENDUSST (a0ee3527-abbd-3f28-bd2e-ff7c77b23497): Великий оплодотворитель
[16:36:57] RunishYT (deb2ebb7-8562-3728-8ba8-ec800da9360c): Бык осеменитель
[16:37:18] RunishYT (deb2ebb7-8562-3728-8ba8-ec800da9360c): короче негр
[16:37:29] Bradly378 (9ab93dfb-1454-3bb1-b47f-700f714534a9): эх вы, мои маленькие fuking slaves
[16:37:36] GOLDENDUSST (a0ee3527-abbd-3f28-bd2e-ff7c77b23497): Нет дядя
[16:39:23] GulgPlayer (a1c0ea2e-fe38-3c55-a100-bcde7e6529b1): бредли, иди сюда, посмотри что придумал
[16:40:21] [CAPS] RunishYT (deb2ebb7-8562-3728-8ba8-ec800da9360c): бляяяять
[16:40:26] [CAPS] RunishYT (deb2ebb7-8562-3728-8ba8-ec800da9360c): исправляй
[16:40:54] GOLDENDUSST (a0ee3527-abbd-3f28-bd2e-ff7c77b23497): сука прекрати пожалуйста мистер уебан дядя пощади нас ты же добрый гандон
[16:40:58] RunishYT (deb2ebb7-8562-3728-8ba8-ec800da9360c): африканская магия
[16:41:31] GulgPlayer (a1c0ea2e-fe38-3c55-a100-bcde7e6529b1): крч
[16:41:36] GulgPlayer (a1c0ea2e-fe38-3c55-a100-bcde7e6529b1): иди в отель
[16:41:50] GulgPlayer (a1c0ea2e-fe38-3c55-a100-bcde7e6529b1): вот эта кнопка
[16:41:55] GulgPlayer (a1c0ea2e-fe38-3c55-a100-bcde7e6529b1): активирует в моём доме
[16:41:57] GulgPlayer (a1c0ea2e-fe38-3c55-a100-bcde7e6529b1): звонок
[16:42:04] GulgPlayer (a1c0ea2e-fe38-3c55-a100-bcde7e6529b1): и я по подземному
[16:42:15] GulgPlayer (a1c0ea2e-fe38-3c55-a100-bcde7e6529b1): тоннелю прихожу в отель
[16:42:54] Bradly378 (9ab93dfb-1454-3bb1-b47f-700f714534a9): эх вы, мои маленькие fuking slaves
[16:43:00] GulgPlayer (a1c0ea2e-fe38-3c55-a100-bcde7e6529b1): только не хватает редстоуна
[16:43:04] GulgPlayer (a1c0ea2e-fe38-3c55-a100-bcde7e6529b1): только не хватает редстоуна
[16:43:09] GulgPlayer (a1c0ea2e-fe38-3c55-a100-bcde7e6529b1): кто может продать
[16:43:13] RunishYT (deb2ebb7-8562-3728-8ba8-ec800da9360c): чо там с дэкакой??
[16:43:19] GulgPlayer (a1c0ea2e-fe38-3c55-a100-bcde7e6529b1): тут вообще кто-нибудь готов обмениваться
[16:43:24] Bradly378 (9ab93dfb-1454-3bb1-b47f-700f714534a9): всё сложно
[16:43:36] GulgPlayer (a1c0ea2e-fe38-3c55-a100-bcde7e6529b1): за 3 стака редстоуна могу дать 1 алмаз
[16:43:38] RunishYT (deb2ebb7-8562-3728-8ba8-ec800da9360c): Предложи норм че нибудь
[16:43:39] GulgPlayer (a1c0ea2e-fe38-3c55-a100-bcde7e6529b1): за 3 стака редстоуна могу дать 1 алмаз
[16:43:44] RunishYT (deb2ebb7-8562-3728-8ba8-ec800da9360c): по подробнее
[16:43:59] GulgPlayer (a1c0ea2e-fe38-3c55-a100-bcde7e6529b1): согласен?
[16:44:12] GulgPlayer (a1c0ea2e-fe38-3c55-a100-bcde7e6529b1): у меня просто больше ничего нет
[16:44:19] [CAPS] RunishYT (deb2ebb7-8562-3728-8ba8-ec800da9360c): бляяяять
[16:44:19] GulgPlayer (a1c0ea2e-fe38-3c55-a100-bcde7e6529b1): но могу дать обсидиан или лаву
[16:44:22] RunishYT (deb2ebb7-8562-3728-8ba8-ec800da9360c): Брисон сука
[16:44:31] RunishYT (deb2ebb7-8562-3728-8ba8-ec800da9360c): я тебя ненавижу брисан
[16:45:30] RunishYT (deb2ebb7-8562-3728-8ba8-ec800da9360c): блять Путин остановись
[16:45:31] GOLDENDUSST (a0ee3527-abbd-3f28-bd2e-ff7c77b23497): Прекрати пожалуйста
[16:45:48] RunishYT (deb2ebb7-8562-3728-8ba8-ec800da9360c): верни реси пж
[16:45:53] Bradly378 (9ab93dfb-1454-3bb1-b47f-700f714534a9): эта ни я вы невидели ничего
[16:46:13] RunishYT (deb2ebb7-8562-3728-8ba8-ec800da9360c): с тебя яйцо дракона
[16:46:31] GulgPlayer (a1c0ea2e-fe38-3c55-a100-bcde7e6529b1): 4 алмаза за 4 стака редстоуна
[16:46:38] GulgPlayer (a1c0ea2e-fe38-3c55-a100-bcde7e6529b1): согласны?
[16:46:43] RunishYT (deb2ebb7-8562-3728-8ba8-ec800da9360c): эээ верни яйцо дракона
[16:46:58] GOLDENDUSST (a0ee3527-abbd-3f28-bd2e-ff7c77b23497): Продам голову одмена. Использование: трофей, секс игрушка
[16:46:59] Bradly378 (9ab93dfb-1454-3bb1-b47f-700f714534a9): брэдли пакинул чат
[16:50:02] GulgPlayer (a1c0ea2e-fe38-3c55-a100-bcde7e6529b1): привет
[16:50:13] RunishYT (deb2ebb7-8562-3728-8ba8-ec800da9360c): Вай что за красавица
[16:50:16] GOLDENDUSST (a0ee3527-abbd-3f28-bd2e-ff7c77b23497): Кто эт
[16:50:20] GulgPlayer (a1c0ea2e-fe38-3c55-a100-bcde7e6529b1): ты чсего
[16:50:23] GulgPlayer (a1c0ea2e-fe38-3c55-a100-bcde7e6529b1): это создатель
[16:50:29] GulgPlayer (a1c0ea2e-fe38-3c55-a100-bcde7e6529b1): мира сего
[16:51:10] saikonohack (61d3e846-cfe0-3e5b-b41b-772c1020819e): хола
[16:51:15] GulgPlayer (a1c0ea2e-fe38-3c55-a100-bcde7e6529b1): привет
[16:51:21] GulgPlayer (a1c0ea2e-fe38-3c55-a100-bcde7e6529b1): ищу редстоун
[16:51:22] saikonohack (61d3e846-cfe0-3e5b-b41b-772c1020819e): ты случаем не ютубер? не видел анкету
[16:51:25] GulgPlayer (a1c0ea2e-fe38-3c55-a100-bcde7e6529b1): для механизмов
[16:51:32] GulgPlayer (a1c0ea2e-fe38-3c55-a100-bcde7e6529b1): не-а
[16:51:35] saikonohack (61d3e846-cfe0-3e5b-b41b-772c1020819e): оке
[16:51:37] GulgPlayer (a1c0ea2e-fe38-3c55-a100-bcde7e6529b1): но канал есть впринципе
[16:51:43] saikonohack (61d3e846-cfe0-3e5b-b41b-772c1020819e): а что не снимаешь?
[16:51:52] GulgPlayer (a1c0ea2e-fe38-3c55-a100-bcde7e6529b1): не знаю
[16:52:00] saikonohack (61d3e846-cfe0-3e5b-b41b-772c1020819e): лан
[16:52:04] GulgPlayer (a1c0ea2e-fe38-3c55-a100-bcde7e6529b1): не умею контент норм делать(
[16:52:50] GulgPlayer (a1c0ea2e-fe38-3c55-a100-bcde7e6529b1): ты тут?
[16:52:59] GulgPlayer (a1c0ea2e-fe38-3c55-a100-bcde7e6529b1): ну ребят
[16:53:04] GulgPlayer (a1c0ea2e-fe38-3c55-a100-bcde7e6529b1): продайте редстоун очень надо
[16:53:10] GulgPlayer (a1c0ea2e-fe38-3c55-a100-bcde7e6529b1): хоть что дам что могу
[16:53:15] GOLDENDUSST (a0ee3527-abbd-3f28-bd2e-ff7c77b23497): Я б продал но я далеко
[16:53:15] RunishYT (deb2ebb7-8562-3728-8ba8-ec800da9360c): а что ты нам?
[16:53:22] GulgPlayer (a1c0ea2e-fe38-3c55-a100-bcde7e6529b1): ну что хочешь
[16:53:24] GulgPlayer (a1c0ea2e-fe38-3c55-a100-bcde7e6529b1): ?
[16:53:27] GOLDENDUSST (a0ee3527-abbd-3f28-bd2e-ff7c77b23497): Я б продал но я далеко
[16:53:29] RunishYT (deb2ebb7-8562-3728-8ba8-ec800da9360c): яйцо дракона
[16:53:32] GOLDENDUSST (a0ee3527-abbd-3f28-bd2e-ff7c77b23497): Го продашь себя
[16:55:00] RunishYT (deb2ebb7-8562-3728-8ba8-ec800da9360c): бб тима раков я ливаю
[16:56:13] GulgPlayer (a1c0ea2e-fe38-3c55-a100-bcde7e6529b1): хакермен тепни пж меня домой
[16:56:16] GulgPlayer (a1c0ea2e-fe38-3c55-a100-bcde7e6529b1): умоляю
[16:57:53] GulgPlayer (a1c0ea2e-fe38-3c55-a100-bcde7e6529b1): а как тебе удалось сделать такой сервер?
[16:58:37] GOLDENDUSST (a0ee3527-abbd-3f28-bd2e-ff7c77b23497): Нужно всего лишь 3 ложки...
[16:58:42] GOLDENDUSST (a0ee3527-abbd-3f28-bd2e-ff7c77b23497): Сода
[17:04:46] GulgPlayer (a1c0ea2e-fe38-3c55-a100-bcde7e6529b1): ураа
[17:04:50] GulgPlayer (a1c0ea2e-fe38-3c55-a100-bcde7e6529b1): я скоро в ад пойду
[17:05:04] GOLDENDUSST (a0ee3527-abbd-3f28-bd2e-ff7c77b23497): Соболезную
[17:05:13] GulgPlayer (a1c0ea2e-fe38-3c55-a100-bcde7e6529b1): не в том смысле))
[17:05:56] GOLDENDUSST (a0ee3527-abbd-3f28-bd2e-ff7c77b23497): Продам голову одмена
[17:11:19] GulgPlayer (a1c0ea2e-fe38-3c55-a100-bcde7e6529b1): кто тут?
[17:17:52] GulgPlayer (a1c0ea2e-fe38-3c55-a100-bcde7e6529b1): кто тут?
[17:18:15] GulgPlayer (a1c0ea2e-fe38-3c55-a100-bcde7e6529b1): меня обокрали
[17:18:21] GulgPlayer (a1c0ea2e-fe38-3c55-a100-bcde7e6529b1): у меня была книга
[17:18:33] GulgPlayer (a1c0ea2e-fe38-3c55-a100-bcde7e6529b1): на прилоавке
[17:18:42] GulgPlayer (a1c0ea2e-fe38-3c55-a100-bcde7e6529b1): но теперь нету ни книги, ни рамки
[17:18:45] GOLDENDUSST (a0ee3527-abbd-3f28-bd2e-ff7c77b23497): У сайко есть коай
[17:23:42] GulgPlayer (a1c0ea2e-fe38-3c55-a100-bcde7e6529b1): привет
[17:23:49] GulgPlayer (a1c0ea2e-fe38-3c55-a100-bcde7e6529b1): вот тут книга пропала
[17:23:59] saikonohack (61d3e846-cfe0-3e5b-b41b-772c1020819e): 40 минут назад?
[17:24:03] GulgPlayer (a1c0ea2e-fe38-3c55-a100-bcde7e6529b1): да
[17:24:09] saikonohack (61d3e846-cfe0-3e5b-b41b-772c1020819e): взоравана крипером
[17:24:15] GulgPlayer (a1c0ea2e-fe38-3c55-a100-bcde7e6529b1): ясно
[17:24:17] GulgPlayer (a1c0ea2e-fe38-3c55-a100-bcde7e6529b1): спасибо
[17:24:21] saikonohack (61d3e846-cfe0-3e5b-b41b-772c1020819e): нез)
[17:24:25] GulgPlayer (a1c0ea2e-fe38-3c55-a100-bcde7e6529b1): оцени пж отель от 1 до 10
[17:24:35] GulgPlayer (a1c0ea2e-fe38-3c55-a100-bcde7e6529b1): но он пока недостроен
[17:25:00] saikonohack (61d3e846-cfe0-3e5b-b41b-772c1020819e): ну пока рано что то говорить)\
[17:25:04] GulgPlayer (a1c0ea2e-fe38-3c55-a100-bcde7e6529b1): пон
[17:27:11] GOLDENDUSST (a0ee3527-abbd-3f28-bd2e-ff7c77b23497): Сосайко пж не еби мне и так бербля очко разъебал
[17:27:25] saikonohack (61d3e846-cfe0-3e5b-b41b-772c1020819e): &
[17:27:26] saikonohack (61d3e846-cfe0-3e5b-b41b-772c1020819e): ?
[17:27:27] GOLDENDUSST (a0ee3527-abbd-3f28-bd2e-ff7c77b23497): Пруф могу скинуть
[17:27:30] saikonohack (61d3e846-cfe0-3e5b-b41b-772c1020819e): ?
[17:28:05] saikonohack (61d3e846-cfe0-3e5b-b41b-772c1020819e): п
[17:28:21] GOLDENDUSST (a0ee3527-abbd-3f28-bd2e-ff7c77b23497): Он короче выебал моих куриц потом скинул меня в канаву и там выебав и ещё зааллахакбарил меня и Руслана но потом ревёрснул
[17:43:57] GOLDENDUSST (a0ee3527-abbd-3f28-bd2e-ff7c77b23497): Я не знаю что ты отметил
[17:44:36] GOLDENDUSST (a0ee3527-abbd-3f28-bd2e-ff7c77b23497): Бредли
[17:44:40] GOLDENDUSST (a0ee3527-abbd-3f28-bd2e-ff7c77b23497): Он меня
[17:44:48] GOLDENDUSST (a0ee3527-abbd-3f28-bd2e-ff7c77b23497): ;(
[17:44:57] GOLDENDUSST (a0ee3527-abbd-3f28-bd2e-ff7c77b23497): Я не хочу об этом говорить
[17:45:11] GulgPlayer (a1c0ea2e-fe38-3c55-a100-bcde7e6529b1): всем пока!
[17:45:24] GOLDENDUSST (a0ee3527-abbd-3f28-bd2e-ff7c77b23497): Прощай
[17:56:42] GOLDENDUSST (a0ee3527-abbd-3f28-bd2e-ff7c77b23497): Я чеченец
[17:56:51] GOLDENDUSST (a0ee3527-abbd-3f28-bd2e-ff7c77b23497): Меня звать алан
[17:58:34] GOLDENDUSST (a0ee3527-abbd-3f28-bd2e-ff7c77b23497): Ок
[17:59:54] GOLDENDUSST (a0ee3527-abbd-3f28-bd2e-ff7c77b23497): Да
[18:00:58] GOLDENDUSST (a0ee3527-abbd-3f28-bd2e-ff7c77b23497): Вопрос: Монеты будут выпадать с добычи руды блоков фермерства и т.д.?
