[04:34:57] saikonohack (61d3e846-cfe0-3e5b-b41b-772c1020819e): ItsFartunaRu твоей ферме плохо
[04:35:07] ItsFartunaRu (87aa0b4c-629f-3cae-a9c4-787ca2fa3e21): вот щас не понял блять
[04:45:44] ItsFartunaRu (87aa0b4c-629f-3cae-a9c4-787ca2fa3e21): биля фантомы его уебали
[04:47:54] ItsFartunaRu (87aa0b4c-629f-3cae-a9c4-787ca2fa3e21): saikonohack я у тебя скалк сенсор спиздил
[04:48:12] ItsFartunaRu (87aa0b4c-629f-3cae-a9c4-787ca2fa3e21): стоп дядь
[04:48:24] ItsFartunaRu (87aa0b4c-629f-3cae-a9c4-787ca2fa3e21): биляяяяя 202 уровень
[04:51:50] ItsFartunaRu (87aa0b4c-629f-3cae-a9c4-787ca2fa3e21): вещи дядь
[04:52:20] saikonohack (61d3e846-cfe0-3e5b-b41b-772c1020819e): на
[05:15:24] ItsFartunaRu (87aa0b4c-629f-3cae-a9c4-787ca2fa3e21): верни скалк сенсор
[05:16:51] ItsFartunaRu (87aa0b4c-629f-3cae-a9c4-787ca2fa3e21): дядь верни скалк сенсор
[05:34:21] ItsFartunaRu (87aa0b4c-629f-3cae-a9c4-787ca2fa3e21): ухади
[08:12:11] ItsFartunaRu (87aa0b4c-629f-3cae-a9c4-787ca2fa3e21): 3500 -2000
[08:43:27] ItsFartunaRu (87aa0b4c-629f-3cae-a9c4-787ca2fa3e21): биля корвин тыче опять стоишь на фармилках 24/7
[09:52:44] GOLDENDUSST (a0ee3527-abbd-3f28-bd2e-ff7c77b23497): Думал пароль забыл
[10:09:29] ItsFartunaRu (87aa0b4c-629f-3cae-a9c4-787ca2fa3e21): чзх нахуя сайк зашёл
[10:09:44] Corwin4_ (09de6106-0819-3ca8-9b4c-af9ec585b9e9): qq
[10:09:48] GOLDENDUSST (a0ee3527-abbd-3f28-bd2e-ff7c77b23497): Рестарт делать
[10:10:02] ItsFartunaRu (87aa0b4c-629f-3cae-a9c4-787ca2fa3e21): пожёртвует цыфрами?
[10:10:09] GOLDENDUSST (a0ee3527-abbd-3f28-bd2e-ff7c77b23497): Да
[10:10:13] ItsFartunaRu (87aa0b4c-629f-3cae-a9c4-787ca2fa3e21): уффф
[10:10:36] GOLDENDUSST (a0ee3527-abbd-3f28-bd2e-ff7c77b23497): По сути он уже морально победил декак с помощью 17 дней тех самых
[10:10:46] ItsFartunaRu (87aa0b4c-629f-3cae-a9c4-787ca2fa3e21): вопрос нахуя
[10:10:56] saikonohack (61d3e846-cfe0-3e5b-b41b-772c1020819e): а еще в онлайне победил, у них постоянно онлайн ниже нашего
[10:11:15] ItsFartunaRu (87aa0b4c-629f-3cae-a9c4-787ca2fa3e21): продай парагон диверсе
[10:11:20] GOLDENDUSST (a0ee3527-abbd-3f28-bd2e-ff7c77b23497): Гонка вооружений
[10:11:46] saikonohack (61d3e846-cfe0-3e5b-b41b-772c1020819e): ща бар строить буду мб
[10:11:52] ItsFartunaRu (87aa0b4c-629f-3cae-a9c4-787ca2fa3e21): вопрос нахуя
[10:11:59] saikonohack (61d3e846-cfe0-3e5b-b41b-772c1020819e): бухать
[10:12:01] ItsFartunaRu (87aa0b4c-629f-3cae-a9c4-787ca2fa3e21): продай живого шалкера броуууууууууууууууу
[10:12:13] saikonohack (61d3e846-cfe0-3e5b-b41b-772c1020819e): в аду забери
[10:12:15] saikonohack (61d3e846-cfe0-3e5b-b41b-772c1020819e): на крыше
[10:12:19] saikonohack (61d3e846-cfe0-3e5b-b41b-772c1020819e): если есть
[10:12:22] saikonohack (61d3e846-cfe0-3e5b-b41b-772c1020819e): за 15 аб
[10:12:27] ItsFartunaRu (87aa0b4c-629f-3cae-a9c4-787ca2fa3e21): ваще не вопрос
[10:23:09] ItsFartunaRu (87aa0b4c-629f-3cae-a9c4-787ca2fa3e21): по скок ещё обычные шалкеры
[10:23:13] saikonohack (61d3e846-cfe0-3e5b-b41b-772c1020819e): 3
[10:23:38] ItsFartunaRu (87aa0b4c-629f-3cae-a9c4-787ca2fa3e21): биля лучше дюпнуть 1
[10:24:01] ItsFartunaRu (87aa0b4c-629f-3cae-a9c4-787ca2fa3e21): где алмы за жив шалкера кинуть
[10:24:06] ItsFartunaRu (87aa0b4c-629f-3cae-a9c4-787ca2fa3e21): или спиздишь с инвента
[10:24:10] saikonohack (61d3e846-cfe0-3e5b-b41b-772c1020819e): на базе поставь бочку
[10:24:19] saikonohack (61d3e846-cfe0-3e5b-b41b-772c1020819e): ну или таракань в энд
[10:24:30] ItsFartunaRu (87aa0b4c-629f-3cae-a9c4-787ca2fa3e21): на главн остров?
[10:24:35] saikonohack (61d3e846-cfe0-3e5b-b41b-772c1020819e): +
[10:28:40] ItsFartunaRu (87aa0b4c-629f-3cae-a9c4-787ca2fa3e21): эээ
[10:28:42] ItsFartunaRu (87aa0b4c-629f-3cae-a9c4-787ca2fa3e21): читы офф
[10:29:04] ItsFartunaRu (87aa0b4c-629f-3cae-a9c4-787ca2fa3e21): какие корды
[10:29:17] ItsFartunaRu (87aa0b4c-629f-3cae-a9c4-787ca2fa3e21): стоп, а как
[10:29:53] ItsFartunaRu (87aa0b4c-629f-3cae-a9c4-787ca2fa3e21): снос тотема чек
[10:32:40] ItsFartunaRu (87aa0b4c-629f-3cae-a9c4-787ca2fa3e21): егор лови тотем
[10:34:46] saikonohack (61d3e846-cfe0-3e5b-b41b-772c1020819e): СУКА СЯДЬ
[10:35:29] ItsFartunaRu (87aa0b4c-629f-3cae-a9c4-787ca2fa3e21): чел харош
[10:35:53] saikonohack (61d3e846-cfe0-3e5b-b41b-772c1020819e): шлюха портовая блять
[10:36:49] AviKgolD1 (fe9f4036-69b5-38be-a9c3-1d860d8c4398): qq
[10:37:13] saikonohack (61d3e846-cfe0-3e5b-b41b-772c1020819e): АЛИЛУЯ
[10:37:31] ItsFartunaRu (87aa0b4c-629f-3cae-a9c4-787ca2fa3e21): у тебя скок достижений в энде осталось
[10:37:45] saikonohack (61d3e846-cfe0-3e5b-b41b-772c1020819e): одно
[10:37:51] ItsFartunaRu (87aa0b4c-629f-3cae-a9c4-787ca2fa3e21): какое
[10:38:02] saikonohack (61d3e846-cfe0-3e5b-b41b-772c1020819e): охуеешь щас
[10:38:12] GOLDENDUSST (a0ee3527-abbd-3f28-bd2e-ff7c77b23497): Инет говяный
[10:38:25] ItsFartunaRu (87aa0b4c-629f-3cae-a9c4-787ca2fa3e21): стопче
[10:38:31] saikonohack (61d3e846-cfe0-3e5b-b41b-772c1020819e): тот же вопрос
[10:39:10] saikonohack (61d3e846-cfe0-3e5b-b41b-772c1020819e): пошли
[10:39:12] saikonohack (61d3e846-cfe0-3e5b-b41b-772c1020819e): абобус
[10:39:17] ItsFartunaRu (87aa0b4c-629f-3cae-a9c4-787ca2fa3e21): ты кто
[10:39:21] saikonohack (61d3e846-cfe0-3e5b-b41b-772c1020819e): жду на спавне
[10:39:26] ItsFartunaRu (87aa0b4c-629f-3cae-a9c4-787ca2fa3e21): биляяя
[10:39:30] ItsFartunaRu (87aa0b4c-629f-3cae-a9c4-787ca2fa3e21): биляяя
[10:40:47] ItsFartunaRu (87aa0b4c-629f-3cae-a9c4-787ca2fa3e21): мб на крыше в аду
[10:41:02] saikonohack (61d3e846-cfe0-3e5b-b41b-772c1020819e): ок, ща
[10:42:33] ItsFartunaRu (87aa0b4c-629f-3cae-a9c4-787ca2fa3e21): о
[10:42:44] saikonohack (61d3e846-cfe0-3e5b-b41b-772c1020819e): вагонетки стопни
[10:43:06] saikonohack (61d3e846-cfe0-3e5b-b41b-772c1020819e): жди шалк
[10:43:27] ItsFartunaRu (87aa0b4c-629f-3cae-a9c4-787ca2fa3e21): бля лодку надо наверн
[10:43:54] ItsFartunaRu (87aa0b4c-629f-3cae-a9c4-787ca2fa3e21): а дерева нихуя
[10:44:57] ItsFartunaRu (87aa0b4c-629f-3cae-a9c4-787ca2fa3e21): уффф делаю спизделова панцирей
[10:44:58] Corwin4_ (09de6106-0819-3ca8-9b4c-af9ec585b9e9): ау
[10:47:18] ItsFartunaRu (87aa0b4c-629f-3cae-a9c4-787ca2fa3e21): ты откуда
[10:47:26] Corwin4_ (09de6106-0819-3ca8-9b4c-af9ec585b9e9): жду сайко... игнорит
[10:47:38] Corwin4_ (09de6106-0819-3ca8-9b4c-af9ec585b9e9): двух друзей в вайтлист добавить надо
[10:48:22] ItsFartunaRu (87aa0b4c-629f-3cae-a9c4-787ca2fa3e21): биля где шалкера
[10:56:11] ItsFartunaRu (87aa0b4c-629f-3cae-a9c4-787ca2fa3e21): ебать
[10:56:14] ItsFartunaRu (87aa0b4c-629f-3cae-a9c4-787ca2fa3e21): а где
[11:00:09] ItsFartunaRu (87aa0b4c-629f-3cae-a9c4-787ca2fa3e21): дуст я нашёл твою базу
[11:00:14] ItsFartunaRu (87aa0b4c-629f-3cae-a9c4-787ca2fa3e21): я её взрываю
[11:00:17] GOLDENDUSST (a0ee3527-abbd-3f28-bd2e-ff7c77b23497): Биля
[11:00:29] ItsFartunaRu (87aa0b4c-629f-3cae-a9c4-787ca2fa3e21): где есть портал
[11:00:33] ItsFartunaRu (87aa0b4c-629f-3cae-a9c4-787ca2fa3e21): на крышу
[11:00:39] GOLDENDUSST (a0ee3527-abbd-3f28-bd2e-ff7c77b23497): В твоей жопе ебанат
[11:00:45] ItsFartunaRu (87aa0b4c-629f-3cae-a9c4-787ca2fa3e21): порт же строил руина да
[11:00:50] ItsFartunaRu (87aa0b4c-629f-3cae-a9c4-787ca2fa3e21): я его поджёг
[11:02:49] AviKgolD1 (fe9f4036-69b5-38be-a9c3-1d860d8c4398): qq
[11:03:50] ItsFartunaRu (87aa0b4c-629f-3cae-a9c4-787ca2fa3e21): лавакаст готов
[11:03:57] GOLDENDUSST (a0ee3527-abbd-3f28-bd2e-ff7c77b23497): Ну биля
[11:04:07] GOLDENDUSST (a0ee3527-abbd-3f28-bd2e-ff7c77b23497): Сплагиатил идею у сайк
[11:04:14] GOLDENDUSST (a0ee3527-abbd-3f28-bd2e-ff7c77b23497): Грифануть меня лавакастом
[11:04:26] ItsFartunaRu (87aa0b4c-629f-3cae-a9c4-787ca2fa3e21): ноу
[11:04:27] ItsFartunaRu (87aa0b4c-629f-3cae-a9c4-787ca2fa3e21): я первый
[11:04:34] GOLDENDUSST (a0ee3527-abbd-3f28-bd2e-ff7c77b23497): Это месть за то что я тебя на скайгриде ебнул лавакастом?
[11:04:44] ItsFartunaRu (87aa0b4c-629f-3cae-a9c4-787ca2fa3e21): ес
[11:05:18] ItsFartunaRu (87aa0b4c-629f-3cae-a9c4-787ca2fa3e21): ахуеть че за технологии по сбору тростника
[11:05:28] GOLDENDUSST (a0ee3527-abbd-3f28-bd2e-ff7c77b23497): Пидааарза
[11:05:32] GOLDENDUSST (a0ee3527-abbd-3f28-bd2e-ff7c77b23497): Не смотри еблан
[11:05:36] GOLDENDUSST (a0ee3527-abbd-3f28-bd2e-ff7c77b23497): Эта моё
[11:05:36] ItsFartunaRu (87aa0b4c-629f-3cae-a9c4-787ca2fa3e21): сохранил
[11:05:52] GOLDENDUSST (a0ee3527-abbd-3f28-bd2e-ff7c77b23497): Сукаа а я говорил ещё на визер смп
[11:05:56] ItsFartunaRu (87aa0b4c-629f-3cae-a9c4-787ca2fa3e21): еблан я такую видил у чела
[11:06:00] ItsFartunaRu (87aa0b4c-629f-3cae-a9c4-787ca2fa3e21): на анархи
[11:06:08] GOLDENDUSST (a0ee3527-abbd-3f28-bd2e-ff7c77b23497): Блять
[11:06:16] GOLDENDUSST (a0ee3527-abbd-3f28-bd2e-ff7c77b23497): Я не открыл Америку ;(
[11:06:21] ItsFartunaRu (87aa0b4c-629f-3cae-a9c4-787ca2fa3e21): да
[11:06:28] ItsFartunaRu (87aa0b4c-629f-3cae-a9c4-787ca2fa3e21): открыл ток свою маму
[11:06:41] ItsFartunaRu (87aa0b4c-629f-3cae-a9c4-787ca2fa3e21): аче за кнопка
[11:06:45] ItsFartunaRu (87aa0b4c-629f-3cae-a9c4-787ca2fa3e21): около Z
[11:06:57] GOLDENDUSST (a0ee3527-abbd-3f28-bd2e-ff7c77b23497): Да я двери открываю чтобы мама вошла но ты вскрыл свою
[11:07:01] GOLDENDUSST (a0ee3527-abbd-3f28-bd2e-ff7c77b23497): Харош
[11:07:04] GOLDENDUSST (a0ee3527-abbd-3f28-bd2e-ff7c77b23497): Туда её
[11:07:06] ItsFartunaRu (87aa0b4c-629f-3cae-a9c4-787ca2fa3e21): кароче нажимаю
[11:07:14] GOLDENDUSST (a0ee3527-abbd-3f28-bd2e-ff7c77b23497): Куда
[11:07:15] ItsFartunaRu (87aa0b4c-629f-3cae-a9c4-787ca2fa3e21): если будет взрыв
[11:07:19] ItsFartunaRu (87aa0b4c-629f-3cae-a9c4-787ca2fa3e21): то я так и задумывал
[11:07:24] GOLDENDUSST (a0ee3527-abbd-3f28-bd2e-ff7c77b23497): Блять куда бля ь
[11:07:26] ItsFartunaRu (87aa0b4c-629f-3cae-a9c4-787ca2fa3e21): кнопка около Z
[11:07:29] GOLDENDUSST (a0ee3527-abbd-3f28-bd2e-ff7c77b23497): Дядядядядязяз
[11:07:30] ItsFartunaRu (87aa0b4c-629f-3cae-a9c4-787ca2fa3e21): вокруг стекла
[11:07:42] GOLDENDUSST (a0ee3527-abbd-3f28-bd2e-ff7c77b23497): А бля
[11:07:51] ItsFartunaRu (87aa0b4c-629f-3cae-a9c4-787ca2fa3e21): кароче бб делаю взрыв
[11:07:52] GOLDENDUSST (a0ee3527-abbd-3f28-bd2e-ff7c77b23497): Хули ты там делаешь полудурок
[11:08:00] GOLDENDUSST (a0ee3527-abbd-3f28-bd2e-ff7c77b23497): Ты в нига листе
[11:08:01] ItsFartunaRu (87aa0b4c-629f-3cae-a9c4-787ca2fa3e21): лавакаст
[11:08:10] GOLDENDUSST (a0ee3527-abbd-3f28-bd2e-ff7c77b23497): Уходи с базы
[11:08:17] ItsFartunaRu (87aa0b4c-629f-3cae-a9c4-787ca2fa3e21): никогда
[11:08:25] GOLDENDUSST (a0ee3527-abbd-3f28-bd2e-ff7c77b23497): Заплачу
[11:08:25] ItsFartunaRu (87aa0b4c-629f-3cae-a9c4-787ca2fa3e21): над эту лаву ещё водой залить
[11:08:34] GOLDENDUSST (a0ee3527-abbd-3f28-bd2e-ff7c77b23497): Буду короч плакать
[11:09:23] ItsFartunaRu (87aa0b4c-629f-3cae-a9c4-787ca2fa3e21): где ориг книги
[11:09:27] ItsFartunaRu (87aa0b4c-629f-3cae-a9c4-787ca2fa3e21): фанфика
[11:09:37] ItsFartunaRu (87aa0b4c-629f-3cae-a9c4-787ca2fa3e21): я пришёл за этим
[11:09:40] GOLDENDUSST (a0ee3527-abbd-3f28-bd2e-ff7c77b23497): Да ты заебал уйди с базы навонял уже
[11:09:46] ItsFartunaRu (87aa0b4c-629f-3cae-a9c4-787ca2fa3e21): лавокастом
[11:09:48] GOLDENDUSST (a0ee3527-abbd-3f28-bd2e-ff7c77b23497): Я в энде
[11:09:58] ItsFartunaRu (87aa0b4c-629f-3cae-a9c4-787ca2fa3e21): похуй умри там
[11:11:00] ItsFartunaRu (87aa0b4c-629f-3cae-a9c4-787ca2fa3e21): уф ферма пороха
[11:11:15] GOLDENDUSST (a0ee3527-abbd-3f28-bd2e-ff7c77b23497): Построй капсулу
[11:11:19] GOLDENDUSST (a0ee3527-abbd-3f28-bd2e-ff7c77b23497): Пж сверху
[11:11:26] GOLDENDUSST (a0ee3527-abbd-3f28-bd2e-ff7c77b23497): Посчитай блоки и построй
[11:11:27] ItsFartunaRu (87aa0b4c-629f-3cae-a9c4-787ca2fa3e21): чё за хуйня с рейдов выпадает больше
[11:11:35] GOLDENDUSST (a0ee3527-abbd-3f28-bd2e-ff7c77b23497): Заплачу
[11:11:40] ItsFartunaRu (87aa0b4c-629f-3cae-a9c4-787ca2fa3e21): нахуя
[11:11:43] ItsFartunaRu (87aa0b4c-629f-3cae-a9c4-787ca2fa3e21): там лавакаст
[11:11:47] ItsFartunaRu (87aa0b4c-629f-3cae-a9c4-787ca2fa3e21): щас залью водой
[11:11:53] GOLDENDUSST (a0ee3527-abbd-3f28-bd2e-ff7c77b23497): Иди нахуй я обиделась
[11:12:23] ItsFartunaRu (87aa0b4c-629f-3cae-a9c4-787ca2fa3e21): я выбил легендарку
[11:13:26] ItsFartunaRu (87aa0b4c-629f-3cae-a9c4-787ca2fa3e21): блять я потерял базу
[11:13:42] GOLDENDUSST (a0ee3527-abbd-3f28-bd2e-ff7c77b23497): Прям как отца
[11:14:16] ItsFartunaRu (87aa0b4c-629f-3cae-a9c4-787ca2fa3e21): фух нашёл
[11:15:41] ItsFartunaRu (87aa0b4c-629f-3cae-a9c4-787ca2fa3e21): я убил аксолотлей
[11:15:51] ItsFartunaRu (87aa0b4c-629f-3cae-a9c4-787ca2fa3e21): голубого
[12:45:12] ZAXAR1000 (48fa848d-9d79-373d-9cb1-c50d5b916c88): сайк тп в банк пора делоть обмен
[12:46:20] saikonohack (61d3e846-cfe0-3e5b-b41b-772c1020819e): где алмы
[12:46:37] ZAXAR1000 (48fa848d-9d79-373d-9cb1-c50d5b916c88): уминя нету
[12:46:44] saikonohack (61d3e846-cfe0-3e5b-b41b-772c1020819e): ты час назад спиздил их
[12:47:17] ZAXAR1000 (48fa848d-9d79-373d-9cb1-c50d5b916c88): эм я обменивался но ты отключил сервер \
[12:47:26] ZAXAR1000 (48fa848d-9d79-373d-9cb1-c50d5b916c88): и их у миня нет
[12:48:09] ZAXAR1000 (48fa848d-9d79-373d-9cb1-c50d5b916c88): и лови скрин в дс
[12:48:16] saikonohack (61d3e846-cfe0-3e5b-b41b-772c1020819e): я твой ивент вижу
[12:48:21] saikonohack (61d3e846-cfe0-3e5b-b41b-772c1020819e): так что не надо мне скрин
[12:49:24] saikonohack (61d3e846-cfe0-3e5b-b41b-772c1020819e): по времени не сходится
[12:49:52] saikonohack (61d3e846-cfe0-3e5b-b41b-772c1020819e): выйди, розбийник
[12:50:10] saikonohack (61d3e846-cfe0-3e5b-b41b-772c1020819e): по времени не сходится
[12:50:26] saikonohack (61d3e846-cfe0-3e5b-b41b-772c1020819e): 58 минут назад ты взял их
[12:50:35] ZAXAR1000 (48fa848d-9d79-373d-9cb1-c50d5b916c88): ну последний раз я обменял на нэзар
[12:51:33] saikonohack (61d3e846-cfe0-3e5b-b41b-772c1020819e): ну и что мне делать с тобой
[12:51:35] saikonohack (61d3e846-cfe0-3e5b-b41b-772c1020819e): фокусник
[12:51:46] ZAXAR1000 (48fa848d-9d79-373d-9cb1-c50d5b916c88): тогда хз я пришол сюда обменять руду взял алмы и тут минус сервер
[12:52:11] ZAXAR1000 (48fa848d-9d79-373d-9cb1-c50d5b916c88): понят и простить
[12:52:28] saikonohack (61d3e846-cfe0-3e5b-b41b-772c1020819e): несколько стаков алмов понять и простить?
[12:52:31] saikonohack (61d3e846-cfe0-3e5b-b41b-772c1020819e): хохохо
[12:52:47] ZAXAR1000 (48fa848d-9d79-373d-9cb1-c50d5b916c88): на 2 стака и 7 алмов
[12:53:12] ZAXAR1000 (48fa848d-9d79-373d-9cb1-c50d5b916c88): бля пошли в голосовой
[12:53:18] ZAXAR1000 (48fa848d-9d79-373d-9cb1-c50d5b916c88): так проше
[12:53:20] saikonohack (61d3e846-cfe0-3e5b-b41b-772c1020819e): ща
[13:34:17] GOLDENDUSST (a0ee3527-abbd-3f28-bd2e-ff7c77b23497): Сайко
[13:34:22] saikonohack (61d3e846-cfe0-3e5b-b41b-772c1020819e): чо
[13:34:30] GOLDENDUSST (a0ee3527-abbd-3f28-bd2e-ff7c77b23497): ты гей
[13:36:42] GOLDENDUSST (a0ee3527-abbd-3f28-bd2e-ff7c77b23497): Ухади
[13:36:53] GOLDENDUSST (a0ee3527-abbd-3f28-bd2e-ff7c77b23497): Че бля
[13:36:58] GOLDENDUSST (a0ee3527-abbd-3f28-bd2e-ff7c77b23497): Ты че ашалел
[13:37:07] GOLDENDUSST (a0ee3527-abbd-3f28-bd2e-ff7c77b23497): Меня одмен ебёт
[13:37:11] GOLDENDUSST (a0ee3527-abbd-3f28-bd2e-ff7c77b23497): Спасите
[13:37:47] saikonohack (61d3e846-cfe0-3e5b-b41b-772c1020819e): смар
[13:37:50] GOLDENDUSST (a0ee3527-abbd-3f28-bd2e-ff7c77b23497): Бля
[13:38:01] saikonohack (61d3e846-cfe0-3e5b-b41b-772c1020819e): она спавнится
[13:38:12] GOLDENDUSST (a0ee3527-abbd-3f28-bd2e-ff7c77b23497): По0оду
[13:42:58] GOLDENDUSST (a0ee3527-abbd-3f28-bd2e-ff7c77b23497): Всё по плану
[13:48:11] GOLDENDUSST (a0ee3527-abbd-3f28-bd2e-ff7c77b23497): Уебанко
[13:48:23] saikonohack (61d3e846-cfe0-3e5b-b41b-772c1020819e): нах меня ебать
[13:48:32] GOLDENDUSST (a0ee3527-abbd-3f28-bd2e-ff7c77b23497): красивый прост
[13:48:39] saikonohack (61d3e846-cfe0-3e5b-b41b-772c1020819e): блять ты еблан?
[13:48:44] saikonohack (61d3e846-cfe0-3e5b-b41b-772c1020819e): это чо
[13:48:54] saikonohack (61d3e846-cfe0-3e5b-b41b-772c1020819e): даун
[13:48:57] saikonohack (61d3e846-cfe0-3e5b-b41b-772c1020819e): мусорки есть
[13:49:00] saikonohack (61d3e846-cfe0-3e5b-b41b-772c1020819e): пошли
[13:49:05] GOLDENDUSST (a0ee3527-abbd-3f28-bd2e-ff7c77b23497): ща
[13:49:12] saikonohack (61d3e846-cfe0-3e5b-b41b-772c1020819e): пошли
[13:49:19] saikonohack (61d3e846-cfe0-3e5b-b41b-772c1020819e): пошли
[13:49:27] GOLDENDUSST (a0ee3527-abbd-3f28-bd2e-ff7c77b23497): короч у меня 54 энд руды
[13:49:31] saikonohack (61d3e846-cfe0-3e5b-b41b-772c1020819e): пошли
[13:49:42] saikonohack (61d3e846-cfe0-3e5b-b41b-772c1020819e): пошли
[13:49:42] saikonohack (61d3e846-cfe0-3e5b-b41b-772c1020819e): пошли
[13:49:43] saikonohack (61d3e846-cfe0-3e5b-b41b-772c1020819e): пошли
[13:49:43] saikonohack (61d3e846-cfe0-3e5b-b41b-772c1020819e): пошли
[13:49:44] saikonohack (61d3e846-cfe0-3e5b-b41b-772c1020819e): пошли
[13:49:56] GOLDENDUSST (a0ee3527-abbd-3f28-bd2e-ff7c77b23497): Бля дай все алмы за 54 енд руды
[13:50:16] saikonohack (61d3e846-cfe0-3e5b-b41b-772c1020819e): увидел?
[13:50:55] GOLDENDUSST (a0ee3527-abbd-3f28-bd2e-ff7c77b23497): отдай все алмы еблан
[13:52:57] saikonohack (61d3e846-cfe0-3e5b-b41b-772c1020819e): СУКА МУСОРКА
[13:53:07] saikonohack (61d3e846-cfe0-3e5b-b41b-772c1020819e): ВЫКИНУЛ ТУДА БЛЯТЬ
[13:53:12] GOLDENDUSST (a0ee3527-abbd-3f28-bd2e-ff7c77b23497): чек сундук
[13:53:41] GOLDENDUSST (a0ee3527-abbd-3f28-bd2e-ff7c77b23497): затролил
[13:54:09] GOLDENDUSST (a0ee3527-abbd-3f28-bd2e-ff7c77b23497): Блять я энд руду туда положил?
[13:54:20] saikonohack (61d3e846-cfe0-3e5b-b41b-772c1020819e): я буду бить тебя до смерти через 3
[13:54:21] saikonohack (61d3e846-cfe0-3e5b-b41b-772c1020819e): 2
[13:54:22] saikonohack (61d3e846-cfe0-3e5b-b41b-772c1020819e): 1
[13:54:29] GOLDENDUSST (a0ee3527-abbd-3f28-bd2e-ff7c77b23497): стой
[13:54:37] GOLDENDUSST (a0ee3527-abbd-3f28-bd2e-ff7c77b23497): у меня 54 руды пропало
[13:54:47] saikonohack (61d3e846-cfe0-3e5b-b41b-772c1020819e): ТЫ БЛЯТЬ СПИЗДИЛ 285 АЛМОВ
[13:54:50] saikonohack (61d3e846-cfe0-3e5b-b41b-772c1020819e): И ДАЛ 37 ЖЕЛЕЗА
[13:55:04] GOLDENDUSST (a0ee3527-abbd-3f28-bd2e-ff7c77b23497): сука я думал это энд руба я потярял её
[13:55:16] saikonohack (61d3e846-cfe0-3e5b-b41b-772c1020819e): УУУ СУКА
[13:55:44] GOLDENDUSST (a0ee3527-abbd-3f28-bd2e-ff7c77b23497): Ты взял из инвенторя 54 энд руды?
[13:55:55] saikonohack (61d3e846-cfe0-3e5b-b41b-772c1020819e): обязательно
[13:55:56] GOLDENDUSST (a0ee3527-abbd-3f28-bd2e-ff7c77b23497): Блять я её два дня майнил
[13:56:09] saikonohack (61d3e846-cfe0-3e5b-b41b-772c1020819e): нах вы ее продаете?
[13:56:29] GOLDENDUSST (a0ee3527-abbd-3f28-bd2e-ff7c77b23497): Блять баг с инветарём
[13:58:22] GOLDENDUSST (a0ee3527-abbd-3f28-bd2e-ff7c77b23497): Блять где я ее проебал
[14:00:10] GOLDENDUSST (a0ee3527-abbd-3f28-bd2e-ff7c77b23497): Сайко можешь чекнуть инвентарь
[14:00:23] GOLDENDUSST (a0ee3527-abbd-3f28-bd2e-ff7c77b23497): Мой до смерти у меня была энд руда
[14:01:15] GOLDENDUSST (a0ee3527-abbd-3f28-bd2e-ff7c77b23497): бляь 54 руды
[14:01:22] saikonohack (61d3e846-cfe0-3e5b-b41b-772c1020819e): в ивенте нет
[14:01:24] saikonohack (61d3e846-cfe0-3e5b-b41b-772c1020819e): кста
[14:01:27] saikonohack (61d3e846-cfe0-3e5b-b41b-772c1020819e): нах продавать
[14:01:35] GOLDENDUSST (a0ee3527-abbd-3f28-bd2e-ff7c77b23497): чтобы ты деняк дал
[14:01:38] saikonohack (61d3e846-cfe0-3e5b-b41b-772c1020819e): лол
[14:01:41] saikonohack (61d3e846-cfe0-3e5b-b41b-772c1020819e): лошары
[14:02:16] GOLDENDUSST (a0ee3527-abbd-3f28-bd2e-ff7c77b23497): Кто на серве был вы заметили откат или у меня шиз
[14:02:26] GOLDENDUSST (a0ee3527-abbd-3f28-bd2e-ff7c77b23497): Когда серв выключился
[14:02:31] GOLDENDUSST (a0ee3527-abbd-3f28-bd2e-ff7c77b23497): И снова включился
[14:04:27] GOLDENDUSST (a0ee3527-abbd-3f28-bd2e-ff7c77b23497): Блять я потерял очень много ебаный роот
[14:04:35] saikonohack (61d3e846-cfe0-3e5b-b41b-772c1020819e): у тебя ноль на счету
[14:04:51] GOLDENDUSST (a0ee3527-abbd-3f28-bd2e-ff7c77b23497): У меня было 54 я точно помню
[14:08:03] GOLDENDUSST (a0ee3527-abbd-3f28-bd2e-ff7c77b23497): Сайк помоги за 16 алм
[14:08:13] saikonohack (61d3e846-cfe0-3e5b-b41b-772c1020819e): ?
[14:08:16] GOLDENDUSST (a0ee3527-abbd-3f28-bd2e-ff7c77b23497): Тп
[14:09:44] ItsFartunaRu (87aa0b4c-629f-3cae-a9c4-787ca2fa3e21): пиздец долго заходит
[14:09:51] ItsFartunaRu (87aa0b4c-629f-3cae-a9c4-787ca2fa3e21): че с майном блят
[14:10:17] GOLDENDUSST (a0ee3527-abbd-3f28-bd2e-ff7c77b23497): не трогай меня я и так в тильте
[14:10:29] ItsFartunaRu (87aa0b4c-629f-3cae-a9c4-787ca2fa3e21): хпавпхвахп новый повод для убийства
[14:10:30] GOLDENDUSST (a0ee3527-abbd-3f28-bd2e-ff7c77b23497): Я проебал где то 54 енд ор
[14:10:38] ItsFartunaRu (87aa0b4c-629f-3cae-a9c4-787ca2fa3e21): я спиздил бро
[14:10:46] GOLDENDUSST (a0ee3527-abbd-3f28-bd2e-ff7c77b23497): Ладно
[14:11:08] ItsFartunaRu (87aa0b4c-629f-3cae-a9c4-787ca2fa3e21): запускай машинку
[14:11:14] ItsFartunaRu (87aa0b4c-629f-3cae-a9c4-787ca2fa3e21): тростника
[14:11:32] ItsFartunaRu (87aa0b4c-629f-3cae-a9c4-787ca2fa3e21): нихуясе
[14:11:37] ItsFartunaRu (87aa0b4c-629f-3cae-a9c4-787ca2fa3e21): блятььььььььььььььььььььььььььььэ
[14:11:44] GOLDENDUSST (a0ee3527-abbd-3f28-bd2e-ff7c77b23497): Руниш я проебал 54 енд ор
[14:11:45] ItsFartunaRu (87aa0b4c-629f-3cae-a9c4-787ca2fa3e21): я ломаю кароче
[14:11:53] ItsFartunaRu (87aa0b4c-629f-3cae-a9c4-787ca2fa3e21): дядь
[14:11:56] ItsFartunaRu (87aa0b4c-629f-3cae-a9c4-787ca2fa3e21): плачу алмазес
[14:12:00] ItsFartunaRu (87aa0b4c-629f-3cae-a9c4-787ca2fa3e21): за убийство руины
[14:12:06] GOLDENDUSST (a0ee3527-abbd-3f28-bd2e-ff7c77b23497): скок
[14:12:14] ItsFartunaRu (87aa0b4c-629f-3cae-a9c4-787ca2fa3e21): хз
[14:12:27] saikonohack (61d3e846-cfe0-3e5b-b41b-772c1020819e): team join play
[14:12:49] RunishYT (deb2ebb7-8562-3728-8ba8-ec800da9360c): ахуеннен
[14:12:58] RunishYT (deb2ebb7-8562-3728-8ba8-ec800da9360c): а ведь меня не было всего один день
[14:13:09] ItsFartunaRu (87aa0b4c-629f-3cae-a9c4-787ca2fa3e21): руина я кинул лавакаст на твой порт
[14:13:09] RunishYT (deb2ebb7-8562-3728-8ba8-ec800da9360c): а ведь меня не было всего один день
[14:13:11] GOLDENDUSST (a0ee3527-abbd-3f28-bd2e-ff7c77b23497): че
[14:13:17] ItsFartunaRu (87aa0b4c-629f-3cae-a9c4-787ca2fa3e21): воу
[14:13:27] GOLDENDUSST (a0ee3527-abbd-3f28-bd2e-ff7c77b23497): Да блять несколько мгновений назад они были
[14:13:36] ItsFartunaRu (87aa0b4c-629f-3cae-a9c4-787ca2fa3e21): биляяяяяяяя
[14:13:45] ItsFartunaRu (87aa0b4c-629f-3cae-a9c4-787ca2fa3e21): дядь эт прикол
[14:13:45] RunishYT (deb2ebb7-8562-3728-8ba8-ec800da9360c): лови пиора
[14:13:46] ItsFartunaRu (87aa0b4c-629f-3cae-a9c4-787ca2fa3e21): шутка
[14:13:55] ItsFartunaRu (87aa0b4c-629f-3cae-a9c4-787ca2fa3e21): я ему хочу заплатить за твой килл
[14:13:57] RunishYT (deb2ebb7-8562-3728-8ba8-ec800da9360c): бляяять.
[14:14:04] ItsFartunaRu (87aa0b4c-629f-3cae-a9c4-787ca2fa3e21): хотя я тебя и один
[14:14:06] RunishYT (deb2ebb7-8562-3728-8ba8-ec800da9360c): ни меня
[14:14:07] ItsFartunaRu (87aa0b4c-629f-3cae-a9c4-787ca2fa3e21): ты теперь без лука
[14:14:11] ItsFartunaRu (87aa0b4c-629f-3cae-a9c4-787ca2fa3e21): на 25 миллионов мощи
[14:14:16] ItsFartunaRu (87aa0b4c-629f-3cae-a9c4-787ca2fa3e21): лутаем
[14:14:26] GOLDENDUSST (a0ee3527-abbd-3f28-bd2e-ff7c77b23497): Фартуна гриф блять
[14:14:29] ItsFartunaRu (87aa0b4c-629f-3cae-a9c4-787ca2fa3e21): КУ
[14:14:42] GOLDENDUSST (a0ee3527-abbd-3f28-bd2e-ff7c77b23497): вещи верни уебан
[14:15:06] Lolaol (87ad5a86-9b00-3567-aad2-09baa248d884): дай зажигалку на спавн попасть через незер там портал взорвался
[14:15:24] ItsFartunaRu (87aa0b4c-629f-3cae-a9c4-787ca2fa3e21): собирай его ресы еблан
[14:15:30] Lolaol (87ad5a86-9b00-3567-aad2-09baa248d884): спасибо
[14:15:30] ItsFartunaRu (87aa0b4c-629f-3cae-a9c4-787ca2fa3e21): они щас пропадут
[14:15:36] GOLDENDUSST (a0ee3527-abbd-3f28-bd2e-ff7c77b23497): верни его речы блять
[14:15:45] ItsFartunaRu (87aa0b4c-629f-3cae-a9c4-787ca2fa3e21): блять мой трезуб
[14:15:49] ItsFartunaRu (87aa0b4c-629f-3cae-a9c4-787ca2fa3e21): ты его спиздил
[14:16:02] RunishYT (deb2ebb7-8562-3728-8ba8-ec800da9360c): блять хвле ты такой долбаеб очевидно было
[14:16:18] GOLDENDUSST (a0ee3527-abbd-3f28-bd2e-ff7c77b23497): Короч фартук ты теперь в блек листе
[14:16:34] GOLDENDUSST (a0ee3527-abbd-3f28-bd2e-ff7c77b23497): ухади
[14:16:45] RunishYT (deb2ebb7-8562-3728-8ba8-ec800da9360c): Вова пиздец ты долбаеб было очевидно
[14:16:53] GOLDENDUSST (a0ee3527-abbd-3f28-bd2e-ff7c77b23497): Согл
[14:17:04] RunishYT (deb2ebb7-8562-3728-8ba8-ec800da9360c): блять ты пол ресов спиздил
[14:17:09] GOLDENDUSST (a0ee3527-abbd-3f28-bd2e-ff7c77b23497): Админы спасите на нашей базе еблан пиздит меня
[14:17:10] ItsFartunaRu (87aa0b4c-629f-3cae-a9c4-787ca2fa3e21): уебан
[14:17:11] ItsFartunaRu (87aa0b4c-629f-3cae-a9c4-787ca2fa3e21): у меня нету
[14:17:27] GOLDENDUSST (a0ee3527-abbd-3f28-bd2e-ff7c77b23497): Хотя он в черном списке
[14:17:30] RunishYT (deb2ebb7-8562-3728-8ba8-ec800da9360c): пиздец верни трезубец
[14:17:34] ItsFartunaRu (87aa0b4c-629f-3cae-a9c4-787ca2fa3e21): у тебя
[14:17:40] ItsFartunaRu (87aa0b4c-629f-3cae-a9c4-787ca2fa3e21): у меня нету
[14:17:56] ItsFartunaRu (87aa0b4c-629f-3cae-a9c4-787ca2fa3e21): узбек ебучий
[14:17:59] RunishYT (deb2ebb7-8562-3728-8ba8-ec800da9360c): ты всю еду спиздил
[14:18:01] GOLDENDUSST (a0ee3527-abbd-3f28-bd2e-ff7c77b23497): ливни с базы
[14:18:10] RunishYT (deb2ebb7-8562-3728-8ba8-ec800da9360c): верни жрать
[14:18:16] ItsFartunaRu (87aa0b4c-629f-3cae-a9c4-787ca2fa3e21): никогда
[14:18:17] GOLDENDUSST (a0ee3527-abbd-3f28-bd2e-ff7c77b23497): пизда броне
[14:18:27] ItsFartunaRu (87aa0b4c-629f-3cae-a9c4-787ca2fa3e21): вы ебали мою базу 3 часа
[14:18:47] RunishYT (deb2ebb7-8562-3728-8ba8-ec800da9360c): все тебе пизда захожу с пк
[14:19:22] ItsFartunaRu (87aa0b4c-629f-3cae-a9c4-787ca2fa3e21): 1 на 1 тогда
[14:19:26] ItsFartunaRu (87aa0b4c-629f-3cae-a9c4-787ca2fa3e21): и я пошёл за гплами
[14:19:35] [CAPS] ItsFartunaRu (87aa0b4c-629f-3cae-a9c4-787ca2fa3e21): пахвпхвапвапх
[14:19:40] ItsFartunaRu (87aa0b4c-629f-3cae-a9c4-787ca2fa3e21): еблан где тотем
[14:19:53] GOLDENDUSST (a0ee3527-abbd-3f28-bd2e-ff7c77b23497): Сука ты заебал ливни с базы
[14:20:06] ItsFartunaRu (87aa0b4c-629f-3cae-a9c4-787ca2fa3e21): заходи с пк
[14:20:22] [CAPS] ItsFartunaRu (87aa0b4c-629f-3cae-a9c4-787ca2fa3e21): блять трапка
[14:20:32] GOLDENDUSST (a0ee3527-abbd-3f28-bd2e-ff7c77b23497): Блять
[14:20:47] GOLDENDUSST (a0ee3527-abbd-3f28-bd2e-ff7c77b23497): Дарклайт или сайк кикните пж с нашей базы фартуну
[14:20:56] GOLDENDUSST (a0ee3527-abbd-3f28-bd2e-ff7c77b23497): Заебал
[14:20:56] ItsFartunaRu (87aa0b4c-629f-3cae-a9c4-787ca2fa3e21): ноу это гриф
[14:20:57] 1DarkLight1 (55ea8335-29fe-3a45-98bc-0ec3f0da1e2e): а чё он
[14:21:02] ItsFartunaRu (87aa0b4c-629f-3cae-a9c4-787ca2fa3e21): отчистка зада голд
[14:21:05] GOLDENDUSST (a0ee3527-abbd-3f28-bd2e-ff7c77b23497): Килляет
[14:21:09] 1DarkLight1 (55ea8335-29fe-3a45-98bc-0ec3f0da1e2e): он войну объявлял не?
[14:21:12] ItsFartunaRu (87aa0b4c-629f-3cae-a9c4-787ca2fa3e21): да
[14:21:19] GOLDENDUSST (a0ee3527-abbd-3f28-bd2e-ff7c77b23497): Нет блять он просто киляет
[14:21:23] ItsFartunaRu (87aa0b4c-629f-3cae-a9c4-787ca2fa3e21): можн я его взрвы
[14:21:24] GOLDENDUSST (a0ee3527-abbd-3f28-bd2e-ff7c77b23497): Ради веселья
[14:21:24] RunishYT (deb2ebb7-8562-3728-8ba8-ec800da9360c): блять гений ты правил сервера незнаешь
[14:21:28] ItsFartunaRu (87aa0b4c-629f-3cae-a9c4-787ca2fa3e21): взрыв ебла
[14:21:28] 1DarkLight1 (55ea8335-29fe-3a45-98bc-0ec3f0da1e2e): ItsFartunaRu где книга могу спросить
[14:21:32] ItsFartunaRu (87aa0b4c-629f-3cae-a9c4-787ca2fa3e21): какая
[14:21:34] 1DarkLight1 (55ea8335-29fe-3a45-98bc-0ec3f0da1e2e): или кому из админов писал
[14:21:36] ItsFartunaRu (87aa0b4c-629f-3cae-a9c4-787ca2fa3e21): фанфик?
[14:21:40] RunishYT (deb2ebb7-8562-3728-8ba8-ec800da9360c): админ правила своего же сервера незнает
[14:21:45] ItsFartunaRu (87aa0b4c-629f-3cae-a9c4-787ca2fa3e21): да
[14:21:47] 1DarkLight1 (55ea8335-29fe-3a45-98bc-0ec3f0da1e2e): "официально задокументированно"
[14:21:49] 1DarkLight1 (55ea8335-29fe-3a45-98bc-0ec3f0da1e2e): где документ
[14:21:55] ItsFartunaRu (87aa0b4c-629f-3cae-a9c4-787ca2fa3e21): че
[14:21:57] RunishYT (deb2ebb7-8562-3728-8ba8-ec800da9360c): гений прочитай заново
[14:22:20] 1DarkLight1 (55ea8335-29fe-3a45-98bc-0ec3f0da1e2e): ты может быть прочитаешь блять
[14:22:26] GOLDENDUSST (a0ee3527-abbd-3f28-bd2e-ff7c77b23497): Прост тп фартука на спавн заебал
[14:22:28] ItsFartunaRu (87aa0b4c-629f-3cae-a9c4-787ca2fa3e21): мне кароче похуй это месть за тотемы и киллы с лука
[14:22:31] GOLDENDUSST (a0ee3527-abbd-3f28-bd2e-ff7c77b23497): Меня
[14:22:33] RunishYT (deb2ebb7-8562-3728-8ba8-ec800da9360c): вот фартук он долбаеб??
[14:22:35] GOLDENDUSST (a0ee3527-abbd-3f28-bd2e-ff7c77b23497): Этот уебан
[14:22:36] ItsFartunaRu (87aa0b4c-629f-3cae-a9c4-787ca2fa3e21): на 25 мощи
[14:22:47] ItsFartunaRu (87aa0b4c-629f-3cae-a9c4-787ca2fa3e21): тысяч
[14:23:01] GOLDENDUSST (a0ee3527-abbd-3f28-bd2e-ff7c77b23497): Еблан я блять тебя прост так не килял только когда ты пиздил меня
[14:23:05] ItsFartunaRu (87aa0b4c-629f-3cae-a9c4-787ca2fa3e21): теперь у них нету лука я делаю разминку ачка
[14:23:06] 1DarkLight1 (55ea8335-29fe-3a45-98bc-0ec3f0da1e2e): "В случае если вам объявили войну, и она документально подтверждена -.."
[14:23:09] 1DarkLight1 (55ea8335-29fe-3a45-98bc-0ec3f0da1e2e): где документ
[14:23:10] 1DarkLight1 (55ea8335-29fe-3a45-98bc-0ec3f0da1e2e): пидарас
[14:23:13] GOLDENDUSST (a0ee3527-abbd-3f28-bd2e-ff7c77b23497): Какая нахуй месть если ты сам начинаешь конфликт
[14:23:14] RunishYT (deb2ebb7-8562-3728-8ba8-ec800da9360c): дарк
[14:23:14] AviKgolD1 (fe9f4036-69b5-38be-a9c3-1d860d8c4398): фартуна можешь мне продать голову голдендаста
[14:23:16] RunishYT (deb2ebb7-8562-3728-8ba8-ec800da9360c): блять
[14:23:20] ItsFartunaRu (87aa0b4c-629f-3cae-a9c4-787ca2fa3e21): да
[14:23:31] ItsFartunaRu (87aa0b4c-629f-3cae-a9c4-787ca2fa3e21): нахуя документ
[14:23:36] ItsFartunaRu (87aa0b4c-629f-3cae-a9c4-787ca2fa3e21): покажи пункт в правилах
[14:23:44] 1DarkLight1 (55ea8335-29fe-3a45-98bc-0ec3f0da1e2e): в тикете написан вопрос
[14:23:49] 1DarkLight1 (55ea8335-29fe-3a45-98bc-0ec3f0da1e2e): вот тебе и пункт
[14:23:53] RunishYT (deb2ebb7-8562-3728-8ba8-ec800da9360c): особые правила блять с админами сука обсуждаются
[14:23:54] ItsFartunaRu (87aa0b4c-629f-3cae-a9c4-787ca2fa3e21): ты че еблан
[14:23:59] 1DarkLight1 (55ea8335-29fe-3a45-98bc-0ec3f0da1e2e): или ты решил объявить войну и сказать об этом самому себе?
[14:24:04] ItsFartunaRu (87aa0b4c-629f-3cae-a9c4-787ca2fa3e21): войны нет
[14:24:05] ItsFartunaRu (87aa0b4c-629f-3cae-a9c4-787ca2fa3e21): !
[14:24:07] ItsFartunaRu (87aa0b4c-629f-3cae-a9c4-787ca2fa3e21): это месть
[14:24:11] ItsFartunaRu (87aa0b4c-629f-3cae-a9c4-787ca2fa3e21): за килсс
[14:24:18] ItsFartunaRu (87aa0b4c-629f-3cae-a9c4-787ca2fa3e21): голд отдай голову пж
[14:24:42] 1DarkLight1 (55ea8335-29fe-3a45-98bc-0ec3f0da1e2e): ItsFartunaRu и сколько раз ты ему так отомстил?
[14:24:42] ItsFartunaRu (87aa0b4c-629f-3cae-a9c4-787ca2fa3e21): кароче тогда объявляю войну всё
[14:24:46] ItsFartunaRu (87aa0b4c-629f-3cae-a9c4-787ca2fa3e21): 1
[14:24:46] GOLDENDUSST (a0ee3527-abbd-3f28-bd2e-ff7c77b23497): Еблан какая нахуй месть если я тебя нахуй не килял если ты сам не начинал конфликт ебаный ты пидарас
[14:24:53] ItsFartunaRu (87aa0b4c-629f-3cae-a9c4-787ca2fa3e21): он меня кильнул более 10
[14:24:59] ItsFartunaRu (87aa0b4c-629f-3cae-a9c4-787ca2fa3e21): и дахуя снёс тотемов
[14:24:59] 1DarkLight1 (55ea8335-29fe-3a45-98bc-0ec3f0da1e2e): GOLDENDUSST сколько раз он тебя убил?)_
[14:25:05] AviKgolD1 (fe9f4036-69b5-38be-a9c3-1d860d8c4398): за 10 алмазов ты все равно их там валишь
[14:25:08] ItsFartunaRu (87aa0b4c-629f-3cae-a9c4-787ca2fa3e21): еблан логи чекни
[14:25:10] GOLDENDUSST (a0ee3527-abbd-3f28-bd2e-ff7c77b23497): 1 только что
[14:25:23] 1DarkLight1 (55ea8335-29fe-3a45-98bc-0ec3f0da1e2e): ItsFartunaRu пиздуй с базы, пиши в книгу война и правила
[14:25:26] 1DarkLight1 (55ea8335-29fe-3a45-98bc-0ec3f0da1e2e): потом кидаешь это админу
[14:25:32] ItsFartunaRu (87aa0b4c-629f-3cae-a9c4-787ca2fa3e21): админу не
[14:25:38] 1DarkLight1 (55ea8335-29fe-3a45-98bc-0ec3f0da1e2e): GOLDENDUSST если всего 1 раз то похуй ему ничего не будет
[14:25:43] ItsFartunaRu (87aa0b4c-629f-3cae-a9c4-787ca2fa3e21): биля гриф базы нельзя да
[14:25:50] 1DarkLight1 (55ea8335-29fe-3a45-98bc-0ec3f0da1e2e): ItsFartunaRu тогда условия войны что только убийства
[14:25:55] 1DarkLight1 (55ea8335-29fe-3a45-98bc-0ec3f0da1e2e): загрифонишь базу = откат+бан
[14:26:04] ItsFartunaRu (87aa0b4c-629f-3cae-a9c4-787ca2fa3e21): на гриф похй
[14:26:07] ItsFartunaRu (87aa0b4c-629f-3cae-a9c4-787ca2fa3e21): над киллс
[14:26:10] ItsFartunaRu (87aa0b4c-629f-3cae-a9c4-787ca2fa3e21): и спиздить ресы
[14:26:14] ItsFartunaRu (87aa0b4c-629f-3cae-a9c4-787ca2fa3e21): мой трезуб
[14:26:15] 1DarkLight1 (55ea8335-29fe-3a45-98bc-0ec3f0da1e2e): тогда я уже сказал чё делать
[14:26:16] 1DarkLight1 (55ea8335-29fe-3a45-98bc-0ec3f0da1e2e): повелеваю
[14:26:23] RunishYT (deb2ebb7-8562-3728-8ba8-ec800da9360c): бля короч объявляю войну фартуне и взрываю его базу
[14:26:32] 1DarkLight1 (55ea8335-29fe-3a45-98bc-0ec3f0da1e2e): RunishYT в книгу это пишется
[14:26:34] RunishYT (deb2ebb7-8562-3728-8ba8-ec800da9360c): ахуенен
[14:26:39] 1DarkLight1 (55ea8335-29fe-3a45-98bc-0ec3f0da1e2e): если её проебёшь то война недействительна
[14:26:39] ItsFartunaRu (87aa0b4c-629f-3cae-a9c4-787ca2fa3e21): еблан я щас около тебя с 3 стаками тротила
[14:27:04] ItsFartunaRu (87aa0b4c-629f-3cae-a9c4-787ca2fa3e21): биля авик подари книгу я бомж
[14:27:18] AviKgolD1 (fe9f4036-69b5-38be-a9c3-1d860d8c4398): инвент строим
[14:27:30] ItsFartunaRu (87aa0b4c-629f-3cae-a9c4-787ca2fa3e21): бровл стурс?
[14:27:41] AviKgolD1 (fe9f4036-69b5-38be-a9c3-1d860d8c4398): типо
[14:27:45] RunishYT (deb2ebb7-8562-3728-8ba8-ec800da9360c): ты долбаеб очевидно было что роджест так поступит
[14:27:49] RunishYT (deb2ebb7-8562-3728-8ba8-ec800da9360c): также Вова
[14:28:06] ItsFartunaRu (87aa0b4c-629f-3cae-a9c4-787ca2fa3e21): э голд подари книгу на войну
[14:28:14] GOLDENDUSST (a0ee3527-abbd-3f28-bd2e-ff7c77b23497): Или нахуй
[14:28:27] ItsFartunaRu (87aa0b4c-629f-3cae-a9c4-787ca2fa3e21): биля я твои корды запомнил
[14:28:51] RunishYT (deb2ebb7-8562-3728-8ba8-ec800da9360c): долбаеб нахуй ты меня убил сука
[14:29:08] GOLDENDUSST (a0ee3527-abbd-3f28-bd2e-ff7c77b23497): Я повёлся на разводилово
[14:29:08] RunishYT (deb2ebb7-8562-3728-8ba8-ec800da9360c): блять заебал я блять тебя не убиваю блять потому что ты блять потом тильтанешь
[14:29:20] RunishYT (deb2ebb7-8562-3728-8ba8-ec800da9360c): ты заебал блять
[14:29:41] GOLDENDUSST (a0ee3527-abbd-3f28-bd2e-ff7c77b23497): Прост я проебав где то так многа ебаных енд оо
[14:29:50] GOLDENDUSST (a0ee3527-abbd-3f28-bd2e-ff7c77b23497): и я втитльте
[14:30:02] RunishYT (deb2ebb7-8562-3728-8ba8-ec800da9360c): да блять они встречаются как железо
[14:30:10] GOLDENDUSST (a0ee3527-abbd-3f28-bd2e-ff7c77b23497): нет
[14:30:17] GOLDENDUSST (a0ee3527-abbd-3f28-bd2e-ff7c77b23497): Я весь день летал искал
[14:30:30] RunishYT (deb2ebb7-8562-3728-8ba8-ec800da9360c): нахуя тебе энд ор?
[14:30:52] RunishYT (deb2ebb7-8562-3728-8ba8-ec800da9360c): нахуя тебе энд ор?
[14:30:57] GOLDENDUSST (a0ee3527-abbd-3f28-bd2e-ff7c77b23497): Сайк денег даст а ещё он читает локал
[14:31:07] GOLDENDUSST (a0ee3527-abbd-3f28-bd2e-ff7c77b23497): многа
[14:31:10] GOLDENDUSST (a0ee3527-abbd-3f28-bd2e-ff7c77b23497): деняк
[14:31:15] RunishYT (deb2ebb7-8562-3728-8ba8-ec800da9360c): За что?
[14:31:26] RunishYT (deb2ebb7-8562-3728-8ba8-ec800da9360c): за ор??
[14:31:32] GOLDENDUSST (a0ee3527-abbd-3f28-bd2e-ff7c77b23497): в банке курс одна руда за 15 алмов
[14:31:36] RunishYT (deb2ebb7-8562-3728-8ba8-ec800da9360c): как ты сдох?
[14:31:45] GOLDENDUSST (a0ee3527-abbd-3f28-bd2e-ff7c77b23497): я не сдох
[14:31:51] GOLDENDUSST (a0ee3527-abbd-3f28-bd2e-ff7c77b23497): она потерялась где тг
[14:31:59] RunishYT (deb2ebb7-8562-3728-8ba8-ec800da9360c): блять гений
[14:32:26] RunishYT (deb2ebb7-8562-3728-8ba8-ec800da9360c): ферму роз построил?
[14:32:51] GOLDENDUSST (a0ee3527-abbd-3f28-bd2e-ff7c77b23497): Сука как я прослежу где она это не зависит сука от умственых способностей единственный тупой здесь ты так как думаешь что память и внимательность зависит от ума
[14:33:13] RunishYT (deb2ebb7-8562-3728-8ba8-ec800da9360c): ферму роз построил?
[14:33:20] GOLDENDUSST (a0ee3527-abbd-3f28-bd2e-ff7c77b23497): нет
[14:33:49] RunishYT (deb2ebb7-8562-3728-8ba8-ec800da9360c): мммммм блять
[14:33:59] ItsFartunaRu (87aa0b4c-629f-3cae-a9c4-787ca2fa3e21): cfqr
[14:34:01] ItsFartunaRu (87aa0b4c-629f-3cae-a9c4-787ca2fa3e21): сайк
[14:34:04] ItsFartunaRu (87aa0b4c-629f-3cae-a9c4-787ca2fa3e21): продай шалкеров
[14:34:11] ItsFartunaRu (87aa0b4c-629f-3cae-a9c4-787ca2fa3e21): мёртвых
[14:34:19] RunishYT (deb2ebb7-8562-3728-8ba8-ec800da9360c): ну блять ты гений знаешь что у тебя хуевая память но при этом корды не фоткаешь
[14:34:25] RunishYT (deb2ebb7-8562-3728-8ba8-ec800da9360c): "да я запомню"
[14:34:37] GOLDENDUSST (a0ee3527-abbd-3f28-bd2e-ff7c77b23497): Ты еблан?
[14:34:45] ItsFartunaRu (87aa0b4c-629f-3cae-a9c4-787ca2fa3e21): блятььььь заюзал креатив для постройки пиздец
[14:34:46] GOLDENDUSST (a0ee3527-abbd-3f28-bd2e-ff7c77b23497): Какие корды блять
[14:34:55] GOLDENDUSST (a0ee3527-abbd-3f28-bd2e-ff7c77b23497): Причём тут они
[14:35:36] RunishYT (deb2ebb7-8562-3728-8ba8-ec800da9360c): блять ты их хотябы помнишь в каком измерений просрал?
[14:35:49] GOLDENDUSST (a0ee3527-abbd-3f28-bd2e-ff7c77b23497): Я даже не заметил как они пропали
[14:36:19] GOLDENDUSST (a0ee3527-abbd-3f28-bd2e-ff7c77b23497): Похуй
[14:36:30] RunishYT (deb2ebb7-8562-3728-8ba8-ec800da9360c): дай фурки я пойду копать их
[14:36:50] GOLDENDUSST (a0ee3527-abbd-3f28-bd2e-ff7c77b23497): порох два стака в фармилке
[14:36:51] RunishYT (deb2ebb7-8562-3728-8ba8-ec800da9360c): энд ор взрывается?
[14:36:55] GOLDENDUSST (a0ee3527-abbd-3f28-bd2e-ff7c77b23497): бумага здесь
[14:36:59] GOLDENDUSST (a0ee3527-abbd-3f28-bd2e-ff7c77b23497): стой
[14:37:02] GOLDENDUSST (a0ee3527-abbd-3f28-bd2e-ff7c77b23497): еблан
[14:37:14] RunishYT (deb2ebb7-8562-3728-8ba8-ec800da9360c): энд ор взрывается?
[14:37:38] RunishYT (deb2ebb7-8562-3728-8ba8-ec800da9360c): ясно щас сам проверю
[14:37:47] RunishYT (deb2ebb7-8562-3728-8ba8-ec800da9360c): прости сайк
[14:38:47] ItsFartunaRu (87aa0b4c-629f-3cae-a9c4-787ca2fa3e21): нихуясе 16 тпс
[14:39:06] RunishYT (deb2ebb7-8562-3728-8ba8-ec800da9360c): блять
[14:39:24] RunishYT (deb2ebb7-8562-3728-8ba8-ec800da9360c): -15 алмазов в обмен на знание
[14:39:40] GOLDENDUSST (a0ee3527-abbd-3f28-bd2e-ff7c77b23497): Че
[14:39:51] RunishYT (deb2ebb7-8562-3728-8ba8-ec800da9360c): я проверил взрывается ли энд ор
[14:39:53] GOLDENDUSST (a0ee3527-abbd-3f28-bd2e-ff7c77b23497): поч ты здесь
[14:39:59] ItsFartunaRu (87aa0b4c-629f-3cae-a9c4-787ca2fa3e21): еблан
[14:40:32] Lolaol (87ad5a86-9b00-3567-aad2-09baa248d884): я пошол искать место для нового дома
[14:40:39] RunishYT (deb2ebb7-8562-3728-8ba8-ec800da9360c): ты ее где копал?
[14:41:54] RunishYT (deb2ebb7-8562-3728-8ba8-ec800da9360c): блять Вова
[14:42:28] GOLDENDUSST (a0ee3527-abbd-3f28-bd2e-ff7c77b23497): Че
[14:42:33] RunishYT (deb2ebb7-8562-3728-8ba8-ec800da9360c): ты ее где копал?
[14:42:37] RunishYT (deb2ebb7-8562-3728-8ba8-ec800da9360c): энд ор
[14:42:59] ItsFartunaRu (87aa0b4c-629f-3cae-a9c4-787ca2fa3e21): блятьь тпс сдох из-за спавнрейта
[14:43:00] GOLDENDUSST (a0ee3527-abbd-3f28-bd2e-ff7c77b23497): Да блять
[14:43:14] RunishYT (deb2ebb7-8562-3728-8ba8-ec800da9360c): где ты сдох?
[14:43:24] GOLDENDUSST (a0ee3527-abbd-3f28-bd2e-ff7c77b23497): Когда отвечал сдох
[14:43:32] GOLDENDUSST (a0ee3527-abbd-3f28-bd2e-ff7c77b23497): Когда писал сдох
[14:43:37] RunishYT (deb2ebb7-8562-3728-8ba8-ec800da9360c): где ты сдох?
[14:43:39] RunishYT (deb2ebb7-8562-3728-8ba8-ec800da9360c): где ты сдох?
[14:43:39] RunishYT (deb2ebb7-8562-3728-8ba8-ec800da9360c): где ты сдох?
[14:43:40] RunishYT (deb2ebb7-8562-3728-8ba8-ec800da9360c): где ты сдох?
[14:43:41] GOLDENDUSST (a0ee3527-abbd-3f28-bd2e-ff7c77b23497): Сука тупые вопросы ебаный тебя бля ь
[14:44:04] RunishYT (deb2ebb7-8562-3728-8ba8-ec800da9360c): блять
[14:44:30] RunishYT (deb2ebb7-8562-3728-8ba8-ec800da9360c): пиздец тупые вопросы блять
[14:44:46] GOLDENDUSST (a0ee3527-abbd-3f28-bd2e-ff7c77b23497): Да блят сука рассказать всем секрет
[14:46:58] ItsFartunaRu (87aa0b4c-629f-3cae-a9c4-787ca2fa3e21): кароче руина и дуст вам пизда объявляю войну
[14:47:01] GOLDENDUSST (a0ee3527-abbd-3f28-bd2e-ff7c77b23497): Сука хули ты такой тупо
[14:47:08] RunishYT (deb2ebb7-8562-3728-8ba8-ec800da9360c): блять иди нахуй
[14:47:19] ItsFartunaRu (87aa0b4c-629f-3cae-a9c4-787ca2fa3e21): жди эсс дробилку
[14:47:21] GOLDENDUSST (a0ee3527-abbd-3f28-bd2e-ff7c77b23497): Сука дай объясню почему ты баун
[14:47:27] RunishYT (deb2ebb7-8562-3728-8ba8-ec800da9360c): где ты сдох?
[14:47:30] GOLDENDUSST (a0ee3527-abbd-3f28-bd2e-ff7c77b23497): Блять сюда иди
[14:47:44] GOLDENDUSST (a0ee3527-abbd-3f28-bd2e-ff7c77b23497): Я объясню в чем твоя ошибка и почему ты тупой
[14:47:59] RunishYT (deb2ebb7-8562-3728-8ba8-ec800da9360c): ты ресы вернул?
[14:48:12] GOLDENDUSST (a0ee3527-abbd-3f28-bd2e-ff7c77b23497): Да ты где
[14:48:29] RunishYT (deb2ebb7-8562-3728-8ba8-ec800da9360c): на базе блять хотел обменять а там обмен только через человека
[14:48:55] RunishYT (deb2ebb7-8562-3728-8ba8-ec800da9360c): бааан
[14:48:57] GOLDENDUSST (a0ee3527-abbd-3f28-bd2e-ff7c77b23497): ща я книге напишу
[14:51:34] GOLDENDUSST (a0ee3527-abbd-3f28-bd2e-ff7c77b23497): дай
[14:52:06] RunishYT (deb2ebb7-8562-3728-8ba8-ec800da9360c): я заметил что бредля руина
[14:54:33] GOLDENDUSST (a0ee3527-abbd-3f28-bd2e-ff7c77b23497): Сука фартуна у тебя мой топор?
[14:54:35] RunishYT (deb2ebb7-8562-3728-8ba8-ec800da9360c): бляя вообще про высоту спрашивал
[14:54:38] RunishYT (deb2ebb7-8562-3728-8ba8-ec800da9360c): просто я забыл
[14:54:46] ItsFartunaRu (87aa0b4c-629f-3cae-a9c4-787ca2fa3e21): я хз
[14:55:05] ItsFartunaRu (87aa0b4c-629f-3cae-a9c4-787ca2fa3e21): есть какойт
[14:55:08] ItsFartunaRu (87aa0b4c-629f-3cae-a9c4-787ca2fa3e21): есть какойт
[14:55:19] ItsFartunaRu (87aa0b4c-629f-3cae-a9c4-787ca2fa3e21): эфф5, починка, острота5, прочность
[14:55:25] GOLDENDUSST (a0ee3527-abbd-3f28-bd2e-ff7c77b23497): Незеритовый на чары эфф 5 нераз 3 починка острота 5 без шёлка и без удачи
[14:55:36] GOLDENDUSST (a0ee3527-abbd-3f28-bd2e-ff7c77b23497): Да уебан
[14:55:57] ItsFartunaRu (87aa0b4c-629f-3cae-a9c4-787ca2fa3e21): пруфани и дам
[14:55:57] GOLDENDUSST (a0ee3527-abbd-3f28-bd2e-ff7c77b23497): Верни нахуй блять ты киляешь и типо тролишь елси блять ты не помнишь что спиздил
[14:56:10] GOLDENDUSST (a0ee3527-abbd-3f28-bd2e-ff7c77b23497): Блять у тебя такой топор был сука?
[14:56:10] ItsFartunaRu (87aa0b4c-629f-3cae-a9c4-787ca2fa3e21): у тебя он был переменован?
[14:56:16] GOLDENDUSST (a0ee3527-abbd-3f28-bd2e-ff7c77b23497): Нет
[14:56:23] ItsFartunaRu (87aa0b4c-629f-3cae-a9c4-787ca2fa3e21): напиздываешь
[14:56:28] ItsFartunaRu (87aa0b4c-629f-3cae-a9c4-787ca2fa3e21): у тебя любая вещь
[14:56:31] ItsFartunaRu (87aa0b4c-629f-3cae-a9c4-787ca2fa3e21): под названием
[14:56:40] GOLDENDUSST (a0ee3527-abbd-3f28-bd2e-ff7c77b23497): Еблан только некоторые
[14:56:44] RunishYT (deb2ebb7-8562-3728-8ba8-ec800da9360c): не под а с
[14:56:53] GOLDENDUSST (a0ee3527-abbd-3f28-bd2e-ff7c77b23497): Штаны и нагрудник обычные как и кирки
[14:57:01] ItsFartunaRu (87aa0b4c-629f-3cae-a9c4-787ca2fa3e21): у меня тут кароче 3 топора
[14:57:07] ItsFartunaRu (87aa0b4c-629f-3cae-a9c4-787ca2fa3e21): 4 даже вроде
[14:57:16] RunishYT (deb2ebb7-8562-3728-8ba8-ec800da9360c): еблан я русский лучше тебя знаю хотя у нас его можно сдать если ты говоришь на русском без акцента
[14:57:18] GOLDENDUSST (a0ee3527-abbd-3f28-bd2e-ff7c77b23497): Сука точно не спиздил
[14:57:28] RunishYT (deb2ebb7-8562-3728-8ba8-ec800da9360c): и да пошьи нахуй я запятые не ставлю потому что лень
[14:57:35] ItsFartunaRu (87aa0b4c-629f-3cae-a9c4-787ca2fa3e21): 1 у руины 1 у тебя 1 у бредли 1 у себя
[14:57:40] ItsFartunaRu (87aa0b4c-629f-3cae-a9c4-787ca2fa3e21): машейнек
[14:57:49] GOLDENDUSST (a0ee3527-abbd-3f28-bd2e-ff7c77b23497): Верни пж
[14:58:01] ItsFartunaRu (87aa0b4c-629f-3cae-a9c4-787ca2fa3e21): бля щас стрелы сделаю дам
[14:58:10] ItsFartunaRu (87aa0b4c-629f-3cae-a9c4-787ca2fa3e21): и убью
[14:58:22] RunishYT (deb2ebb7-8562-3728-8ba8-ec800da9360c): у меня из-за текстур пака некоторые вещи переименовываются
[14:58:50] RunishYT (deb2ebb7-8562-3728-8ba8-ec800da9360c): поэтому у меня если я переделаю алмазный топор в незеритовый то у меня будет алмазный топор
[14:59:05] GOLDENDUSST (a0ee3527-abbd-3f28-bd2e-ff7c77b23497): Или я из мусорки достуна твой использованный презик на котором говно бредли и в нём твоя сперма я достану из презика сперму и заражу бомжиху ребёнком твоим
[14:59:14] RunishYT (deb2ebb7-8562-3728-8ba8-ec800da9360c): я незнал про это пока меня не ебнул Вова и не рассказал об этом
[14:59:19] GOLDENDUSST (a0ee3527-abbd-3f28-bd2e-ff7c77b23497): И ты будешь алименты плотить
[14:59:26] ItsFartunaRu (87aa0b4c-629f-3cae-a9c4-787ca2fa3e21): БЛЯТЬ
[14:59:45] GOLDENDUSST (a0ee3527-abbd-3f28-bd2e-ff7c77b23497): Бойся меня
[14:59:56] ItsFartunaRu (87aa0b4c-629f-3cae-a9c4-787ca2fa3e21): да похуй я кароче делаю стрелу
[15:00:03] ItsFartunaRu (87aa0b4c-629f-3cae-a9c4-787ca2fa3e21): и заставляю спать тебя раньше
[15:00:05] RunishYT (deb2ebb7-8562-3728-8ba8-ec800da9360c): золотую?
[15:00:09] ItsFartunaRu (87aa0b4c-629f-3cae-a9c4-787ca2fa3e21): 8
[15:00:13] ItsFartunaRu (87aa0b4c-629f-3cae-a9c4-787ca2fa3e21): да
[15:00:14] RunishYT (deb2ebb7-8562-3728-8ba8-ec800da9360c): стенд?
[15:00:18] ItsFartunaRu (87aa0b4c-629f-3cae-a9c4-787ca2fa3e21): декак
[15:00:57] RunishYT (deb2ebb7-8562-3728-8ba8-ec800da9360c): бля сайк скок платишь за помощь в построике бравл сурс мапы?
[15:00:58] GOLDENDUSST (a0ee3527-abbd-3f28-bd2e-ff7c77b23497): Адай топорик дядя или я сделаю то что делает ВСУ
[15:01:10] saikonohack (61d3e846-cfe0-3e5b-b41b-772c1020819e): леона
[15:01:13] saikonohack (61d3e846-cfe0-3e5b-b41b-772c1020819e): дам
[15:01:19] RunishYT (deb2ebb7-8562-3728-8ba8-ec800da9360c): хуйня есть
[15:01:21] GOLDENDUSST (a0ee3527-abbd-3f28-bd2e-ff7c77b23497): Изобью и изнасилую своих детей и скажу что это ты
[15:01:33] GOLDENDUSST (a0ee3527-abbd-3f28-bd2e-ff7c77b23497): Сделал
[15:01:37] ItsFartunaRu (87aa0b4c-629f-3cae-a9c4-787ca2fa3e21): дочь?
[15:01:45] GOLDENDUSST (a0ee3527-abbd-3f28-bd2e-ff7c77b23497): !Сыновья
[15:01:51] GOLDENDUSST (a0ee3527-abbd-3f28-bd2e-ff7c77b23497): И один транс
[15:01:53] ItsFartunaRu (87aa0b4c-629f-3cae-a9c4-787ca2fa3e21): бля тогда япротив
[15:02:07] GOLDENDUSST (a0ee3527-abbd-3f28-bd2e-ff7c77b23497): Ну тогда отдай
[15:02:13] GOLDENDUSST (a0ee3527-abbd-3f28-bd2e-ff7c77b23497): Мой топор
[15:02:13] ItsFartunaRu (87aa0b4c-629f-3cae-a9c4-787ca2fa3e21): лети на базу
[15:02:40] ItsFartunaRu (87aa0b4c-629f-3cae-a9c4-787ca2fa3e21): че за
[15:03:48] ItsFartunaRu (87aa0b4c-629f-3cae-a9c4-787ca2fa3e21): блять сайк ресетни серв
[15:04:03] ItsFartunaRu (87aa0b4c-629f-3cae-a9c4-787ca2fa3e21): перезагрузи
[15:04:11] ItsFartunaRu (87aa0b4c-629f-3cae-a9c4-787ca2fa3e21): он сдохнет нахуй
[15:06:32] RunishYT (deb2ebb7-8562-3728-8ba8-ec800da9360c): сайко
[15:06:52] RunishYT (deb2ebb7-8562-3728-8ba8-ec800da9360c): хуле в нас таблички с запретами исчезли
[15:10:16] RunishYT (deb2ebb7-8562-3728-8ba8-ec800da9360c): делайте блять базары
[15:10:28] RunishYT (deb2ebb7-8562-3728-8ba8-ec800da9360c): мне некуда алмы тратить
[15:10:36] saikonohack (61d3e846-cfe0-3e5b-b41b-772c1020819e): шалкеры купи
[15:10:51] RunishYT (deb2ebb7-8562-3728-8ba8-ec800da9360c): нахуя у меня есть
[15:10:52] ItsFartunaRu (87aa0b4c-629f-3cae-a9c4-787ca2fa3e21): жди щас буду тебя килл
[15:16:08] Lolaol (87ad5a86-9b00-3567-aad2-09baa248d884): как координаты включить?
[15:16:14] 1DarkLight1 (55ea8335-29fe-3a45-98bc-0ec3f0da1e2e): f3
[15:16:39] GOLDENDUSST (a0ee3527-abbd-3f28-bd2e-ff7c77b23497): Топ 3 полезных админа
[15:16:43] GOLDENDUSST (a0ee3527-abbd-3f28-bd2e-ff7c77b23497): 1 место
[15:16:55] 1DarkLight1 (55ea8335-29fe-3a45-98bc-0ec3f0da1e2e): щас ведь разрешу фартуку тебя на респе хуярить без причины
[15:17:02] Lolaol (87ad5a86-9b00-3567-aad2-09baa248d884): :/
[15:17:15] ItsFartunaRu (87aa0b4c-629f-3cae-a9c4-787ca2fa3e21): так блять
[15:17:19] ItsFartunaRu (87aa0b4c-629f-3cae-a9c4-787ca2fa3e21): я уже книгу сделал
[15:17:23] 1DarkLight1 (55ea8335-29fe-3a45-98bc-0ec3f0da1e2e): да
[15:17:23] ItsFartunaRu (87aa0b4c-629f-3cae-a9c4-787ca2fa3e21): уже можна да
[15:17:26] 1DarkLight1 (55ea8335-29fe-3a45-98bc-0ec3f0da1e2e): хз нахуй ты спойлеришь правда
[15:17:29] GOLDENDUSST (a0ee3527-abbd-3f28-bd2e-ff7c77b23497): Сайко вспомни что я сделал мем про тебя защити меня от чёрта ебаного
[15:17:32] 1DarkLight1 (55ea8335-29fe-3a45-98bc-0ec3f0da1e2e): сам себя уебал
[15:17:33] ItsFartunaRu (87aa0b4c-629f-3cae-a9c4-787ca2fa3e21): чтобы делать мем
[17:15:30] ItsFartunaRu (87aa0b4c-629f-3cae-a9c4-787ca2fa3e21): дядь продай шалкеры
[17:16:24] ItsFartunaRu (87aa0b4c-629f-3cae-a9c4-787ca2fa3e21): ладно тогда я сделаю это сам
[17:16:38] saikonohack (61d3e846-cfe0-3e5b-b41b-772c1020819e): да блять
[17:16:43] saikonohack (61d3e846-cfe0-3e5b-b41b-772c1020819e): я леона выбиваю
[17:16:50] ItsFartunaRu (87aa0b4c-629f-3cae-a9c4-787ca2fa3e21): воу
[17:17:26] ItsFartunaRu (87aa0b4c-629f-3cae-a9c4-787ca2fa3e21): я пошёл строить флаг украины на спавне
[17:20:15] ItsFartunaRu (87aa0b4c-629f-3cae-a9c4-787ca2fa3e21): кста ты ахуел юзать гм для постройки
[17:23:25] ItsFartunaRu (87aa0b4c-629f-3cae-a9c4-787ca2fa3e21): AviKgolD1 кто с тобой в клане
[17:24:02] AviKgolD1 (fe9f4036-69b5-38be-a9c3-1d860d8c4398): в дс сервере есть
[17:24:21] ItsFartunaRu (87aa0b4c-629f-3cae-a9c4-787ca2fa3e21): да мне прост над знать кто там состоит
[17:24:56] ItsFartunaRu (87aa0b4c-629f-3cae-a9c4-787ca2fa3e21): из-за того что бредля нихуя не делает мы почти бомжес
[17:25:26] AviKgolD1 (fe9f4036-69b5-38be-a9c3-1d860d8c4398): у меня нет в клане каких то узнаваемых людей
[17:26:48] AviKgolD1 (fe9f4036-69b5-38be-a9c3-1d860d8c4398): ща
[17:32:40] ItsFartunaRu (87aa0b4c-629f-3cae-a9c4-787ca2fa3e21): биля я думал что сайк с тобой в клане
[17:34:10] AviKgolD1 (fe9f4036-69b5-38be-a9c3-1d860d8c4398): не, мы просто в гс сидели
[17:34:48] ItsFartunaRu (87aa0b4c-629f-3cae-a9c4-787ca2fa3e21): ладн
[17:35:27] ItsFartunaRu (87aa0b4c-629f-3cae-a9c4-787ca2fa3e21): бля лайтнайт это тот чел
[17:35:43] ItsFartunaRu (87aa0b4c-629f-3cae-a9c4-787ca2fa3e21): которого я сначала хотел жёска отхуярить
[17:35:53] ItsFartunaRu (87aa0b4c-629f-3cae-a9c4-787ca2fa3e21): а потом купил у него данж
[17:36:00] AviKgolD1 (fe9f4036-69b5-38be-a9c3-1d860d8c4398): это тот чел который стримит
[17:36:02] ItsFartunaRu (87aa0b4c-629f-3cae-a9c4-787ca2fa3e21): ахуе мортобелло на ваниле
[17:36:31] MORTOBELLO (897cee06-3245-3fe4-b3ea-21a4df7312ac): .-.
[17:36:36] MORTOBELLO (897cee06-3245-3fe4-b3ea-21a4df7312ac): Да, странно
[17:36:54] ItsFartunaRu (87aa0b4c-629f-3cae-a9c4-787ca2fa3e21): авик ты ща в незерке да
[17:37:02] AviKgolD1 (fe9f4036-69b5-38be-a9c3-1d860d8c4398): да
[17:38:00] AviKgolD1 (fe9f4036-69b5-38be-a9c3-1d860d8c4398): гс
[17:38:25] MORTOBELLO (897cee06-3245-3fe4-b3ea-21a4df7312ac): Сбебранк?
[17:38:30] ItsFartunaRu (87aa0b4c-629f-3cae-a9c4-787ca2fa3e21): онлайн
[17:38:41] MORTOBELLO (897cee06-3245-3fe4-b3ea-21a4df7312ac): Забавно.
[17:39:38] ItsFartunaRu (87aa0b4c-629f-3cae-a9c4-787ca2fa3e21): биля, у тебя стоит тут опка?
[17:43:45] AviKgolD1 (fe9f4036-69b5-38be-a9c3-1d860d8c4398): нет
[17:44:46] MORTOBELLO (897cee06-3245-3fe4-b3ea-21a4df7312ac): Кхм.
[17:45:46] ItsFartunaRu (87aa0b4c-629f-3cae-a9c4-787ca2fa3e21): стоп че
[17:46:19] MORTOBELLO (897cee06-3245-3fe4-b3ea-21a4df7312ac): :)
[17:47:31] MORTOBELLO (897cee06-3245-3fe4-b3ea-21a4df7312ac): Мило.
[17:53:36] MORTOBELLO (897cee06-3245-3fe4-b3ea-21a4df7312ac): Мхе, пойду в геншин погамаю.
[17:53:44] ItsFartunaRu (87aa0b4c-629f-3cae-a9c4-787ca2fa3e21): пидарас
[17:53:47] ItsFartunaRu (87aa0b4c-629f-3cae-a9c4-787ca2fa3e21): точнее крутой чел
[17:53:54] MORTOBELLO (897cee06-3245-3fe4-b3ea-21a4df7312ac): Хм..
[17:54:10] ItsFartunaRu (87aa0b4c-629f-3cae-a9c4-787ca2fa3e21): блять гг я ливаю
[17:54:17] linch_56 (4a13fdd1-4752-378a-9e3b-91dd96e671b0): ладно
[17:54:30] linch_56 (4a13fdd1-4752-378a-9e3b-91dd96e671b0): ладно
[17:55:49] linch_56 (4a13fdd1-4752-378a-9e3b-91dd96e671b0): ку
[17:55:55] MORTOBELLO (897cee06-3245-3fe4-b3ea-21a4df7312ac): Привет-привет.
[17:57:00] ItsFartunaRu (87aa0b4c-629f-3cae-a9c4-787ca2fa3e21): бля над сделать бронь без шипов
[17:57:04] ItsFartunaRu (87aa0b4c-629f-3cae-a9c4-787ca2fa3e21): чтобы шалкер не сдох
[17:57:18] ItsFartunaRu (87aa0b4c-629f-3cae-a9c4-787ca2fa3e21): биля
[18:00:15] MORTOBELLO (897cee06-3245-3fe4-b3ea-21a4df7312ac): Хм.. Возле кого можно поселится?
[18:00:42] ItsFartunaRu (87aa0b4c-629f-3cae-a9c4-787ca2fa3e21): уф забираем тимейтов себе
[18:01:24] ItsFartunaRu (87aa0b4c-629f-3cae-a9c4-787ca2fa3e21): биля энд пёрла нету
[18:01:57] ItsFartunaRu (87aa0b4c-629f-3cae-a9c4-787ca2fa3e21): БЛЯТЬ пиглин меч спиздил
[18:03:39] MORTOBELLO (897cee06-3245-3fe4-b3ea-21a4df7312ac): Бодрого вечера
[18:03:57] MORTOBELLO (897cee06-3245-3fe4-b3ea-21a4df7312ac): Меня тут быть не должно, но я почему-то тут
[18:05:14] ItsFartunaRu (87aa0b4c-629f-3cae-a9c4-787ca2fa3e21): уф шалкеров заспавнилось
[18:06:14] MORTOBELLO (897cee06-3245-3fe4-b3ea-21a4df7312ac): Я должен быть на ответвлении модов)
[18:06:48] MORTOBELLO (897cee06-3245-3fe4-b3ea-21a4df7312ac): Погоди, проверю информацию
[18:07:00] [CAPS] ItsFartunaRu (87aa0b4c-629f-3cae-a9c4-787ca2fa3e21): да поймал
[18:07:38] MORTOBELLO (897cee06-3245-3fe4-b3ea-21a4df7312ac): Чтобы установить мод, требуется использовать версию Minecraft-клиента: Forge 1.18.2
[18:08:04] MORTOBELLO (897cee06-3245-3fe4-b3ea-21a4df7312ac): Если Вы используете просто ванильный клиент, мод установить не получится.
[18:08:19] MORTOBELLO (897cee06-3245-3fe4-b3ea-21a4df7312ac): А.
[18:08:29] MORTOBELLO (897cee06-3245-3fe4-b3ea-21a4df7312ac): https://www.curseforge.com/minecraft/mc-mods/plasmo-v
[18:09:12] ItsFartunaRu (87aa0b4c-629f-3cae-a9c4-787ca2fa3e21): этот дегенерат убил сам себя
[18:09:27] MORTOBELLO (897cee06-3245-3fe4-b3ea-21a4df7312ac): Если данная ссылка является не рабочей, возьмите эту
[18:09:28] MORTOBELLO (897cee06-3245-3fe4-b3ea-21a4df7312ac): https://www.curseforge.com/minecraft/mc-mods/plasmo-voice
[18:09:47] MORTOBELLO (897cee06-3245-3fe4-b3ea-21a4df7312ac): Я не мистер админ, а Мортобелло)
[18:10:03] MORTOBELLO (897cee06-3245-3fe4-b3ea-21a4df7312ac): Да, имеется
[18:10:27] MORTOBELLO (897cee06-3245-3fe4-b3ea-21a4df7312ac): Могу помочь Вам.
[18:10:47] MORTOBELLO (897cee06-3245-3fe4-b3ea-21a4df7312ac): Могу полностью снести, а потом отдать снесённые ресурсы
[18:14:33] MORTOBELLO (897cee06-3245-3fe4-b3ea-21a4df7312ac): Я заведую лишь разработкой сайта, дискорд-ботов, серверов с модами и лаунчером.
[18:15:21] ItsFartunaRu (87aa0b4c-629f-3cae-a9c4-787ca2fa3e21): продам
[18:15:59] MORTOBELLO (897cee06-3245-3fe4-b3ea-21a4df7312ac): Я около Вас поселюсь?
[18:16:12] MORTOBELLO (897cee06-3245-3fe4-b3ea-21a4df7312ac): Я в море)
[18:17:04] Lolaol (87ad5a86-9b00-3567-aad2-09baa248d884): его украли
[18:17:12] ItsFartunaRu (87aa0b4c-629f-3cae-a9c4-787ca2fa3e21): Runish
[18:17:14] ItsFartunaRu (87aa0b4c-629f-3cae-a9c4-787ca2fa3e21): кароче его
[18:17:22] ItsFartunaRu (87aa0b4c-629f-3cae-a9c4-787ca2fa3e21): пиши ему что я его продал
[18:17:26] ItsFartunaRu (87aa0b4c-629f-3cae-a9c4-787ca2fa3e21): биля
[18:17:36] ItsFartunaRu (87aa0b4c-629f-3cae-a9c4-787ca2fa3e21): сайкноуминет пойёдёт?
[18:17:51] ItsFartunaRu (87aa0b4c-629f-3cae-a9c4-787ca2fa3e21): сайкноуминет пойдёт?
[18:18:17] ItsFartunaRu (87aa0b4c-629f-3cae-a9c4-787ca2fa3e21): эт кличка с визерэсэмпэ
[18:18:35] ItsFartunaRu (87aa0b4c-629f-3cae-a9c4-787ca2fa3e21): уфффф
[18:18:36] ItsFartunaRu (87aa0b4c-629f-3cae-a9c4-787ca2fa3e21): кто кого
[18:20:09] MORTOBELLO (897cee06-3245-3fe4-b3ea-21a4df7312ac): Где можно поселится и сделать вечную зиму?
[18:20:21] MORTOBELLO (897cee06-3245-3fe4-b3ea-21a4df7312ac): Где именно?)
[18:20:42] MORTOBELLO (897cee06-3245-3fe4-b3ea-21a4df7312ac): Дома я строю изысканные
[18:21:44] MORTOBELLO (897cee06-3245-3fe4-b3ea-21a4df7312ac): М?
[18:21:52] MORTOBELLO (897cee06-3245-3fe4-b3ea-21a4df7312ac): Хм..
[18:21:55] MORTOBELLO (897cee06-3245-3fe4-b3ea-21a4df7312ac): Проверяю информацию
[18:22:09] MORTOBELLO (897cee06-3245-3fe4-b3ea-21a4df7312ac): Да, верно
[18:22:21] MORTOBELLO (897cee06-3245-3fe4-b3ea-21a4df7312ac): Не долго музыка играла, не долго фраер танцевал.
[18:23:09] Lolaol (87ad5a86-9b00-3567-aad2-09baa248d884): :)
[18:23:22] MORTOBELLO (897cee06-3245-3fe4-b3ea-21a4df7312ac): Как же мне от сюда выбраться..
[18:25:34] linch_56 (4a13fdd1-4752-378a-9e3b-91dd96e671b0): можно ли озеро заморозить
[18:45:13] MORTOBELLO (897cee06-3245-3fe4-b3ea-21a4df7312ac): Поминки
[18:45:32] linch_56 (4a13fdd1-4752-378a-9e3b-91dd96e671b0): )
[18:45:47] MORTOBELLO (897cee06-3245-3fe4-b3ea-21a4df7312ac): Ледовый биом оказался больше, чем я думал
[18:50:10] linch_56 (4a13fdd1-4752-378a-9e3b-91dd96e671b0): мортобелло спасибо за яблоки
[18:50:16] MORTOBELLO (897cee06-3245-3fe4-b3ea-21a4df7312ac): :)
[19:02:36] MORTOBELLO (897cee06-3245-3fe4-b3ea-21a4df7312ac): Ох..
[19:02:40] MORTOBELLO (897cee06-3245-3fe4-b3ea-21a4df7312ac): Куда тебя?
[19:03:30] MORTOBELLO (897cee06-3245-3fe4-b3ea-21a4df7312ac): На верху
[19:04:16] MORTOBELLO (897cee06-3245-3fe4-b3ea-21a4df7312ac): Такх, я скоро приду (надеемся что нет), я в геншин
[19:11:16] linch_56 (4a13fdd1-4752-378a-9e3b-91dd96e671b0): )
[21:04:21] Corwin4_ (09de6106-0819-3ca8-9b4c-af9ec585b9e9): чё нужно
[21:04:59] Corwin4_ (09de6106-0819-3ca8-9b4c-af9ec585b9e9): дарклайту стало тебя жалко он тебе инвиз дал
[21:05:28] MORTOBELLO (897cee06-3245-3fe4-b3ea-21a4df7312ac): Давай чуть познакомимся.
[21:05:48] Corwin4_ (09de6106-0819-3ca8-9b4c-af9ec585b9e9): ?
[21:05:52] Corwin4_ (09de6106-0819-3ca8-9b4c-af9ec585b9e9): ну привет
[21:05:53] MORTOBELLO (897cee06-3245-3fe4-b3ea-21a4df7312ac): Я владелец модовых серверов, а также со-владею данным сервером.
[21:05:54] Corwin4_ (09de6106-0819-3ca8-9b4c-af9ec585b9e9): я занят
[21:05:54] 1DarkLight1 (55ea8335-29fe-3a45-98bc-0ec3f0da1e2e): если так и делать то не слишком навязчиво
[21:06:00] Corwin4_ (09de6106-0819-3ca8-9b4c-af9ec585b9e9): слышал такое
