[09:52:53] Exren3588 (6c446cc9-8057-3d23-bf8e-87a39b8040c4): gjujlm
[09:52:55] Exren3588 (6c446cc9-8057-3d23-bf8e-87a39b8040c4): погодь
[09:53:00] Exren3588 (6c446cc9-8057-3d23-bf8e-87a39b8040c4): я с мамой говорю
[09:53:20] Exren3588 (6c446cc9-8057-3d23-bf8e-87a39b8040c4): оп
[09:54:34] NoUNameee742 (c7063b0c-07f3-33d0-83a5-5eb103b41da9): хахахахах
[09:54:49] NoUNameee742 (c7063b0c-07f3-33d0-83a5-5eb103b41da9): saikonohack ты и тут ник сменил)
[09:54:56] saikonohack (61d3e846-cfe0-3e5b-b41b-772c1020819e): ну да
[09:54:56] NoUNameee742 (c7063b0c-07f3-33d0-83a5-5eb103b41da9): я знаю почему)
[09:55:00] saikonohack (61d3e846-cfe0-3e5b-b41b-772c1020819e): давай
[09:55:10] NoUNameee742 (c7063b0c-07f3-33d0-83a5-5eb103b41da9): сайкоминет)
[09:55:29] saikonohack (61d3e846-cfe0-3e5b-b41b-772c1020819e): не правда. у меня скин не ставился, я и сменил
[09:55:36] NoUNameee742 (c7063b0c-07f3-33d0-83a5-5eb103b41da9): угу)
[09:55:39] saikonohack (61d3e846-cfe0-3e5b-b41b-772c1020819e): ага
[09:55:42] saikonohack (61d3e846-cfe0-3e5b-b41b-772c1020819e): ага
[09:56:08] NoUNameee742 (c7063b0c-07f3-33d0-83a5-5eb103b41da9): временный спавн?
[09:56:14] NoUNameee742 (c7063b0c-07f3-33d0-83a5-5eb103b41da9): временный спавн?
[09:56:22] saikonohack (61d3e846-cfe0-3e5b-b41b-772c1020819e): я локальный чат вижу)
[09:56:24] NoUNameee742 (c7063b0c-07f3-33d0-83a5-5eb103b41da9): а какой будет не временный
[09:56:26] NoUNameee742 (c7063b0c-07f3-33d0-83a5-5eb103b41da9): похуй
[09:56:33] NoUNameee742 (c7063b0c-07f3-33d0-83a5-5eb103b41da9): а я вижу?
[09:56:37] saikonohack (61d3e846-cfe0-3e5b-b41b-772c1020819e): нет
[09:56:41] NoUNameee742 (c7063b0c-07f3-33d0-83a5-5eb103b41da9): жаль
[09:56:43] saikonohack (61d3e846-cfe0-3e5b-b41b-772c1020819e): ибо у меня /op
[09:56:59] saikonohack (61d3e846-cfe0-3e5b-b41b-772c1020819e): временный - значит еще не построен до конца
[09:57:15] NoUNameee742 (c7063b0c-07f3-33d0-83a5-5eb103b41da9): не лучше самим новичкам его строить?
[09:57:31] saikonohack (61d3e846-cfe0-3e5b-b41b-772c1020819e): они и будут, мы времеено там пару фиговин сделали, и все
[09:57:52] NoUNameee742 (c7063b0c-07f3-33d0-83a5-5eb103b41da9): дай гм
[09:57:55] NoUNameee742 (c7063b0c-07f3-33d0-83a5-5eb103b41da9): мобы ебут
[09:58:17] NoUNameee742 (c7063b0c-07f3-33d0-83a5-5eb103b41da9): ура
[10:00:24] NoUNameee742 (c7063b0c-07f3-33d0-83a5-5eb103b41da9): что мне делать
[10:00:33] saikonohack (61d3e846-cfe0-3e5b-b41b-772c1020819e): просто стоять
[10:00:38] NoUNameee742 (c7063b0c-07f3-33d0-83a5-5eb103b41da9): круто.
[11:46:09] saikonohack (61d3e846-cfe0-3e5b-b41b-772c1020819e): give @p minecraft:player_head{SkullOwner:"Decakeee"}
[11:59:31] Exren3588 (6c446cc9-8057-3d23-bf8e-87a39b8040c4): че
[11:59:47] Exren3588 (6c446cc9-8057-3d23-bf8e-87a39b8040c4): надо
[12:00:04] Exren3588 (6c446cc9-8057-3d23-bf8e-87a39b8040c4): увидишь когда зайдёшь
[12:00:56] Exren3588 (6c446cc9-8057-3d23-bf8e-87a39b8040c4): новенький
[12:01:06] Exren3588 (6c446cc9-8057-3d23-bf8e-87a39b8040c4): левый чел либо с сайта либо его пригласили
[12:01:50] Exren3588 (6c446cc9-8057-3d23-bf8e-87a39b8040c4): челу интересно хорошийли сервер, че поделать
[12:04:31] Exren3588 (6c446cc9-8057-3d23-bf8e-87a39b8040c4): здох он
[12:05:19] Exren3588 (6c446cc9-8057-3d23-bf8e-87a39b8040c4): всм
[12:05:47] Exren3588 (6c446cc9-8057-3d23-bf8e-87a39b8040c4): будто я увижу сообщение
[12:06:10] Exren3588 (6c446cc9-8057-3d23-bf8e-87a39b8040c4): ну типо щас он временный
[12:06:17] Exren3588 (6c446cc9-8057-3d23-bf8e-87a39b8040c4): игроки будут строить, т ч
[12:06:44] Exren3588 (6c446cc9-8057-3d23-bf8e-87a39b8040c4): ну так в будущем да
[12:07:14] Exren3588 (6c446cc9-8057-3d23-bf8e-87a39b8040c4): там фрут заходил и спрашивал почему спавн временный, вот он ему и ответил
[12:07:23] Exren3588 (6c446cc9-8057-3d23-bf8e-87a39b8040c4): я тоже
[12:07:46] Exren3588 (6c446cc9-8057-3d23-bf8e-87a39b8040c4): лол
[12:08:21] Exren3588 (6c446cc9-8057-3d23-bf8e-87a39b8040c4): давай просыпайся, а не в афк стоищь
[12:08:26] Exren3588 (6c446cc9-8057-3d23-bf8e-87a39b8040c4): стоишь*
[12:10:53] Exren3588 (6c446cc9-8057-3d23-bf8e-87a39b8040c4): ну да
[12:11:13] Exren3588 (6c446cc9-8057-3d23-bf8e-87a39b8040c4): он и так может всё делать, так что похуй
[12:19:36] Exren3588 (6c446cc9-8057-3d23-bf8e-87a39b8040c4): отличный гайд на этот случай это поджав
[12:20:14] Exren3588 (6c446cc9-8057-3d23-bf8e-87a39b8040c4): хз, у меня он норм грузит
[12:20:24] Exren3588 (6c446cc9-8057-3d23-bf8e-87a39b8040c4): ток управление неудобное
[12:46:25] Exren3588 (6c446cc9-8057-3d23-bf8e-87a39b8040c4): АХАХАХ
[12:46:50] Bradly378 (9ab93dfb-1454-3bb1-b47f-700f714534a9): так блять
[12:46:58] Bradly378 (9ab93dfb-1454-3bb1-b47f-700f714534a9): не ржать
[12:47:17] Exren3588 (6c446cc9-8057-3d23-bf8e-87a39b8040c4): почему ты здох
[12:50:17] saikonohack (61d3e846-cfe0-3e5b-b41b-772c1020819e): Я РОДИЛСЯ
[12:50:20] Exren3588 (6c446cc9-8057-3d23-bf8e-87a39b8040c4): ура
[12:50:22] saikonohack (61d3e846-cfe0-3e5b-b41b-772c1020819e): ГО ДС
[12:50:27] Exren3588 (6c446cc9-8057-3d23-bf8e-87a39b8040c4): я и так там
[13:18:10] Exren3588 (6c446cc9-8057-3d23-bf8e-87a39b8040c4): ща сестру в кровать переложу
[13:22:02] Exren3588 (6c446cc9-8057-3d23-bf8e-87a39b8040c4): я тут
[13:22:05] Exren3588 (6c446cc9-8057-3d23-bf8e-87a39b8040c4): но без микро
[13:28:51] saikonohack (61d3e846-cfe0-3e5b-b41b-772c1020819e): ок
[13:29:48] Exren3588 (6c446cc9-8057-3d23-bf8e-87a39b8040c4): что
[13:29:51] Exren3588 (6c446cc9-8057-3d23-bf8e-87a39b8040c4): нет ещё
[13:30:05] Exren3588 (6c446cc9-8057-3d23-bf8e-87a39b8040c4): водку оставь
[13:30:09] Exren3588 (6c446cc9-8057-3d23-bf8e-87a39b8040c4): текиллу
[13:33:35] Exren3588 (6c446cc9-8057-3d23-bf8e-87a39b8040c4): ебала в рот карла
[13:33:50] Exren3588 (6c446cc9-8057-3d23-bf8e-87a39b8040c4): повтори
[13:34:34] Exren3588 (6c446cc9-8057-3d23-bf8e-87a39b8040c4): два дня
[13:34:37] Exren3588 (6c446cc9-8057-3d23-bf8e-87a39b8040c4): или чсса
[13:34:39] Exren3588 (6c446cc9-8057-3d23-bf8e-87a39b8040c4): стой
[13:34:42] Exren3588 (6c446cc9-8057-3d23-bf8e-87a39b8040c4): да майн
[13:35:18] Exren3588 (6c446cc9-8057-3d23-bf8e-87a39b8040c4): ты кофе варил?
[13:35:22] Exren3588 (6c446cc9-8057-3d23-bf8e-87a39b8040c4): вот
[13:35:43] Exren3588 (6c446cc9-8057-3d23-bf8e-87a39b8040c4): 30 минут майна
[13:35:56] Exren3588 (6c446cc9-8057-3d23-bf8e-87a39b8040c4): наших 2
[13:36:17] Exren3588 (6c446cc9-8057-3d23-bf8e-87a39b8040c4): хз
[13:48:26] Exren3588 (6c446cc9-8057-3d23-bf8e-87a39b8040c4): я тут
[13:57:39] Exren3588 (6c446cc9-8057-3d23-bf8e-87a39b8040c4): dna
[13:57:43] Exren3588 (6c446cc9-8057-3d23-bf8e-87a39b8040c4): втф
[13:57:54] Exren3588 (6c446cc9-8057-3d23-bf8e-87a39b8040c4): АХАХХА
[13:57:56] Exren3588 (6c446cc9-8057-3d23-bf8e-87a39b8040c4): Я В ПЕЩЕРЕ
[13:59:27] Exren3588 (6c446cc9-8057-3d23-bf8e-87a39b8040c4): нахуйя
[13:59:36] Exren3588 (6c446cc9-8057-3d23-bf8e-87a39b8040c4): зачем ты достидения убрал
[13:59:52] Exren3588 (6c446cc9-8057-3d23-bf8e-87a39b8040c4): я в файн играю лять
[14:00:14] Exren3588 (6c446cc9-8057-3d23-bf8e-87a39b8040c4): нам вчера бредля выдал все достижения чтобы не палится перед игроками потом
[14:00:28] Exren3588 (6c446cc9-8057-3d23-bf8e-87a39b8040c4): ну ты лох
[14:01:36] Exren3588 (6c446cc9-8057-3d23-bf8e-87a39b8040c4): лох
[14:01:43] Exren3588 (6c446cc9-8057-3d23-bf8e-87a39b8040c4): я помню позу
[14:02:24] Exren3588 (6c446cc9-8057-3d23-bf8e-87a39b8040c4): АХАХХА
[14:11:47] Exren3588 (6c446cc9-8057-3d23-bf8e-87a39b8040c4): ye
[14:11:48] Exren3588 (6c446cc9-8057-3d23-bf8e-87a39b8040c4): ну
[14:16:21] Exren3588 (6c446cc9-8057-3d23-bf8e-87a39b8040c4): топ
[14:17:30] saikonohack (61d3e846-cfe0-3e5b-b41b-772c1020819e): го дс
[14:17:30] saikonohack (61d3e846-cfe0-3e5b-b41b-772c1020819e): го дс
[14:17:31] saikonohack (61d3e846-cfe0-3e5b-b41b-772c1020819e): го дс
[14:17:31] saikonohack (61d3e846-cfe0-3e5b-b41b-772c1020819e): го дс
[14:17:31] saikonohack (61d3e846-cfe0-3e5b-b41b-772c1020819e): го дс
[14:17:46] saikonohack (61d3e846-cfe0-3e5b-b41b-772c1020819e): го дс
[14:18:09] Exren3588 (6c446cc9-8057-3d23-bf8e-87a39b8040c4): так, я отошла пару мин
[14:19:06] Exren3588 (6c446cc9-8057-3d23-bf8e-87a39b8040c4): мппк
[14:20:04] Exren3588 (6c446cc9-8057-3d23-bf8e-87a39b8040c4): это ванила
[14:20:05] Exren3588 (6c446cc9-8057-3d23-bf8e-87a39b8040c4): еблан
[14:20:14] Exren3588 (6c446cc9-8057-3d23-bf8e-87a39b8040c4): ванильный плагин
[14:30:03] Exren3588 (6c446cc9-8057-3d23-bf8e-87a39b8040c4): ns
[14:30:05] Exren3588 (6c446cc9-8057-3d23-bf8e-87a39b8040c4): еблан
[14:31:58] Exren3588 (6c446cc9-8057-3d23-bf8e-87a39b8040c4): если ты удалишь энтити я тебе ебало снесу
[14:32:14] Exren3588 (6c446cc9-8057-3d23-bf8e-87a39b8040c4): они не знают об этом
[14:34:32] Exren3588 (6c446cc9-8057-3d23-bf8e-87a39b8040c4): кофе лучше всего помогает
[14:35:23] Exren3588 (6c446cc9-8057-3d23-bf8e-87a39b8040c4): это так не работает
[14:35:28] Exren3588 (6c446cc9-8057-3d23-bf8e-87a39b8040c4): переводик хуйня
[14:35:46] Exren3588 (6c446cc9-8057-3d23-bf8e-87a39b8040c4): я кидала в переводчик и там хуета
[14:35:51] Exren3588 (6c446cc9-8057-3d23-bf8e-87a39b8040c4): проще самому
[14:39:37] Exren3588 (6c446cc9-8057-3d23-bf8e-87a39b8040c4): АХАХАХАХ
[14:45:11] Exren3588 (6c446cc9-8057-3d23-bf8e-87a39b8040c4): xaero-waypoint:хуй:Х:175:136:72:4:false:0:Internal-overworld-waypoints
[14:56:51] saikonohack (61d3e846-cfe0-3e5b-b41b-772c1020819e): puke
[14:56:55] saikonohack (61d3e846-cfe0-3e5b-b41b-772c1020819e): nausea
[14:57:12] Exren3588 (6c446cc9-8057-3d23-bf8e-87a39b8040c4): CFQR
[14:57:14] Exren3588 (6c446cc9-8057-3d23-bf8e-87a39b8040c4): МОЛЧИ
[14:57:16] Exren3588 (6c446cc9-8057-3d23-bf8e-87a39b8040c4): молчи
[15:03:17] Exren3588 (6c446cc9-8057-3d23-bf8e-87a39b8040c4): cltkfn
[15:03:31] Exren3588 (6c446cc9-8057-3d23-bf8e-87a39b8040c4): сучка
[15:03:46] saikonohack (61d3e846-cfe0-3e5b-b41b-772c1020819e): &
[15:03:47] saikonohack (61d3e846-cfe0-3e5b-b41b-772c1020819e): ?
[15:03:55] Exren3588 (6c446cc9-8057-3d23-bf8e-87a39b8040c4): z ,htlkt
[15:03:55] Bradly378 (9ab93dfb-1454-3bb1-b47f-700f714534a9): michaelmcchill
[15:03:58] Exren3588 (6c446cc9-8057-3d23-bf8e-87a39b8040c4): lf
[15:03:59] Exren3588 (6c446cc9-8057-3d23-bf8e-87a39b8040c4): да
[15:06:57] saikonohack (61d3e846-cfe0-3e5b-b41b-772c1020819e): АХАХАХАХАХ
[15:06:59] saikonohack (61d3e846-cfe0-3e5b-b41b-772c1020819e): АХАХАХАХАХ
[15:06:59] saikonohack (61d3e846-cfe0-3e5b-b41b-772c1020819e): АХАХАХАХАХ
[15:07:00] saikonohack (61d3e846-cfe0-3e5b-b41b-772c1020819e): АХАХАХАХАХ
[15:07:00] saikonohack (61d3e846-cfe0-3e5b-b41b-772c1020819e): АХАХАХАХАХ
[15:07:01] saikonohack (61d3e846-cfe0-3e5b-b41b-772c1020819e): АХАХАХАХАХ
[15:07:01] saikonohack (61d3e846-cfe0-3e5b-b41b-772c1020819e): АХАХАХАХАХ
[15:07:01] saikonohack (61d3e846-cfe0-3e5b-b41b-772c1020819e): АХАХАХАХАХ
[15:07:02] saikonohack (61d3e846-cfe0-3e5b-b41b-772c1020819e): АХАХАХАХАХ
[15:07:02] saikonohack (61d3e846-cfe0-3e5b-b41b-772c1020819e): АХАХАХАХАХ
[15:12:07] Exren3588 (6c446cc9-8057-3d23-bf8e-87a39b8040c4): его убили
[15:42:53] Bradly378 (9ab93dfb-1454-3bb1-b47f-700f714534a9): ну
[15:42:58] Bradly378 (9ab93dfb-1454-3bb1-b47f-700f714534a9): ну
[15:43:09] Bradly378 (9ab93dfb-1454-3bb1-b47f-700f714534a9): ну да
[15:43:12] Bradly378 (9ab93dfb-1454-3bb1-b47f-700f714534a9): и это робит
[15:43:16] Bradly378 (9ab93dfb-1454-3bb1-b47f-700f714534a9): сам проверял
[15:43:21] Bradly378 (9ab93dfb-1454-3bb1-b47f-700f714534a9): сам юзаю
[15:44:51] Exren3588 (6c446cc9-8057-3d23-bf8e-87a39b8040c4): чт
[15:45:11] Exren3588 (6c446cc9-8057-3d23-bf8e-87a39b8040c4): СУКА
[16:08:42] Exren3588 (6c446cc9-8057-3d23-bf8e-87a39b8040c4): СХАХАХЗАъе
[16:08:47] saikonohack (61d3e846-cfe0-3e5b-b41b-772c1020819e): ^
[16:08:48] saikonohack (61d3e846-cfe0-3e5b-b41b-772c1020819e): ?
[16:08:50] Exren3588 (6c446cc9-8057-3d23-bf8e-87a39b8040c4): ТЫ Ч
[16:08:55] Exren3588 (6c446cc9-8057-3d23-bf8e-87a39b8040c4): стрим его чекни
[16:09:00] Exren3588 (6c446cc9-8057-3d23-bf8e-87a39b8040c4): ща скрин кину
[16:10:14] Exren3588 (6c446cc9-8057-3d23-bf8e-87a39b8040c4): ...
[16:13:43] Bradly378 (9ab93dfb-1454-3bb1-b47f-700f714534a9): §kfrgreg
[16:13:51] Bradly378 (9ab93dfb-1454-3bb1-b47f-700f714534a9): §kfrgregfgkmgormoiermgiotrhjnioagweokgjwogjoegj9FJ]Oj9t]thtrf90egeTRHJqe9t
[16:14:24] Bradly378 (9ab93dfb-1454-3bb1-b47f-700f714534a9): §krfgrtg2e3tfe3tf3tttttttttttttttt4t43yjq4uipgt4jnygjnqugi
[16:16:51] Bradly378 (9ab93dfb-1454-3bb1-b47f-700f714534a9): "§k"
[16:17:59] saikonohack (61d3e846-cfe0-3e5b-b41b-772c1020819e): хочет
[16:18:04] saikonohack (61d3e846-cfe0-3e5b-b41b-772c1020819e): 100%
[16:23:19] Exren3588 (6c446cc9-8057-3d23-bf8e-87a39b8040c4): 'e
[16:23:21] Exren3588 (6c446cc9-8057-3d23-bf8e-87a39b8040c4): сайко
[17:08:06] Exren3588 (6c446cc9-8057-3d23-bf8e-87a39b8040c4): макс
[17:08:17] Exren3588 (6c446cc9-8057-3d23-bf8e-87a39b8040c4): а на меч можно сделать то лагающее название?
[17:08:27] Bradly378 (9ab93dfb-1454-3bb1-b47f-700f714534a9): не пробовал не знаю
[17:08:37] Exren3588 (6c446cc9-8057-3d23-bf8e-87a39b8040c4): §kоаота
[17:08:38] Bradly378 (9ab93dfb-1454-3bb1-b47f-700f714534a9): но вроде бы нет, но попытка не пытка, попробуй
[17:08:45] Exren3588 (6c446cc9-8057-3d23-bf8e-87a39b8040c4): да хуйня
[17:13:29] Exren3588 (6c446cc9-8057-3d23-bf8e-87a39b8040c4): что ещё настроить на серваке надо?
[17:25:47] Exren3588 (6c446cc9-8057-3d23-bf8e-87a39b8040c4): что
[17:25:52] Exren3588 (6c446cc9-8057-3d23-bf8e-87a39b8040c4): чт о
[17:25:55] Exren3588 (6c446cc9-8057-3d23-bf8e-87a39b8040c4): слышу
[17:25:57] Exren3588 (6c446cc9-8057-3d23-bf8e-87a39b8040c4): нг нет
[17:26:00] Exren3588 (6c446cc9-8057-3d23-bf8e-87a39b8040c4): ятолько прищла
[17:26:17] Exren3588 (6c446cc9-8057-3d23-bf8e-87a39b8040c4): что вы говорили
[18:27:34] Exren3588 (6c446cc9-8057-3d23-bf8e-87a39b8040c4): ns
[18:27:44] Exren3588 (6c446cc9-8057-3d23-bf8e-87a39b8040c4): ты где
[18:28:09] Bradly378 (9ab93dfb-1454-3bb1-b47f-700f714534a9): я в гм 3 был прост
[18:28:14] Exren3588 (6c446cc9-8057-3d23-bf8e-87a39b8040c4): че блять
[18:28:19] Exren3588 (6c446cc9-8057-3d23-bf8e-87a39b8040c4): АХХАХАХЗА
[18:28:21] Exren3588 (6c446cc9-8057-3d23-bf8e-87a39b8040c4): АДАЩА
[18:28:22] Exren3588 (6c446cc9-8057-3d23-bf8e-87a39b8040c4): ЗАЩАЩА
[18:28:23] Exren3588 (6c446cc9-8057-3d23-bf8e-87a39b8040c4): ЩАЛАЛ
[18:28:24] Exren3588 (6c446cc9-8057-3d23-bf8e-87a39b8040c4): ДАЛАЛА
[18:28:26] Exren3588 (6c446cc9-8057-3d23-bf8e-87a39b8040c4): ахаха
[18:28:33] Exren3588 (6c446cc9-8057-3d23-bf8e-87a39b8040c4): лошапа
[18:29:13] Bradly378 (9ab93dfb-1454-3bb1-b47f-700f714534a9): у меня такой же
[18:29:19] Bradly378 (9ab93dfb-1454-3bb1-b47f-700f714534a9): спс
[18:29:24] Exren3588 (6c446cc9-8057-3d23-bf8e-87a39b8040c4): тебе член дрима не нравитс?
[18:29:41] Bradly378 (9ab93dfb-1454-3bb1-b47f-700f714534a9): тебе пишет логи эти
[18:29:47] Exren3588 (6c446cc9-8057-3d23-bf8e-87a39b8040c4): нет
[18:29:55] Bradly378 (9ab93dfb-1454-3bb1-b47f-700f714534a9): чекни консоль в дс
[18:29:57] Bradly378 (9ab93dfb-1454-3bb1-b47f-700f714534a9): Xd
[18:30:03] Exren3588 (6c446cc9-8057-3d23-bf8e-87a39b8040c4): я у теюбя вижу
[18:31:44] Exren3588 (6c446cc9-8057-3d23-bf8e-87a39b8040c4): ybxtuj
[18:31:45] Exren3588 (6c446cc9-8057-3d23-bf8e-87a39b8040c4): чегол
[18:31:47] Exren3588 (6c446cc9-8057-3d23-bf8e-87a39b8040c4): ничегоэ
[18:34:06] Exren3588 (6c446cc9-8057-3d23-bf8e-87a39b8040c4): лох
[18:34:14] Exren3588 (6c446cc9-8057-3d23-bf8e-87a39b8040c4): это не сервак
[18:34:16] Exren3588 (6c446cc9-8057-3d23-bf8e-87a39b8040c4): это ты
[18:35:54] Exren3588 (6c446cc9-8057-3d23-bf8e-87a39b8040c4): моих не убей
[18:37:45] Exren3588 (6c446cc9-8057-3d23-bf8e-87a39b8040c4): РЫБЫ
[18:41:39] Exren3588 (6c446cc9-8057-3d23-bf8e-87a39b8040c4): тик 0 запрещен
[18:41:53] Exren3588 (6c446cc9-8057-3d23-bf8e-87a39b8040c4): в правилах запрещён
[18:42:39] Exren3588 (6c446cc9-8057-3d23-bf8e-87a39b8040c4): правила сервака
[18:43:17] Exren3588 (6c446cc9-8057-3d23-bf8e-87a39b8040c4): не ебу, но в гугле было написано что такое нельзя
[18:45:04] Exren3588 (6c446cc9-8057-3d23-bf8e-87a39b8040c4): акак
[18:45:05] Exren3588 (6c446cc9-8057-3d23-bf8e-87a39b8040c4): а как
[18:46:57] Exren3588 (6c446cc9-8057-3d23-bf8e-87a39b8040c4): а вот это уже больше на член похоже
[18:47:46] Exren3588 (6c446cc9-8057-3d23-bf8e-87a39b8040c4): {F
[18:47:48] Exren3588 (6c446cc9-8057-3d23-bf8e-87a39b8040c4): ХА
[18:47:51] Exren3588 (6c446cc9-8057-3d23-bf8e-87a39b8040c4): Я УСПЕЛА
[18:47:59] Exren3588 (6c446cc9-8057-3d23-bf8e-87a39b8040c4): СОСНИТЕ ВСЕ ВОЛНИСТЫЕ ЧЛЕНА
[18:48:11] Exren3588 (6c446cc9-8057-3d23-bf8e-87a39b8040c4): СУЧКИ
[18:48:13] Exren3588 (6c446cc9-8057-3d23-bf8e-87a39b8040c4): АЗХАХАХА
[18:48:20] Exren3588 (6c446cc9-8057-3d23-bf8e-87a39b8040c4): ОТСОСИТЕ У МЕНЯ ВСЕ
[18:48:40] Exren3588 (6c446cc9-8057-3d23-bf8e-87a39b8040c4): АЖАДФЫАДЫФ
[18:49:04] Exren3588 (6c446cc9-8057-3d23-bf8e-87a39b8040c4): АХХАХА
[18:49:06] Exren3588 (6c446cc9-8057-3d23-bf8e-87a39b8040c4): МАКСИМ
[18:49:07] Exren3588 (6c446cc9-8057-3d23-bf8e-87a39b8040c4): ХАХАХАХАА
[18:49:09] Exren3588 (6c446cc9-8057-3d23-bf8e-87a39b8040c4): мас
[18:49:11] Exren3588 (6c446cc9-8057-3d23-bf8e-87a39b8040c4): макс
[18:49:12] Exren3588 (6c446cc9-8057-3d23-bf8e-87a39b8040c4): макс
[18:49:13] Exren3588 (6c446cc9-8057-3d23-bf8e-87a39b8040c4): макс
[18:49:39] Exren3588 (6c446cc9-8057-3d23-bf8e-87a39b8040c4): я щас сижу перед бабушкой и достаю дудку, ахахаха, блять, как же я обосралась
[18:50:12] Exren3588 (6c446cc9-8057-3d23-bf8e-87a39b8040c4): ага
[18:50:19] Exren3588 (6c446cc9-8057-3d23-bf8e-87a39b8040c4): зырь че могу
[18:50:43] Exren3588 (6c446cc9-8057-3d23-bf8e-87a39b8040c4): ща
[18:50:46] Exren3588 (6c446cc9-8057-3d23-bf8e-87a39b8040c4): ща
[18:50:48] Exren3588 (6c446cc9-8057-3d23-bf8e-87a39b8040c4): блтяь
[18:50:55] Exren3588 (6c446cc9-8057-3d23-bf8e-87a39b8040c4): ВО
[18:50:56] Exren3588 (6c446cc9-8057-3d23-bf8e-87a39b8040c4): ХАХА
[18:50:59] Exren3588 (6c446cc9-8057-3d23-bf8e-87a39b8040c4): ХА СОСНИТЕ
[18:51:32] Exren3588 (6c446cc9-8057-3d23-bf8e-87a39b8040c4): я бабушку пошла красить, вернусь хз когда
[18:51:45] Exren3588 (6c446cc9-8057-3d23-bf8e-87a39b8040c4): СУКА
[19:07:02] Exren3588 (6c446cc9-8057-3d23-bf8e-87a39b8040c4): ты че за меня залогинился?
[19:09:06] Exren3588 (6c446cc9-8057-3d23-bf8e-87a39b8040c4): ты че делвешь блять
[19:09:13] Exren3588 (6c446cc9-8057-3d23-bf8e-87a39b8040c4): АХАХХА
[19:09:14] Exren3588 (6c446cc9-8057-3d23-bf8e-87a39b8040c4): ВТФ
[19:09:16] Bradly378 (9ab93dfb-1454-3bb1-b47f-700f714534a9): хвхвхахвахва
[19:09:21] Bradly378 (9ab93dfb-1454-3bb1-b47f-700f714534a9): ты где
[19:09:33] Exren3588 (6c446cc9-8057-3d23-bf8e-87a39b8040c4): ты на мне летаешь?
[19:09:56] Exren3588 (6c446cc9-8057-3d23-bf8e-87a39b8040c4): как
[19:10:06] Bradly378 (9ab93dfb-1454-3bb1-b47f-700f714534a9): пкм
[19:10:28] Exren3588 (6c446cc9-8057-3d23-bf8e-87a39b8040c4): самый топ, можно элитры экономить
[19:10:31] Bradly378 (9ab93dfb-1454-3bb1-b47f-700f714534a9): аххаха
[19:10:49] Bradly378 (9ab93dfb-1454-3bb1-b47f-700f714534a9): 1 элитра на всех
[19:10:54] Exren3588 (6c446cc9-8057-3d23-bf8e-87a39b8040c4): ряд
[19:10:55] Exren3588 (6c446cc9-8057-3d23-bf8e-87a39b8040c4): рял
[19:11:02] Bradly378 (9ab93dfb-1454-3bb1-b47f-700f714534a9): на тебя ещё ктото и так по кругу
[19:11:08] Exren3588 (6c446cc9-8057-3d23-bf8e-87a39b8040c4): а так можно?
[19:12:03] Exren3588 (6c446cc9-8057-3d23-bf8e-87a39b8040c4): я афк
[19:28:48] Exren3588 (6c446cc9-8057-3d23-bf8e-87a39b8040c4): всё это время играла полина, так что я тебя поздравляю,ты был в руках смерти
[19:30:28] Exren3588 (6c446cc9-8057-3d23-bf8e-87a39b8040c4): блятт, учить её играть это сущий ад
[19:33:12] Bradly378 (9ab93dfb-1454-3bb1-b47f-700f714534a9): я отойду надолго из маина но общаться буду
[19:33:18] Bradly378 (9ab93dfb-1454-3bb1-b47f-700f714534a9): пиши есл чё
[19:33:19] Exren3588 (6c446cc9-8057-3d23-bf8e-87a39b8040c4): jrtОкъ
