[06:34:17] RunishYT (deb2ebb7-8562-3728-8ba8-ec800da9360c): jxjxj
[06:35:21] RunishYT (deb2ebb7-8562-3728-8ba8-ec800da9360c): dhdjj
[07:06:11] RunishYT (deb2ebb7-8562-3728-8ba8-ec800da9360c): биляяяя
[07:06:15] RunishYT (deb2ebb7-8562-3728-8ba8-ec800da9360c): ухади
[07:06:18] RunishYT (deb2ebb7-8562-3728-8ba8-ec800da9360c): ненадо дядя
[07:06:27] GOLDENDUSST (a0ee3527-abbd-3f28-bd2e-ff7c77b23497): Привет ты новенький?
[07:06:41] saikonohack (61d3e846-cfe0-3e5b-b41b-772c1020819e): qq all
[07:07:30] saikonohack (61d3e846-cfe0-3e5b-b41b-772c1020819e): кто поможет ивент построить до конца? надо чтобы у вас была картинка еще рядом (2 монитор\телефон)
[07:08:01] GOLDENDUSST (a0ee3527-abbd-3f28-bd2e-ff7c77b23497): Зачем
[07:08:06] RunishYT (deb2ebb7-8562-3728-8ba8-ec800da9360c): зочем
[07:08:12] saikonohack (61d3e846-cfe0-3e5b-b41b-772c1020819e): карту бравл старт пересторить
[07:08:18] GOLDENDUSST (a0ee3527-abbd-3f28-bd2e-ff7c77b23497): Биля
[07:08:21] RunishYT (deb2ebb7-8562-3728-8ba8-ec800da9360c): тогда точно не к нам
[07:08:31] GOLDENDUSST (a0ee3527-abbd-3f28-bd2e-ff7c77b23497): Я ниразу не играл
[07:08:37] RunishYT (deb2ebb7-8562-3728-8ba8-ec800da9360c): проси фартука
[07:08:48] saikonohack (61d3e846-cfe0-3e5b-b41b-772c1020819e): я по картинке строю
[07:08:58] saikonohack (61d3e846-cfe0-3e5b-b41b-772c1020819e): qq
[07:09:04] saikonohack (61d3e846-cfe0-3e5b-b41b-772c1020819e): ты руку строил?
[07:09:09] GOLDENDUSST (a0ee3527-abbd-3f28-bd2e-ff7c77b23497): да
[07:09:09] saikonohack (61d3e846-cfe0-3e5b-b41b-772c1020819e): каменную
[07:09:12] saikonohack (61d3e846-cfe0-3e5b-b41b-772c1020819e): пошли к ней
[07:09:15] GOLDENDUSST (a0ee3527-abbd-3f28-bd2e-ff7c77b23497): я её снёс
[07:09:16] saikonohack (61d3e846-cfe0-3e5b-b41b-772c1020819e): надо пост в группу
[07:09:18] saikonohack (61d3e846-cfe0-3e5b-b41b-772c1020819e): БАЛЯ
[07:09:21] saikonohack (61d3e846-cfe0-3e5b-b41b-772c1020819e): похуй
[07:09:22] saikonohack (61d3e846-cfe0-3e5b-b41b-772c1020819e): пршли
[07:10:03] saikonohack (61d3e846-cfe0-3e5b-b41b-772c1020819e): ебать, а где спавн
[07:10:14] GOLDENDUSST (a0ee3527-abbd-3f28-bd2e-ff7c77b23497): Нулевые коорды чел
[07:10:24] saikonohack (61d3e846-cfe0-3e5b-b41b-772c1020819e): я про постройки
[07:10:28] saikonohack (61d3e846-cfe0-3e5b-b41b-772c1020819e): где лапа была
[07:10:48] saikonohack (61d3e846-cfe0-3e5b-b41b-772c1020819e): где лапа
[07:10:53] GOLDENDUSST (a0ee3527-abbd-3f28-bd2e-ff7c77b23497): ка4ая лапа
[07:10:59] saikonohack (61d3e846-cfe0-3e5b-b41b-772c1020819e): каменная
[07:11:10] GOLDENDUSST (a0ee3527-abbd-3f28-bd2e-ff7c77b23497): блять моя?
[07:11:13] saikonohack (61d3e846-cfe0-3e5b-b41b-772c1020819e): да
[07:11:30] GOLDENDUSST (a0ee3527-abbd-3f28-bd2e-ff7c77b23497): я её построил у бредли незаконно
[07:11:37] saikonohack (61d3e846-cfe0-3e5b-b41b-772c1020819e): где брэдли?
[07:11:37] GOLDENDUSST (a0ee3527-abbd-3f28-bd2e-ff7c77b23497): потом он сказал сноси
[07:11:41] RunishYT (deb2ebb7-8562-3728-8ba8-ec800da9360c): Вова го убьем сайко
[07:11:42] GOLDENDUSST (a0ee3527-abbd-3f28-bd2e-ff7c77b23497): я снёс
[07:11:49] GOLDENDUSST (a0ee3527-abbd-3f28-bd2e-ff7c77b23497): Го
[07:11:52] RunishYT (deb2ebb7-8562-3728-8ba8-ec800da9360c): а то он чо то дохуя живой
[07:12:22] saikonohack (61d3e846-cfe0-3e5b-b41b-772c1020819e): я тогда подземелье ваше взорву
[07:12:29] GOLDENDUSST (a0ee3527-abbd-3f28-bd2e-ff7c77b23497): нетееее
[07:12:31] GOLDENDUSST (a0ee3527-abbd-3f28-bd2e-ff7c77b23497): дядя
[07:12:32] RunishYT (deb2ebb7-8562-3728-8ba8-ec800da9360c): !
[07:12:36] RunishYT (deb2ebb7-8562-3728-8ba8-ec800da9360c): ашалел??
[07:12:36] saikonohack (61d3e846-cfe0-3e5b-b41b-772c1020819e): показывай где лапа была
[07:12:40] GOLDENDUSST (a0ee3527-abbd-3f28-bd2e-ff7c77b23497): ок
[07:12:43] RunishYT (deb2ebb7-8562-3728-8ba8-ec800da9360c): откуда ты про него знаешь??
[07:12:53] saikonohack (61d3e846-cfe0-3e5b-b41b-772c1020819e): ебать каменные плиты на земле у стены
[07:13:05] RunishYT (deb2ebb7-8562-3728-8ba8-ec800da9360c): хуле ты на базе делаешь? ашалел??
[07:14:30] saikonohack (61d3e846-cfe0-3e5b-b41b-772c1020819e): ...
[07:14:42] saikonohack (61d3e846-cfe0-3e5b-b41b-772c1020819e): на кой хуй мне энд
[07:16:02] saikonohack (61d3e846-cfe0-3e5b-b41b-772c1020819e): здесь была?
[07:16:09] GOLDENDUSST (a0ee3527-abbd-3f28-bd2e-ff7c77b23497): да
[07:16:17] GOLDENDUSST (a0ee3527-abbd-3f28-bd2e-ff7c77b23497): вот
[07:16:22] saikonohack (61d3e846-cfe0-3e5b-b41b-772c1020819e): когда снес?
[07:16:29] GOLDENDUSST (a0ee3527-abbd-3f28-bd2e-ff7c77b23497): здесь
[07:16:35] GOLDENDUSST (a0ee3527-abbd-3f28-bd2e-ff7c77b23497): не помню
[07:16:48] saikonohack (61d3e846-cfe0-3e5b-b41b-772c1020819e): ща божье благословение будет
[07:17:03] GOLDENDUSST (a0ee3527-abbd-3f28-bd2e-ff7c77b23497): рука дрочащая
[07:17:38] saikonohack (61d3e846-cfe0-3e5b-b41b-772c1020819e): всю отрегенил?
[07:17:54] GOLDENDUSST (a0ee3527-abbd-3f28-bd2e-ff7c77b23497): да
[07:18:12] saikonohack (61d3e846-cfe0-3e5b-b41b-772c1020819e): короче
[07:18:19] saikonohack (61d3e846-cfe0-3e5b-b41b-772c1020819e): теперь это орден правой руки
[07:18:24] saikonohack (61d3e846-cfe0-3e5b-b41b-772c1020819e): кто снесет
[07:18:29] saikonohack (61d3e846-cfe0-3e5b-b41b-772c1020819e): тому бан на визер смп
[07:18:37] GOLDENDUSST (a0ee3527-abbd-3f28-bd2e-ff7c77b23497): кстати без схематики и планировки в своём мире построенна в 3 часа ночи за час
[07:18:41] saikonohack (61d3e846-cfe0-3e5b-b41b-772c1020819e): топ
[07:18:48] saikonohack (61d3e846-cfe0-3e5b-b41b-772c1020819e): ща пост о ней сделаю
[07:20:37] saikonohack (61d3e846-cfe0-3e5b-b41b-772c1020819e): чекай
[07:20:42] GOLDENDUSST (a0ee3527-abbd-3f28-bd2e-ff7c77b23497): ща
[07:21:43] saikonohack (61d3e846-cfe0-3e5b-b41b-772c1020819e): топ?
[07:23:11] GOLDENDUSST (a0ee3527-abbd-3f28-bd2e-ff7c77b23497): а где пост
[07:23:16] GOLDENDUSST (a0ee3527-abbd-3f28-bd2e-ff7c77b23497): в вк?
[07:23:17] saikonohack (61d3e846-cfe0-3e5b-b41b-772c1020819e): я не сделал еще
[07:23:21] saikonohack (61d3e846-cfe0-3e5b-b41b-772c1020819e): везде будет
[07:23:38] GOLDENDUSST (a0ee3527-abbd-3f28-bd2e-ff7c77b23497): видел моё видео по убийству третьего дракона
[07:23:44] saikonohack (61d3e846-cfe0-3e5b-b41b-772c1020819e): -
[07:23:48] saikonohack (61d3e846-cfe0-3e5b-b41b-772c1020819e): кста
[07:23:51] saikonohack (61d3e846-cfe0-3e5b-b41b-772c1020819e): а что если
[07:23:52] saikonohack (61d3e846-cfe0-3e5b-b41b-772c1020819e): вот так
[07:24:08] GOLDENDUSST (a0ee3527-abbd-3f28-bd2e-ff7c77b23497): ладно
[07:24:11] saikonohack (61d3e846-cfe0-3e5b-b41b-772c1020819e): хуйня?
[07:24:49] GOLDENDUSST (a0ee3527-abbd-3f28-bd2e-ff7c77b23497): Ярко выраженные цвета я когда делал хотел всё из камня
[07:25:03] GOLDENDUSST (a0ee3527-abbd-3f28-bd2e-ff7c77b23497): Ща перезайду
[07:26:26] GOLDENDUSST (a0ee3527-abbd-3f28-bd2e-ff7c77b23497): Поснишь плюшевую аянами рей скидывал и сказал что построю
[07:26:46] GOLDENDUSST (a0ee3527-abbd-3f28-bd2e-ff7c77b23497): Я её построю думаю но нужно гриндить много ресов
[07:28:34] saikonohack (61d3e846-cfe0-3e5b-b41b-772c1020819e): оке
[07:28:42] saikonohack (61d3e846-cfe0-3e5b-b41b-772c1020819e): я шейдеры ищу под скрин
[07:31:47] GOLDENDUSST (a0ee3527-abbd-3f28-bd2e-ff7c77b23497): пиздец
[07:37:57] saikonohack (61d3e846-cfe0-3e5b-b41b-772c1020819e): искал шейдеры
[07:38:03] saikonohack (61d3e846-cfe0-3e5b-b41b-772c1020819e): нашел ебать скрипт камеры с мш
[07:38:05] saikonohack (61d3e846-cfe0-3e5b-b41b-772c1020819e): ахаывххавхавахп\
[07:46:20] GOLDENDUSST (a0ee3527-abbd-3f28-bd2e-ff7c77b23497): Прохор сказал топить вас вот я и утопил тебя
[07:46:31] saikonohack (61d3e846-cfe0-3e5b-b41b-772c1020819e): пруфы
[07:46:43] GOLDENDUSST (a0ee3527-abbd-3f28-bd2e-ff7c77b23497): Потом увидишь
[07:46:46] saikonohack (61d3e846-cfe0-3e5b-b41b-772c1020819e): где
[07:46:52] GOLDENDUSST (a0ee3527-abbd-3f28-bd2e-ff7c77b23497): в лс
[07:47:12] GOLDENDUSST (a0ee3527-abbd-3f28-bd2e-ff7c77b23497): наверное сегодня
[07:47:25] saikonohack (61d3e846-cfe0-3e5b-b41b-772c1020819e): скинь щас
[07:47:30] GOLDENDUSST (a0ee3527-abbd-3f28-bd2e-ff7c77b23497): потом
[07:47:46] saikonohack (61d3e846-cfe0-3e5b-b41b-772c1020819e): щас
[07:48:53] saikonohack (61d3e846-cfe0-3e5b-b41b-772c1020819e): кидай давай
[07:49:04] GOLDENDUSST (a0ee3527-abbd-3f28-bd2e-ff7c77b23497): Потом
[07:49:08] GOLDENDUSST (a0ee3527-abbd-3f28-bd2e-ff7c77b23497): через час
[07:49:12] saikonohack (61d3e846-cfe0-3e5b-b41b-772c1020819e): ща опять луком
[07:49:28] saikonohack (61d3e846-cfe0-3e5b-b41b-772c1020819e): кидай давай
[07:49:40] saikonohack (61d3e846-cfe0-3e5b-b41b-772c1020819e): аххывхпавх
[07:49:44] GOLDENDUSST (a0ee3527-abbd-3f28-bd2e-ff7c77b23497): бля
[07:49:47] saikonohack (61d3e846-cfe0-3e5b-b41b-772c1020819e): аххывхпавх
[07:49:49] saikonohack (61d3e846-cfe0-3e5b-b41b-772c1020819e): кидай давай
[07:49:56] GOLDENDUSST (a0ee3527-abbd-3f28-bd2e-ff7c77b23497): броня на дрнышке
[07:50:06] saikonohack (61d3e846-cfe0-3e5b-b41b-772c1020819e): На починку?
[07:50:12] GOLDENDUSST (a0ee3527-abbd-3f28-bd2e-ff7c77b23497): да
[07:50:59] GOLDENDUSST (a0ee3527-abbd-3f28-bd2e-ff7c77b23497): Ща сделаю
[08:27:24] saikonohack (61d3e846-cfe0-3e5b-b41b-772c1020819e): а че пчелы не автоматические
[08:27:31] RunishYT (deb2ebb7-8562-3728-8ba8-ec800da9360c): мне лень
[08:27:41] saikonohack (61d3e846-cfe0-3e5b-b41b-772c1020819e): го сделаю
[08:27:55] RunishYT (deb2ebb7-8562-3728-8ba8-ec800da9360c): делай
[08:29:04] saikonohack (61d3e846-cfe0-3e5b-b41b-772c1020819e): тебе мед? или соты? или и того и другого
[08:29:08] saikonohack (61d3e846-cfe0-3e5b-b41b-772c1020819e): тебе мед? или соты? или и того и другого
[08:29:15] RunishYT (deb2ebb7-8562-3728-8ba8-ec800da9360c): мед
[08:29:20] RunishYT (deb2ebb7-8562-3728-8ba8-ec800da9360c): и соты
[08:29:37] saikonohack (61d3e846-cfe0-3e5b-b41b-772c1020819e): ок
[08:47:45] RunishYT (deb2ebb7-8562-3728-8ba8-ec800da9360c): пиздец лагает
[08:48:40] RunishYT (deb2ebb7-8562-3728-8ba8-ec800da9360c): ашалеть
[08:49:21] RunishYT (deb2ebb7-8562-3728-8ba8-ec800da9360c): я сжигаю
[08:49:24] saikonohack (61d3e846-cfe0-3e5b-b41b-772c1020819e): ок
[08:50:10] RunishYT (deb2ebb7-8562-3728-8ba8-ec800da9360c): бляяять
[08:50:19] RunishYT (deb2ebb7-8562-3728-8ba8-ec800da9360c): надо их убить
[08:50:26] saikonohack (61d3e846-cfe0-3e5b-b41b-772c1020819e): кого
[08:50:42] RunishYT (deb2ebb7-8562-3728-8ba8-ec800da9360c): пчелов
[08:50:45] saikonohack (61d3e846-cfe0-3e5b-b41b-772c1020819e): зач
[08:50:58] RunishYT (deb2ebb7-8562-3728-8ba8-ec800da9360c): лагает от них пиздец
[08:51:14] RunishYT (deb2ebb7-8562-3728-8ba8-ec800da9360c): ровно половина
[08:51:21] saikonohack (61d3e846-cfe0-3e5b-b41b-772c1020819e): не над
[08:51:22] RunishYT (deb2ebb7-8562-3728-8ba8-ec800da9360c): чтобы процветала другая
[08:51:25] saikonohack (61d3e846-cfe0-3e5b-b41b-772c1020819e): не над
[08:51:51] saikonohack (61d3e846-cfe0-3e5b-b41b-772c1020819e): блять..
[08:51:57] RunishYT (deb2ebb7-8562-3728-8ba8-ec800da9360c): воооо
[08:52:02] RunishYT (deb2ebb7-8562-3728-8ba8-ec800da9360c): вот так ахуенна
[08:52:15] RunishYT (deb2ebb7-8562-3728-8ba8-ec800da9360c): билямага
[08:52:47] RunishYT (deb2ebb7-8562-3728-8ba8-ec800da9360c): половина это когда 4-2
[08:52:54] RunishYT (deb2ebb7-8562-3728-8ba8-ec800da9360c): а не 4-4
[08:54:51] saikonohack (61d3e846-cfe0-3e5b-b41b-772c1020819e): с кайфом
[08:55:58] saikonohack (61d3e846-cfe0-3e5b-b41b-772c1020819e): это соты
[08:57:43] saikonohack (61d3e846-cfe0-3e5b-b41b-772c1020819e): убивай всех
[08:58:30] saikonohack (61d3e846-cfe0-3e5b-b41b-772c1020819e): беги нахуй
[09:00:07] saikonohack (61d3e846-cfe0-3e5b-b41b-772c1020819e): надо уничтожить ножницы
[09:00:28] saikonohack (61d3e846-cfe0-3e5b-b41b-772c1020819e): гоу
[09:03:26] saikonohack (61d3e846-cfe0-3e5b-b41b-772c1020819e): блять..
[09:07:51] saikonohack (61d3e846-cfe0-3e5b-b41b-772c1020819e): что нахуй
[09:08:00] RunishYT (deb2ebb7-8562-3728-8ba8-ec800da9360c): бляяяяять
[09:08:11] RunishYT (deb2ebb7-8562-3728-8ba8-ec800da9360c): бляяяяять
[09:08:12] RunishYT (deb2ebb7-8562-3728-8ba8-ec800da9360c): бляяяяять
[09:08:13] RunishYT (deb2ebb7-8562-3728-8ba8-ec800da9360c): бляяяяять
[09:09:06] RunishYT (deb2ebb7-8562-3728-8ba8-ec800da9360c): сука жители
[09:09:10] RunishYT (deb2ebb7-8562-3728-8ba8-ec800da9360c): блять зомби
[09:10:17] RunishYT (deb2ebb7-8562-3728-8ba8-ec800da9360c): в пизду пчел
[09:10:24] RunishYT (deb2ebb7-8562-3728-8ba8-ec800da9360c): го по старинке
[11:31:40] saikonohack (61d3e846-cfe0-3e5b-b41b-772c1020819e): да ты охуел
[11:31:44] saikonohack (61d3e846-cfe0-3e5b-b41b-772c1020819e): я ферму сделал
[11:31:44] GOLDENDUSST (a0ee3527-abbd-3f28-bd2e-ff7c77b23497): о Нет одмен будит злится я сломав его ферму
[11:32:10] GOLDENDUSST (a0ee3527-abbd-3f28-bd2e-ff7c77b23497): блять ты пиждец этой хуетой ломаешь бронь
[11:32:13] saikonohack (61d3e846-cfe0-3e5b-b41b-772c1020819e): какого хуя
[11:32:30] GOLDENDUSST (a0ee3527-abbd-3f28-bd2e-ff7c77b23497): Нужна ферма меда а не сот
[11:32:34] saikonohack (61d3e846-cfe0-3e5b-b41b-772c1020819e): далбаеб
[11:32:37] GOLDENDUSST (a0ee3527-abbd-3f28-bd2e-ff7c77b23497): я уже делаю
[11:32:45] saikonohack (61d3e846-cfe0-3e5b-b41b-772c1020819e): ножницы на бутыльки заменить надо было
[11:32:47] saikonohack (61d3e846-cfe0-3e5b-b41b-772c1020819e): дебил
[11:32:53] GOLDENDUSST (a0ee3527-abbd-3f28-bd2e-ff7c77b23497): сука ты туп
[11:33:14] GOLDENDUSST (a0ee3527-abbd-3f28-bd2e-ff7c77b23497): Когда раздатчик тыкает бутылкой мёд в раздатчике остаётся
[11:33:37] GOLDENDUSST (a0ee3527-abbd-3f28-bd2e-ff7c77b23497): бля ь
[11:33:40] GOLDENDUSST (a0ee3527-abbd-3f28-bd2e-ff7c77b23497): ресы
[11:33:41] saikonohack (61d3e846-cfe0-3e5b-b41b-772c1020819e): сжигай
[11:35:46] GOLDENDUSST (a0ee3527-abbd-3f28-bd2e-ff7c77b23497): сука одмен
[11:36:08] GOLDENDUSST (a0ee3527-abbd-3f28-bd2e-ff7c77b23497): я только разработал идеальную хуету я понял как сделать ферму мёда
[11:38:00] GOLDENDUSST (a0ee3527-abbd-3f28-bd2e-ff7c77b23497): Блять реал
[11:38:16] GOLDENDUSST (a0ee3527-abbd-3f28-bd2e-ff7c77b23497): Ладно я признаю свою тупость я понял как это работает
[11:42:09] RunishYT (deb2ebb7-8562-3728-8ba8-ec800da9360c): замени бутылки на незеритовые блоки
[11:42:16] RunishYT (deb2ebb7-8562-3728-8ba8-ec800da9360c): точно сработает
[11:42:49] RunishYT (deb2ebb7-8562-3728-8ba8-ec800da9360c): освободи пчел
[11:42:53] RunishYT (deb2ebb7-8562-3728-8ba8-ec800da9360c): логает пиздец
[11:44:43] RunishYT (deb2ebb7-8562-3728-8ba8-ec800da9360c): блятьь сделай пространство для пчел больше пиздец лагает
[11:46:58] RunishYT (deb2ebb7-8562-3728-8ba8-ec800da9360c): в газовую комнату его
[11:47:37] GOLDENDUSST (a0ee3527-abbd-3f28-bd2e-ff7c77b23497): поч в сунудк кольы идут
[11:56:07] RunishYT (deb2ebb7-8562-3728-8ba8-ec800da9360c): сайко верни пчелов
[11:56:14] saikonohack (61d3e846-cfe0-3e5b-b41b-772c1020819e): всм
[11:56:18] RunishYT (deb2ebb7-8562-3728-8ba8-ec800da9360c): и расширь им пространство лагает пиздей от них
[11:56:20] GOLDENDUSST (a0ee3527-abbd-3f28-bd2e-ff7c77b23497): я их уебал
[11:56:28] saikonohack (61d3e846-cfe0-3e5b-b41b-772c1020819e): ...
[11:56:31] saikonohack (61d3e846-cfe0-3e5b-b41b-772c1020819e): да вы ахуели
[11:56:43] RunishYT (deb2ebb7-8562-3728-8ba8-ec800da9360c): я тут причем бляьь
[11:56:52] saikonohack (61d3e846-cfe0-3e5b-b41b-772c1020819e): хули трогаете
[11:57:00] GOLDENDUSST (a0ee3527-abbd-3f28-bd2e-ff7c77b23497): хули ты вмешался
[11:57:03] RunishYT (deb2ebb7-8562-3728-8ba8-ec800da9360c): вот именно долбаеб
[11:57:34] GOLDENDUSST (a0ee3527-abbd-3f28-bd2e-ff7c77b23497): ты броню сломал
[11:58:17] GOLDENDUSST (a0ee3527-abbd-3f28-bd2e-ff7c77b23497): ресетни шлем
[11:59:16] RunishYT (deb2ebb7-8562-3728-8ba8-ec800da9360c): во имя оптимизации нашей базы
[12:01:10] saikonohack (61d3e846-cfe0-3e5b-b41b-772c1020819e): короче
[12:01:19] saikonohack (61d3e846-cfe0-3e5b-b41b-772c1020819e): теперь это место принадлежит ордену
[12:01:28] RunishYT (deb2ebb7-8562-3728-8ba8-ec800da9360c): спс бра
[12:01:47] saikonohack (61d3e846-cfe0-3e5b-b41b-772c1020819e): я про подвал
[12:03:04] RunishYT (deb2ebb7-8562-3728-8ba8-ec800da9360c): ашалел
[12:03:08] saikonohack (61d3e846-cfe0-3e5b-b41b-772c1020819e): теперь это место принадлежит ордену
[12:03:18] RunishYT (deb2ebb7-8562-3728-8ba8-ec800da9360c): значит она наша
[12:03:23] saikonohack (61d3e846-cfe0-3e5b-b41b-772c1020819e): кто
[12:03:47] RunishYT (deb2ebb7-8562-3728-8ba8-ec800da9360c): блять хомби верни пидар
[12:03:54] saikonohack (61d3e846-cfe0-3e5b-b41b-772c1020819e): я не убивал его додич
[12:04:08] RunishYT (deb2ebb7-8562-3728-8ba8-ec800da9360c): ты его убил килом
[12:04:11] saikonohack (61d3e846-cfe0-3e5b-b41b-772c1020819e): нет
[12:04:15] saikonohack (61d3e846-cfe0-3e5b-b41b-772c1020819e): я килал онли пчел
[12:04:22] RunishYT (deb2ebb7-8562-3728-8ba8-ec800da9360c): еблан
[12:04:26] RunishYT (deb2ebb7-8562-3728-8ba8-ec800da9360c): броня
[12:04:29] RunishYT (deb2ebb7-8562-3728-8ba8-ec800da9360c): на донышке
[12:04:37] saikonohack (61d3e846-cfe0-3e5b-b41b-772c1020819e): иди сюда
[12:05:53] saikonohack (61d3e846-cfe0-3e5b-b41b-772c1020819e): иди сюда
[12:06:35] saikonohack (61d3e846-cfe0-3e5b-b41b-772c1020819e): иди сюда
[12:06:59] RunishYT (deb2ebb7-8562-3728-8ba8-ec800da9360c): ашалел
[12:07:02] RunishYT (deb2ebb7-8562-3728-8ba8-ec800da9360c): это склад
[12:07:13] RunishYT (deb2ebb7-8562-3728-8ba8-ec800da9360c): оооо
[12:07:21] RunishYT (deb2ebb7-8562-3728-8ba8-ec800da9360c): дай нам короч все уровни освещения
[12:07:27] saikonohack (61d3e846-cfe0-3e5b-b41b-772c1020819e): это light
[12:07:28] RunishYT (deb2ebb7-8562-3728-8ba8-ec800da9360c): мы сами сделаем
[12:07:31] saikonohack (61d3e846-cfe0-3e5b-b41b-772c1020819e): он крафтится из шардов
[12:07:40] RunishYT (deb2ebb7-8562-3728-8ba8-ec800da9360c): нам лень
[12:07:41] saikonohack (61d3e846-cfe0-3e5b-b41b-772c1020819e): я хотел обсудить с тобой сделку
[12:07:45] RunishYT (deb2ebb7-8562-3728-8ba8-ec800da9360c): это долго издец
[12:07:58] RunishYT (deb2ebb7-8562-3728-8ba8-ec800da9360c): мы орден черной руки
[12:08:01] RunishYT (deb2ebb7-8562-3728-8ba8-ec800da9360c): пошел нахуй
[12:08:12] saikonohack (61d3e846-cfe0-3e5b-b41b-772c1020819e): я хотел обсудить с тобой сделку
[12:08:12] saikonohack (61d3e846-cfe0-3e5b-b41b-772c1020819e): я хотел обсудить с тобой сделку
[12:08:13] saikonohack (61d3e846-cfe0-3e5b-b41b-772c1020819e): я хотел обсудить с тобой сделку
[12:08:14] RunishYT (deb2ebb7-8562-3728-8ba8-ec800da9360c): съеби с терры нуб
[12:08:16] RunishYT (deb2ebb7-8562-3728-8ba8-ec800da9360c): ладно
[12:09:07] RunishYT (deb2ebb7-8562-3728-8ba8-ec800da9360c): не примем мы тебя в орден черной руки
[12:09:17] saikonohack (61d3e846-cfe0-3e5b-b41b-772c1020819e): так вот, я наторговал довольно много алмазов и хочу купить у тебя склад
[12:09:21] RunishYT (deb2ebb7-8562-3728-8ba8-ec800da9360c): контент тебе делать будем если хуйню делать не будешь
[12:09:24] RunishYT (deb2ebb7-8562-3728-8ba8-ec800da9360c): как обычно
[12:09:27] RunishYT (deb2ebb7-8562-3728-8ba8-ec800da9360c): пошел нахуй
[12:09:29] saikonohack (61d3e846-cfe0-3e5b-b41b-772c1020819e): плюсом, могу эндерита накинуть
[12:09:33] saikonohack (61d3e846-cfe0-3e5b-b41b-772c1020819e): и света
[12:09:33] RunishYT (deb2ebb7-8562-3728-8ba8-ec800da9360c): пошел нахуй
[12:09:35] RunishYT (deb2ebb7-8562-3728-8ba8-ec800da9360c): пошел нахуй
[12:09:35] RunishYT (deb2ebb7-8562-3728-8ba8-ec800da9360c): пошел нахуй
[12:09:36] RunishYT (deb2ebb7-8562-3728-8ba8-ec800da9360c): пошел нахуй
[12:09:36] RunishYT (deb2ebb7-8562-3728-8ba8-ec800da9360c): пошел нахуй
[12:09:49] RunishYT (deb2ebb7-8562-3728-8ba8-ec800da9360c): пошел нахуй
[12:09:49] RunishYT (deb2ebb7-8562-3728-8ba8-ec800da9360c): пошел нахуй
[12:09:54] RunishYT (deb2ebb7-8562-3728-8ba8-ec800da9360c): это наше
[12:10:01] RunishYT (deb2ebb7-8562-3728-8ba8-ec800da9360c): но за этот лук
[12:10:11] saikonohack (61d3e846-cfe0-3e5b-b41b-772c1020819e): хм, можно
[12:10:18] RunishYT (deb2ebb7-8562-3728-8ba8-ec800da9360c): и меч
[12:10:21] RunishYT (deb2ebb7-8562-3728-8ba8-ec800da9360c): лук и меч
[12:10:22] saikonohack (61d3e846-cfe0-3e5b-b41b-772c1020819e): этот?
[12:10:23] RunishYT (deb2ebb7-8562-3728-8ba8-ec800da9360c): навеки
[12:10:33] RunishYT (deb2ebb7-8562-3728-8ba8-ec800da9360c): нет меч и лук на 1000000 урона
[12:10:33] GOLDENDUSST (a0ee3527-abbd-3f28-bd2e-ff7c77b23497): Хуета
[12:10:42] saikonohack (61d3e846-cfe0-3e5b-b41b-772c1020819e): нет у меня меча на 10000000 урона
[12:10:45] GOLDENDUSST (a0ee3527-abbd-3f28-bd2e-ff7c77b23497): Я думаю ты ашалел
[12:10:46] saikonohack (61d3e846-cfe0-3e5b-b41b-772c1020819e): ток лук
[12:10:53] RunishYT (deb2ebb7-8562-3728-8ba8-ec800da9360c): короче ваншот меч и ваншот лук
[12:11:03] saikonohack (61d3e846-cfe0-3e5b-b41b-772c1020819e): ваншот топор есть, и ваншот лук
[12:11:11] GOLDENDUSST (a0ee3527-abbd-3f28-bd2e-ff7c77b23497): Ска то есть территория принадлежит тебе?
[12:11:13] RunishYT (deb2ebb7-8562-3728-8ba8-ec800da9360c): ну чо вованус
[12:11:21] GOLDENDUSST (a0ee3527-abbd-3f28-bd2e-ff7c77b23497): Вся или только подземелье
[12:11:28] saikonohack (61d3e846-cfe0-3e5b-b41b-772c1020819e): подземелье
[12:11:43] RunishYT (deb2ebb7-8562-3728-8ba8-ec800da9360c): 2 дня работы за ваншот топор и меч
[12:11:46] saikonohack (61d3e846-cfe0-3e5b-b41b-772c1020819e): за одно, могу дать билет на ивент "бравл старс в майнкрафте"
[12:11:58] RunishYT (deb2ebb7-8562-3728-8ba8-ec800da9360c): шалкер таких
[12:12:05] saikonohack (61d3e846-cfe0-3e5b-b41b-772c1020819e): билетов?
[12:12:10] RunishYT (deb2ebb7-8562-3728-8ba8-ec800da9360c): шалкер хочу таких ваншот луков и топоров
[12:12:18] saikonohack (61d3e846-cfe0-3e5b-b41b-772c1020819e): а по ебалу не хочешь?
[12:12:22] GOLDENDUSST (a0ee3527-abbd-3f28-bd2e-ff7c77b23497): Я хочу дебаг стик
[12:12:29] GOLDENDUSST (a0ee3527-abbd-3f28-bd2e-ff7c77b23497): Блять
[12:13:03] RunishYT (deb2ebb7-8562-3728-8ba8-ec800da9360c): шалкер ваншот вещей
[12:13:07] saikonohack (61d3e846-cfe0-3e5b-b41b-772c1020819e): нет
[12:13:12] saikonohack (61d3e846-cfe0-3e5b-b41b-772c1020819e): одна копия
[12:13:21] GOLDENDUSST (a0ee3527-abbd-3f28-bd2e-ff7c77b23497): две
[12:13:22] RunishYT (deb2ebb7-8562-3728-8ba8-ec800da9360c): нахуя тебе это подземелье?
[12:13:29] saikonohack (61d3e846-cfe0-3e5b-b41b-772c1020819e): под орден
[12:13:38] RunishYT (deb2ebb7-8562-3728-8ba8-ec800da9360c): но главы ордена мы....
[12:13:47] GOLDENDUSST (a0ee3527-abbd-3f28-bd2e-ff7c77b23497): ашалел
[12:13:48] saikonohack (61d3e846-cfe0-3e5b-b41b-772c1020819e): глав ордена нет, на то мы и орден ебана
[12:13:56] RunishYT (deb2ebb7-8562-3728-8ba8-ec800da9360c): руку построил вова а подземелье мы
[12:14:16] RunishYT (deb2ebb7-8562-3728-8ba8-ec800da9360c): создатели
[12:14:24] saikonohack (61d3e846-cfe0-3e5b-b41b-772c1020819e): ну так это только начало
[12:14:31] RunishYT (deb2ebb7-8562-3728-8ba8-ec800da9360c): хотябы 5 пар ваншот топоров и луков
[12:14:42] RunishYT (deb2ebb7-8562-3728-8ba8-ec800da9360c): тоесть 5 луков и топоров
[12:14:58] saikonohack (61d3e846-cfe0-3e5b-b41b-772c1020819e): один лук и один топор! могу еще 2 шарда дать
[12:15:04] RunishYT (deb2ebb7-8562-3728-8ba8-ec800da9360c): обоим
[12:15:14] GOLDENDUSST (a0ee3527-abbd-3f28-bd2e-ff7c77b23497): шарды не интересуют
[12:15:19] RunishYT (deb2ebb7-8562-3728-8ba8-ec800da9360c): 2 лука и топора
[12:15:49] RunishYT (deb2ebb7-8562-3728-8ba8-ec800da9360c): он исчез
[12:15:53] GOLDENDUSST (a0ee3527-abbd-3f28-bd2e-ff7c77b23497): ты смотрел видео миссия Прохора
[12:15:56] saikonohack (61d3e846-cfe0-3e5b-b41b-772c1020819e): да
[12:15:59] saikonohack (61d3e846-cfe0-3e5b-b41b-772c1020819e): скинь ему
[12:16:01] RunishYT (deb2ebb7-8562-3728-8ba8-ec800da9360c): 2 топора и лука
[12:16:04] GOLDENDUSST (a0ee3527-abbd-3f28-bd2e-ff7c77b23497): Ладно
[12:16:06] RunishYT (deb2ebb7-8562-3728-8ba8-ec800da9360c): и все подземелье твое
[12:16:16] GOLDENDUSST (a0ee3527-abbd-3f28-bd2e-ff7c77b23497): ща есу отправлю ссылку
[12:16:19] RunishYT (deb2ebb7-8562-3728-8ba8-ec800da9360c): да мы тебе еще и дверь с кодом сделаем
[12:16:22] saikonohack (61d3e846-cfe0-3e5b-b41b-772c1020819e): у меня только один лук
[12:16:27] saikonohack (61d3e846-cfe0-3e5b-b41b-772c1020819e): нахуй она не нужна
[12:16:28] RunishYT (deb2ebb7-8562-3728-8ba8-ec800da9360c): сделай еще
[12:16:35] GOLDENDUSST (a0ee3527-abbd-3f28-bd2e-ff7c77b23497): короче нажимаешь и у тебя их два
[12:16:42] RunishYT (deb2ebb7-8562-3728-8ba8-ec800da9360c): да
[12:17:04] RunishYT (deb2ebb7-8562-3728-8ba8-ec800da9360c): пара ваншот топоров и луков
[12:17:27] saikonohack (61d3e846-cfe0-3e5b-b41b-772c1020819e): сядь на лавку, ирод
[12:17:53] GOLDENDUSST (a0ee3527-abbd-3f28-bd2e-ff7c77b23497): ашалел
[12:18:01] RunishYT (deb2ebb7-8562-3728-8ba8-ec800da9360c): 0ахаххахахха
[12:18:02] GOLDENDUSST (a0ee3527-abbd-3f28-bd2e-ff7c77b23497): да1 ботинки
[12:18:07] saikonohack (61d3e846-cfe0-3e5b-b41b-772c1020819e): ъвпаъвпаъпавъпа
[12:18:11] RunishYT (deb2ebb7-8562-3728-8ba8-ec800da9360c): давай
[12:18:15] RunishYT (deb2ebb7-8562-3728-8ba8-ec800da9360c): не ломайся
[12:18:24] GOLDENDUSST (a0ee3527-abbd-3f28-bd2e-ff7c77b23497): блять это китайские
[12:18:29] GOLDENDUSST (a0ee3527-abbd-3f28-bd2e-ff7c77b23497): и воняют
[12:18:34] GOLDENDUSST (a0ee3527-abbd-3f28-bd2e-ff7c77b23497): Это же гавнадавы
[12:18:36] RunishYT (deb2ebb7-8562-3728-8ba8-ec800da9360c): 2 ваншот топора и лука
[12:19:02] saikonohack (61d3e846-cfe0-3e5b-b41b-772c1020819e): шалкер вернули
[12:19:05] saikonohack (61d3e846-cfe0-3e5b-b41b-772c1020819e): иначе выебу
[12:19:07] saikonohack (61d3e846-cfe0-3e5b-b41b-772c1020819e): жоско
[12:19:09] RunishYT (deb2ebb7-8562-3728-8ba8-ec800da9360c): сзади ебан
[12:19:27] RunishYT (deb2ebb7-8562-3728-8ba8-ec800da9360c): давай
[12:19:27] GOLDENDUSST (a0ee3527-abbd-3f28-bd2e-ff7c77b23497): я ебал одмен
[12:19:34] RunishYT (deb2ebb7-8562-3728-8ba8-ec800da9360c): подземелье покупаешь?
[12:19:38] saikonohack (61d3e846-cfe0-3e5b-b41b-772c1020819e): да, погоди
[12:19:52] RunishYT (deb2ebb7-8562-3728-8ba8-ec800da9360c): оооо всевышний наш
[12:20:01] RunishYT (deb2ebb7-8562-3728-8ba8-ec800da9360c): дай нам ваншот луки топорыыыыыы
[12:20:23] RunishYT (deb2ebb7-8562-3728-8ba8-ec800da9360c): оооо всевышний наш
[12:20:28] GOLDENDUSST (a0ee3527-abbd-3f28-bd2e-ff7c77b23497): блять
[12:20:32] RunishYT (deb2ebb7-8562-3728-8ba8-ec800da9360c): Дай нам ваншотыыыыыыыы
[12:21:04] GOLDENDUSST (a0ee3527-abbd-3f28-bd2e-ff7c77b23497): верни боты
[12:21:09] RunishYT (deb2ebb7-8562-3728-8ba8-ec800da9360c): бот
[12:21:10] GOLDENDUSST (a0ee3527-abbd-3f28-bd2e-ff7c77b23497): за 5 гривен
[12:21:57] saikonohack (61d3e846-cfe0-3e5b-b41b-772c1020819e): ща перезайду, реплей хочу под ролик
[12:22:11] RunishYT (deb2ebb7-8562-3728-8ba8-ec800da9360c): ашалел он помоему
[12:22:29] GOLDENDUSST (a0ee3527-abbd-3f28-bd2e-ff7c77b23497): да ахуел но его личего
[12:22:34] GOLDENDUSST (a0ee3527-abbd-3f28-bd2e-ff7c77b23497): личико такое
[12:22:37] GOLDENDUSST (a0ee3527-abbd-3f28-bd2e-ff7c77b23497): ебланское
[12:22:42] GOLDENDUSST (a0ee3527-abbd-3f28-bd2e-ff7c77b23497): я б выебал
[12:22:45] RunishYT (deb2ebb7-8562-3728-8ba8-ec800da9360c): сайко блять не читай
[12:22:48] GOLDENDUSST (a0ee3527-abbd-3f28-bd2e-ff7c77b23497): но он не любит меня
[12:28:55] RunishYT (deb2ebb7-8562-3728-8ba8-ec800da9360c): сайк зацени чо мы сделали
[12:29:42] saikonohack (61d3e846-cfe0-3e5b-b41b-772c1020819e): итак
[12:29:51] saikonohack (61d3e846-cfe0-3e5b-b41b-772c1020819e): сюдя
[12:29:54] saikonohack (61d3e846-cfe0-3e5b-b41b-772c1020819e): сядь
[12:30:22] saikonohack (61d3e846-cfe0-3e5b-b41b-772c1020819e): не забирайте
[12:30:39] RunishYT (deb2ebb7-8562-3728-8ba8-ec800da9360c): но это обычный топор
[12:30:44] GOLDENDUSST (a0ee3527-abbd-3f28-bd2e-ff7c77b23497): Это обычные топоры
[12:30:46] saikonohack (61d3e846-cfe0-3e5b-b41b-772c1020819e): я им ваншотал
[12:30:53] RunishYT (deb2ebb7-8562-3728-8ba8-ec800da9360c): мы проверим
[12:30:56] saikonohack (61d3e846-cfe0-3e5b-b41b-772c1020819e): мой хуже даж
[12:31:02] saikonohack (61d3e846-cfe0-3e5b-b41b-772c1020819e): это железный
[12:31:03] RunishYT (deb2ebb7-8562-3728-8ba8-ec800da9360c): хуета
[12:31:03] saikonohack (61d3e846-cfe0-3e5b-b41b-772c1020819e): адай
[12:31:13] RunishYT (deb2ebb7-8562-3728-8ba8-ec800da9360c): переделывай
[12:31:42] saikonohack (61d3e846-cfe0-3e5b-b41b-772c1020819e): 4 хп
[12:31:47] RunishYT (deb2ebb7-8562-3728-8ba8-ec800da9360c): хуета
[12:31:48] saikonohack (61d3e846-cfe0-3e5b-b41b-772c1020819e): 3 хп
[12:32:19] RunishYT (deb2ebb7-8562-3728-8ba8-ec800da9360c): биля
[12:32:22] GOLDENDUSST (a0ee3527-abbd-3f28-bd2e-ff7c77b23497): Ебать сайко ты поумнел?
[12:32:29] GOLDENDUSST (a0ee3527-abbd-3f28-bd2e-ff7c77b23497): Или у тебя опухоль
[12:32:37] RunishYT (deb2ebb7-8562-3728-8ba8-ec800da9360c): ладно
[12:32:49] RunishYT (deb2ebb7-8562-3728-8ba8-ec800da9360c): давай ваншотики
[12:33:52] GOLDENDUSST (a0ee3527-abbd-3f28-bd2e-ff7c77b23497): а поч на бесконечность
[12:33:52] RunishYT (deb2ebb7-8562-3728-8ba8-ec800da9360c): давай
[12:33:56] GOLDENDUSST (a0ee3527-abbd-3f28-bd2e-ff7c77b23497): а не на починку
[12:34:22] saikonohack (61d3e846-cfe0-3e5b-b41b-772c1020819e): смарите боты
[12:34:39] RunishYT (deb2ebb7-8562-3728-8ba8-ec800da9360c): ммми хуета
[12:34:43] saikonohack (61d3e846-cfe0-3e5b-b41b-772c1020819e): а я не в гм
[12:34:44] GOLDENDUSST (a0ee3527-abbd-3f28-bd2e-ff7c77b23497): пида
[12:34:50] GOLDENDUSST (a0ee3527-abbd-3f28-bd2e-ff7c77b23497): короч
[12:35:14] saikonohack (61d3e846-cfe0-3e5b-b41b-772c1020819e): о, еще фокус
[12:35:30] saikonohack (61d3e846-cfe0-3e5b-b41b-772c1020819e): 55
[12:35:36] saikonohack (61d3e846-cfe0-3e5b-b41b-772c1020819e): с одной руду
[12:35:54] saikonohack (61d3e846-cfe0-3e5b-b41b-772c1020819e): 22
[12:36:15] GOLDENDUSST (a0ee3527-abbd-3f28-bd2e-ff7c77b23497): сайко
[12:36:20] saikonohack (61d3e846-cfe0-3e5b-b41b-772c1020819e): лишние
[12:36:23] RunishYT (deb2ebb7-8562-3728-8ba8-ec800da9360c): а топоры
[12:36:24] GOLDENDUSST (a0ee3527-abbd-3f28-bd2e-ff7c77b23497): тебе пизда
[12:36:26] RunishYT (deb2ebb7-8562-3728-8ba8-ec800da9360c): на ваншот
[12:36:53] GOLDENDUSST (a0ee3527-abbd-3f28-bd2e-ff7c77b23497): бан
[12:36:59] RunishYT (deb2ebb7-8562-3728-8ba8-ec800da9360c): бля
[12:37:44] GOLDENDUSST (a0ee3527-abbd-3f28-bd2e-ff7c77b23497): -бронь
[12:38:14] saikonohack (61d3e846-cfe0-3e5b-b41b-772c1020819e): :zip: :zip:
[12:38:29] GOLDENDUSST (a0ee3527-abbd-3f28-bd2e-ff7c77b23497): адай бронь
[12:39:10] saikonohack (61d3e846-cfe0-3e5b-b41b-772c1020819e): сюда идем все
[12:39:15] GOLDENDUSST (a0ee3527-abbd-3f28-bd2e-ff7c77b23497): ботикнки не те
[12:39:44] GOLDENDUSST (a0ee3527-abbd-3f28-bd2e-ff7c77b23497): боты не те
[12:40:18] GOLDENDUSST (a0ee3527-abbd-3f28-bd2e-ff7c77b23497): норм
[12:40:30] RunishYT (deb2ebb7-8562-3728-8ba8-ec800da9360c): ахуена
[12:40:34] RunishYT (deb2ebb7-8562-3728-8ba8-ec800da9360c): а топоры?
[12:40:46] RunishYT (deb2ebb7-8562-3728-8ba8-ec800da9360c): они же просто незеритовые
[12:40:47] saikonohack (61d3e846-cfe0-3e5b-b41b-772c1020819e): в шалкере
[12:43:02] saikonohack (61d3e846-cfe0-3e5b-b41b-772c1020819e): крч, идите пока от седа, я обустрою немного временно
[12:43:43] GOLDENDUSST (a0ee3527-abbd-3f28-bd2e-ff7c77b23497): А какие права мы имеем на этот бункер демастера
[12:43:59] saikonohack (61d3e846-cfe0-3e5b-b41b-772c1020819e): пока - как у феменистки, потом - как у члена ордена
[12:44:11] GOLDENDUSST (a0ee3527-abbd-3f28-bd2e-ff7c77b23497): Ладно.
[12:51:20] RunishYT (deb2ebb7-8562-3728-8ba8-ec800da9360c): сацк ты ашалел
[12:53:31] GOLDENDUSST (a0ee3527-abbd-3f28-bd2e-ff7c77b23497): Всего мгновение
[12:53:38] GOLDENDUSST (a0ee3527-abbd-3f28-bd2e-ff7c77b23497): но пидора я успел заметить
[12:55:45] GOLDENDUSST (a0ee3527-abbd-3f28-bd2e-ff7c77b23497): Сайк когда ты кильнул всех жители оьнулили мне скидочки ты гей
[12:57:46] saikonohack (61d3e846-cfe0-3e5b-b41b-772c1020819e): пробуй
[12:57:56] GOLDENDUSST (a0ee3527-abbd-3f28-bd2e-ff7c77b23497): норм
[12:57:58] GOLDENDUSST (a0ee3527-abbd-3f28-bd2e-ff7c77b23497): спс
[12:58:39] GOLDENDUSST (a0ee3527-abbd-3f28-bd2e-ff7c77b23497): стоп это говно
[12:58:58] GOLDENDUSST (a0ee3527-abbd-3f28-bd2e-ff7c77b23497): у меня были скидки без эффекта короч я сам их щас вылечу
[13:04:45] RunishYT (deb2ebb7-8562-3728-8ba8-ec800da9360c): ты сможешь сделать вход по книге?
[13:04:52] GOLDENDUSST (a0ee3527-abbd-3f28-bd2e-ff7c77b23497): да
[13:04:53] RunishYT (deb2ebb7-8562-3728-8ba8-ec800da9360c): сайк
[13:30:24] GOLDENDUSST (a0ee3527-abbd-3f28-bd2e-ff7c77b23497): дядя
[13:30:27] GOLDENDUSST (a0ee3527-abbd-3f28-bd2e-ff7c77b23497): отвали
[14:54:37] FlimeUS_Fresh (524eb313-8728-3807-b8c2-f5f576a2ef4b): Я найду тебя и разобью ебальник. Готовь сраку, мы едем тебя бить публично через час
[14:54:41] FlimeUS_Fresh (524eb313-8728-3807-b8c2-f5f576a2ef4b): Я найду тебя и разобью ебальник. Готовь сраку, мы едем тебя бить публично через час
[14:54:43] RunishYT (deb2ebb7-8562-3728-8ba8-ec800da9360c): Ухади
[14:54:49] RunishYT (deb2ebb7-8562-3728-8ba8-ec800da9360c): ты где?
[14:55:07] RunishYT (deb2ebb7-8562-3728-8ba8-ec800da9360c): жди меня
[14:56:17] RunishYT (deb2ebb7-8562-3728-8ba8-ec800da9360c): я найду тебя
[14:56:32] FlimeUS_Fresh (524eb313-8728-3807-b8c2-f5f576a2ef4b): эх сука
[14:56:35] FlimeUS_Fresh (524eb313-8728-3807-b8c2-f5f576a2ef4b): палка на бан не работает
[14:56:48] RunishYT (deb2ebb7-8562-3728-8ba8-ec800da9360c): выйди из гм нуб
[14:57:22] FlimeUS_Fresh (524eb313-8728-3807-b8c2-f5f576a2ef4b): ну че
[14:57:38] RunishYT (deb2ebb7-8562-3728-8ba8-ec800da9360c): эээээ чо за шайтан магия
[14:57:42] GOLDENDUSST (a0ee3527-abbd-3f28-bd2e-ff7c77b23497): он неуязвим
[14:57:51] GOLDENDUSST (a0ee3527-abbd-3f28-bd2e-ff7c77b23497): совершенное существо
[14:57:55] RunishYT (deb2ebb7-8562-3728-8ba8-ec800da9360c): делись
[14:58:00] GOLDENDUSST (a0ee3527-abbd-3f28-bd2e-ff7c77b23497): мы должны подчиниться ему
[14:58:11] FlimeUS_Fresh (524eb313-8728-3807-b8c2-f5f576a2ef4b): оно убивает даже гм
[14:58:18] RunishYT (deb2ebb7-8562-3728-8ba8-ec800da9360c): шайтан адай
[14:58:21] FlimeUS_Fresh (524eb313-8728-3807-b8c2-f5f576a2ef4b): никто не устоит против этого зелья
[14:58:29] RunishYT (deb2ebb7-8562-3728-8ba8-ec800da9360c): дай нам шалкер
[14:58:32] FlimeUS_Fresh (524eb313-8728-3807-b8c2-f5f576a2ef4b): + оно сохраняет инвентарь при смерти
[14:59:04] FlimeUS_Fresh (524eb313-8728-3807-b8c2-f5f576a2ef4b): шайтан телепорт
[14:59:05] GOLDENDUSST (a0ee3527-abbd-3f28-bd2e-ff7c77b23497): Опыт
[15:00:58] FlimeUS_Fresh (524eb313-8728-3807-b8c2-f5f576a2ef4b): голд
[15:01:02] FlimeUS_Fresh (524eb313-8728-3807-b8c2-f5f576a2ef4b): ничего не видишь странного?
[15:01:13] FlimeUS_Fresh (524eb313-8728-3807-b8c2-f5f576a2ef4b): например 99999999 уровней
[15:01:18] GOLDENDUSST (a0ee3527-abbd-3f28-bd2e-ff7c77b23497): 24791
[15:01:20] RunishYT (deb2ebb7-8562-3728-8ba8-ec800da9360c): онлайн больше 2 человек
[15:01:22] FlimeUS_Fresh (524eb313-8728-3807-b8c2-f5f576a2ef4b): эх
[15:01:23] FlimeUS_Fresh (524eb313-8728-3807-b8c2-f5f576a2ef4b): скука
[15:01:25] FlimeUS_Fresh (524eb313-8728-3807-b8c2-f5f576a2ef4b): лимит майна
[15:01:33] RunishYT (deb2ebb7-8562-3728-8ba8-ec800da9360c): странно
[15:02:22] GOLDENDUSST (a0ee3527-abbd-3f28-bd2e-ff7c77b23497): ты кто
[15:02:24] FlimeUS_Fresh (524eb313-8728-3807-b8c2-f5f576a2ef4b): 1239 урона
[15:02:26] GOLDENDUSST (a0ee3527-abbd-3f28-bd2e-ff7c77b23497): че за нн
[15:02:32] FlimeUS_Fresh (524eb313-8728-3807-b8c2-f5f576a2ef4b): голд
[15:02:40] FlimeUS_Fresh (524eb313-8728-3807-b8c2-f5f576a2ef4b): чекай че умею
[15:02:49] FlimeUS_Fresh (524eb313-8728-3807-b8c2-f5f576a2ef4b): не
[15:02:49] FlimeUS_Fresh (524eb313-8728-3807-b8c2-f5f576a2ef4b): хуйня
[15:02:50] FlimeUS_Fresh (524eb313-8728-3807-b8c2-f5f576a2ef4b): ща
[15:02:53] FlimeUS_Fresh (524eb313-8728-3807-b8c2-f5f576a2ef4b): нужно хохла
[15:02:57] GOLDENDUSST (a0ee3527-abbd-3f28-bd2e-ff7c77b23497): чекай что я умею
[15:03:07] FlimeUS_Fresh (524eb313-8728-3807-b8c2-f5f576a2ef4b): 1240 урона
[15:03:09] FlimeUS_Fresh (524eb313-8728-3807-b8c2-f5f576a2ef4b): глянь по дропу
[15:03:19] GOLDENDUSST (a0ee3527-abbd-3f28-bd2e-ff7c77b23497): 3 стака
[15:03:35] FlimeUS_Fresh (524eb313-8728-3807-b8c2-f5f576a2ef4b): 255 прочность, 255 добыча и 255 шарпнесс
[15:03:54] FlimeUS_Fresh (524eb313-8728-3807-b8c2-f5f576a2ef4b): я этот меч сделал ещё во времена 1.12.2
[15:04:16] RunishYT (deb2ebb7-8562-3728-8ba8-ec800da9360c): ашалел
[15:04:27] RunishYT (deb2ebb7-8562-3728-8ba8-ec800da9360c): сам добывай
[15:04:30] RunishYT (deb2ebb7-8562-3728-8ba8-ec800da9360c): ручками
[15:05:06] GOLDENDUSST (a0ee3527-abbd-3f28-bd2e-ff7c77b23497): го пивипи
[15:05:12] GOLDENDUSST (a0ee3527-abbd-3f28-bd2e-ff7c77b23497): доставай незеритку
[15:05:49] FlimeUS_Fresh (524eb313-8728-3807-b8c2-f5f576a2ef4b): она мне не нужна что бы победить тебя
[15:05:56] GOLDENDUSST (a0ee3527-abbd-3f28-bd2e-ff7c77b23497): дядя
[15:06:02] GOLDENDUSST (a0ee3527-abbd-3f28-bd2e-ff7c77b23497): зачем ты используешь
[15:06:06] GOLDENDUSST (a0ee3527-abbd-3f28-bd2e-ff7c77b23497): эти вещи
[15:06:31] FlimeUS_Fresh (524eb313-8728-3807-b8c2-f5f576a2ef4b): у меня тотем на буквальное бессмертие
[15:06:35] FlimeUS_Fresh (524eb313-8728-3807-b8c2-f5f576a2ef4b): + 1к хп
[15:06:47] RunishYT (deb2ebb7-8562-3728-8ba8-ec800da9360c): ашалел
[15:06:55] RunishYT (deb2ebb7-8562-3728-8ba8-ec800da9360c): ухади
[15:06:56] RunishYT (deb2ebb7-8562-3728-8ba8-ec800da9360c): ухади
[15:06:58] RunishYT (deb2ebb7-8562-3728-8ba8-ec800da9360c): ухади
[15:07:33] GOLDENDUSST (a0ee3527-abbd-3f28-bd2e-ff7c77b23497): спавнь голема
[15:07:33] RunishYT (deb2ebb7-8562-3728-8ba8-ec800da9360c): спидран по ачивкам
[15:08:20] FlimeUS_Fresh (524eb313-8728-3807-b8c2-f5f576a2ef4b): Готовы?
[15:08:21] RunishYT (deb2ebb7-8562-3728-8ba8-ec800da9360c): вот с этого мнста поподробнее
[15:08:23] FlimeUS_Fresh (524eb313-8728-3807-b8c2-f5f576a2ef4b): Готовы?
[15:08:30] RunishYT (deb2ebb7-8562-3728-8ba8-ec800da9360c): йээс
[15:08:30] GOLDENDUSST (a0ee3527-abbd-3f28-bd2e-ff7c77b23497): к чему
[15:08:36] FlimeUS_Fresh (524eb313-8728-3807-b8c2-f5f576a2ef4b): ИИЗИИИИИ
[15:08:38] FlimeUS_Fresh (524eb313-8728-3807-b8c2-f5f576a2ef4b): СПИДРАН
[15:08:40] GOLDENDUSST (a0ee3527-abbd-3f28-bd2e-ff7c77b23497): уфф
[15:08:42] RunishYT (deb2ebb7-8562-3728-8ba8-ec800da9360c): уфффффф
[15:08:42] FlimeUS_Fresh (524eb313-8728-3807-b8c2-f5f576a2ef4b): МИРОВОЙ РЕКОРД
[15:08:45] FlimeUS_Fresh (524eb313-8728-3807-b8c2-f5f576a2ef4b): EZZZZZZZZZZZZZZ
[15:08:49] RunishYT (deb2ebb7-8562-3728-8ba8-ec800da9360c): заСПИДранил
[15:09:06] FlimeUS_Fresh (524eb313-8728-3807-b8c2-f5f576a2ef4b): Ну я ведь не заквиель или лаврин
[15:09:12] FlimeUS_Fresh (524eb313-8728-3807-b8c2-f5f576a2ef4b): что бы руинить
[15:09:15] RunishYT (deb2ebb7-8562-3728-8ba8-ec800da9360c): они лохи
[15:09:21] RunishYT (deb2ebb7-8562-3728-8ba8-ec800da9360c): все игроки мш лохи
[15:09:30] RunishYT (deb2ebb7-8562-3728-8ba8-ec800da9360c): майнешилде калл
[15:09:39] FlimeUS_Fresh (524eb313-8728-3807-b8c2-f5f576a2ef4b): лаврин 2 раза попался на ловушку зака
[15:09:42] FlimeUS_Fresh (524eb313-8728-3807-b8c2-f5f576a2ef4b): зная об этой ловушке
[15:09:44] FlimeUS_Fresh (524eb313-8728-3807-b8c2-f5f576a2ef4b): он лох
[15:09:50] FlimeUS_Fresh (524eb313-8728-3807-b8c2-f5f576a2ef4b): полный лох
[15:09:50] RunishYT (deb2ebb7-8562-3728-8ba8-ec800da9360c): ты лох
[15:11:26] GOLDENDUSST (a0ee3527-abbd-3f28-bd2e-ff7c77b23497): дядя
[15:11:29] GOLDENDUSST (a0ee3527-abbd-3f28-bd2e-ff7c77b23497): ашалел
[15:12:13] GOLDENDUSST (a0ee3527-abbd-3f28-bd2e-ff7c77b23497): Фууу
[15:12:16] GOLDENDUSST (a0ee3527-abbd-3f28-bd2e-ff7c77b23497): Азов
[15:12:18] RunishYT (deb2ebb7-8562-3728-8ba8-ec800da9360c): митасаске го пфп
[15:12:21] GOLDENDUSST (a0ee3527-abbd-3f28-bd2e-ff7c77b23497): Путлер
[15:12:55] FlimeUS_Fresh (524eb313-8728-3807-b8c2-f5f576a2ef4b): ну го
[15:13:10] FlimeUS_Fresh (524eb313-8728-3807-b8c2-f5f576a2ef4b): готов?
[15:13:20] RunishYT (deb2ebb7-8562-3728-8ba8-ec800da9360c): да
[15:13:25] FlimeUS_Fresh (524eb313-8728-3807-b8c2-f5f576a2ef4b): ну го
[15:14:03] FlimeUS_Fresh (524eb313-8728-3807-b8c2-f5f576a2ef4b): ботяра
[15:15:56] RunishYT (deb2ebb7-8562-3728-8ba8-ec800da9360c): не впечатляет
[15:16:25] RunishYT (deb2ebb7-8562-3728-8ba8-ec800da9360c): не впечатляет
[15:16:54] RunishYT (deb2ebb7-8562-3728-8ba8-ec800da9360c): не впечатляет
[15:17:14] FlimeUS_Fresh (524eb313-8728-3807-b8c2-f5f576a2ef4b): ёжик
[15:17:41] FlimeUS_Fresh (524eb313-8728-3807-b8c2-f5f576a2ef4b): слит
[15:17:45] FlimeUS_Fresh (524eb313-8728-3807-b8c2-f5f576a2ef4b): сдох от 1 удара
[15:18:37] RunishYT (deb2ebb7-8562-3728-8ba8-ec800da9360c): не впечатляет
[15:18:53] FlimeUS_Fresh (524eb313-8728-3807-b8c2-f5f576a2ef4b): сайко момент
[15:19:01] FlimeUS_Fresh (524eb313-8728-3807-b8c2-f5f576a2ef4b): average ping: 171ms (3 players)
[15:20:27] FlimeUS_Fresh (524eb313-8728-3807-b8c2-f5f576a2ef4b): блять
[15:20:30] FlimeUS_Fresh (524eb313-8728-3807-b8c2-f5f576a2ef4b): выпил водки
[15:20:33] FlimeUS_Fresh (524eb313-8728-3807-b8c2-f5f576a2ef4b): теперь тянет в ад
[15:20:35] FlimeUS_Fresh (524eb313-8728-3807-b8c2-f5f576a2ef4b): те в россию
[15:20:43] RunishYT (deb2ebb7-8562-3728-8ba8-ec800da9360c): еблан
[15:20:44] FlimeUS_Fresh (524eb313-8728-3807-b8c2-f5f576a2ef4b): сука
[15:20:57] FlimeUS_Fresh (524eb313-8728-3807-b8c2-f5f576a2ef4b): меня русская водка притянула в ад
[15:21:26] GOLDENDUSST (a0ee3527-abbd-3f28-bd2e-ff7c77b23497): грешник пусть тебя ебёт баба с членом огромным как у нигера
[15:22:10] GOLDENDUSST (a0ee3527-abbd-3f28-bd2e-ff7c77b23497): гг тима раков я ливаю
[16:42:50] AviKgolD1 (fe9f4036-69b5-38be-a9c3-1d860d8c4398): как мне включить координаты если я с бедрок издания?
[16:43:20] AviKgolD1 (fe9f4036-69b5-38be-a9c3-1d860d8c4398): как мне включить координаты если я с бедрок издания?
[16:55:53] AviKgolD1 (fe9f4036-69b5-38be-a9c3-1d860d8c4398): как включить координаты на бедрок издании?
[16:57:36] RunishYT (deb2ebb7-8562-3728-8ba8-ec800da9360c): бребля
[16:57:38] AviKgolD1 (fe9f4036-69b5-38be-a9c3-1d860d8c4398): огромное спасибо
[16:57:42] Bradly378 (9ab93dfb-1454-3bb1-b47f-700f714534a9): ?
[16:57:43] RunishYT (deb2ebb7-8562-3728-8ba8-ec800da9360c): напиши челику коМАНДУ
[16:57:49] Bradly378 (9ab93dfb-1454-3bb1-b47f-700f714534a9): уже
[16:57:56] RunishYT (deb2ebb7-8562-3728-8ba8-ec800da9360c): ладна
[16:58:21] RunishYT (deb2ebb7-8562-3728-8ba8-ec800da9360c): ээххх как же прекрасна Чечня
[17:02:25] RunishYT (deb2ebb7-8562-3728-8ba8-ec800da9360c): бребля говори корды
[17:02:33] Bradly378 (9ab93dfb-1454-3bb1-b47f-700f714534a9): ?
[17:02:42] RunishYT (deb2ebb7-8562-3728-8ba8-ec800da9360c): мне ружны ресы фартука
[17:02:51] Bradly378 (9ab93dfb-1454-3bb1-b47f-700f714534a9): смешно
[17:03:25] RunishYT (deb2ebb7-8562-3728-8ba8-ec800da9360c): мне нужна твоя душа
[17:04:14] Bradly378 (9ab93dfb-1454-3bb1-b47f-700f714534a9): у сука уже в незеритке
[17:04:20] RunishYT (deb2ebb7-8562-3728-8ba8-ec800da9360c): да
[17:04:24] Bradly378 (9ab93dfb-1454-3bb1-b47f-700f714534a9): чё
[17:04:37] RunishYT (deb2ebb7-8562-3728-8ba8-ec800da9360c): уваххахахахаххаха
[17:05:00] RunishYT (deb2ebb7-8562-3728-8ba8-ec800da9360c): ооооо сюда
[17:05:17] Bradly378 (9ab93dfb-1454-3bb1-b47f-700f714534a9): сьебал
[17:05:38] Bradly378 (9ab93dfb-1454-3bb1-b47f-700f714534a9): а то по сундукам шарится
[17:05:47] RunishYT (deb2ebb7-8562-3728-8ba8-ec800da9360c): ашалел
[17:06:25] RunishYT (deb2ebb7-8562-3728-8ba8-ec800da9360c): ашалели
[17:06:32] RunishYT (deb2ebb7-8562-3728-8ba8-ec800da9360c): мы же ее снесли
[17:06:38] RunishYT (deb2ebb7-8562-3728-8ba8-ec800da9360c): ее тут не должно быть
[17:06:41] RunishYT (deb2ebb7-8562-3728-8ba8-ec800da9360c): она ошибка
[17:07:24] RunishYT (deb2ebb7-8562-3728-8ba8-ec800da9360c): го я оптимизирую вашу базу
[17:07:30] RunishYT (deb2ebb7-8562-3728-8ba8-ec800da9360c): а то лагает пиздец
[17:07:32] Bradly378 (9ab93dfb-1454-3bb1-b47f-700f714534a9): вьебу
[17:08:14] Bradly378 (9ab93dfb-1454-3bb1-b47f-700f714534a9): я те очко оптимизирую
[17:08:20] Bradly378 (9ab93dfb-1454-3bb1-b47f-700f714534a9): ты меня понял?
[17:08:27] RunishYT (deb2ebb7-8562-3728-8ba8-ec800da9360c): эээээ ты чо
[17:08:31] RunishYT (deb2ebb7-8562-3728-8ba8-ec800da9360c): яж к тебе с миром
[17:08:33] RunishYT (deb2ebb7-8562-3728-8ba8-ec800da9360c): а ты
[17:08:50] RunishYT (deb2ebb7-8562-3728-8ba8-ec800da9360c): дай мне ваншот меч
[17:08:58] Bradly378 (9ab93dfb-1454-3bb1-b47f-700f714534a9): на
[17:09:22] Bradly378 (9ab93dfb-1454-3bb1-b47f-700f714534a9): эта маё балота
[17:09:30] RunishYT (deb2ebb7-8562-3728-8ba8-ec800da9360c): нет шрек
[17:09:35] RunishYT (deb2ebb7-8562-3728-8ba8-ec800da9360c): это общее болото
[17:09:46] Bradly378 (9ab93dfb-1454-3bb1-b47f-700f714534a9): чё
[17:09:50] RunishYT (deb2ebb7-8562-3728-8ba8-ec800da9360c): это болото ордена
[17:09:56] Bradly378 (9ab93dfb-1454-3bb1-b47f-700f714534a9): хуёрдена
[17:10:23] Bradly378 (9ab93dfb-1454-3bb1-b47f-700f714534a9): сьебал от сундуков не тови
[17:10:25] Bradly378 (9ab93dfb-1454-3bb1-b47f-700f714534a9): твои
[17:10:36] RunishYT (deb2ebb7-8562-3728-8ba8-ec800da9360c): дай я убью ровно половину овец
[17:10:44] RunishYT (deb2ebb7-8562-3728-8ba8-ec800da9360c): и ваша база перестанет лагать
[17:10:57] RunishYT (deb2ebb7-8562-3728-8ba8-ec800da9360c): ровно половина
[17:11:19] RunishYT (deb2ebb7-8562-3728-8ba8-ec800da9360c): ровно половина
[17:11:31] RunishYT (deb2ebb7-8562-3728-8ba8-ec800da9360c): чтобы другая половина процветала
[17:12:22] Bradly378 (9ab93dfb-1454-3bb1-b47f-700f714534a9): эта шо твоя конура?
[17:13:28] RunishYT (deb2ebb7-8562-3728-8ba8-ec800da9360c): мне нужна твоя душа
[17:13:40] RunishYT (deb2ebb7-8562-3728-8ba8-ec800da9360c): лишь частичка твоей души
[17:13:46] Bradly378 (9ab93dfb-1454-3bb1-b47f-700f714534a9): на
[17:13:51] Bradly378 (9ab93dfb-1454-3bb1-b47f-700f714534a9): она тут
[17:14:14] Bradly378 (9ab93dfb-1454-3bb1-b47f-700f714534a9): частичка, как и просил
[17:14:47] RunishYT (deb2ebb7-8562-3728-8ba8-ec800da9360c): я хочу забрать твою способность
[17:14:52] Bradly378 (9ab93dfb-1454-3bb1-b47f-700f714534a9): ?
[17:14:52] RunishYT (deb2ebb7-8562-3728-8ba8-ec800da9360c): пулятся фаерболами
[17:15:15] RunishYT (deb2ebb7-8562-3728-8ba8-ec800da9360c): дай же мне силу
[17:15:25] Bradly378 (9ab93dfb-1454-3bb1-b47f-700f714534a9): такими фаерболами?
[17:15:36] RunishYT (deb2ebb7-8562-3728-8ba8-ec800da9360c): не
[17:15:39] Bradly378 (9ab93dfb-1454-3bb1-b47f-700f714534a9): а такими
[17:15:41] RunishYT (deb2ebb7-8562-3728-8ba8-ec800da9360c): те что пускают гасты
[17:16:04] Bradly378 (9ab93dfb-1454-3bb1-b47f-700f714534a9): ну я вроде угадал про какие ты раз ты молчишь )
[17:16:07] Bradly378 (9ab93dfb-1454-3bb1-b47f-700f714534a9): аххахахаххахахахаххахаххаххах
[17:16:13] RunishYT (deb2ebb7-8562-3728-8ba8-ec800da9360c): биля
[17:16:16] Bradly378 (9ab93dfb-1454-3bb1-b47f-700f714534a9): ахахах
[17:16:27] RunishYT (deb2ebb7-8562-3728-8ba8-ec800da9360c): дай мне силу бесконечного взрывного зелья
[17:16:33] Bradly378 (9ab93dfb-1454-3bb1-b47f-700f714534a9): го не 20 таких зелек а 200
[17:17:24] Bradly378 (9ab93dfb-1454-3bb1-b47f-700f714534a9): уф
[17:17:28] Bradly378 (9ab93dfb-1454-3bb1-b47f-700f714534a9): смачна кончил
[17:17:51] RunishYT (deb2ebb7-8562-3728-8ba8-ec800da9360c): семпай
[17:17:56] RunishYT (deb2ebb7-8562-3728-8ba8-ec800da9360c): он не влез
[17:18:02] RunishYT (deb2ebb7-8562-3728-8ba8-ec800da9360c): он не влез
[17:18:15] Bradly378 (9ab93dfb-1454-3bb1-b47f-700f714534a9): сидеть
[17:18:27] Bradly378 (9ab93dfb-1454-3bb1-b47f-700f714534a9): ээ
[17:18:30] Bradly378 (9ab93dfb-1454-3bb1-b47f-700f714534a9): ашалел
[17:18:37] Bradly378 (9ab93dfb-1454-3bb1-b47f-700f714534a9): сидеть
[17:18:37] RunishYT (deb2ebb7-8562-3728-8ba8-ec800da9360c): сосы лых
[17:18:45] Bradly378 (9ab93dfb-1454-3bb1-b47f-700f714534a9): каво блять
[17:18:54] RunishYT (deb2ebb7-8562-3728-8ba8-ec800da9360c): я просто ахуенен
[17:19:14] Bradly378 (9ab93dfb-1454-3bb1-b47f-700f714534a9): а хуй те
[17:19:29] Bradly378 (9ab93dfb-1454-3bb1-b47f-700f714534a9): -120% fps
[17:20:05] RunishYT (deb2ebb7-8562-3728-8ba8-ec800da9360c): смавно кончил в очко
[17:20:36] Bradly378 (9ab93dfb-1454-3bb1-b47f-700f714534a9): f[[ff[[f[f[[
[17:20:37] Bradly378 (9ab93dfb-1454-3bb1-b47f-700f714534a9): ахааха
[17:20:51] Bradly378 (9ab93dfb-1454-3bb1-b47f-700f714534a9): балять я шейды 2к врубил
[17:21:07] Bradly378 (9ab93dfb-1454-3bb1-b47f-700f714534a9): сука 30 фпс
[17:21:09] Bradly378 (9ab93dfb-1454-3bb1-b47f-700f714534a9): мляяя
[17:21:17] Bradly378 (9ab93dfb-1454-3bb1-b47f-700f714534a9): ещё 30 пропали
[17:22:02] Bradly378 (9ab93dfb-1454-3bb1-b47f-700f714534a9): смачна
[17:22:51] Bradly378 (9ab93dfb-1454-3bb1-b47f-700f714534a9): ххахха ты двигеаешься по 0,5 блоку в сек
[17:24:26] RunishYT (deb2ebb7-8562-3728-8ba8-ec800da9360c): нихуя ты нксрал
[17:24:38] RunishYT (deb2ebb7-8562-3728-8ba8-ec800da9360c): я аш вылетел
[17:24:43] RunishYT (deb2ebb7-8562-3728-8ba8-ec800da9360c): я аш вылетел
[17:27:00] Bradly378 (9ab93dfb-1454-3bb1-b47f-700f714534a9): чё1ёёёёё
[17:27:05] RunishYT (deb2ebb7-8562-3728-8ba8-ec800da9360c): увахахааххахах вся твоя база моя
[17:28:19] RunishYT (deb2ebb7-8562-3728-8ba8-ec800da9360c): бребля го пвп
[17:30:54] RunishYT (deb2ebb7-8562-3728-8ba8-ec800da9360c): бребля
[17:31:32] AviKgolD1 (fe9f4036-69b5-38be-a9c3-1d860d8c4398): кому то нужна меса?
[17:31:42] Bradly378 (9ab93dfb-1454-3bb1-b47f-700f714534a9): да не
[17:32:05] RunishYT (deb2ebb7-8562-3728-8ba8-ec800da9360c): в обмен на твой ваншот меч
[17:32:22] RunishYT (deb2ebb7-8562-3728-8ba8-ec800da9360c): стоп меса
[17:32:26] RunishYT (deb2ebb7-8562-3728-8ba8-ec800da9360c): да нудна
[17:32:32] RunishYT (deb2ebb7-8562-3728-8ba8-ec800da9360c): да нужна
[17:32:48] Bradly378 (9ab93dfb-1454-3bb1-b47f-700f714534a9): опа, а уже не нужна )
[17:32:50] AviKgolD1 (fe9f4036-69b5-38be-a9c3-1d860d8c4398): примерно 0 на 1900
[17:33:34] Bradly378 (9ab93dfb-1454-3bb1-b47f-700f714534a9): охлади своё траханье
[17:33:44] RunishYT (deb2ebb7-8562-3728-8ba8-ec800da9360c): ок
[17:33:46] Bradly378 (9ab93dfb-1454-3bb1-b47f-700f714534a9): там вон балота
[17:33:48] Bradly378 (9ab93dfb-1454-3bb1-b47f-700f714534a9): иди туды
[17:33:56] RunishYT (deb2ebb7-8562-3728-8ba8-ec800da9360c): отдай то что тебе дорого
[17:34:02] RunishYT (deb2ebb7-8562-3728-8ba8-ec800da9360c): своего раба
[17:35:14] Bradly378 (9ab93dfb-1454-3bb1-b47f-700f714534a9): оч вкусная
[17:35:55] RunishYT (deb2ebb7-8562-3728-8ba8-ec800da9360c): ашалел??
[17:39:18] Bradly378 (9ab93dfb-1454-3bb1-b47f-700f714534a9): кхм кхм
[17:39:26] RunishYT (deb2ebb7-8562-3728-8ba8-ec800da9360c): ахуена
[17:39:31] RunishYT (deb2ebb7-8562-3728-8ba8-ec800da9360c): я щас
[17:39:38] RunishYT (deb2ebb7-8562-3728-8ba8-ec800da9360c): ашалел
[17:40:15] AviKgolD1 (fe9f4036-69b5-38be-a9c3-1d860d8c4398): караловый океан
[17:55:29] AviKgolD1 (fe9f4036-69b5-38be-a9c3-1d860d8c4398): кораловый океан нужен?
[17:55:31] RunishYT (deb2ebb7-8562-3728-8ba8-ec800da9360c): скажи пж корды коралового океана
[17:55:35] RunishYT (deb2ebb7-8562-3728-8ba8-ec800da9360c): да
[17:55:58] AviKgolD1 (fe9f4036-69b5-38be-a9c3-1d860d8c4398): только нужно выйти так как не помню но скринил
[17:56:06] AviKgolD1 (fe9f4036-69b5-38be-a9c3-1d860d8c4398): щас
[17:58:37] AviKgolD1 (fe9f4036-69b5-38be-a9c3-1d860d8c4398): 1100 на 3000 примерно
[17:58:43] RunishYT (deb2ebb7-8562-3728-8ba8-ec800da9360c): спс
[18:53:56] AviKgolD1 (fe9f4036-69b5-38be-a9c3-1d860d8c4398): привет
[18:53:59] kikorik777 (66f0c1ec-362f-3872-b880-62534552ba9b): re
[18:54:23] kikorik777 (66f0c1ec-362f-3872-b880-62534552ba9b): приютишь так сказать на время?
[18:54:47] kikorik777 (66f0c1ec-362f-3872-b880-62534552ba9b): го вместе?
[18:54:47] AviKgolD1 (fe9f4036-69b5-38be-a9c3-1d860d8c4398): ага
[18:55:09] kikorik777 (66f0c1ec-362f-3872-b880-62534552ba9b): ты где сам?
[18:55:11] kikorik777 (66f0c1ec-362f-3872-b880-62534552ba9b): корды
[18:55:31] AviKgolD1 (fe9f4036-69b5-38be-a9c3-1d860d8c4398): впринцепи если дойдёшь до меня я на 3000 5600
[18:55:41] kikorik777 (66f0c1ec-362f-3872-b880-62534552ba9b): далеко..
[18:55:49] kikorik777 (66f0c1ec-362f-3872-b880-62534552ba9b): по аду есть путь?
[18:55:53] AviKgolD1 (fe9f4036-69b5-38be-a9c3-1d860d8c4398): нет
[19:07:27] kikorik777 (66f0c1ec-362f-3872-b880-62534552ba9b): доброе
[19:11:42] kikorik777 (66f0c1ec-362f-3872-b880-62534552ba9b): ура
[19:13:32] AviKgolD1 (fe9f4036-69b5-38be-a9c3-1d860d8c4398): ема пышные пещеры...)
[19:13:39] kikorik777 (66f0c1ec-362f-3872-b880-62534552ba9b): ага
[19:13:44] AviKgolD1 (fe9f4036-69b5-38be-a9c3-1d860d8c4398): под домом
[19:13:50] kikorik777 (66f0c1ec-362f-3872-b880-62534552ba9b): везет
[19:16:46] AviKgolD1 (fe9f4036-69b5-38be-a9c3-1d860d8c4398): акселотоль
[19:16:51] kikorik777 (66f0c1ec-362f-3872-b880-62534552ba9b): класс
[19:17:10] kikorik777 (66f0c1ec-362f-3872-b880-62534552ba9b): дада
[19:17:17] kikorik777 (66f0c1ec-362f-3872-b880-62534552ba9b): да это кикорик
[19:19:51] kikorik777 (66f0c1ec-362f-3872-b880-62534552ba9b): тю блинэ
[19:19:56] kikorik777 (66f0c1ec-362f-3872-b880-62534552ba9b): одно железо
[19:20:02] kikorik777 (66f0c1ec-362f-3872-b880-62534552ba9b): тю
[19:20:05] kikorik777 (66f0c1ec-362f-3872-b880-62534552ba9b): наообротэ
[19:20:10] kikorik777 (66f0c1ec-362f-3872-b880-62534552ba9b): медь одна
[19:22:12] kikorik777 (66f0c1ec-362f-3872-b880-62534552ba9b): ф
[19:22:49] kikorik777 (66f0c1ec-362f-3872-b880-62534552ba9b): ну блин
[19:23:51] kikorik777 (66f0c1ec-362f-3872-b880-62534552ba9b): о пыш пещеры
[19:24:27] kikorik777 (66f0c1ec-362f-3872-b880-62534552ba9b): че ты так?
[19:24:35] AviKgolD1 (fe9f4036-69b5-38be-a9c3-1d860d8c4398): нормально
[19:25:02] AviKgolD1 (fe9f4036-69b5-38be-a9c3-1d860d8c4398): залогало умер и вылетело)
[19:25:13] kikorik777 (66f0c1ec-362f-3872-b880-62534552ba9b): я пышные пещерки нашел
[19:25:48] AviKgolD1 (fe9f4036-69b5-38be-a9c3-1d860d8c4398): круто
[19:32:11] kikorik777 (66f0c1ec-362f-3872-b880-62534552ba9b): я кароче временно поживу в джунглях и потом поеду искать деревню
[19:32:22] AviKgolD1 (fe9f4036-69b5-38be-a9c3-1d860d8c4398): понятно
[19:33:08] AviKgolD1 (fe9f4036-69b5-38be-a9c3-1d860d8c4398): я обсу добуду и смогу на спавн быстро ходить
[19:33:27] kikorik777 (66f0c1ec-362f-3872-b880-62534552ba9b): та я тоже алмы добуду обсу бамбук там и пойду искать деревню
[19:33:31] AviKgolD1 (fe9f4036-69b5-38be-a9c3-1d860d8c4398): я и так в деревне
[19:33:42] kikorik777 (66f0c1ec-362f-3872-b880-62534552ba9b): везет
[19:45:35] kikorik777 (66f0c1ec-362f-3872-b880-62534552ba9b): я нашел тока 3 алма(
[19:45:53] AviKgolD1 (fe9f4036-69b5-38be-a9c3-1d860d8c4398): норм как раз на кирку
[19:46:03] kikorik777 (66f0c1ec-362f-3872-b880-62534552ba9b): да
[19:47:55] kikorik777 (66f0c1ec-362f-3872-b880-62534552ba9b): ну сука\
