[01:14:53] Corwin4_ (09de6106-0819-3ca8-9b4c-af9ec585b9e9): 34 44 -420
[01:29:20] Corwin4_ (09de6106-0819-3ca8-9b4c-af9ec585b9e9): 34 44 -420
[07:52:24] saikonohack (61d3e846-cfe0-3e5b-b41b-772c1020819e): 195 398
[09:20:43] Exren3588 (6c446cc9-8057-3d23-bf8e-87a39b8040c4): xt
[09:20:44] Exren3588 (6c446cc9-8057-3d23-bf8e-87a39b8040c4): че
[09:20:47] saikonohack (61d3e846-cfe0-3e5b-b41b-772c1020819e): попалась\
[09:20:50] Exren3588 (6c446cc9-8057-3d23-bf8e-87a39b8040c4): ?
[09:21:08] saikonohack (61d3e846-cfe0-3e5b-b41b-772c1020819e): го череп строить
[09:21:11] Exren3588 (6c446cc9-8057-3d23-bf8e-87a39b8040c4): какого цвета мой скин?
[09:21:17] saikonohack (61d3e846-cfe0-3e5b-b41b-772c1020819e): сними броню дурилка
[09:21:22] saikonohack (61d3e846-cfe0-3e5b-b41b-772c1020819e): белый
[09:21:37] Exren3588 (6c446cc9-8057-3d23-bf8e-87a39b8040c4): блять, у меня скин сломался, на бебре норм, а на джаве белый
[09:21:46] saikonohack (61d3e846-cfe0-3e5b-b41b-772c1020819e): покупай лицуху
[09:21:50] saikonohack (61d3e846-cfe0-3e5b-b41b-772c1020819e): меняй нормально
[09:21:59] saikonohack (61d3e846-cfe0-3e5b-b41b-772c1020819e): я свой скин вообще не видел
[09:22:02] Exren3588 (6c446cc9-8057-3d23-bf8e-87a39b8040c4): она есть у меня, только другой ник
[09:22:05] saikonohack (61d3e846-cfe0-3e5b-b41b-772c1020819e): а купил лицуху
[09:22:07] saikonohack (61d3e846-cfe0-3e5b-b41b-772c1020819e): и вижу
[09:22:11] saikonohack (61d3e846-cfe0-3e5b-b41b-772c1020819e): го череп строить
[09:22:16] Exren3588 (6c446cc9-8057-3d23-bf8e-87a39b8040c4): нах
[09:22:21] saikonohack (61d3e846-cfe0-3e5b-b41b-772c1020819e): нада
[09:22:25] Exren3588 (6c446cc9-8057-3d23-bf8e-87a39b8040c4): ладно
[09:22:40] Exren3588 (6c446cc9-8057-3d23-bf8e-87a39b8040c4): из креатива ливай
[09:22:44] saikonohack (61d3e846-cfe0-3e5b-b41b-772c1020819e): 8х8х8
[09:22:46] saikonohack (61d3e846-cfe0-3e5b-b41b-772c1020819e): размеры
[09:25:52] saikonohack (61d3e846-cfe0-3e5b-b41b-772c1020819e): ты чо
[09:25:55] Exren3588 (6c446cc9-8057-3d23-bf8e-87a39b8040c4): xnj
[09:25:57] Exren3588 (6c446cc9-8057-3d23-bf8e-87a39b8040c4): то
[09:25:57] Exren3588 (6c446cc9-8057-3d23-bf8e-87a39b8040c4): сто
[09:25:58] Exren3588 (6c446cc9-8057-3d23-bf8e-87a39b8040c4): что
[09:26:06] saikonohack (61d3e846-cfe0-3e5b-b41b-772c1020819e): он же по другому выглядит
[09:26:45] saikonohack (61d3e846-cfe0-3e5b-b41b-772c1020819e): лоб топовый
[09:26:51] RunishYT (deb2ebb7-8562-3728-8ba8-ec800da9360c): сайк лох
[09:26:52] Exren3588 (6c446cc9-8057-3d23-bf8e-87a39b8040c4): биг
[09:27:38] Exren3588 (6c446cc9-8057-3d23-bf8e-87a39b8040c4): так в нахуя
[09:30:27] saikonohack (61d3e846-cfe0-3e5b-b41b-772c1020819e): нах?
[09:30:32] saikonohack (61d3e846-cfe0-3e5b-b41b-772c1020819e): ты чо
[09:30:34] saikonohack (61d3e846-cfe0-3e5b-b41b-772c1020819e): она дорогая
[09:30:46] Exren3588 (6c446cc9-8057-3d23-bf8e-87a39b8040c4): если спиздят бан
[09:32:13] Exren3588 (6c446cc9-8057-3d23-bf8e-87a39b8040c4): ой бдять
[09:32:31] saikonohack (61d3e846-cfe0-3e5b-b41b-772c1020819e): не надо тут
[09:34:46] Exren3588 (6c446cc9-8057-3d23-bf8e-87a39b8040c4): бедный брадля
[09:34:54] saikonohack (61d3e846-cfe0-3e5b-b41b-772c1020819e): его голова - дешевле рунишы
[09:35:05] Exren3588 (6c446cc9-8057-3d23-bf8e-87a39b8040c4): я свою за 10 аб продала
[09:35:09] saikonohack (61d3e846-cfe0-3e5b-b41b-772c1020819e): я за 32
[09:35:38] Exren3588 (6c446cc9-8057-3d23-bf8e-87a39b8040c4): а как ты на самого себя заказы выполнять будешь?
[09:35:43] saikonohack (61d3e846-cfe0-3e5b-b41b-772c1020819e): луком
[09:35:50] saikonohack (61d3e846-cfe0-3e5b-b41b-772c1020819e): смари
[09:35:58] saikonohack (61d3e846-cfe0-3e5b-b41b-772c1020819e): вот так
[09:36:23] saikonohack (61d3e846-cfe0-3e5b-b41b-772c1020819e): а сейчас смотри актерский навык
[09:36:29] saikonohack (61d3e846-cfe0-3e5b-b41b-772c1020819e): кто череп на спавне построил?
[09:36:34] Exren3588 (6c446cc9-8057-3d23-bf8e-87a39b8040c4): ахаха
[09:36:37] Exren3588 (6c446cc9-8057-3d23-bf8e-87a39b8040c4): а ко ай
[09:36:38] RunishYT (deb2ebb7-8562-3728-8ba8-ec800da9360c): какой череп?
[09:36:42] GOLDENDUSST (a0ee3527-abbd-3f28-bd2e-ff7c77b23497): co i чел
[09:36:43] saikonohack (61d3e846-cfe0-3e5b-b41b-772c1020819e): он ток у админов
[09:36:55] saikonohack (61d3e846-cfe0-3e5b-b41b-772c1020819e): да ебать, тут как с рукой - в ко ае нихуя
[09:36:59] saikonohack (61d3e846-cfe0-3e5b-b41b-772c1020819e): логов нима
[09:37:09] RunishYT (deb2ebb7-8562-3728-8ba8-ec800da9360c): блять по русски пиши узбек ебанный
[09:37:11] saikonohack (61d3e846-cfe0-3e5b-b41b-772c1020819e): RunishYT ну приди и посмотри ебана
[09:37:21] saikonohack (61d3e846-cfe0-3e5b-b41b-772c1020819e): im the genius
[09:37:25] RunishYT (deb2ebb7-8562-3728-8ba8-ec800da9360c): я строю особняк Дио
[09:37:30] RunishYT (deb2ebb7-8562-3728-8ba8-ec800da9360c): тепни мени
[09:37:30] GOLDENDUSST (a0ee3527-abbd-3f28-bd2e-ff7c77b23497): Тогда это точно не игрок
[09:37:48] RunishYT (deb2ebb7-8562-3728-8ba8-ec800da9360c): хуй его знает
[09:37:52] saikonohack (61d3e846-cfe0-3e5b-b41b-772c1020819e): чекай
[09:38:03] RunishYT (deb2ebb7-8562-3728-8ba8-ec800da9360c): блять где мои хорусы??
[09:38:20] GOLDENDUSST (a0ee3527-abbd-3f28-bd2e-ff7c77b23497): Купите около 20 стаков курицы и 15 стаков мяса
[09:38:22] RunishYT (deb2ebb7-8562-3728-8ba8-ec800da9360c): это храм бога смерти
[09:38:25] saikonohack (61d3e846-cfe0-3e5b-b41b-772c1020819e): ахавххвахпав
[09:38:26] GOLDENDUSST (a0ee3527-abbd-3f28-bd2e-ff7c77b23497): Свинины
[09:38:28] saikonohack (61d3e846-cfe0-3e5b-b41b-772c1020819e): моди ни нада
[09:38:43] GOLDENDUSST (a0ee3527-abbd-3f28-bd2e-ff7c77b23497): Я хохлов убил
[09:38:56] RunishYT (deb2ebb7-8562-3728-8ba8-ec800da9360c): это наверное авика
[09:39:01] saikonohack (61d3e846-cfe0-3e5b-b41b-772c1020819e): хз
[09:39:03] RunishYT (deb2ebb7-8562-3728-8ba8-ec800da9360c): он головы коллекционировал
[09:39:05] GOLDENDUSST (a0ee3527-abbd-3f28-bd2e-ff7c77b23497): Сайко будит ли co i для игроков
[09:39:06] RunishYT (deb2ebb7-8562-3728-8ba8-ec800da9360c): либо фартуны
[09:39:24] RunishYT (deb2ebb7-8562-3728-8ba8-ec800da9360c): потому что друг админ и как бы он топ пвпшер
[09:39:29] RunishYT (deb2ebb7-8562-3728-8ba8-ec800da9360c): после меня конешно
[09:39:31] saikonohack (61d3e846-cfe0-3e5b-b41b-772c1020819e): ебать, стой
[09:39:39] saikonohack (61d3e846-cfe0-3e5b-b41b-772c1020819e): ты цену написала ексрен?
[09:39:49] RunishYT (deb2ebb7-8562-3728-8ba8-ec800da9360c): блять пиздец киллер богатый
[09:39:51] saikonohack (61d3e846-cfe0-3e5b-b41b-772c1020819e): там цена появилась в книге
[09:39:53] RunishYT (deb2ebb7-8562-3728-8ba8-ec800da9360c): кальцитом строит
[09:41:16] Exren3588 (6c446cc9-8057-3d23-bf8e-87a39b8040c4): книгу спер
[09:41:19] Exren3588 (6c446cc9-8057-3d23-bf8e-87a39b8040c4): сучара
[09:41:20] saikonohack (61d3e846-cfe0-3e5b-b41b-772c1020819e): +
[09:41:39] Exren3588 (6c446cc9-8057-3d23-bf8e-87a39b8040c4): тупая бебра
[09:43:34] Exren3588 (6c446cc9-8057-3d23-bf8e-87a39b8040c4): бля, я голову руины проебала
[09:44:36] saikonohack (61d3e846-cfe0-3e5b-b41b-772c1020819e): да угомонитьесь блять
[09:44:51] saikonohack (61d3e846-cfe0-3e5b-b41b-772c1020819e): голд
[09:44:53] saikonohack (61d3e846-cfe0-3e5b-b41b-772c1020819e): ты построил?
[09:44:54] RunishYT (deb2ebb7-8562-3728-8ba8-ec800da9360c): я должен убить убийцу чтобы самому стать убийцей
[09:45:01] GOLDENDUSST (a0ee3527-abbd-3f28-bd2e-ff7c77b23497): ч
[09:45:06] GOLDENDUSST (a0ee3527-abbd-3f28-bd2e-ff7c77b23497): всм построил
[09:45:19] GOLDENDUSST (a0ee3527-abbd-3f28-bd2e-ff7c77b23497): тупуе забиверы на спавне
[09:45:23] GOLDENDUSST (a0ee3527-abbd-3f28-bd2e-ff7c77b23497): бань их сайк
[09:45:40] GOLDENDUSST (a0ee3527-abbd-3f28-bd2e-ff7c77b23497): уродство
[09:45:56] GOLDENDUSST (a0ee3527-abbd-3f28-bd2e-ff7c77b23497): разность блоков отсутствует и высота 7 блоков а не 8
[09:46:03] GOLDENDUSST (a0ee3527-abbd-3f28-bd2e-ff7c77b23497): строил точно лох
[09:46:07] GOLDENDUSST (a0ee3527-abbd-3f28-bd2e-ff7c77b23497): 100%
[09:47:26] RunishYT (deb2ebb7-8562-3728-8ba8-ec800da9360c): блять у нас спиздила
[09:47:29] RunishYT (deb2ebb7-8562-3728-8ba8-ec800da9360c): а сама
[09:47:35] RunishYT (deb2ebb7-8562-3728-8ba8-ec800da9360c): пользуется
[09:47:36] Exren3588 (6c446cc9-8057-3d23-bf8e-87a39b8040c4): он в разы сильнее вашего
[09:47:43] Exren3588 (6c446cc9-8057-3d23-bf8e-87a39b8040c4): он в разы сильнее вашего
[09:47:48] RunishYT (deb2ebb7-8562-3728-8ba8-ec800da9360c): ахуела
[09:47:53] RunishYT (deb2ebb7-8562-3728-8ba8-ec800da9360c): блять
[09:47:57] RunishYT (deb2ebb7-8562-3728-8ba8-ec800da9360c): возвращай наши
[09:48:04] Exren3588 (6c446cc9-8057-3d23-bf8e-87a39b8040c4): а твой не я забрала
[09:48:16] RunishYT (deb2ebb7-8562-3728-8ba8-ec800da9360c): а блэт это сайк
[09:48:20] RunishYT (deb2ebb7-8562-3728-8ba8-ec800da9360c): ой тоесть фартук
[09:49:43] RunishYT (deb2ebb7-8562-3728-8ba8-ec800da9360c): блять тварь
[09:50:06] RunishYT (deb2ebb7-8562-3728-8ba8-ec800da9360c): нечестно
[09:50:23] RunishYT (deb2ebb7-8562-3728-8ba8-ec800da9360c): картину верни
[10:59:21] saikonohack (61d3e846-cfe0-3e5b-b41b-772c1020819e): прив
[10:59:27] ZAXAR1000 (48fa848d-9d79-373d-9cb1-c50d5b916c88): ку
[10:59:40] saikonohack (61d3e846-cfe0-3e5b-b41b-772c1020819e): ты случаем не строил череп на спавне?
[10:59:52] saikonohack (61d3e846-cfe0-3e5b-b41b-772c1020819e): ты случаем не строил череп на спавне?
[11:00:06] ZAXAR1000 (48fa848d-9d79-373d-9cb1-c50d5b916c88): я ток спавн строил и осветил
[11:00:14] saikonohack (61d3e846-cfe0-3e5b-b41b-772c1020819e): ну чекнешь там
[11:00:23] ZAXAR1000 (48fa848d-9d79-373d-9cb1-c50d5b916c88): шя
[11:04:13] ZAXAR1000 (48fa848d-9d79-373d-9cb1-c50d5b916c88): кто это блять зделол
[11:04:16] saikonohack (61d3e846-cfe0-3e5b-b41b-772c1020819e): ?
[11:04:36] ZAXAR1000 (48fa848d-9d79-373d-9cb1-c50d5b916c88): на спавне
[11:04:57] saikonohack (61d3e846-cfe0-3e5b-b41b-772c1020819e): тот же вопрос
[11:05:17] ZAXAR1000 (48fa848d-9d79-373d-9cb1-c50d5b916c88): я не против но хотябы скозали я бы оформил
[11:05:27] saikonohack (61d3e846-cfe0-3e5b-b41b-772c1020819e): она хз откуда появилась
[11:06:08] ZAXAR1000 (48fa848d-9d79-373d-9cb1-c50d5b916c88): тыш не против чтоб я это снёс и построил новое здание
[11:06:20] saikonohack (61d3e846-cfe0-3e5b-b41b-772c1020819e): это не у меня спрашивать надо
[11:06:22] saikonohack (61d3e846-cfe0-3e5b-b41b-772c1020819e): а у владельца
[11:06:44] ZAXAR1000 (48fa848d-9d79-373d-9cb1-c50d5b916c88): построили без розрешения значит можно
[11:06:51] saikonohack (61d3e846-cfe0-3e5b-b41b-772c1020819e): а надо разрешение?
[11:07:15] ZAXAR1000 (48fa848d-9d79-373d-9cb1-c50d5b916c88): надо не на строительство а на стиль
[11:07:24] saikonohack (61d3e846-cfe0-3e5b-b41b-772c1020819e): а поч никто не знает об этом
[11:07:27] ZAXAR1000 (48fa848d-9d79-373d-9cb1-c50d5b916c88): это хуйня не вписовается
[11:07:58] ZAXAR1000 (48fa848d-9d79-373d-9cb1-c50d5b916c88): я строил спавн у минябы и спросили
[11:08:04] saikonohack (61d3e846-cfe0-3e5b-b41b-772c1020819e): ну так
[11:08:11] saikonohack (61d3e846-cfe0-3e5b-b41b-772c1020819e): никто не знал о разрешении же
[11:08:17] saikonohack (61d3e846-cfe0-3e5b-b41b-772c1020819e): я щас шалкера строить хотел здесь
[11:08:28] ZAXAR1000 (48fa848d-9d79-373d-9cb1-c50d5b916c88): я блять писал в чят для кого
[11:08:37] saikonohack (61d3e846-cfe0-3e5b-b41b-772c1020819e): там 99999999999999999999999++++ сообщений
[11:08:49] ZAXAR1000 (48fa848d-9d79-373d-9cb1-c50d5b916c88): ну да
[11:09:55] saikonohack (61d3e846-cfe0-3e5b-b41b-772c1020819e): я на базу
[11:09:59] ZAXAR1000 (48fa848d-9d79-373d-9cb1-c50d5b916c88): ок
[11:11:22] ZAXAR1000 (48fa848d-9d79-373d-9cb1-c50d5b916c88): эм ты откатил и за отката -мой шалкер спасибо :)
[11:11:30] saikonohack (61d3e846-cfe0-3e5b-b41b-772c1020819e): я на базе..
[11:11:52] ZAXAR1000 (48fa848d-9d79-373d-9cb1-c50d5b916c88): ок фарм блоков
[11:12:53] saikonohack (61d3e846-cfe0-3e5b-b41b-772c1020819e): !бухать будешь?
[11:12:56] saikonohack (61d3e846-cfe0-3e5b-b41b-772c1020819e): а
[11:13:01] ZAXAR1000 (48fa848d-9d79-373d-9cb1-c50d5b916c88): дааааааааааааааааааааа
[11:13:05] saikonohack (61d3e846-cfe0-3e5b-b41b-772c1020819e): го ко мне
[11:13:07] saikonohack (61d3e846-cfe0-3e5b-b41b-772c1020819e): на бэзу
[11:13:26] ZAXAR1000 (48fa848d-9d79-373d-9cb1-c50d5b916c88): ток вопрос где твоя база
[11:13:49] saikonohack (61d3e846-cfe0-3e5b-b41b-772c1020819e): ты шде
[11:13:52] saikonohack (61d3e846-cfe0-3e5b-b41b-772c1020819e): ты где
[11:14:00] ZAXAR1000 (48fa848d-9d79-373d-9cb1-c50d5b916c88): спавн
[11:14:04] saikonohack (61d3e846-cfe0-3e5b-b41b-772c1020819e): я тож
[11:14:06] saikonohack (61d3e846-cfe0-3e5b-b41b-772c1020819e): на столе
[11:14:43] saikonohack (61d3e846-cfe0-3e5b-b41b-772c1020819e): тут не далеко
[13:25:11] AviKgolD1 (fe9f4036-69b5-38be-a9c3-1d860d8c4398): qq
[13:25:34] ZAXAR1000 (48fa848d-9d79-373d-9cb1-c50d5b916c88): ку
[13:28:31] ZAXAR1000 (48fa848d-9d79-373d-9cb1-c50d5b916c88): ?
[13:29:08] ZAXAR1000 (48fa848d-9d79-373d-9cb1-c50d5b916c88): опять ливать
[14:12:35] AviKgolD1 (fe9f4036-69b5-38be-a9c3-1d860d8c4398): сайко все ник написал жду цену
[14:20:07] AviKgolD1 (fe9f4036-69b5-38be-a9c3-1d860d8c4398): ема ферма пороха робит
[14:21:46] saikonohack (61d3e846-cfe0-3e5b-b41b-772c1020819e): ! AviKgolD1 я то тут причем
[14:21:57] saikonohack (61d3e846-cfe0-3e5b-b41b-772c1020819e): я хз кто это построил
[14:22:02] AviKgolD1 (fe9f4036-69b5-38be-a9c3-1d860d8c4398): я не знаю
[14:22:08] Corwin4_ (09de6106-0819-3ca8-9b4c-af9ec585b9e9): ку
[14:22:14] saikonohack (61d3e846-cfe0-3e5b-b41b-772c1020819e): привет)
[14:22:16] Corwin4_ (09de6106-0819-3ca8-9b4c-af9ec585b9e9): бурюсь
[14:22:28] saikonohack (61d3e846-cfe0-3e5b-b41b-772c1020819e): как серв?
[14:22:31] saikonohack (61d3e846-cfe0-3e5b-b41b-772c1020819e): лучше визера?
[14:22:31] Corwin4_ (09de6106-0819-3ca8-9b4c-af9ec585b9e9): норм
[14:22:41] Corwin4_ (09de6106-0819-3ca8-9b4c-af9ec585b9e9): вплане оптимизации точно
[14:22:46] saikonohack (61d3e846-cfe0-3e5b-b41b-772c1020819e): :)
[14:24:49] saikonohack (61d3e846-cfe0-3e5b-b41b-772c1020819e): руниша
[14:25:13] RunishYT (deb2ebb7-8562-3728-8ba8-ec800da9360c): я запрещаю тебе пользоватся фермой
[14:26:14] RunishYT (deb2ebb7-8562-3728-8ba8-ec800da9360c): ахветь ферм аэндерменов ебейше робит
[14:26:18] RunishYT (deb2ebb7-8562-3728-8ba8-ec800da9360c): спасибо сайк
[14:26:28] saikonohack (61d3e846-cfe0-3e5b-b41b-772c1020819e): я запрещаю тебе пользоваться фермой
[14:26:30] AviKgolD1 (fe9f4036-69b5-38be-a9c3-1d860d8c4398): ага топ
[14:27:11] RunishYT (deb2ebb7-8562-3728-8ba8-ec800da9360c): спасибо сайко папаша за спавнреит черного света 20 века
[14:28:57] AviKgolD1 (fe9f4036-69b5-38be-a9c3-1d860d8c4398): с тебя 999 алмазов
[14:29:03] RunishYT (deb2ebb7-8562-3728-8ba8-ec800da9360c): пиздец тут свиней блять
[14:29:51] AviKgolD1 (fe9f4036-69b5-38be-a9c3-1d860d8c4398): захар сюда
[14:30:13] AviKgolD1 (fe9f4036-69b5-38be-a9c3-1d860d8c4398): 5 мин на ферме пороха
[14:34:37] saikonohack (61d3e846-cfe0-3e5b-b41b-772c1020819e): AviKgolD1
[14:35:09] ZAXAR1000 (48fa848d-9d79-373d-9cb1-c50d5b916c88): скажи ты специально
[14:35:14] saikonohack (61d3e846-cfe0-3e5b-b41b-772c1020819e): а?
[14:35:16] saikonohack (61d3e846-cfe0-3e5b-b41b-772c1020819e): я?
[14:35:28] saikonohack (61d3e846-cfe0-3e5b-b41b-772c1020819e): я в книге свой ник чекал
[14:36:18] AviKgolD1 (fe9f4036-69b5-38be-a9c3-1d860d8c4398): ок
[14:36:20] ZAXAR1000 (48fa848d-9d79-373d-9cb1-c50d5b916c88): изо этого мне хочется кричять бляяяяяяяяяяяяяяяяяяяяяяяяяяяяяяяяяяяяяяяяяяяяяяяяяяяяяяяяяяяяяяяяяяяяяяяяяяяяяяяяяяяяять
[14:36:25] saikonohack (61d3e846-cfe0-3e5b-b41b-772c1020819e): да ты че.......
[14:36:40] ZAXAR1000 (48fa848d-9d79-373d-9cb1-c50d5b916c88): знаешь как это бесит
[14:36:49] saikonohack (61d3e846-cfe0-3e5b-b41b-772c1020819e): ты от меня то что хочешь?
[14:37:04] ZAXAR1000 (48fa848d-9d79-373d-9cb1-c50d5b916c88): не откатывать это
[14:37:09] saikonohack (61d3e846-cfe0-3e5b-b41b-772c1020819e): ты гений?
[14:37:16] saikonohack (61d3e846-cfe0-3e5b-b41b-772c1020819e): я ниче не откатываю на спавне
[14:37:19] ZAXAR1000 (48fa848d-9d79-373d-9cb1-c50d5b916c88): хз
[14:38:21] RunishYT (deb2ebb7-8562-3728-8ba8-ec800da9360c): вот это спавнреит
[14:38:31] RunishYT (deb2ebb7-8562-3728-8ba8-ec800da9360c): аш захар деспавнился
[14:38:47] ZAXAR1000 (48fa848d-9d79-373d-9cb1-c50d5b916c88): авик я нехочю здесь играть
[14:39:09] ZAXAR1000 (48fa848d-9d79-373d-9cb1-c50d5b916c88): пиздеч как
[14:40:29] AviKgolD1 (fe9f4036-69b5-38be-a9c3-1d860d8c4398): он пиздабол класик вернётся не сегодня так завтра
[14:42:04] RunishYT (deb2ebb7-8562-3728-8ba8-ec800da9360c): скйко почини мне ебало
[14:42:20] saikonohack (61d3e846-cfe0-3e5b-b41b-772c1020819e): готово
[14:42:25] RunishYT (deb2ebb7-8562-3728-8ba8-ec800da9360c): спс бра
[14:42:35] GOLDENDUSST (a0ee3527-abbd-3f28-bd2e-ff7c77b23497): Биля меня сайко 15 минут на серв не пускал
[14:42:36] RunishYT (deb2ebb7-8562-3728-8ba8-ec800da9360c): короч вещи в лаве ресетай ресы
[14:42:46] GOLDENDUSST (a0ee3527-abbd-3f28-bd2e-ff7c77b23497): Чё
[14:42:53] GOLDENDUSST (a0ee3527-abbd-3f28-bd2e-ff7c77b23497): Ты сдох?
[14:43:05] RunishYT (deb2ebb7-8562-3728-8ba8-ec800da9360c): я его попросил починить мне ебало
[14:43:40] saikonohack (61d3e846-cfe0-3e5b-b41b-772c1020819e): RunishYT пиздабол
[14:43:54] RunishYT (deb2ebb7-8562-3728-8ba8-ec800da9360c): блять почти наебал на ресет
[14:43:55] saikonohack (61d3e846-cfe0-3e5b-b41b-772c1020819e): за это я спизжу у тебя незер сет
[14:44:12] RunishYT (deb2ebb7-8562-3728-8ba8-ec800da9360c): э бля
[14:44:14] RunishYT (deb2ebb7-8562-3728-8ba8-ec800da9360c): возвращай
[14:44:19] GOLDENDUSST (a0ee3527-abbd-3f28-bd2e-ff7c77b23497): У него показывает от чего умер
[14:44:30] saikonohack (61d3e846-cfe0-3e5b-b41b-772c1020819e): проще
[14:44:37] saikonohack (61d3e846-cfe0-3e5b-b41b-772c1020819e): я тепнулся на место смерти
[14:44:53] GOLDENDUSST (a0ee3527-abbd-3f28-bd2e-ff7c77b23497): ты сдох?
[14:45:01] GOLDENDUSST (a0ee3527-abbd-3f28-bd2e-ff7c77b23497): где вещи
[14:45:34] GOLDENDUSST (a0ee3527-abbd-3f28-bd2e-ff7c77b23497): Че
[14:46:59] AviKgolD1 (fe9f4036-69b5-38be-a9c3-1d860d8c4398): наконец то могу норм юзать ферки
[14:47:35] GOLDENDUSST (a0ee3527-abbd-3f28-bd2e-ff7c77b23497): воронкус
[14:48:16] RunishYT (deb2ebb7-8562-3728-8ba8-ec800da9360c): сайк бронь верни
[14:48:21] GOLDENDUSST (a0ee3527-abbd-3f28-bd2e-ff7c77b23497): Если б плагины не пришось устанавливать ты бы перезагрузил серв?
[14:48:27] saikonohack (61d3e846-cfe0-3e5b-b41b-772c1020819e): да
[14:48:29] saikonohack (61d3e846-cfe0-3e5b-b41b-772c1020819e): да
[14:48:34] RunishYT (deb2ebb7-8562-3728-8ba8-ec800da9360c): ащалел
[14:48:37] saikonohack (61d3e846-cfe0-3e5b-b41b-772c1020819e): потому что у меня забагался вход
[14:48:55] saikonohack (61d3e846-cfe0-3e5b-b41b-772c1020819e): перехочешь
[14:48:58] saikonohack (61d3e846-cfe0-3e5b-b41b-772c1020819e): за обман
[14:49:07] RunishYT (deb2ebb7-8562-3728-8ba8-ec800da9360c): ащалель
[14:49:15] saikonohack (61d3e846-cfe0-3e5b-b41b-772c1020819e): я сделаю пытку сильнее
[14:49:46] RunishYT (deb2ebb7-8562-3728-8ba8-ec800da9360c): верн штаны и шлем
[14:50:50] RunishYT (deb2ebb7-8562-3728-8ba8-ec800da9360c): ненада дядя
[14:51:04] RunishYT (deb2ebb7-8562-3728-8ba8-ec800da9360c): блять дядя
[14:51:53] RunishYT (deb2ebb7-8562-3728-8ba8-ec800da9360c): сука это был мой нигерский запас на 3 недели
[14:52:12] GOLDENDUSST (a0ee3527-abbd-3f28-bd2e-ff7c77b23497): У нас есть гнилая плоть
[14:52:17] AviKgolD1 (fe9f4036-69b5-38be-a9c3-1d860d8c4398): я голов уже блоков на 20 купил а мою оценили только в 7
[14:52:30] saikonohack (61d3e846-cfe0-3e5b-b41b-772c1020819e): хайп
[14:56:14] RunishYT (deb2ebb7-8562-3728-8ba8-ec800da9360c): ферма эндерменов закрывается скоро будет переделанна под ферму роз
[14:56:23] RunishYT (deb2ebb7-8562-3728-8ba8-ec800da9360c): а может и нет
[14:56:39] AviKgolD1 (fe9f4036-69b5-38be-a9c3-1d860d8c4398): я сейчас на ней фармлю
[14:56:46] RunishYT (deb2ebb7-8562-3728-8ba8-ec800da9360c): ладно
[14:57:05] saikonohack (61d3e846-cfe0-3e5b-b41b-772c1020819e): RunishYT всм? ты че
[14:57:08] GOLDENDUSST (a0ee3527-abbd-3f28-bd2e-ff7c77b23497): Пока можно мы скажем когда закроется
[14:57:13] RunishYT (deb2ebb7-8562-3728-8ba8-ec800da9360c): ферма роз
[14:57:14] saikonohack (61d3e846-cfe0-3e5b-b41b-772c1020819e): ферма роз на портале делается
[14:57:34] RunishYT (deb2ebb7-8562-3728-8ba8-ec800da9360c): а блять
[14:57:35] GOLDENDUSST (a0ee3527-abbd-3f28-bd2e-ff7c77b23497): Портал эндгейт один из многих
[14:57:44] RunishYT (deb2ebb7-8562-3728-8ba8-ec800da9360c): ферма не закрывается я вас наебал
[14:57:48] RunishYT (deb2ebb7-8562-3728-8ba8-ec800da9360c): все продуманно
[15:02:13] GOLDENDUSST (a0ee3527-abbd-3f28-bd2e-ff7c77b23497): Сам нотч
[15:02:15] AviKgolD1 (fe9f4036-69b5-38be-a9c3-1d860d8c4398): привет когда обнова?
[15:02:35] RunishYT (deb2ebb7-8562-3728-8ba8-ec800da9360c): бля чо с ебалом батя жив?
[15:02:44] GOLDENDUSST (a0ee3527-abbd-3f28-bd2e-ff7c77b23497): Он не робит в моджанге он короч предатель экли ты тут делаешь продажаная шалава
[15:03:33] RunishYT (deb2ebb7-8562-3728-8ba8-ec800da9360c): бля где ты сдох?
[15:03:44] RunishYT (deb2ebb7-8562-3728-8ba8-ec800da9360c): с тебя чар яблоко падает
[15:03:55] AviKgolD1 (fe9f4036-69b5-38be-a9c3-1d860d8c4398): он обнову тетстит
[15:03:58] Notch_ (94f82121-0448-3f98-b941-7b08b880f15b): нет, проверил
[15:04:21] RunishYT (deb2ebb7-8562-3728-8ba8-ec800da9360c): оу вы из России?
[15:04:32] Notch_ (94f82121-0448-3f98-b941-7b08b880f15b): из монголии
[15:05:09] Notch_ (94f82121-0448-3f98-b941-7b08b880f15b): трахать хуй сперма пирожки, яблоко не падает
[15:05:12] Notch_ (94f82121-0448-3f98-b941-7b08b880f15b): я ливаю
[15:05:51] GOLDENDUSST (a0ee3527-abbd-3f28-bd2e-ff7c77b23497): Бля сайк тебя как раз небыло на твой серв заходил сам нотч жаль ты не увидел
[15:08:43] RunishYT (deb2ebb7-8562-3728-8ba8-ec800da9360c): гоу нотча убьем
[15:08:50] RunishYT (deb2ebb7-8562-3728-8ba8-ec800da9360c): ферма чар яблок
[15:09:33] Notch (b50ad385-829d-3141-a216-7e7d7539ba7f): не падает нихуя
[15:09:45] RunishYT (deb2ebb7-8562-3728-8ba8-ec800da9360c): ты ненастоящий
[15:09:51] GOLDENDUSST (a0ee3527-abbd-3f28-bd2e-ff7c77b23497): Молодость щас утро прост подожди
[15:09:52] Notch (b50ad385-829d-3141-a216-7e7d7539ba7f): пруфы
[15:09:59] GOLDENDUSST (a0ee3527-abbd-3f28-bd2e-ff7c77b23497): Упадёт
[15:10:00] RunishYT (deb2ebb7-8562-3728-8ba8-ec800da9360c): нотч швед
[15:12:10] Notch (b50ad385-829d-3141-a216-7e7d7539ba7f): не падает
[15:12:49] ItsFartunaRu (87aa0b4c-629f-3cae-a9c4-787ca2fa3e21): бляяяяяяяя фармер на корвине теперь тут играет жесть
[15:13:02] RunishYT (deb2ebb7-8562-3728-8ba8-ec800da9360c): пиздец ты гений сайк
[15:13:17] GOLDENDUSST (a0ee3527-abbd-3f28-bd2e-ff7c77b23497): Сайко опять тебе не повезло нотч как раз вышел когда ты зашёл
[15:13:19] RunishYT (deb2ebb7-8562-3728-8ba8-ec800da9360c): Питер Паркер уходит и появляется человек паук
[15:13:26] GOLDENDUSST (a0ee3527-abbd-3f28-bd2e-ff7c77b23497): Рял
[15:13:31] saikonohack (61d3e846-cfe0-3e5b-b41b-772c1020819e): пахпавхпавхапвх
[15:13:36] GOLDENDUSST (a0ee3527-abbd-3f28-bd2e-ff7c77b23497): Наверное Питер и есть паук
[15:13:44] RunishYT (deb2ebb7-8562-3728-8ba8-ec800da9360c): ферма свинозомбу робит
[15:13:55] saikonohack (61d3e846-cfe0-3e5b-b41b-772c1020819e): с вас 100 алмов
[15:14:02] GOLDENDUSST (a0ee3527-abbd-3f28-bd2e-ff7c77b23497): За что
[15:14:04] RunishYT (deb2ebb7-8562-3728-8ba8-ec800da9360c): со всего серва
[15:14:06] ItsFartunaRu (87aa0b4c-629f-3cae-a9c4-787ca2fa3e21): за не бание
[15:14:14] RunishYT (deb2ebb7-8562-3728-8ba8-ec800da9360c): бля просто из креатива даун
[15:14:19] GOLDENDUSST (a0ee3527-abbd-3f28-bd2e-ff7c77b23497): За ебание?!?!
[15:14:25] ItsFartunaRu (87aa0b4c-629f-3cae-a9c4-787ca2fa3e21): асла
[15:14:37] RunishYT (deb2ebb7-8562-3728-8ba8-ec800da9360c): фартуны??!???!!??!
[15:14:40] ItsFartunaRu (87aa0b4c-629f-3cae-a9c4-787ca2fa3e21): да ку
[15:14:54] RunishYT (deb2ebb7-8562-3728-8ba8-ec800da9360c): 36 лвл за минуту
[15:15:07] ItsFartunaRu (87aa0b4c-629f-3cae-a9c4-787ca2fa3e21): 193 лвл кароче
[15:15:13] ItsFartunaRu (87aa0b4c-629f-3cae-a9c4-787ca2fa3e21): 195 точнее
[15:15:37] RunishYT (deb2ebb7-8562-3728-8ba8-ec800da9360c): ливни блять
[15:15:37] ItsFartunaRu (87aa0b4c-629f-3cae-a9c4-787ca2fa3e21): блять с какого хуя дарк играет
[15:15:40] ItsFartunaRu (87aa0b4c-629f-3cae-a9c4-787ca2fa3e21): он же тип
[15:15:43] RunishYT (deb2ebb7-8562-3728-8ba8-ec800da9360c): после меня фермы
[15:15:44] ItsFartunaRu (87aa0b4c-629f-3cae-a9c4-787ca2fa3e21): инвал
[15:15:45] RunishYT (deb2ebb7-8562-3728-8ba8-ec800da9360c): строй
[15:16:19] RunishYT (deb2ebb7-8562-3728-8ba8-ec800da9360c): хочу чтобы фартуну забанили
[15:16:25] ItsFartunaRu (87aa0b4c-629f-3cae-a9c4-787ca2fa3e21): я тожю
[15:16:25] RunishYT (deb2ebb7-8562-3728-8ba8-ec800da9360c): блэт не робит
[15:16:30] GOLDENDUSST (a0ee3527-abbd-3f28-bd2e-ff7c77b23497): +
[15:16:55] RunishYT (deb2ebb7-8562-3728-8ba8-ec800da9360c): гоу на фортрессе фартука головы фармить
[15:17:38] ItsFartunaRu (87aa0b4c-629f-3cae-a9c4-787ca2fa3e21): непонял
[15:56:27] GOLDENDUSST (a0ee3527-abbd-3f28-bd2e-ff7c77b23497): Пиздец мобов
[16:06:30] AviKgolD1 (fe9f4036-69b5-38be-a9c3-1d860d8c4398): qq
[16:06:39] GOLDENDUSST (a0ee3527-abbd-3f28-bd2e-ff7c77b23497): Убил миллион ебаных негров а череп всего один
[16:07:01] AviKgolD1 (fe9f4036-69b5-38be-a9c3-1d860d8c4398): у меня тоже один
[16:07:09] AviKgolD1 (fe9f4036-69b5-38be-a9c3-1d860d8c4398): только он у лайта
[16:07:13] GOLDENDUSST (a0ee3527-abbd-3f28-bd2e-ff7c77b23497): Зато блять руина за 7 мин накопил 3 черепа
[16:07:32] GOLDENDUSST (a0ee3527-abbd-3f28-bd2e-ff7c77b23497): Перестройка скоро
[16:09:57] GOLDENDUSST (a0ee3527-abbd-3f28-bd2e-ff7c77b23497): Сердитая панда
[16:24:09] RunishYT (deb2ebb7-8562-3728-8ba8-ec800da9360c): сайк у тебя есть компас 3д?
[16:24:18] saikonohack (61d3e846-cfe0-3e5b-b41b-772c1020819e): прога?
[16:24:23] RunishYT (deb2ebb7-8562-3728-8ba8-ec800da9360c): да
[16:24:29] saikonohack (61d3e846-cfe0-3e5b-b41b-772c1020819e): была, удалил
[16:25:18] AviKgolD1 (fe9f4036-69b5-38be-a9c3-1d860d8c4398): не понял?
[16:26:09] AviKgolD1 (fe9f4036-69b5-38be-a9c3-1d860d8c4398): я знаю как в лс ответить мне просто лень это каждый раз с бедрока писать
[16:26:27] RunishYT (deb2ebb7-8562-3728-8ba8-ec800da9360c): блять
[16:26:34] RunishYT (deb2ebb7-8562-3728-8ba8-ec800da9360c): фартуна отвернулась от меня
[16:26:44] RunishYT (deb2ebb7-8562-3728-8ba8-ec800da9360c): убил 5 негров и с них 2 головы выпало
[16:26:47] GOLDENDUSST (a0ee3527-abbd-3f28-bd2e-ff7c77b23497): Попросил трахнуть?
[16:26:51] RunishYT (deb2ebb7-8562-3728-8ba8-ec800da9360c): потом спустя еще 5 еще одна
[16:27:06] RunishYT (deb2ebb7-8562-3728-8ba8-ec800da9360c): а щас не падает
[16:27:08] GOLDENDUSST (a0ee3527-abbd-3f28-bd2e-ff7c77b23497): Фартук отвернулся от тебя чтобы ты его трахнул?
[16:27:22] RunishYT (deb2ebb7-8562-3728-8ba8-ec800da9360c): ооо дааа
[16:28:12] RunishYT (deb2ebb7-8562-3728-8ba8-ec800da9360c): ашалел
[16:28:42] RunishYT (deb2ebb7-8562-3728-8ba8-ec800da9360c): мы китай у нас свое будет
[16:28:49] AviKgolD1 (fe9f4036-69b5-38be-a9c3-1d860d8c4398): спасибо, помог, теперь из туалета выйду быстрее
[16:29:02] RunishYT (deb2ebb7-8562-3728-8ba8-ec800da9360c): всем похуй
[16:29:09] GOLDENDUSST (a0ee3527-abbd-3f28-bd2e-ff7c77b23497): Осуждаю рекламу
[16:29:21] RunishYT (deb2ebb7-8562-3728-8ba8-ec800da9360c): делай как пвгуд
[16:29:29] GOLDENDUSST (a0ee3527-abbd-3f28-bd2e-ff7c77b23497): У меня и так много
[16:29:31] RunishYT (deb2ebb7-8562-3728-8ba8-ec800da9360c): рекламу на баннерах
[16:29:35] Corwin4_ (09de6106-0819-3ca8-9b4c-af9ec585b9e9): как убрать эту хуйню с экрана? лучше шёлк продайте
[16:29:45] RunishYT (deb2ebb7-8562-3728-8ba8-ec800da9360c): опа это к нам
[16:29:46] GOLDENDUSST (a0ee3527-abbd-3f28-bd2e-ff7c77b23497): Продам
[16:30:32] Corwin4_ (09de6106-0819-3ca8-9b4c-af9ec585b9e9): за сколько отдадите?
[16:30:44] GOLDENDUSST (a0ee3527-abbd-3f28-bd2e-ff7c77b23497): Девственность твоя
[16:30:44] RunishYT (deb2ebb7-8562-3728-8ba8-ec800da9360c): 10 аров
[16:31:32] RunishYT (deb2ebb7-8562-3728-8ba8-ec800da9360c): мы банк построим
[16:31:40] Corwin4_ (09de6106-0819-3ca8-9b4c-af9ec585b9e9): ебать вы умные, я хочу купить шёлк а вы говорите рудой платить лол
[16:31:51] GOLDENDUSST (a0ee3527-abbd-3f28-bd2e-ff7c77b23497): Рял
[16:31:52] RunishYT (deb2ebb7-8562-3728-8ba8-ec800da9360c): шучу
[16:31:57] Corwin4_ (09de6106-0819-3ca8-9b4c-af9ec585b9e9): логично предположить что шёлка нету у меня
[16:31:59] GOLDENDUSST (a0ee3527-abbd-3f28-bd2e-ff7c77b23497): Скок даш
[16:32:08] AviKgolD1 (fe9f4036-69b5-38be-a9c3-1d860d8c4398): могу сразу кирку продать топовую
[16:32:08] Corwin4_ (09de6106-0819-3ca8-9b4c-af9ec585b9e9): уже не дам
[16:32:16] Corwin4_ (09de6106-0819-3ca8-9b4c-af9ec585b9e9): уже договорённость есть
[16:36:52] RunishYT (deb2ebb7-8562-3728-8ba8-ec800da9360c): курс
[16:37:03] RunishYT (deb2ebb7-8562-3728-8ba8-ec800da9360c): курс алмазов будет привязан к незериту
[16:37:15] saikonohack (61d3e846-cfe0-3e5b-b41b-772c1020819e): гений
[16:37:20] saikonohack (61d3e846-cfe0-3e5b-b41b-772c1020819e): я банк строю
[16:37:35] RunishYT (deb2ebb7-8562-3728-8ba8-ec800da9360c): ахвел наши идеи пиздить
[16:37:44] RunishYT (deb2ebb7-8562-3728-8ba8-ec800da9360c): ахуел наши идеи пиздить
[16:37:49] saikonohack (61d3e846-cfe0-3e5b-b41b-772c1020819e): я давно уже это придумал
[16:37:58] RunishYT (deb2ebb7-8562-3728-8ba8-ec800da9360c): но не факт что раньше меня
[16:38:08] RunishYT (deb2ebb7-8562-3728-8ba8-ec800da9360c): тырн тын тын
[16:43:03] RunishYT (deb2ebb7-8562-3728-8ba8-ec800da9360c): мммм сайко
[16:43:14] RunishYT (deb2ebb7-8562-3728-8ba8-ec800da9360c): у нас пропал шалкер
[16:43:24] saikonohack (61d3e846-cfe0-3e5b-b41b-772c1020819e): ?
[16:43:26] RunishYT (deb2ebb7-8562-3728-8ba8-ec800da9360c): а у тебя появилась ферма
[16:43:53] AviKgolD1 (fe9f4036-69b5-38be-a9c3-1d860d8c4398): не, я вчера видел у сайко шалкер когда в гч сидели
[16:44:08] saikonohack (61d3e846-cfe0-3e5b-b41b-772c1020819e): ща точно скажу когда привез его
[16:44:20] GOLDENDUSST (a0ee3527-abbd-3f28-bd2e-ff7c77b23497): Сука кто то подорвал крипером шалкер
[16:44:23] saikonohack (61d3e846-cfe0-3e5b-b41b-772c1020819e): 24 дня назад
[16:44:38] RunishYT (deb2ebb7-8562-3728-8ba8-ec800da9360c): сайк дай ко ай
[16:45:31] RunishYT (deb2ebb7-8562-3728-8ba8-ec800da9360c): сайк тп чек
[16:45:32] Corwin4_ (09de6106-0819-3ca8-9b4c-af9ec585b9e9): ку
[16:45:57] Corwin4_ (09de6106-0819-3ca8-9b4c-af9ec585b9e9): спс
[16:47:02] RunishYT (deb2ebb7-8562-3728-8ba8-ec800da9360c): сайк тп чек
[16:47:02] RunishYT (deb2ebb7-8562-3728-8ba8-ec800da9360c): сайк тп чек
[16:47:03] RunishYT (deb2ebb7-8562-3728-8ba8-ec800da9360c): сайк тп чек
[16:47:03] RunishYT (deb2ebb7-8562-3728-8ba8-ec800da9360c): сайк тп чек
[16:47:04] RunishYT (deb2ebb7-8562-3728-8ba8-ec800da9360c): сайк тп чек
[16:47:04] RunishYT (deb2ebb7-8562-3728-8ba8-ec800da9360c): сайк тп чек
[17:00:05] RunishYT (deb2ebb7-8562-3728-8ba8-ec800da9360c): спать
[17:00:46] AviKgolD1 (fe9f4036-69b5-38be-a9c3-1d860d8c4398): капец мне ехрен без фермы шалкеров продавала 16 шалкеров за 32 алмаза
[17:01:00] AviKgolD1 (fe9f4036-69b5-38be-a9c3-1d860d8c4398): а у сайка 1 шалкер 8 алмазов
[17:01:01] RunishYT (deb2ebb7-8562-3728-8ba8-ec800da9360c): чисто из креатива
[17:01:11] GOLDENDUSST (a0ee3527-abbd-3f28-bd2e-ff7c77b23497): Пиздец дорого
[17:01:17] RunishYT (deb2ebb7-8562-3728-8ba8-ec800da9360c): рял
[17:01:27] RunishYT (deb2ebb7-8562-3728-8ba8-ec800da9360c): мы сделаем дешевле и качественее
[17:01:38] GOLDENDUSST (a0ee3527-abbd-3f28-bd2e-ff7c77b23497): Фармит дохуя а пррдаёт тоже за дохуя
[17:07:19] RunishYT (deb2ebb7-8562-3728-8ba8-ec800da9360c): .....
[17:07:22] RunishYT (deb2ebb7-8562-3728-8ba8-ec800da9360c): чат читай
[17:07:46] RunishYT (deb2ebb7-8562-3728-8ba8-ec800da9360c): я про эксрен
[17:08:20] RunishYT (deb2ebb7-8562-3728-8ba8-ec800da9360c): хохо
[17:08:39] RunishYT (deb2ebb7-8562-3728-8ba8-ec800da9360c): тактикой яндекса и мы придерживаемся
[17:08:50] RunishYT (deb2ebb7-8562-3728-8ba8-ec800da9360c): тактикой яндекса и мы придерживаемся
[17:09:05] RunishYT (deb2ebb7-8562-3728-8ba8-ec800da9360c): Если уж и начнется экономическая война
[17:09:19] RunishYT (deb2ebb7-8562-3728-8ba8-ec800da9360c): то мы никому не проиграем
[17:10:03] RunishYT (deb2ebb7-8562-3728-8ba8-ec800da9360c): мы можем жить без алмов
[17:10:22] RunishYT (deb2ebb7-8562-3728-8ba8-ec800da9360c): даже за бесплатно отдавать можем
[17:17:20] Builder_Russia (f3cdc82e-7443-3cc2-ae5c-fe8b8d21c6a8): ку
[17:17:24] Builder_Russia (f3cdc82e-7443-3cc2-ae5c-fe8b8d21c6a8): ку
[17:18:17] AviKgolD1 (fe9f4036-69b5-38be-a9c3-1d860d8c4398): q
[17:18:29] RunishYT (deb2ebb7-8562-3728-8ba8-ec800da9360c): спите я строю
[17:18:30] AviKgolD1 (fe9f4036-69b5-38be-a9c3-1d860d8c4398): гс зайди
[17:18:43] RunishYT (deb2ebb7-8562-3728-8ba8-ec800da9360c): ок захожу
[17:19:53] RunishYT (deb2ebb7-8562-3728-8ba8-ec800da9360c): спите я строю
[17:20:46] RunishYT (deb2ebb7-8562-3728-8ba8-ec800da9360c): авик поспи
[17:20:58] RunishYT (deb2ebb7-8562-3728-8ba8-ec800da9360c): пжпжжпжжпжпжпжжпжпжпжпжпжпжжпжпжжпжжпжп
[17:24:52] AviKgolD1 (fe9f4036-69b5-38be-a9c3-1d860d8c4398): чек
[18:38:00] RunishYT (deb2ebb7-8562-3728-8ba8-ec800da9360c): ахуеть
[18:38:04] RunishYT (deb2ebb7-8562-3728-8ba8-ec800da9360c): авик маг ебучий
[18:38:16] RunishYT (deb2ebb7-8562-3728-8ba8-ec800da9360c): это не манекены бляьь
[18:38:24] RunishYT (deb2ebb7-8562-3728-8ba8-ec800da9360c): это Аска И Синдзи
[18:38:33] RunishYT (deb2ebb7-8562-3728-8ba8-ec800da9360c): из аниме
[18:38:51] RunishYT (deb2ebb7-8562-3728-8ba8-ec800da9360c): я особняк из аниме строю
[18:39:28] RunishYT (deb2ebb7-8562-3728-8ba8-ec800da9360c): захар пиздуй в портал я тебе один раз разрешу через портал наш войти
[18:41:53] RunishYT (deb2ebb7-8562-3728-8ba8-ec800da9360c): только один раз
[18:42:20] RunishYT (deb2ebb7-8562-3728-8ba8-ec800da9360c): только один раз
[18:42:21] RunishYT (deb2ebb7-8562-3728-8ba8-ec800da9360c): только один раз
[18:42:30] RunishYT (deb2ebb7-8562-3728-8ba8-ec800da9360c): все блять ливаю
[18:42:51] RunishYT (deb2ebb7-8562-3728-8ba8-ec800da9360c): энд гейт тута
[18:42:53] kollar_344 (9ee26b5e-1e8d-3bdd-a9ac-d3ead30e62cc): qq all
[18:43:00] RunishYT (deb2ebb7-8562-3728-8ba8-ec800da9360c): сосы
[18:43:06] RunishYT (deb2ebb7-8562-3728-8ba8-ec800da9360c): ща захара ебну
[18:43:38] RunishYT (deb2ebb7-8562-3728-8ba8-ec800da9360c): в следующий раз спрашивай либо у меня либо у голда
[18:43:46] RunishYT (deb2ebb7-8562-3728-8ba8-ec800da9360c): разрешение
[18:43:57] RunishYT (deb2ebb7-8562-3728-8ba8-ec800da9360c): шалкеры я буду прям жоско дешевить
[18:44:15] kollar_344 (9ee26b5e-1e8d-3bdd-a9ac-d3ead30e62cc): а что происходит?
[18:44:21] RunishYT (deb2ebb7-8562-3728-8ba8-ec800da9360c): о авик
[18:44:35] RunishYT (deb2ebb7-8562-3728-8ba8-ec800da9360c): ты улучшил ферму эндеров??
[18:44:59] kollar_344 (9ee26b5e-1e8d-3bdd-a9ac-d3ead30e62cc): а что происходит?
[18:46:08] kollar_344 (9ee26b5e-1e8d-3bdd-a9ac-d3ead30e62cc): а что происходит?
[18:51:01] RunishYT (deb2ebb7-8562-3728-8ba8-ec800da9360c): ахуел
[18:52:20] RunishYT (deb2ebb7-8562-3728-8ba8-ec800da9360c): кстати что там насчет залога?
[18:53:16] RunishYT (deb2ebb7-8562-3728-8ba8-ec800da9360c): да это мы
[18:53:20] RunishYT (deb2ebb7-8562-3728-8ba8-ec800da9360c): все спиздили
[18:53:29] RunishYT (deb2ebb7-8562-3728-8ba8-ec800da9360c): соси хуй
[18:53:35] RunishYT (deb2ebb7-8562-3728-8ba8-ec800da9360c): ферма эндерманов сломалась
[18:53:41] RunishYT (deb2ebb7-8562-3728-8ba8-ec800da9360c): кто нибудьпочините мне лень
[18:54:40] RunishYT (deb2ebb7-8562-3728-8ba8-ec800da9360c): захар вообще лох
[18:55:43] RunishYT (deb2ebb7-8562-3728-8ba8-ec800da9360c): захар пиздуй на границу хохлов ебашить со свинопушки
[18:56:12] RunishYT (deb2ebb7-8562-3728-8ba8-ec800da9360c): потом сдохни от гея в кустах
[18:56:57] RunishYT (deb2ebb7-8562-3728-8ba8-ec800da9360c): это тебе не бравл квас тиммится
[18:57:40] RunishYT (deb2ebb7-8562-3728-8ba8-ec800da9360c): откуда ты мое имя знаешь?
[18:57:46] RunishYT (deb2ebb7-8562-3728-8ba8-ec800da9360c): ты чо Путин?
[18:58:15] RunishYT (deb2ebb7-8562-3728-8ba8-ec800da9360c): тима дегродов
[18:58:29] RunishYT (deb2ebb7-8562-3728-8ba8-ec800da9360c): тима раков
[18:58:33] RunishYT (deb2ebb7-8562-3728-8ba8-ec800da9360c): блять как у меня
[18:59:30] RunishYT (deb2ebb7-8562-3728-8ba8-ec800da9360c): ближайшие 1000 блоков энде нихуя нету
[18:59:59] RunishYT (deb2ebb7-8562-3728-8ba8-ec800da9360c): ты не шаришь мы жеска прям лутали по технике одной
[19:00:12] RunishYT (deb2ebb7-8562-3728-8ba8-ec800da9360c): я из видео узнал о топовой технике но тебе хуй не расскажу
[19:01:03] RunishYT (deb2ebb7-8562-3728-8ba8-ec800da9360c): гг тима раков я ливаю
