[07:23:32] LightNight010 (b404b429-ad5e-3cdf-9b17-af0796003c67): qq
[07:23:50] ItsFartunaRu (87aa0b4c-629f-3cae-a9c4-787ca2fa3e21): прив
[07:24:04] LightNight010 (b404b429-ad5e-3cdf-9b17-af0796003c67): те базу не восстановили?
[07:24:11] ItsFartunaRu (87aa0b4c-629f-3cae-a9c4-787ca2fa3e21): нет
[07:32:28] AviKgolD1 (fe9f4036-69b5-38be-a9c3-1d860d8c4398): qq
[07:32:31] saikonohack (61d3e846-cfe0-3e5b-b41b-772c1020819e): qq
[07:32:33] LightNight010 (b404b429-ad5e-3cdf-9b17-af0796003c67): qq
[07:33:16] LightNight010 (b404b429-ad5e-3cdf-9b17-af0796003c67): фартук, авик вы где
[07:33:51] AviKgolD1 (fe9f4036-69b5-38be-a9c3-1d860d8c4398): я у фартуны на базе
[07:35:43] AviKgolD1 (fe9f4036-69b5-38be-a9c3-1d860d8c4398): сайко ты базу фартуны откатывать не будешь?
[07:35:52] saikonohack (61d3e846-cfe0-3e5b-b41b-772c1020819e): суда дождемся
[07:36:47] ItsFartunaRu (87aa0b4c-629f-3cae-a9c4-787ca2fa3e21): ахуел, пойду кароч взорву твою базу типо суда будем ждать
[07:37:05] AviKgolD1 (fe9f4036-69b5-38be-a9c3-1d860d8c4398): лайту ты откатил без суда кста
[07:37:18] LightNight010 (b404b429-ad5e-3cdf-9b17-af0796003c67): вы где
[07:37:20] saikonohack (61d3e846-cfe0-3e5b-b41b-772c1020819e): потому что лайт в деле не учавствует
[07:37:23] LightNight010 (b404b429-ad5e-3cdf-9b17-af0796003c67): вы где
[07:37:57] ItsFartunaRu (87aa0b4c-629f-3cae-a9c4-787ca2fa3e21): но ебать руину после суда будем в4
[07:37:58] AviKgolD1 (fe9f4036-69b5-38be-a9c3-1d860d8c4398): мне батинки откати которые вы вчера через команду спиздили со всеми зачарами корорые на них были
[07:38:23] saikonohack (61d3e846-cfe0-3e5b-b41b-772c1020819e): тебе их сломали, ирод
[07:38:35] AviKgolD1 (fe9f4036-69b5-38be-a9c3-1d860d8c4398): ноу
[07:38:39] saikonohack (61d3e846-cfe0-3e5b-b41b-772c1020819e): ес
[07:38:50] saikonohack (61d3e846-cfe0-3e5b-b41b-772c1020819e): я в дс с фрутом был
[07:39:08] saikonohack (61d3e846-cfe0-3e5b-b41b-772c1020819e): с фрутмотивчиком
[07:39:16] ItsFartunaRu (87aa0b4c-629f-3cae-a9c4-787ca2fa3e21): тогда схуяли фрут разъебал ему половину брони в гм
[07:39:28] saikonohack (61d3e846-cfe0-3e5b-b41b-772c1020819e): а вот это уже явно не мои проблемы
[07:39:40] ItsFartunaRu (87aa0b4c-629f-3cae-a9c4-787ca2fa3e21): харош админ
[07:39:57] AviKgolD1 (fe9f4036-69b5-38be-a9c3-1d860d8c4398): ботинки не могут сломаться быстрее шлема
[07:40:25] ItsFartunaRu (87aa0b4c-629f-3cae-a9c4-787ca2fa3e21): блять сайк верни трезуб и меч
[07:40:36] AviKgolD1 (fe9f4036-69b5-38be-a9c3-1d860d8c4398): я пошёл на ферму чиниться и ботинки были у меня
[07:40:41] ItsFartunaRu (87aa0b4c-629f-3cae-a9c4-787ca2fa3e21): ноу
[07:40:48] ItsFartunaRu (87aa0b4c-629f-3cae-a9c4-787ca2fa3e21): трезуб ты спиздил ещё на фармилке золота
[07:41:07] ItsFartunaRu (87aa0b4c-629f-3cae-a9c4-787ca2fa3e21): меч вообще пропал после всем доступной команды /kill ItsFartunaRu
[07:41:55] ItsFartunaRu (87aa0b4c-629f-3cae-a9c4-787ca2fa3e21): да
[07:43:22] ItsFartunaRu (87aa0b4c-629f-3cae-a9c4-787ca2fa3e21): 9 стаков слёз
[07:44:19] ItsFartunaRu (87aa0b4c-629f-3cae-a9c4-787ca2fa3e21): ахуел
[07:44:32] ItsFartunaRu (87aa0b4c-629f-3cae-a9c4-787ca2fa3e21): кароч делаю на них крисы и взрываю тебя
[07:44:35] ItsFartunaRu (87aa0b4c-629f-3cae-a9c4-787ca2fa3e21): во время суда
[07:44:42] AviKgolD1 (fe9f4036-69b5-38be-a9c3-1d860d8c4398): сайк плакал ты когда тебя слили 5 раз
[07:44:50] ItsFartunaRu (87aa0b4c-629f-3cae-a9c4-787ca2fa3e21): 4
[07:44:56] AviKgolD1 (fe9f4036-69b5-38be-a9c3-1d860d8c4398): 5
[07:44:59] ItsFartunaRu (87aa0b4c-629f-3cae-a9c4-787ca2fa3e21): ноу
[07:45:06] ItsFartunaRu (87aa0b4c-629f-3cae-a9c4-787ca2fa3e21): 2 на крыше и 2 в пиках
[07:45:18] AviKgolD1 (fe9f4036-69b5-38be-a9c3-1d860d8c4398): тогда вообще 7
[07:45:24] AviKgolD1 (fe9f4036-69b5-38be-a9c3-1d860d8c4398): нет 6
[07:45:40] ItsFartunaRu (87aa0b4c-629f-3cae-a9c4-787ca2fa3e21): точно не админ абьюз
[07:48:49] ItsFartunaRu (87aa0b4c-629f-3cae-a9c4-787ca2fa3e21): блять верни трезуб, меч, 2 стака эндерита и базу
[07:48:59] LightNight010 (b404b429-ad5e-3cdf-9b17-af0796003c67): как у тебя трезуб назывался
[07:49:00] ItsFartunaRu (87aa0b4c-629f-3cae-a9c4-787ca2fa3e21): паханчик 2.0 сука
[07:49:15] LightNight010 (b404b429-ad5e-3cdf-9b17-af0796003c67): тогда не у меня
[07:49:19] ItsFartunaRu (87aa0b4c-629f-3cae-a9c4-787ca2fa3e21): че
[07:49:30] ItsFartunaRu (87aa0b4c-629f-3cae-a9c4-787ca2fa3e21): паханчик это игрок с визер эсэмпэ
[07:49:36] ItsFartunaRu (87aa0b4c-629f-3cae-a9c4-787ca2fa3e21): вор кароч\
[07:49:42] ItsFartunaRu (87aa0b4c-629f-3cae-a9c4-787ca2fa3e21): спиздил у меня дахуя вещей
[08:08:14] AviKgolD1 (fe9f4036-69b5-38be-a9c3-1d860d8c4398): фартуна у тебя какая рейд ферма?
[08:09:29] ItsFartunaRu (87aa0b4c-629f-3cae-a9c4-787ca2fa3e21): от волтрокса
[08:09:46] AviKgolD1 (fe9f4036-69b5-38be-a9c3-1d860d8c4398): а пон
[08:11:17] ItsFartunaRu (87aa0b4c-629f-3cae-a9c4-787ca2fa3e21): бредля кароч так сегодня и не заходил
[08:12:45] AviKgolD1 (fe9f4036-69b5-38be-a9c3-1d860d8c4398): пон я тупо отрубился
[08:17:01] AviKgolD1 (fe9f4036-69b5-38be-a9c3-1d860d8c4398): 11 даблов тотемов
[08:17:11] ItsFartunaRu (87aa0b4c-629f-3cae-a9c4-787ca2fa3e21): ноу не в 12
[08:57:00] LightNight010 (b404b429-ad5e-3cdf-9b17-af0796003c67): авик, идёшь?
[08:58:33] RunishYT (deb2ebb7-8562-3728-8ba8-ec800da9360c): да ты ахуел
[08:58:42] RunishYT (deb2ebb7-8562-3728-8ba8-ec800da9360c): я это предлагал когда их добавили
[08:59:05] RunishYT (deb2ebb7-8562-3728-8ba8-ec800da9360c): нн
[08:59:14] RunishYT (deb2ebb7-8562-3728-8ba8-ec800da9360c): ты ахуел
[08:59:17] RunishYT (deb2ebb7-8562-3728-8ba8-ec800da9360c): я это предлагал когда их добавили
[08:59:55] RunishYT (deb2ebb7-8562-3728-8ba8-ec800da9360c): биля я который это предлагал 3 месяца назад
[09:00:08] RunishYT (deb2ebb7-8562-3728-8ba8-ec800da9360c): нн
[09:00:09] RunishYT (deb2ebb7-8562-3728-8ba8-ec800da9360c): нн
[09:00:11] RunishYT (deb2ebb7-8562-3728-8ba8-ec800da9360c): нн
[09:00:23] RunishYT (deb2ebb7-8562-3728-8ba8-ec800da9360c): я предлагаю такое
[09:00:29] LightNight010 (b404b429-ad5e-3cdf-9b17-af0796003c67): авик заходи в гс
[09:00:33] RunishYT (deb2ebb7-8562-3728-8ba8-ec800da9360c): хочешь пвп пиздуй на пвп сервера
[09:02:11] RunishYT (deb2ebb7-8562-3728-8ba8-ec800da9360c): ты забанен
[09:02:16] RunishYT (deb2ebb7-8562-3728-8ba8-ec800da9360c): ащалел
[09:02:39] RunishYT (deb2ebb7-8562-3728-8ba8-ec800da9360c): ахвел
[09:02:42] RunishYT (deb2ebb7-8562-3728-8ba8-ec800da9360c): а я
[09:03:16] RunishYT (deb2ebb7-8562-3728-8ba8-ec800da9360c): вообще то ферму шалкеров
[09:03:43] RunishYT (deb2ebb7-8562-3728-8ba8-ec800da9360c): дарка и корвина на визере забанили т
[09:04:23] RunishYT (deb2ebb7-8562-3728-8ba8-ec800da9360c): дарк и корвин играли на визере
[09:05:42] RunishYT (deb2ebb7-8562-3728-8ba8-ec800da9360c): бля а где мой трезубец
[09:06:06] RunishYT (deb2ebb7-8562-3728-8ba8-ec800da9360c): Техника Небесного удара
[09:06:22] RunishYT (deb2ebb7-8562-3728-8ba8-ec800da9360c): да ты хуйло
[09:06:34] RunishYT (deb2ebb7-8562-3728-8ba8-ec800da9360c): у меня интерфейс пропал
[09:07:59] RunishYT (deb2ebb7-8562-3728-8ba8-ec800da9360c): у тебя майнер
[09:08:15] RunishYT (deb2ebb7-8562-3728-8ba8-ec800da9360c): это у всех
[09:08:24] RunishYT (deb2ebb7-8562-3728-8ba8-ec800da9360c): в дефолт майне
[09:08:35] RunishYT (deb2ebb7-8562-3728-8ba8-ec800da9360c): у меня точно также
[09:09:00] RunishYT (deb2ebb7-8562-3728-8ba8-ec800da9360c): я скачал текстур пак на уменьшение огня норм стало
[09:09:32] RunishYT (deb2ebb7-8562-3728-8ba8-ec800da9360c): бляяяяя
[09:09:48] RunishYT (deb2ebb7-8562-3728-8ba8-ec800da9360c): у меня вместо лука револьвер
[09:10:24] RunishYT (deb2ebb7-8562-3728-8ba8-ec800da9360c): я который не обновлял комп с 2014
[09:10:38] RunishYT (deb2ebb7-8562-3728-8ba8-ec800da9360c): я на пк иногда захожу
[09:11:35] RunishYT (deb2ebb7-8562-3728-8ba8-ec800da9360c): бляяяя
[09:12:48] RunishYT (deb2ebb7-8562-3728-8ba8-ec800da9360c): да
[09:13:03] RunishYT (deb2ebb7-8562-3728-8ba8-ec800da9360c): хахахах
[09:14:13] RunishYT (deb2ebb7-8562-3728-8ba8-ec800da9360c): Бесконечность не предел
[09:14:29] RunishYT (deb2ebb7-8562-3728-8ba8-ec800da9360c): у тебя рано или поздно будет слишком дорого
[09:14:57] RunishYT (deb2ebb7-8562-3728-8ba8-ec800da9360c): я все равно пользуюсь стрелами с эффектами
[09:15:03] RunishYT (deb2ebb7-8562-3728-8ba8-ec800da9360c): смысл бесконечность
[09:15:20] RunishYT (deb2ebb7-8562-3728-8ba8-ec800da9360c): биля будем пиздить дракошу в незеритке
[09:15:56] RunishYT (deb2ebb7-8562-3728-8ba8-ec800da9360c): через меня 5
[09:16:12] RunishYT (deb2ebb7-8562-3728-8ba8-ec800da9360c): Йобанный хохол
[09:16:39] RunishYT (deb2ebb7-8562-3728-8ba8-ec800da9360c): кстати я в беседе парагон диверсе декак жеский сторонник России
[09:16:51] RunishYT (deb2ebb7-8562-3728-8ba8-ec800da9360c): прям ебнутый
[09:17:26] RunishYT (deb2ebb7-8562-3728-8ba8-ec800da9360c): есть пвп сервера
[09:17:40] RunishYT (deb2ebb7-8562-3728-8ba8-ec800da9360c): позвать челика пвп
[09:19:00] RunishYT (deb2ebb7-8562-3728-8ba8-ec800da9360c): ты ахуел я по тебе стрелял
[09:19:52] RunishYT (deb2ebb7-8562-3728-8ba8-ec800da9360c): я в тебя нечайно попал я по нему стрелял
[09:20:06] RunishYT (deb2ebb7-8562-3728-8ba8-ec800da9360c): ахуел он
[09:20:54] RunishYT (deb2ebb7-8562-3728-8ba8-ec800da9360c): гоу его кикнем из гс
[09:21:18] RunishYT (deb2ebb7-8562-3728-8ba8-ec800da9360c): ты не ахуел блять
[09:21:34] RunishYT (deb2ebb7-8562-3728-8ba8-ec800da9360c): блять нн он ахуел пиздит
[09:21:48] RunishYT (deb2ebb7-8562-3728-8ba8-ec800da9360c): блять пусть он заткнется заебал
[09:22:24] RunishYT (deb2ebb7-8562-3728-8ba8-ec800da9360c): пусть заткнется нахуй
[09:22:43] RunishYT (deb2ebb7-8562-3728-8ba8-ec800da9360c): блять он оскорбляет блять без причины
[09:22:49] RunishYT (deb2ebb7-8562-3728-8ba8-ec800da9360c): снихуя
[09:23:50] RunishYT (deb2ebb7-8562-3728-8ba8-ec800da9360c): пиздец сам снихуя начинает меня обсирать потом блять обвиняет меня в том что я хуевый
[09:24:01] RunishYT (deb2ebb7-8562-3728-8ba8-ec800da9360c): пошел нахуй
[09:24:47] RunishYT (deb2ebb7-8562-3728-8ba8-ec800da9360c): я 1
[09:25:15] RunishYT (deb2ebb7-8562-3728-8ba8-ec800da9360c): блять почему никто не обращает внимания то что авик и фартук снихуя токсят
[09:25:32] RunishYT (deb2ebb7-8562-3728-8ba8-ec800da9360c): блять я его убиваю потому что он начал токсить
[09:25:36] RunishYT (deb2ebb7-8562-3728-8ba8-ec800da9360c): снихуя
[09:25:51] ItsFartunaRu (87aa0b4c-629f-3cae-a9c4-787ca2fa3e21): чел я в афк
[09:25:58] ItsFartunaRu (87aa0b4c-629f-3cae-a9c4-787ca2fa3e21): а щас рил взорву крисами
[09:26:08] RunishYT (deb2ebb7-8562-3728-8ba8-ec800da9360c): блять обвиняй авика хуле он уклонился
[09:26:23] ItsFartunaRu (87aa0b4c-629f-3cae-a9c4-787ca2fa3e21): авик погнали резать руину
[09:26:51] RunishYT (deb2ebb7-8562-3728-8ba8-ec800da9360c): вы совсем ахуели обсираете снихуя потом обвиняете в том что я вас за это наказываю
[09:26:55] ItsFartunaRu (87aa0b4c-629f-3cae-a9c4-787ca2fa3e21): авик погнали резать руину
[09:26:59] RunishYT (deb2ebb7-8562-3728-8ba8-ec800da9360c): блять с начала разговора
[09:27:05] ItsFartunaRu (87aa0b4c-629f-3cae-a9c4-787ca2fa3e21): ты не нужен
[09:27:07] ItsFartunaRu (87aa0b4c-629f-3cae-a9c4-787ca2fa3e21): ливни
[09:27:09] RunishYT (deb2ebb7-8562-3728-8ba8-ec800da9360c): как только авик зашел начал блять снихуя обсирать
[09:27:12] ItsFartunaRu (87aa0b4c-629f-3cae-a9c4-787ca2fa3e21): тебя кароч забанят
[09:27:18] ItsFartunaRu (87aa0b4c-629f-3cae-a9c4-787ca2fa3e21): за попытку уйти на парагон
[09:27:32] RunishYT (deb2ebb7-8562-3728-8ba8-ec800da9360c): слушай эксрен тоже на парагоне
[09:27:39] [CAPS] ItsFartunaRu (87aa0b4c-629f-3cae-a9c4-787ca2fa3e21): хпхахпвахпххпаппвапх
[09:27:47] ItsFartunaRu (87aa0b4c-629f-3cae-a9c4-787ca2fa3e21): чел она типа спец агент
[09:27:49] ItsFartunaRu (87aa0b4c-629f-3cae-a9c4-787ca2fa3e21): а ты еблан
[09:27:52] RunishYT (deb2ebb7-8562-3728-8ba8-ec800da9360c): обидно блять терять ресы из-за ебланов
[09:27:54] ItsFartunaRu (87aa0b4c-629f-3cae-a9c4-787ca2fa3e21): разницу видишь?
[09:28:04] ItsFartunaRu (87aa0b4c-629f-3cae-a9c4-787ca2fa3e21): щас потеряешь ещё и базу
[09:28:09] ItsFartunaRu (87aa0b4c-629f-3cae-a9c4-787ca2fa3e21): авик сделай пж меч
[09:28:16] RunishYT (deb2ebb7-8562-3728-8ba8-ec800da9360c): я еще не ушел я уйду если вас не забанят
[09:28:27] ItsFartunaRu (87aa0b4c-629f-3cae-a9c4-787ca2fa3e21): тебя забанят за попытку уйти
[09:28:31] ItsFartunaRu (87aa0b4c-629f-3cae-a9c4-787ca2fa3e21): на парагон
[09:28:34] ItsFartunaRu (87aa0b4c-629f-3cae-a9c4-787ca2fa3e21): уже эт не важно
[09:28:43] ItsFartunaRu (87aa0b4c-629f-3cae-a9c4-787ca2fa3e21): меня как видишь уже разбанили
[09:28:44] ItsFartunaRu (87aa0b4c-629f-3cae-a9c4-787ca2fa3e21): до суда
[09:28:48] ItsFartunaRu (87aa0b4c-629f-3cae-a9c4-787ca2fa3e21): зная что будет
[09:28:59] ItsFartunaRu (87aa0b4c-629f-3cae-a9c4-787ca2fa3e21): за меня и авика весь актив нано
[09:29:08] RunishYT (deb2ebb7-8562-3728-8ba8-ec800da9360c): если тебя не забанят я ухожу на парагон
[09:29:13] ItsFartunaRu (87aa0b4c-629f-3cae-a9c4-787ca2fa3e21): уже эт не важно
[09:29:15] LightNight010 (b404b429-ad5e-3cdf-9b17-af0796003c67): фартук ебаш сюда, ты нужен
[09:29:16] ItsFartunaRu (87aa0b4c-629f-3cae-a9c4-787ca2fa3e21): тебя забанят за попытку уйти
[09:29:31] ItsFartunaRu (87aa0b4c-629f-3cae-a9c4-787ca2fa3e21): уже после суда сразу же
[09:29:38] LightNight010 (b404b429-ad5e-3cdf-9b17-af0796003c67): щас нада
[09:29:42] ItsFartunaRu (87aa0b4c-629f-3cae-a9c4-787ca2fa3e21): но к тому времени мы тебя уебём
[09:29:54] ItsFartunaRu (87aa0b4c-629f-3cae-a9c4-787ca2fa3e21): и сломаем выживание пармише
[09:29:57] ItsFartunaRu (87aa0b4c-629f-3cae-a9c4-787ca2fa3e21): за твоё ебланство
[09:30:10] AviKgolD1 (fe9f4036-69b5-38be-a9c3-1d860d8c4398): фатруна не трожь инвалида
[09:30:18] ItsFartunaRu (87aa0b4c-629f-3cae-a9c4-787ca2fa3e21): ноуноуноу
[09:30:24] RunishYT (deb2ebb7-8562-3728-8ba8-ec800da9360c): да не трогай авика
[09:30:31] ItsFartunaRu (87aa0b4c-629f-3cae-a9c4-787ca2fa3e21): чел стрелу метнул
[09:30:35] ItsFartunaRu (87aa0b4c-629f-3cae-a9c4-787ca2fa3e21): животное туп
[09:30:59] ItsFartunaRu (87aa0b4c-629f-3cae-a9c4-787ca2fa3e21): авик сделай пж меч
[09:31:00] RunishYT (deb2ebb7-8562-3728-8ba8-ec800da9360c): нн выгони авика нахуй из гс
[09:31:13] ItsFartunaRu (87aa0b4c-629f-3cae-a9c4-787ca2fa3e21): фрут выгони руину нахуй из гс
[09:31:29] NoUNameee742 (c7063b0c-07f3-33d0-83a5-5eb103b41da9): он молчит
[09:31:31] NoUNameee742 (c7063b0c-07f3-33d0-83a5-5eb103b41da9): пусть
[09:31:34] RunishYT (deb2ebb7-8562-3728-8ba8-ec800da9360c): вы блять снихуя начинаете конфликт потом говорите что я начал
[09:31:35] AviKgolD1 (fe9f4036-69b5-38be-a9c3-1d860d8c4398): фартуна возьми книги и сделай сам
[09:31:38] ItsFartunaRu (87aa0b4c-629f-3cae-a9c4-787ca2fa3e21): ноуноуноу
[09:31:46] ItsFartunaRu (87aa0b4c-629f-3cae-a9c4-787ca2fa3e21): так ты и начал
[09:31:51] ItsFartunaRu (87aa0b4c-629f-3cae-a9c4-787ca2fa3e21): и щас я закончу
[09:33:21] ItsFartunaRu (87aa0b4c-629f-3cae-a9c4-787ca2fa3e21): уф я вспонил у меня же есть 3 трезуба
[09:33:22] ItsFartunaRu (87aa0b4c-629f-3cae-a9c4-787ca2fa3e21): руины
[09:34:00] ItsFartunaRu (87aa0b4c-629f-3cae-a9c4-787ca2fa3e21): сука откуда у него
[09:34:04] ItsFartunaRu (87aa0b4c-629f-3cae-a9c4-787ca2fa3e21): один из моих трезубов
[09:34:46] ItsFartunaRu (87aa0b4c-629f-3cae-a9c4-787ca2fa3e21): стоп лайт
[09:34:51] ItsFartunaRu (87aa0b4c-629f-3cae-a9c4-787ca2fa3e21): ты кажись спиздил мою кирку
[09:34:57] ItsFartunaRu (87aa0b4c-629f-3cae-a9c4-787ca2fa3e21): на удачу 3
[09:35:04] ItsFartunaRu (87aa0b4c-629f-3cae-a9c4-787ca2fa3e21): прост у меня 2 кирки на шёлк
[09:35:28] AviKgolD1 (fe9f4036-69b5-38be-a9c3-1d860d8c4398): фартуна приходи на спавн тут вещи руины лежат
[09:35:33] ItsFartunaRu (87aa0b4c-629f-3cae-a9c4-787ca2fa3e21): ща
[09:36:20] ItsFartunaRu (87aa0b4c-629f-3cae-a9c4-787ca2fa3e21): где
[09:36:35] ItsFartunaRu (87aa0b4c-629f-3cae-a9c4-787ca2fa3e21): мб его нахуй отпиздить
[09:36:51] ItsFartunaRu (87aa0b4c-629f-3cae-a9c4-787ca2fa3e21): ээээ
[09:36:52] ItsFartunaRu (87aa0b4c-629f-3cae-a9c4-787ca2fa3e21): админабуз
[09:36:58] NoUNameee742 (c7063b0c-07f3-33d0-83a5-5eb103b41da9): мне можно)
[09:37:00] ItsFartunaRu (87aa0b4c-629f-3cae-a9c4-787ca2fa3e21): ахуел
[09:37:06] ItsFartunaRu (87aa0b4c-629f-3cae-a9c4-787ca2fa3e21): сайк тоже так говорил
[09:37:19] ItsFartunaRu (87aa0b4c-629f-3cae-a9c4-787ca2fa3e21): аче у руины ток грудак
[09:37:32] RunishYT (deb2ebb7-8562-3728-8ba8-ec800da9360c): сайк доломал остальное
[09:37:37] ItsFartunaRu (87aa0b4c-629f-3cae-a9c4-787ca2fa3e21): тогда я сломаю грудак
[09:37:57] ItsFartunaRu (87aa0b4c-629f-3cae-a9c4-787ca2fa3e21): ашалел
[09:38:02] AviKgolD1 (fe9f4036-69b5-38be-a9c3-1d860d8c4398): не трожь даунов
[09:38:12] ItsFartunaRu (87aa0b4c-629f-3cae-a9c4-787ca2fa3e21): откуда
[09:38:13] ItsFartunaRu (87aa0b4c-629f-3cae-a9c4-787ca2fa3e21): мой
[09:38:15] ItsFartunaRu (87aa0b4c-629f-3cae-a9c4-787ca2fa3e21): трезуб
[09:38:20] ItsFartunaRu (87aa0b4c-629f-3cae-a9c4-787ca2fa3e21): сайк дал да
[09:38:26] RunishYT (deb2ebb7-8562-3728-8ba8-ec800da9360c): отдай ресы еблан
[09:38:55] ItsFartunaRu (87aa0b4c-629f-3cae-a9c4-787ca2fa3e21): кароч руина тебе пизда после суда
[09:38:59] ItsFartunaRu (87aa0b4c-629f-3cae-a9c4-787ca2fa3e21): убью до твоего бана
[09:39:43] AviKgolD1 (fe9f4036-69b5-38be-a9c3-1d860d8c4398): фартуна в гс
[09:39:54] ItsFartunaRu (87aa0b4c-629f-3cae-a9c4-787ca2fa3e21): ноу суда ещё нету
[09:40:03] AviKgolD1 (fe9f4036-69b5-38be-a9c3-1d860d8c4398): расскажу историю короче
[09:40:04] LightNight010 (b404b429-ad5e-3cdf-9b17-af0796003c67): фартук гс надо
[09:40:20] ItsFartunaRu (87aa0b4c-629f-3cae-a9c4-787ca2fa3e21): блять че у меня с энтити
[09:41:11] ItsFartunaRu (87aa0b4c-629f-3cae-a9c4-787ca2fa3e21): руина
[09:41:17] ItsFartunaRu (87aa0b4c-629f-3cae-a9c4-787ca2fa3e21): фиол шалк твой?
[09:41:25] RunishYT (deb2ebb7-8562-3728-8ba8-ec800da9360c): да
[09:41:31] ItsFartunaRu (87aa0b4c-629f-3cae-a9c4-787ca2fa3e21): че в нём лежит
[09:41:36] AviKgolD1 (fe9f4036-69b5-38be-a9c3-1d860d8c4398): сжигай
[09:41:37] ItsFartunaRu (87aa0b4c-629f-3cae-a9c4-787ca2fa3e21): скок трезубов
[09:41:43] RunishYT (deb2ebb7-8562-3728-8ba8-ec800da9360c): их несколько
[09:41:48] ItsFartunaRu (87aa0b4c-629f-3cae-a9c4-787ca2fa3e21): в шалкере
[09:41:52] RunishYT (deb2ebb7-8562-3728-8ba8-ec800da9360c): 2 трезубца меч револьвер рун
[09:41:57] RunishYT (deb2ebb7-8562-3728-8ba8-ec800da9360c): морковь золотая
[09:42:03] ItsFartunaRu (87aa0b4c-629f-3cae-a9c4-787ca2fa3e21): тут меча нету
[09:42:04] RunishYT (deb2ebb7-8562-3728-8ba8-ec800da9360c): еще много чего
[09:42:07] ItsFartunaRu (87aa0b4c-629f-3cae-a9c4-787ca2fa3e21): 1 трезуб
[09:42:09] RunishYT (deb2ebb7-8562-3728-8ba8-ec800da9360c): а блять он у мння
[09:42:28] RunishYT (deb2ebb7-8562-3728-8ba8-ec800da9360c): у меня их было 4 ну да лабно
[09:42:38] ItsFartunaRu (87aa0b4c-629f-3cae-a9c4-787ca2fa3e21): 2 мои
[09:43:27] ItsFartunaRu (87aa0b4c-629f-3cae-a9c4-787ca2fa3e21): авик гоу кибербуллить лайта
[09:43:33] ItsFartunaRu (87aa0b4c-629f-3cae-a9c4-787ca2fa3e21): на крыше ада
[09:44:26] ItsFartunaRu (87aa0b4c-629f-3cae-a9c4-787ca2fa3e21): рейд шадов ледженс
[09:46:11] ItsFartunaRu (87aa0b4c-629f-3cae-a9c4-787ca2fa3e21): погнали гриф руины
[09:47:51] ItsFartunaRu (87aa0b4c-629f-3cae-a9c4-787ca2fa3e21): делай гриф
[09:47:58] LightNight010 (b404b429-ad5e-3cdf-9b17-af0796003c67): фартук обсы дай
[09:48:42] ItsFartunaRu (87aa0b4c-629f-3cae-a9c4-787ca2fa3e21): ты не правильно взрываешь
[09:48:50] ItsFartunaRu (87aa0b4c-629f-3cae-a9c4-787ca2fa3e21): над чтобы игрок
[09:48:50] AviKgolD1 (fe9f4036-69b5-38be-a9c3-1d860d8c4398): я знаю
[09:48:57] ItsFartunaRu (87aa0b4c-629f-3cae-a9c4-787ca2fa3e21): был на уровне кристалла
[09:49:01] AviKgolD1 (fe9f4036-69b5-38be-a9c3-1d860d8c4398): задержка
[09:49:20] ItsFartunaRu (87aa0b4c-629f-3cae-a9c4-787ca2fa3e21): вот так я урона мало получу
[09:49:21] ItsFartunaRu (87aa0b4c-629f-3cae-a9c4-787ca2fa3e21): вроде
[09:49:26] AviKgolD1 (fe9f4036-69b5-38be-a9c3-1d860d8c4398): я знаю
[09:49:27] ItsFartunaRu (87aa0b4c-629f-3cae-a9c4-787ca2fa3e21): а ты дахуя
[09:49:49] AviKgolD1 (fe9f4036-69b5-38be-a9c3-1d860d8c4398): я вчера так руину снёс
[09:49:56] ItsFartunaRu (87aa0b4c-629f-3cae-a9c4-787ca2fa3e21): капец рп миниайтемс крутой
[09:50:04] AviKgolD1 (fe9f4036-69b5-38be-a9c3-1d860d8c4398): сначала -шлем ему потом крисами взорвал
[09:50:09] ItsFartunaRu (87aa0b4c-629f-3cae-a9c4-787ca2fa3e21): харош
[09:50:44] AviKgolD1 (fe9f4036-69b5-38be-a9c3-1d860d8c4398): ты потом на ферме пороха в афка постой
[09:50:50] AviKgolD1 (fe9f4036-69b5-38be-a9c3-1d860d8c4398): если будешь афк
[09:50:51] ItsFartunaRu (87aa0b4c-629f-3cae-a9c4-787ca2fa3e21): зачем
[09:50:54] ItsFartunaRu (87aa0b4c-629f-3cae-a9c4-787ca2fa3e21): но лан
[09:50:57] AviKgolD1 (fe9f4036-69b5-38be-a9c3-1d860d8c4398): там норм приносит
[09:51:03] ItsFartunaRu (87aa0b4c-629f-3cae-a9c4-787ca2fa3e21): я уже нафармил кучу
[09:51:06] ItsFartunaRu (87aa0b4c-629f-3cae-a9c4-787ca2fa3e21): с фермы гастов
[09:51:09] AviKgolD1 (fe9f4036-69b5-38be-a9c3-1d860d8c4398): незерит хочу добывать
[09:51:11] ItsFartunaRu (87aa0b4c-629f-3cae-a9c4-787ca2fa3e21): на ночь оставил
[09:51:17] ItsFartunaRu (87aa0b4c-629f-3cae-a9c4-787ca2fa3e21): думал подожду бредлю
[09:51:19] ItsFartunaRu (87aa0b4c-629f-3cae-a9c4-787ca2fa3e21): но сука
[09:51:23] ItsFartunaRu (87aa0b4c-629f-3cae-a9c4-787ca2fa3e21): он даже не зашёл
[09:51:31] ItsFartunaRu (87aa0b4c-629f-3cae-a9c4-787ca2fa3e21): а я кароч отрубился к2
[09:51:31] AviKgolD1 (fe9f4036-69b5-38be-a9c3-1d860d8c4398): ахахах норм
[09:51:37] AviKgolD1 (fe9f4036-69b5-38be-a9c3-1d860d8c4398): а я уснул тогда
[09:52:03] AviKgolD1 (fe9f4036-69b5-38be-a9c3-1d860d8c4398): я пошел делать геплики
[09:52:32] ItsFartunaRu (87aa0b4c-629f-3cae-a9c4-787ca2fa3e21): точняк над сделать
[09:53:53] ItsFartunaRu (87aa0b4c-629f-3cae-a9c4-787ca2fa3e21): а бля у меня обычные яблоки
[09:53:55] ItsFartunaRu (87aa0b4c-629f-3cae-a9c4-787ca2fa3e21): еблан взорвал
[09:54:07] AviKgolD1 (fe9f4036-69b5-38be-a9c3-1d860d8c4398): у житаков купи
[09:54:14] ItsFartunaRu (87aa0b4c-629f-3cae-a9c4-787ca2fa3e21): взорвал
[09:54:37] AviKgolD1 (fe9f4036-69b5-38be-a9c3-1d860d8c4398): у меня купи
[10:01:04] AviKgolD1 (fe9f4036-69b5-38be-a9c3-1d860d8c4398): я принес яблоки
[10:01:14] ItsFartunaRu (87aa0b4c-629f-3cae-a9c4-787ca2fa3e21): я кароч пошёл в магаз
[10:01:18] ItsFartunaRu (87aa0b4c-629f-3cae-a9c4-787ca2fa3e21): тебе фармилка нужна?
[10:01:29] AviKgolD1 (fe9f4036-69b5-38be-a9c3-1d860d8c4398): не
[10:01:35] ItsFartunaRu (87aa0b4c-629f-3cae-a9c4-787ca2fa3e21): прост в афк поставить для фарма золота
[10:01:43] AviKgolD1 (fe9f4036-69b5-38be-a9c3-1d860d8c4398): ок
[10:02:19] ItsFartunaRu (87aa0b4c-629f-3cae-a9c4-787ca2fa3e21): вау 51 лвл за 3 мин
[10:08:01] ItsFartunaRu (87aa0b4c-629f-3cae-a9c4-787ca2fa3e21): прикинь дрпэ сделали свою ванилу
[10:08:13] ItsFartunaRu (87aa0b4c-629f-3cae-a9c4-787ca2fa3e21): зовут в адмены
[10:08:14] AviKgolD1 (fe9f4036-69b5-38be-a9c3-1d860d8c4398): норм
[10:08:35] AviKgolD1 (fe9f4036-69b5-38be-a9c3-1d860d8c4398): ванила бедрок?
[10:08:38] ItsFartunaRu (87aa0b4c-629f-3cae-a9c4-787ca2fa3e21): да
[10:08:47] ItsFartunaRu (87aa0b4c-629f-3cae-a9c4-787ca2fa3e21): но похуй они не умеют делать ванилу
[10:08:54] AviKgolD1 (fe9f4036-69b5-38be-a9c3-1d860d8c4398): там админить пздц
[10:08:56] ItsFartunaRu (87aa0b4c-629f-3cae-a9c4-787ca2fa3e21): ток пэвэпэ сервера
[10:09:09] AviKgolD1 (fe9f4036-69b5-38be-a9c3-1d860d8c4398): CoreProtect нема на бедрок
[10:09:42] ItsFartunaRu (87aa0b4c-629f-3cae-a9c4-787ca2fa3e21): я вкурс
[10:10:35] ItsFartunaRu (87aa0b4c-629f-3cae-a9c4-787ca2fa3e21): кароч похуй я всёрн не вернусь на эт проект
[10:11:52] AviKgolD1 (fe9f4036-69b5-38be-a9c3-1d860d8c4398): кдминить бедрок ванилу ещё бесмыслее чем админить школосервер с креативом за 15 руб
[10:11:54] ItsFartunaRu (87aa0b4c-629f-3cae-a9c4-787ca2fa3e21): ХПАХХВАП овнер гений
[10:38:35] ItsFartunaRu (87aa0b4c-629f-3cae-a9c4-787ca2fa3e21): ливни
[10:38:47] ItsFartunaRu (87aa0b4c-629f-3cae-a9c4-787ca2fa3e21): нахуя зошол
[10:48:21] ItsFartunaRu (87aa0b4c-629f-3cae-a9c4-787ca2fa3e21): авик гоу пэвэпэ
[10:48:27] ItsFartunaRu (87aa0b4c-629f-3cae-a9c4-787ca2fa3e21): руина прост лёгкий
[10:50:08] ItsFartunaRu (87aa0b4c-629f-3cae-a9c4-787ca2fa3e21): гоу пэвэпэ
[10:50:38] AviKgolD1 (fe9f4036-69b5-38be-a9c3-1d860d8c4398): где бл
[10:50:42] ItsFartunaRu (87aa0b4c-629f-3cae-a9c4-787ca2fa3e21): зассал
[10:50:43] AviKgolD1 (fe9f4036-69b5-38be-a9c3-1d860d8c4398): руниш
[10:50:53] RunishYT (deb2ebb7-8562-3728-8ba8-ec800da9360c): чиню нагрудник
[10:50:58] AviKgolD1 (fe9f4036-69b5-38be-a9c3-1d860d8c4398): 500 на 500 крыша ада
[10:51:21] ItsFartunaRu (87aa0b4c-629f-3cae-a9c4-787ca2fa3e21): эээ откуда такие стрелы
[10:51:28] AviKgolD1 (fe9f4036-69b5-38be-a9c3-1d860d8c4398): сделал
[10:51:34] ItsFartunaRu (87aa0b4c-629f-3cae-a9c4-787ca2fa3e21): продавай
[10:51:40] AviKgolD1 (fe9f4036-69b5-38be-a9c3-1d860d8c4398): я прост выбрал викингов
[10:51:44] ItsFartunaRu (87aa0b4c-629f-3cae-a9c4-787ca2fa3e21): уф
[10:51:56] AviKgolD1 (fe9f4036-69b5-38be-a9c3-1d860d8c4398): я немного афк
[10:52:01] ItsFartunaRu (87aa0b4c-629f-3cae-a9c4-787ca2fa3e21): он идёт
[10:53:45] RunishYT (deb2ebb7-8562-3728-8ba8-ec800da9360c): ало
[10:53:57] RunishYT (deb2ebb7-8562-3728-8ba8-ec800da9360c): ало
[10:53:58] RunishYT (deb2ebb7-8562-3728-8ba8-ec800da9360c): ало
[10:53:59] RunishYT (deb2ebb7-8562-3728-8ba8-ec800da9360c): ало
[10:53:59] RunishYT (deb2ebb7-8562-3728-8ba8-ec800da9360c): ало
[10:54:13] ItsFartunaRu (87aa0b4c-629f-3cae-a9c4-787ca2fa3e21): че над
[10:54:29] ItsFartunaRu (87aa0b4c-629f-3cae-a9c4-787ca2fa3e21): готов взорваться
[10:54:32] RunishYT (deb2ebb7-8562-3728-8ba8-ec800da9360c): ало
[10:54:33] RunishYT (deb2ebb7-8562-3728-8ba8-ec800da9360c): ало
[10:54:33] RunishYT (deb2ebb7-8562-3728-8ba8-ec800da9360c): ало
[10:54:34] RunishYT (deb2ebb7-8562-3728-8ba8-ec800da9360c): ало
[10:54:34] RunishYT (deb2ebb7-8562-3728-8ba8-ec800da9360c): ало
[10:54:52] ItsFartunaRu (87aa0b4c-629f-3cae-a9c4-787ca2fa3e21): хуле у меня незер меч
[10:54:59] ItsFartunaRu (87aa0b4c-629f-3cae-a9c4-787ca2fa3e21): подписан как алмаз
[10:55:05] RunishYT (deb2ebb7-8562-3728-8ba8-ec800da9360c): ахуел верни
[10:55:11] RunishYT (deb2ebb7-8562-3728-8ba8-ec800da9360c): это мой
[10:55:21] ItsFartunaRu (87aa0b4c-629f-3cae-a9c4-787ca2fa3e21): эт тот с килла тогда
[10:55:44] RunishYT (deb2ebb7-8562-3728-8ba8-ec800da9360c): бля пиши получше чел нихуя не понятно
[10:55:53] ItsFartunaRu (87aa0b4c-629f-3cae-a9c4-787ca2fa3e21): щас кильну
[10:55:59] RunishYT (deb2ebb7-8562-3728-8ba8-ec800da9360c): пошел нахуй
[10:58:47] RunishYT (deb2ebb7-8562-3728-8ba8-ec800da9360c): чо он стоит
[10:58:59] ItsFartunaRu (87aa0b4c-629f-3cae-a9c4-787ca2fa3e21): купается с мамой
[10:59:02] ItsFartunaRu (87aa0b4c-629f-3cae-a9c4-787ca2fa3e21): ой точнее отошёл
[10:59:05] RunishYT (deb2ebb7-8562-3728-8ba8-ec800da9360c): ладно
[11:00:58] ItsFartunaRu (87aa0b4c-629f-3cae-a9c4-787ca2fa3e21): оцени килл
[11:01:01] ItsFartunaRu (87aa0b4c-629f-3cae-a9c4-787ca2fa3e21): через блоки
[11:01:28] RunishYT (deb2ebb7-8562-3728-8ba8-ec800da9360c): namalna
[11:01:33] ItsFartunaRu (87aa0b4c-629f-3cae-a9c4-787ca2fa3e21): сука 3
[11:01:34] ItsFartunaRu (87aa0b4c-629f-3cae-a9c4-787ca2fa3e21): хп
[11:01:41] ItsFartunaRu (87aa0b4c-629f-3cae-a9c4-787ca2fa3e21): отдавай лук
[11:01:44] RunishYT (deb2ebb7-8562-3728-8ba8-ec800da9360c): нахуя я заходил
[11:01:47] ItsFartunaRu (87aa0b4c-629f-3cae-a9c4-787ca2fa3e21): это мой да
[11:01:58] ItsFartunaRu (87aa0b4c-629f-3cae-a9c4-787ca2fa3e21): не этот
[11:02:00] ItsFartunaRu (87aa0b4c-629f-3cae-a9c4-787ca2fa3e21): таджик
[11:02:04] RunishYT (deb2ebb7-8562-3728-8ba8-ec800da9360c): другого нет
[11:02:10] ItsFartunaRu (87aa0b4c-629f-3cae-a9c4-787ca2fa3e21): я ток что видел ебл
[11:04:50] ItsFartunaRu (87aa0b4c-629f-3cae-a9c4-787ca2fa3e21): я кароч пошёл с лайтом на ватер
[11:31:58] LightNight010 (b404b429-ad5e-3cdf-9b17-af0796003c67): я опоздал на суд?
[11:32:07] ItsFartunaRu (87aa0b4c-629f-3cae-a9c4-787ca2fa3e21): хз
[11:32:11] ItsFartunaRu (87aa0b4c-629f-3cae-a9c4-787ca2fa3e21): судавроде не было
[17:06:06] AviKgolD1 (fe9f4036-69b5-38be-a9c3-1d860d8c4398): не могу
[17:06:11] AviKgolD1 (fe9f4036-69b5-38be-a9c3-1d860d8c4398): позже
[17:06:22] AviKgolD1 (fe9f4036-69b5-38be-a9c3-1d860d8c4398): бл ок
[17:07:41] ItsFartunaRu (87aa0b4c-629f-3cae-a9c4-787ca2fa3e21): погнали в клан дс
[17:07:49] ItsFartunaRu (87aa0b4c-629f-3cae-a9c4-787ca2fa3e21): скажи авику чтобы добавил на время
[22:53:33] Bradly378 (9ab93dfb-1454-3bb1-b47f-700f714534a9): ебать тут бомбандировка
[22:53:44] Bradly378 (9ab93dfb-1454-3bb1-b47f-700f714534a9): ебать тут бомбандировка
[22:58:00] ItsFartunaRu (87aa0b4c-629f-3cae-a9c4-787ca2fa3e21): блять че
[22:58:08] ItsFartunaRu (87aa0b4c-629f-3cae-a9c4-787ca2fa3e21): ашалел
[22:58:15] ItsFartunaRu (87aa0b4c-629f-3cae-a9c4-787ca2fa3e21): где ресес
[22:58:19] Bradly378 (9ab93dfb-1454-3bb1-b47f-700f714534a9): у меня
[22:58:24] Bradly378 (9ab93dfb-1454-3bb1-b47f-700f714534a9): тебя досожатель ебанулэц
[22:58:32] ItsFartunaRu (87aa0b4c-629f-3cae-a9c4-787ca2fa3e21): о блять
[22:58:36] ItsFartunaRu (87aa0b4c-629f-3cae-a9c4-787ca2fa3e21): самое важное
[22:58:47] ItsFartunaRu (87aa0b4c-629f-3cae-a9c4-787ca2fa3e21): биляяяяяяяяяяяяяяяяяяяяяяяяяяяяяяяяяяяяяяяяяяяяяяяя
[22:58:56] ItsFartunaRu (87aa0b4c-629f-3cae-a9c4-787ca2fa3e21): хуёвый откат
[22:59:01] Bradly378 (9ab93dfb-1454-3bb1-b47f-700f714534a9): ?
[22:59:05] ItsFartunaRu (87aa0b4c-629f-3cae-a9c4-787ca2fa3e21): слишком много откатил
[22:59:11] Bradly378 (9ab93dfb-1454-3bb1-b47f-700f714534a9): далеко?
[22:59:14] ItsFartunaRu (87aa0b4c-629f-3cae-a9c4-787ca2fa3e21): да
[22:59:28] Bradly378 (9ab93dfb-1454-3bb1-b47f-700f714534a9): уф
[22:59:29] ItsFartunaRu (87aa0b4c-629f-3cae-a9c4-787ca2fa3e21): нихуясе права
[22:59:44] Bradly378 (9ab93dfb-1454-3bb1-b47f-700f714534a9): так щас не не 10 дней ебауна на 3
[22:59:55] ItsFartunaRu (87aa0b4c-629f-3cae-a9c4-787ca2fa3e21): голова декак тоже сдохла
[23:00:18] [CAPS] ItsFartunaRu (87aa0b4c-629f-3cae-a9c4-787ca2fa3e21): хпвапхпхв че
[23:00:21] ItsFartunaRu (87aa0b4c-629f-3cae-a9c4-787ca2fa3e21): чекни гору
[23:00:32] Bradly378 (9ab93dfb-1454-3bb1-b47f-700f714534a9): так?
[23:01:00] ItsFartunaRu (87aa0b4c-629f-3cae-a9c4-787ca2fa3e21): жесть
[23:01:17] Bradly378 (9ab93dfb-1454-3bb1-b47f-700f714534a9): так или раеньше?
[23:01:19] ItsFartunaRu (87aa0b4c-629f-3cae-a9c4-787ca2fa3e21): че с порталом
[23:01:26] ItsFartunaRu (87aa0b4c-629f-3cae-a9c4-787ca2fa3e21): вроде так
[23:01:30] ItsFartunaRu (87aa0b4c-629f-3cae-a9c4-787ca2fa3e21): убей лохов
[23:02:24] [CAPS] ItsFartunaRu (87aa0b4c-629f-3cae-a9c4-787ca2fa3e21): блтяьтаьыта
[23:02:27] Bradly378 (9ab93dfb-1454-3bb1-b47f-700f714534a9): -_-
[23:04:02] ItsFartunaRu (87aa0b4c-629f-3cae-a9c4-787ca2fa3e21): делай выж
[23:04:12] ItsFartunaRu (87aa0b4c-629f-3cae-a9c4-787ca2fa3e21): о да
[23:04:20] Bradly378 (9ab93dfb-1454-3bb1-b47f-700f714534a9): мдааа
[23:04:37] Bradly378 (9ab93dfb-1454-3bb1-b47f-700f714534a9): сюда
[23:05:31] ItsFartunaRu (87aa0b4c-629f-3cae-a9c4-787ca2fa3e21): биля минус голова декак
[23:06:52] Bradly378 (9ab93dfb-1454-3bb1-b47f-700f714534a9): вылечи их
[23:07:10] ItsFartunaRu (87aa0b4c-629f-3cae-a9c4-787ca2fa3e21): а где
[23:07:14] Bradly378 (9ab93dfb-1454-3bb1-b47f-700f714534a9): сдюда
[23:07:22] ItsFartunaRu (87aa0b4c-629f-3cae-a9c4-787ca2fa3e21): че
[23:07:29] ItsFartunaRu (87aa0b4c-629f-3cae-a9c4-787ca2fa3e21): аче их 2
[23:07:32] Bradly378 (9ab93dfb-1454-3bb1-b47f-700f714534a9): пох
[23:07:51] ItsFartunaRu (87aa0b4c-629f-3cae-a9c4-787ca2fa3e21): воу
[23:07:53] ItsFartunaRu (87aa0b4c-629f-3cae-a9c4-787ca2fa3e21): чекай
[23:08:10] ItsFartunaRu (87aa0b4c-629f-3cae-a9c4-787ca2fa3e21): портал с алика
[23:10:56] Bradly378 (9ab93dfb-1454-3bb1-b47f-700f714534a9): перебои инета
[23:11:59] ItsFartunaRu (87aa0b4c-629f-3cae-a9c4-787ca2fa3e21): кароч теперь у нас есть ещё 2 маяка
[23:13:32] ItsFartunaRu (87aa0b4c-629f-3cae-a9c4-787ca2fa3e21): погнали делать тройной маяк
[23:15:00] Bradly378 (9ab93dfb-1454-3bb1-b47f-700f714534a9): я думал в другом месте но лан
[23:15:07] ItsFartunaRu (87aa0b4c-629f-3cae-a9c4-787ca2fa3e21): в каком
[23:15:13] Bradly378 (9ab93dfb-1454-3bb1-b47f-700f714534a9): лан забей
[23:15:30] Bradly378 (9ab93dfb-1454-3bb1-b47f-700f714534a9): сверху алм блоки как наебалово
[23:16:15] Bradly378 (9ab93dfb-1454-3bb1-b47f-700f714534a9): 6 буде в будущем
[23:17:17] ItsFartunaRu (87aa0b4c-629f-3cae-a9c4-787ca2fa3e21): биля какие алм блоки
[23:18:08] ItsFartunaRu (87aa0b4c-629f-3cae-a9c4-787ca2fa3e21): вроде норм
[23:19:23] ItsFartunaRu (87aa0b4c-629f-3cae-a9c4-787ca2fa3e21): чекай
[23:19:25] Bradly378 (9ab93dfb-1454-3bb1-b47f-700f714534a9): вроде всё ок
[23:19:29] ItsFartunaRu (87aa0b4c-629f-3cae-a9c4-787ca2fa3e21): немного слёз гаст
[23:19:48] Bradly378 (9ab93dfb-1454-3bb1-b47f-700f714534a9): ладно
[23:20:09] Bradly378 (9ab93dfb-1454-3bb1-b47f-700f714534a9): эммммммммммм
[23:20:13] ItsFartunaRu (87aa0b4c-629f-3cae-a9c4-787ca2fa3e21): чо
[23:20:14] Bradly378 (9ab93dfb-1454-3bb1-b47f-700f714534a9): втф
[23:20:22] ItsFartunaRu (87aa0b4c-629f-3cae-a9c4-787ca2fa3e21): там друг кароч хату сделал
[23:20:33] Bradly378 (9ab93dfb-1454-3bb1-b47f-700f714534a9): зач
[23:20:36] ItsFartunaRu (87aa0b4c-629f-3cae-a9c4-787ca2fa3e21): хз
[23:20:39] Bradly378 (9ab93dfb-1454-3bb1-b47f-700f714534a9): смысл
[23:20:54] Bradly378 (9ab93dfb-1454-3bb1-b47f-700f714534a9): как еда нет смысла как изюмы тоже
[23:20:57] Bradly378 (9ab93dfb-1454-3bb1-b47f-700f714534a9): зачем тогд
[23:21:23] ItsFartunaRu (87aa0b4c-629f-3cae-a9c4-787ca2fa3e21): нифигасе
[23:21:25] ItsFartunaRu (87aa0b4c-629f-3cae-a9c4-787ca2fa3e21): пороха
[23:21:34] ItsFartunaRu (87aa0b4c-629f-3cae-a9c4-787ca2fa3e21): биля
[23:23:07] ItsFartunaRu (87aa0b4c-629f-3cae-a9c4-787ca2fa3e21): почти фулл сундук пороха
[23:23:36] Bradly378 (9ab93dfb-1454-3bb1-b47f-700f714534a9): сделай место для лута по типу как для тыкв и чтоб было где сздаи сделать вагонетки и всё такое
[23:23:47] ItsFartunaRu (87aa0b4c-629f-3cae-a9c4-787ca2fa3e21): чо
[23:30:46] Bradly378 (9ab93dfb-1454-3bb1-b47f-700f714534a9): таймеры на воронках умеешь делать?
[23:30:51] ItsFartunaRu (87aa0b4c-629f-3cae-a9c4-787ca2fa3e21): не
[23:32:26] ItsFartunaRu (87aa0b4c-629f-3cae-a9c4-787ca2fa3e21): эточо
[23:32:34] Bradly378 (9ab93dfb-1454-3bb1-b47f-700f714534a9): ну как думаешь?
[23:32:39] ItsFartunaRu (87aa0b4c-629f-3cae-a9c4-787ca2fa3e21): у авика уэе есть фармилка
[23:32:47] ItsFartunaRu (87aa0b4c-629f-3cae-a9c4-787ca2fa3e21): нихуясе на улице светло
[23:32:52] Bradly378 (9ab93dfb-1454-3bb1-b47f-700f714534a9): будет ещё
[23:34:18] ItsFartunaRu (87aa0b4c-629f-3cae-a9c4-787ca2fa3e21): стоп че
[23:34:22] ItsFartunaRu (87aa0b4c-629f-3cae-a9c4-787ca2fa3e21): у моего трезуба
[23:34:25] ItsFartunaRu (87aa0b4c-629f-3cae-a9c4-787ca2fa3e21): другие чары
[23:34:49] ItsFartunaRu (87aa0b4c-629f-3cae-a9c4-787ca2fa3e21): чо за фигня
[23:34:51] Bradly378 (9ab93dfb-1454-3bb1-b47f-700f714534a9): ничё не зна., дал тебе то что из тя выпало
[23:35:07] ItsFartunaRu (87aa0b4c-629f-3cae-a9c4-787ca2fa3e21): сук сайк еблан
[23:36:02] ItsFartunaRu (87aa0b4c-629f-3cae-a9c4-787ca2fa3e21): над притащить шалкера
[23:36:19] Bradly378 (9ab93dfb-1454-3bb1-b47f-700f714534a9): а вы же его тащили уже
[23:36:23] ItsFartunaRu (87aa0b4c-629f-3cae-a9c4-787ca2fa3e21): ноу
[23:37:05] Bradly378 (9ab93dfb-1454-3bb1-b47f-700f714534a9): ты на парагоне есть?
[23:37:09] ItsFartunaRu (87aa0b4c-629f-3cae-a9c4-787ca2fa3e21): ноу
[23:37:26] Bradly378 (9ab93dfb-1454-3bb1-b47f-700f714534a9): жаль, хотел бы с тобой лаг машину доделать
[23:39:41] ItsFartunaRu (87aa0b4c-629f-3cae-a9c4-787ca2fa3e21): над слетать на фармилку визер роз
[23:39:44] Bradly378 (9ab93dfb-1454-3bb1-b47f-700f714534a9): эй
[23:39:50] ItsFartunaRu (87aa0b4c-629f-3cae-a9c4-787ca2fa3e21): биляяяяя
[23:40:23] Bradly378 (9ab93dfb-1454-3bb1-b47f-700f714534a9): пушка с само наведением
[23:40:32] Bradly378 (9ab93dfb-1454-3bb1-b47f-700f714534a9): ахахаа
[23:41:26] Bradly378 (9ab93dfb-1454-3bb1-b47f-700f714534a9): это за абьюх сайко обратка
[23:41:33] ItsFartunaRu (87aa0b4c-629f-3cae-a9c4-787ca2fa3e21): ладно
[23:41:38] Bradly378 (9ab93dfb-1454-3bb1-b47f-700f714534a9): и кати что они делали
[23:41:41] ItsFartunaRu (87aa0b4c-629f-3cae-a9c4-787ca2fa3e21): над закрыть кароч
[23:41:53] Bradly378 (9ab93dfb-1454-3bb1-b47f-700f714534a9): я не могу долго играть так бы притащил бы
[23:42:04] Bradly378 (9ab93dfb-1454-3bb1-b47f-700f714534a9): у меня в день 4ч грую говоря норм инета
[23:46:34] ItsFartunaRu (87aa0b4c-629f-3cae-a9c4-787ca2fa3e21): аче не понял
[23:46:38] ItsFartunaRu (87aa0b4c-629f-3cae-a9c4-787ca2fa3e21): почему не
[23:52:48] Bradly378 (9ab93dfb-1454-3bb1-b47f-700f714534a9): брось каку
[23:59:23] Bradly378 (9ab93dfb-1454-3bb1-b47f-700f714534a9): фартун ацини
[23:59:38] ItsFartunaRu (87aa0b4c-629f-3cae-a9c4-787ca2fa3e21): норм
[23:59:52] Bradly378 (9ab93dfb-1454-3bb1-b47f-700f714534a9): побыстрее будет тк обычный камень
[23:59:57] ItsFartunaRu (87aa0b4c-629f-3cae-a9c4-787ca2fa3e21): мы сделали
