[08:58:06] iammarty409 (ffe3f01e-3945-3223-a00c-de46a1cc218d): Lf
[08:58:09] iammarty409 (ffe3f01e-3945-3223-a00c-de46a1cc218d): Кью
[09:03:09] iammarty409 (ffe3f01e-3945-3223-a00c-de46a1cc218d): Мм
[09:03:11] iammarty409 (ffe3f01e-3945-3223-a00c-de46a1cc218d): Мм
[09:03:37] iammarty409 (ffe3f01e-3945-3223-a00c-de46a1cc218d): да.. привет
[09:03:53] iammarty409 (ffe3f01e-3945-3223-a00c-de46a1cc218d): Нормально вроде
[09:05:14] iammarty409 (ffe3f01e-3945-3223-a00c-de46a1cc218d): ?
[09:05:28] iammarty409 (ffe3f01e-3945-3223-a00c-de46a1cc218d): а
[09:05:30] iammarty409 (ffe3f01e-3945-3223-a00c-de46a1cc218d): Давай)
[09:06:42] saikonohack (61d3e846-cfe0-3e5b-b41b-772c1020819e): всё
[09:07:11] iammarty409 (ffe3f01e-3945-3223-a00c-de46a1cc218d): чо за Q в табе
[09:07:37] saikonohack (61d3e846-cfe0-3e5b-b41b-772c1020819e): тестурпак если поставишь, появятся измерения
[09:07:53] iammarty409 (ffe3f01e-3945-3223-a00c-de46a1cc218d): де он
[09:07:59] saikonohack (61d3e846-cfe0-3e5b-b41b-772c1020819e): в дс
[09:08:06] iammarty409 (ffe3f01e-3945-3223-a00c-de46a1cc218d): бля ладно.
[09:08:15] iammarty409 (ffe3f01e-3945-3223-a00c-de46a1cc218d): Ачо по онлайну так мало
[09:08:22] saikonohack (61d3e846-cfe0-3e5b-b41b-772c1020819e): день, понедельник
[09:09:28] iammarty409 (ffe3f01e-3945-3223-a00c-de46a1cc218d): ищу остров посреди океана 10 часов.
[09:10:21] iammarty409 (ffe3f01e-3945-3223-a00c-de46a1cc218d): Неа
[09:10:32] iammarty409 (ffe3f01e-3945-3223-a00c-de46a1cc218d): Это сервер админа хоста
[09:10:34] iammarty409 (ffe3f01e-3945-3223-a00c-de46a1cc218d): Типо тестовый
[09:11:00] iammarty409 (ffe3f01e-3945-3223-a00c-de46a1cc218d): Да.
[09:11:45] iammarty409 (ffe3f01e-3945-3223-a00c-de46a1cc218d): там айпи другой
[09:13:37] iammarty409 (ffe3f01e-3945-3223-a00c-de46a1cc218d): биляяяяяяяяять
[09:13:40] iammarty409 (ffe3f01e-3945-3223-a00c-de46a1cc218d): я афк встал
[09:20:21] iammarty409 (ffe3f01e-3945-3223-a00c-de46a1cc218d): я не понимаю как по карте ориентироваться
