[07:37:18] AviKgolD1 (fe9f4036-69b5-38be-a9c3-1d860d8c4398): привет
[07:37:31] RunishYT (deb2ebb7-8562-3728-8ba8-ec800da9360c): прив
[07:47:48] AviKgolD1 (fe9f4036-69b5-38be-a9c3-1d860d8c4398): привет
[07:47:57] RunishYT (deb2ebb7-8562-3728-8ba8-ec800da9360c): УХАДИ
[07:47:58] RunishYT (deb2ebb7-8562-3728-8ba8-ec800da9360c): УХАДИ
[07:48:00] RunishYT (deb2ebb7-8562-3728-8ba8-ec800da9360c): УХАДИ
[07:48:02] RunishYT (deb2ebb7-8562-3728-8ba8-ec800da9360c): УХАДИ
[07:48:03] RunishYT (deb2ebb7-8562-3728-8ba8-ec800da9360c): УХАДИ
[07:48:03] RunishYT (deb2ebb7-8562-3728-8ba8-ec800da9360c): УХАДИ
[07:48:04] RunishYT (deb2ebb7-8562-3728-8ba8-ec800da9360c): УХАДИ
[07:48:46] AviKgolD1 (fe9f4036-69b5-38be-a9c3-1d860d8c4398): потом
[09:35:17] AviKgolD1 (fe9f4036-69b5-38be-a9c3-1d860d8c4398): привет
[09:35:26] Exren3588 (6c446cc9-8057-3d23-bf8e-87a39b8040c4): привет
[09:35:48] AviKgolD1 (fe9f4036-69b5-38be-a9c3-1d860d8c4398): привет
[09:40:51] AviKgolD1 (fe9f4036-69b5-38be-a9c3-1d860d8c4398): что за админ абьюз?
[09:41:46] AviKgolD1 (fe9f4036-69b5-38be-a9c3-1d860d8c4398): Сейчас кину скрин
[11:34:59] main_PROBROVOVA (32124029-38f0-3378-abc8-3450cef05c3c): Кстати я немогу использовать PlayTime пишет у вас нет прав для использования этой команды
[11:36:20] main_PROBROVOVA (32124029-38f0-3378-abc8-3450cef05c3c): я в аду застрял на спавне
[11:36:34] main_PROBROVOVA (32124029-38f0-3378-abc8-3450cef05c3c): изза тупого зомби
[11:37:13] main_PROBROVOVA (32124029-38f0-3378-abc8-3450cef05c3c): только почему зомби взорвался ?
[11:45:53] main_PROBROVOVA (32124029-38f0-3378-abc8-3450cef05c3c): ку
[11:46:04] AviKgolD1 (fe9f4036-69b5-38be-a9c3-1d860d8c4398): привет
[11:46:21] main_PROBROVOVA (32124029-38f0-3378-abc8-3450cef05c3c): у тебя есть огниво ?
[11:46:32] AviKgolD1 (fe9f4036-69b5-38be-a9c3-1d860d8c4398): да
[11:46:56] main_PROBROVOVA (32124029-38f0-3378-abc8-3450cef05c3c): прейди на спавн в ад и зажги портал пж
[11:47:20] AviKgolD1 (fe9f4036-69b5-38be-a9c3-1d860d8c4398): ок снизу ад или сверху?
[11:47:33] main_PROBROVOVA (32124029-38f0-3378-abc8-3450cef05c3c): снизу
[11:48:20] main_PROBROVOVA (32124029-38f0-3378-abc8-3450cef05c3c): ку
[11:48:30] AviKgolD1 (fe9f4036-69b5-38be-a9c3-1d860d8c4398): привет
[11:48:45] AviKgolD1 (fe9f4036-69b5-38be-a9c3-1d860d8c4398): все иду
[11:48:50] RunishYT (deb2ebb7-8562-3728-8ba8-ec800da9360c): прив
[11:48:51] main_PROBROVOVA (32124029-38f0-3378-abc8-3450cef05c3c): ок
[11:49:17] main_PROBROVOVA (32124029-38f0-3378-abc8-3450cef05c3c): у тебя когданейбуть взрывался зомби ?
[11:50:38] AviKgolD1 (fe9f4036-69b5-38be-a9c3-1d860d8c4398): нет
[11:50:51] main_PROBROVOVA (32124029-38f0-3378-abc8-3450cef05c3c): что нет ?
[11:51:02] RunishYT (deb2ebb7-8562-3728-8ba8-ec800da9360c): вас в вайтлист экспериментов добавили?
[11:51:05] AviKgolD1 (fe9f4036-69b5-38be-a9c3-1d860d8c4398): зомби
[11:51:41] RunishYT (deb2ebb7-8562-3728-8ba8-ec800da9360c): вас в вайтлист экспериментов добавили?
[11:51:50] AviKgolD1 (fe9f4036-69b5-38be-a9c3-1d860d8c4398): я не заходил
[11:51:54] main_PROBROVOVA (32124029-38f0-3378-abc8-3450cef05c3c): ку
[11:51:56] RunishYT (deb2ebb7-8562-3728-8ba8-ec800da9360c): ты чо сделал
[11:52:06] main_PROBROVOVA (32124029-38f0-3378-abc8-3450cef05c3c): неповерьшь
[11:52:16] [CAPS] main_PROBROVOVA (32124029-38f0-3378-abc8-3450cef05c3c): зомби взорвался
[11:52:38] main_PROBROVOVA (32124029-38f0-3378-abc8-3450cef05c3c): спс
[11:52:49] RunishYT (deb2ebb7-8562-3728-8ba8-ec800da9360c): я же войну серверу обЪявил
[11:53:02] main_PROBROVOVA (32124029-38f0-3378-abc8-3450cef05c3c): ?
[11:53:43] main_PROBROVOVA (32124029-38f0-3378-abc8-3450cef05c3c): спс
[11:54:01] main_PROBROVOVA (32124029-38f0-3378-abc8-3450cef05c3c): ок
[12:01:59] AviKgolD1 (fe9f4036-69b5-38be-a9c3-1d860d8c4398): привет
