[05:57:09] Costelemental (d0fcacd3-9d82-3989-a28b-6768b857240e): привет
[05:57:17] GOLDENDUSST (a0ee3527-abbd-3f28-bd2e-ff7c77b23497): Прив
[05:57:54] GOLDENDUSST (a0ee3527-abbd-3f28-bd2e-ff7c77b23497): Попросили сделать хаб, а ч о если я сделаю его в стиле хаоса с помощью приванного визера на спавне
[05:58:48] Costelemental (d0fcacd3-9d82-3989-a28b-6768b857240e): ну хз, если думаешь что будет красиво делай, всегда же можно переделать
[05:59:10] Costelemental (d0fcacd3-9d82-3989-a28b-6768b857240e): в любом случае всегда можно переделать так что пофиг
[05:59:25] GOLDENDUSST (a0ee3527-abbd-3f28-bd2e-ff7c77b23497): Окееей летсгоу взрываю все визером
[08:42:47] RunishYT (deb2ebb7-8562-3728-8ba8-ec800da9360c): 4 стака аметиста
[08:43:12] GOLDENDUSST (a0ee3527-abbd-3f28-bd2e-ff7c77b23497): I am not a king, I am not a god, I am Чапля
[08:43:34] RunishYT (deb2ebb7-8562-3728-8ba8-ec800da9360c): я построю порт
[08:43:51] GOLDENDUSST (a0ee3527-abbd-3f28-bd2e-ff7c77b23497): I am not a king, I am not a god, I am
[08:43:56] GOLDENDUSST (a0ee3527-abbd-3f28-bd2e-ff7c77b23497): Чапля
[08:44:06] RunishYT (deb2ebb7-8562-3728-8ba8-ec800da9360c): пошел нахуй Чапля
[08:44:31] GOLDENDUSST (a0ee3527-abbd-3f28-bd2e-ff7c77b23497): Хуйперзалуп не строй еблан ты не умеешь красиво строить у тебя даже чувства вкуса нету
[08:44:47] RunishYT (deb2ebb7-8562-3728-8ba8-ec800da9360c): пачему??
[08:45:16] RunishYT (deb2ebb7-8562-3728-8ba8-ec800da9360c): эта хуйня вокруг трубы которая ведет в ферму эндерменов будет
[08:45:27] GOLDENDUSST (a0ee3527-abbd-3f28-bd2e-ff7c77b23497): Аааа
[08:45:32] GOLDENDUSST (a0ee3527-abbd-3f28-bd2e-ff7c77b23497): Тогда ладно
[08:45:47] RunishYT (deb2ebb7-8562-3728-8ba8-ec800da9360c): хайперлуп я же тебе говорил будет как у Илона Маска
[08:46:04] RunishYT (deb2ebb7-8562-3728-8ba8-ec800da9360c): Белый и снаружи будет баннерами написанно хайперлуп
[08:46:10] RunishYT (deb2ebb7-8562-3728-8ba8-ec800da9360c): на инглише
[08:46:21] GOLDENDUSST (a0ee3527-abbd-3f28-bd2e-ff7c77b23497): То есть как обнимашки в лифте с Эмбер Хёрд?
[08:46:38] RunishYT (deb2ebb7-8562-3728-8ba8-ec800da9360c): нэт
[08:46:50] RunishYT (deb2ebb7-8562-3728-8ba8-ec800da9360c): как обнимашки в лифте с Вэном Даркхолмом
[08:48:01] RunishYT (deb2ebb7-8562-3728-8ba8-ec800da9360c): можно построить каменные лица?
[08:48:20] GOLDENDUSST (a0ee3527-abbd-3f28-bd2e-ff7c77b23497): Если мне не понравится я их разъебу
[08:48:28] RunishYT (deb2ebb7-8562-3728-8ba8-ec800da9360c): :(
[08:48:39] RunishYT (deb2ebb7-8562-3728-8ba8-ec800da9360c): тогда я построю твое каменное лицо
[08:49:34] RunishYT (deb2ebb7-8562-3728-8ba8-ec800da9360c): я прийду через час
[08:49:41] GOLDENDUSST (a0ee3527-abbd-3f28-bd2e-ff7c77b23497): Куда
[08:49:54] RunishYT (deb2ebb7-8562-3728-8ba8-ec800da9360c): В репетиторскую
[08:50:04] GOLDENDUSST (a0ee3527-abbd-3f28-bd2e-ff7c77b23497): Ок
[08:50:33] RunishYT (deb2ebb7-8562-3728-8ba8-ec800da9360c): но для начала скину тебе хуйперлуп илона маска
[09:44:48] GOLDENDUSST (a0ee3527-abbd-3f28-bd2e-ff7c77b23497): Блять не online а ru
[10:14:01] GOLDENDUSST (a0ee3527-abbd-3f28-bd2e-ff7c77b23497): erchty ujdyj
[10:14:42] GOLDENDUSST (a0ee3527-abbd-3f28-bd2e-ff7c77b23497): Exren govno Ayanami Rey Лучше
[10:14:57] Exren3588 (6c446cc9-8057-3d23-bf8e-87a39b8040c4): согл, аянами топ
[10:15:00] Exren3588 (6c446cc9-8057-3d23-bf8e-87a39b8040c4): но аска лучше
[10:15:14] GOLDENDUSST (a0ee3527-abbd-3f28-bd2e-ff7c77b23497): Пиздеж
[10:15:58] GOLDENDUSST (a0ee3527-abbd-3f28-bd2e-ff7c77b23497): Аска эту цундере а аянами инцест каору гейство мисато милф или педофилия
[10:17:15] GOLDENDUSST (a0ee3527-abbd-3f28-bd2e-ff7c77b23497): У меня скин видее
[10:17:24] Exren3588 (6c446cc9-8057-3d23-bf8e-87a39b8040c4): нет
[10:17:28] GOLDENDUSST (a0ee3527-abbd-3f28-bd2e-ff7c77b23497): Бля
[10:18:29] GOLDENDUSST (a0ee3527-abbd-3f28-bd2e-ff7c77b23497): Зис ис май кингдом кам
[10:23:35] GOLDENDUSST (a0ee3527-abbd-3f28-bd2e-ff7c77b23497): ru?
[10:24:03] GOLDENDUSST (a0ee3527-abbd-3f28-bd2e-ff7c77b23497): Твоя база?
[10:33:22] GOLDENDUSST (a0ee3527-abbd-3f28-bd2e-ff7c77b23497): уууууууууууууууууууууууууууууууууууууууууууууууууууууууууууууууууууууууууууууууууууууууууууууууууууууууууууууу
[10:56:13] GOLDENDUSST (a0ee3527-abbd-3f28-bd2e-ff7c77b23497): цццццццццццццццццццццццццццццццццццццццццццццц
[10:56:33] GOLDENDUSST (a0ee3527-abbd-3f28-bd2e-ff7c77b23497): у
[12:02:27] RunishYT (deb2ebb7-8562-3728-8ba8-ec800da9360c): кажется я перепутал даты я должен был оказаться здесл 2 часа назад
[12:02:36] RunishYT (deb2ebb7-8562-3728-8ba8-ec800da9360c): а не я просто жрал
[15:04:06] JuLieonne (952eebf4-2781-38a2-87d6-2034dbee8995): У кого есть корды энда?
[16:29:37] GOLDENDUSST (a0ee3527-abbd-3f28-bd2e-ff7c77b23497): Привет нужна помощь? стартовый комплект бесплатно
[16:29:59] Luxio (c9c65fb0-c5d9-364f-881a-0566723bee1c): нет спасибо
[16:30:09] GOLDENDUSST (a0ee3527-abbd-3f28-bd2e-ff7c77b23497): Ок
[16:32:47] GOLDENDUSST (a0ee3527-abbd-3f28-bd2e-ff7c77b23497): Полудурок иди нахуй
[16:32:57] GOLDENDUSST (a0ee3527-abbd-3f28-bd2e-ff7c77b23497): Я построил кста ферму
[16:33:07] RunishYT (deb2ebb7-8562-3728-8ba8-ec800da9360c): охуед
[16:33:11] GOLDENDUSST (a0ee3527-abbd-3f28-bd2e-ff7c77b23497): Осталось тольк энбермита
[16:33:23] RunishYT (deb2ebb7-8562-3728-8ba8-ec800da9360c): так в чем проблема?
[16:33:25] GOLDENDUSST (a0ee3527-abbd-3f28-bd2e-ff7c77b23497): Я знаю что я гей
[16:33:30] GOLDENDUSST (a0ee3527-abbd-3f28-bd2e-ff7c77b23497): Лень чель
[16:33:35] RunishYT (deb2ebb7-8562-3728-8ba8-ec800da9360c): ладно
[16:33:40] RunishYT (deb2ebb7-8562-3728-8ba8-ec800da9360c): я сделаю это сам
[16:33:51] GOLDENDUSST (a0ee3527-abbd-3f28-bd2e-ff7c77b23497): С первой тычки умирают
[17:46:31] RunishYT (deb2ebb7-8562-3728-8ba8-ec800da9360c): ты хто??
[17:57:36] Bradly378 (9ab93dfb-1454-3bb1-b47f-700f714534a9): хуёвый тайный проход
[17:57:44] GOLDENDUSST (a0ee3527-abbd-3f28-bd2e-ff7c77b23497): ашалел
[17:57:46] RunishYT (deb2ebb7-8562-3728-8ba8-ec800da9360c): бляяяять
[17:57:47] Bradly378 (9ab93dfb-1454-3bb1-b47f-700f714534a9): да
[17:57:49] GOLDENDUSST (a0ee3527-abbd-3f28-bd2e-ff7c77b23497): пошла нахцй
[17:57:55] RunishYT (deb2ebb7-8562-3728-8ba8-ec800da9360c): поэтому он и тайный
[17:58:07] Bradly378 (9ab93dfb-1454-3bb1-b47f-700f714534a9): так тут дверь даже не доделана XD
[17:59:04] GOLDENDUSST (a0ee3527-abbd-3f28-bd2e-ff7c77b23497): в процессе я планирую кодовый пароль из 4 цифр из 8 достыпных чисел
[17:59:08] RunishYT (deb2ebb7-8562-3728-8ba8-ec800da9360c): Если тебе нужны дети
[17:59:16] RunishYT (deb2ebb7-8562-3728-8ba8-ec800da9360c): то забирай
[17:59:20] RunishYT (deb2ebb7-8562-3728-8ba8-ec800da9360c): их у меня куча
[17:59:25] RunishYT (deb2ebb7-8562-3728-8ba8-ec800da9360c): вон там в подвале
[17:59:52] Bradly378 (9ab93dfb-1454-3bb1-b47f-700f714534a9): у меня рука наносит 7к урона лучше не тригерить мене
[18:00:02] GOLDENDUSST (a0ee3527-abbd-3f28-bd2e-ff7c77b23497): сын говна
[18:00:18] RunishYT (deb2ebb7-8562-3728-8ba8-ec800da9360c): туда его
[18:01:24] Bradly378 (9ab93dfb-1454-3bb1-b47f-700f714534a9): крутые жители
[18:01:36] GOLDENDUSST (a0ee3527-abbd-3f28-bd2e-ff7c77b23497): спс
[18:01:54] Bradly378 (9ab93dfb-1454-3bb1-b47f-700f714534a9): у вас лучше только инструментальщик )
[18:02:08] GOLDENDUSST (a0ee3527-abbd-3f28-bd2e-ff7c77b23497): И броник
[18:02:15] GOLDENDUSST (a0ee3527-abbd-3f28-bd2e-ff7c77b23497): он на защиту все продаё
[18:02:20] GOLDENDUSST (a0ee3527-abbd-3f28-bd2e-ff7c77b23497): а у меня скидка
[18:02:21] Bradly378 (9ab93dfb-1454-3bb1-b47f-700f714534a9): не бронник +- такой же
[18:02:29] Bradly378 (9ab93dfb-1454-3bb1-b47f-700f714534a9): а там разница хорошая такая
[18:02:33] GOLDENDUSST (a0ee3527-abbd-3f28-bd2e-ff7c77b23497): у вас половина сета огнестойкость
[18:02:35] GOLDENDUSST (a0ee3527-abbd-3f28-bd2e-ff7c77b23497): вроде
[18:02:41] Bradly378 (9ab93dfb-1454-3bb1-b47f-700f714534a9): только штаны
[18:02:43] GOLDENDUSST (a0ee3527-abbd-3f28-bd2e-ff7c77b23497): а у нас броник на лёгкость 4
[18:02:47] GOLDENDUSST (a0ee3527-abbd-3f28-bd2e-ff7c77b23497): ботинки продаёт
[18:02:56] Bradly378 (9ab93dfb-1454-3bb1-b47f-700f714534a9): еба вы
[18:03:03] Bradly378 (9ab93dfb-1454-3bb1-b47f-700f714534a9): голову кати раздобыли
[18:03:14] GOLDENDUSST (a0ee3527-abbd-3f28-bd2e-ff7c77b23497): соси я все важные вещи храню в ендчесте
[18:03:14] Bradly378 (9ab93dfb-1454-3bb1-b47f-700f714534a9): о эта я
[18:03:24] GOLDENDUSST (a0ee3527-abbd-3f28-bd2e-ff7c77b23497): который ты можешь чекнуть и спиздить рес
[18:03:49] Bradly378 (9ab93dfb-1454-3bb1-b47f-700f714534a9): нихуясебе у тебя там
[18:03:52] Bradly378 (9ab93dfb-1454-3bb1-b47f-700f714534a9): 8 эликов
[18:03:57] GOLDENDUSST (a0ee3527-abbd-3f28-bd2e-ff7c77b23497): ахуел
[18:03:59] GOLDENDUSST (a0ee3527-abbd-3f28-bd2e-ff7c77b23497): 9
[18:04:01] RunishYT (deb2ebb7-8562-3728-8ba8-ec800da9360c): тебе показалось
[18:04:16] RunishYT (deb2ebb7-8562-3728-8ba8-ec800da9360c): мы не монополисты
[18:04:19] Bradly378 (9ab93dfb-1454-3bb1-b47f-700f714534a9): я шалкера не трогал, даже палцем не касался так что если что ничё не знаю
[18:04:22] Bradly378 (9ab93dfb-1454-3bb1-b47f-700f714534a9): ага
[18:04:57] Bradly378 (9ab93dfb-1454-3bb1-b47f-700f714534a9): ахахах
[18:05:13] Bradly378 (9ab93dfb-1454-3bb1-b47f-700f714534a9): эээ
[18:05:29] GOLDENDUSST (a0ee3527-abbd-3f28-bd2e-ff7c77b23497): блять
[18:05:32] Bradly378 (9ab93dfb-1454-3bb1-b47f-700f714534a9): ахххаха
[18:05:41] GOLDENDUSST (a0ee3527-abbd-3f28-bd2e-ff7c77b23497): сосей
[18:07:24] GOLDENDUSST (a0ee3527-abbd-3f28-bd2e-ff7c77b23497): ээ
[18:07:41] GOLDENDUSST (a0ee3527-abbd-3f28-bd2e-ff7c77b23497): короч я гей
[18:08:29] GOLDENDUSST (a0ee3527-abbd-3f28-bd2e-ff7c77b23497): ща буду думать над системой сейфа
[18:08:43] GOLDENDUSST (a0ee3527-abbd-3f28-bd2e-ff7c77b23497): бля че за стержень резивновый
[18:08:46] GOLDENDUSST (a0ee3527-abbd-3f28-bd2e-ff7c77b23497): декак
[18:09:04] GOLDENDUSST (a0ee3527-abbd-3f28-bd2e-ff7c77b23497): это как
[18:11:30] Bradly378 (9ab93dfb-1454-3bb1-b47f-700f714534a9): на java оно более радужное :D
[18:11:45] GOLDENDUSST (a0ee3527-abbd-3f28-bd2e-ff7c77b23497): Спектр больше?
[18:11:47] Bradly378 (9ab93dfb-1454-3bb1-b47f-700f714534a9): на java тут более 15 цветов
[18:11:48] Bradly378 (9ab93dfb-1454-3bb1-b47f-700f714534a9): да
[18:11:54] Bradly378 (9ab93dfb-1454-3bb1-b47f-700f714534a9): а у вас 8 цветов
[18:12:31] Bradly378 (9ab93dfb-1454-3bb1-b47f-700f714534a9): чек репетиторскую
[18:12:43] Bradly378 (9ab93dfb-1454-3bb1-b47f-700f714534a9): кста чем больше букв тем плавнее градиент был бы
[18:12:52] Bradly378 (9ab93dfb-1454-3bb1-b47f-700f714534a9): те чем больше текст я имел в виду
[18:14:29] GOLDENDUSST (a0ee3527-abbd-3f28-bd2e-ff7c77b23497): Соси
[18:14:40] Bradly378 (9ab93dfb-1454-3bb1-b47f-700f714534a9): чё
[18:14:46] GOLDENDUSST (a0ee3527-abbd-3f28-bd2e-ff7c77b23497): поч у меня стержень на экране
[18:14:53] Bradly378 (9ab93dfb-1454-3bb1-b47f-700f714534a9): он у тебя в руке
[18:15:04] GOLDENDUSST (a0ee3527-abbd-3f28-bd2e-ff7c77b23497): а
[18:15:07] Bradly378 (9ab93dfb-1454-3bb1-b47f-700f714534a9): б
[18:15:22] Bradly378 (9ab93dfb-1454-3bb1-b47f-700f714534a9): о загорелся
[18:15:27] Bradly378 (9ab93dfb-1454-3bb1-b47f-700f714534a9): с 4 попытки бл
[18:16:25] Bradly378 (9ab93dfb-1454-3bb1-b47f-700f714534a9): во
[18:16:47] Bradly378 (9ab93dfb-1454-3bb1-b47f-700f714534a9): бб
[18:16:56] Bradly378 (9ab93dfb-1454-3bb1-b47f-700f714534a9): пака говори
[18:17:05] GOLDENDUSST (a0ee3527-abbd-3f28-bd2e-ff7c77b23497): пака папа
[18:17:11] GOLDENDUSST (a0ee3527-abbd-3f28-bd2e-ff7c77b23497): а ты скора вернёшься
[18:17:15] GOLDENDUSST (a0ee3527-abbd-3f28-bd2e-ff7c77b23497): ?
[18:17:17] Bradly378 (9ab93dfb-1454-3bb1-b47f-700f714534a9): я ламу повесил и опустил в лаву
[18:17:27] GOLDENDUSST (a0ee3527-abbd-3f28-bd2e-ff7c77b23497): урод
[18:17:30] Bradly378 (9ab93dfb-1454-3bb1-b47f-700f714534a9): аххааха
[18:17:31] GOLDENDUSST (a0ee3527-abbd-3f28-bd2e-ff7c77b23497): доволен
[18:17:34] Bradly378 (9ab93dfb-1454-3bb1-b47f-700f714534a9): вы урода
[18:17:40] GOLDENDUSST (a0ee3527-abbd-3f28-bd2e-ff7c77b23497): бб
[18:17:41] Bradly378 (9ab93dfb-1454-3bb1-b47f-700f714534a9): големов убиваете бедных
[18:17:43] GOLDENDUSST (a0ee3527-abbd-3f28-bd2e-ff7c77b23497): я спать
[18:17:52] Bradly378 (9ab93dfb-1454-3bb1-b47f-700f714534a9): я те дам спать
[18:18:03] Bradly378 (9ab93dfb-1454-3bb1-b47f-700f714534a9): бодорствовать я сказал
[18:18:12] GOLDENDUSST (a0ee3527-abbd-3f28-bd2e-ff7c77b23497): Блять
[18:18:15] GOLDENDUSST (a0ee3527-abbd-3f28-bd2e-ff7c77b23497): как
[18:18:38] Bradly378 (9ab93dfb-1454-3bb1-b47f-700f714534a9): -.-
[18:18:40] GOLDENDUSST (a0ee3527-abbd-3f28-bd2e-ff7c77b23497): бедрок
[18:18:43] GOLDENDUSST (a0ee3527-abbd-3f28-bd2e-ff7c77b23497): добывай
[18:18:43] Bradly378 (9ab93dfb-1454-3bb1-b47f-700f714534a9): ну
[18:18:50] Bradly378 (9ab93dfb-1454-3bb1-b47f-700f714534a9): дебил
[18:19:11] GOLDENDUSST (a0ee3527-abbd-3f28-bd2e-ff7c77b23497): это для боокировки сигнала
[18:19:29] Bradly378 (9ab93dfb-1454-3bb1-b47f-700f714534a9): да ладно, кто отменял стандартные или
[18:19:32] GOLDENDUSST (a0ee3527-abbd-3f28-bd2e-ff7c77b23497): на этом принципе я соьираюсь цифры вводить завтро построю я уже строил что то подобное
[18:19:54] Bradly378 (9ab93dfb-1454-3bb1-b47f-700f714534a9): скажи гг
[18:20:07] GOLDENDUSST (a0ee3527-abbd-3f28-bd2e-ff7c77b23497): Я Гг этого аниме
[18:20:10] Bradly378 (9ab93dfb-1454-3bb1-b47f-700f714534a9): неправильный ответ
[18:20:26] Bradly378 (9ab93dfb-1454-3bb1-b47f-700f714534a9): палучай
[18:20:34] Bradly378 (9ab93dfb-1454-3bb1-b47f-700f714534a9): -100% fps
[18:22:05] Bradly378 (9ab93dfb-1454-3bb1-b47f-700f714534a9): ну шо занюхнул?
[18:22:26] GOLDENDUSST (a0ee3527-abbd-3f28-bd2e-ff7c77b23497): Пиздец дядя я вырубился от запаха твоей беброчки
[18:22:44] Bradly378 (9ab93dfb-1454-3bb1-b47f-700f714534a9): )
[18:22:56] GOLDENDUSST (a0ee3527-abbd-3f28-bd2e-ff7c77b23497): дай килл зелье в виде айтема а не броска в ебло
[18:23:03] Bradly378 (9ab93dfb-1454-3bb1-b47f-700f714534a9): f[f[ff
[18:23:22] Bradly378 (9ab93dfb-1454-3bb1-b47f-700f714534a9): ты не сказал какое именно
[18:23:40] GOLDENDUSST (a0ee3527-abbd-3f28-bd2e-ff7c77b23497): На 255?
[18:23:44] Bradly378 (9ab93dfb-1454-3bb1-b47f-700f714534a9): ну хз
[18:24:17] GOLDENDUSST (a0ee3527-abbd-3f28-bd2e-ff7c77b23497): бля 8
[18:24:22] GOLDENDUSST (a0ee3527-abbd-3f28-bd2e-ff7c77b23497): я думал у меня 9
[18:24:30] Bradly378 (9ab93dfb-1454-3bb1-b47f-700f714534a9): скоко фпс
[18:24:59] Bradly378 (9ab93dfb-1454-3bb1-b47f-700f714534a9): о го я твоего зомби полечу?
[18:25:08] GOLDENDUSST (a0ee3527-abbd-3f28-bd2e-ff7c77b23497): не нада
[18:25:10] GOLDENDUSST (a0ee3527-abbd-3f28-bd2e-ff7c77b23497): дядя
[18:25:14] Bradly378 (9ab93dfb-1454-3bb1-b47f-700f714534a9): аххаха
[18:25:30] Bradly378 (9ab93dfb-1454-3bb1-b47f-700f714534a9): не улетишь
[18:25:55] GOLDENDUSST (a0ee3527-abbd-3f28-bd2e-ff7c77b23497): соси
[18:26:23] GOLDENDUSST (a0ee3527-abbd-3f28-bd2e-ff7c77b23497): соси
[18:26:50] Bradly378 (9ab93dfb-1454-3bb1-b47f-700f714534a9): казахстан угражает бамбандировкай
[18:27:34] GOLDENDUSST (a0ee3527-abbd-3f28-bd2e-ff7c77b23497): Пиздааа
[18:29:28] GOLDENDUSST (a0ee3527-abbd-3f28-bd2e-ff7c77b23497): Я убежал от отчима
[18:29:54] Bradly378 (9ab93dfb-1454-3bb1-b47f-700f714534a9): а всё
[18:30:03] Bradly378 (9ab93dfb-1454-3bb1-b47f-700f714534a9): шо
[18:30:20] GOLDENDUSST (a0ee3527-abbd-3f28-bd2e-ff7c77b23497): Уффф
[18:31:39] Bradly378 (9ab93dfb-1454-3bb1-b47f-700f714534a9): лети
[18:31:46] GOLDENDUSST (a0ee3527-abbd-3f28-bd2e-ff7c77b23497): не входи
[18:31:46] Bradly378 (9ab93dfb-1454-3bb1-b47f-700f714534a9): а то больше лагов сделаю
[18:31:49] GOLDENDUSST (a0ee3527-abbd-3f28-bd2e-ff7c77b23497): я
[18:32:02] Bradly378 (9ab93dfb-1454-3bb1-b47f-700f714534a9): лети я сказал
[18:32:18] Bradly378 (9ab93dfb-1454-3bb1-b47f-700f714534a9): дава
[18:32:42] Bradly378 (9ab93dfb-1454-3bb1-b47f-700f714534a9): не пасиб
[18:32:48] GOLDENDUSST (a0ee3527-abbd-3f28-bd2e-ff7c77b23497): Да
[18:32:52] GOLDENDUSST (a0ee3527-abbd-3f28-bd2e-ff7c77b23497): Уеби его
[18:32:58] GOLDENDUSST (a0ee3527-abbd-3f28-bd2e-ff7c77b23497): Сайк
[18:33:37] Bradly378 (9ab93dfb-1454-3bb1-b47f-700f714534a9): пролети 500
[18:34:28] Bradly378 (9ab93dfb-1454-3bb1-b47f-700f714534a9): всё можешь возвращаться
[18:34:54] Bradly378 (9ab93dfb-1454-3bb1-b47f-700f714534a9): награда за страдания
[18:35:20] GOLDENDUSST (a0ee3527-abbd-3f28-bd2e-ff7c77b23497): го дебагстик
[18:38:14] GOLDENDUSST (a0ee3527-abbd-3f28-bd2e-ff7c77b23497): у меня есть головы трёх гомиков и их раба фартуна
