[06:16:15] GulgPlayer (a1c0ea2e-fe38-3c55-a100-bcde7e6529b1): привет
[06:16:18] saikonohack (61d3e846-cfe0-3e5b-b41b-772c1020819e): qq
[06:16:24] GulgPlayer (a1c0ea2e-fe38-3c55-a100-bcde7e6529b1): я вот
[06:16:33] GulgPlayer (a1c0ea2e-fe38-3c55-a100-bcde7e6529b1): я вшахту собираюсь идти
[06:16:35] GulgPlayer (a1c0ea2e-fe38-3c55-a100-bcde7e6529b1): я вшахту собираюсь идти
[06:16:48] saikonohack (61d3e846-cfe0-3e5b-b41b-772c1020819e): сейчас релоадну сервер, нужно будет заново прописать /login. Добавил новые крафты и плагины
[06:16:53] GulgPlayer (a1c0ea2e-fe38-3c55-a100-bcde7e6529b1): ок
[06:26:00] GulgPlayer (a1c0ea2e-fe38-3c55-a100-bcde7e6529b1): ещё нельзя?
[06:26:06] GulgPlayer (a1c0ea2e-fe38-3c55-a100-bcde7e6529b1): сорри
[06:34:52] GulgPlayer (a1c0ea2e-fe38-3c55-a100-bcde7e6529b1): плагин на бочку не работает
[06:35:25] GulgPlayer (a1c0ea2e-fe38-3c55-a100-bcde7e6529b1): плагин на бочку не работает
[06:36:02] GulgPlayer (a1c0ea2e-fe38-3c55-a100-bcde7e6529b1): плагин на крафт бочки не работает!!!
[06:43:32] GulgPlayer (a1c0ea2e-fe38-3c55-a100-bcde7e6529b1): привет
[06:43:47] GulgPlayer (a1c0ea2e-fe38-3c55-a100-bcde7e6529b1): плагин на бочки не работает
[06:43:56] GulgPlayer (a1c0ea2e-fe38-3c55-a100-bcde7e6529b1): а мне очень надо
[06:44:11] GulgPlayer (a1c0ea2e-fe38-3c55-a100-bcde7e6529b1): это кучу ресов экономит
[06:44:31] saikonohack (61d3e846-cfe0-3e5b-b41b-772c1020819e): странно, минут через 10 починю
[06:44:52] GulgPlayer (a1c0ea2e-fe38-3c55-a100-bcde7e6529b1): ок
[07:04:28] GulgPlayer (a1c0ea2e-fe38-3c55-a100-bcde7e6529b1): пофикси уже пж крафт
[07:53:36] GulgPlayer (a1c0ea2e-fe38-3c55-a100-bcde7e6529b1): ну что
[07:53:42] GulgPlayer (a1c0ea2e-fe38-3c55-a100-bcde7e6529b1): починили крафт?
[08:01:50] saikonohack (61d3e846-cfe0-3e5b-b41b-772c1020819e): первый бебраид
[08:02:06] saikonohack (61d3e846-cfe0-3e5b-b41b-772c1020819e): второй бебраид
[08:02:09] GOLDENDUSST (a0ee3527-abbd-3f28-bd2e-ff7c77b23497): Уффф
[08:02:36] GOLDENDUSST (a0ee3527-abbd-3f28-bd2e-ff7c77b23497): Отстань насильник
[08:03:15] GOLDENDUSST (a0ee3527-abbd-3f28-bd2e-ff7c77b23497): Сайко ы вызываю тебя на бой
[08:03:32] GOLDENDUSST (a0ee3527-abbd-3f28-bd2e-ff7c77b23497): где ты
[08:05:41] GulgPlayer (a1c0ea2e-fe38-3c55-a100-bcde7e6529b1): да добавьте уже крафт бочек!!
[08:06:16] saikonohack (61d3e846-cfe0-3e5b-b41b-772c1020819e): я написал тех админу другому, жду когда он очнеться, не знаю с чем связано\
[08:06:17] GOLDENDUSST (a0ee3527-abbd-3f28-bd2e-ff7c77b23497): Бередли скажи где сайко
[08:06:52] GOLDENDUSST (a0ee3527-abbd-3f28-bd2e-ff7c77b23497): скажи пж
[08:06:58] Bradly378 (9ab93dfb-1454-3bb1-b47f-700f714534a9): дома
[08:07:05] GOLDENDUSST (a0ee3527-abbd-3f28-bd2e-ff7c77b23497): на спавне?
[08:07:06] Bradly378 (9ab93dfb-1454-3bb1-b47f-700f714534a9): в России матушке
[08:07:12] GOLDENDUSST (a0ee3527-abbd-3f28-bd2e-ff7c77b23497): пон
[08:07:17] GOLDENDUSST (a0ee3527-abbd-3f28-bd2e-ff7c77b23497): Сайко где ты
[08:07:42] saikonohack (61d3e846-cfe0-3e5b-b41b-772c1020819e): я дома
[08:08:06] GOLDENDUSST (a0ee3527-abbd-3f28-bd2e-ff7c77b23497): А в майне твой игровой персонаж на каких координатах
[08:08:16] saikonohack (61d3e846-cfe0-3e5b-b41b-772c1020819e): 182 63 277
[08:13:20] saikonohack (61d3e846-cfe0-3e5b-b41b-772c1020819e): g
[10:58:48] Bradly378 (9ab93dfb-1454-3bb1-b47f-700f714534a9): таб чекни
[10:58:55] saikonohack (61d3e846-cfe0-3e5b-b41b-772c1020819e): саааас
[10:58:59] Bradly378 (9ab93dfb-1454-3bb1-b47f-700f714534a9): хуйета
[10:59:01] saikonohack (61d3e846-cfe0-3e5b-b41b-772c1020819e): скинь в ткст
[10:59:11] Bradly378 (9ab93dfb-1454-3bb1-b47f-700f714534a9): я хотел чтоб оно переливалось а оно то туда то обратно
[10:59:23] saikonohack (61d3e846-cfe0-3e5b-b41b-772c1020819e): это сас
[10:59:24] saikonohack (61d3e846-cfe0-3e5b-b41b-772c1020819e): скинь в ткст
[10:59:26] Bradly378 (9ab93dfb-1454-3bb1-b47f-700f714534a9): а тут синий через середину не проходит
[11:00:11] Bradly378 (9ab93dfb-1454-3bb1-b47f-700f714534a9): а тут синий через середину не проходит
[11:00:21] Bradly378 (9ab93dfb-1454-3bb1-b47f-700f714534a9): во так лучше
[11:00:23] Bradly378 (9ab93dfb-1454-3bb1-b47f-700f714534a9): XD
[11:00:48] Bradly378 (9ab93dfb-1454-3bb1-b47f-700f714534a9): чекни таб XD
[11:01:00] saikonohack (61d3e846-cfe0-3e5b-b41b-772c1020819e): приколдесина
[11:01:06] saikonohack (61d3e846-cfe0-3e5b-b41b-772c1020819e): скинь в ткст
[11:06:12] Bradly378 (9ab93dfb-1454-3bb1-b47f-700f714534a9): хаахахах
[11:09:45] Bradly378 (9ab93dfb-1454-3bb1-b47f-700f714534a9): f[ff[[f[[[
[11:10:15] Bradly378 (9ab93dfb-1454-3bb1-b47f-700f714534a9): я их наковальней хотел но она сломалась ( видимо я слишком тяжёлый
[11:11:20] Bradly378 (9ab93dfb-1454-3bb1-b47f-700f714534a9): урааа я домой еду в город
[11:11:22] Bradly378 (9ab93dfb-1454-3bb1-b47f-700f714534a9): нихуя
[11:34:40] saikonohack (61d3e846-cfe0-3e5b-b41b-772c1020819e): :mc_acacia_boat:
[11:37:30] saikonohack (61d3e846-cfe0-3e5b-b41b-772c1020819e): :mc_magenta_dye:
[12:30:58] Bradly378 (9ab93dfb-1454-3bb1-b47f-700f714534a9): мин отошёл
[12:32:27] GOLDENDUSST (a0ee3527-abbd-3f28-bd2e-ff7c77b23497): Сразь со мной сайко
[12:32:53] GOLDENDUSST (a0ee3527-abbd-3f28-bd2e-ff7c77b23497): Сайко сразь со мной
[12:33:12] GOLDENDUSST (a0ee3527-abbd-3f28-bd2e-ff7c77b23497): Сразись
[12:35:31] GOLDENDUSST (a0ee3527-abbd-3f28-bd2e-ff7c77b23497): Ищи себя в прошмандовках репетирской
[12:36:24] main_PROBROVOVA (32124029-38f0-3378-abc8-3450cef05c3c): Кто с телефона играет ,
[12:36:36] main_PROBROVOVA (32124029-38f0-3378-abc8-3450cef05c3c): Кто с телефона играет ?
[12:36:39] RunishYT (deb2ebb7-8562-3728-8ba8-ec800da9360c): -1008
[12:36:44] GOLDENDUSST (a0ee3527-abbd-3f28-bd2e-ff7c77b23497): Я
[12:36:47] RunishYT (deb2ebb7-8562-3728-8ba8-ec800da9360c): 334
[12:36:52] RunishYT (deb2ebb7-8562-3728-8ba8-ec800da9360c): я
[12:37:05] main_PROBROVOVA (32124029-38f0-3378-abc8-3450cef05c3c): не я
[12:37:10] main_PROBROVOVA (32124029-38f0-3378-abc8-3450cef05c3c): не я
[12:37:15] GOLDENDUSST (a0ee3527-abbd-3f28-bd2e-ff7c77b23497): Пробровова сразись со мной
[12:37:26] GOLDENDUSST (a0ee3527-abbd-3f28-bd2e-ff7c77b23497): Беброковцев легко победить
[12:37:27] Bradly378 (9ab93dfb-1454-3bb1-b47f-700f714534a9): лох
[12:37:56] main_PROBROVOVA (32124029-38f0-3378-abc8-3450cef05c3c): у меня рес нет как я с тобой срожусь GOLDENDUSST
[12:38:08] Bradly378 (9ab93dfb-1454-3bb1-b47f-700f714534a9): елллееееее
[12:39:14] saikonohack (61d3e846-cfe0-3e5b-b41b-772c1020819e): жуй келезо
[12:39:29] main_PROBROVOVA (32124029-38f0-3378-abc8-3450cef05c3c): ку
[12:40:14] GOLDENDUSST (a0ee3527-abbd-3f28-bd2e-ff7c77b23497): Скинте свои коорды
[12:40:22] saikonohack (61d3e846-cfe0-3e5b-b41b-772c1020819e): 178 62 275
[12:40:23] main_PROBROVOVA (32124029-38f0-3378-abc8-3450cef05c3c): спавн
[12:40:27] Bradly378 (9ab93dfb-1454-3bb1-b47f-700f714534a9): 145 67 78
[12:40:41] GOLDENDUSST (a0ee3527-abbd-3f28-bd2e-ff7c77b23497): я пришел убить тоби
[12:40:53] main_PROBROVOVA (32124029-38f0-3378-abc8-3450cef05c3c): спс
[12:41:04] GOLDENDUSST (a0ee3527-abbd-3f28-bd2e-ff7c77b23497): я не знаю что это за еда
[12:43:14] saikonohack (61d3e846-cfe0-3e5b-b41b-772c1020819e): ?
[12:43:16] GOLDENDUSST (a0ee3527-abbd-3f28-bd2e-ff7c77b23497): я тебя трахать пришёл
[12:43:25] saikonohack (61d3e846-cfe0-3e5b-b41b-772c1020819e): погодь
[12:43:51] GOLDENDUSST (a0ee3527-abbd-3f28-bd2e-ff7c77b23497): а обычные печки есть?
[12:43:51] saikonohack (61d3e846-cfe0-3e5b-b41b-772c1020819e): ща
[12:44:04] Bradly378 (9ab93dfb-1454-3bb1-b47f-700f714534a9): не того трахать решил
[12:45:25] main_PROBROVOVA (32124029-38f0-3378-abc8-3450cef05c3c): 4
[12:45:36] main_PROBROVOVA (32124029-38f0-3378-abc8-3450cef05c3c): &4а
[12:46:09] GOLDENDUSST (a0ee3527-abbd-3f28-bd2e-ff7c77b23497): голову отдай
[12:50:54] Bradly378 (9ab93dfb-1454-3bb1-b47f-700f714534a9): ладно
[12:53:14] GOLDENDUSST (a0ee3527-abbd-3f28-bd2e-ff7c77b23497): Сколько у тебя хп
[12:53:18] GOLDENDUSST (a0ee3527-abbd-3f28-bd2e-ff7c77b23497): Я не понимаю
[12:53:21] saikonohack (61d3e846-cfe0-3e5b-b41b-772c1020819e): 9
[12:53:23] GOLDENDUSST (a0ee3527-abbd-3f28-bd2e-ff7c77b23497): Почему я сосу
[12:53:25] saikonohack (61d3e846-cfe0-3e5b-b41b-772c1020819e): 9
[12:53:35] GOLDENDUSST (a0ee3527-abbd-3f28-bd2e-ff7c77b23497): Откуда такая сила
[12:53:50] saikonohack (61d3e846-cfe0-3e5b-b41b-772c1020819e): эх, ты просто выбрал не ту цивилизацию
[12:53:55] saikonohack (61d3e846-cfe0-3e5b-b41b-772c1020819e): я выбрал викингов
[12:54:07] saikonohack (61d3e846-cfe0-3e5b-b41b-772c1020819e): у них 20 процентный бонус к опиздюливанию
[12:54:45] main_PROBROVOVA (32124029-38f0-3378-abc8-3450cef05c3c): и 80% тупизны
[12:55:06] main_PROBROVOVA (32124029-38f0-3378-abc8-3450cef05c3c): saikonohack умер от смеха
[12:55:17] main_PROBROVOVA (32124029-38f0-3378-abc8-3450cef05c3c): GOLDENDUSST умер от смеха
[12:55:49] GOLDENDUSST (a0ee3527-abbd-3f28-bd2e-ff7c77b23497): где вещи
[12:56:30] GOLDENDUSST (a0ee3527-abbd-3f28-bd2e-ff7c77b23497): а где книга
[12:56:38] GOLDENDUSST (a0ee3527-abbd-3f28-bd2e-ff7c77b23497): и оружия
[12:56:47] Bradly378 (9ab93dfb-1454-3bb1-b47f-700f714534a9): голд сядь
[12:56:49] Bradly378 (9ab93dfb-1454-3bb1-b47f-700f714534a9): на него
[12:57:55] Bradly378 (9ab93dfb-1454-3bb1-b47f-700f714534a9): лее
[12:58:49] main_PROBROVOVA (32124029-38f0-3378-abc8-3450cef05c3c): ку
[12:59:11] main_PROBROVOVA (32124029-38f0-3378-abc8-3450cef05c3c): я красивое место для базы нашел
[13:02:13] main_PROBROVOVA (32124029-38f0-3378-abc8-3450cef05c3c): зачем нужен угальный нагетс
[13:02:27] main_PROBROVOVA (32124029-38f0-3378-abc8-3450cef05c3c): и Fosil
[13:02:31] RunishYT (deb2ebb7-8562-3728-8ba8-ec800da9360c): ты верующий?
[13:02:39] main_PROBROVOVA (32124029-38f0-3378-abc8-3450cef05c3c): ytn
[13:02:43] main_PROBROVOVA (32124029-38f0-3378-abc8-3450cef05c3c): нет
[13:02:54] RunishYT (deb2ebb7-8562-3728-8ba8-ec800da9360c): ты чеченец?
[13:03:33] main_PROBROVOVA (32124029-38f0-3378-abc8-3450cef05c3c): нет
[13:03:41] RunishYT (deb2ebb7-8562-3728-8ba8-ec800da9360c): ты грузин?
[13:03:46] main_PROBROVOVA (32124029-38f0-3378-abc8-3450cef05c3c): нет
[13:03:57] RunishYT (deb2ebb7-8562-3728-8ba8-ec800da9360c): кто ты?
[13:04:14] main_PROBROVOVA (32124029-38f0-3378-abc8-3450cef05c3c): я футбольный мячик
[13:06:21] main_PROBROVOVA (32124029-38f0-3378-abc8-3450cef05c3c): saikonohack можно добавить 1000 ачивок и сделать таблицу лидеров по ачивкам
[13:10:14] main_PROBROVOVA (32124029-38f0-3378-abc8-3450cef05c3c): ку
[13:10:27] Bradly378 (9ab93dfb-1454-3bb1-b47f-700f714534a9): приветик
[13:10:32] 1DarkLight1 (55ea8335-29fe-3a45-98bc-0ec3f0da1e2e): дароф
[13:10:40] Bradly378 (9ab93dfb-1454-3bb1-b47f-700f714534a9): будешь церковь опять делать?
[13:10:45] 1DarkLight1 (55ea8335-29fe-3a45-98bc-0ec3f0da1e2e): я не буду играть до лета
[13:10:49] 1DarkLight1 (55ea8335-29fe-3a45-98bc-0ec3f0da1e2e): поэтому пойду испарюсь
[13:10:54] Bradly378 (9ab93dfb-1454-3bb1-b47f-700f714534a9): а ясн
[13:11:01] Bradly378 (9ab93dfb-1454-3bb1-b47f-700f714534a9): ладно
[13:25:42] Bradly378 (9ab93dfb-1454-3bb1-b47f-700f714534a9): шо?
[13:25:57] GOLDENDUSST (a0ee3527-abbd-3f28-bd2e-ff7c77b23497): Где казахский обед
[13:26:15] Bradly378 (9ab93dfb-1454-3bb1-b47f-700f714534a9): няма но зато мы делаем мега обнову
[13:26:24] GOLDENDUSST (a0ee3527-abbd-3f28-bd2e-ff7c77b23497): какую
[13:26:43] Bradly378 (9ab93dfb-1454-3bb1-b47f-700f714534a9): бэбра её не оценит тк для бэбры я отдельно рисовать текстуры не собираюсь
[13:27:14] GOLDENDUSST (a0ee3527-abbd-3f28-bd2e-ff7c77b23497): Для этого не нужно рисовать отдельно текстуры или они для новых предметов
[13:27:19] GOLDENDUSST (a0ee3527-abbd-3f28-bd2e-ff7c77b23497): или только потифайн
[13:27:28] GOLDENDUSST (a0ee3527-abbd-3f28-bd2e-ff7c77b23497): оптифайн
[13:27:48] Bradly378 (9ab93dfb-1454-3bb1-b47f-700f714534a9): не текстур пак я делаю
[13:27:50] GOLDENDUSST (a0ee3527-abbd-3f28-bd2e-ff7c77b23497): ваша мега печка не будет плавит песок
[13:27:54] Bradly378 (9ab93dfb-1454-3bb1-b47f-700f714534a9): текстуру новую делаю
[13:28:02] GOLDENDUSST (a0ee3527-abbd-3f28-bd2e-ff7c77b23497): я понял
[13:28:05] GOLDENDUSST (a0ee3527-abbd-3f28-bd2e-ff7c77b23497): для чего
[13:28:23] Bradly378 (9ab93dfb-1454-3bb1-b47f-700f714534a9): а для бэбры она не будет видна тк не будет текстур
[13:28:33] GOLDENDUSST (a0ee3527-abbd-3f28-bd2e-ff7c77b23497): ладно
[13:28:38] GOLDENDUSST (a0ee3527-abbd-3f28-bd2e-ff7c77b23497): где лошадь
[13:28:42] Bradly378 (9ab93dfb-1454-3bb1-b47f-700f714534a9): хз
[13:30:20] GOLDENDUSST (a0ee3527-abbd-3f28-bd2e-ff7c77b23497): дай седло и железную конскую бронь
[13:32:57] GOLDENDUSST (a0ee3527-abbd-3f28-bd2e-ff7c77b23497): дай седло и конск бронь железную
[13:35:43] GOLDENDUSST (a0ee3527-abbd-3f28-bd2e-ff7c77b23497): Дай седло
[13:40:18] GOLDENDUSST (a0ee3527-abbd-3f28-bd2e-ff7c77b23497): знаешь я пытался снять с тебя элитры
[13:49:17] GOLDENDUSST (a0ee3527-abbd-3f28-bd2e-ff7c77b23497): А что из фигни которая выпадает можно крафтить
[13:49:28] GOLDENDUSST (a0ee3527-abbd-3f28-bd2e-ff7c77b23497): Без текстурпака это слитки железа
[13:49:35] GOLDENDUSST (a0ee3527-abbd-3f28-bd2e-ff7c77b23497): Фоссил кристал
[13:51:50] NightVizer (baecb933-9897-3b35-86a3-c2c9dd1004dd): кто нибудь сдесь админ?
[13:51:55] Bradly378 (9ab93dfb-1454-3bb1-b47f-700f714534a9): z
[13:51:57] GOLDENDUSST (a0ee3527-abbd-3f28-bd2e-ff7c77b23497): Бребля
[13:51:57] Bradly378 (9ab93dfb-1454-3bb1-b47f-700f714534a9): Я
[13:52:05] NightVizer (baecb933-9897-3b35-86a3-c2c9dd1004dd): тп меня
[13:52:09] NightVizer (baecb933-9897-3b35-86a3-c2c9dd1004dd): я уже писал о баге
[13:52:14] Bradly378 (9ab93dfb-1454-3bb1-b47f-700f714534a9): маг
[13:52:22] NightVizer (baecb933-9897-3b35-86a3-c2c9dd1004dd): какой маг?
[13:52:30] Bradly378 (9ab93dfb-1454-3bb1-b47f-700f714534a9): помогло?
[13:52:34] NightVizer (baecb933-9897-3b35-86a3-c2c9dd1004dd): да
[13:52:36] NightVizer (baecb933-9897-3b35-86a3-c2c9dd1004dd): спасибо
[13:52:53] NightVizer (baecb933-9897-3b35-86a3-c2c9dd1004dd): сказать как баг призошёл чтоб вы его пофиксили?
[13:52:58] NightVizer (baecb933-9897-3b35-86a3-c2c9dd1004dd): lf
[13:53:01] NightVizer (baecb933-9897-3b35-86a3-c2c9dd1004dd): да
[13:53:04] NightVizer (baecb933-9897-3b35-86a3-c2c9dd1004dd): спасибо
[13:53:19] NightVizer (baecb933-9897-3b35-86a3-c2c9dd1004dd): сказать как баг призощёл чтобы его вы пофиксили?
[14:10:55] RunishYT (deb2ebb7-8562-3728-8ba8-ec800da9360c): не спите эту ночь пж
[14:15:12] RunishYT (deb2ebb7-8562-3728-8ba8-ec800da9360c): заебал умирать живи
[14:15:35] NightVizer (baecb933-9897-3b35-86a3-c2c9dd1004dd): не матерись если культурный человек а не свинья
[14:15:46] RunishYT (deb2ebb7-8562-3728-8ba8-ec800da9360c): хню хрю
[14:15:53] NightVizer (baecb933-9897-3b35-86a3-c2c9dd1004dd): ок
[14:16:02] RunishYT (deb2ebb7-8562-3728-8ba8-ec800da9360c): я хохол
[14:24:16] RunishYT (deb2ebb7-8562-3728-8ba8-ec800da9360c): Блять кто поспал?
[14:24:17] GOLDENDUSST (a0ee3527-abbd-3f28-bd2e-ff7c77b23497): Спс что поспал когда просили не спать
[14:24:38] NightVizer (baecb933-9897-3b35-86a3-c2c9dd1004dd): але вы написали в приватный чат
[14:24:46] NightVizer (baecb933-9897-3b35-86a3-c2c9dd1004dd): я не видел
[14:24:51] NightVizer (baecb933-9897-3b35-86a3-c2c9dd1004dd): только вы двое
[14:24:53] GOLDENDUSST (a0ee3527-abbd-3f28-bd2e-ff7c77b23497): Прочитай внимательнее
[14:24:53] RunishYT (deb2ebb7-8562-3728-8ba8-ec800da9360c): -_-
[14:25:08] NightVizer (baecb933-9897-3b35-86a3-c2c9dd1004dd): посмотри в глобал нету
[14:25:15] RunishYT (deb2ebb7-8562-3728-8ba8-ec800da9360c): -_-
[14:25:16] RunishYT (deb2ebb7-8562-3728-8ba8-ec800da9360c): -_-
[14:25:16] GOLDENDUSST (a0ee3527-abbd-3f28-bd2e-ff7c77b23497): Клоун
[14:25:18] RunishYT (deb2ebb7-8562-3728-8ba8-ec800da9360c): -_-
[14:25:34] NightVizer (baecb933-9897-3b35-86a3-c2c9dd1004dd): а лан, тогда сори
[14:25:43] GOLDENDUSST (a0ee3527-abbd-3f28-bd2e-ff7c77b23497): Ладно
[14:29:25] RunishYT (deb2ebb7-8562-3728-8ba8-ec800da9360c): как ты умираешь??
[14:29:48] NightVizer (baecb933-9897-3b35-86a3-c2c9dd1004dd): один раз вещи потерял, и всё заного
[14:30:01] NightVizer (baecb933-9897-3b35-86a3-c2c9dd1004dd): щас чкть не умер когда писал
[14:32:10] RunishYT (deb2ebb7-8562-3728-8ba8-ec800da9360c): 8 лет дамбили бомбас
[14:32:23] RunishYT (deb2ebb7-8562-3728-8ba8-ec800da9360c): 8 лет
[14:32:56] [CAPS] RunishYT (deb2ebb7-8562-3728-8ba8-ec800da9360c): лосемь вет дамбили бамбас
[14:33:49] RunishYT (deb2ebb7-8562-3728-8ba8-ec800da9360c): Мри тесяца момбят Бариуполь
[14:34:16] NightVizer (baecb933-9897-3b35-86a3-c2c9dd1004dd): пипец в мире так то...... полнеёший.....
[14:34:27] RunishYT (deb2ebb7-8562-3728-8ba8-ec800da9360c): кайф
[14:34:57] RunishYT (deb2ebb7-8562-3728-8ba8-ec800da9360c): чел это атака титанов
[14:35:11] RunishYT (deb2ebb7-8562-3728-8ba8-ec800da9360c): Атака Путина*
[14:35:21] RunishYT (deb2ebb7-8562-3728-8ba8-ec800da9360c): Биля
[14:35:26] RunishYT (deb2ebb7-8562-3728-8ba8-ec800da9360c): нахуя я это написал
[14:35:32] RunishYT (deb2ebb7-8562-3728-8ba8-ec800da9360c): пришло оно
[14:38:22] [CAPS] RunishYT (deb2ebb7-8562-3728-8ba8-ec800da9360c): ты тварь?
[14:38:25] NightVizer (baecb933-9897-3b35-86a3-c2c9dd1004dd): ой
[14:38:29] RunishYT (deb2ebb7-8562-3728-8ba8-ec800da9360c): ты тварь?
[14:38:35] NightVizer (baecb933-9897-3b35-86a3-c2c9dd1004dd): я зотел тоску установить
[14:38:37] GOLDENDUSST (a0ee3527-abbd-3f28-bd2e-ff7c77b23497): Норм я успел засунуть зомби
[14:38:44] RunishYT (deb2ebb7-8562-3728-8ba8-ec800da9360c): ответь ты урод или моча?
[14:39:00] NightVizer (baecb933-9897-3b35-86a3-c2c9dd1004dd): успакойся я толдько точку хотел поставитть
[14:39:28] NightVizer (baecb933-9897-3b35-86a3-c2c9dd1004dd): на засыпание обычно врмеме уходит
[14:39:34] NightVizer (baecb933-9897-3b35-86a3-c2c9dd1004dd): я хотел лечь и встать
[14:39:43] NightVizer (baecb933-9897-3b35-86a3-c2c9dd1004dd): но тут сразу
[14:49:20] RunishYT (deb2ebb7-8562-3728-8ba8-ec800da9360c): все я разрешаю вам срать
[14:49:25] RunishYT (deb2ebb7-8562-3728-8ba8-ec800da9360c): ой тоесть спать
[14:56:44] NightVizer (baecb933-9897-3b35-86a3-c2c9dd1004dd): о
[14:56:50] NightVizer (baecb933-9897-3b35-86a3-c2c9dd1004dd): привет
[14:56:53] GOLDENDUSST (a0ee3527-abbd-3f28-bd2e-ff7c77b23497): Где мой обед сайко на котором я к тебе приехал
[14:56:57] RunishYT (deb2ebb7-8562-3728-8ba8-ec800da9360c): Вай што за красавица
[14:57:05] GOLDENDUSST (a0ee3527-abbd-3f28-bd2e-ff7c77b23497): Он нужен для Бесбармака с кониной
[14:57:20] RunishYT (deb2ebb7-8562-3728-8ba8-ec800da9360c): йобаный казах
[14:57:27] NightVizer (baecb933-9897-3b35-86a3-c2c9dd1004dd): я там в жалобы написал о нестакабильных разновидностях блоков, это норм?
[15:45:36] RunishYT (deb2ebb7-8562-3728-8ba8-ec800da9360c): уваххахсххахахахаха
[15:45:52] RunishYT (deb2ebb7-8562-3728-8ba8-ec800da9360c): Мы уже едим золотые морковки
[15:46:16] RunishYT (deb2ebb7-8562-3728-8ba8-ec800da9360c): пока остальные цивилизаций собирают ресурсы корейцы уже сделали намдемун
[15:46:59] [CAPS] RunishYT (deb2ebb7-8562-3728-8ba8-ec800da9360c): ааааааа
[15:46:59] [CAPS] GOLDENDUSST (a0ee3527-abbd-3f28-bd2e-ff7c77b23497): бляяяя
[15:47:07] RunishYT (deb2ebb7-8562-3728-8ba8-ec800da9360c): сукаааааа
[15:47:43] RunishYT (deb2ebb7-8562-3728-8ba8-ec800da9360c): он спермит!!!!!
[15:48:08] RunishYT (deb2ebb7-8562-3728-8ba8-ec800da9360c): иди выживай
[15:48:22] RunishYT (deb2ebb7-8562-3728-8ba8-ec800da9360c): спермотоксикоз
[15:52:08] RunishYT (deb2ebb7-8562-3728-8ba8-ec800da9360c): бредля чо жители не ебутся??
[15:54:39] RunishYT (deb2ebb7-8562-3728-8ba8-ec800da9360c): блять еблан
[15:54:46] RunishYT (deb2ebb7-8562-3728-8ba8-ec800da9360c): ты ебанушка ты чо сделал?
[15:56:04] RunishYT (deb2ebb7-8562-3728-8ba8-ec800da9360c): я бежаль со всех ног я даже не думал сражаться с ним
[15:56:18] Bradly378 (9ab93dfb-1454-3bb1-b47f-700f714534a9): f[f[ff
[15:56:29] RunishYT (deb2ebb7-8562-3728-8ba8-ec800da9360c): Бляяяяять
[15:58:22] RunishYT (deb2ebb7-8562-3728-8ba8-ec800da9360c): уффффффф вот это я стрельнул
[15:58:23] Bradly378 (9ab93dfb-1454-3bb1-b47f-700f714534a9): попал наконец-то ураа
[15:59:30] RunishYT (deb2ebb7-8562-3728-8ba8-ec800da9360c): как объявить спецоперацию на город админов?
[15:59:44] Exren3588 (6c446cc9-8057-3d23-bf8e-87a39b8040c4): у меня дико лагает, не толкай
[15:59:55] Bradly378 (9ab93dfb-1454-3bb1-b47f-700f714534a9): я хз
[15:59:57] Bradly378 (9ab93dfb-1454-3bb1-b47f-700f714534a9): как
[16:00:01] Exren3588 (6c446cc9-8057-3d23-bf8e-87a39b8040c4): что ккк
[16:00:21] Bradly378 (9ab93dfb-1454-3bb1-b47f-700f714534a9): бляяяяяя.....
[16:00:30] GOLDENDUSST (a0ee3527-abbd-3f28-bd2e-ff7c77b23497): Я их спиздил
[16:01:22] GOLDENDUSST (a0ee3527-abbd-3f28-bd2e-ff7c77b23497): еблан
[16:02:31] RunishYT (deb2ebb7-8562-3728-8ba8-ec800da9360c): ухады
[16:07:03] Exren3588 (6c446cc9-8057-3d23-bf8e-87a39b8040c4): эу, негр, у меня есть чето в руке?
[16:07:16] GOLDENDUSST (a0ee3527-abbd-3f28-bd2e-ff7c77b23497): Хуй отчима
[16:07:18] RunishYT (deb2ebb7-8562-3728-8ba8-ec800da9360c): ты брэдли?
[16:07:27] GOLDENDUSST (a0ee3527-abbd-3f28-bd2e-ff7c77b23497): нету
[16:07:30] Exren3588 (6c446cc9-8057-3d23-bf8e-87a39b8040c4): я одному из вас
[16:07:34] Exren3588 (6c446cc9-8057-3d23-bf8e-87a39b8040c4): сейчас есть?
[16:07:39] RunishYT (deb2ebb7-8562-3728-8ba8-ec800da9360c): тоесть бредли
[16:07:40] GOLDENDUSST (a0ee3527-abbd-3f28-bd2e-ff7c77b23497): нет
[16:07:44] Exren3588 (6c446cc9-8057-3d23-bf8e-87a39b8040c4): бля
[16:09:29] GOLDENDUSST (a0ee3527-abbd-3f28-bd2e-ff7c77b23497): Почему вы блять не развиваетесь я куколдите за нами
[16:09:34] GulgPlayer (a1c0ea2e-fe38-3c55-a100-bcde7e6529b1): куплю железо и золото, могу предложить стак меди
[16:09:48] Exren3588 (6c446cc9-8057-3d23-bf8e-87a39b8040c4): лично у меня игровой другой акк, поэтому тут не развиваюсь
[16:09:51] RunishYT (deb2ebb7-8562-3728-8ba8-ec800da9360c): Стак меди
[16:09:55] [CAPS] RunishYT (deb2ebb7-8562-3728-8ba8-ec800da9360c): недостаточно
[16:09:56] GulgPlayer (a1c0ea2e-fe38-3c55-a100-bcde7e6529b1): да
[16:09:58] RunishYT (deb2ebb7-8562-3728-8ba8-ec800da9360c): Больше
[16:10:05] GulgPlayer (a1c0ea2e-fe38-3c55-a100-bcde7e6529b1): медных слитков я имел ввиду
[16:10:06] RunishYT (deb2ebb7-8562-3728-8ba8-ec800da9360c): Что нибудь ценее
[16:10:15] RunishYT (deb2ebb7-8562-3728-8ba8-ec800da9360c): Намного ценее
[16:10:17] GulgPlayer (a1c0ea2e-fe38-3c55-a100-bcde7e6529b1): стак кирпичей
[16:10:20] GulgPlayer (a1c0ea2e-fe38-3c55-a100-bcde7e6529b1): стак кирпичей
[16:10:35] RunishYT (deb2ebb7-8562-3728-8ba8-ec800da9360c): Ценее
[16:10:41] GulgPlayer (a1c0ea2e-fe38-3c55-a100-bcde7e6529b1): что ты хочешь,
[16:10:45] Exren3588 (6c446cc9-8057-3d23-bf8e-87a39b8040c4): ахуеть ты жив
[16:11:02] GulgPlayer (a1c0ea2e-fe38-3c55-a100-bcde7e6529b1): 8 лазурита
[16:11:09] RunishYT (deb2ebb7-8562-3728-8ba8-ec800da9360c): Эххххх щас би 10 алмов
[16:11:11] GulgPlayer (a1c0ea2e-fe38-3c55-a100-bcde7e6529b1): 2 обсидиана
[16:11:20] RunishYT (deb2ebb7-8562-3728-8ba8-ec800da9360c): валюта на сервере алмазы?
[16:11:35] GulgPlayer (a1c0ea2e-fe38-3c55-a100-bcde7e6529b1): не знаю
[16:11:42] Bradly378 (9ab93dfb-1454-3bb1-b47f-700f714534a9): так?
[16:11:43] GulgPlayer (a1c0ea2e-fe38-3c55-a100-bcde7e6529b1): я могу дать тебе алмазную кирку
[16:11:46] Exren3588 (6c446cc9-8057-3d23-bf8e-87a39b8040c4): всё равно
[16:11:53] Bradly378 (9ab93dfb-1454-3bb1-b47f-700f714534a9): баг значит
[16:13:28] GOLDENDUSST (a0ee3527-abbd-3f28-bd2e-ff7c77b23497): Сними
[16:14:42] GOLDENDUSST (a0ee3527-abbd-3f28-bd2e-ff7c77b23497): я видел уродство
[16:14:55] RunishYT (deb2ebb7-8562-3728-8ba8-ec800da9360c): в зеркале
[16:14:59] GOLDENDUSST (a0ee3527-abbd-3f28-bd2e-ff7c77b23497): на доли секунды но этого было достаточно
[16:15:09] GOLDENDUSST (a0ee3527-abbd-3f28-bd2e-ff7c77b23497): чтобы я кончил
[16:15:14] RunishYT (deb2ebb7-8562-3728-8ba8-ec800da9360c): брэдля чо жители не ебутся?
[16:15:30] Exren3588 (6c446cc9-8057-3d23-bf8e-87a39b8040c4): от них отойти надо
[16:15:50] RunishYT (deb2ebb7-8562-3728-8ba8-ec800da9360c): нихуя они стеснительные
[16:16:10] GOLDENDUSST (a0ee3527-abbd-3f28-bd2e-ff7c77b23497): Понимаешь это как спидфорс если два флеша в одной реальности они бегут медленнее изза того что они делят энергию спидфорса на двоих
[16:16:26] GOLDENDUSST (a0ee3527-abbd-3f28-bd2e-ff7c77b23497): Бредли поглашает всю секс энергию
[16:16:37] GOLDENDUSST (a0ee3527-abbd-3f28-bd2e-ff7c77b23497): Поэотому жители не ебутся
[16:16:51] [CAPS] RunishYT (deb2ebb7-8562-3728-8ba8-ec800da9360c): он меня ебет
[16:19:48] GulgPlayer (a1c0ea2e-fe38-3c55-a100-bcde7e6529b1): может редстоун подойдёт?
[16:19:56] RunishYT (deb2ebb7-8562-3728-8ba8-ec800da9360c): ноу
[16:20:14] GOLDENDUSST (a0ee3527-abbd-3f28-bd2e-ff7c77b23497): Сколько тебе железа надо?
[16:20:21] GulgPlayer (a1c0ea2e-fe38-3c55-a100-bcde7e6529b1): полстака
[16:20:25] GulgPlayer (a1c0ea2e-fe38-3c55-a100-bcde7e6529b1): полстака или стак
[16:20:46] RunishYT (deb2ebb7-8562-3728-8ba8-ec800da9360c): у тебя есть жители?
[16:20:52] GulgPlayer (a1c0ea2e-fe38-3c55-a100-bcde7e6529b1): 1
[16:21:11] RunishYT (deb2ebb7-8562-3728-8ba8-ec800da9360c): с тебя 10 алмов за стак
[16:27:22] RunishYT (deb2ebb7-8562-3728-8ba8-ec800da9360c): Ты меня спас
[16:27:30] RunishYT (deb2ebb7-8562-3728-8ba8-ec800da9360c): блять лучше бы я сдох
[16:28:41] GOLDENDUSST (a0ee3527-abbd-3f28-bd2e-ff7c77b23497): Смотрите я надел маску урода
[17:42:57] Exren3588 (6c446cc9-8057-3d23-bf8e-87a39b8040c4): xt
[17:43:02] Exren3588 (6c446cc9-8057-3d23-bf8e-87a39b8040c4): че за хуйня
[17:45:03] Exren3588 (6c446cc9-8057-3d23-bf8e-87a39b8040c4): xnj
[17:45:04] Exren3588 (6c446cc9-8057-3d23-bf8e-87a39b8040c4): точ
[17:45:06] Exren3588 (6c446cc9-8057-3d23-bf8e-87a39b8040c4): что
[17:45:26] Bradly378 (9ab93dfb-1454-3bb1-b47f-700f714534a9): чё в табе изменить?
[17:45:33] Exren3588 (6c446cc9-8057-3d23-bf8e-87a39b8040c4): хз
[17:45:35] Exren3588 (6c446cc9-8057-3d23-bf8e-87a39b8040c4): ичего
[17:45:37] Exren3588 (6c446cc9-8057-3d23-bf8e-87a39b8040c4): ничего
[17:46:31] Exren3588 (6c446cc9-8057-3d23-bf8e-87a39b8040c4): это че за залупа
[17:46:54] Bradly378 (9ab93dfb-1454-3bb1-b47f-700f714534a9): это тут я сдох когда голд сделал ватред дроп а я не успел на него на 1 сек
[17:47:03] Bradly378 (9ab93dfb-1454-3bb1-b47f-700f714534a9): тут было мега пвп
[17:47:04] Exren3588 (6c446cc9-8057-3d23-bf8e-87a39b8040c4): лол
[17:47:16] Bradly378 (9ab93dfb-1454-3bb1-b47f-700f714534a9): о мои ыещи
[17:48:15] Bradly378 (9ab93dfb-1454-3bb1-b47f-700f714534a9): каво
[17:48:20] Exren3588 (6c446cc9-8057-3d23-bf8e-87a39b8040c4): что
[17:48:28] Bradly378 (9ab93dfb-1454-3bb1-b47f-700f714534a9): jumpto и наведись туда
[17:48:42] Exren3588 (6c446cc9-8057-3d23-bf8e-87a39b8040c4): f
[17:48:43] Exren3588 (6c446cc9-8057-3d23-bf8e-87a39b8040c4): а
[17:48:52] Exren3588 (6c446cc9-8057-3d23-bf8e-87a39b8040c4): такое было когда мы держали компасы
[17:48:55] Exren3588 (6c446cc9-8057-3d23-bf8e-87a39b8040c4): хз че это
[17:49:24] Bradly378 (9ab93dfb-1454-3bb1-b47f-700f714534a9): ладна
[17:51:31] Exren3588 (6c446cc9-8057-3d23-bf8e-87a39b8040c4): ..
[17:51:33] Exren3588 (6c446cc9-8057-3d23-bf8e-87a39b8040c4): ЗЗАЗАЗА
[17:51:34] Exren3588 (6c446cc9-8057-3d23-bf8e-87a39b8040c4): ЧТО
[17:51:39] Exren3588 (6c446cc9-8057-3d23-bf8e-87a39b8040c4): КАКАЯ БЛЯТЬ СУПЕКИРКА
[17:51:53] Bradly378 (9ab93dfb-1454-3bb1-b47f-700f714534a9): это worldedit
[17:51:55] Exren3588 (6c446cc9-8057-3d23-bf8e-87a39b8040c4): а
[17:52:08] Bradly378 (9ab93dfb-1454-3bb1-b47f-700f714534a9): бляяя
[17:52:29] Exren3588 (6c446cc9-8057-3d23-bf8e-87a39b8040c4): ой
[17:52:43] Bradly378 (9ab93dfb-1454-3bb1-b47f-700f714534a9): сука у меня как то шейдеры врубились на какуюто кнопку
[17:52:51] Exren3588 (6c446cc9-8057-3d23-bf8e-87a39b8040c4): ахахах лох
[17:53:01] Exren3588 (6c446cc9-8057-3d23-bf8e-87a39b8040c4): ты почему без войса
[17:53:09] Bradly378 (9ab93dfb-1454-3bb1-b47f-700f714534a9): войс чат?
[17:53:11] Exren3588 (6c446cc9-8057-3d23-bf8e-87a39b8040c4): да
[17:53:24] Bradly378 (9ab93dfb-1454-3bb1-b47f-700f714534a9): хз зач он мне да и только ты видимо с ним
[17:53:30] Exren3588 (6c446cc9-8057-3d23-bf8e-87a39b8040c4): сайко тоже
[17:53:33] Exren3588 (6c446cc9-8057-3d23-bf8e-87a39b8040c4): и мэйн
[17:54:34] Exren3588 (6c446cc9-8057-3d23-bf8e-87a39b8040c4): БЯЛТТ
[17:54:51] Exren3588 (6c446cc9-8057-3d23-bf8e-87a39b8040c4): блять, что там
[17:56:49] Exren3588 (6c446cc9-8057-3d23-bf8e-87a39b8040c4): xnj
[17:56:56] Exren3588 (6c446cc9-8057-3d23-bf8e-87a39b8040c4): зачем здесь калькулятор..
[17:57:03] Bradly378 (9ab93dfb-1454-3bb1-b47f-700f714534a9): ,
[17:57:05] Bradly378 (9ab93dfb-1454-3bb1-b47f-700f714534a9): ?
[17:57:19] Exren3588 (6c446cc9-8057-3d23-bf8e-87a39b8040c4): calculate 5+5 введи
[17:57:22] Exren3588 (6c446cc9-8057-3d23-bf8e-87a39b8040c4): командой
[17:57:35] Bradly378 (9ab93dfb-1454-3bb1-b47f-700f714534a9): нету у меня такого
[17:57:41] Exren3588 (6c446cc9-8057-3d23-bf8e-87a39b8040c4): cnhfyyj
[17:57:41] Bradly378 (9ab93dfb-1454-3bb1-b47f-700f714534a9): это твой мод какой то
[17:57:47] Exren3588 (6c446cc9-8057-3d23-bf8e-87a39b8040c4): у меня их нет щас
[17:57:50] Bradly378 (9ab93dfb-1454-3bb1-b47f-700f714534a9): эмм
[17:57:51] Exren3588 (6c446cc9-8057-3d23-bf8e-87a39b8040c4): в этом и прикол
[17:57:59] Exren3588 (6c446cc9-8057-3d23-bf8e-87a39b8040c4): мб миникарта
[17:58:18] Bradly378 (9ab93dfb-1454-3bb1-b47f-700f714534a9): хз но у меня такого нету и у меня fabric
[17:58:22] Exren3588 (6c446cc9-8057-3d23-bf8e-87a39b8040c4): .//
[17:58:30] Exren3588 (6c446cc9-8057-3d23-bf8e-87a39b8040c4): что такое глобальная маска
[17:58:34] Exren3588 (6c446cc9-8057-3d23-bf8e-87a39b8040c4): у меня тоже фабрик
[17:58:39] Bradly378 (9ab93dfb-1454-3bb1-b47f-700f714534a9): а ну это world edit
[18:02:21] Bradly378 (9ab93dfb-1454-3bb1-b47f-700f714534a9): гг я ливаю
[18:02:24] Bradly378 (9ab93dfb-1454-3bb1-b47f-700f714534a9): гг я ливаю
[23:20:39] 1DarkLight1 (55ea8335-29fe-3a45-98bc-0ec3f0da1e2e): даров
[23:20:52] NightVizer (baecb933-9897-3b35-86a3-c2c9dd1004dd): привет
[23:20:56] 1DarkLight1 (55ea8335-29fe-3a45-98bc-0ec3f0da1e2e): как дела
[23:21:07] NightVizer (baecb933-9897-3b35-86a3-c2c9dd1004dd): норм
[23:21:15] 1DarkLight1 (55ea8335-29fe-3a45-98bc-0ec3f0da1e2e): че делаеш
[23:21:22] NightVizer (baecb933-9897-3b35-86a3-c2c9dd1004dd): играю.....
[23:21:47] 1DarkLight1 (55ea8335-29fe-3a45-98bc-0ec3f0da1e2e): в игре тип
[23:21:55] NightVizer (baecb933-9897-3b35-86a3-c2c9dd1004dd): неважно
[23:22:21] 1DarkLight1 (55ea8335-29fe-3a45-98bc-0ec3f0da1e2e): настолько неинтересно или секретики?)
[23:22:32] NightVizer (baecb933-9897-3b35-86a3-c2c9dd1004dd): лень говорить
[23:22:37] 1DarkLight1 (55ea8335-29fe-3a45-98bc-0ec3f0da1e2e): вкратце хоть
[23:22:48] NightVizer (baecb933-9897-3b35-86a3-c2c9dd1004dd): тавк как я только встал и у меня 6 утра
[23:26:05] 1DarkLight1 (55ea8335-29fe-3a45-98bc-0ec3f0da1e2e): есть чё рассказать мб)
[23:26:15] NightVizer (baecb933-9897-3b35-86a3-c2c9dd1004dd): ты админ?
[23:26:44] 1DarkLight1 (55ea8335-29fe-3a45-98bc-0ec3f0da1e2e): к чему такой вопрос
[23:28:15] 1DarkLight1 (55ea8335-29fe-3a45-98bc-0ec3f0da1e2e): ну вообще админ да но я половину команд не знаю)
[23:28:51] NightVizer (baecb933-9897-3b35-86a3-c2c9dd1004dd): рассказывать я не буду, но раз ты админ, можешь тепнуться и смортьреть, но рассказывать я не буду.
[23:29:07] 1DarkLight1 (55ea8335-29fe-3a45-98bc-0ec3f0da1e2e): а какая команда тп?
[23:29:22] 1DarkLight1 (55ea8335-29fe-3a45-98bc-0ec3f0da1e2e): /call?
[23:29:28] 1DarkLight1 (55ea8335-29fe-3a45-98bc-0ec3f0da1e2e): не робит
[23:29:49] NightVizer (baecb933-9897-3b35-86a3-c2c9dd1004dd): гугл, я её описывать не буду, tp но там ещё надо
[23:30:24] 1DarkLight1 (55ea8335-29fe-3a45-98bc-0ec3f0da1e2e): тут только каких то координат много
[23:30:27] 1DarkLight1 (55ea8335-29fe-3a45-98bc-0ec3f0da1e2e): ща посмотрю
[23:30:48] NightVizer (baecb933-9897-3b35-86a3-c2c9dd1004dd): потому чято не на координаты надо
[23:30:55] NightVizer (baecb933-9897-3b35-86a3-c2c9dd1004dd): всё я говорить не буду
