[03:02:10] RearedDragon540 (e09fe396-2acc-3af0-88aa-156442b81fdb): всем привет
[03:05:21] RearedDragon540 (e09fe396-2acc-3af0-88aa-156442b81fdb): нечего
[03:06:58] RearedDragon540 (e09fe396-2acc-3af0-88aa-156442b81fdb): а лодки запрещены ?
[03:09:32] RearedDragon540 (e09fe396-2acc-3af0-88aa-156442b81fdb): просто черепашку хочется забрать :)
[03:10:33] RearedDragon540 (e09fe396-2acc-3af0-88aa-156442b81fdb): а какая валюта на сервере?
[03:20:14] RearedDragon540 (e09fe396-2acc-3af0-88aa-156442b81fdb): кто то есть в сети ?
[03:43:28] RearedDragon540 (e09fe396-2acc-3af0-88aa-156442b81fdb): о привет
[03:43:48] AviKgolD1 (fe9f4036-69b5-38be-a9c3-1d860d8c4398): привет
[03:43:51] RearedDragon540 (e09fe396-2acc-3af0-88aa-156442b81fdb): привет
[03:43:59] RearedDragon540 (e09fe396-2acc-3af0-88aa-156442b81fdb): я нашёл данж
[03:44:11] RearedDragon540 (e09fe396-2acc-3af0-88aa-156442b81fdb): ну или подземную шахту
[03:44:19] RearedDragon540 (e09fe396-2acc-3af0-88aa-156442b81fdb): а ты где?
[03:45:27] RearedDragon540 (e09fe396-2acc-3af0-88aa-156442b81fdb): ты где?
[03:47:23] [CAPS] RearedDragon540 (e09fe396-2acc-3af0-88aa-156442b81fdb): ты где?
[03:47:31] RearedDragon540 (e09fe396-2acc-3af0-88aa-156442b81fdb): ты где?
[04:01:29] RearedDragon540 (e09fe396-2acc-3af0-88aa-156442b81fdb): всем привет
[05:16:37] AviKgolD1 (fe9f4036-69b5-38be-a9c3-1d860d8c4398): привет
[05:18:42] AviKgolD1 (fe9f4036-69b5-38be-a9c3-1d860d8c4398): привет
[06:15:02] AviKgolD1 (fe9f4036-69b5-38be-a9c3-1d860d8c4398): привет
[06:15:10] GOLDENDUSST (a0ee3527-abbd-3f28-bd2e-ff7c77b23497): Привет
[06:15:18] Lolaol (87ad5a86-9b00-3567-aad2-09baa248d884): Привет
[06:18:23] GOLDENDUSST (a0ee3527-abbd-3f28-bd2e-ff7c77b23497): бля а почему все новички попадают именно ко мне на остров
[06:19:09] Lolaol (87ad5a86-9b00-3567-aad2-09baa248d884): яписать не могу
[06:19:25] Lolaol (87ad5a86-9b00-3567-aad2-09baa248d884): в опщий чат :(
[06:19:26] GOLDENDUSST (a0ee3527-abbd-3f28-bd2e-ff7c77b23497): ладно
[06:19:31] GOLDENDUSST (a0ee3527-abbd-3f28-bd2e-ff7c77b23497): поч
[06:19:37] Lolaol (87ad5a86-9b00-3567-aad2-09baa248d884): хз
[06:19:44] GOLDENDUSST (a0ee3527-abbd-3f28-bd2e-ff7c77b23497): поставь ! перед сообщением
[06:19:55] Lolaol (87ad5a86-9b00-3567-aad2-09baa248d884): :/
[06:20:02] Lolaol (87ad5a86-9b00-3567-aad2-09baa248d884): спосибо
[06:21:15] Lolaol (87ad5a86-9b00-3567-aad2-09baa248d884): к тебе на базу попадают новички новерно потому что на спавне есть портал который через ад по леденой дороге приводят к тебе :/
[06:21:29] GOLDENDUSST (a0ee3527-abbd-3f28-bd2e-ff7c77b23497): да
[06:21:39] GOLDENDUSST (a0ee3527-abbd-3f28-bd2e-ff7c77b23497): ведь дорогу я строил
[06:22:41] GOLDENDUSST (a0ee3527-abbd-3f28-bd2e-ff7c77b23497): выйди
[06:23:40] Lolaol (87ad5a86-9b00-3567-aad2-09baa248d884): а ты на сервере довно играешь?
[06:23:51] GOLDENDUSST (a0ee3527-abbd-3f28-bd2e-ff7c77b23497): недели две
[06:24:11] Lolaol (87ad5a86-9b00-3567-aad2-09baa248d884): знаешь кто где живёт я просто место присмотрел
[06:24:20] GOLDENDUSST (a0ee3527-abbd-3f28-bd2e-ff7c77b23497): не
[06:24:34] GOLDENDUSST (a0ee3527-abbd-3f28-bd2e-ff7c77b23497): вот эти два острова мои
[06:24:56] Lolaol (87ad5a86-9b00-3567-aad2-09baa248d884): ок
[06:24:56] GOLDENDUSST (a0ee3527-abbd-3f28-bd2e-ff7c77b23497): вот здесь аванпост он моего друга
[06:25:19] GOLDENDUSST (a0ee3527-abbd-3f28-bd2e-ff7c77b23497): а где место которое ты присмотрел
[06:25:40] GOLDENDUSST (a0ee3527-abbd-3f28-bd2e-ff7c77b23497): так это мой остров
[06:26:09] Lolaol (87ad5a86-9b00-3567-aad2-09baa248d884): ок пойду место искать
[06:26:25] GOLDENDUSST (a0ee3527-abbd-3f28-bd2e-ff7c77b23497): тебе дать ресы вдолг то есть заплатишь алмазами потом
[06:26:39] GOLDENDUSST (a0ee3527-abbd-3f28-bd2e-ff7c77b23497): срок неделя стоимость 20 алмов
[06:26:42] Lolaol (87ad5a86-9b00-3567-aad2-09baa248d884): низнаю
[06:26:54] GOLDENDUSST (a0ee3527-abbd-3f28-bd2e-ff7c77b23497): или дешёвый сет за 4 алма
[06:26:57] Lolaol (87ad5a86-9b00-3567-aad2-09baa248d884): новерно нет
[06:27:06] GOLDENDUSST (a0ee3527-abbd-3f28-bd2e-ff7c77b23497): алмы иззи добыть
[06:27:24] Lolaol (87ad5a86-9b00-3567-aad2-09baa248d884): пока
[06:27:28] GOLDENDUSST (a0ee3527-abbd-3f28-bd2e-ff7c77b23497): лучше идти от спавна
[06:27:38] GOLDENDUSST (a0ee3527-abbd-3f28-bd2e-ff7c77b23497): так быстрее будет иди через дорогу в аду
[06:27:56] Lolaol (87ad5a86-9b00-3567-aad2-09baa248d884): я тут буду недолеко от твоего острова
[07:10:26] RearedDragon540 (e09fe396-2acc-3af0-88aa-156442b81fdb): о привет
[07:15:21] RearedDragon540 (e09fe396-2acc-3af0-88aa-156442b81fdb): ку
[07:15:31] AviKgolD1 (fe9f4036-69b5-38be-a9c3-1d860d8c4398): привет
[07:15:31] LightNight010 (b404b429-ad5e-3cdf-9b17-af0796003c67): qq
[07:16:58] LightNight010 (b404b429-ad5e-3cdf-9b17-af0796003c67): Кто ближе к спавну
[07:17:02] RearedDragon540 (e09fe396-2acc-3af0-88aa-156442b81fdb): я
[07:17:05] RearedDragon540 (e09fe396-2acc-3af0-88aa-156442b81fdb): в шахте
[07:17:07] LightNight010 (b404b429-ad5e-3cdf-9b17-af0796003c67): Мне еда оч нужна
[07:17:08] RearedDragon540 (e09fe396-2acc-3af0-88aa-156442b81fdb): своей
[07:17:17] RearedDragon540 (e09fe396-2acc-3af0-88aa-156442b81fdb): можешь ягоды взять
[07:17:51] AviKgolD1 (fe9f4036-69b5-38be-a9c3-1d860d8c4398): я у твоего дома
[07:18:09] LightNight010 (b404b429-ad5e-3cdf-9b17-af0796003c67): Ща буду
[07:18:45] AviKgolD1 (fe9f4036-69b5-38be-a9c3-1d860d8c4398): 600 на -60
[07:18:54] LightNight010 (b404b429-ad5e-3cdf-9b17-af0796003c67): Плыву
[07:20:37] LightNight010 (b404b429-ad5e-3cdf-9b17-af0796003c67): я тута
[07:20:42] RearedDragon540 (e09fe396-2acc-3af0-88aa-156442b81fdb): или а дому
[07:20:49] LightNight010 (b404b429-ad5e-3cdf-9b17-af0796003c67): Ты наверху?
[07:20:54] RearedDragon540 (e09fe396-2acc-3af0-88aa-156442b81fdb): да
[07:20:58] LightNight010 (b404b429-ad5e-3cdf-9b17-af0796003c67): прив
[07:21:02] LightNight010 (b404b429-ad5e-3cdf-9b17-af0796003c67): спасибо
[07:21:05] AviKgolD1 (fe9f4036-69b5-38be-a9c3-1d860d8c4398): привет
[07:21:12] LightNight010 (b404b429-ad5e-3cdf-9b17-af0796003c67): го в дс?
[07:21:18] AviKgolD1 (fe9f4036-69b5-38be-a9c3-1d860d8c4398): го
[07:23:28] GOLDENDUSST (a0ee3527-abbd-3f28-bd2e-ff7c77b23497): че ты тут делаешь
[07:23:43] Lolaol (87ad5a86-9b00-3567-aad2-09baa248d884): я тебя ждал а потом у меня вылетело
[07:23:48] RearedDragon540 (e09fe396-2acc-3af0-88aa-156442b81fdb): ку
[07:24:03] Lolaol (87ad5a86-9b00-3567-aad2-09baa248d884): посмотри я тут буду жить :)
[07:24:24] GOLDENDUSST (a0ee3527-abbd-3f28-bd2e-ff7c77b23497): Это только с моего разрешения
[07:24:26] RearedDragon540 (e09fe396-2acc-3af0-88aa-156442b81fdb): ребята если что я открыл заповедник черепашек около спавна:)
[07:24:37] RunishYT (deb2ebb7-8562-3728-8ba8-ec800da9360c): читай
[07:24:48] Lolaol (87ad5a86-9b00-3567-aad2-09baa248d884): там корабль я там живу это не твой остров
[07:24:57] GOLDENDUSST (a0ee3527-abbd-3f28-bd2e-ff7c77b23497): а ну тогда ок
[07:25:08] RunishYT (deb2ebb7-8562-3728-8ba8-ec800da9360c): вот видишь тут порт
[07:25:09] GOLDENDUSST (a0ee3527-abbd-3f28-bd2e-ff7c77b23497): я думал ты на нашей терре имел ввиду
[07:25:18] RunishYT (deb2ebb7-8562-3728-8ba8-ec800da9360c): ты украл наш корабль и уплыл
[07:25:27] GOLDENDUSST (a0ee3527-abbd-3f28-bd2e-ff7c77b23497): откуда у тебя карты
[07:25:32] RunishYT (deb2ebb7-8562-3728-8ba8-ec800da9360c): по речке
[07:25:39] Lolaol (87ad5a86-9b00-3567-aad2-09baa248d884): тут всял :_)
[07:26:45] RunishYT (deb2ebb7-8562-3728-8ba8-ec800da9360c): лолаол ты наш корабль спиздил
[07:30:26] Lolaol (87ad5a86-9b00-3567-aad2-09baa248d884): я скоро приду пока
[07:31:56] RunishYT (deb2ebb7-8562-3728-8ba8-ec800da9360c): кто хочет помочь мне построить евангелион на спавне?
[07:32:01] LightNight010 (b404b429-ad5e-3cdf-9b17-af0796003c67): Ну я
[07:32:49] RunishYT (deb2ebb7-8562-3728-8ba8-ec800da9360c): Короч я строю одну ногу ты вторую я пока буду фармить шерсть
[07:33:06] LightNight010 (b404b429-ad5e-3cdf-9b17-af0796003c67): А как строить то
[07:33:16] LightNight010 (b404b429-ad5e-3cdf-9b17-af0796003c67): ТИпо сначала ты
[07:33:21] LightNight010 (b404b429-ad5e-3cdf-9b17-af0796003c67): А я повторю
[07:33:22] RearedDragon540 (e09fe396-2acc-3af0-88aa-156442b81fdb): а что вы вообще будите строить ?
[07:33:23] RunishYT (deb2ebb7-8562-3728-8ba8-ec800da9360c): повторяй за мной
[07:33:23] LightNight010 (b404b429-ad5e-3cdf-9b17-af0796003c67): верно?
[07:33:25] RunishYT (deb2ebb7-8562-3728-8ba8-ec800da9360c): да
[07:33:25] LightNight010 (b404b429-ad5e-3cdf-9b17-af0796003c67): ок
[07:33:36] RunishYT (deb2ebb7-8562-3728-8ba8-ec800da9360c): а ты знаешь что такое евангелион?
[07:33:46] LightNight010 (b404b429-ad5e-3cdf-9b17-af0796003c67): не совсем
[07:34:08] RunishYT (deb2ebb7-8562-3728-8ba8-ec800da9360c): а ну тогда ну это короч пошел в жопу
[07:34:22] RunishYT (deb2ebb7-8562-3728-8ba8-ec800da9360c): спасибо голдендаст за топ фразу
[07:34:38] GOLDENDUSST (a0ee3527-abbd-3f28-bd2e-ff7c77b23497): Всегда пожалуйста
[07:34:50] RearedDragon540 (e09fe396-2acc-3af0-88aa-156442b81fdb): ребят а у нас есть какая-та валюта ?
[07:34:52] AviKgolD1 (fe9f4036-69b5-38be-a9c3-1d860d8c4398): кто может дать корды льдов?
[07:38:34] RearedDragon540 (e09fe396-2acc-3af0-88aa-156442b81fdb): ура я нашёл алмазы !
[07:40:38] RunishYT (deb2ebb7-8562-3728-8ba8-ec800da9360c): ашалеть вот это онлайн за 9000
[07:41:42] RunishYT (deb2ebb7-8562-3728-8ba8-ec800da9360c): made in heaven
[07:41:55] LightNight010 (b404b429-ad5e-3cdf-9b17-af0796003c67): У меня кровать спиздили
[07:42:01] RearedDragon540 (e09fe396-2acc-3af0-88aa-156442b81fdb): хахахахвхах
[07:47:23] LightNight010 (b404b429-ad5e-3cdf-9b17-af0796003c67): 750 110
[07:48:11] RearedDragon540 (e09fe396-2acc-3af0-88aa-156442b81fdb): с кем можно дружить ?
[07:50:04] RearedDragon540 (e09fe396-2acc-3af0-88aa-156442b81fdb): с кем можно дружить ?
[08:04:03] GOLDENDUSST (a0ee3527-abbd-3f28-bd2e-ff7c77b23497): Нет
[08:04:06] LightNight010 (b404b429-ad5e-3cdf-9b17-af0796003c67): жалк
[08:56:05] LightNight010 (b404b429-ad5e-3cdf-9b17-af0796003c67): 764 -124
[08:56:46] GOLDENDUSST (a0ee3527-abbd-3f28-bd2e-ff7c77b23497): Если там моя табличка то да
[08:57:18] AviKgolD1 (fe9f4036-69b5-38be-a9c3-1d860d8c4398): скипните пожалуйста
[08:57:50] GOLDENDUSST (a0ee3527-abbd-3f28-bd2e-ff7c77b23497): Да на время
[08:58:00] GOLDENDUSST (a0ee3527-abbd-3f28-bd2e-ff7c77b23497): Ок
[08:59:15] RearedDragon540 (e09fe396-2acc-3af0-88aa-156442b81fdb): ку всем
[08:59:34] RearedDragon540 (e09fe396-2acc-3af0-88aa-156442b81fdb): у меня нет кровати (
[09:03:59] GOLDENDUSST (a0ee3527-abbd-3f28-bd2e-ff7c77b23497): Мне не надо
[09:08:06] RearedDragon540 (e09fe396-2acc-3af0-88aa-156442b81fdb): как в лс писать ?
[09:19:41] RearedDragon540 (e09fe396-2acc-3af0-88aa-156442b81fdb): ребят продаються аксалотли и ягоды (подземные
[09:22:36] RearedDragon540 (e09fe396-2acc-3af0-88aa-156442b81fdb): как в лс писать ?
[09:37:24] Lolaol (87ad5a86-9b00-3567-aad2-09baa248d884): у вас есть не нужные блоки?
[09:43:36] RunishYT (deb2ebb7-8562-3728-8ba8-ec800da9360c): губка?
[09:43:40] LightNight010 (b404b429-ad5e-3cdf-9b17-af0796003c67): да
[09:43:59] GOLDENDUSST (a0ee3527-abbd-3f28-bd2e-ff7c77b23497): Ты храм разве не залутал?
[09:44:03] LightNight010 (b404b429-ad5e-3cdf-9b17-af0796003c67): там мало
[09:48:30] LightNight010 (b404b429-ad5e-3cdf-9b17-af0796003c67): скип плз
[10:02:00] RearedDragon540 (e09fe396-2acc-3af0-88aa-156442b81fdb): ищу друзей
[10:02:04] RearedDragon540 (e09fe396-2acc-3af0-88aa-156442b81fdb): пишите я
[10:02:46] RearedDragon540 (e09fe396-2acc-3af0-88aa-156442b81fdb): ищу друзей пишите я
[10:05:46] LightNight010 (b404b429-ad5e-3cdf-9b17-af0796003c67): Кто щас близко к спавну, мне жемчуг края нужен срочно
[10:06:00] LightNight010 (b404b429-ad5e-3cdf-9b17-af0796003c67): Или блейз род
[10:06:28] RearedDragon540 (e09fe396-2acc-3af0-88aa-156442b81fdb): ищу друзей
[10:06:52] RearedDragon540 (e09fe396-2acc-3af0-88aa-156442b81fdb): я на смавне
[10:07:11] AviKgolD1 (fe9f4036-69b5-38be-a9c3-1d860d8c4398): дай еды
[10:07:21] LightNight010 (b404b429-ad5e-3cdf-9b17-af0796003c67): ты наверху?
[10:07:37] AviKgolD1 (fe9f4036-69b5-38be-a9c3-1d860d8c4398): спс
[10:08:41] LightNight010 (b404b429-ad5e-3cdf-9b17-af0796003c67): Кто щас близко к спавну, мне жемчуг края нужен срочно
[10:08:54] LightNight010 (b404b429-ad5e-3cdf-9b17-af0796003c67): точнее око
[10:09:00] Lolaol (87ad5a86-9b00-3567-aad2-09baa248d884): я долеко
[10:09:02] RunishYT (deb2ebb7-8562-3728-8ba8-ec800da9360c): очко
[10:09:11] LightNight010 (b404b429-ad5e-3cdf-9b17-af0796003c67): Руниш ты далеко?
[10:09:27] RunishYT (deb2ebb7-8562-3728-8ba8-ec800da9360c): миллиарды миллидры км
[10:09:31] LightNight010 (b404b429-ad5e-3cdf-9b17-af0796003c67): ку
[10:09:33] GOLDENDUSST (a0ee3527-abbd-3f28-bd2e-ff7c77b23497): Ты скорее всего на наш портал наткнёшься
[10:09:39] LightNight010 (b404b429-ad5e-3cdf-9b17-af0796003c67): эээй
[10:10:04] LightNight010 (b404b429-ad5e-3cdf-9b17-af0796003c67): херли у тебя дом на спавне
[10:10:17] RearedDragon540 (e09fe396-2acc-3af0-88aa-156442b81fdb): чел ?
[10:10:19] RearedDragon540 (e09fe396-2acc-3af0-88aa-156442b81fdb): что?
[10:10:20] LightNight010 (b404b429-ad5e-3cdf-9b17-af0796003c67): херли у тебя дом на спавне
[10:10:25] RearedDragon540 (e09fe396-2acc-3af0-88aa-156442b81fdb): не бей
[10:10:31] RearedDragon540 (e09fe396-2acc-3af0-88aa-156442b81fdb): это ферма
[10:10:41] RearedDragon540 (e09fe396-2acc-3af0-88aa-156442b81fdb): хочешь купить аксолотля ?
[10:10:41] LightNight010 (b404b429-ad5e-3cdf-9b17-af0796003c67): если она на спавне она общественная
[10:10:50] RearedDragon540 (e09fe396-2acc-3af0-88aa-156442b81fdb): стоп что ?
[10:11:01] RearedDragon540 (e09fe396-2acc-3af0-88aa-156442b81fdb): в правилах не написано
[10:11:04] LightNight010 (b404b429-ad5e-3cdf-9b17-af0796003c67): ну типо если личная ты должен отойти подальше
[10:11:20] RearedDragon540 (e09fe396-2acc-3af0-88aa-156442b81fdb): можно завтра ?
[10:11:25] LightNight010 (b404b429-ad5e-3cdf-9b17-af0796003c67): ну желательно
[10:11:34] LightNight010 (b404b429-ad5e-3cdf-9b17-af0796003c67): найди себе место для базы
[10:11:40] RearedDragon540 (e09fe396-2acc-3af0-88aa-156442b81fdb): не будут воровать и кто это придумал
[10:12:06] RearedDragon540 (e09fe396-2acc-3af0-88aa-156442b81fdb): ну блин
[10:16:39] LightNight010 (b404b429-ad5e-3cdf-9b17-af0796003c67): еба
[10:16:43] LightNight010 (b404b429-ad5e-3cdf-9b17-af0796003c67): кто такой терпеливый
[10:16:54] AviKgolD1 (fe9f4036-69b5-38be-a9c3-1d860d8c4398): чего?
[10:17:06] LightNight010 (b404b429-ad5e-3cdf-9b17-af0796003c67): кто так долго ждал 2 чела чтоб поспать
[10:17:17] AviKgolD1 (fe9f4036-69b5-38be-a9c3-1d860d8c4398): а
[10:17:22] Lolaol (87ad5a86-9b00-3567-aad2-09baa248d884): я >:(
[10:17:24] GOLDENDUSST (a0ee3527-abbd-3f28-bd2e-ff7c77b23497): Необязательно ждать можно лечь и встать
[10:17:32] LightNight010 (b404b429-ad5e-3cdf-9b17-af0796003c67): вахахах
[10:18:50] Lolaol (87ad5a86-9b00-3567-aad2-09baa248d884): зато покушал
[10:19:07] GOLDENDUSST (a0ee3527-abbd-3f28-bd2e-ff7c77b23497): Ты в моей деревне?
[10:19:21] Lolaol (87ad5a86-9b00-3567-aad2-09baa248d884): нет я на коробле
[10:19:30] Lolaol (87ad5a86-9b00-3567-aad2-09baa248d884): я на коробле
[10:40:37] LightNight010 (b404b429-ad5e-3cdf-9b17-af0796003c67): скип
[10:53:13] LightNight010 (b404b429-ad5e-3cdf-9b17-af0796003c67): Я не дома
[10:53:14] RunishYT (deb2ebb7-8562-3728-8ba8-ec800da9360c): СПАТЬ
[10:53:19] LightNight010 (b404b429-ad5e-3cdf-9b17-af0796003c67): Я не дома
[10:56:02] kollar_344 (9ee26b5e-1e8d-3bdd-a9ac-d3ead30e62cc): qq
[11:06:53] Lolaol (87ad5a86-9b00-3567-aad2-09baa248d884): нет
[11:07:03] GOLDENDUSST (a0ee3527-abbd-3f28-bd2e-ff7c77b23497): Да
[11:15:01] LightNight010 (b404b429-ad5e-3cdf-9b17-af0796003c67): F
[11:17:25] LightNight010 (b404b429-ad5e-3cdf-9b17-af0796003c67): Морква у кого то есть?
[11:20:33] LightNight010 (b404b429-ad5e-3cdf-9b17-af0796003c67): чё из дс ливнул
[11:20:57] kollar_344 (9ee26b5e-1e8d-3bdd-a9ac-d3ead30e62cc): позванили
[11:21:00] LightNight010 (b404b429-ad5e-3cdf-9b17-af0796003c67): а ок
[11:21:15] LightNight010 (b404b429-ad5e-3cdf-9b17-af0796003c67): тут ферма мобов
[11:21:20] LightNight010 (b404b429-ad5e-3cdf-9b17-af0796003c67): но она приватная
[11:21:28] LightNight010 (b404b429-ad5e-3cdf-9b17-af0796003c67): надо будет у создателя спросить потом
[11:21:51] kollar_344 (9ee26b5e-1e8d-3bdd-a9ac-d3ead30e62cc): кста
[11:21:55] LightNight010 (b404b429-ad5e-3cdf-9b17-af0796003c67): ?
[11:22:02] kollar_344 (9ee26b5e-1e8d-3bdd-a9ac-d3ead30e62cc): через час судная ночь
[11:22:06] LightNight010 (b404b429-ad5e-3cdf-9b17-af0796003c67): нах
[11:22:11] LightNight010 (b404b429-ad5e-3cdf-9b17-af0796003c67): никто неподготовился
[11:22:18] kollar_344 (9ee26b5e-1e8d-3bdd-a9ac-d3ead30e62cc): ну вот
[11:22:25] LightNight010 (b404b429-ad5e-3cdf-9b17-af0796003c67): го завтра
[11:22:32] kollar_344 (9ee26b5e-1e8d-3bdd-a9ac-d3ead30e62cc): неа уже скоро
[11:22:34] LightNight010 (b404b429-ad5e-3cdf-9b17-af0796003c67): пока что вот
[11:22:41] LightNight010 (b404b429-ad5e-3cdf-9b17-af0796003c67): я пойду достраивать
[11:22:45] LightNight010 (b404b429-ad5e-3cdf-9b17-af0796003c67): можешь у меня пожить
[11:23:00] kollar_344 (9ee26b5e-1e8d-3bdd-a9ac-d3ead30e62cc): окей я пойду к судной готовиться
[11:23:04] LightNight010 (b404b429-ad5e-3cdf-9b17-af0796003c67): и я
[11:23:11] kollar_344 (9ee26b5e-1e8d-3bdd-a9ac-d3ead30e62cc): а ок
[11:42:10] GOLDENDUSST (a0ee3527-abbd-3f28-bd2e-ff7c77b23497): ашалел
[11:42:14] GOLDENDUSST (a0ee3527-abbd-3f28-bd2e-ff7c77b23497): это запретка
[11:42:20] Lolaol (87ad5a86-9b00-3567-aad2-09baa248d884): можете продать стекло?
[11:43:35] GOLDENDUSST (a0ee3527-abbd-3f28-bd2e-ff7c77b23497): сколько
[11:43:38] GOLDENDUSST (a0ee3527-abbd-3f28-bd2e-ff7c77b23497): стекла
[11:43:58] Lolaol (87ad5a86-9b00-3567-aad2-09baa248d884): а сколько я смогу купить на 2 алмаза?
[11:44:08] GOLDENDUSST (a0ee3527-abbd-3f28-bd2e-ff7c77b23497): два стака
[11:44:18] Lolaol (87ad5a86-9b00-3567-aad2-09baa248d884): ок
[11:45:34] GOLDENDUSST (a0ee3527-abbd-3f28-bd2e-ff7c77b23497): на три
[11:45:54] Lolaol (87ad5a86-9b00-3567-aad2-09baa248d884): спосибо
[11:50:55] Lolaol (87ad5a86-9b00-3567-aad2-09baa248d884): извените я пошол суши кушать пока
[12:16:23] RearedDragon540 (e09fe396-2acc-3af0-88aa-156442b81fdb): всем привет
[12:18:06] RearedDragon540 (e09fe396-2acc-3af0-88aa-156442b81fdb): ребят если база у спавна но
[12:18:13] RearedDragon540 (e09fe396-2acc-3af0-88aa-156442b81fdb): она общая ?
[12:50:44] RearedDragon540 (e09fe396-2acc-3af0-88aa-156442b81fdb): привет
[12:53:38] RearedDragon540 (e09fe396-2acc-3af0-88aa-156442b81fdb): всем привет
[14:46:07] RunishYT (deb2ebb7-8562-3728-8ba8-ec800da9360c): кто будет работать за 20 стаков бумаги?
[14:46:19] RearedDragon540 (e09fe396-2acc-3af0-88aa-156442b81fdb): я
[14:46:40] Lolaol (87ad5a86-9b00-3567-aad2-09baa248d884): а зачем нам 20 стаков бумаги?
[14:46:47] RunishYT (deb2ebb7-8562-3728-8ba8-ec800da9360c): жителям продать
[14:47:02] Lolaol (87ad5a86-9b00-3567-aad2-09baa248d884): я бы за стекло работал
[14:47:19] Lolaol (87ad5a86-9b00-3567-aad2-09baa248d884): я бы за стекло работал
[14:47:32] RearedDragon540 (e09fe396-2acc-3af0-88aa-156442b81fdb): вылетело блятт
[14:53:15] RunishYT (deb2ebb7-8562-3728-8ba8-ec800da9360c): Это грабеж
[14:53:45] RearedDragon540 (e09fe396-2acc-3af0-88aa-156442b81fdb): что?
[14:54:14] RearedDragon540 (e09fe396-2acc-3af0-88aa-156442b81fdb): ты кто не бей пж
[14:54:25] RunishYT (deb2ebb7-8562-3728-8ba8-ec800da9360c): э бля кто спиздил
[14:54:37] RearedDragon540 (e09fe396-2acc-3af0-88aa-156442b81fdb): не я
[14:54:41] Lolaol (87ad5a86-9b00-3567-aad2-09baa248d884): что и кто?
[14:54:53] RunishYT (deb2ebb7-8562-3728-8ba8-ec800da9360c): тотемы
[14:55:00] RearedDragon540 (e09fe396-2acc-3af0-88aa-156442b81fdb): кстати хочешь бесплатных печенек ?
[14:55:01] RearedDragon540 (e09fe396-2acc-3af0-88aa-156442b81fdb): кстати хочешь бесплатных печенек ?э
[14:55:05] Lolaol (87ad5a86-9b00-3567-aad2-09baa248d884): хз
[14:55:07] RunishYT (deb2ebb7-8562-3728-8ba8-ec800da9360c): нэт
[14:55:14] RearedDragon540 (e09fe396-2acc-3af0-88aa-156442b81fdb): ну ок(
[14:55:32] RearedDragon540 (e09fe396-2acc-3af0-88aa-156442b81fdb): пока
[14:55:54] Lolaol (87ad5a86-9b00-3567-aad2-09baa248d884): у меня есть токо 1 который мне GOLDENDUSST дал :/
[14:56:16] RunishYT (deb2ebb7-8562-3728-8ba8-ec800da9360c): го пвп
[14:56:31] RunishYT (deb2ebb7-8562-3728-8ba8-ec800da9360c): я руками ты мечом
[14:56:39] RearedDragon540 (e09fe396-2acc-3af0-88aa-156442b81fdb): нет
[14:56:44] RearedDragon540 (e09fe396-2acc-3af0-88aa-156442b81fdb): мой меч железный
[14:57:53] Lolaol (87ad5a86-9b00-3567-aad2-09baa248d884): могу пороботать за песок или стекло!
[14:58:13] RunishYT (deb2ebb7-8562-3728-8ba8-ec800da9360c): построй евангелион на спавне за 3 шалкера всего
[14:58:25] RunishYT (deb2ebb7-8562-3728-8ba8-ec800da9360c): и стекла и песка
[14:58:46] Lolaol (87ad5a86-9b00-3567-aad2-09baa248d884): я хз что это :_)
[14:59:51] RunishYT (deb2ebb7-8562-3728-8ba8-ec800da9360c): Евангелие ну библия короч
[15:00:08] Lolaol (87ad5a86-9b00-3567-aad2-09baa248d884): библиотека?
[15:00:22] RearedDragon540 (e09fe396-2acc-3af0-88aa-156442b81fdb): блин как же хочется алмазную кирку :(
[15:17:14] Lolaol (87ad5a86-9b00-3567-aad2-09baa248d884): Выпалняю любое жилание за 1 алмазный блок :)
[15:18:17] RunishYT (deb2ebb7-8562-3728-8ba8-ec800da9360c): построй евангелион
[15:18:50] Lolaol (87ad5a86-9b00-3567-aad2-09baa248d884): это что точное обозночение
[15:19:09] RunishYT (deb2ebb7-8562-3728-8ba8-ec800da9360c): гиганский биоробот имеющий ат поле сразающийся с ангелами
[15:19:34] GOLDENDUSST (a0ee3527-abbd-3f28-bd2e-ff7c77b23497): Слушай моё первое желание джин будь моим рабом до 2026
[15:19:34] Lolaol (87ad5a86-9b00-3567-aad2-09baa248d884): типо картина
[15:19:37] RunishYT (deb2ebb7-8562-3728-8ba8-ec800da9360c): управляемый школьниками 14 лет
[15:20:02] RunishYT (deb2ebb7-8562-3728-8ba8-ec800da9360c): в которых содержана душа их матерей
[15:20:42] RunishYT (deb2ebb7-8562-3728-8ba8-ec800da9360c): созданные из клеток адама нерв
[15:25:49] Lolaol (87ad5a86-9b00-3567-aad2-09baa248d884): довайте в пределах нормального желайте :)
[15:26:03] RunishYT (deb2ebb7-8562-3728-8ba8-ec800da9360c): в плече каждого из евангелионов есть квантовый клинок режающий все
[15:26:26] RunishYT (deb2ebb7-8562-3728-8ba8-ec800da9360c): Евангелионы ростом метров 80
[15:26:44] RunishYT (deb2ebb7-8562-3728-8ba8-ec800da9360c): Энергия обеспечивается кабелем
[15:27:00] RunishYT (deb2ebb7-8562-3728-8ba8-ec800da9360c): Кабеля размещены по всему Токио 3
[15:27:40] RunishYT (deb2ebb7-8562-3728-8ba8-ec800da9360c): Евангелионов всего 4
[15:27:46] RunishYT (deb2ebb7-8562-3728-8ba8-ec800da9360c): Интересен только 1
[15:27:56] RunishYT (deb2ebb7-8562-3728-8ba8-ec800da9360c): Первая сделана из клетек Лилит
[15:30:00] Lolaol (87ad5a86-9b00-3567-aad2-09baa248d884): вы где?
[15:30:10] RunishYT (deb2ebb7-8562-3728-8ba8-ec800da9360c): в энде
[15:30:23] Lolaol (87ad5a86-9b00-3567-aad2-09baa248d884): почему?
[15:30:32] Lolaol (87ad5a86-9b00-3567-aad2-09baa248d884): почему?
[15:30:42] RunishYT (deb2ebb7-8562-3728-8ba8-ec800da9360c): незнаю
[15:31:05] RunishYT (deb2ebb7-8562-3728-8ba8-ec800da9360c): построй город мне
[15:31:21] Lolaol (87ad5a86-9b00-3567-aad2-09baa248d884): какой и где?
[15:31:27] RunishYT (deb2ebb7-8562-3728-8ba8-ec800da9360c): на моей базе
[15:31:37] RunishYT (deb2ebb7-8562-3728-8ba8-ec800da9360c): красивый большой город
[15:31:43] RunishYT (deb2ebb7-8562-3728-8ba8-ec800da9360c): на весь остров
[15:31:45] Lolaol (87ad5a86-9b00-3567-aad2-09baa248d884): какой город?
[15:31:51] RunishYT (deb2ebb7-8562-3728-8ba8-ec800da9360c): красивый
[15:32:06] Lolaol (87ad5a86-9b00-3567-aad2-09baa248d884): из чего?
[15:32:19] RunishYT (deb2ebb7-8562-3728-8ba8-ec800da9360c): из красивых блоков
[15:32:30] GOLDENDUSST (a0ee3527-abbd-3f28-bd2e-ff7c77b23497): Короче джин стоимость выполнения желания 1 алмаз блок. Моё желание алмаз блока
[15:32:57] Lolaol (87ad5a86-9b00-3567-aad2-09baa248d884): это желание не льзя загодать
[15:33:12] Lolaol (87ad5a86-9b00-3567-aad2-09baa248d884): как должен выгледеть город?
[15:33:19] RunishYT (deb2ebb7-8562-3728-8ba8-ec800da9360c): Как город
[15:33:21] GOLDENDUSST (a0ee3527-abbd-3f28-bd2e-ff7c77b23497): Большой красивый
[15:33:31] RunishYT (deb2ebb7-8562-3728-8ba8-ec800da9360c): на весь остров наш
[15:33:35] RunishYT (deb2ebb7-8562-3728-8ba8-ec800da9360c): он маленький
[15:33:44] RunishYT (deb2ebb7-8562-3728-8ba8-ec800da9360c): вроде 400 на 400
[15:33:55] RunishYT (deb2ebb7-8562-3728-8ba8-ec800da9360c): или 1000 на 1000
[15:34:59] RunishYT (deb2ebb7-8562-3728-8ba8-ec800da9360c): рял город построишь?
[15:35:20] RunishYT (deb2ebb7-8562-3728-8ba8-ec800da9360c): ну такой красивый если хуйня будет алмазный блок не дам
[15:36:37] GOLDENDUSST (a0ee3527-abbd-3f28-bd2e-ff7c77b23497): короч давай так
[15:36:42] Lolaol (87ad5a86-9b00-3567-aad2-09baa248d884): а в кокой точке его строить
[15:36:54] RunishYT (deb2ebb7-8562-3728-8ba8-ec800da9360c): весь остров
[15:36:54] GOLDENDUSST (a0ee3527-abbd-3f28-bd2e-ff7c77b23497): я даю тебе старт комплект алмазку с инструментами
[15:37:13] GOLDENDUSST (a0ee3527-abbd-3f28-bd2e-ff7c77b23497): и ты через неделю даёшь мне алмазы около 10
[15:37:20] GOLDENDUSST (a0ee3527-abbd-3f28-bd2e-ff7c77b23497): это мало
[15:37:27] GOLDENDUSST (a0ee3527-abbd-3f28-bd2e-ff7c77b23497): из за день можно накопать
[15:37:33] Lolaol (87ad5a86-9b00-3567-aad2-09baa248d884): пон
[15:37:45] RunishYT (deb2ebb7-8562-3728-8ba8-ec800da9360c): видишь
[15:38:12] RunishYT (deb2ebb7-8562-3728-8ba8-ec800da9360c): вот чтобы тут был город
[15:38:24] RunishYT (deb2ebb7-8562-3728-8ba8-ec800da9360c): где я хож
[15:38:31] RunishYT (deb2ebb7-8562-3728-8ba8-ec800da9360c): где я хожу
[15:38:36] Lolaol (87ad5a86-9b00-3567-aad2-09baa248d884): :_(
[15:38:37] RunishYT (deb2ebb7-8562-3728-8ba8-ec800da9360c): там должен быть город
[15:38:44] RunishYT (deb2ebb7-8562-3728-8ba8-ec800da9360c): чтобы домов было много
[15:39:02] RunishYT (deb2ebb7-8562-3728-8ba8-ec800da9360c): удачи увидемся через месяц
[15:39:25] RunishYT (deb2ebb7-8562-3728-8ba8-ec800da9360c): блоки тоже сам добывай
[15:39:56] Lolaol (87ad5a86-9b00-3567-aad2-09baa248d884): я передумал выполнять твои желания они для меня(новичка) сложные
[15:40:39] RunishYT (deb2ebb7-8562-3728-8ba8-ec800da9360c): да ты прост строить не умеешь
[15:40:48] Lolaol (87ad5a86-9b00-3567-aad2-09baa248d884): умею
[15:40:57] Lolaol (87ad5a86-9b00-3567-aad2-09baa248d884): токо не сильно
[15:41:06] Lolaol (87ad5a86-9b00-3567-aad2-09baa248d884): как вы
[15:41:24] RunishYT (deb2ebb7-8562-3728-8ba8-ec800da9360c): вот видал Вова я умею строить
[15:41:39] RunishYT (deb2ebb7-8562-3728-8ba8-ec800da9360c): а то ты говорил "Да ты лох дерьмище строишь"
[15:41:40] GOLDENDUSST (a0ee3527-abbd-3f28-bd2e-ff7c77b23497): пиздишь
[15:42:01] Lolaol (87ad5a86-9b00-3567-aad2-09baa248d884): а сказал вы а не ты :/
[15:42:15] GOLDENDUSST (a0ee3527-abbd-3f28-bd2e-ff7c77b23497): я про то что руниш пиздабол
[15:42:17] RunishYT (deb2ebb7-8562-3728-8ba8-ec800da9360c): а
[15:42:48] RunishYT (deb2ebb7-8562-3728-8ba8-ec800da9360c): но ты же говорил "Да ты лох дерьмиде строишь"
[15:42:59] RunishYT (deb2ebb7-8562-3728-8ba8-ec800da9360c): но ты же говорил "Да ты лох дерьмище строишь"
[15:45:36] RunishYT (deb2ebb7-8562-3728-8ba8-ec800da9360c): короч
[15:45:41] RunishYT (deb2ebb7-8562-3728-8ba8-ec800da9360c): на тотем
[15:45:47] RunishYT (deb2ebb7-8562-3728-8ba8-ec800da9360c): я хочу протестить лук
[15:46:03] RunishYT (deb2ebb7-8562-3728-8ba8-ec800da9360c): давай
[15:46:09] GOLDENDUSST (a0ee3527-abbd-3f28-bd2e-ff7c77b23497): 3
[15:46:11] GOLDENDUSST (a0ee3527-abbd-3f28-bd2e-ff7c77b23497): 2
[15:46:13] GOLDENDUSST (a0ee3527-abbd-3f28-bd2e-ff7c77b23497): 1
[15:47:21] RunishYT (deb2ebb7-8562-3728-8ba8-ec800da9360c): хихихаха
[15:47:44] RunishYT (deb2ebb7-8562-3728-8ba8-ec800da9360c): смари
[15:47:45] Lolaol (87ad5a86-9b00-3567-aad2-09baa248d884): у вас есть наковальня?
[15:48:04] RunishYT (deb2ebb7-8562-3728-8ba8-ec800da9360c): смари
[15:48:04] RunishYT (deb2ebb7-8562-3728-8ba8-ec800da9360c): смари
[15:48:05] RunishYT (deb2ebb7-8562-3728-8ba8-ec800da9360c): смари
[15:48:05] RunishYT (deb2ebb7-8562-3728-8ba8-ec800da9360c): смари
[15:48:06] RunishYT (deb2ebb7-8562-3728-8ba8-ec800da9360c): смари
[15:49:06] Lolaol (87ad5a86-9b00-3567-aad2-09baa248d884): у вас есть наковальня?
[15:53:34] RearedDragon540 (e09fe396-2acc-3af0-88aa-156442b81fdb): всеммпри
[15:53:40] RearedDragon540 (e09fe396-2acc-3af0-88aa-156442b81fdb): всем привет
[15:55:22] RunishYT (deb2ebb7-8562-3728-8ba8-ec800da9360c): это фбр
[15:55:35] RearedDragon540 (e09fe396-2acc-3af0-88aa-156442b81fdb): что?
[16:01:33] Lolaol (87ad5a86-9b00-3567-aad2-09baa248d884): а как понять на какой высоте лутше уопать алмазы
[16:04:46] Lolaol (87ad5a86-9b00-3567-aad2-09baa248d884): помогите на как понять на какой высоте летше искать алмазы
[16:05:12] Lolaol (87ad5a86-9b00-3567-aad2-09baa248d884): а чё все вышли :(
[16:30:43] RearedDragon540 (e09fe396-2acc-3af0-88aa-156442b81fdb): ку
[16:32:03] AviKgolD1 (fe9f4036-69b5-38be-a9c3-1d860d8c4398): qq
[16:34:24] LightNight010 (b404b429-ad5e-3cdf-9b17-af0796003c67): qq
[16:34:30] AviKgolD1 (fe9f4036-69b5-38be-a9c3-1d860d8c4398): q
[16:35:10] AviKgolD1 (fe9f4036-69b5-38be-a9c3-1d860d8c4398): на ферме пороха
[16:35:39] Lolaol (87ad5a86-9b00-3567-aad2-09baa248d884): подскажите на какой высоте капать алмазы и как понятьна какой :/
[16:36:01] LightNight010 (b404b429-ad5e-3cdf-9b17-af0796003c67): у тебя морковка обычная есть?
[16:36:12] AviKgolD1 (fe9f4036-69b5-38be-a9c3-1d860d8c4398): я на с -54 до -59 копаю алмазы
[16:36:21] AviKgolD1 (fe9f4036-69b5-38be-a9c3-1d860d8c4398): морковка может есть
[16:36:25] AviKgolD1 (fe9f4036-69b5-38be-a9c3-1d860d8c4398): но на базе
[16:36:31] AviKgolD1 (fe9f4036-69b5-38be-a9c3-1d860d8c4398): точно не знаю
[16:36:37] LightNight010 (b404b429-ad5e-3cdf-9b17-af0796003c67): Я ищу большие шахты с глубинным сланцем
[16:36:46] RearedDragon540 (e09fe396-2acc-3af0-88aa-156442b81fdb): я сейчас в ней
[16:36:53] LightNight010 (b404b429-ad5e-3cdf-9b17-af0796003c67): И там через текстурпак с светящимеся рудами ищу
[16:37:40] Lolaol (87ad5a86-9b00-3567-aad2-09baa248d884): у меня токого нет
[16:37:47] LightNight010 (b404b429-ad5e-3cdf-9b17-af0796003c67): Скачай
[16:38:06] AviKgolD1 (fe9f4036-69b5-38be-a9c3-1d860d8c4398): на бедрок тоже есть такие текстуры
[16:38:48] Lolaol (87ad5a86-9b00-3567-aad2-09baa248d884): я знаю мне просто долго искать и ещё лень :)
[16:41:22] LightNight010 (b404b429-ad5e-3cdf-9b17-af0796003c67): F
[16:41:52] AviKgolD1 (fe9f4036-69b5-38be-a9c3-1d860d8c4398): это специально
[16:42:05] LightNight010 (b404b429-ad5e-3cdf-9b17-af0796003c67): а лан
[16:42:55] AviKgolD1 (fe9f4036-69b5-38be-a9c3-1d860d8c4398): я уже дома
[16:43:05] AviKgolD1 (fe9f4036-69b5-38be-a9c3-1d860d8c4398): на ферме нитки должны быть
[16:43:10] LightNight010 (b404b429-ad5e-3cdf-9b17-af0796003c67): А ну да
[16:49:06] LightNight010 (b404b429-ad5e-3cdf-9b17-af0796003c67): Скип
[17:10:30] AviKgolD1 (fe9f4036-69b5-38be-a9c3-1d860d8c4398): ок, ток не фулловую
[17:11:17] AviKgolD1 (fe9f4036-69b5-38be-a9c3-1d860d8c4398): фулловую не бери
[17:11:55] AviKgolD1 (fe9f4036-69b5-38be-a9c3-1d860d8c4398): сам подумай опыт добывать очень сложно
[17:12:42] AviKgolD1 (fe9f4036-69b5-38be-a9c3-1d860d8c4398): а, просто которая торгованая тогда да, бери
[17:13:37] AviKgolD1 (fe9f4036-69b5-38be-a9c3-1d860d8c4398): я про ту подумал на которой топ зачары
[17:14:04] AviKgolD1 (fe9f4036-69b5-38be-a9c3-1d860d8c4398): сложно каждый раз так писать я с бедрока
[17:36:57] Lolaol (87ad5a86-9b00-3567-aad2-09baa248d884): Всем пока до завтра(сегодня для тех у кого 00:00)
