[06:38:18] GOLDENDUSST (a0ee3527-abbd-3f28-bd2e-ff7c77b23497): Да
[06:38:26] GOLDENDUSST (a0ee3527-abbd-3f28-bd2e-ff7c77b23497): Я прост догадался до них
[06:47:44] RunishYT (deb2ebb7-8562-3728-8ba8-ec800da9360c): это испытание
[06:47:58] RunishYT (deb2ebb7-8562-3728-8ba8-ec800da9360c): чтобы повзрослеть человек должен преодолеть ошибки юности
[06:48:12] RunishYT (deb2ebb7-8562-3728-8ba8-ec800da9360c): фартук у тебя на базе лагает немного
[06:48:24] ItsFartunaRu (87aa0b4c-629f-3cae-a9c4-787ca2fa3e21): там ферма тяув
[06:48:27] RunishYT (deb2ebb7-8562-3728-8ba8-ec800da9360c): в то время как у меня уменьшается макс 3 фпс
[06:48:27] ItsFartunaRu (87aa0b4c-629f-3cae-a9c4-787ca2fa3e21): тыкв
[06:48:33] RunishYT (deb2ebb7-8562-3728-8ba8-ec800da9360c): ясно
[06:48:41] ItsFartunaRu (87aa0b4c-629f-3cae-a9c4-787ca2fa3e21): будет ещё бошьше
[06:55:55] Bradly378 (9ab93dfb-1454-3bb1-b47f-700f714534a9): ку руина
[06:56:02] RunishYT (deb2ebb7-8562-3728-8ba8-ec800da9360c): охуел хлебле
[06:56:10] Bradly378 (9ab93dfb-1454-3bb1-b47f-700f714534a9): yes
[06:56:18] Bradly378 (9ab93dfb-1454-3bb1-b47f-700f714534a9): :D
[06:56:35] RunishYT (deb2ebb7-8562-3728-8ba8-ec800da9360c): все запрет
[06:56:36] Bradly378 (9ab93dfb-1454-3bb1-b47f-700f714534a9): ладна пака
[07:36:11] NightVizer (baecb933-9897-3b35-86a3-c2c9dd1004dd): привет
[07:36:21] ItsFartunaRu (87aa0b4c-629f-3cae-a9c4-787ca2fa3e21): q
[07:39:20] NightVizer (baecb933-9897-3b35-86a3-c2c9dd1004dd): прив
[07:39:33] ItsFartunaRu (87aa0b4c-629f-3cae-a9c4-787ca2fa3e21): ухади
[07:39:46] NightVizer (baecb933-9897-3b35-86a3-c2c9dd1004dd): пхах
[07:40:46] ItsFartunaRu (87aa0b4c-629f-3cae-a9c4-787ca2fa3e21): учись я летаю
[08:40:35] NightVizer (baecb933-9897-3b35-86a3-c2c9dd1004dd): привет
[08:40:43] GOLDENDUSST (a0ee3527-abbd-3f28-bd2e-ff7c77b23497): прив
[08:57:36] ItsFartunaRu (87aa0b4c-629f-3cae-a9c4-787ca2fa3e21): пошло нахуй
[08:57:46] ItsFartunaRu (87aa0b4c-629f-3cae-a9c4-787ca2fa3e21): дай права на писать тогда
[08:58:31] ItsFartunaRu (87aa0b4c-629f-3cae-a9c4-787ca2fa3e21): сестре привет
[09:01:00] ItsFartunaRu (87aa0b4c-629f-3cae-a9c4-787ca2fa3e21): че по пункту
[09:05:28] ItsFartunaRu (87aa0b4c-629f-3cae-a9c4-787ca2fa3e21): не дэбил, а еблан
[09:06:19] ItsFartunaRu (87aa0b4c-629f-3cae-a9c4-787ca2fa3e21): зачо
[09:06:26] ItsFartunaRu (87aa0b4c-629f-3cae-a9c4-787ca2fa3e21): пошел нахцй броу
[09:06:31] ItsFartunaRu (87aa0b4c-629f-3cae-a9c4-787ca2fa3e21): все
[09:06:34] ItsFartunaRu (87aa0b4c-629f-3cae-a9c4-787ca2fa3e21): понял
[09:07:01] ItsFartunaRu (87aa0b4c-629f-3cae-a9c4-787ca2fa3e21): идите спите
[09:07:21] ItsFartunaRu (87aa0b4c-629f-3cae-a9c4-787ca2fa3e21): туда
[09:08:06] ItsFartunaRu (87aa0b4c-629f-3cae-a9c4-787ca2fa3e21): да вы заебали
[09:08:10] ItsFartunaRu (87aa0b4c-629f-3cae-a9c4-787ca2fa3e21): идите в лс
[09:08:33] ItsFartunaRu (87aa0b4c-629f-3cae-a9c4-787ca2fa3e21): отруби тогда их нахуй
[09:08:50] ItsFartunaRu (87aa0b4c-629f-3cae-a9c4-787ca2fa3e21): сексрен не шарит за бан
[09:10:10] ItsFartunaRu (87aa0b4c-629f-3cae-a9c4-787ca2fa3e21): каком оффтопе
[09:10:17] ItsFartunaRu (87aa0b4c-629f-3cae-a9c4-787ca2fa3e21): нахуй оно нужно
[09:10:24] ItsFartunaRu (87aa0b4c-629f-3cae-a9c4-787ca2fa3e21): сайк хорош
[09:10:38] ItsFartunaRu (87aa0b4c-629f-3cae-a9c4-787ca2fa3e21): еблан нэт
[09:10:50] ItsFartunaRu (87aa0b4c-629f-3cae-a9c4-787ca2fa3e21): моя просьба сделать далёкие земли
[09:10:56] ItsFartunaRu (87aa0b4c-629f-3cae-a9c4-787ca2fa3e21): приступай
[09:11:11] ItsFartunaRu (87aa0b4c-629f-3cae-a9c4-787ca2fa3e21): ваймворлд хуйня
[09:12:00] ItsFartunaRu (87aa0b4c-629f-3cae-a9c4-787ca2fa3e21): когда дарктай. стал адменом
[09:12:03] ItsFartunaRu (87aa0b4c-629f-3cae-a9c4-787ca2fa3e21): сука
[09:12:15] ItsFartunaRu (87aa0b4c-629f-3cae-a9c4-787ca2fa3e21): дарклайт
[09:12:19] ItsFartunaRu (87aa0b4c-629f-3cae-a9c4-787ca2fa3e21): я уебан
[09:12:38] ItsFartunaRu (87aa0b4c-629f-3cae-a9c4-787ca2fa3e21): когда сексрен стала адмен
[09:13:30] ItsFartunaRu (87aa0b4c-629f-3cae-a9c4-787ca2fa3e21): гг тима рачил я ливаю
[09:17:52] ItsFartunaRu (87aa0b4c-629f-3cae-a9c4-787ca2fa3e21): да пошли вы нахуй
[09:19:05] ItsFartunaRu (87aa0b4c-629f-3cae-a9c4-787ca2fa3e21): да вы заебали
[09:19:26] ItsFartunaRu (87aa0b4c-629f-3cae-a9c4-787ca2fa3e21): скинь денег на карту
[09:28:59] ItsFartunaRu (87aa0b4c-629f-3cae-a9c4-787ca2fa3e21): 2458 592
[09:29:37] ItsFartunaRu (87aa0b4c-629f-3cae-a9c4-787ca2fa3e21): 307 74
[09:33:42] NightVizer (baecb933-9897-3b35-86a3-c2c9dd1004dd): ты железо случаем не продаешь?
[09:33:54] ItsFartunaRu (87aa0b4c-629f-3cae-a9c4-787ca2fa3e21): скок над
[09:34:14] NightVizer (baecb933-9897-3b35-86a3-c2c9dd1004dd): ну примерно 10 стаков
[09:34:22] ItsFartunaRu (87aa0b4c-629f-3cae-a9c4-787ca2fa3e21): сток нету
[09:34:26] ItsFartunaRu (87aa0b4c-629f-3cae-a9c4-787ca2fa3e21): сток нету
[09:34:35] NightVizer (baecb933-9897-3b35-86a3-c2c9dd1004dd): скок есть?
[09:34:41] ItsFartunaRu (87aa0b4c-629f-3cae-a9c4-787ca2fa3e21): не помню
[09:34:50] ItsFartunaRu (87aa0b4c-629f-3cae-a9c4-787ca2fa3e21): я щас пытаюсь на крышу ада попасть
[09:35:02] NightVizer (baecb933-9897-3b35-86a3-c2c9dd1004dd): пёрлы дать?
[09:35:34] ItsFartunaRu (87aa0b4c-629f-3cae-a9c4-787ca2fa3e21): они у меня есть
[09:35:46] ItsFartunaRu (87aa0b4c-629f-3cae-a9c4-787ca2fa3e21): блят я забыл что надо юзать лестницу
[09:35:47] NightVizer (baecb933-9897-3b35-86a3-c2c9dd1004dd): ну лан
[09:40:55] ItsFartunaRu (87aa0b4c-629f-3cae-a9c4-787ca2fa3e21): блят схуяли они не линкнулись
[09:43:00] ItsFartunaRu (87aa0b4c-629f-3cae-a9c4-787ca2fa3e21): 2470 593
[09:43:30] ItsFartunaRu (87aa0b4c-629f-3cae-a9c4-787ca2fa3e21): 308 74
[09:46:12] ItsFartunaRu (87aa0b4c-629f-3cae-a9c4-787ca2fa3e21): 2457 575
[09:46:31] ItsFartunaRu (87aa0b4c-629f-3cae-a9c4-787ca2fa3e21): 307 71
[09:51:30] NightVizer (baecb933-9897-3b35-86a3-c2c9dd1004dd): ты шалкеры или элитры случаем не продаёшь?
[09:51:35] ItsFartunaRu (87aa0b4c-629f-3cae-a9c4-787ca2fa3e21): не
[09:51:44] NightVizer (baecb933-9897-3b35-86a3-c2c9dd1004dd): лан
[09:51:52] ItsFartunaRu (87aa0b4c-629f-3cae-a9c4-787ca2fa3e21): 2470
[09:51:57] ItsFartunaRu (87aa0b4c-629f-3cae-a9c4-787ca2fa3e21): 593
[09:52:39] ItsFartunaRu (87aa0b4c-629f-3cae-a9c4-787ca2fa3e21): 308 74
[10:02:48] ItsFartunaRu (87aa0b4c-629f-3cae-a9c4-787ca2fa3e21): 307 74
[10:05:33] ItsFartunaRu (87aa0b4c-629f-3cae-a9c4-787ca2fa3e21): 307 72
[10:14:53] ItsFartunaRu (87aa0b4c-629f-3cae-a9c4-787ca2fa3e21): 2457 603
[10:15:21] ItsFartunaRu (87aa0b4c-629f-3cae-a9c4-787ca2fa3e21): 207 75
[10:15:26] NightVizer (baecb933-9897-3b35-86a3-c2c9dd1004dd): прив
[10:20:51] ItsFartunaRu (87aa0b4c-629f-3cae-a9c4-787ca2fa3e21): 306 77
[10:23:01] ItsFartunaRu (87aa0b4c-629f-3cae-a9c4-787ca2fa3e21): да сука
[10:23:02] GOLDENDUSST (a0ee3527-abbd-3f28-bd2e-ff7c77b23497): А бля я не один
[10:23:05] ItsFartunaRu (87aa0b4c-629f-3cae-a9c4-787ca2fa3e21): я заебался
[10:23:35] ItsFartunaRu (87aa0b4c-629f-3cae-a9c4-787ca2fa3e21): тупые порталы не линкаются
[10:24:51] ItsFartunaRu (87aa0b4c-629f-3cae-a9c4-787ca2fa3e21): 305 76
[10:26:07] ItsFartunaRu (87aa0b4c-629f-3cae-a9c4-787ca2fa3e21): 2441 624
[10:26:30] ItsFartunaRu (87aa0b4c-629f-3cae-a9c4-787ca2fa3e21): 305 78
[10:28:52] ItsFartunaRu (87aa0b4c-629f-3cae-a9c4-787ca2fa3e21): да схуяли
[10:30:01] ItsFartunaRu (87aa0b4c-629f-3cae-a9c4-787ca2fa3e21): 301 79
[10:33:57] ItsFartunaRu (87aa0b4c-629f-3cae-a9c4-787ca2fa3e21): 2470
[10:33:59] ItsFartunaRu (87aa0b4c-629f-3cae-a9c4-787ca2fa3e21): 594
[10:34:24] ItsFartunaRu (87aa0b4c-629f-3cae-a9c4-787ca2fa3e21): 308 74
[10:35:58] ItsFartunaRu (87aa0b4c-629f-3cae-a9c4-787ca2fa3e21): голд ты щас на крыше?
[10:36:05] GOLDENDUSST (a0ee3527-abbd-3f28-bd2e-ff7c77b23497): Да
[10:36:08] ItsFartunaRu (87aa0b4c-629f-3cae-a9c4-787ca2fa3e21): прыгай с неё
[10:36:14] GOLDENDUSST (a0ee3527-abbd-3f28-bd2e-ff7c77b23497): ь
[10:36:19] GOLDENDUSST (a0ee3527-abbd-3f28-bd2e-ff7c77b23497): Блин
[10:36:26] GOLDENDUSST (a0ee3527-abbd-3f28-bd2e-ff7c77b23497): В прошлый раз было больно
[10:36:32] ItsFartunaRu (87aa0b4c-629f-3cae-a9c4-787ca2fa3e21): ничего
[10:36:40] GOLDENDUSST (a0ee3527-abbd-3f28-bd2e-ff7c77b23497): Я на арматуру очком упал
[10:36:46] ItsFartunaRu (87aa0b4c-629f-3cae-a9c4-787ca2fa3e21): биля
[10:37:14] ItsFartunaRu (87aa0b4c-629f-3cae-a9c4-787ca2fa3e21): теперь можешь до нас бегать через крышу
[10:37:24] ItsFartunaRu (87aa0b4c-629f-3cae-a9c4-787ca2fa3e21): и тащить ресы
[10:37:29] GOLDENDUSST (a0ee3527-abbd-3f28-bd2e-ff7c77b23497): Нахуй надо
[10:37:37] ItsFartunaRu (87aa0b4c-629f-3cae-a9c4-787ca2fa3e21): ты теперь наш раб
[10:37:42] GOLDENDUSST (a0ee3527-abbd-3f28-bd2e-ff7c77b23497): Не
[10:37:48] ItsFartunaRu (87aa0b4c-629f-3cae-a9c4-787ca2fa3e21): ес
[10:38:27] GOLDENDUSST (a0ee3527-abbd-3f28-bd2e-ff7c77b23497): Можешь подрочь очко
[10:38:31] ItsFartunaRu (87aa0b4c-629f-3cae-a9c4-787ca2fa3e21): ес связал наконец-то
[10:38:40] GOLDENDUSST (a0ee3527-abbd-3f28-bd2e-ff7c77b23497): Пора ломать
[10:39:35] ItsFartunaRu (87aa0b4c-629f-3cae-a9c4-787ca2fa3e21): 2381 667
[10:39:48] ItsFartunaRu (87aa0b4c-629f-3cae-a9c4-787ca2fa3e21): 297
[10:39:58] ItsFartunaRu (87aa0b4c-629f-3cae-a9c4-787ca2fa3e21): 83
[10:43:23] ItsFartunaRu (87aa0b4c-629f-3cae-a9c4-787ca2fa3e21): ебал мать
[13:27:48] RunishYT (deb2ebb7-8562-3728-8ba8-ec800da9360c): чо за еблан зашел??
[13:27:55] RunishYT (deb2ebb7-8562-3728-8ba8-ec800da9360c): чо за еблан зашел??
[13:28:11] GOLDENDUSST (a0ee3527-abbd-3f28-bd2e-ff7c77b23497): Хули у тебя ватсап выключен
[13:28:19] RunishYT (deb2ebb7-8562-3728-8ba8-ec800da9360c): не выключен он
[13:59:35] RunishYT (deb2ebb7-8562-3728-8ba8-ec800da9360c): ливни с терры нуб
[14:00:33] GOLDENDUSST (a0ee3527-abbd-3f28-bd2e-ff7c77b23497): Какая
[14:00:46] RunishYT (deb2ebb7-8562-3728-8ba8-ec800da9360c): биля
[14:00:46] GOLDENDUSST (a0ee3527-abbd-3f28-bd2e-ff7c77b23497): Какая вещь
[14:00:59] GOLDENDUSST (a0ee3527-abbd-3f28-bd2e-ff7c77b23497): Я не понимаю
[14:14:55] RunishYT (deb2ebb7-8562-3728-8ba8-ec800da9360c): фартук быро сделал мне ферму шалкеров
[14:15:03] ItsFartunaRu (87aa0b4c-629f-3cae-a9c4-787ca2fa3e21): пошёл нахуй я копаю магму
[14:15:06] ItsFartunaRu (87aa0b4c-629f-3cae-a9c4-787ca2fa3e21): о визер
[14:15:12] ItsFartunaRu (87aa0b4c-629f-3cae-a9c4-787ca2fa3e21): продай этот
[14:15:15] ItsFartunaRu (87aa0b4c-629f-3cae-a9c4-787ca2fa3e21): как там его
[14:15:15] RunishYT (deb2ebb7-8562-3728-8ba8-ec800da9360c): бля ферма золота не робит
[14:15:27] RunishYT (deb2ebb7-8562-3728-8ba8-ec800da9360c): они хуево спавнятся
[14:15:30] ItsFartunaRu (87aa0b4c-629f-3cae-a9c4-787ca2fa3e21): незер крепость
[14:15:31] RunishYT (deb2ebb7-8562-3728-8ba8-ec800da9360c): спавнреит умер
[14:15:54] NightVizer (baecb933-9897-3b35-86a3-c2c9dd1004dd): а что?
[14:16:06] ItsFartunaRu (87aa0b4c-629f-3cae-a9c4-787ca2fa3e21): около меня находится просто твоя крепость
[14:16:10] ItsFartunaRu (87aa0b4c-629f-3cae-a9c4-787ca2fa3e21): хочу выкупить
[14:16:12] RunishYT (deb2ebb7-8562-3728-8ba8-ec800da9360c): куплю 2 стака железных блоков
[14:16:42] NightVizer (baecb933-9897-3b35-86a3-c2c9dd1004dd): ааааа, помню в начале выживания занимал..... за сколько купиь хочешь?
[14:16:49] ItsFartunaRu (87aa0b4c-629f-3cae-a9c4-787ca2fa3e21): предложи цену
[14:17:04] RunishYT (deb2ebb7-8562-3728-8ba8-ec800da9360c): 10 алмов
[14:17:24] RunishYT (deb2ebb7-8562-3728-8ba8-ec800da9360c): или обмен на 2 шалкера тотемов
[14:17:27] NightVizer (baecb933-9897-3b35-86a3-c2c9dd1004dd): не мало
[14:17:33] ItsFartunaRu (87aa0b4c-629f-3cae-a9c4-787ca2fa3e21): за скок продашь
[14:17:36] ItsFartunaRu (87aa0b4c-629f-3cae-a9c4-787ca2fa3e21): руина лох
[14:17:38] ItsFartunaRu (87aa0b4c-629f-3cae-a9c4-787ca2fa3e21): он еблан
[14:17:48] NightVizer (baecb933-9897-3b35-86a3-c2c9dd1004dd): за шалкеры бы купил)
[14:17:50] RunishYT (deb2ebb7-8562-3728-8ba8-ec800da9360c): продай блоки железа
[14:18:01] ItsFartunaRu (87aa0b4c-629f-3cae-a9c4-787ca2fa3e21): у него шалкеров нет
[14:18:10] ItsFartunaRu (87aa0b4c-629f-3cae-a9c4-787ca2fa3e21): у меня тож
[14:18:14] NightVizer (baecb933-9897-3b35-86a3-c2c9dd1004dd): а кто из вас купить то хочет?
[14:18:17] ItsFartunaRu (87aa0b4c-629f-3cae-a9c4-787ca2fa3e21): я
[14:18:47] ItsFartunaRu (87aa0b4c-629f-3cae-a9c4-787ca2fa3e21): уф 8 стаков магмы накопал
[14:18:56] NightVizer (baecb933-9897-3b35-86a3-c2c9dd1004dd): блин, я грабитель, ты не согласишься...... 40алмов......
[14:19:00] ItsFartunaRu (87aa0b4c-629f-3cae-a9c4-787ca2fa3e21): согласенъ
[14:19:00] RunishYT (deb2ebb7-8562-3728-8ba8-ec800da9360c): я тебе говорю она хуево робит
[14:19:02] ItsFartunaRu (87aa0b4c-629f-3cae-a9c4-787ca2fa3e21): согласен
[14:19:04] RunishYT (deb2ebb7-8562-3728-8ba8-ec800da9360c): ферма золота
[14:19:18] NightVizer (baecb933-9897-3b35-86a3-c2c9dd1004dd): на спавне встретимся?
[14:19:29] NightVizer (baecb933-9897-3b35-86a3-c2c9dd1004dd): на спавне или в энде встретимся?
[14:19:35] ItsFartunaRu (87aa0b4c-629f-3cae-a9c4-787ca2fa3e21): хз
[14:19:36] RunishYT (deb2ebb7-8562-3728-8ba8-ec800da9360c): Фартук блять
[14:19:37] GOLDENDUSST (a0ee3527-abbd-3f28-bd2e-ff7c77b23497): Я предлагаю больше и выкуплю крепость
[14:19:42] RunishYT (deb2ebb7-8562-3728-8ba8-ec800da9360c): ферма золота не работает
[14:19:44] ItsFartunaRu (87aa0b4c-629f-3cae-a9c4-787ca2fa3e21): до энда далеко
[14:19:45] GOLDENDUSST (a0ee3527-abbd-3f28-bd2e-ff7c77b23497): Прост чтоб тебе недосталось фартуна
[14:19:48] RunishYT (deb2ebb7-8562-3728-8ba8-ec800da9360c): точнее работает но хуево
[14:19:48] ItsFartunaRu (87aa0b4c-629f-3cae-a9c4-787ca2fa3e21): можно на спавне
[14:19:56] ItsFartunaRu (87aa0b4c-629f-3cae-a9c4-787ca2fa3e21): голд еблан у меня больше 2 стаков алмаз блоков
[14:20:07] GOLDENDUSST (a0ee3527-abbd-3f28-bd2e-ff7c77b23497): Откуда
[14:20:11] ItsFartunaRu (87aa0b4c-629f-3cae-a9c4-787ca2fa3e21): мама подарила
[14:20:19] NightVizer (baecb933-9897-3b35-86a3-c2c9dd1004dd): я иду на спавн
[14:20:19] RunishYT (deb2ebb7-8562-3728-8ba8-ec800da9360c): 24/7 в шахиее ебашит
[14:20:23] RunishYT (deb2ebb7-8562-3728-8ba8-ec800da9360c): шахте
[14:20:24] ItsFartunaRu (87aa0b4c-629f-3cae-a9c4-787ca2fa3e21): стой
[14:20:26] ItsFartunaRu (87aa0b4c-629f-3cae-a9c4-787ca2fa3e21): я щас пока в аду
[14:20:28] ItsFartunaRu (87aa0b4c-629f-3cae-a9c4-787ca2fa3e21): в котле
[14:20:31] ItsFartunaRu (87aa0b4c-629f-3cae-a9c4-787ca2fa3e21): магму копаю
[14:20:39] NightVizer (baecb933-9897-3b35-86a3-c2c9dd1004dd): ок скажешь когда
[14:20:44] NightVizer (baecb933-9897-3b35-86a3-c2c9dd1004dd): о и ещё
[14:20:50] NightVizer (baecb933-9897-3b35-86a3-c2c9dd1004dd): бирка етсь?
[14:20:53] ItsFartunaRu (87aa0b4c-629f-3cae-a9c4-787ca2fa3e21): да
[14:21:01] NightVizer (baecb933-9897-3b35-86a3-c2c9dd1004dd): можно пж мне очень надо
[14:21:05] ItsFartunaRu (87aa0b4c-629f-3cae-a9c4-787ca2fa3e21): лан
[14:21:10] NightVizer (baecb933-9897-3b35-86a3-c2c9dd1004dd): пасиб)
[14:21:28] ItsFartunaRu (87aa0b4c-629f-3cae-a9c4-787ca2fa3e21): 10 стаков магмы каеф
[14:22:27] ItsFartunaRu (87aa0b4c-629f-3cae-a9c4-787ca2fa3e21): портал в аду на 0 0 есть?
[14:22:38] NightVizer (baecb933-9897-3b35-86a3-c2c9dd1004dd): , да я на него скоро приду
[14:22:49] NightVizer (baecb933-9897-3b35-86a3-c2c9dd1004dd): да как скажешь побегу
[14:27:51] ItsFartunaRu (87aa0b4c-629f-3cae-a9c4-787ca2fa3e21): хули магмы в аду так много
[14:29:50] NightVizer (baecb933-9897-3b35-86a3-c2c9dd1004dd): голд я бы согласился, но это будет подло, я уже договорился, так что не пиши, сори)
[14:30:03] GOLDENDUSST (a0ee3527-abbd-3f28-bd2e-ff7c77b23497): Ладно
[14:30:03] NightVizer (baecb933-9897-3b35-86a3-c2c9dd1004dd): а вот шалкеры я бы просто купил потом
[14:30:12] ItsFartunaRu (87aa0b4c-629f-3cae-a9c4-787ca2fa3e21): он бы всёрн не потянул
[14:30:21] ItsFartunaRu (87aa0b4c-629f-3cae-a9c4-787ca2fa3e21): он бедный
[14:30:28] NightVizer (baecb933-9897-3b35-86a3-c2c9dd1004dd): потянул, но я человек члова
[14:30:39] ItsFartunaRu (87aa0b4c-629f-3cae-a9c4-787ca2fa3e21): он нищ
[14:30:46] ItsFartunaRu (87aa0b4c-629f-3cae-a9c4-787ca2fa3e21): GOLDENDUSST скок у тебя алмазес
[14:30:49] RunishYT (deb2ebb7-8562-3728-8ba8-ec800da9360c): вова пошли его пиздить
[14:30:54] GOLDENDUSST (a0ee3527-abbd-3f28-bd2e-ff7c77b23497): Два стака
[14:30:57] ItsFartunaRu (87aa0b4c-629f-3cae-a9c4-787ca2fa3e21): броу я в защ 4
[14:31:06] RunishYT (deb2ebb7-8562-3728-8ba8-ec800da9360c): броу нас 2 с тотемесами
[14:31:07] NightVizer (baecb933-9897-3b35-86a3-c2c9dd1004dd): эт всёравно выгоднее, даже если ждать придётся, но я уже договорился
[14:31:23] GOLDENDUSST (a0ee3527-abbd-3f28-bd2e-ff7c77b23497): Ок
[14:31:36] ItsFartunaRu (87aa0b4c-629f-3cae-a9c4-787ca2fa3e21): броу я с тотемсами
[14:31:57] GOLDENDUSST (a0ee3527-abbd-3f28-bd2e-ff7c77b23497): Фартук ты пидар ебаный совсем ахуел если б бредли не жил с тобой ты бы сдох в бедности ебанашка
[14:32:12] ItsFartunaRu (87aa0b4c-629f-3cae-a9c4-787ca2fa3e21): еблан я бредле жителей всех сделал
[14:32:15] RunishYT (deb2ebb7-8562-3728-8ba8-ec800da9360c): туда его
[14:32:18] ItsFartunaRu (87aa0b4c-629f-3cae-a9c4-787ca2fa3e21): он ток базой занимается
[14:32:25] ItsFartunaRu (87aa0b4c-629f-3cae-a9c4-787ca2fa3e21): и фармилкой тыкв
[14:32:26] GOLDENDUSST (a0ee3527-abbd-3f28-bd2e-ff7c77b23497): Еблан не в жителях дело
[14:32:34] ItsFartunaRu (87aa0b4c-629f-3cae-a9c4-787ca2fa3e21): туп да
[14:32:39] GOLDENDUSST (a0ee3527-abbd-3f28-bd2e-ff7c77b23497): Кста насчёт фармилки тыкв
[14:32:43] ItsFartunaRu (87aa0b4c-629f-3cae-a9c4-787ca2fa3e21): пашёл нахуй
[14:32:53] ItsFartunaRu (87aa0b4c-629f-3cae-a9c4-787ca2fa3e21): я знаю про эти 20%
[14:33:01] ItsFartunaRu (87aa0b4c-629f-3cae-a9c4-787ca2fa3e21): но ты платишь алмазес
[14:33:05] GOLDENDUSST (a0ee3527-abbd-3f28-bd2e-ff7c77b23497): Я должен договорится с бредли о запрете тебе пользоватся фермой тыкв
[14:33:18] ItsFartunaRu (87aa0b4c-629f-3cae-a9c4-787ca2fa3e21): еблан я участвую в её строительстве
[14:33:25] GOLDENDUSST (a0ee3527-abbd-3f28-bd2e-ff7c77b23497): Блять
[14:33:28] RunishYT (deb2ebb7-8562-3728-8ba8-ec800da9360c): уффффффффффффффффффффффф
[14:33:28] ItsFartunaRu (87aa0b4c-629f-3cae-a9c4-787ca2fa3e21): половина ресов накопанна мной
[14:33:38] ItsFartunaRu (87aa0b4c-629f-3cae-a9c4-787ca2fa3e21): и начинаю по немногу строить
[14:33:44] ItsFartunaRu (87aa0b4c-629f-3cae-a9c4-787ca2fa3e21): по этому ты идешь нахуй броу
[14:34:32] GOLDENDUSST (a0ee3527-abbd-3f28-bd2e-ff7c77b23497): Еблан я добыл 60% ресов как инимум
[14:34:42] GOLDENDUSST (a0ee3527-abbd-3f28-bd2e-ff7c77b23497): Какие нахуй половина ресов
[14:34:45] GOLDENDUSST (a0ee3527-abbd-3f28-bd2e-ff7c77b23497): Даун
[14:34:47] ItsFartunaRu (87aa0b4c-629f-3cae-a9c4-787ca2fa3e21): я до этого копал еблан
[14:34:52] ItsFartunaRu (87aa0b4c-629f-3cae-a9c4-787ca2fa3e21): какие 60 дегенерат
[14:34:53] GOLDENDUSST (a0ee3527-abbd-3f28-bd2e-ff7c77b23497): Что копал
[14:35:00] ItsFartunaRu (87aa0b4c-629f-3cae-a9c4-787ca2fa3e21): кварц с редстоуном
[14:35:05] ItsFartunaRu (87aa0b4c-629f-3cae-a9c4-787ca2fa3e21): кароче пошла нахуй
[14:35:15] GOLDENDUSST (a0ee3527-abbd-3f28-bd2e-ff7c77b23497): Еблан я точн больше накопал
[14:35:24] GOLDENDUSST (a0ee3527-abbd-3f28-bd2e-ff7c77b23497): Ну скок добыл уёбищ
[14:35:24] ItsFartunaRu (87aa0b4c-629f-3cae-a9c4-787ca2fa3e21): скок
[14:35:36] ItsFartunaRu (87aa0b4c-629f-3cae-a9c4-787ca2fa3e21): редстоуна дахуя
[14:35:38] ItsFartunaRu (87aa0b4c-629f-3cae-a9c4-787ca2fa3e21): кварца не ебу
[14:35:46] RunishYT (deb2ebb7-8562-3728-8ba8-ec800da9360c): ашалели я 150% добыл
[14:36:01] GOLDENDUSST (a0ee3527-abbd-3f28-bd2e-ff7c77b23497): Вот именно все твои "половина" косвенные
[14:36:08] ItsFartunaRu (87aa0b4c-629f-3cae-a9c4-787ca2fa3e21): ты еблан?
[14:36:27] GOLDENDUSST (a0ee3527-abbd-3f28-bd2e-ff7c77b23497): Ты единственный выставляешь себя дегенератом
[14:36:43] ItsFartunaRu (87aa0b4c-629f-3cae-a9c4-787ca2fa3e21): давай на аргументах
[14:37:10] GOLDENDUSST (a0ee3527-abbd-3f28-bd2e-ff7c77b23497): Мой аргумент это конкретные цифры добытых мной ресов
[14:37:14] RunishYT (deb2ebb7-8562-3728-8ba8-ec800da9360c): блять у бребли спросите
[14:37:21] ItsFartunaRu (87aa0b4c-629f-3cae-a9c4-787ca2fa3e21): скок добыл
[14:37:39] GOLDENDUSST (a0ee3527-abbd-3f28-bd2e-ff7c77b23497): 10 стаков железа 10 стаков кварца 12 стаков рдстоуна
[14:38:00] ItsFartunaRu (87aa0b4c-629f-3cae-a9c4-787ca2fa3e21): NightVizer твоя крепость же на 150 -200?
[14:38:06] ItsFartunaRu (87aa0b4c-629f-3cae-a9c4-787ca2fa3e21): а железо нахуя
[14:38:12] NightVizer (baecb933-9897-3b35-86a3-c2c9dd1004dd): незн, там подписано что она моя
[14:38:14] RunishYT (deb2ebb7-8562-3728-8ba8-ec800da9360c): поршни
[14:38:17] GOLDENDUSST (a0ee3527-abbd-3f28-bd2e-ff7c77b23497): Прошни
[14:38:28] RunishYT (deb2ebb7-8562-3728-8ba8-ec800da9360c): пистончики
[14:38:30] ItsFartunaRu (87aa0b4c-629f-3cae-a9c4-787ca2fa3e21): да она
[14:39:10] ItsFartunaRu (87aa0b4c-629f-3cae-a9c4-787ca2fa3e21): можешь туда подойти я щас за алмами схожу
[14:39:18] NightVizer (baecb933-9897-3b35-86a3-c2c9dd1004dd): ок
[14:39:24] GOLDENDUSST (a0ee3527-abbd-3f28-bd2e-ff7c77b23497): Уфф я встречу тебя чтобы ограбить
[14:39:32] ItsFartunaRu (87aa0b4c-629f-3cae-a9c4-787ca2fa3e21): дядь
[14:39:34] ItsFartunaRu (87aa0b4c-629f-3cae-a9c4-787ca2fa3e21): пошёл нахуй
[14:39:35] RunishYT (deb2ebb7-8562-3728-8ba8-ec800da9360c): соловей розбийник
[14:39:54] ItsFartunaRu (87aa0b4c-629f-3cae-a9c4-787ca2fa3e21): воу я заблудился
[14:39:54] RunishYT (deb2ebb7-8562-3728-8ba8-ec800da9360c): а не
[14:39:56] ItsFartunaRu (87aa0b4c-629f-3cae-a9c4-787ca2fa3e21): лойс
[14:39:58] GOLDENDUSST (a0ee3527-abbd-3f28-bd2e-ff7c77b23497): Я откушу твой хуй
[14:39:59] RunishYT (deb2ebb7-8562-3728-8ba8-ec800da9360c): Робин Гуд
[14:40:02] GOLDENDUSST (a0ee3527-abbd-3f28-bd2e-ff7c77b23497): Не гомо
[14:40:15] GOLDENDUSST (a0ee3527-abbd-3f28-bd2e-ff7c77b23497): И раздам бедному
[14:40:20] GOLDENDUSST (a0ee3527-abbd-3f28-bd2e-ff7c77b23497): То етсь мне
[14:40:27] GOLDENDUSST (a0ee3527-abbd-3f28-bd2e-ff7c77b23497): По твоим словам
[14:45:15] NightVizer (baecb933-9897-3b35-86a3-c2c9dd1004dd): на каких кордах спавгн?
[14:45:44] ItsFartunaRu (87aa0b4c-629f-3cae-a9c4-787ca2fa3e21): кто-то живёт в берёзовой роще?
[14:46:11] ItsFartunaRu (87aa0b4c-629f-3cae-a9c4-787ca2fa3e21): просто какой-то гениус простроил свой путь от моего
[14:46:19] ItsFartunaRu (87aa0b4c-629f-3cae-a9c4-787ca2fa3e21): продлил так сказать
[14:46:38] NightVizer (baecb933-9897-3b35-86a3-c2c9dd1004dd): аааа гшде спавн, я на 0 0 но найти немогу
[14:47:17] NightVizer (baecb933-9897-3b35-86a3-c2c9dd1004dd): и ты где?
[14:47:23] ItsFartunaRu (87aa0b4c-629f-3cae-a9c4-787ca2fa3e21): так скок алмов над
[14:47:25] NightVizer (baecb933-9897-3b35-86a3-c2c9dd1004dd): бирка алмы)
[14:47:36] NightVizer (baecb933-9897-3b35-86a3-c2c9dd1004dd): 35 так как ты мне бирку дашь)
[14:47:49] NightVizer (baecb933-9897-3b35-86a3-c2c9dd1004dd): скидончик
[14:47:51] RunishYT (deb2ebb7-8562-3728-8ba8-ec800da9360c): заебал этими скобочками
[14:48:03] ItsFartunaRu (87aa0b4c-629f-3cae-a9c4-787ca2fa3e21): можешь прийти к той крепости
[14:48:05] NightVizer (baecb933-9897-3b35-86a3-c2c9dd1004dd): але это тип смайлика))))
[14:48:10] ItsFartunaRu (87aa0b4c-629f-3cae-a9c4-787ca2fa3e21): 150 -200 в аду
[14:48:11] NightVizer (baecb933-9897-3b35-86a3-c2c9dd1004dd): немогу
[14:48:19] ItsFartunaRu (87aa0b4c-629f-3cae-a9c4-787ca2fa3e21): дам 54 алмазес и бирку
[14:48:29] NightVizer (baecb933-9897-3b35-86a3-c2c9dd1004dd): ладно....
[14:52:12] NightVizer (baecb933-9897-3b35-86a3-c2c9dd1004dd): ахахахахахаах 101 высота, незерит
[14:52:14] ItsFartunaRu (87aa0b4c-629f-3cae-a9c4-787ca2fa3e21): да ку
[14:52:22] GOLDENDUSST (a0ee3527-abbd-3f28-bd2e-ff7c77b23497): Пиздец
[14:53:31] ItsFartunaRu (87aa0b4c-629f-3cae-a9c4-787ca2fa3e21): уф ебать
[14:53:38] ItsFartunaRu (87aa0b4c-629f-3cae-a9c4-787ca2fa3e21): я ток что пролетел 150 блоков
[14:53:49] NightVizer (baecb933-9897-3b35-86a3-c2c9dd1004dd): хорошо выжил)
[14:54:00] ItsFartunaRu (87aa0b4c-629f-3cae-a9c4-787ca2fa3e21): фигня с выходом помогла
[14:58:02] NightVizer (baecb933-9897-3b35-86a3-c2c9dd1004dd): кстати, спасибо за две бирки а не одну)
[15:01:01] ItsFartunaRu (87aa0b4c-629f-3cae-a9c4-787ca2fa3e21): тупой хоглин в лаву скинул
[15:01:52] ItsFartunaRu (87aa0b4c-629f-3cae-a9c4-787ca2fa3e21): ПАХПВХАПХ я нашёл ваш энд портал
[15:01:57] ItsFartunaRu (87aa0b4c-629f-3cae-a9c4-787ca2fa3e21): голд и руина
[15:02:11] NightVizer (baecb933-9897-3b35-86a3-c2c9dd1004dd): какие корды? не мой
[15:02:14] NightVizer (baecb933-9897-3b35-86a3-c2c9dd1004dd): ?
[15:02:17] NightVizer (baecb933-9897-3b35-86a3-c2c9dd1004dd): ,
[15:02:20] GOLDENDUSST (a0ee3527-abbd-3f28-bd2e-ff7c77b23497): Ахуел это мой
[15:02:24] ItsFartunaRu (87aa0b4c-629f-3cae-a9c4-787ca2fa3e21): я вкурсе
[15:02:26] GOLDENDUSST (a0ee3527-abbd-3f28-bd2e-ff7c77b23497): Не трожь
[15:02:28] NightVizer (baecb933-9897-3b35-86a3-c2c9dd1004dd): вхух
[15:02:32] ItsFartunaRu (87aa0b4c-629f-3cae-a9c4-787ca2fa3e21): у нас свой есть
[15:03:06] RunishYT (deb2ebb7-8562-3728-8ba8-ec800da9360c): фартук ты в энд через наш портал ходишь??
[15:03:13] ItsFartunaRu (87aa0b4c-629f-3cae-a9c4-787ca2fa3e21): у нас свой есть дебик
[15:06:29] NightVizer (baecb933-9897-3b35-86a3-c2c9dd1004dd): прив
[15:07:12] JuLieonne (952eebf4-2781-38a2-87d6-2034dbee8995): Привет
[15:10:18] NightVizer (baecb933-9897-3b35-86a3-c2c9dd1004dd): почпите пж
[15:10:28] RunishYT (deb2ebb7-8562-3728-8ba8-ec800da9360c): прости
[15:19:05] RunishYT (deb2ebb7-8562-3728-8ba8-ec800da9360c): найт визер голд сказал что ты умный
[15:19:20] RunishYT (deb2ebb7-8562-3728-8ba8-ec800da9360c): для обезьянки
[15:19:31] GOLDENDUSST (a0ee3527-abbd-3f28-bd2e-ff7c77b23497): Ахуел я про фартука говрил
[15:19:41] GOLDENDUSST (a0ee3527-abbd-3f28-bd2e-ff7c77b23497): а не про него
[15:19:42] RunishYT (deb2ebb7-8562-3728-8ba8-ec800da9360c): оправдывайся
[15:19:47] NightVizer (baecb933-9897-3b35-86a3-c2c9dd1004dd): чел ну зачем опять обзывать, я же извенился уже
[15:19:52] RunishYT (deb2ebb7-8562-3728-8ba8-ec800da9360c): я ашалел
[15:19:59] GOLDENDUSST (a0ee3527-abbd-3f28-bd2e-ff7c77b23497): Меня путаются осквернить
[15:20:03] RunishYT (deb2ebb7-8562-3728-8ba8-ec800da9360c): рял Вова
[15:20:10] GOLDENDUSST (a0ee3527-abbd-3f28-bd2e-ff7c77b23497): Я не обсирал визера только еблана фартука
[15:20:37] GOLDENDUSST (a0ee3527-abbd-3f28-bd2e-ff7c77b23497): Пизда тебе дизинформатор
[15:20:43] RunishYT (deb2ebb7-8562-3728-8ba8-ec800da9360c): дядя
[15:20:44] NightVizer (baecb933-9897-3b35-86a3-c2c9dd1004dd): руниш вот зачем ты меня оскорбляеншь, я хочу извенится и забыть всё что было
[15:20:48] RunishYT (deb2ebb7-8562-3728-8ba8-ec800da9360c): нормально же общались
[15:21:17] RunishYT (deb2ebb7-8562-3728-8ba8-ec800da9360c): потому что зло всегда остается
[15:21:33] GOLDENDUSST (a0ee3527-abbd-3f28-bd2e-ff7c77b23497): Поэтому сколько я бы не прогонял
[15:21:41] GOLDENDUSST (a0ee3527-abbd-3f28-bd2e-ff7c77b23497): Он возвращается в мой город
[15:21:48] RunishYT (deb2ebb7-8562-3728-8ba8-ec800da9360c): даже если ты убрал говно
[15:21:53] RunishYT (deb2ebb7-8562-3728-8ba8-ec800da9360c): ты все равно насрал
[15:22:21] NightVizer (baecb933-9897-3b35-86a3-c2c9dd1004dd): хорошо, пусть у тебя остоётся, а с остольными я уже норм общаюсь, ни фартук ни голд меня не оскорбляют. Если тебе так легче то ок
[15:33:47] ItsFartunaRu (87aa0b4c-629f-3cae-a9c4-787ca2fa3e21): голд го пэвэпэ
[15:36:19] GOLDENDUSST (a0ee3527-abbd-3f28-bd2e-ff7c77b23497): Ты прыходы одын я тожэ приход одын
[15:36:30] ItsFartunaRu (87aa0b4c-629f-3cae-a9c4-787ca2fa3e21): согласен мага
[15:48:02] JuLieonne (952eebf4-2781-38a2-87d6-2034dbee8995): У кого есть корды энда через ад?
[15:48:10] RunishYT (deb2ebb7-8562-3728-8ba8-ec800da9360c): хохохоу
[15:48:15] RunishYT (deb2ebb7-8562-3728-8ba8-ec800da9360c): плоти за корди
[15:48:20] RunishYT (deb2ebb7-8562-3728-8ba8-ec800da9360c): портал наш
[15:48:30] ItsFartunaRu (87aa0b4c-629f-3cae-a9c4-787ca2fa3e21): сук порталов дахуя еблан
[15:48:39] RunishYT (deb2ebb7-8562-3728-8ba8-ec800da9360c): изи тогда
[15:48:44] RunishYT (deb2ebb7-8562-3728-8ba8-ec800da9360c): ищи
[15:48:55] ItsFartunaRu (87aa0b4c-629f-3cae-a9c4-787ca2fa3e21): руина уебан
[15:49:02] JuLieonne (952eebf4-2781-38a2-87d6-2034dbee8995): скок?
[15:49:09] RunishYT (deb2ebb7-8562-3728-8ba8-ec800da9360c): 10 алмов за проход
[15:49:17] RunishYT (deb2ebb7-8562-3728-8ba8-ec800da9360c): да тебя зщас голд отпиздит в очече
[15:49:23] ItsFartunaRu (87aa0b4c-629f-3cae-a9c4-787ca2fa3e21): гоу
[15:49:26] ItsFartunaRu (87aa0b4c-629f-3cae-a9c4-787ca2fa3e21): жду
[15:49:38] GOLDENDUSST (a0ee3527-abbd-3f28-bd2e-ff7c77b23497): Да да уже подхожу
[15:49:43] ItsFartunaRu (87aa0b4c-629f-3cae-a9c4-787ca2fa3e21): щадить не буду
[15:51:58] ItsFartunaRu (87aa0b4c-629f-3cae-a9c4-787ca2fa3e21): мага ты где
[15:52:16] GOLDENDUSST (a0ee3527-abbd-3f28-bd2e-ff7c77b23497): Да 50 блоков осталось
[15:52:27] ItsFartunaRu (87aa0b4c-629f-3cae-a9c4-787ca2fa3e21): уебан
[15:52:30] ItsFartunaRu (87aa0b4c-629f-3cae-a9c4-787ca2fa3e21): уебан да
[15:52:37] GOLDENDUSST (a0ee3527-abbd-3f28-bd2e-ff7c77b23497): нет
[15:52:39] ItsFartunaRu (87aa0b4c-629f-3cae-a9c4-787ca2fa3e21): у чата радиус более 50 блоков
[15:52:43] ItsFartunaRu (87aa0b4c-629f-3cae-a9c4-787ca2fa3e21): у локала
[15:52:59] GOLDENDUSST (a0ee3527-abbd-3f28-bd2e-ff7c77b23497): Немного преуменьшил
[15:53:08] ItsFartunaRu (87aa0b4c-629f-3cae-a9c4-787ca2fa3e21): зассал мага
[15:53:18] GOLDENDUSST (a0ee3527-abbd-3f28-bd2e-ff7c77b23497): Нет
[15:53:21] ItsFartunaRu (87aa0b4c-629f-3cae-a9c4-787ca2fa3e21): ес
[15:53:40] GOLDENDUSST (a0ee3527-abbd-3f28-bd2e-ff7c77b23497): Может и другие боятся уродливых людей но я не босюь
[15:53:47] ItsFartunaRu (87aa0b4c-629f-3cae-a9c4-787ca2fa3e21): уебан ты слит
[15:53:59] GOLDENDUSST (a0ee3527-abbd-3f28-bd2e-ff7c77b23497): Нет
[15:54:17] [CAPS] NightVizer (baecb933-9897-3b35-86a3-c2c9dd1004dd): ух блин, кто тто моеё мини фермой эндермэнов пользовался, авот кто то блин пипец
[15:55:45] [CAPS] NightVizer (baecb933-9897-3b35-86a3-c2c9dd1004dd): кста вы не знаете админы сюда co i устанавливали?
[15:56:41] NightVizer (baecb933-9897-3b35-86a3-c2c9dd1004dd): ладно, значит у них придётся спрашивать, кто пользовался проверять
[15:56:52] ItsFartunaRu (87aa0b4c-629f-3cae-a9c4-787ca2fa3e21): ЧЕ
[15:56:54] ItsFartunaRu (87aa0b4c-629f-3cae-a9c4-787ca2fa3e21): блять капс
[15:56:56] GOLDENDUSST (a0ee3527-abbd-3f28-bd2e-ff7c77b23497): Че
[15:57:37] NightVizer (baecb933-9897-3b35-86a3-c2c9dd1004dd): ну придётся через co i чекать кто пользовался, а потом наказывать, вот чё
[15:57:49] GOLDENDUSST (a0ee3527-abbd-3f28-bd2e-ff7c77b23497): Чем
[15:57:54] ItsFartunaRu (87aa0b4c-629f-3cae-a9c4-787ca2fa3e21): хули ты сказал
[15:57:58] ItsFartunaRu (87aa0b4c-629f-3cae-a9c4-787ca2fa3e21): коай не робит
[15:58:05] ItsFartunaRu (87aa0b4c-629f-3cae-a9c4-787ca2fa3e21): и кто че спиздил
[15:58:19] ItsFartunaRu (87aa0b4c-629f-3cae-a9c4-787ca2fa3e21): точнее че спиздили
[15:58:21] GOLDENDUSST (a0ee3527-abbd-3f28-bd2e-ff7c77b23497): Чем пользовался
[15:58:30] ItsFartunaRu (87aa0b4c-629f-3cae-a9c4-787ca2fa3e21): асс твоей мамы
[15:58:36] NightVizer (baecb933-9897-3b35-86a3-c2c9dd1004dd): ну моеё фермой типа фермой, без спросу пользовались, хотя я поставил табличку что запрещено
[15:58:36] GOLDENDUSST (a0ee3527-abbd-3f28-bd2e-ff7c77b23497): Бан
[15:58:40] ItsFartunaRu (87aa0b4c-629f-3cae-a9c4-787ca2fa3e21): нет пж
[15:59:05] GOLDENDUSST (a0ee3527-abbd-3f28-bd2e-ff7c77b23497): Какой фермой в аду?
[15:59:06] ItsFartunaRu (87aa0b4c-629f-3cae-a9c4-787ca2fa3e21): ты построил фармилку на общем острове в энде
[15:59:13] ItsFartunaRu (87aa0b4c-629f-3cae-a9c4-787ca2fa3e21): кнш будут пользоваться
[15:59:40] NightVizer (baecb933-9897-3b35-86a3-c2c9dd1004dd): эм табличка поставлена, вы темболее самую первую крепость ада заняли......
[15:59:45] NightVizer (baecb933-9897-3b35-86a3-c2c9dd1004dd): лан неважно
[15:59:45] ItsFartunaRu (87aa0b4c-629f-3cae-a9c4-787ca2fa3e21): да мага ты где
[16:00:08] GOLDENDUSST (a0ee3527-abbd-3f28-bd2e-ff7c77b23497): Да немнгго осталось добежать чуть чуть
[16:00:18] ItsFartunaRu (87aa0b4c-629f-3cae-a9c4-787ca2fa3e21): тупой уебан испугался
[16:00:38] ItsFartunaRu (87aa0b4c-629f-3cae-a9c4-787ca2fa3e21): тотемов принеси заодно
[16:01:12] JuLieonne (952eebf4-2781-38a2-87d6-2034dbee8995): Привет
[16:01:22] JuLieonne (952eebf4-2781-38a2-87d6-2034dbee8995): Есть портал в ад?
[16:01:40] RunishYT (deb2ebb7-8562-3728-8ba8-ec800da9360c): смотри сюда
[16:01:42] JuLieonne (952eebf4-2781-38a2-87d6-2034dbee8995): Можно воспользоваться?
[16:01:47] GOLDENDUSST (a0ee3527-abbd-3f28-bd2e-ff7c77b23497): да
[16:05:11] ItsFartunaRu (87aa0b4c-629f-3cae-a9c4-787ca2fa3e21): мага заебал
[16:06:49] GOLDENDUSST (a0ee3527-abbd-3f28-bd2e-ff7c77b23497): Го на спавне
[16:06:55] ItsFartunaRu (87aa0b4c-629f-3cae-a9c4-787ca2fa3e21): не
[16:07:04] ItsFartunaRu (87aa0b4c-629f-3cae-a9c4-787ca2fa3e21): мага тебе осталось 30 блоков
[16:07:10] GOLDENDUSST (a0ee3527-abbd-3f28-bd2e-ff7c77b23497): Тола не будет
[16:07:48] [CAPS] ItsFartunaRu (87aa0b4c-629f-3cae-a9c4-787ca2fa3e21): хпавыпхапха лох
[16:07:51] GOLDENDUSST (a0ee3527-abbd-3f28-bd2e-ff7c77b23497): Бляяяяя
[16:07:54] GOLDENDUSST (a0ee3527-abbd-3f28-bd2e-ff7c77b23497): Ебал
[16:08:22] GOLDENDUSST (a0ee3527-abbd-3f28-bd2e-ff7c77b23497): У меня запаска есть го на спавн
[16:08:40] ItsFartunaRu (87aa0b4c-629f-3cae-a9c4-787ca2fa3e21): не мага
[16:08:49] ItsFartunaRu (87aa0b4c-629f-3cae-a9c4-787ca2fa3e21): бредля тпэхни голдена
[16:08:59] GOLDENDUSST (a0ee3527-abbd-3f28-bd2e-ff7c77b23497): Нееет
[16:09:03] ItsFartunaRu (87aa0b4c-629f-3cae-a9c4-787ca2fa3e21): дадада
[16:09:04] GOLDENDUSST (a0ee3527-abbd-3f28-bd2e-ff7c77b23497): Не нада дядя
[16:09:11] NightVizer (baecb933-9897-3b35-86a3-c2c9dd1004dd): бредли, на сервере есть команда co i?
[16:09:32] ItsFartunaRu (87aa0b4c-629f-3cae-a9c4-787ca2fa3e21): охуел
[16:10:22] ItsFartunaRu (87aa0b4c-629f-3cae-a9c4-787ca2fa3e21): работай
[16:10:28] ItsFartunaRu (87aa0b4c-629f-3cae-a9c4-787ca2fa3e21): кинь лучше так банки опыта
[16:11:20] ItsFartunaRu (87aa0b4c-629f-3cae-a9c4-787ca2fa3e21): блять голд с руиной идут
[16:11:32] ItsFartunaRu (87aa0b4c-629f-3cae-a9c4-787ca2fa3e21): иди копай изумруды
[16:13:06] Bradly378 (9ab93dfb-1454-3bb1-b47f-700f714534a9): знаешь что такое book ban?
[16:13:11] ItsFartunaRu (87aa0b4c-629f-3cae-a9c4-787ca2fa3e21): подари
[16:13:22] Bradly378 (9ab93dfb-1454-3bb1-b47f-700f714534a9): так знаешь?
[16:13:26] ItsFartunaRu (87aa0b4c-629f-3cae-a9c4-787ca2fa3e21): наверн
[16:14:30] ItsFartunaRu (87aa0b4c-629f-3cae-a9c4-787ca2fa3e21): над ёбнуть фармилку мобов
[16:14:42] ItsFartunaRu (87aa0b4c-629f-3cae-a9c4-787ca2fa3e21): сделай машинку по убиванию серва
[16:14:51] Bradly378 (9ab93dfb-1454-3bb1-b47f-700f714534a9): мне надо поднять этот серв а на игровые заботы мне щас похую
[16:14:55] ItsFartunaRu (87aa0b4c-629f-3cae-a9c4-787ca2fa3e21): кста хули эндшармы черные
[16:15:12] ItsFartunaRu (87aa0b4c-629f-3cae-a9c4-787ca2fa3e21): хули эндшарпы черные
[16:15:14] ItsFartunaRu (87aa0b4c-629f-3cae-a9c4-787ca2fa3e21): негры
[16:15:19] Bradly378 (9ab93dfb-1454-3bb1-b47f-700f714534a9): потому что это древнее гавно эндерменов
[16:15:26] ItsFartunaRu (87aa0b4c-629f-3cae-a9c4-787ca2fa3e21): непонял
[16:15:32] ItsFartunaRu (87aa0b4c-629f-3cae-a9c4-787ca2fa3e21): делай тот режим
[16:15:32] Bradly378 (9ab93dfb-1454-3bb1-b47f-700f714534a9): типо нефта но гавно эндерменов
[16:15:37] ItsFartunaRu (87aa0b4c-629f-3cae-a9c4-787ca2fa3e21): рпэгэ
[16:16:25] ItsFartunaRu (87aa0b4c-629f-3cae-a9c4-787ca2fa3e21): какие
[16:16:26] ItsFartunaRu (87aa0b4c-629f-3cae-a9c4-787ca2fa3e21): корды
[16:16:27] ItsFartunaRu (87aa0b4c-629f-3cae-a9c4-787ca2fa3e21): энда
[16:16:32] ItsFartunaRu (87aa0b4c-629f-3cae-a9c4-787ca2fa3e21): сделай админ абьюз
[16:17:45] Bradly378 (9ab93dfb-1454-3bb1-b47f-700f714534a9): блять вы пвпшеры недоделаные
[16:18:44] RunishYT (deb2ebb7-8562-3728-8ba8-ec800da9360c): еблан перестан
[16:18:51] ItsFartunaRu (87aa0b4c-629f-3cae-a9c4-787ca2fa3e21): КИДАЙ
[16:18:51] Bradly378 (9ab93dfb-1454-3bb1-b47f-700f714534a9): лагает?
[16:19:01] RunishYT (deb2ebb7-8562-3728-8ba8-ec800da9360c): да блять
[16:21:01] ItsFartunaRu (87aa0b4c-629f-3cae-a9c4-787ca2fa3e21): бредля залетай в тиму
[16:21:17] RunishYT (deb2ebb7-8562-3728-8ba8-ec800da9360c): пошел нахуй бредля ты все испортил
[16:21:55] RunishYT (deb2ebb7-8562-3728-8ba8-ec800da9360c): все грабим лоха
[16:22:45] RunishYT (deb2ebb7-8562-3728-8ba8-ec800da9360c): да ты еблан тупой
[16:22:50] GOLDENDUSST (a0ee3527-abbd-3f28-bd2e-ff7c77b23497): Бредля заебал
[16:23:14] ItsFartunaRu (87aa0b4c-629f-3cae-a9c4-787ca2fa3e21): мага ты зассал
[16:23:15] ItsFartunaRu (87aa0b4c-629f-3cae-a9c4-787ca2fa3e21): 1 на 1
[16:24:03] ItsFartunaRu (87aa0b4c-629f-3cae-a9c4-787ca2fa3e21): бредля залетай в тиму
[16:24:21] RunishYT (deb2ebb7-8562-3728-8ba8-ec800da9360c): бредля иди нахуй ты заебал
[16:25:14] RunishYT (deb2ebb7-8562-3728-8ba8-ec800da9360c): сбежал
[16:26:47] Bradly378 (9ab93dfb-1454-3bb1-b47f-700f714534a9): вам пизда
[16:27:00] RunishYT (deb2ebb7-8562-3728-8ba8-ec800da9360c): да бшять
[16:27:03] RunishYT (deb2ebb7-8562-3728-8ba8-ec800da9360c): бредля сука
[16:27:06] RunishYT (deb2ebb7-8562-3728-8ba8-ec800da9360c): пиздец
[16:27:08] GOLDENDUSST (a0ee3527-abbd-3f28-bd2e-ff7c77b23497): Ахуел че за хуета
[16:27:10] Bradly378 (9ab93dfb-1454-3bb1-b47f-700f714534a9): сьебали пвпшеры
[16:27:12] ItsFartunaRu (87aa0b4c-629f-3cae-a9c4-787ca2fa3e21): ебан ты уебал мне броню
[16:27:16] ItsFartunaRu (87aa0b4c-629f-3cae-a9c4-787ca2fa3e21): съебался сука
[16:27:30] RunishYT (deb2ebb7-8562-3728-8ba8-ec800da9360c): блять забань его
[16:27:45] GOLDENDUSST (a0ee3527-abbd-3f28-bd2e-ff7c77b23497): Отдай ресы фартук ебаны
[16:27:49] RunishYT (deb2ebb7-8562-3728-8ba8-ec800da9360c): забан фартука блять он спиздил ресы
[16:28:11] Bradly378 (9ab93dfb-1454-3bb1-b47f-700f714534a9): c.lf
[16:28:13] Bradly378 (9ab93dfb-1454-3bb1-b47f-700f714534a9): сюда
[16:28:17] ItsFartunaRu (87aa0b4c-629f-3cae-a9c4-787ca2fa3e21): мага мы договорились пэвэпэ 1 на 1
[16:28:19] RunishYT (deb2ebb7-8562-3728-8ba8-ec800da9360c): бредля сука пиздец
[16:28:24] Bradly378 (9ab93dfb-1454-3bb1-b47f-700f714534a9): сюда
[16:28:25] GOLDENDUSST (a0ee3527-abbd-3f28-bd2e-ff7c77b23497): где мои вещи
[16:28:29] RunishYT (deb2ebb7-8562-3728-8ba8-ec800da9360c): ты откатил ресы блять на 10 часов назад
[16:28:29] Bradly378 (9ab93dfb-1454-3bb1-b47f-700f714534a9): сюда блять
[16:28:33] GOLDENDUSST (a0ee3527-abbd-3f28-bd2e-ff7c77b23497): Сука нахуй ты вмешался
[16:28:34] Bradly378 (9ab93dfb-1454-3bb1-b47f-700f714534a9): подойди блять
[16:28:35] laum_top (f11ff519-ed72-347e-98e4-ab7bcdb7ac16): Есть у кого-то светокамень?
[16:28:52] ItsFartunaRu (87aa0b4c-629f-3cae-a9c4-787ca2fa3e21): тупой бредля ресетай вещи и отдавай тот меч с дахуя уроном
[16:28:59] Bradly378 (9ab93dfb-1454-3bb1-b47f-700f714534a9): ну давай
[16:29:07] RunishYT (deb2ebb7-8562-3728-8ba8-ec800da9360c): возвращай
[16:29:08] ItsFartunaRu (87aa0b4c-629f-3cae-a9c4-787ca2fa3e21): ез тупой
[16:29:24] GOLDENDUSST (a0ee3527-abbd-3f28-bd2e-ff7c77b23497): очищай инвентарь и ресетай норм вещи
[16:29:24] RunishYT (deb2ebb7-8562-3728-8ba8-ec800da9360c): ты еблан ты с пк хуле ты 0вастаешься
[16:29:27] Bradly378 (9ab93dfb-1454-3bb1-b47f-700f714534a9): го я рукой ударю
[16:29:31] GOLDENDUSST (a0ee3527-abbd-3f28-bd2e-ff7c77b23497): у меня блят почти нихуя нету
[16:29:35] ItsFartunaRu (87aa0b4c-629f-3cae-a9c4-787ca2fa3e21): уебан вас 2
[16:29:38] GOLDENDUSST (a0ee3527-abbd-3f28-bd2e-ff7c77b23497): нахуй ты это сделал
[16:29:38] RunishYT (deb2ebb7-8562-3728-8ba8-ec800da9360c): возвращай сука
[16:29:49] Bradly378 (9ab93dfb-1454-3bb1-b47f-700f714534a9): оц я рукой
[16:29:54] RunishYT (deb2ebb7-8562-3728-8ba8-ec800da9360c): блять фартук еблан
[16:30:04] GOLDENDUSST (a0ee3527-abbd-3f28-bd2e-ff7c77b23497): Да блять какого хуя фартук ворует ресы
[16:30:17] ItsFartunaRu (87aa0b4c-629f-3cae-a9c4-787ca2fa3e21): я взял своё имущество
[16:30:25] GOLDENDUSST (a0ee3527-abbd-3f28-bd2e-ff7c77b23497): Охуел
[16:30:25] RunishYT (deb2ebb7-8562-3728-8ba8-ec800da9360c): ахуел???
[16:30:39] Bradly378 (9ab93dfb-1454-3bb1-b47f-700f714534a9): эта руниша были
[16:30:39] ItsFartunaRu (87aa0b4c-629f-3cae-a9c4-787ca2fa3e21): вы напали в2
[16:30:48] RunishYT (deb2ebb7-8562-3728-8ba8-ec800da9360c): потому что ты пкшер
[16:30:54] ItsFartunaRu (87aa0b4c-629f-3cae-a9c4-787ca2fa3e21): и я сказал что спизжу вещи
[16:31:03] ItsFartunaRu (87aa0b4c-629f-3cae-a9c4-787ca2fa3e21): это ульта броу
[16:31:25] Bradly378 (9ab93dfb-1454-3bb1-b47f-700f714534a9): го тест
[16:31:30] Bradly378 (9ab93dfb-1454-3bb1-b47f-700f714534a9): я вас 1 раз рукой ебану
[16:31:36] GOLDENDUSST (a0ee3527-abbd-3f28-bd2e-ff7c77b23497): блять нахуй ты вмешался
[16:31:38] ItsFartunaRu (87aa0b4c-629f-3cae-a9c4-787ca2fa3e21): ёбни
[16:31:44] Bradly378 (9ab93dfb-1454-3bb1-b47f-700f714534a9): ахаххаха
[16:31:49] Bradly378 (9ab93dfb-1454-3bb1-b47f-700f714534a9): бляяя
[16:31:51] Bradly378 (9ab93dfb-1454-3bb1-b47f-700f714534a9): даун
[16:31:57] ItsFartunaRu (87aa0b4c-629f-3cae-a9c4-787ca2fa3e21): ес
[16:32:28] GOLDENDUSST (a0ee3527-abbd-3f28-bd2e-ff7c77b23497): Блять какого хуя ты нас с первой тычки убил потом фарт спиздил ресы и потом ты нам их вернул при этом ьлять у него остались
[16:32:38] Bradly378 (9ab93dfb-1454-3bb1-b47f-700f714534a9): я заберу
[16:32:41] Bradly378 (9ab93dfb-1454-3bb1-b47f-700f714534a9): не волнуйтесь
[16:32:42] ItsFartunaRu (87aa0b4c-629f-3cae-a9c4-787ca2fa3e21): ахуел
[16:32:47] ItsFartunaRu (87aa0b4c-629f-3cae-a9c4-787ca2fa3e21): мне похуй ресетай вещи
[16:32:53] Bradly378 (9ab93dfb-1454-3bb1-b47f-700f714534a9): да это ты ахуел
[16:32:58] ItsFartunaRu (87aa0b4c-629f-3cae-a9c4-787ca2fa3e21): ты еблан
[16:33:01] ItsFartunaRu (87aa0b4c-629f-3cae-a9c4-787ca2fa3e21): они в2 напали
[16:33:05] ItsFartunaRu (87aa0b4c-629f-3cae-a9c4-787ca2fa3e21): хотя мы договорились на1
[16:33:09] RunishYT (deb2ebb7-8562-3728-8ba8-ec800da9360c): блять не хвастайся тем что ты хорошо пвпшишься когда сука ты пкшер
[16:33:12] Bradly378 (9ab93dfb-1454-3bb1-b47f-700f714534a9): а убил их я и добыча моя как бы
[16:33:13] ItsFartunaRu (87aa0b4c-629f-3cae-a9c4-787ca2fa3e21): мне похуй
[16:33:17] ItsFartunaRu (87aa0b4c-629f-3cae-a9c4-787ca2fa3e21): мы договорились в2
[16:33:23] ItsFartunaRu (87aa0b4c-629f-3cae-a9c4-787ca2fa3e21): ты вообще ливай
[16:33:27] ItsFartunaRu (87aa0b4c-629f-3cae-a9c4-787ca2fa3e21): дай мне книгу бан
[16:33:31] RunishYT (deb2ebb7-8562-3728-8ba8-ec800da9360c): все равно что хвастаться что ты умеешь ходить перед инвалидами
[16:33:31] ItsFartunaRu (87aa0b4c-629f-3cae-a9c4-787ca2fa3e21): зобэние сделаю
[16:33:43] ItsFartunaRu (87aa0b4c-629f-3cae-a9c4-787ca2fa3e21): ты еблан? RunishYT
[16:33:46] ItsFartunaRu (87aa0b4c-629f-3cae-a9c4-787ca2fa3e21): мы договорились 1 на 1
[16:33:55] ItsFartunaRu (87aa0b4c-629f-3cae-a9c4-787ca2fa3e21): или ты инвалид и не считаешься человеком
[16:34:01] RunishYT (deb2ebb7-8562-3728-8ba8-ec800da9360c): не я так а то ты часто выебываешься
[16:34:02] ItsFartunaRu (87aa0b4c-629f-3cae-a9c4-787ca2fa3e21): согласись
[16:34:06] RunishYT (deb2ebb7-8562-3728-8ba8-ec800da9360c): я стенд
[16:34:08] ItsFartunaRu (87aa0b4c-629f-3cae-a9c4-787ca2fa3e21): ты уебан?
[16:34:13] ItsFartunaRu (87aa0b4c-629f-3cae-a9c4-787ca2fa3e21): мы договорились 1 на 1
[16:34:16] ItsFartunaRu (87aa0b4c-629f-3cae-a9c4-787ca2fa3e21): ты узбек тупой
[16:34:21] Bradly378 (9ab93dfb-1454-3bb1-b47f-700f714534a9): народ построите красивый небольшой хаб с местом для 4 поратлов дам каждому 1 нез слиток
[16:34:25] RunishYT (deb2ebb7-8562-3728-8ba8-ec800da9360c): но я стенд
[16:34:33] RunishYT (deb2ebb7-8562-3728-8ba8-ec800da9360c): стенд отражение души
[16:34:37] Bradly378 (9ab93dfb-1454-3bb1-b47f-700f714534a9): народ построите красивый небольшой хаб с местом для 4 поратлов дам каждому 1 нез слиток
[16:34:50] RunishYT (deb2ebb7-8562-3728-8ba8-ec800da9360c): ладно
[16:34:51] ItsFartunaRu (87aa0b4c-629f-3cae-a9c4-787ca2fa3e21): верни вещи потом подумаю
[16:35:02] RunishYT (deb2ebb7-8562-3728-8ba8-ec800da9360c): только 2
[16:35:34] RunishYT (deb2ebb7-8562-3728-8ba8-ec800da9360c): верни экспеременнтальные пули
[16:35:34] GOLDENDUSST (a0ee3527-abbd-3f28-bd2e-ff7c77b23497): сука уебищ
[16:35:44] [CAPS] ItsFartunaRu (87aa0b4c-629f-3cae-a9c4-787ca2fa3e21): бредля
[16:35:54] ItsFartunaRu (87aa0b4c-629f-3cae-a9c4-787ca2fa3e21): если я куплю то зелье
[16:35:57] ItsFartunaRu (87aa0b4c-629f-3cae-a9c4-787ca2fa3e21): с дахуя уроном
[16:36:05] ItsFartunaRu (87aa0b4c-629f-3cae-a9c4-787ca2fa3e21): я же могу сделать из них стрелы
[16:36:15] RunishYT (deb2ebb7-8562-3728-8ba8-ec800da9360c): бребля го 3 нез слитка каждому
[16:36:19] ItsFartunaRu (87aa0b4c-629f-3cae-a9c4-787ca2fa3e21): уебан у меня брони нет
[16:36:36] RunishYT (deb2ebb7-8562-3728-8ba8-ec800da9360c): и еще 10 слитков за статую Иисуса на спавне
[16:36:43] [CAPS] ItsFartunaRu (87aa0b4c-629f-3cae-a9c4-787ca2fa3e21): бредля
[16:36:46] ItsFartunaRu (87aa0b4c-629f-3cae-a9c4-787ca2fa3e21): если я куплю то зелье
[16:36:47] ItsFartunaRu (87aa0b4c-629f-3cae-a9c4-787ca2fa3e21): с дахуя уроном
[16:36:51] GOLDENDUSST (a0ee3527-abbd-3f28-bd2e-ff7c77b23497): Короч я ломаю руку так как руниш ревнует красоте
[16:36:53] ItsFartunaRu (87aa0b4c-629f-3cae-a9c4-787ca2fa3e21): я же могу сделать из них стрелы
[16:37:57] ItsFartunaRu (87aa0b4c-629f-3cae-a9c4-787ca2fa3e21): ухади
[16:38:03] RunishYT (deb2ebb7-8562-3728-8ba8-ec800da9360c): верни пули
[16:38:07] ItsFartunaRu (87aa0b4c-629f-3cae-a9c4-787ca2fa3e21): вчера
[16:38:13] ItsFartunaRu (87aa0b4c-629f-3cae-a9c4-787ca2fa3e21): ухади сначала
[16:38:20] ItsFartunaRu (87aa0b4c-629f-3cae-a9c4-787ca2fa3e21): поговорим через портал в ад
[16:38:21] RunishYT (deb2ebb7-8562-3728-8ba8-ec800da9360c): нэт
[16:38:45] RunishYT (deb2ebb7-8562-3728-8ba8-ec800da9360c): бребля
[16:38:46] RunishYT (deb2ebb7-8562-3728-8ba8-ec800da9360c): бребля
[16:38:47] RunishYT (deb2ebb7-8562-3728-8ba8-ec800da9360c): бребля
[16:38:47] RunishYT (deb2ebb7-8562-3728-8ba8-ec800da9360c): бребля
[16:38:48] NightVizer (baecb933-9897-3b35-86a3-c2c9dd1004dd): ого на удивление большоё актив сегодня
[16:38:48] RunishYT (deb2ebb7-8562-3728-8ba8-ec800da9360c): бребля
[16:38:49] RunishYT (deb2ebb7-8562-3728-8ba8-ec800da9360c): бребля
[16:39:14] RunishYT (deb2ebb7-8562-3728-8ba8-ec800da9360c): ты сука тварь
[16:39:15] ItsFartunaRu (87aa0b4c-629f-3cae-a9c4-787ca2fa3e21): хочешь пули
[16:39:22] RunishYT (deb2ebb7-8562-3728-8ba8-ec800da9360c): верни ресы сука
[16:39:23] ItsFartunaRu (87aa0b4c-629f-3cae-a9c4-787ca2fa3e21): вали в портал
[16:39:39] RunishYT (deb2ebb7-8562-3728-8ba8-ec800da9360c): верни ресы которые ты спиздил
[16:39:51] GOLDENDUSST (a0ee3527-abbd-3f28-bd2e-ff7c77b23497): Сожги их
[16:39:58] ItsFartunaRu (87aa0b4c-629f-3cae-a9c4-787ca2fa3e21): океййй летсгоу
[16:55:39] Bradly378 (9ab93dfb-1454-3bb1-b47f-700f714534a9): изменить скин skin set (ник скина/сыллка на скин)
