[03:09:30] AviKgolD1 (fe9f4036-69b5-38be-a9c3-1d860d8c4398): qq фартуна ты афк?
[03:11:50] AviKgolD1 (fe9f4036-69b5-38be-a9c3-1d860d8c4398): почти 6 стаков слёз
[05:16:27] ItsFartunaRu (87aa0b4c-629f-3cae-a9c4-787ca2fa3e21): ебать корвин ты че ещё играешь
[08:04:35] LightNight010 (b404b429-ad5e-3cdf-9b17-af0796003c67): qq
[08:07:29] AviKgolD1 (fe9f4036-69b5-38be-a9c3-1d860d8c4398): qq
[08:07:36] LightNight010 (b404b429-ad5e-3cdf-9b17-af0796003c67): q
[08:07:48] LightNight010 (b404b429-ad5e-3cdf-9b17-af0796003c67): ты на базе*
[08:07:51] LightNight010 (b404b429-ad5e-3cdf-9b17-af0796003c67): ?
[08:08:03] AviKgolD1 (fe9f4036-69b5-38be-a9c3-1d860d8c4398): noy
[08:08:08] LightNight010 (b404b429-ad5e-3cdf-9b17-af0796003c67): гдэ
[08:08:23] AviKgolD1 (fe9f4036-69b5-38be-a9c3-1d860d8c4398): ферма пороха
[08:10:20] AviKgolD1 (fe9f4036-69b5-38be-a9c3-1d860d8c4398): я афк
[08:15:43] LightNight010 (b404b429-ad5e-3cdf-9b17-af0796003c67): биля маяк нужен
[08:16:12] AviKgolD1 (fe9f4036-69b5-38be-a9c3-1d860d8c4398): у меня в сундуке на складе звезда
[08:16:18] LightNight010 (b404b429-ad5e-3cdf-9b17-af0796003c67): а лол
[08:18:48] LightNight010 (b404b429-ad5e-3cdf-9b17-af0796003c67): а в каком сундуке?))
[08:19:08] AviKgolD1 (fe9f4036-69b5-38be-a9c3-1d860d8c4398): неверит в рамке
[08:19:18] LightNight010 (b404b429-ad5e-3cdf-9b17-af0796003c67): угу
[08:21:33] AviKgolD1 (fe9f4036-69b5-38be-a9c3-1d860d8c4398): лайт выйди в ад на крышу
[08:21:53] LightNight010 (b404b429-ad5e-3cdf-9b17-af0796003c67): ща
[08:22:05] LightNight010 (b404b429-ad5e-3cdf-9b17-af0796003c67): стекла нету бл
[08:22:17] LightNight010 (b404b429-ad5e-3cdf-9b17-af0796003c67): лан пойду куплю
[08:23:03] AviKgolD1 (fe9f4036-69b5-38be-a9c3-1d860d8c4398): нах тебе стекло?
[08:23:09] LightNight010 (b404b429-ad5e-3cdf-9b17-af0796003c67): маяк
[08:23:14] LightNight010 (b404b429-ad5e-3cdf-9b17-af0796003c67): всё сделал уже
[08:23:25] AviKgolD1 (fe9f4036-69b5-38be-a9c3-1d860d8c4398): че будешь с маяком делать?
[08:23:34] LightNight010 (b404b429-ad5e-3cdf-9b17-af0796003c67): буду подвал огромный выкапывать
[08:23:50] LightNight010 (b404b429-ad5e-3cdf-9b17-af0796003c67): я на крыше
[08:23:57] AviKgolD1 (fe9f4036-69b5-38be-a9c3-1d860d8c4398): бл стой
[08:24:05] AviKgolD1 (fe9f4036-69b5-38be-a9c3-1d860d8c4398): сюда иди
[08:24:21] LightNight010 (b404b429-ad5e-3cdf-9b17-af0796003c67): ооо
[08:24:35] AviKgolD1 (fe9f4036-69b5-38be-a9c3-1d860d8c4398): вчера с фартуной ломали
[08:24:38] LightNight010 (b404b429-ad5e-3cdf-9b17-af0796003c67): го нормальный подъём сделаем
[08:24:46] LightNight010 (b404b429-ad5e-3cdf-9b17-af0796003c67): а то лестница пздц долго
[08:24:54] LightNight010 (b404b429-ad5e-3cdf-9b17-af0796003c67): Там ступеньки
[08:25:10] AviKgolD1 (fe9f4036-69b5-38be-a9c3-1d860d8c4398): не
[08:25:14] LightNight010 (b404b429-ad5e-3cdf-9b17-af0796003c67): а чё
[08:25:15] AviKgolD1 (fe9f4036-69b5-38be-a9c3-1d860d8c4398): других вариантов нет
[08:25:23] AviKgolD1 (fe9f4036-69b5-38be-a9c3-1d860d8c4398): только лестница
[08:25:25] LightNight010 (b404b429-ad5e-3cdf-9b17-af0796003c67): лестница слишком долго
[08:25:30] LightNight010 (b404b429-ad5e-3cdf-9b17-af0796003c67): подниматься
[08:25:32] AviKgolD1 (fe9f4036-69b5-38be-a9c3-1d860d8c4398): да не норм
[08:25:52] LightNight010 (b404b429-ad5e-3cdf-9b17-af0796003c67): Ну хотяб чтобы было место для элитр\
[08:25:57] AviKgolD1 (fe9f4036-69b5-38be-a9c3-1d860d8c4398): на порох
[08:26:00] LightNight010 (b404b429-ad5e-3cdf-9b17-af0796003c67): зач
[08:26:04] LightNight010 (b404b429-ad5e-3cdf-9b17-af0796003c67): мне не надо
[08:26:10] LightNight010 (b404b429-ad5e-3cdf-9b17-af0796003c67): я 7 стаков фурков купил
[08:26:12] AviKgolD1 (fe9f4036-69b5-38be-a9c3-1d860d8c4398): ок
[08:31:29] LightNight010 (b404b429-ad5e-3cdf-9b17-af0796003c67): 181 166
[08:31:32] LightNight010 (b404b429-ad5e-3cdf-9b17-af0796003c67): 281 166
[08:35:16] LightNight010 (b404b429-ad5e-3cdf-9b17-af0796003c67): биля
[08:35:22] LightNight010 (b404b429-ad5e-3cdf-9b17-af0796003c67): кто продаст топ лопату?
[08:35:25] LightNight010 (b404b429-ad5e-3cdf-9b17-af0796003c67): я проебал свою
[08:35:32] AviKgolD1 (fe9f4036-69b5-38be-a9c3-1d860d8c4398): сделай
[08:35:32] LightNight010 (b404b429-ad5e-3cdf-9b17-af0796003c67): а новую лень делать
[08:35:33] RunishYT (deb2ebb7-8562-3728-8ba8-ec800da9360c): с тебя топ шлем
[08:35:44] LightNight010 (b404b429-ad5e-3cdf-9b17-af0796003c67): эндерит?
[08:35:44] AviKgolD1 (fe9f4036-69b5-38be-a9c3-1d860d8c4398): пошёл нахуй
[08:35:53] RunishYT (deb2ebb7-8562-3728-8ba8-ec800da9360c): с тебя топ шлем
[08:35:58] LightNight010 (b404b429-ad5e-3cdf-9b17-af0796003c67): нит
[08:36:21] AviKgolD1 (fe9f4036-69b5-38be-a9c3-1d860d8c4398): лайт ты тупой? лопата меньше минуты делается
[08:36:42] LightNight010 (b404b429-ad5e-3cdf-9b17-af0796003c67): ну сделай
[08:36:45] LightNight010 (b404b429-ad5e-3cdf-9b17-af0796003c67): я в жопе
[08:37:09] LightNight010 (b404b429-ad5e-3cdf-9b17-af0796003c67): мне тут дофига почвы душ раскапывать
[08:37:10] AviKgolD1 (fe9f4036-69b5-38be-a9c3-1d860d8c4398): ок
[08:38:55] AviKgolD1 (fe9f4036-69b5-38be-a9c3-1d860d8c4398): лайт шелк или удача?
[08:39:04] LightNight010 (b404b429-ad5e-3cdf-9b17-af0796003c67): шелк
[08:41:22] AviKgolD1 (fe9f4036-69b5-38be-a9c3-1d860d8c4398): куда тебе лопату?
[08:41:28] LightNight010 (b404b429-ad5e-3cdf-9b17-af0796003c67): на спавн в аду
[08:41:46] LightNight010 (b404b429-ad5e-3cdf-9b17-af0796003c67): оставь в сундуке
[08:41:50] AviKgolD1 (fe9f4036-69b5-38be-a9c3-1d860d8c4398): ааа я понял что делаешь
[08:41:52] LightNight010 (b404b429-ad5e-3cdf-9b17-af0796003c67): я вернусь возьму
[08:42:02] AviKgolD1 (fe9f4036-69b5-38be-a9c3-1d860d8c4398): в шалкер кину
[08:43:22] AviKgolD1 (fe9f4036-69b5-38be-a9c3-1d860d8c4398): лайт тунели в аду не 3х3
[08:43:26] LightNight010 (b404b429-ad5e-3cdf-9b17-af0796003c67): какие
[08:43:29] AviKgolD1 (fe9f4036-69b5-38be-a9c3-1d860d8c4398): 7х7 минимум
[08:43:32] LightNight010 (b404b429-ad5e-3cdf-9b17-af0796003c67): еб
[08:43:44] AviKgolD1 (fe9f4036-69b5-38be-a9c3-1d860d8c4398): я буром хотел копать
[08:43:49] LightNight010 (b404b429-ad5e-3cdf-9b17-af0796003c67): не над
[08:43:54] LightNight010 (b404b429-ad5e-3cdf-9b17-af0796003c67): тут не камень
[08:43:54] AviKgolD1 (fe9f4036-69b5-38be-a9c3-1d860d8c4398): но не сейчас
[08:43:57] LightNight010 (b404b429-ad5e-3cdf-9b17-af0796003c67): вантапает
[08:48:33] LightNight010 (b404b429-ad5e-3cdf-9b17-af0796003c67): я пойду
[08:49:44] ItsFartunaRu (87aa0b4c-629f-3cae-a9c4-787ca2fa3e21): авик чекни дс
[08:49:51] AviKgolD1 (fe9f4036-69b5-38be-a9c3-1d860d8c4398): чекнул
[08:49:57] AviKgolD1 (fe9f4036-69b5-38be-a9c3-1d860d8c4398): чекнул
[08:50:34] ItsFartunaRu (87aa0b4c-629f-3cae-a9c4-787ca2fa3e21): ты уже сделал фарм булыги или не
[08:50:54] AviKgolD1 (fe9f4036-69b5-38be-a9c3-1d860d8c4398): нет сейчас слетал за коралами пойду собирать вещи
[08:51:11] ItsFartunaRu (87aa0b4c-629f-3cae-a9c4-787ca2fa3e21): Нафига они тебе
[08:51:24] AviKgolD1 (fe9f4036-69b5-38be-a9c3-1d860d8c4398): дюполка тнт
[08:52:19] AviKgolD1 (fe9f4036-69b5-38be-a9c3-1d860d8c4398): придётся другую ферму строить так как эта на 1.18 как то фиксить надо
[08:52:57] ItsFartunaRu (87aa0b4c-629f-3cae-a9c4-787ca2fa3e21): блять, а не лучше в афк на генераторе булыги постоять?
[08:53:19] AviKgolD1 (fe9f4036-69b5-38be-a9c3-1d860d8c4398): одно другому не мешает
[08:54:40] AviKgolD1 (fe9f4036-69b5-38be-a9c3-1d860d8c4398): ща ток комп принесу
[08:54:54] AviKgolD1 (fe9f4036-69b5-38be-a9c3-1d860d8c4398): ноут*
[09:07:28] AviKgolD1 (fe9f4036-69b5-38be-a9c3-1d860d8c4398): лайт накопай мне камня и булыжника плиз
[09:07:34] LightNight010 (b404b429-ad5e-3cdf-9b17-af0796003c67): скок
[09:07:50] AviKgolD1 (fe9f4036-69b5-38be-a9c3-1d860d8c4398): много ты же хочешь подвал копать
[09:07:54] LightNight010 (b404b429-ad5e-3cdf-9b17-af0796003c67): хм
[09:07:59] LightNight010 (b404b429-ad5e-3cdf-9b17-af0796003c67): шалкер?
[09:08:01] LightNight010 (b404b429-ad5e-3cdf-9b17-af0796003c67): 2?
[09:08:18] LightNight010 (b404b429-ad5e-3cdf-9b17-af0796003c67): потому что я не особо большой подвал буду делать
[09:08:20] AviKgolD1 (fe9f4036-69b5-38be-a9c3-1d860d8c4398): стаков по 17 каждого хватит
[09:08:29] LightNight010 (b404b429-ad5e-3cdf-9b17-af0796003c67): ок
[09:08:33] AviKgolD1 (fe9f4036-69b5-38be-a9c3-1d860d8c4398): просто булыги накопай плиз
[09:08:37] LightNight010 (b404b429-ad5e-3cdf-9b17-af0796003c67): щас доделую дорогу
[09:08:40] AviKgolD1 (fe9f4036-69b5-38be-a9c3-1d860d8c4398): камень не сильно надо
[09:08:46] LightNight010 (b404b429-ad5e-3cdf-9b17-af0796003c67): ну мне не сложно))
[09:08:53] LightNight010 (b404b429-ad5e-3cdf-9b17-af0796003c67): у меня и шёлк и без
[09:09:38] LightNight010 (b404b429-ad5e-3cdf-9b17-af0796003c67): qq
[09:12:09] ItsFartunaRu (87aa0b4c-629f-3cae-a9c4-787ca2fa3e21): будем ломать 5на5?
[09:12:12] ItsFartunaRu (87aa0b4c-629f-3cae-a9c4-787ca2fa3e21): ад
[09:12:13] ItsFartunaRu (87aa0b4c-629f-3cae-a9c4-787ca2fa3e21): крышу
[09:12:31] AviKgolD1 (fe9f4036-69b5-38be-a9c3-1d860d8c4398): да не
[09:12:34] ItsFartunaRu (87aa0b4c-629f-3cae-a9c4-787ca2fa3e21): ачо
[09:12:38] AviKgolD1 (fe9f4036-69b5-38be-a9c3-1d860d8c4398): зачем
[09:12:40] ItsFartunaRu (87aa0b4c-629f-3cae-a9c4-787ca2fa3e21): там не так много
[09:12:45] LightNight010 (b404b429-ad5e-3cdf-9b17-af0796003c67): а мне блоки нужны
[09:12:49] LightNight010 (b404b429-ad5e-3cdf-9b17-af0796003c67): для линии
[09:12:52] AviKgolD1 (fe9f4036-69b5-38be-a9c3-1d860d8c4398): как хочешь
[09:12:53] ItsFartunaRu (87aa0b4c-629f-3cae-a9c4-787ca2fa3e21): будет красивее
[09:13:00] ItsFartunaRu (87aa0b4c-629f-3cae-a9c4-787ca2fa3e21): я думаю сделать 5на5
[09:13:04] AviKgolD1 (fe9f4036-69b5-38be-a9c3-1d860d8c4398): лайт в хабе
[09:13:23] LightNight010 (b404b429-ad5e-3cdf-9b17-af0796003c67): я возьму почву душ?
[09:13:39] LightNight010 (b404b429-ad5e-3cdf-9b17-af0796003c67): ладно потом
[09:13:45] LightNight010 (b404b429-ad5e-3cdf-9b17-af0796003c67): пойду камень копать
[09:14:24] ItsFartunaRu (87aa0b4c-629f-3cae-a9c4-787ca2fa3e21): биля тут оказывается много бедрока ломать
[09:14:28] LightNight010 (b404b429-ad5e-3cdf-9b17-af0796003c67): да
[09:14:44] ItsFartunaRu (87aa0b4c-629f-3cae-a9c4-787ca2fa3e21): 31)
[09:14:53] LightNight010 (b404b429-ad5e-3cdf-9b17-af0796003c67): бедрока?
[09:14:54] ItsFartunaRu (87aa0b4c-629f-3cae-a9c4-787ca2fa3e21): но и ладно
[09:14:57] ItsFartunaRu (87aa0b4c-629f-3cae-a9c4-787ca2fa3e21): да
[09:15:12] AviKgolD1 (fe9f4036-69b5-38be-a9c3-1d860d8c4398): 62 тнт
[09:15:33] AviKgolD1 (fe9f4036-69b5-38be-a9c3-1d860d8c4398): и то если удача 99 лвл
[09:15:47] LightNight010 (b404b429-ad5e-3cdf-9b17-af0796003c67): я в скайрим играл
[09:15:49] LightNight010 (b404b429-ad5e-3cdf-9b17-af0796003c67): у меня 56
[09:17:04] AviKgolD1 (fe9f4036-69b5-38be-a9c3-1d860d8c4398): фартуна я тебе ферму скинул потом придёшь плиз нужно будет лаву и воду залить
[09:17:19] AviKgolD1 (fe9f4036-69b5-38be-a9c3-1d860d8c4398): так как в беброка это пздц
[09:18:22] LightNight010 (b404b429-ad5e-3cdf-9b17-af0796003c67): сколько на сколько первый слой маяка?
[09:18:39] AviKgolD1 (fe9f4036-69b5-38be-a9c3-1d860d8c4398): 9х9
[09:19:19] ItsFartunaRu (87aa0b4c-629f-3cae-a9c4-787ca2fa3e21): кароч впринципе можно поломать
[09:19:34] ItsFartunaRu (87aa0b4c-629f-3cae-a9c4-787ca2fa3e21): я понял как ломать в 100% случае
[09:19:36] ItsFartunaRu (87aa0b4c-629f-3cae-a9c4-787ca2fa3e21): без затупа
[09:19:45] AviKgolD1 (fe9f4036-69b5-38be-a9c3-1d860d8c4398): ок
[09:19:47] ItsFartunaRu (87aa0b4c-629f-3cae-a9c4-787ca2fa3e21): но чёт лень
[09:19:49] AviKgolD1 (fe9f4036-69b5-38be-a9c3-1d860d8c4398): хорош
[09:20:22] ItsFartunaRu (87aa0b4c-629f-3cae-a9c4-787ca2fa3e21): лан пока на фармилке постою
[09:22:38] AviKgolD1 (fe9f4036-69b5-38be-a9c3-1d860d8c4398): да
[09:22:42] LightNight010 (b404b429-ad5e-3cdf-9b17-af0796003c67): что
[09:23:31] AviKgolD1 (fe9f4036-69b5-38be-a9c3-1d860d8c4398): нет там дюполка просто без тнт
[09:23:46] AviKgolD1 (fe9f4036-69b5-38be-a9c3-1d860d8c4398): надо гайд чекатт
[09:25:15] LightNight010 (b404b429-ad5e-3cdf-9b17-af0796003c67): как активировать маяк под землёй
[09:25:23] ItsFartunaRu (87aa0b4c-629f-3cae-a9c4-787ca2fa3e21): где поршни
[09:25:23] LightNight010 (b404b429-ad5e-3cdf-9b17-af0796003c67): мне над наверх прокапывать?
[09:25:35] AviKgolD1 (fe9f4036-69b5-38be-a9c3-1d860d8c4398): вскопать блоки сверху
[09:25:41] LightNight010 (b404b429-ad5e-3cdf-9b17-af0796003c67): биляяя
[09:25:42] ItsFartunaRu (87aa0b4c-629f-3cae-a9c4-787ca2fa3e21): авик сделай 1 поршень
[09:25:44] LightNight010 (b404b429-ad5e-3cdf-9b17-af0796003c67): биляяя
[09:25:55] AviKgolD1 (fe9f4036-69b5-38be-a9c3-1d860d8c4398): я фармилку строю
[09:26:04] ItsFartunaRu (87aa0b4c-629f-3cae-a9c4-787ca2fa3e21): ладн
[09:35:34] LightNight010 (b404b429-ad5e-3cdf-9b17-af0796003c67): почти 15 стаков камня
[09:35:37] LightNight010 (b404b429-ad5e-3cdf-9b17-af0796003c67): только камня...
[09:35:50] LightNight010 (b404b429-ad5e-3cdf-9b17-af0796003c67): там гору уж сносить над
[09:36:04] AviKgolD1 (fe9f4036-69b5-38be-a9c3-1d860d8c4398): я ферму булыги делаю так что булыгу не надо
[09:36:10] LightNight010 (b404b429-ad5e-3cdf-9b17-af0796003c67): ок
[09:37:19] ItsFartunaRu (87aa0b4c-629f-3cae-a9c4-787ca2fa3e21): кароч тут больше чем 30 бедрока
[09:37:26] LightNight010 (b404b429-ad5e-3cdf-9b17-af0796003c67): лайтматика?
[09:37:48] ItsFartunaRu (87aa0b4c-629f-3cae-a9c4-787ca2fa3e21): не посчитал боковые стороны
[09:38:01] LightNight010 (b404b429-ad5e-3cdf-9b17-af0796003c67): 17 стаков камня есть
[09:38:35] AviKgolD1 (fe9f4036-69b5-38be-a9c3-1d860d8c4398): я короче ферму булыги строю над фермой мобов и коррче пока строю уже 5 стаков пороха нафармил
[09:39:00] LightNight010 (b404b429-ad5e-3cdf-9b17-af0796003c67): я маяк себе оставлю?
[09:39:19] AviKgolD1 (fe9f4036-69b5-38be-a9c3-1d860d8c4398): ок
[09:45:58] LightNight010 (b404b429-ad5e-3cdf-9b17-af0796003c67): авик ты где
[09:46:06] AviKgolD1 (fe9f4036-69b5-38be-a9c3-1d860d8c4398): на ферме мобов
[09:47:29] AviKgolD1 (fe9f4036-69b5-38be-a9c3-1d860d8c4398): ща гайд скину воду зальёшь
[09:48:20] AviKgolD1 (fe9f4036-69b5-38be-a9c3-1d860d8c4398): сяб
[09:48:28] LightNight010 (b404b429-ad5e-3cdf-9b17-af0796003c67): таймкод
[09:48:58] AviKgolD1 (fe9f4036-69b5-38be-a9c3-1d860d8c4398): 4.40 примерно
[09:49:28] LightNight010 (b404b429-ad5e-3cdf-9b17-af0796003c67): вода
[09:49:31] LightNight010 (b404b429-ad5e-3cdf-9b17-af0796003c67): у меня нет
[09:49:46] LightNight010 (b404b429-ad5e-3cdf-9b17-af0796003c67): источник над сделать
[09:50:15] LightNight010 (b404b429-ad5e-3cdf-9b17-af0796003c67): блоки есть:
[09:50:21] LightNight010 (b404b429-ad5e-3cdf-9b17-af0796003c67): блоки
[09:50:57] AviKgolD1 (fe9f4036-69b5-38be-a9c3-1d860d8c4398): и лаву потом
[09:51:40] AviKgolD1 (fe9f4036-69b5-38be-a9c3-1d860d8c4398): дай я сделаю источник
[09:51:56] AviKgolD1 (fe9f4036-69b5-38be-a9c3-1d860d8c4398): а ты тип так
[09:53:57] AviKgolD1 (fe9f4036-69b5-38be-a9c3-1d860d8c4398): блоки дай
[09:54:05] LightNight010 (b404b429-ad5e-3cdf-9b17-af0796003c67): остальное ниже
[09:56:01] LightNight010 (b404b429-ad5e-3cdf-9b17-af0796003c67): вроде всё
[09:56:53] AviKgolD1 (fe9f4036-69b5-38be-a9c3-1d860d8c4398): лаву
[09:57:48] LightNight010 (b404b429-ad5e-3cdf-9b17-af0796003c67): У меня только 1 остался
[09:58:00] AviKgolD1 (fe9f4036-69b5-38be-a9c3-1d860d8c4398): ты брал ведра
[09:58:01] LightNight010 (b404b429-ad5e-3cdf-9b17-af0796003c67): ещ 1 над
[09:58:03] LightNight010 (b404b429-ad5e-3cdf-9b17-af0796003c67): да
[09:58:13] AviKgolD1 (fe9f4036-69b5-38be-a9c3-1d860d8c4398): ну и куда ты слил 1 лаву
[09:58:16] LightNight010 (b404b429-ad5e-3cdf-9b17-af0796003c67): никуда
[09:58:20] LightNight010 (b404b429-ad5e-3cdf-9b17-af0796003c67): ты мне давал вёдра
[09:58:50] LightNight010 (b404b429-ad5e-3cdf-9b17-af0796003c67): я пойду за лавой
[09:58:54] LightNight010 (b404b429-ad5e-3cdf-9b17-af0796003c67): она тут рядом есть
[10:06:35] LightNight010 (b404b429-ad5e-3cdf-9b17-af0796003c67): извини при шлось отходить
[10:06:38] LightNight010 (b404b429-ad5e-3cdf-9b17-af0796003c67): ща буду
[10:07:25] LightNight010 (b404b429-ad5e-3cdf-9b17-af0796003c67): всё
[10:07:35] LightNight010 (b404b429-ad5e-3cdf-9b17-af0796003c67): что дальше
[10:07:49] AviKgolD1 (fe9f4036-69b5-38be-a9c3-1d860d8c4398): я сам
[10:09:00] LightNight010 (b404b429-ad5e-3cdf-9b17-af0796003c67): надо этот блок выше
[10:09:04] LightNight010 (b404b429-ad5e-3cdf-9b17-af0796003c67): ещё
[10:09:17] LightNight010 (b404b429-ad5e-3cdf-9b17-af0796003c67): наверное
[10:09:44] LightNight010 (b404b429-ad5e-3cdf-9b17-af0796003c67): выше
[10:09:47] LightNight010 (b404b429-ad5e-3cdf-9b17-af0796003c67): дай я
[10:10:04] AviKgolD1 (fe9f4036-69b5-38be-a9c3-1d860d8c4398): я сам
[10:10:09] LightNight010 (b404b429-ad5e-3cdf-9b17-af0796003c67): мне нечего делать
[10:16:07] AviKgolD1 (fe9f4036-69b5-38be-a9c3-1d860d8c4398): принеси красный факел
[10:16:18] LightNight010 (b404b429-ad5e-3cdf-9b17-af0796003c67): из дома?
[10:16:21] LightNight010 (b404b429-ad5e-3cdf-9b17-af0796003c67): тут нету
[10:16:30] AviKgolD1 (fe9f4036-69b5-38be-a9c3-1d860d8c4398): да из дома
[10:18:17] LightNight010 (b404b429-ad5e-3cdf-9b17-af0796003c67): да юлляяяяяя
[10:19:22] LightNight010 (b404b429-ad5e-3cdf-9b17-af0796003c67): работает?
[10:19:33] LightNight010 (b404b429-ad5e-3cdf-9b17-af0796003c67): дюп?
[10:19:41] AviKgolD1 (fe9f4036-69b5-38be-a9c3-1d860d8c4398): да но ток 2 редстоуна осталось
[10:19:45] LightNight010 (b404b429-ad5e-3cdf-9b17-af0796003c67): а что
[10:19:46] AviKgolD1 (fe9f4036-69b5-38be-a9c3-1d860d8c4398): надо искать ошибку
[10:19:57] AviKgolD1 (fe9f4036-69b5-38be-a9c3-1d860d8c4398): точнее где не достроил
[10:20:56] AviKgolD1 (fe9f4036-69b5-38be-a9c3-1d860d8c4398): все
[10:21:26] LightNight010 (b404b429-ad5e-3cdf-9b17-af0796003c67): крааа
[10:21:27] LightNight010 (b404b429-ad5e-3cdf-9b17-af0796003c67): ура
[10:22:07] AviKgolD1 (fe9f4036-69b5-38be-a9c3-1d860d8c4398): скинь фартуне корды этой фермы
[10:22:16] LightNight010 (b404b429-ad5e-3cdf-9b17-af0796003c67): фартук
[10:23:07] LightNight010 (b404b429-ad5e-3cdf-9b17-af0796003c67): он не успевает перекидываит
[10:23:28] LightNight010 (b404b429-ad5e-3cdf-9b17-af0796003c67): возьми
[10:23:29] AviKgolD1 (fe9f4036-69b5-38be-a9c3-1d860d8c4398): да все норм как вижу
[10:23:32] LightNight010 (b404b429-ad5e-3cdf-9b17-af0796003c67): это я снизу взял
[10:23:42] LightNight010 (b404b429-ad5e-3cdf-9b17-af0796003c67): воронка не успевает
[10:24:48] RunishYT (deb2ebb7-8562-3728-8ba8-ec800da9360c): лайт найт за сколько продашь 6 стаков визер роз?
[10:25:02] LightNight010 (b404b429-ad5e-3cdf-9b17-af0796003c67): хм
[10:25:09] LightNight010 (b404b429-ad5e-3cdf-9b17-af0796003c67): скоко?
[10:25:38] LightNight010 (b404b429-ad5e-3cdf-9b17-af0796003c67): 30 алм
[10:25:55] AviKgolD1 (fe9f4036-69b5-38be-a9c3-1d860d8c4398): не продавай
[10:25:58] LightNight010 (b404b429-ad5e-3cdf-9b17-af0796003c67): а чё
[10:26:02] LightNight010 (b404b429-ad5e-3cdf-9b17-af0796003c67): залява
[10:26:06] LightNight010 (b404b429-ad5e-3cdf-9b17-af0796003c67): халява
[10:26:07] AviKgolD1 (fe9f4036-69b5-38be-a9c3-1d860d8c4398): ему для фермы гастов
[10:26:14] LightNight010 (b404b429-ad5e-3cdf-9b17-af0796003c67): АААА
[10:26:17] [CAPS] LightNight010 (b404b429-ad5e-3cdf-9b17-af0796003c67): 6 стаков
[10:26:23] LightNight010 (b404b429-ad5e-3cdf-9b17-af0796003c67): хотя не
[10:26:25] AviKgolD1 (fe9f4036-69b5-38be-a9c3-1d860d8c4398): нахуй нам конкуренты
[10:26:28] LightNight010 (b404b429-ad5e-3cdf-9b17-af0796003c67): не буду продавать
[10:26:34] LightNight010 (b404b429-ad5e-3cdf-9b17-af0796003c67): сам фармилку делай
[10:26:40] LightNight010 (b404b429-ad5e-3cdf-9b17-af0796003c67): стрелу дай плиз
[10:26:44] RunishYT (deb2ebb7-8562-3728-8ba8-ec800da9360c): вы ахуели
[10:26:53] LightNight010 (b404b429-ad5e-3cdf-9b17-af0796003c67): нах нам конкуренты
[10:26:57] RunishYT (deb2ebb7-8562-3728-8ba8-ec800da9360c): Я вам продал головы
[10:27:00] AviKgolD1 (fe9f4036-69b5-38be-a9c3-1d860d8c4398): внизу плиз
[10:27:06] LightNight010 (b404b429-ad5e-3cdf-9b17-af0796003c67): что
[10:27:08] LightNight010 (b404b429-ad5e-3cdf-9b17-af0796003c67): а
[10:27:09] AviKgolD1 (fe9f4036-69b5-38be-a9c3-1d860d8c4398): у меня одна
[10:27:28] LightNight010 (b404b429-ad5e-3cdf-9b17-af0796003c67): ну продал и продал
[10:28:15] AviKgolD1 (fe9f4036-69b5-38be-a9c3-1d860d8c4398): руниш давно шлем не ломал? у нах 6 стаков крисов на секундочку)
[10:28:25] RunishYT (deb2ebb7-8562-3728-8ba8-ec800da9360c): пошел нахуй
[10:28:44] AviKgolD1 (fe9f4036-69b5-38be-a9c3-1d860d8c4398): пока не хочу к тебе домой
[10:29:04] LightNight010 (b404b429-ad5e-3cdf-9b17-af0796003c67): Воронки не успевают бл
[10:29:09] GOLDENDUSST (a0ee3527-abbd-3f28-bd2e-ff7c77b23497): Ауел блять угрожает грифом
[10:29:39] LightNight010 (b404b429-ad5e-3cdf-9b17-af0796003c67): фул сундук булыги
[10:29:44] LightNight010 (b404b429-ad5e-3cdf-9b17-af0796003c67): а зач тебе
[10:29:47] AviKgolD1 (fe9f4036-69b5-38be-a9c3-1d860d8c4398): ага норм
[10:30:01] LightNight010 (b404b429-ad5e-3cdf-9b17-af0796003c67): я пойду
[10:30:07] AviKgolD1 (fe9f4036-69b5-38be-a9c3-1d860d8c4398): кожухи дорог в аду и полублоки для фермы визеров
[10:30:30] LightNight010 (b404b429-ad5e-3cdf-9b17-af0796003c67): мне блоки нужны для постройки дороги
[10:34:33] LightNight010 (b404b429-ad5e-3cdf-9b17-af0796003c67): трезубец с элитрами имба
[10:35:08] LightNight010 (b404b429-ad5e-3cdf-9b17-af0796003c67): трезубец с элитрами имба
[10:35:13] AviKgolD1 (fe9f4036-69b5-38be-a9c3-1d860d8c4398): ага
[10:35:17] LightNight010 (b404b429-ad5e-3cdf-9b17-af0796003c67): я взял чуток булыгши
[10:35:23] LightNight010 (b404b429-ad5e-3cdf-9b17-af0796003c67): для постройки ветки в аду
[10:35:24] AviKgolD1 (fe9f4036-69b5-38be-a9c3-1d860d8c4398): ок
[10:35:44] AviKgolD1 (fe9f4036-69b5-38be-a9c3-1d860d8c4398): ты то7да её 9х9 копай и застраивай
[10:36:02] AviKgolD1 (fe9f4036-69b5-38be-a9c3-1d860d8c4398): лайт только дороги 7х7!
[10:36:09] LightNight010 (b404b429-ad5e-3cdf-9b17-af0796003c67): бл
[10:36:16] LightNight010 (b404b429-ad5e-3cdf-9b17-af0796003c67): я 3 на 5
[10:36:20] LightNight010 (b404b429-ad5e-3cdf-9b17-af0796003c67): ну как у всех
[10:36:23] LightNight010 (b404b429-ad5e-3cdf-9b17-af0796003c67): ну как у всех
[10:36:26] LightNight010 (b404b429-ad5e-3cdf-9b17-af0796003c67): арка такая
[10:36:43] AviKgolD1 (fe9f4036-69b5-38be-a9c3-1d860d8c4398): нахуя 7х7 надо потом их оформить красиво
[10:37:02] LightNight010 (b404b429-ad5e-3cdf-9b17-af0796003c67): kflyj
[10:37:07] LightNight010 (b404b429-ad5e-3cdf-9b17-af0796003c67): но я только из булыги
[10:37:30] LightNight010 (b404b429-ad5e-3cdf-9b17-af0796003c67): 7х7 слишком много
[10:37:34] LightNight010 (b404b429-ad5e-3cdf-9b17-af0796003c67): ид в хаб чекни
[10:38:36] RunishYT (deb2ebb7-8562-3728-8ba8-ec800da9360c): ты новенький?
[10:38:50] ParMisha1305 (57ac5a36-9b4a-339d-9464-80067e40304c): я жив
[10:39:06] ParMisha1305 (57ac5a36-9b4a-339d-9464-80067e40304c): привет
[10:39:08] RunishYT (deb2ebb7-8562-3728-8ba8-ec800da9360c): все по плану если чо
[10:39:40] LightNight010 (b404b429-ad5e-3cdf-9b17-af0796003c67): великолепный план руниш, просто о***ый если я правильно понял
[10:39:52] RunishYT (deb2ebb7-8562-3728-8ba8-ec800da9360c): да
[10:39:57] LightNight010 (b404b429-ad5e-3cdf-9b17-af0796003c67): надёжнй б***ь как швейцарские часы
[10:39:59] RunishYT (deb2ebb7-8562-3728-8ba8-ec800da9360c): из энда выбрались
[10:40:07] AviKgolD1 (fe9f4036-69b5-38be-a9c3-1d860d8c4398): что там?
[10:40:18] ParMisha1305 (57ac5a36-9b4a-339d-9464-80067e40304c): енд открыт уже чтоли?
[10:40:20] LightNight010 (b404b429-ad5e-3cdf-9b17-af0796003c67): голду надоело жить
[10:40:23] RunishYT (deb2ebb7-8562-3728-8ba8-ec800da9360c): давно уже
[10:40:33] RunishYT (deb2ebb7-8562-3728-8ba8-ec800da9360c): откуда у нас элитры как думаешь?
[10:40:38] ParMisha1305 (57ac5a36-9b4a-339d-9464-80067e40304c): вамвам помочь
[10:40:49] ParMisha1305 (57ac5a36-9b4a-339d-9464-80067e40304c): думал у сайко спиздили
[10:40:49] RunishYT (deb2ebb7-8562-3728-8ba8-ec800da9360c): все по плану
[10:41:21] RunishYT (deb2ebb7-8562-3728-8ba8-ec800da9360c): го в гс
[10:42:09] RunishYT (deb2ebb7-8562-3728-8ba8-ec800da9360c): го в гс
[10:42:20] ParMisha1305 (57ac5a36-9b4a-339d-9464-80067e40304c): ща
[10:42:28] AviKgolD1 (fe9f4036-69b5-38be-a9c3-1d860d8c4398): короче лайт с тебя ферма шалкеров
[10:42:32] LightNight010 (b404b429-ad5e-3cdf-9b17-af0796003c67): чё
[10:42:37] ParMisha1305 (57ac5a36-9b4a-339d-9464-80067e40304c): ;)
[10:42:44] LightNight010 (b404b429-ad5e-3cdf-9b17-af0796003c67): мне лень шалкера вести
[10:42:50] AviKgolD1 (fe9f4036-69b5-38be-a9c3-1d860d8c4398): ферма шалкеров короче
[10:42:56] RunishYT (deb2ebb7-8562-3728-8ba8-ec800da9360c): хохохо
[10:43:00] ParMisha1305 (57ac5a36-9b4a-339d-9464-80067e40304c): ахахахха
[10:43:03] RunishYT (deb2ebb7-8562-3728-8ba8-ec800da9360c): вам нужен шалкер??
[10:43:11] LightNight010 (b404b429-ad5e-3cdf-9b17-af0796003c67): ДА
[10:43:21] RunishYT (deb2ebb7-8562-3728-8ba8-ec800da9360c): с вас ферма роз
[10:43:33] AviKgolD1 (fe9f4036-69b5-38be-a9c3-1d860d8c4398): не
[10:43:33] LightNight010 (b404b429-ad5e-3cdf-9b17-af0796003c67): ifi naxuy
[10:43:38] AviKgolD1 (fe9f4036-69b5-38be-a9c3-1d860d8c4398): туда
[10:43:50] LightNight010 (b404b429-ad5e-3cdf-9b17-af0796003c67): авик иди в хаб
[10:43:51] RunishYT (deb2ebb7-8562-3728-8ba8-ec800da9360c): что за негатив
[10:44:04] RunishYT (deb2ebb7-8562-3728-8ba8-ec800da9360c): го в гс
[10:44:05] RunishYT (deb2ebb7-8562-3728-8ba8-ec800da9360c): го в гс
[10:44:05] RunishYT (deb2ebb7-8562-3728-8ba8-ec800da9360c): го в гс
[10:44:05] RunishYT (deb2ebb7-8562-3728-8ba8-ec800da9360c): го в гс
[10:44:06] RunishYT (deb2ebb7-8562-3728-8ba8-ec800da9360c): го в гс
[10:44:07] RunishYT (deb2ebb7-8562-3728-8ba8-ec800da9360c): го в гс
[10:44:07] RunishYT (deb2ebb7-8562-3728-8ba8-ec800da9360c): го в гс
[10:44:09] RunishYT (deb2ebb7-8562-3728-8ba8-ec800da9360c): го в гс
[10:44:18] AviKgolD1 (fe9f4036-69b5-38be-a9c3-1d860d8c4398): это не негатив это указание твоего места жительства
[10:44:31] LightNight010 (b404b429-ad5e-3cdf-9b17-af0796003c67): туда его
[10:45:22] ParMisha1305 (57ac5a36-9b4a-339d-9464-80067e40304c): где кровать?
[10:45:40] ItsFartunaRu (87aa0b4c-629f-3cae-a9c4-787ca2fa3e21): туда его
[10:45:43] RunishYT (deb2ebb7-8562-3728-8ba8-ec800da9360c): в воде
[10:45:50] AviKgolD1 (fe9f4036-69b5-38be-a9c3-1d860d8c4398): фартуна ферма готова
[10:46:00] ItsFartunaRu (87aa0b4c-629f-3cae-a9c4-787ca2fa3e21): я ща в афк\
[10:46:10] RunishYT (deb2ebb7-8562-3728-8ba8-ec800da9360c): го в гс
[10:46:13] RunishYT (deb2ebb7-8562-3728-8ba8-ec800da9360c): миша блять
[10:46:18] LightNight010 (b404b429-ad5e-3cdf-9b17-af0796003c67): гасты?
[10:46:33] ParMisha1305 (57ac5a36-9b4a-339d-9464-80067e40304c): я в гс зашёл
[10:46:57] LightNight010 (b404b429-ad5e-3cdf-9b17-af0796003c67): ура, можно нормально поиграть
[10:47:07] AviKgolD1 (fe9f4036-69b5-38be-a9c3-1d860d8c4398): -2
[10:47:15] AviKgolD1 (fe9f4036-69b5-38be-a9c3-1d860d8c4398): все онлайн упал
[10:47:20] LightNight010 (b404b429-ad5e-3cdf-9b17-af0796003c67): ахахахах
[10:47:21] AviKgolD1 (fe9f4036-69b5-38be-a9c3-1d860d8c4398): грюстно
[10:47:29] LightNight010 (b404b429-ad5e-3cdf-9b17-af0796003c67): авик иди в хаб
[10:52:07] ItsFartunaRu (87aa0b4c-629f-3cae-a9c4-787ca2fa3e21): биля
[10:52:19] AviKgolD1 (fe9f4036-69b5-38be-a9c3-1d860d8c4398): чего?
[10:52:29] ItsFartunaRu (87aa0b4c-629f-3cae-a9c4-787ca2fa3e21): кто порох спиздил
[10:52:32] LightNight010 (b404b429-ad5e-3cdf-9b17-af0796003c67): я
[10:52:35] ItsFartunaRu (87aa0b4c-629f-3cae-a9c4-787ca2fa3e21): ладно
[10:52:36] AviKgolD1 (fe9f4036-69b5-38be-a9c3-1d860d8c4398): мб лайт
[10:52:44] ItsFartunaRu (87aa0b4c-629f-3cae-a9c4-787ca2fa3e21): над просто примерно 2 стака тротила
[10:52:46] ItsFartunaRu (87aa0b4c-629f-3cae-a9c4-787ca2fa3e21): 1,32
[10:52:50] LightNight010 (b404b429-ad5e-3cdf-9b17-af0796003c67): откуда взял
[10:52:50] AviKgolD1 (fe9f4036-69b5-38be-a9c3-1d860d8c4398): могу дать у меня сейчас больше шалкера пороха
[10:53:06] ItsFartunaRu (87aa0b4c-629f-3cae-a9c4-787ca2fa3e21): положи на фармилку
[10:53:13] ItsFartunaRu (87aa0b4c-629f-3cae-a9c4-787ca2fa3e21): я кароч ещё в афк
[10:55:51] LightNight010 (b404b429-ad5e-3cdf-9b17-af0796003c67): авик ты где бляяяяяя
[10:56:49] LightNight010 (b404b429-ad5e-3cdf-9b17-af0796003c67): qq
[11:00:49] LightNight010 (b404b429-ad5e-3cdf-9b17-af0796003c67): понял
[11:00:55] LightNight010 (b404b429-ad5e-3cdf-9b17-af0796003c67): понял
[11:01:00] LightNight010 (b404b429-ad5e-3cdf-9b17-af0796003c67): понял
[11:01:05] LightNight010 (b404b429-ad5e-3cdf-9b17-af0796003c67): понял
[11:01:08] LightNight010 (b404b429-ad5e-3cdf-9b17-af0796003c67): понял
[11:01:09] GOLDENDUSST (a0ee3527-abbd-3f28-bd2e-ff7c77b23497): Сайко грифер
[11:01:18] LightNight010 (b404b429-ad5e-3cdf-9b17-af0796003c67): понял
[11:19:08] GOLDENDUSST (a0ee3527-abbd-3f28-bd2e-ff7c77b23497): Авик короч нужны срочно алмазы у меня много ценных ресов готов продавать
[11:19:22] LightNight010 (b404b429-ad5e-3cdf-9b17-af0796003c67): для чего алмы
[11:19:25] AviKgolD1 (fe9f4036-69b5-38be-a9c3-1d860d8c4398): что продавать?
[11:19:30] ItsFartunaRu (87aa0b4c-629f-3cae-a9c4-787ca2fa3e21): всё я жив
[11:20:08] GOLDENDUSST (a0ee3527-abbd-3f28-bd2e-ff7c77b23497): Золотые зачарованные яблоки есть головы дракона
[11:20:15] GOLDENDUSST (a0ee3527-abbd-3f28-bd2e-ff7c77b23497): И некоторые ресы
[11:20:35] AviKgolD1 (fe9f4036-69b5-38be-a9c3-1d860d8c4398): сколько чарок есть? и по сколько?
[11:20:37] GOLDENDUSST (a0ee3527-abbd-3f28-bd2e-ff7c77b23497): Звезда адская
[11:20:47] GOLDENDUSST (a0ee3527-abbd-3f28-bd2e-ff7c77b23497): 5 яблок
[11:20:52] ItsFartunaRu (87aa0b4c-629f-3cae-a9c4-787ca2fa3e21): нахуя нам чарки
[11:20:55] ItsFartunaRu (87aa0b4c-629f-3cae-a9c4-787ca2fa3e21): покупай звезду
[11:21:06] LightNight010 (b404b429-ad5e-3cdf-9b17-af0796003c67): визер изичный
[11:21:09] LightNight010 (b404b429-ad5e-3cdf-9b17-af0796003c67): нах звезда
[11:21:14] AviKgolD1 (fe9f4036-69b5-38be-a9c3-1d860d8c4398): да бл я чарки собираю
[11:21:18] ItsFartunaRu (87aa0b4c-629f-3cae-a9c4-787ca2fa3e21): нафарми тогда головы
[11:21:25] AviKgolD1 (fe9f4036-69b5-38be-a9c3-1d860d8c4398): я вообще много чего собираю
[11:21:27] LightNight010 (b404b429-ad5e-3cdf-9b17-af0796003c67): голд, головы есть?
[11:21:34] GOLDENDUSST (a0ee3527-abbd-3f28-bd2e-ff7c77b23497): Каво
[11:21:39] LightNight010 (b404b429-ad5e-3cdf-9b17-af0796003c67): визера
[11:21:47] GOLDENDUSST (a0ee3527-abbd-3f28-bd2e-ff7c77b23497): Нет
[11:21:56] ItsFartunaRu (87aa0b4c-629f-3cae-a9c4-787ca2fa3e21): за скок звезда
[11:22:13] AviKgolD1 (fe9f4036-69b5-38be-a9c3-1d860d8c4398): короче куплю головы дракона, чарки, звезда
[11:22:21] saikonohack (61d3e846-cfe0-3e5b-b41b-772c1020819e): за скок головы?
[11:22:46] AviKgolD1 (fe9f4036-69b5-38be-a9c3-1d860d8c4398): фартуна куда тебе тнт нести?
[11:22:46] LightNight010 (b404b429-ad5e-3cdf-9b17-af0796003c67): сайк, эндерит купишь?
[11:22:52] ItsFartunaRu (87aa0b4c-629f-3cae-a9c4-787ca2fa3e21): к дыре
[11:22:58] GOLDENDUSST (a0ee3527-abbd-3f28-bd2e-ff7c77b23497): За скок купишь звезду
[11:23:17] ItsFartunaRu (87aa0b4c-629f-3cae-a9c4-787ca2fa3e21): нихуясе
[11:23:33] AviKgolD1 (fe9f4036-69b5-38be-a9c3-1d860d8c4398): норм я ферму булыги над фермой пороха сделал
[11:23:37] ItsFartunaRu (87aa0b4c-629f-3cae-a9c4-787ca2fa3e21): этого вроде должно хватить
[11:23:41] AviKgolD1 (fe9f4036-69b5-38be-a9c3-1d860d8c4398): и шалкер пороха нафармил
[11:24:12] GOLDENDUSST (a0ee3527-abbd-3f28-bd2e-ff7c77b23497): Сайко лох реально
[11:24:17] AviKgolD1 (fe9f4036-69b5-38be-a9c3-1d860d8c4398): голлен бл
[11:24:25] AviKgolD1 (fe9f4036-69b5-38be-a9c3-1d860d8c4398): я де сказал что куплю
[11:24:30] GOLDENDUSST (a0ee3527-abbd-3f28-bd2e-ff7c77b23497): Да продам
[11:24:35] GOLDENDUSST (a0ee3527-abbd-3f28-bd2e-ff7c77b23497): За скок купишь головы
[11:24:39] GOLDENDUSST (a0ee3527-abbd-3f28-bd2e-ff7c77b23497): Дракона
[11:24:58] AviKgolD1 (fe9f4036-69b5-38be-a9c3-1d860d8c4398): за сколько? и сколько есть?
[11:25:07] GOLDENDUSST (a0ee3527-abbd-3f28-bd2e-ff7c77b23497): есть 12 вроде
[11:25:23] GOLDENDUSST (a0ee3527-abbd-3f28-bd2e-ff7c77b23497): Одна за 27 алм?
[11:25:31] AviKgolD1 (fe9f4036-69b5-38be-a9c3-1d860d8c4398): ноу
[11:25:40] AviKgolD1 (fe9f4036-69b5-38be-a9c3-1d860d8c4398): чарки за скок
[11:25:42] GOLDENDUSST (a0ee3527-abbd-3f28-bd2e-ff7c77b23497): всм
[11:25:47] GOLDENDUSST (a0ee3527-abbd-3f28-bd2e-ff7c77b23497): а
[11:25:49] GOLDENDUSST (a0ee3527-abbd-3f28-bd2e-ff7c77b23497): пон
[11:25:53] AviKgolD1 (fe9f4036-69b5-38be-a9c3-1d860d8c4398): сколько чарок есть
[11:26:17] GOLDENDUSST (a0ee3527-abbd-3f28-bd2e-ff7c77b23497): редкая хуета есть 5 штук готов продать все одна стоит 45 алм
[11:26:35] AviKgolD1 (fe9f4036-69b5-38be-a9c3-1d860d8c4398): звезда за сколько
[11:26:49] GOLDENDUSST (a0ee3527-abbd-3f28-bd2e-ff7c77b23497): 7 блоков
[11:27:08] AviKgolD1 (fe9f4036-69b5-38be-a9c3-1d860d8c4398): головы по 10 алм продашь?
[11:27:15] GOLDENDUSST (a0ee3527-abbd-3f28-bd2e-ff7c77b23497): Мало
[11:27:48] AviKgolD1 (fe9f4036-69b5-38be-a9c3-1d860d8c4398): ладно алмазез нет так что давай звезду
[11:27:58] GOLDENDUSST (a0ee3527-abbd-3f28-bd2e-ff7c77b23497): Ок
[11:31:49] ItsFartunaRu (87aa0b4c-629f-3cae-a9c4-787ca2fa3e21): о ку
[11:31:53] LightNight010 (b404b429-ad5e-3cdf-9b17-af0796003c67): ку
[11:32:01] LightNight010 (b404b429-ad5e-3cdf-9b17-af0796003c67): я дорогу с хаба делаю
[11:32:07] LightNight010 (b404b429-ad5e-3cdf-9b17-af0796003c67): булыга есть?
[11:32:11] LightNight010 (b404b429-ad5e-3cdf-9b17-af0796003c67): иль блоки?
[11:32:13] ItsFartunaRu (87aa0b4c-629f-3cae-a9c4-787ca2fa3e21): мало
[11:32:14] ParMisha1305 (57ac5a36-9b4a-339d-9464-80067e40304c): сайко верни кирку блядь
[11:32:16] ItsFartunaRu (87aa0b4c-629f-3cae-a9c4-787ca2fa3e21): я крч ломаю
[11:32:22] LightNight010 (b404b429-ad5e-3cdf-9b17-af0796003c67): бедр*
[11:32:26] LightNight010 (b404b429-ad5e-3cdf-9b17-af0796003c67): ?
[11:32:30] ItsFartunaRu (87aa0b4c-629f-3cae-a9c4-787ca2fa3e21): да
[11:33:05] ItsFartunaRu (87aa0b4c-629f-3cae-a9c4-787ca2fa3e21): сайк верни эндерит вор
[11:33:17] LightNight010 (b404b429-ad5e-3cdf-9b17-af0796003c67): сайк купи эндерт
[11:33:17] ItsFartunaRu (87aa0b4c-629f-3cae-a9c4-787ca2fa3e21): и алмы
[11:33:31] AviKgolD1 (fe9f4036-69b5-38be-a9c3-1d860d8c4398): фартуна это я спиздил с фермы стак слёз
[11:34:42] LightNight010 (b404b429-ad5e-3cdf-9b17-af0796003c67): авик блоки нада
[11:34:53] AviKgolD1 (fe9f4036-69b5-38be-a9c3-1d860d8c4398): ферма для кого
[11:35:02] LightNight010 (b404b429-ad5e-3cdf-9b17-af0796003c67): я туда и лечу
[11:35:25] ItsFartunaRu (87aa0b4c-629f-3cae-a9c4-787ca2fa3e21): биля где рычаг
[11:35:38] AviKgolD1 (fe9f4036-69b5-38be-a9c3-1d860d8c4398): может вниз упал
[11:36:44] ItsFartunaRu (87aa0b4c-629f-3cae-a9c4-787ca2fa3e21): сук на чё я трачу своё время
[11:37:08] AviKgolD1 (fe9f4036-69b5-38be-a9c3-1d860d8c4398): ломаешь бедрок 5х5
[11:41:36] ItsFartunaRu (87aa0b4c-629f-3cae-a9c4-787ca2fa3e21): уф почти закончил
[11:44:23] AviKgolD1 (fe9f4036-69b5-38be-a9c3-1d860d8c4398): ёбнутый короче
[11:44:35] LightNight010 (b404b429-ad5e-3cdf-9b17-af0796003c67): чё там у вас
[11:44:43] ItsFartunaRu (87aa0b4c-629f-3cae-a9c4-787ca2fa3e21): кризис
[11:44:48] AviKgolD1 (fe9f4036-69b5-38be-a9c3-1d860d8c4398): ямка 5х5
[11:44:52] LightNight010 (b404b429-ad5e-3cdf-9b17-af0796003c67): ахахах
[11:46:37] ItsFartunaRu (87aa0b4c-629f-3cae-a9c4-787ca2fa3e21): чёт кажись 5на5 мало
[11:46:43] LightNight010 (b404b429-ad5e-3cdf-9b17-af0796003c67): 10 на 10 го
[11:46:54] ItsFartunaRu (87aa0b4c-629f-3cae-a9c4-787ca2fa3e21): впринципе можно
[11:46:58] ItsFartunaRu (87aa0b4c-629f-3cae-a9c4-787ca2fa3e21): впринципе можно
[11:47:00] ItsFartunaRu (87aa0b4c-629f-3cae-a9c4-787ca2fa3e21): но потом
[11:47:02] ItsFartunaRu (87aa0b4c-629f-3cae-a9c4-787ca2fa3e21): щас лень
[11:47:36] LightNight010 (b404b429-ad5e-3cdf-9b17-af0796003c67): кстати
[11:47:45] LightNight010 (b404b429-ad5e-3cdf-9b17-af0796003c67): мне только чот нарисовали скин
[11:47:53] LightNight010 (b404b429-ad5e-3cdf-9b17-af0796003c67): мне только что нарисовали скин
[11:47:59] LightNight010 (b404b429-ad5e-3cdf-9b17-af0796003c67): фартук чекнеш?
[11:48:05] ItsFartunaRu (87aa0b4c-629f-3cae-a9c4-787ca2fa3e21): потом
[11:48:11] LightNight010 (b404b429-ad5e-3cdf-9b17-af0796003c67): авик?
[11:48:29] AviKgolD1 (fe9f4036-69b5-38be-a9c3-1d860d8c4398): я афк
[11:51:22] LightNight010 (b404b429-ad5e-3cdf-9b17-af0796003c67): авик ты где
[11:51:34] ItsFartunaRu (87aa0b4c-629f-3cae-a9c4-787ca2fa3e21): 6 бедрока вроде осталс
[11:51:58] LightNight010 (b404b429-ad5e-3cdf-9b17-af0796003c67): чекай
[11:52:07] LightNight010 (b404b429-ad5e-3cdf-9b17-af0796003c67): чек
[11:52:08] ItsFartunaRu (87aa0b4c-629f-3cae-a9c4-787ca2fa3e21): чо
[11:52:15] ItsFartunaRu (87aa0b4c-629f-3cae-a9c4-787ca2fa3e21): крут
[11:52:21] LightNight010 (b404b429-ad5e-3cdf-9b17-af0796003c67): это мне нарисовали
[11:52:25] ItsFartunaRu (87aa0b4c-629f-3cae-a9c4-787ca2fa3e21): на скинец в Story Mode похож
[11:52:32] LightNight010 (b404b429-ad5e-3cdf-9b17-af0796003c67): то есть больше ни у кого этого скина нет
[11:52:36] AviKgolD1 (fe9f4036-69b5-38be-a9c3-1d860d8c4398): я тут
[11:52:39] saikonohack (61d3e846-cfe0-3e5b-b41b-772c1020819e): жестко на афкшели
[11:52:40] LightNight010 (b404b429-ad5e-3cdf-9b17-af0796003c67): ты где
[11:52:45] ItsFartunaRu (87aa0b4c-629f-3cae-a9c4-787ca2fa3e21): сайк блять
[11:52:48] ItsFartunaRu (87aa0b4c-629f-3cae-a9c4-787ca2fa3e21): верни эндерит
[11:52:51] LightNight010 (b404b429-ad5e-3cdf-9b17-af0796003c67): авик ты где
[11:53:02] ItsFartunaRu (87aa0b4c-629f-3cae-a9c4-787ca2fa3e21): вор на адмене?
[11:53:06] AviKgolD1 (fe9f4036-69b5-38be-a9c3-1d860d8c4398): крутой
[11:53:11] LightNight010 (b404b429-ad5e-3cdf-9b17-af0796003c67): это мне нарисовали
[11:53:12] LightNight010 (b404b429-ad5e-3cdf-9b17-af0796003c67): то есть больше ни у кого этого скина нет
[11:53:37] ItsFartunaRu (87aa0b4c-629f-3cae-a9c4-787ca2fa3e21): биля я у которого есть 7 своих скинов
[11:53:51] ItsFartunaRu (87aa0b4c-629f-3cae-a9c4-787ca2fa3e21): СУКА
[11:53:53] AviKgolD1 (fe9f4036-69b5-38be-a9c3-1d860d8c4398): скин у тебя на лицухе?
[11:53:53] ItsFartunaRu (87aa0b4c-629f-3cae-a9c4-787ca2fa3e21): пидр
[11:53:55] LightNight010 (b404b429-ad5e-3cdf-9b17-af0796003c67): да
[11:54:21] LightNight010 (b404b429-ad5e-3cdf-9b17-af0796003c67): э
[11:54:21] ItsFartunaRu (87aa0b4c-629f-3cae-a9c4-787ca2fa3e21): оцени
[11:54:26] LightNight010 (b404b429-ad5e-3cdf-9b17-af0796003c67): ашалел
[11:54:42] ItsFartunaRu (87aa0b4c-629f-3cae-a9c4-787ca2fa3e21): э где дыра
[11:54:44] AviKgolD1 (fe9f4036-69b5-38be-a9c3-1d860d8c4398): лайт иди к моему порталу
[11:55:11] ItsFartunaRu (87aa0b4c-629f-3cae-a9c4-787ca2fa3e21): ладно
[11:55:21] ItsFartunaRu (87aa0b4c-629f-3cae-a9c4-787ca2fa3e21): где дыра
[11:55:27] LightNight010 (b404b429-ad5e-3cdf-9b17-af0796003c67): pf vyjq
[11:55:30] AviKgolD1 (fe9f4036-69b5-38be-a9c3-1d860d8c4398): 280 150
[11:55:32] LightNight010 (b404b429-ad5e-3cdf-9b17-af0796003c67): за мной ебаш
[11:56:15] LightNight010 (b404b429-ad5e-3cdf-9b17-af0796003c67): хелпанёте?
[11:56:40] AviKgolD1 (fe9f4036-69b5-38be-a9c3-1d860d8c4398): лайт го стрим по убийству 20 рунишей?
[11:56:42] ItsFartunaRu (87aa0b4c-629f-3cae-a9c4-787ca2fa3e21): биля нету тут
[11:56:48] LightNight010 (b404b429-ad5e-3cdf-9b17-af0796003c67): я не могу стрим ща
[11:57:24] ItsFartunaRu (87aa0b4c-629f-3cae-a9c4-787ca2fa3e21): сук где дыра
[11:57:30] ItsFartunaRu (87aa0b4c-629f-3cae-a9c4-787ca2fa3e21): а
[11:57:38] AviKgolD1 (fe9f4036-69b5-38be-a9c3-1d860d8c4398): аххах
[11:58:15] ItsFartunaRu (87aa0b4c-629f-3cae-a9c4-787ca2fa3e21): сук как же заебал
[11:58:17] ItsFartunaRu (87aa0b4c-629f-3cae-a9c4-787ca2fa3e21): тупой рычаг
[11:58:25] AviKgolD1 (fe9f4036-69b5-38be-a9c3-1d860d8c4398): рычаг тебе скинул
[11:59:05] AviKgolD1 (fe9f4036-69b5-38be-a9c3-1d860d8c4398): кста ты эту дыру будешь каждый день разрушать? ну тип по блоку в сторону?
[11:59:13] ItsFartunaRu (87aa0b4c-629f-3cae-a9c4-787ca2fa3e21): хз
[11:59:34] ItsFartunaRu (87aa0b4c-629f-3cae-a9c4-787ca2fa3e21): 10на10 хочу сделать
[11:59:42] AviKgolD1 (fe9f4036-69b5-38be-a9c3-1d860d8c4398): го потом сходим покажу где ферма мобов и булыжника
[12:00:45] ItsFartunaRu (87aa0b4c-629f-3cae-a9c4-787ca2fa3e21): 3 блока
[12:00:47] ItsFartunaRu (87aa0b4c-629f-3cae-a9c4-787ca2fa3e21): ив сё
[12:01:03] AviKgolD1 (fe9f4036-69b5-38be-a9c3-1d860d8c4398): а чел хорош
[12:01:59] ItsFartunaRu (87aa0b4c-629f-3cae-a9c4-787ca2fa3e21): последний
[12:02:06] AviKgolD1 (fe9f4036-69b5-38be-a9c3-1d860d8c4398): юху
[12:02:19] LightNight010 (b404b429-ad5e-3cdf-9b17-af0796003c67): fdbr fifktk
[12:02:27] LightNight010 (b404b429-ad5e-3cdf-9b17-af0796003c67): авик АШАЛЕЛ
[12:02:38] AviKgolD1 (fe9f4036-69b5-38be-a9c3-1d860d8c4398): крутой скин
[12:02:43] [CAPS] LightNight010 (b404b429-ad5e-3cdf-9b17-af0796003c67): ашалел
[12:02:50] LightNight010 (b404b429-ad5e-3cdf-9b17-af0796003c67): го я последний
[12:02:53] ItsFartunaRu (87aa0b4c-629f-3cae-a9c4-787ca2fa3e21): где
[12:02:54] ItsFartunaRu (87aa0b4c-629f-3cae-a9c4-787ca2fa3e21): этот
[12:02:56] ItsFartunaRu (87aa0b4c-629f-3cae-a9c4-787ca2fa3e21): как там его
[12:02:58] ItsFartunaRu (87aa0b4c-629f-3cae-a9c4-787ca2fa3e21): рычаг
[12:03:10] ItsFartunaRu (87aa0b4c-629f-3cae-a9c4-787ca2fa3e21): не заруинь
[12:03:10] LightNight010 (b404b429-ad5e-3cdf-9b17-af0796003c67): как его
[12:03:13] LightNight010 (b404b429-ad5e-3cdf-9b17-af0796003c67): я не помню
[12:03:16] ItsFartunaRu (87aa0b4c-629f-3cae-a9c4-787ca2fa3e21): блять
[12:03:19] LightNight010 (b404b429-ad5e-3cdf-9b17-af0796003c67): ахах
[12:03:22] LightNight010 (b404b429-ad5e-3cdf-9b17-af0796003c67): ща
[12:03:25] LightNight010 (b404b429-ad5e-3cdf-9b17-af0796003c67): там нажать
[12:03:29] LightNight010 (b404b429-ad5e-3cdf-9b17-af0796003c67): люк опукстится
[12:03:35] LightNight010 (b404b429-ad5e-3cdf-9b17-af0796003c67): и спамить по поршню
[12:03:41] LightNight010 (b404b429-ad5e-3cdf-9b17-af0796003c67): да?
[12:03:53] LightNight010 (b404b429-ad5e-3cdf-9b17-af0796003c67): только чем
[12:03:55] AviKgolD1 (fe9f4036-69b5-38be-a9c3-1d860d8c4398): лайт ты показал как можанг работают?
[12:04:02] [CAPS] ItsFartunaRu (87aa0b4c-629f-3cae-a9c4-787ca2fa3e21): хпахвхпах
[12:04:03] LightNight010 (b404b429-ad5e-3cdf-9b17-af0796003c67): всмысле
[12:04:08] AviKgolD1 (fe9f4036-69b5-38be-a9c3-1d860d8c4398): ну тип
[12:04:20] ItsFartunaRu (87aa0b4c-629f-3cae-a9c4-787ca2fa3e21): кароч гоу я по бырому
[12:04:21] AviKgolD1 (fe9f4036-69b5-38be-a9c3-1d860d8c4398): го я сделаю, только как
[12:04:35] LightNight010 (b404b429-ad5e-3cdf-9b17-af0796003c67): адай
[12:04:42] LightNight010 (b404b429-ad5e-3cdf-9b17-af0796003c67): всё?*
[12:04:44] ItsFartunaRu (87aa0b4c-629f-3cae-a9c4-787ca2fa3e21): готово
[12:05:10] AviKgolD1 (fe9f4036-69b5-38be-a9c3-1d860d8c4398): фартуна пошли покажу где ферма
[12:05:11] ItsFartunaRu (87aa0b4c-629f-3cae-a9c4-787ca2fa3e21): сайк блять
[12:05:15] ItsFartunaRu (87aa0b4c-629f-3cae-a9c4-787ca2fa3e21): верни эндерит
[12:05:17] ItsFartunaRu (87aa0b4c-629f-3cae-a9c4-787ca2fa3e21): потом
[12:05:29] saikonohack (61d3e846-cfe0-3e5b-b41b-772c1020819e): мне крч нужен призмарин темный
[12:05:31] saikonohack (61d3e846-cfe0-3e5b-b41b-772c1020819e): много
[12:05:38] ItsFartunaRu (87aa0b4c-629f-3cae-a9c4-787ca2fa3e21): сука верни эндерит
[12:05:44] ItsFartunaRu (87aa0b4c-629f-3cae-a9c4-787ca2fa3e21): ухади
[12:05:48] ItsFartunaRu (87aa0b4c-629f-3cae-a9c4-787ca2fa3e21): но верни эндерит
[12:05:50] saikonohack (61d3e846-cfe0-3e5b-b41b-772c1020819e): ноу
[12:05:56] ItsFartunaRu (87aa0b4c-629f-3cae-a9c4-787ca2fa3e21): верни эндерит
[12:05:56] ItsFartunaRu (87aa0b4c-629f-3cae-a9c4-787ca2fa3e21): верни эндерит
[12:05:56] ItsFartunaRu (87aa0b4c-629f-3cae-a9c4-787ca2fa3e21): верни эндерит
[12:05:57] ItsFartunaRu (87aa0b4c-629f-3cae-a9c4-787ca2fa3e21): верни эндерит
[12:05:57] ItsFartunaRu (87aa0b4c-629f-3cae-a9c4-787ca2fa3e21): верни эндерит
[12:06:06] ItsFartunaRu (87aa0b4c-629f-3cae-a9c4-787ca2fa3e21): казах
[12:06:06] LightNight010 (b404b429-ad5e-3cdf-9b17-af0796003c67): верни эндерит
[12:06:08] LightNight010 (b404b429-ad5e-3cdf-9b17-af0796003c67): верни эндерит
[12:06:08] LightNight010 (b404b429-ad5e-3cdf-9b17-af0796003c67): всё?*
[12:06:09] LightNight010 (b404b429-ad5e-3cdf-9b17-af0796003c67): всё?*
[12:06:09] LightNight010 (b404b429-ad5e-3cdf-9b17-af0796003c67): всё?*
[12:06:18] ItsFartunaRu (87aa0b4c-629f-3cae-a9c4-787ca2fa3e21): сука
[12:06:30] ItsFartunaRu (87aa0b4c-629f-3cae-a9c4-787ca2fa3e21): точно не админ абьюз
[12:06:38] AviKgolD1 (fe9f4036-69b5-38be-a9c3-1d860d8c4398): сайк давай нормальное пивипи
[12:06:42] saikonohack (61d3e846-cfe0-3e5b-b41b-772c1020819e): го
[12:06:45] saikonohack (61d3e846-cfe0-3e5b-b41b-772c1020819e): войс
[12:06:46] ItsFartunaRu (87aa0b4c-629f-3cae-a9c4-787ca2fa3e21): сайк отдай блять эндерит вор
[12:07:15] ItsFartunaRu (87aa0b4c-629f-3cae-a9c4-787ca2fa3e21): норм такая дыра
[12:07:25] ItsFartunaRu (87aa0b4c-629f-3cae-a9c4-787ca2fa3e21): оцените вернул
[12:07:31] LightNight010 (b404b429-ad5e-3cdf-9b17-af0796003c67): ахах
[12:07:34] ItsFartunaRu (87aa0b4c-629f-3cae-a9c4-787ca2fa3e21): блять там было 5-6
[12:07:37] LightNight010 (b404b429-ad5e-3cdf-9b17-af0796003c67): скок у тебя
[12:07:41] ItsFartunaRu (87aa0b4c-629f-3cae-a9c4-787ca2fa3e21): какой 3
[12:07:52] ItsFartunaRu (87aa0b4c-629f-3cae-a9c4-787ca2fa3e21): меня наебали
[12:08:10] ItsFartunaRu (87aa0b4c-629f-3cae-a9c4-787ca2fa3e21): сука банк россии
[12:08:36] AviKgolD1 (fe9f4036-69b5-38be-a9c3-1d860d8c4398): сайк пошли к моему порталу будем пивипи
[12:08:47] ItsFartunaRu (87aa0b4c-629f-3cae-a9c4-787ca2fa3e21): ты не вернул ещё 2-3 стака афигел
[12:08:53] [CAPS] ItsFartunaRu (87aa0b4c-629f-3cae-a9c4-787ca2fa3e21): пхавпхвахпвахпахп
[12:08:58] ItsFartunaRu (87aa0b4c-629f-3cae-a9c4-787ca2fa3e21): точно не админ абьюз
[12:08:58] AviKgolD1 (fe9f4036-69b5-38be-a9c3-1d860d8c4398): фартуна чек
[12:09:00] LightNight010 (b404b429-ad5e-3cdf-9b17-af0796003c67): алё сааааааайк
[12:09:01] saikonohack (61d3e846-cfe0-3e5b-b41b-772c1020819e): не пезди
[12:09:10] ItsFartunaRu (87aa0b4c-629f-3cae-a9c4-787ca2fa3e21): еблан чекни через коай
[12:09:16] [CAPS] LightNight010 (b404b429-ad5e-3cdf-9b17-af0796003c67): сайк верни сука чанк
[12:09:16] ItsFartunaRu (87aa0b4c-629f-3cae-a9c4-787ca2fa3e21): там 5-6 стаков
[12:09:21] ItsFartunaRu (87aa0b4c-629f-3cae-a9c4-787ca2fa3e21): даже скрин был
[12:09:24] ItsFartunaRu (87aa0b4c-629f-3cae-a9c4-787ca2fa3e21): вроде
[12:09:26] ItsFartunaRu (87aa0b4c-629f-3cae-a9c4-787ca2fa3e21): кидал бредле
[12:09:27] AviKgolD1 (fe9f4036-69b5-38be-a9c3-1d860d8c4398): сайк бл я тебя жду
[12:09:31] LightNight010 (b404b429-ad5e-3cdf-9b17-af0796003c67): сайк счука чанк спиздил
[12:09:46] LightNight010 (b404b429-ad5e-3cdf-9b17-af0796003c67): верни пидарас
[12:09:48] LightNight010 (b404b429-ad5e-3cdf-9b17-af0796003c67): верни пидарас
[12:09:56] ItsFartunaRu (87aa0b4c-629f-3cae-a9c4-787ca2fa3e21): верни эндерит пидарас
[12:10:14] AviKgolD1 (fe9f4036-69b5-38be-a9c3-1d860d8c4398): сайк пивипи короч
[12:10:15] ItsFartunaRu (87aa0b4c-629f-3cae-a9c4-787ca2fa3e21): оцените такой копаешь
[12:10:23] ItsFartunaRu (87aa0b4c-629f-3cae-a9c4-787ca2fa3e21): приходит сайкноуврот
[12:10:24] saikonohack (61d3e846-cfe0-3e5b-b41b-772c1020819e): в войс зайди
[12:10:28] ItsFartunaRu (87aa0b4c-629f-3cae-a9c4-787ca2fa3e21): и ебёт эндерит
[12:10:35] AviKgolD1 (fe9f4036-69b5-38be-a9c3-1d860d8c4398): войс для нищих
[12:10:45] ItsFartunaRu (87aa0b4c-629f-3cae-a9c4-787ca2fa3e21): туда
[12:10:45] AviKgolD1 (fe9f4036-69b5-38be-a9c3-1d860d8c4398): коррче потом зайду
[12:10:55] LightNight010 (b404b429-ad5e-3cdf-9b17-af0796003c67): плазмовойс для богачей
[12:10:55] saikonohack (61d3e846-cfe0-3e5b-b41b-772c1020819e): жду
[12:11:03] AviKgolD1 (fe9f4036-69b5-38be-a9c3-1d860d8c4398): бл
[12:11:12] ItsFartunaRu (87aa0b4c-629f-3cae-a9c4-787ca2fa3e21): нахуя ты эт делаешь
[12:11:17] ItsFartunaRu (87aa0b4c-629f-3cae-a9c4-787ca2fa3e21): над обычную
[12:11:19] ItsFartunaRu (87aa0b4c-629f-3cae-a9c4-787ca2fa3e21): лестницу
[12:11:25] ItsFartunaRu (87aa0b4c-629f-3cae-a9c4-787ca2fa3e21): сук
[12:11:26] LightNight010 (b404b429-ad5e-3cdf-9b17-af0796003c67): я сделаю
[12:11:41] ItsFartunaRu (87aa0b4c-629f-3cae-a9c4-787ca2fa3e21): сайк точн не админ абьюз
[12:11:48] saikonohack (61d3e846-cfe0-3e5b-b41b-772c1020819e): ?
[12:11:56] ItsFartunaRu (87aa0b4c-629f-3cae-a9c4-787ca2fa3e21): верни эндерит
[12:12:07] saikonohack (61d3e846-cfe0-3e5b-b41b-772c1020819e): да пошел нахуй
[12:12:09] saikonohack (61d3e846-cfe0-3e5b-b41b-772c1020819e): я вернул
[12:12:11] ItsFartunaRu (87aa0b4c-629f-3cae-a9c4-787ca2fa3e21): ахуел нет
[12:12:14] ItsFartunaRu (87aa0b4c-629f-3cae-a9c4-787ca2fa3e21): было 5-6
[12:12:21] ItsFartunaRu (87aa0b4c-629f-3cae-a9c4-787ca2fa3e21): сайк точн не админ абьюз
[12:12:52] ItsFartunaRu (87aa0b4c-629f-3cae-a9c4-787ca2fa3e21): сук я беру лук на 4к урона
[12:12:56] ItsFartunaRu (87aa0b4c-629f-3cae-a9c4-787ca2fa3e21): и тобе пизда
[12:13:20] ItsFartunaRu (87aa0b4c-629f-3cae-a9c4-787ca2fa3e21): ашалел
[12:15:07] ItsFartunaRu (87aa0b4c-629f-3cae-a9c4-787ca2fa3e21): не на того напал казах
[12:15:22] ItsFartunaRu (87aa0b4c-629f-3cae-a9c4-787ca2fa3e21): сука точно не админ абьюз
[12:15:41] saikonohack (61d3e846-cfe0-3e5b-b41b-772c1020819e): да погодь
[12:15:49] saikonohack (61d3e846-cfe0-3e5b-b41b-772c1020819e): да погодь
[12:15:52] AviKgolD1 (fe9f4036-69b5-38be-a9c3-1d860d8c4398): ок
[12:16:15] ItsFartunaRu (87aa0b4c-629f-3cae-a9c4-787ca2fa3e21): сайк блять ты как стал адменом
[12:16:56] saikonohack (61d3e846-cfe0-3e5b-b41b-772c1020819e): да погодь
[12:16:56] saikonohack (61d3e846-cfe0-3e5b-b41b-772c1020819e): да погодь
[12:16:57] saikonohack (61d3e846-cfe0-3e5b-b41b-772c1020819e): да погодь
[12:16:57] saikonohack (61d3e846-cfe0-3e5b-b41b-772c1020819e): да погодь
[12:16:58] ItsFartunaRu (87aa0b4c-629f-3cae-a9c4-787ca2fa3e21): пидр тпхай
[12:16:58] saikonohack (61d3e846-cfe0-3e5b-b41b-772c1020819e): да погодь
[12:17:02] saikonohack (61d3e846-cfe0-3e5b-b41b-772c1020819e): да погодь
[12:17:02] saikonohack (61d3e846-cfe0-3e5b-b41b-772c1020819e): да погодь
[12:17:03] saikonohack (61d3e846-cfe0-3e5b-b41b-772c1020819e): да погодь
[12:17:07] ItsFartunaRu (87aa0b4c-629f-3cae-a9c4-787ca2fa3e21): авик взрывай его кристалами нахуй
[12:19:57] ItsFartunaRu (87aa0b4c-629f-3cae-a9c4-787ca2fa3e21): СУУУУУУУУУУУУУУУУУУУУУУкккккккккккккк
[12:20:30] ItsFartunaRu (87aa0b4c-629f-3cae-a9c4-787ca2fa3e21): лайт подрываем сайка
[12:23:42] ItsFartunaRu (87aa0b4c-629f-3cae-a9c4-787ca2fa3e21): я кароч за лестницами
[12:25:02] ItsFartunaRu (87aa0b4c-629f-3cae-a9c4-787ca2fa3e21): где сторона
[12:25:05] ItsFartunaRu (87aa0b4c-629f-3cae-a9c4-787ca2fa3e21): к проходу
[12:26:37] LightNight010 (b404b429-ad5e-3cdf-9b17-af0796003c67): фартук
[12:26:44] LightNight010 (b404b429-ad5e-3cdf-9b17-af0796003c67): лучше по центру сделать
[12:26:50] ItsFartunaRu (87aa0b4c-629f-3cae-a9c4-787ca2fa3e21): так
[12:26:52] ItsFartunaRu (87aa0b4c-629f-3cae-a9c4-787ca2fa3e21): оно будет
[12:26:53] LightNight010 (b404b429-ad5e-3cdf-9b17-af0796003c67): столб
[12:26:57] ItsFartunaRu (87aa0b4c-629f-3cae-a9c4-787ca2fa3e21): полностью тут
[12:27:00] LightNight010 (b404b429-ad5e-3cdf-9b17-af0796003c67): так скучно
[12:27:05] ItsFartunaRu (87aa0b4c-629f-3cae-a9c4-787ca2fa3e21): на всей стороне
[12:27:17] LightNight010 (b404b429-ad5e-3cdf-9b17-af0796003c67): давай столб сделаем
[12:27:21] LightNight010 (b404b429-ad5e-3cdf-9b17-af0796003c67): а то так скучно
[12:27:36] ItsFartunaRu (87aa0b4c-629f-3cae-a9c4-787ca2fa3e21): щас
[12:27:52] ItsFartunaRu (87aa0b4c-629f-3cae-a9c4-787ca2fa3e21): хз кароч
[12:28:19] ItsFartunaRu (87aa0b4c-629f-3cae-a9c4-787ca2fa3e21): блятьььььььььььььььььььььььььььььььььььььььь
[12:28:23] ItsFartunaRu (87aa0b4c-629f-3cae-a9c4-787ca2fa3e21): ты стену разъебал
[12:29:37] ItsFartunaRu (87aa0b4c-629f-3cae-a9c4-787ca2fa3e21): биля, а может
[12:29:41] ItsFartunaRu (87aa0b4c-629f-3cae-a9c4-787ca2fa3e21): стены из камня
[12:29:45] ItsFartunaRu (87aa0b4c-629f-3cae-a9c4-787ca2fa3e21): ну глубин
[12:31:35] ItsFartunaRu (87aa0b4c-629f-3cae-a9c4-787ca2fa3e21): биля
[12:31:57] ItsFartunaRu (87aa0b4c-629f-3cae-a9c4-787ca2fa3e21): ты нахуя
[12:31:59] ItsFartunaRu (87aa0b4c-629f-3cae-a9c4-787ca2fa3e21): разъебал
[12:34:57] ItsFartunaRu (87aa0b4c-629f-3cae-a9c4-787ca2fa3e21): сайк гоу пэвэпэ
[12:39:25] ItsFartunaRu (87aa0b4c-629f-3cae-a9c4-787ca2fa3e21): так может тем камнем
[12:39:28] ItsFartunaRu (87aa0b4c-629f-3cae-a9c4-787ca2fa3e21): биля
[12:39:31] ItsFartunaRu (87aa0b4c-629f-3cae-a9c4-787ca2fa3e21): глубин
[12:39:35] LightNight010 (b404b429-ad5e-3cdf-9b17-af0796003c67): нек
[12:39:36] ItsFartunaRu (87aa0b4c-629f-3cae-a9c4-787ca2fa3e21): или нафиг
[12:39:45] LightNight010 (b404b429-ad5e-3cdf-9b17-af0796003c67): мне лень его добывать
[12:39:50] AviKgolD1 (fe9f4036-69b5-38be-a9c3-1d860d8c4398): фартуна пошли на ферму
[12:39:54] ItsFartunaRu (87aa0b4c-629f-3cae-a9c4-787ca2fa3e21): лан
[12:39:55] LightNight010 (b404b429-ad5e-3cdf-9b17-af0796003c67): тем более у нас афк ферма булыги
[12:40:18] ItsFartunaRu (87aa0b4c-629f-3cae-a9c4-787ca2fa3e21): нихуёвый у тебя пинг
[12:41:08] AviKgolD1 (fe9f4036-69b5-38be-a9c3-1d860d8c4398): 117 40
[12:42:19] ItsFartunaRu (87aa0b4c-629f-3cae-a9c4-787ca2fa3e21): блять, а где
[12:42:22] AviKgolD1 (fe9f4036-69b5-38be-a9c3-1d860d8c4398): 600 на -60 короче
[12:43:19] ItsFartunaRu (87aa0b4c-629f-3cae-a9c4-787ca2fa3e21): рычаг?
[12:43:26] AviKgolD1 (fe9f4036-69b5-38be-a9c3-1d860d8c4398): да
[12:43:44] ItsFartunaRu (87aa0b4c-629f-3cae-a9c4-787ca2fa3e21): уф имба
[12:44:11] ItsFartunaRu (87aa0b4c-629f-3cae-a9c4-787ca2fa3e21): лайт ты какой мод юзаешь на карту
[12:44:14] AviKgolD1 (fe9f4036-69b5-38be-a9c3-1d860d8c4398): внизу ферма мобов
[12:44:18] ItsFartunaRu (87aa0b4c-629f-3cae-a9c4-787ca2fa3e21): видел
[12:44:20] LightNight010 (b404b429-ad5e-3cdf-9b17-af0796003c67): journey map
[12:44:22] LightNight010 (b404b429-ad5e-3cdf-9b17-af0796003c67): journey map
[12:44:28] AviKgolD1 (fe9f4036-69b5-38be-a9c3-1d860d8c4398): норм пороза падает
[12:44:35] AviKgolD1 (fe9f4036-69b5-38be-a9c3-1d860d8c4398): пороха
[12:44:38] ItsFartunaRu (87aa0b4c-629f-3cae-a9c4-787ca2fa3e21): она разве на 1.18 фабрик есть
[12:44:43] LightNight010 (b404b429-ad5e-3cdf-9b17-af0796003c67): lf
[12:44:45] LightNight010 (b404b429-ad5e-3cdf-9b17-af0796003c67): да
[12:44:52] ItsFartunaRu (87aa0b4c-629f-3cae-a9c4-787ca2fa3e21): я чёт не видел
[12:45:03] ItsFartunaRu (87aa0b4c-629f-3cae-a9c4-787ca2fa3e21): и кста у тебя сборка чо на фордж
[12:45:16] LightNight010 (b404b429-ad5e-3cdf-9b17-af0796003c67): фабр
[12:45:22] ItsFartunaRu (87aa0b4c-629f-3cae-a9c4-787ca2fa3e21): так там
[12:45:23] [ADVERTISEMENT] LightNight010 (b404b429-ad5e-3cdf-9b17-af0796003c67): <advertisement>§f
[12:45:30] LightNight010 (b404b429-ad5e-3cdf-9b17-af0796003c67): найс
[12:45:36] ItsFartunaRu (87aa0b4c-629f-3cae-a9c4-787ca2fa3e21): во всех плугах предписка фордж
[12:46:02] LightNight010 (b404b429-ad5e-3cdf-9b17-af0796003c67): но многие же с ванилы :)
[12:46:13] AviKgolD1 (fe9f4036-69b5-38be-a9c3-1d860d8c4398): ладно я афк
[12:46:24] ItsFartunaRu (87aa0b4c-629f-3cae-a9c4-787ca2fa3e21): че
[12:46:31] ItsFartunaRu (87aa0b4c-629f-3cae-a9c4-787ca2fa3e21): они же на фабрике робить не будут
[12:46:35] LightNight010 (b404b429-ad5e-3cdf-9b17-af0796003c67): будут
[12:46:41] ItsFartunaRu (87aa0b4c-629f-3cae-a9c4-787ca2fa3e21): непонял
[12:46:54] AviKgolD1 (fe9f4036-69b5-38be-a9c3-1d860d8c4398): я афк
[12:50:05] LightNight010 (b404b429-ad5e-3cdf-9b17-af0796003c67): фартук мб гс?
[12:50:13] ItsFartunaRu (87aa0b4c-629f-3cae-a9c4-787ca2fa3e21): кароче я чекать сборку
[12:52:48] LightNight010 (b404b429-ad5e-3cdf-9b17-af0796003c67): так чё
[12:52:48] ItsFartunaRu (87aa0b4c-629f-3cae-a9c4-787ca2fa3e21): не робет
[12:52:54] LightNight010 (b404b429-ad5e-3cdf-9b17-af0796003c67): ты на фабрике?
[12:52:58] ItsFartunaRu (87aa0b4c-629f-3cae-a9c4-787ca2fa3e21): да
[12:53:02] LightNight010 (b404b429-ad5e-3cdf-9b17-af0796003c67): хм
[12:53:09] ItsFartunaRu (87aa0b4c-629f-3cae-a9c4-787ca2fa3e21): ты с какой версион
[12:53:15] LightNight010 (b404b429-ad5e-3cdf-9b17-af0796003c67): 1.18.1 лол
[12:53:18] LightNight010 (b404b429-ad5e-3cdf-9b17-af0796003c67): 1.18.2 лол
[12:53:22] LightNight010 (b404b429-ad5e-3cdf-9b17-af0796003c67): то есть
[12:53:34] ItsFartunaRu (87aa0b4c-629f-3cae-a9c4-787ca2fa3e21): кароч не робит
[12:53:44] LightNight010 (b404b429-ad5e-3cdf-9b17-af0796003c67): а чё не робит то
[12:53:48] LightNight010 (b404b429-ad5e-3cdf-9b17-af0796003c67): не запускается?
[12:54:00] ItsFartunaRu (87aa0b4c-629f-3cae-a9c4-787ca2fa3e21): моды не отображаются
[12:54:11] LightNight010 (b404b429-ad5e-3cdf-9b17-af0796003c67): ты тоооооочно на фабрике?
[12:54:31] ItsFartunaRu (87aa0b4c-629f-3cae-a9c4-787ca2fa3e21): ,kznm lf
[12:54:33] ItsFartunaRu (87aa0b4c-629f-3cae-a9c4-787ca2fa3e21): блять да
[12:54:40] LightNight010 (b404b429-ad5e-3cdf-9b17-af0796003c67): хм
[12:54:54] ItsFartunaRu (87aa0b4c-629f-3cae-a9c4-787ca2fa3e21): кароч прост найду такие же моды ток на фабрик
[12:55:09] LightNight010 (b404b429-ad5e-3cdf-9b17-af0796003c67): у меня фабриковские моды
[12:55:25] ItsFartunaRu (87aa0b4c-629f-3cae-a9c4-787ca2fa3e21): они на фордж
[12:55:31] LightNight010 (b404b429-ad5e-3cdf-9b17-af0796003c67): нет нихуя
[12:55:39] ItsFartunaRu (87aa0b4c-629f-3cae-a9c4-787ca2fa3e21): скинь скрин че у тебя в модах
[12:55:48] LightNight010 (b404b429-ad5e-3cdf-9b17-af0796003c67): у меня 200 модов ты чё
[12:55:56] ItsFartunaRu (87aa0b4c-629f-3cae-a9c4-787ca2fa3e21): малую часть
[12:56:03] ItsFartunaRu (87aa0b4c-629f-3cae-a9c4-787ca2fa3e21): в архиве меньше 200
[12:56:06] LightNight010 (b404b429-ad5e-3cdf-9b17-af0796003c67): хм
[13:00:55] LightNight010 (b404b429-ad5e-3cdf-9b17-af0796003c67): чуть позже кину
[13:01:36] ItsFartunaRu (87aa0b4c-629f-3cae-a9c4-787ca2fa3e21): биля может сделать не лестницу, а флай машинку
[13:01:41] LightNight010 (b404b429-ad5e-3cdf-9b17-af0796003c67): ооо
[13:01:43] LightNight010 (b404b429-ad5e-3cdf-9b17-af0796003c67): го
[13:01:57] ItsFartunaRu (87aa0b4c-629f-3cae-a9c4-787ca2fa3e21): чёт не ровно
[13:02:05] LightNight010 (b404b429-ad5e-3cdf-9b17-af0796003c67): я доделаю
[13:33:45] AviKgolD1 (fe9f4036-69b5-38be-a9c3-1d860d8c4398): нахуя булыгой делаешь?
[13:34:08] AviKgolD1 (fe9f4036-69b5-38be-a9c3-1d860d8c4398): руниш го пивипи
[13:34:43] AviKgolD1 (fe9f4036-69b5-38be-a9c3-1d860d8c4398): нахуй булыгой?
[13:35:04] LightNight010 (b404b429-ad5e-3cdf-9b17-af0796003c67): это итальянский мрамор не ценитель ты искусства
[13:35:07] RunishYT (deb2ebb7-8562-3728-8ba8-ec800da9360c): как же ты заебал пошел нахуй
[13:35:32] AviKgolD1 (fe9f4036-69b5-38be-a9c3-1d860d8c4398): токсик короч
[13:35:38] RunishYT (deb2ebb7-8562-3728-8ba8-ec800da9360c): отъебись нахуй навсегда
[13:39:00] ItsFartunaRu (87aa0b4c-629f-3cae-a9c4-787ca2fa3e21): туда
[13:39:35] AviKgolD1 (fe9f4036-69b5-38be-a9c3-1d860d8c4398): можно руниша выебать
[13:39:39] ItsFartunaRu (87aa0b4c-629f-3cae-a9c4-787ca2fa3e21): ноу
[13:39:43] AviKgolD1 (fe9f4036-69b5-38be-a9c3-1d860d8c4398): а то ахуел
[13:39:54] AviKgolD1 (fe9f4036-69b5-38be-a9c3-1d860d8c4398): ладно нахуй я спрашиваю
[13:40:07] ItsFartunaRu (87aa0b4c-629f-3cae-a9c4-787ca2fa3e21): хули ток 1хп
[13:40:18] ItsFartunaRu (87aa0b4c-629f-3cae-a9c4-787ca2fa3e21): биля
[13:40:23] ItsFartunaRu (87aa0b4c-629f-3cae-a9c4-787ca2fa3e21): крисы тут хуита
[13:40:35] ItsFartunaRu (87aa0b4c-629f-3cae-a9c4-787ca2fa3e21): а не
[13:40:50] AviKgolD1 (fe9f4036-69b5-38be-a9c3-1d860d8c4398): можно чела в эликах снести
[13:40:55] ItsFartunaRu (87aa0b4c-629f-3cae-a9c4-787ca2fa3e21): бля похуй не надо
[13:40:56] ItsFartunaRu (87aa0b4c-629f-3cae-a9c4-787ca2fa3e21): лифт
[13:40:59] ItsFartunaRu (87aa0b4c-629f-3cae-a9c4-787ca2fa3e21): смотри
[13:41:05] AviKgolD1 (fe9f4036-69b5-38be-a9c3-1d860d8c4398): и если быстро ставить то изи и так снести
[13:41:13] ItsFartunaRu (87aa0b4c-629f-3cae-a9c4-787ca2fa3e21): вроде норм урон
[13:41:46] AviKgolD1 (fe9f4036-69b5-38be-a9c3-1d860d8c4398): голден и руниш го 1х2 пж
[13:42:01] GOLDENDUSST (a0ee3527-abbd-3f28-bd2e-ff7c77b23497): Нет
[13:42:10] AviKgolD1 (fe9f4036-69b5-38be-a9c3-1d860d8c4398): лядно
[13:42:26] ItsFartunaRu (87aa0b4c-629f-3cae-a9c4-787ca2fa3e21): ноу не над
[13:42:30] ItsFartunaRu (87aa0b4c-629f-3cae-a9c4-787ca2fa3e21): без лифта
[13:42:34] LightNight010 (b404b429-ad5e-3cdf-9b17-af0796003c67): а чё
[13:42:37] ItsFartunaRu (87aa0b4c-629f-3cae-a9c4-787ca2fa3e21): лестницу обычную
[13:42:39] LightNight010 (b404b429-ad5e-3cdf-9b17-af0796003c67): нее
[13:42:41] LightNight010 (b404b429-ad5e-3cdf-9b17-af0796003c67): го лифт
[13:42:45] ItsFartunaRu (87aa0b4c-629f-3cae-a9c4-787ca2fa3e21): хуёво
[13:43:16] ItsFartunaRu (87aa0b4c-629f-3cae-a9c4-787ca2fa3e21): там нету обсы
[13:43:42] ItsFartunaRu (87aa0b4c-629f-3cae-a9c4-787ca2fa3e21): булыга не спасёт
[13:43:43] AviKgolD1 (fe9f4036-69b5-38be-a9c3-1d860d8c4398): сломал коррч
[13:43:49] ItsFartunaRu (87aa0b4c-629f-3cae-a9c4-787ca2fa3e21): кароч идея хутьа
[13:44:10] LightNight010 (b404b429-ad5e-3cdf-9b17-af0796003c67): фартук чекай
[13:44:28] ItsFartunaRu (87aa0b4c-629f-3cae-a9c4-787ca2fa3e21): ладн
[13:44:55] ItsFartunaRu (87aa0b4c-629f-3cae-a9c4-787ca2fa3e21): лайт гоу вы пвп против меня в2
[13:45:04] LightNight010 (b404b429-ad5e-3cdf-9b17-af0796003c67): это изи будет
[13:45:08] ItsFartunaRu (87aa0b4c-629f-3cae-a9c4-787ca2fa3e21): хохохо
[13:45:10] ItsFartunaRu (87aa0b4c-629f-3cae-a9c4-787ca2fa3e21): ноу
[13:45:15] LightNight010 (b404b429-ad5e-3cdf-9b17-af0796003c67): Ну го
[13:45:17] LightNight010 (b404b429-ad5e-3cdf-9b17-af0796003c67): гоу в гс
[13:45:18] ItsFartunaRu (87aa0b4c-629f-3cae-a9c4-787ca2fa3e21): тут я буду юзать крутые стрелы
[13:45:20] ItsFartunaRu (87aa0b4c-629f-3cae-a9c4-787ca2fa3e21): потом
[13:45:25] LightNight010 (b404b429-ad5e-3cdf-9b17-af0796003c67): щас
[13:45:36] ItsFartunaRu (87aa0b4c-629f-3cae-a9c4-787ca2fa3e21): гоу ещё заюзаю лук на 4к)
[13:45:43] LightNight010 (b404b429-ad5e-3cdf-9b17-af0796003c67): неее
[13:45:50] LightNight010 (b404b429-ad5e-3cdf-9b17-af0796003c67): я тогда за бафами
[13:46:09] LightNight010 (b404b429-ad5e-3cdf-9b17-af0796003c67): дай слизи
[13:46:12] LightNight010 (b404b429-ad5e-3cdf-9b17-af0796003c67): дай слизи
[13:46:14] LightNight010 (b404b429-ad5e-3cdf-9b17-af0796003c67): фартук
[13:46:17] ItsFartunaRu (87aa0b4c-629f-3cae-a9c4-787ca2fa3e21): нету
[13:46:21] LightNight010 (b404b429-ad5e-3cdf-9b17-af0796003c67): ты же ломал
[13:46:23] LightNight010 (b404b429-ad5e-3cdf-9b17-af0796003c67): ты же ломал
[13:46:27] ItsFartunaRu (87aa0b4c-629f-3cae-a9c4-787ca2fa3e21): авик
[13:46:35] LightNight010 (b404b429-ad5e-3cdf-9b17-af0796003c67): он ливнул
[13:46:36] LightNight010 (b404b429-ad5e-3cdf-9b17-af0796003c67): бл
[13:46:55] LightNight010 (b404b429-ad5e-3cdf-9b17-af0796003c67): фартук лестница
[13:47:02] ItsFartunaRu (87aa0b4c-629f-3cae-a9c4-787ca2fa3e21): потом
[13:47:03] LightNight010 (b404b429-ad5e-3cdf-9b17-af0796003c67): хоят я сам могу сделать
[13:47:33] ItsFartunaRu (87aa0b4c-629f-3cae-a9c4-787ca2fa3e21): я кароч пока афк
[13:57:14] RunishYT (deb2ebb7-8562-3728-8ba8-ec800da9360c): бля ливни
[13:57:32] ItsFartunaRu (87aa0b4c-629f-3cae-a9c4-787ca2fa3e21): зобанили лоха
[13:57:37] LightNight010 (b404b429-ad5e-3cdf-9b17-af0796003c67): ++
[13:58:23] LightNight010 (b404b429-ad5e-3cdf-9b17-af0796003c67): принеси ещё льда
[14:01:07] ItsFartunaRu (87aa0b4c-629f-3cae-a9c4-787ca2fa3e21): сайк нахуй ты стримишь
[14:01:14] LightNight010 (b404b429-ad5e-3cdf-9b17-af0796003c67): согл
[14:01:16] LightNight010 (b404b429-ad5e-3cdf-9b17-af0796003c67): есть я
[14:01:19] ItsFartunaRu (87aa0b4c-629f-3cae-a9c4-787ca2fa3e21): туда
[14:02:07] saikonohack (61d3e846-cfe0-3e5b-b41b-772c1020819e): LightNight010 ты пласмо войс то вруби)
[14:02:12] LightNight010 (b404b429-ad5e-3cdf-9b17-af0796003c67): у меня есть
[14:02:17] LightNight010 (b404b429-ad5e-3cdf-9b17-af0796003c67): просто скарыл
[14:02:19] LightNight010 (b404b429-ad5e-3cdf-9b17-af0796003c67): просто скрыл
[14:03:53] ItsFartunaRu (87aa0b4c-629f-3cae-a9c4-787ca2fa3e21): бля над осветить
[14:04:00] LightNight010 (b404b429-ad5e-3cdf-9b17-af0796003c67): согл
[14:09:44] RunishYT (deb2ebb7-8562-3728-8ba8-ec800da9360c): сайко
[14:09:52] RunishYT (deb2ebb7-8562-3728-8ba8-ec800da9360c): ты говно или моча?
[14:10:06] ItsFartunaRu (87aa0b4c-629f-3cae-a9c4-787ca2fa3e21): блять говорю же бань руину
[14:10:14] LightNight010 (b404b429-ad5e-3cdf-9b17-af0796003c67): да
[14:10:33] LightNight010 (b404b429-ad5e-3cdf-9b17-af0796003c67): зачем тут обса
[14:10:38] ItsFartunaRu (87aa0b4c-629f-3cae-a9c4-787ca2fa3e21): я че знаю
[14:10:40] LightNight010 (b404b429-ad5e-3cdf-9b17-af0796003c67): я специально слизь поставил
[14:10:49] LightNight010 (b404b429-ad5e-3cdf-9b17-af0796003c67): кто слизь украл
[14:10:52] ItsFartunaRu (87aa0b4c-629f-3cae-a9c4-787ca2fa3e21): хз
[14:11:33] saikonohack (61d3e846-cfe0-3e5b-b41b-772c1020819e): воойс
[14:12:30] saikonohack (61d3e846-cfe0-3e5b-b41b-772c1020819e): меня слышно?
[14:12:34] saikonohack (61d3e846-cfe0-3e5b-b41b-772c1020819e): баля
[14:12:35] saikonohack (61d3e846-cfe0-3e5b-b41b-772c1020819e): ща
[14:13:20] saikonohack (61d3e846-cfe0-3e5b-b41b-772c1020819e): громкость чата
[14:13:21] saikonohack (61d3e846-cfe0-3e5b-b41b-772c1020819e): подними
[14:13:32] saikonohack (61d3e846-cfe0-3e5b-b41b-772c1020819e): 200%?
[14:14:22] ItsFartunaRu (87aa0b4c-629f-3cae-a9c4-787ca2fa3e21): сайк пошёл нахуй
[14:14:39] ItsFartunaRu (87aa0b4c-629f-3cae-a9c4-787ca2fa3e21): грифер блять
[14:14:47] ItsFartunaRu (87aa0b4c-629f-3cae-a9c4-787ca2fa3e21): лох
[14:14:51] LightNight010 (b404b429-ad5e-3cdf-9b17-af0796003c67): понялъ
[14:14:56] [CAPS] LightNight010 (b404b429-ad5e-3cdf-9b17-af0796003c67): азхахахахахаххахах
[14:14:57] RunishYT (deb2ebb7-8562-3728-8ba8-ec800da9360c): блять ты уволен нахуй
[14:14:58] ItsFartunaRu (87aa0b4c-629f-3cae-a9c4-787ca2fa3e21): спизди ресы
[14:15:06] RunishYT (deb2ebb7-8562-3728-8ba8-ec800da9360c): сайко ты уволен
[14:15:06] ItsFartunaRu (87aa0b4c-629f-3cae-a9c4-787ca2fa3e21): админ абьюз
[14:15:08] ItsFartunaRu (87aa0b4c-629f-3cae-a9c4-787ca2fa3e21): бан
[14:15:33] ItsFartunaRu (87aa0b4c-629f-3cae-a9c4-787ca2fa3e21): бан блять
[14:15:52] ItsFartunaRu (87aa0b4c-629f-3cae-a9c4-787ca2fa3e21): пизда те
[14:15:57] ItsFartunaRu (87aa0b4c-629f-3cae-a9c4-787ca2fa3e21): за админ абьюз
[14:16:32] [CAPS] ItsFartunaRu (87aa0b4c-629f-3cae-a9c4-787ca2fa3e21): сук лайт
[14:16:34] ItsFartunaRu (87aa0b4c-629f-3cae-a9c4-787ca2fa3e21): ливни
[14:16:36] ItsFartunaRu (87aa0b4c-629f-3cae-a9c4-787ca2fa3e21): ливни сука
[14:16:37] RunishYT (deb2ebb7-8562-3728-8ba8-ec800da9360c): блять съебис
[14:16:40] ItsFartunaRu (87aa0b4c-629f-3cae-a9c4-787ca2fa3e21): проблем не нужно
[14:17:14] ItsFartunaRu (87aa0b4c-629f-3cae-a9c4-787ca2fa3e21): сайк таджик на мефеке
[14:17:15] RunishYT (deb2ebb7-8562-3728-8ba8-ec800da9360c): сайко ебланов не води сюда
[14:17:18] GOLDENDUSST (a0ee3527-abbd-3f28-bd2e-ff7c77b23497): Сайко скажи что он строит уродливую хуету
[14:17:25] ItsFartunaRu (87aa0b4c-629f-3cae-a9c4-787ca2fa3e21): ты ахуел
[14:17:29] ItsFartunaRu (87aa0b4c-629f-3cae-a9c4-787ca2fa3e21): щас отпизжу нахуй
[14:17:38] GOLDENDUSST (a0ee3527-abbd-3f28-bd2e-ff7c77b23497): Опа договор
[14:17:46] ItsFartunaRu (87aa0b4c-629f-3cae-a9c4-787ca2fa3e21): сам и нарушил
[14:17:59] RunishYT (deb2ebb7-8562-3728-8ba8-ec800da9360c): я про лайтнайта блять
[14:18:02] GOLDENDUSST (a0ee3527-abbd-3f28-bd2e-ff7c77b23497): Ты сделал это первым
[14:18:04] ItsFartunaRu (87aa0b4c-629f-3cae-a9c4-787ca2fa3e21): ну блять
[14:18:06] LightNight010 (b404b429-ad5e-3cdf-9b17-af0796003c67): какой договор
[14:18:09] ItsFartunaRu (87aa0b4c-629f-3cae-a9c4-787ca2fa3e21): голд ты тупой иличе
[14:18:09] LightNight010 (b404b429-ad5e-3cdf-9b17-af0796003c67): вы о чём
[14:18:20] GOLDENDUSST (a0ee3527-abbd-3f28-bd2e-ff7c77b23497): Ты ахуел
[14:18:23] RunishYT (deb2ebb7-8562-3728-8ba8-ec800da9360c): тычо
[14:18:24] ItsFartunaRu (87aa0b4c-629f-3cae-a9c4-787ca2fa3e21): да
[14:18:47] GOLDENDUSST (a0ee3527-abbd-3f28-bd2e-ff7c77b23497): Ладно
[14:19:01] GOLDENDUSST (a0ee3527-abbd-3f28-bd2e-ff7c77b23497): Сайко блять
[14:19:03] ItsFartunaRu (87aa0b4c-629f-3cae-a9c4-787ca2fa3e21): над кароч
[14:19:05] ItsFartunaRu (87aa0b4c-629f-3cae-a9c4-787ca2fa3e21): заборы
[14:19:06] GOLDENDUSST (a0ee3527-abbd-3f28-bd2e-ff7c77b23497): Зачем
[14:19:08] LightNight010 (b404b429-ad5e-3cdf-9b17-af0796003c67): кто слизь отсюда украл
[14:19:08] ItsFartunaRu (87aa0b4c-629f-3cae-a9c4-787ca2fa3e21): ой этот
[14:19:10] ItsFartunaRu (87aa0b4c-629f-3cae-a9c4-787ca2fa3e21): хз
[14:19:12] saikonohack (61d3e846-cfe0-3e5b-b41b-772c1020819e): по приказу
[14:19:13] ItsFartunaRu (87aa0b4c-629f-3cae-a9c4-787ca2fa3e21): ковры сюда
[14:19:16] LightNight010 (b404b429-ad5e-3cdf-9b17-af0796003c67): да
[14:19:23] GOLDENDUSST (a0ee3527-abbd-3f28-bd2e-ff7c77b23497): Кто
[14:19:23] LightNight010 (b404b429-ad5e-3cdf-9b17-af0796003c67): го гс
[14:19:27] saikonohack (61d3e846-cfe0-3e5b-b41b-772c1020819e): ?
[14:19:28] GOLDENDUSST (a0ee3527-abbd-3f28-bd2e-ff7c77b23497): Генерал гавс?
[14:19:30] ItsFartunaRu (87aa0b4c-629f-3cae-a9c4-787ca2fa3e21): ноуноуноу
[14:19:31] saikonohack (61d3e846-cfe0-3e5b-b41b-772c1020819e): да
[14:19:33] RunishYT (deb2ebb7-8562-3728-8ba8-ec800da9360c): съеби с узбекистана йобанный кореец
[14:19:39] LightNight010 (b404b429-ad5e-3cdf-9b17-af0796003c67): можно сюда рыхлый снег и ковры
[14:19:44] GOLDENDUSST (a0ee3527-abbd-3f28-bd2e-ff7c77b23497): ладно пока
[14:19:45] ItsFartunaRu (87aa0b4c-629f-3cae-a9c4-787ca2fa3e21): нафига
[14:19:49] LightNight010 (b404b429-ad5e-3cdf-9b17-af0796003c67): тогда урона не будет
[14:19:55] LightNight010 (b404b429-ad5e-3cdf-9b17-af0796003c67): и проваливаться не будешь
[14:19:57] ItsFartunaRu (87aa0b4c-629f-3cae-a9c4-787ca2fa3e21): ну давай
[14:20:02] LightNight010 (b404b429-ad5e-3cdf-9b17-af0796003c67): ток его найти надо
[14:20:10] LightNight010 (b404b429-ad5e-3cdf-9b17-af0796003c67): я за льдом
[14:20:16] LightNight010 (b404b429-ad5e-3cdf-9b17-af0796003c67): а то я у авика спиздил его
[14:21:34] LightNight010 (b404b429-ad5e-3cdf-9b17-af0796003c67): 681 737
[14:22:20] LightNight010 (b404b429-ad5e-3cdf-9b17-af0796003c67): обса есть?
[14:22:43] LightNight010 (b404b429-ad5e-3cdf-9b17-af0796003c67): обса есть?
[14:22:47] ItsFartunaRu (87aa0b4c-629f-3cae-a9c4-787ca2fa3e21): ноу над копать
[14:22:55] ItsFartunaRu (87aa0b4c-629f-3cae-a9c4-787ca2fa3e21): погнали делать
[14:22:55] LightNight010 (b404b429-ad5e-3cdf-9b17-af0796003c67): ладно я за обсой
[14:22:58] ItsFartunaRu (87aa0b4c-629f-3cae-a9c4-787ca2fa3e21): фармилку
[14:23:00] ItsFartunaRu (87aa0b4c-629f-3cae-a9c4-787ca2fa3e21): в энде
[14:24:02] saikonohack (61d3e846-cfe0-3e5b-b41b-772c1020819e): стой
[14:24:05] saikonohack (61d3e846-cfe0-3e5b-b41b-772c1020819e): стой дурык
[14:24:08] ItsFartunaRu (87aa0b4c-629f-3cae-a9c4-787ca2fa3e21): сайк кароч гоу пэвэпэ
[14:24:13] saikonohack (61d3e846-cfe0-3e5b-b41b-772c1020819e): гоу
[14:24:18] ItsFartunaRu (87aa0b4c-629f-3cae-a9c4-787ca2fa3e21): я достаю лук на 4к мощи
[14:24:33] ItsFartunaRu (87aa0b4c-629f-3cae-a9c4-787ca2fa3e21): сам себя взорвал
[14:24:34] ItsFartunaRu (87aa0b4c-629f-3cae-a9c4-787ca2fa3e21): харош
[14:24:45] ItsFartunaRu (87aa0b4c-629f-3cae-a9c4-787ca2fa3e21): биля
[14:24:47] ItsFartunaRu (87aa0b4c-629f-3cae-a9c4-787ca2fa3e21): ща
[14:25:59] ItsFartunaRu (87aa0b4c-629f-3cae-a9c4-787ca2fa3e21): Ez
[14:26:00] LightNight010 (b404b429-ad5e-3cdf-9b17-af0796003c67): топ
[14:26:11] [CAPS] ItsFartunaRu (87aa0b4c-629f-3cae-a9c4-787ca2fa3e21): ээээээ
[14:26:15] ItsFartunaRu (87aa0b4c-629f-3cae-a9c4-787ca2fa3e21): админ абьюз
[14:26:23] ItsFartunaRu (87aa0b4c-629f-3cae-a9c4-787ca2fa3e21): щит
[14:26:25] ItsFartunaRu (87aa0b4c-629f-3cae-a9c4-787ca2fa3e21): не тотем
[14:26:35] ItsFartunaRu (87aa0b4c-629f-3cae-a9c4-787ca2fa3e21): у тебя щит в лев
[14:27:15] ItsFartunaRu (87aa0b4c-629f-3cae-a9c4-787ca2fa3e21): не общую
[14:27:19] ItsFartunaRu (87aa0b4c-629f-3cae-a9c4-787ca2fa3e21): нашу*
[14:27:38] ItsFartunaRu (87aa0b4c-629f-3cae-a9c4-787ca2fa3e21): сайк на визере по другому делал
[14:27:42] ItsFartunaRu (87aa0b4c-629f-3cae-a9c4-787ca2fa3e21): абьюзил админку
[14:28:14] ItsFartunaRu (87aa0b4c-629f-3cae-a9c4-787ca2fa3e21): абьюзил 2 твинка кароч
[14:28:26] ItsFartunaRu (87aa0b4c-629f-3cae-a9c4-787ca2fa3e21): очкобуба момент
[14:30:19] ItsFartunaRu (87aa0b4c-629f-3cae-a9c4-787ca2fa3e21): ашалел
[14:30:54] ItsFartunaRu (87aa0b4c-629f-3cae-a9c4-787ca2fa3e21): туда
[14:31:03] RunishYT (deb2ebb7-8562-3728-8ba8-ec800da9360c): блять еблан ты уволен
[14:31:05] ItsFartunaRu (87aa0b4c-629f-3cae-a9c4-787ca2fa3e21): БЛЯТЬ
[14:31:07] RunishYT (deb2ebb7-8562-3728-8ba8-ec800da9360c): у тебя креатив
[14:31:11] ItsFartunaRu (87aa0b4c-629f-3cae-a9c4-787ca2fa3e21): я трезуб
[14:31:13] ItsFartunaRu (87aa0b4c-629f-3cae-a9c4-787ca2fa3e21): скинул
[14:31:14] ItsFartunaRu (87aa0b4c-629f-3cae-a9c4-787ca2fa3e21): свой
[14:31:22] saikonohack (61d3e846-cfe0-3e5b-b41b-772c1020819e): вещи отдай ирод
[14:31:23] LightNight010 (b404b429-ad5e-3cdf-9b17-af0796003c67): авик гс
[14:31:28] ItsFartunaRu (87aa0b4c-629f-3cae-a9c4-787ca2fa3e21): блять трезуб
[14:31:41] ItsFartunaRu (87aa0b4c-629f-3cae-a9c4-787ca2fa3e21): всё
[14:31:50] saikonohack (61d3e846-cfe0-3e5b-b41b-772c1020819e): нет
[14:31:51] saikonohack (61d3e846-cfe0-3e5b-b41b-772c1020819e): не все
[14:31:53] ItsFartunaRu (87aa0b4c-629f-3cae-a9c4-787ca2fa3e21): всё
[14:31:58] ItsFartunaRu (87aa0b4c-629f-3cae-a9c4-787ca2fa3e21): где трезуб
[14:32:08] ItsFartunaRu (87aa0b4c-629f-3cae-a9c4-787ca2fa3e21): геплов скок было
[14:32:15] ItsFartunaRu (87aa0b4c-629f-3cae-a9c4-787ca2fa3e21): эээээ голову
[14:32:22] ItsFartunaRu (87aa0b4c-629f-3cae-a9c4-787ca2fa3e21): лан похуй у меня их 7
[14:32:31] saikonohack (61d3e846-cfe0-3e5b-b41b-772c1020819e): книгу не дал
[14:32:35] ItsFartunaRu (87aa0b4c-629f-3cae-a9c4-787ca2fa3e21): кароч я разнёс лоха 2 раза
[14:32:38] ItsFartunaRu (87aa0b4c-629f-3cae-a9c4-787ca2fa3e21): кинул
[14:32:41] ItsFartunaRu (87aa0b4c-629f-3cae-a9c4-787ca2fa3e21): мортобелло
[14:32:42] ItsFartunaRu (87aa0b4c-629f-3cae-a9c4-787ca2fa3e21): тайн
[14:32:50] saikonohack (61d3e846-cfe0-3e5b-b41b-772c1020819e): сам лох, го еще раз, ща опущу тебя
[14:32:50] AviKgolD1 (fe9f4036-69b5-38be-a9c3-1d860d8c4398): туда
[14:32:52] saikonohack (61d3e846-cfe0-3e5b-b41b-772c1020819e): сек
[14:32:53] [CAPS] ItsFartunaRu (87aa0b4c-629f-3cae-a9c4-787ca2fa3e21): блять вот
[14:32:58] [CAPS] ItsFartunaRu (87aa0b4c-629f-3cae-a9c4-787ca2fa3e21): блять вот
[14:33:01] ItsFartunaRu (87aa0b4c-629f-3cae-a9c4-787ca2fa3e21): чек
[14:33:02] saikonohack (61d3e846-cfe0-3e5b-b41b-772c1020819e): сек
[14:33:02] saikonohack (61d3e846-cfe0-3e5b-b41b-772c1020819e): сек
[14:33:02] saikonohack (61d3e846-cfe0-3e5b-b41b-772c1020819e): сек
[14:33:03] saikonohack (61d3e846-cfe0-3e5b-b41b-772c1020819e): сек
[14:33:03] saikonohack (61d3e846-cfe0-3e5b-b41b-772c1020819e): сек
[14:33:14] ItsFartunaRu (87aa0b4c-629f-3cae-a9c4-787ca2fa3e21): УФФФФ ТОЧно не админ абьюз
[14:33:39] ItsFartunaRu (87aa0b4c-629f-3cae-a9c4-787ca2fa3e21): биля я броню поломал
[14:33:45] ItsFartunaRu (87aa0b4c-629f-3cae-a9c4-787ca2fa3e21): щас на фармилку сгоняю
[14:33:46] ItsFartunaRu (87aa0b4c-629f-3cae-a9c4-787ca2fa3e21): на мин
[14:33:48] saikonohack (61d3e846-cfe0-3e5b-b41b-772c1020819e): нет
[14:33:50] saikonohack (61d3e846-cfe0-3e5b-b41b-772c1020819e): го щаз
[14:33:53] saikonohack (61d3e846-cfe0-3e5b-b41b-772c1020819e): лох
[14:34:08] ItsFartunaRu (87aa0b4c-629f-3cae-a9c4-787ca2fa3e21): таджик ахуел
[14:34:25] ItsFartunaRu (87aa0b4c-629f-3cae-a9c4-787ca2fa3e21): эээээээ
[14:34:44] ItsFartunaRu (87aa0b4c-629f-3cae-a9c4-787ca2fa3e21): чо со спавнрейт
[14:34:51] LightNight010 (b404b429-ad5e-3cdf-9b17-af0796003c67): вроде всё норм
[14:34:52] ItsFartunaRu (87aa0b4c-629f-3cae-a9c4-787ca2fa3e21): сук сайк ты ломаешь
[14:35:07] AviKgolD1 (fe9f4036-69b5-38be-a9c3-1d860d8c4398): много людей в аду
[14:35:09] ItsFartunaRu (87aa0b4c-629f-3cae-a9c4-787ca2fa3e21): лан всё я починил
[14:35:11] RunishYT (deb2ebb7-8562-3728-8ba8-ec800da9360c): так Питер стой ты не уволен
[14:35:17] ItsFartunaRu (87aa0b4c-629f-3cae-a9c4-787ca2fa3e21): туда
[14:35:22] ItsFartunaRu (87aa0b4c-629f-3cae-a9c4-787ca2fa3e21): ээээээ ливай
[14:35:27] ItsFartunaRu (87aa0b4c-629f-3cae-a9c4-787ca2fa3e21): бан
[14:35:43] ItsFartunaRu (87aa0b4c-629f-3cae-a9c4-787ca2fa3e21): дядь
[14:35:45] ItsFartunaRu (87aa0b4c-629f-3cae-a9c4-787ca2fa3e21): эт рофл
[14:35:51] ItsFartunaRu (87aa0b4c-629f-3cae-a9c4-787ca2fa3e21): достаём лук на 4к
[14:35:52] saikonohack (61d3e846-cfe0-3e5b-b41b-772c1020819e): он отравил блять
[14:35:55] saikonohack (61d3e846-cfe0-3e5b-b41b-772c1020819e): ок
[14:35:55] saikonohack (61d3e846-cfe0-3e5b-b41b-772c1020819e): го
[14:36:00] ItsFartunaRu (87aa0b4c-629f-3cae-a9c4-787ca2fa3e21): дядь ты спиздеш
[14:36:03] saikonohack (61d3e846-cfe0-3e5b-b41b-772c1020819e): ноу
[14:36:03] AviKgolD1 (fe9f4036-69b5-38be-a9c3-1d860d8c4398): 100% не абьюз
[14:36:08] ItsFartunaRu (87aa0b4c-629f-3cae-a9c4-787ca2fa3e21): 100%
[14:36:12] saikonohack (61d3e846-cfe0-3e5b-b41b-772c1020819e): иди нах, какой арбуз
[14:36:12] ItsFartunaRu (87aa0b4c-629f-3cae-a9c4-787ca2fa3e21): погнали пэвэпэ
[14:36:20] ItsFartunaRu (87aa0b4c-629f-3cae-a9c4-787ca2fa3e21): у меня осталс 16 крисов
[14:36:56] LightNight010 (b404b429-ad5e-3cdf-9b17-af0796003c67): чё
[14:36:57] ItsFartunaRu (87aa0b4c-629f-3cae-a9c4-787ca2fa3e21): ахуел
[14:37:05] LightNight010 (b404b429-ad5e-3cdf-9b17-af0796003c67): чё случилось
[14:37:10] ItsFartunaRu (87aa0b4c-629f-3cae-a9c4-787ca2fa3e21): 100% не админ абьюз\
[14:37:22] LightNight010 (b404b429-ad5e-3cdf-9b17-af0796003c67): чё случилось
[14:37:25] RunishYT (deb2ebb7-8562-3728-8ba8-ec800da9360c): Nanoxander son
[14:37:34] ItsFartunaRu (87aa0b4c-629f-3cae-a9c4-787ca2fa3e21): сайк с 4к урона мечом
[14:37:39] saikonohack (61d3e846-cfe0-3e5b-b41b-772c1020819e): обязательно
[14:37:40] LightNight010 (b404b429-ad5e-3cdf-9b17-af0796003c67): понял
[14:37:43] RunishYT (deb2ebb7-8562-3728-8ba8-ec800da9360c): сайко
[14:37:47] ItsFartunaRu (87aa0b4c-629f-3cae-a9c4-787ca2fa3e21): пидар делай тэпэ
[14:37:49] LightNight010 (b404b429-ad5e-3cdf-9b17-af0796003c67): бан
[14:37:50] RunishYT (deb2ebb7-8562-3728-8ba8-ec800da9360c): за скок продашь?
[14:37:52] ItsFartunaRu (87aa0b4c-629f-3cae-a9c4-787ca2fa3e21): авик возьми ресы
[14:38:03] [CAPS] ItsFartunaRu (87aa0b4c-629f-3cae-a9c4-787ca2fa3e21): жбдыхпо
[14:38:21] ItsFartunaRu (87aa0b4c-629f-3cae-a9c4-787ca2fa3e21): где
[14:38:40] ItsFartunaRu (87aa0b4c-629f-3cae-a9c4-787ca2fa3e21): бля где половина ресов
[14:38:46] ItsFartunaRu (87aa0b4c-629f-3cae-a9c4-787ca2fa3e21): сайк точно не админ абьюз
[14:38:56] saikonohack (61d3e846-cfe0-3e5b-b41b-772c1020819e): щаз забэн.
[14:39:00] ItsFartunaRu (87aa0b4c-629f-3cae-a9c4-787ca2fa3e21): сайк точно не админ абьюз
[14:39:03] saikonohack (61d3e846-cfe0-3e5b-b41b-772c1020819e): где блять абьюх
[14:39:05] ItsFartunaRu (87aa0b4c-629f-3cae-a9c4-787ca2fa3e21): прям вижу воу
[14:39:12] ItsFartunaRu (87aa0b4c-629f-3cae-a9c4-787ca2fa3e21): согл легал меч на 4к
[14:39:21] saikonohack (61d3e846-cfe0-3e5b-b41b-772c1020819e): обязательно нахуй
[14:39:25] ItsFartunaRu (87aa0b4c-629f-3cae-a9c4-787ca2fa3e21): блять где тотемас
[14:39:31] saikonohack (61d3e846-cfe0-3e5b-b41b-772c1020819e): смотри блять
[14:39:38] saikonohack (61d3e846-cfe0-3e5b-b41b-772c1020819e): 1000000000000000000 к сразу
[14:39:47] ItsFartunaRu (87aa0b4c-629f-3cae-a9c4-787ca2fa3e21): вауваувау
[14:39:52] AviKgolD1 (fe9f4036-69b5-38be-a9c3-1d860d8c4398): обсу
[14:39:55] ItsFartunaRu (87aa0b4c-629f-3cae-a9c4-787ca2fa3e21): гоу сразу меч на 4к
[14:39:55] AviKgolD1 (fe9f4036-69b5-38be-a9c3-1d860d8c4398): дай
[14:39:59] AviKgolD1 (fe9f4036-69b5-38be-a9c3-1d860d8c4398): шт 20
[14:40:02] LightNight010 (b404b429-ad5e-3cdf-9b17-af0796003c67): кристаллы
[14:40:05] LightNight010 (b404b429-ad5e-3cdf-9b17-af0796003c67): тотемы
[14:40:21] saikonohack (61d3e846-cfe0-3e5b-b41b-772c1020819e): 348 344
[14:40:21] ItsFartunaRu (87aa0b4c-629f-3cae-a9c4-787ca2fa3e21): сайк гоу пэвэпэ
[14:40:53] [CAPS] ItsFartunaRu (87aa0b4c-629f-3cae-a9c4-787ca2fa3e21): сука трезуб где
[14:41:06] AviKgolD1 (fe9f4036-69b5-38be-a9c3-1d860d8c4398): короче сайк слился 2 раза в норм пвп и взял меч на 4к уф NoАбьюз
[14:41:14] ItsFartunaRu (87aa0b4c-629f-3cae-a9c4-787ca2fa3e21): согл
[14:41:18] ItsFartunaRu (87aa0b4c-629f-3cae-a9c4-787ca2fa3e21): спиздил трезуб
[14:41:22] saikonohack (61d3e846-cfe0-3e5b-b41b-772c1020819e): пошли нахуй, я дал фартуку свой меч
[14:41:30] ItsFartunaRu (87aa0b4c-629f-3cae-a9c4-787ca2fa3e21): блять трезуб
[14:41:43] ItsFartunaRu (87aa0b4c-629f-3cae-a9c4-787ca2fa3e21): + меча нету ахуел
[14:41:44] LightNight010 (b404b429-ad5e-3cdf-9b17-af0796003c67): скип плиииииз
[14:42:03] ItsFartunaRu (87aa0b4c-629f-3cae-a9c4-787ca2fa3e21): блять меня кинули на ресы я пошёл на визер
[14:42:04] AviKgolD1 (fe9f4036-69b5-38be-a9c3-1d860d8c4398): сайк бл 5 сердец с одного удара в фулл незерке
[14:42:28] ItsFartunaRu (87aa0b4c-629f-3cae-a9c4-787ca2fa3e21): лайт еби его
[14:42:35] ItsFartunaRu (87aa0b4c-629f-3cae-a9c4-787ca2fa3e21): килляй
[14:42:48] ItsFartunaRu (87aa0b4c-629f-3cae-a9c4-787ca2fa3e21): он узбек
[14:43:08] ItsFartunaRu (87aa0b4c-629f-3cae-a9c4-787ca2fa3e21): тогда я сделаю это
[14:43:12] ItsFartunaRu (87aa0b4c-629f-3cae-a9c4-787ca2fa3e21): сам
[14:43:21] ItsFartunaRu (87aa0b4c-629f-3cae-a9c4-787ca2fa3e21): погнали за 4к
[14:44:08] ItsFartunaRu (87aa0b4c-629f-3cae-a9c4-787ca2fa3e21): лайт какие корды порта
[14:44:13] ItsFartunaRu (87aa0b4c-629f-3cae-a9c4-787ca2fa3e21): к тому биомс
[14:44:17] LightNight010 (b404b429-ad5e-3cdf-9b17-af0796003c67): 681 737
[14:44:18] AviKgolD1 (fe9f4036-69b5-38be-a9c3-1d860d8c4398): погнали на базу ехрен так сказать контент на стрим
[14:44:29] ItsFartunaRu (87aa0b4c-629f-3cae-a9c4-787ca2fa3e21): биля я тоте
[14:48:55] ItsFartunaRu (87aa0b4c-629f-3cae-a9c4-787ca2fa3e21): пиадр
[14:48:56] LightNight010 (b404b429-ad5e-3cdf-9b17-af0796003c67): фартук не нада
[14:49:02] ItsFartunaRu (87aa0b4c-629f-3cae-a9c4-787ca2fa3e21): ку
[14:49:03] LightNight010 (b404b429-ad5e-3cdf-9b17-af0796003c67): асу
[14:49:18] AviKgolD1 (fe9f4036-69b5-38be-a9c3-1d860d8c4398): короче тут не далеко база ехрен
[14:49:19] ItsFartunaRu (87aa0b4c-629f-3cae-a9c4-787ca2fa3e21): ахэуел
[14:49:35] ItsFartunaRu (87aa0b4c-629f-3cae-a9c4-787ca2fa3e21): залутал
[14:49:46] ItsFartunaRu (87aa0b4c-629f-3cae-a9c4-787ca2fa3e21): ахуело
[14:49:50] ItsFartunaRu (87aa0b4c-629f-3cae-a9c4-787ca2fa3e21): точно не админ абьюз
[14:49:52] ItsFartunaRu (87aa0b4c-629f-3cae-a9c4-787ca2fa3e21): 100%
[14:49:58] ItsFartunaRu (87aa0b4c-629f-3cae-a9c4-787ca2fa3e21): точно не админ абьюз
[14:49:59] ItsFartunaRu (87aa0b4c-629f-3cae-a9c4-787ca2fa3e21): 100%
[14:50:06] ItsFartunaRu (87aa0b4c-629f-3cae-a9c4-787ca2fa3e21): тпхай ебл
[14:50:19] ItsFartunaRu (87aa0b4c-629f-3cae-a9c4-787ca2fa3e21): туда лоха на сайк
[14:50:22] ItsFartunaRu (87aa0b4c-629f-3cae-a9c4-787ca2fa3e21): еблан с абьюзом
[14:55:20] RunishYT (deb2ebb7-8562-3728-8ba8-ec800da9360c): Сайкноухак лучший админ наноиксандер
[14:55:36] RunishYT (deb2ebb7-8562-3728-8ba8-ec800da9360c): не разбанивай
[14:55:55] Corwin4_ (09de6106-0819-3ca8-9b4c-af9ec585b9e9): да, не вывезя пвп пишет /kill и банит, прям если бы тебе дали админку ты бы так же делал
[14:55:58] RunishYT (deb2ebb7-8562-3728-8ba8-ec800da9360c): я построю статую в честь тебя если не будешь их разбанивать
[14:56:12] RunishYT (deb2ebb7-8562-3728-8ba8-ec800da9360c): еблоид они уже без пвп его пиздили
[14:56:35] Corwin4_ (09de6106-0819-3ca8-9b4c-af9ec585b9e9): интересно, была ли какая-то причина
[14:57:02] RunishYT (deb2ebb7-8562-3728-8ba8-ec800da9360c): да нападения после пвп и пизденье ресов
[14:57:03] Corwin4_ (09de6106-0819-3ca8-9b4c-af9ec585b9e9): тебя пиздят за твою тупость и потому что в чат постоянно жидко дрищешь
[14:57:19] RunishYT (deb2ebb7-8562-3728-8ba8-ec800da9360c): блять не нравится не читай в чем проблема
[14:57:27] Corwin4_ (09de6106-0819-3ca8-9b4c-af9ec585b9e9): значит и на его доёб причина была какая-та
[14:57:36] Corwin4_ (09de6106-0819-3ca8-9b4c-af9ec585b9e9): блять чат не для тебя одного существует
[14:57:47] Corwin4_ (09de6106-0819-3ca8-9b4c-af9ec585b9e9): и если ты бесишь всех кроме себя и твоего дружка
[14:57:54] RunishYT (deb2ebb7-8562-3728-8ba8-ec800da9360c): блять просто игнорь мои сообщения если не нравится
[14:57:55] Corwin4_ (09de6106-0819-3ca8-9b4c-af9ec585b9e9): это твоя проблема а не их
[14:58:02] RunishYT (deb2ebb7-8562-3728-8ba8-ec800da9360c): игнорируй
[14:58:03] LightNight010 (b404b429-ad5e-3cdf-9b17-af0796003c67): я тут
[14:58:10] LightNight010 (b404b429-ad5e-3cdf-9b17-af0796003c67): 280 160
[14:58:36] LightNight010 (b404b429-ad5e-3cdf-9b17-af0796003c67): сайк ты куда пропал
[15:01:28] Corwin4_ (09de6106-0819-3ca8-9b4c-af9ec585b9e9): могу помочь с судом, хочу на сторону защиты
[15:01:35] Corwin4_ (09de6106-0819-3ca8-9b4c-af9ec585b9e9): долбаёбы имеют право на жизнь
[15:01:43] saikonohack (61d3e846-cfe0-3e5b-b41b-772c1020819e): го, а если еще с войс чатом будешь, то вообще топ
[15:01:54] Corwin4_ (09de6106-0819-3ca8-9b4c-af9ec585b9e9): ща, найду мод на него
[15:02:10] saikonohack (61d3e846-cfe0-3e5b-b41b-772c1020819e): plasmo voice
[15:07:18] saikonohack (61d3e846-cfe0-3e5b-b41b-772c1020819e): of
[15:07:19] saikonohack (61d3e846-cfe0-3e5b-b41b-772c1020819e): ща
[15:07:28] saikonohack (61d3e846-cfe0-3e5b-b41b-772c1020819e): крч
[15:07:49] Corwin4_ (09de6106-0819-3ca8-9b4c-af9ec585b9e9): могу для вас суд построить, укажите просто место и стиль
[15:07:51] saikonohack (61d3e846-cfe0-3e5b-b41b-772c1020819e): за стримом или на следущем построим ( ну или сам можешь наать
[15:08:03] Corwin4_ (09de6106-0819-3ca8-9b4c-af9ec585b9e9): пс я не ток пиздиться умею
[15:08:07] saikonohack (61d3e846-cfe0-3e5b-b41b-772c1020819e): во, с корвином собиреитесь
[15:08:09] saikonohack (61d3e846-cfe0-3e5b-b41b-772c1020819e): а пока
[15:08:28] saikonohack (61d3e846-cfe0-3e5b-b41b-772c1020819e): бб я ливаю
[15:08:34] Corwin4_ (09de6106-0819-3ca8-9b4c-af9ec585b9e9): я случайно как-то удалил мир креативный где сделал огромный собор 144 блока в высоту
[15:08:43] LightNight010 (b404b429-ad5e-3cdf-9b17-af0796003c67): ф
[15:08:48] LightNight010 (b404b429-ad5e-3cdf-9b17-af0796003c67): ты где щас корв
[15:08:57] Corwin4_ (09de6106-0819-3ca8-9b4c-af9ec585b9e9): у себя дома
[15:09:03] LightNight010 (b404b429-ad5e-3cdf-9b17-af0796003c67): whitelist
[15:09:11] Corwin4_ (09de6106-0819-3ca8-9b4c-af9ec585b9e9): пытаюсь ферму слизи разукрасить пиксельартом
[15:09:23] Corwin4_ (09de6106-0819-3ca8-9b4c-af9ec585b9e9): чтобы огромным монолитом в пещере тупо не стояла
[15:09:43] Corwin4_ (09de6106-0819-3ca8-9b4c-af9ec585b9e9): я ща
[15:12:28] LightNight010 (b404b429-ad5e-3cdf-9b17-af0796003c67): корды
[15:13:24] LightNight010 (b404b429-ad5e-3cdf-9b17-af0796003c67): корды корвин
[15:13:29] LightNight010 (b404b429-ad5e-3cdf-9b17-af0796003c67): адские
[15:13:45] Corwin4_ (09de6106-0819-3ca8-9b4c-af9ec585b9e9): 44 -399
[15:13:54] Corwin4_ (09de6106-0819-3ca8-9b4c-af9ec585b9e9): 44 -399 крыша
[15:14:05] Corwin4_ (09de6106-0819-3ca8-9b4c-af9ec585b9e9): прикрутил
[15:14:09] Corwin4_ (09de6106-0819-3ca8-9b4c-af9ec585b9e9): этот ваш войс
[15:23:16] Corwin4_ (09de6106-0819-3ca8-9b4c-af9ec585b9e9): -200 -1000
[15:43:05] LightNight010 (b404b429-ad5e-3cdf-9b17-af0796003c67): есть?
[15:43:11] Corwin4_ (09de6106-0819-3ca8-9b4c-af9ec585b9e9): полтора стака...
[15:43:15] LightNight010 (b404b429-ad5e-3cdf-9b17-af0796003c67): не хватит
[15:43:48] Corwin4_ (09de6106-0819-3ca8-9b4c-af9ec585b9e9): ну есть опция где-то щас быренько накопать
[15:44:09] LightNight010 (b404b429-ad5e-3cdf-9b17-af0796003c67): я пока на базу
[15:44:26] LightNight010 (b404b429-ad5e-3cdf-9b17-af0796003c67): щас бы дождика...
[15:44:30] Corwin4_ (09de6106-0819-3ca8-9b4c-af9ec585b9e9): ок, крч накопаю приду на спавн
[15:45:05] LightNight010 (b404b429-ad5e-3cdf-9b17-af0796003c67): мб я с тобой?
[15:45:09] LightNight010 (b404b429-ad5e-3cdf-9b17-af0796003c67): мне занятся нечем
[15:45:19] Corwin4_ (09de6106-0819-3ca8-9b4c-af9ec585b9e9): я в жопе 767 -3553
[15:45:25] Corwin4_ (09de6106-0819-3ca8-9b4c-af9ec585b9e9): со своей базы летел
[15:45:37] LightNight010 (b404b429-ad5e-3cdf-9b17-af0796003c67): ща буду
[15:45:40] LightNight010 (b404b429-ad5e-3cdf-9b17-af0796003c67): ща буду
[15:52:43] Corwin4_ (09de6106-0819-3ca8-9b4c-af9ec585b9e9): 330 -3200
[20:54:43] Bradly378 (9ab93dfb-1454-3bb1-b47f-700f714534a9): I joined using ChatCraft from my Android device! Download it for free!
[21:00:51] Bradly378 (9ab93dfb-1454-3bb1-b47f-700f714534a9): (
