[10:09:10] Bradly378 (9ab93dfb-1454-3bb1-b47f-700f714534a9): хуй
[10:09:31] Bradly378 (9ab93dfb-1454-3bb1-b47f-700f714534a9): напишите чё либо
[10:09:33] saikonohack (61d3e846-cfe0-3e5b-b41b-772c1020819e): w
[10:09:34] Exren3588 (6c446cc9-8057-3d23-bf8e-87a39b8040c4): xnj
[10:09:36] saikonohack (61d3e846-cfe0-3e5b-b41b-772c1020819e): f
[10:09:37] Exren3588 (6c446cc9-8057-3d23-bf8e-87a39b8040c4): хуй
[10:09:37] Bradly378 (9ab93dfb-1454-3bb1-b47f-700f714534a9): так всё
[10:10:26] Bradly378 (9ab93dfb-1454-3bb1-b47f-700f714534a9): да
[10:10:31] Bradly378 (9ab93dfb-1454-3bb1-b47f-700f714534a9): это не я я хз
[10:10:43] Bradly378 (9ab93dfb-1454-3bb1-b47f-700f714534a9): хуй
[10:10:49] Bradly378 (9ab93dfb-1454-3bb1-b47f-700f714534a9): рус яз теперь
[10:11:02] Bradly378 (9ab93dfb-1454-3bb1-b47f-700f714534a9): пиздит
[10:11:43] Bradly378 (9ab93dfb-1454-3bb1-b47f-700f714534a9): ахахха мы в оперативку долбиться начинаем и оно очищает оперативку чаще теперь намного
[10:11:52] Bradly378 (9ab93dfb-1454-3bb1-b47f-700f714534a9): эээ бля
[10:12:30] Bradly378 (9ab93dfb-1454-3bb1-b47f-700f714534a9): чё
[10:12:55] Bradly378 (9ab93dfb-1454-3bb1-b47f-700f714534a9): ...
[10:13:02] Bradly378 (9ab93dfb-1454-3bb1-b47f-700f714534a9): вобще убери херь эту
[10:14:02] saikonohack (61d3e846-cfe0-3e5b-b41b-772c1020819e): g
[10:15:09] saikonohack (61d3e846-cfe0-3e5b-b41b-772c1020819e): g
[10:16:15] Bradly378 (9ab93dfb-1454-3bb1-b47f-700f714534a9): [ew
[10:17:22] Bradly378 (9ab93dfb-1454-3bb1-b47f-700f714534a9): feragr
[10:18:35] Bradly378 (9ab93dfb-1454-3bb1-b47f-700f714534a9): gqgqrg
[10:20:51] saikonohack (61d3e846-cfe0-3e5b-b41b-772c1020819e): балять
[10:20:54] saikonohack (61d3e846-cfe0-3e5b-b41b-772c1020819e): балять
[10:20:58] Exren3588 (6c446cc9-8057-3d23-bf8e-87a39b8040c4): vs
[10:21:00] saikonohack (61d3e846-cfe0-3e5b-b41b-772c1020819e): балять
[10:21:04] Exren3588 (6c446cc9-8057-3d23-bf8e-87a39b8040c4): мы и так видим
[10:21:08] saikonohack (61d3e846-cfe0-3e5b-b41b-772c1020819e): чатти пофикси
[10:21:13] Bradly378 (9ab93dfb-1454-3bb1-b47f-700f714534a9): ща
[10:21:35] Bradly378 (9ab93dfb-1454-3bb1-b47f-700f714534a9): reg
[10:22:19] Bradly378 (9ab93dfb-1454-3bb1-b47f-700f714534a9): gagerg
[10:22:32] Exren3588 (6c446cc9-8057-3d23-bf8e-87a39b8040c4): пущкуп
[10:22:35] Exren3588 (6c446cc9-8057-3d23-bf8e-87a39b8040c4): georeg
[10:23:21] Bradly378 (9ab93dfb-1454-3bb1-b47f-700f714534a9): ?
[10:23:34] Bradly378 (9ab93dfb-1454-3bb1-b47f-700f714534a9): wt gbpl'w
[10:23:46] Bradly378 (9ab93dfb-1454-3bb1-b47f-700f714534a9): ээээ
[10:23:49] Bradly378 (9ab93dfb-1454-3bb1-b47f-700f714534a9): да ну нахуй
[10:24:42] saikonohack (61d3e846-cfe0-3e5b-b41b-772c1020819e): аххаахах
[10:25:02] Exren3588 (6c446cc9-8057-3d23-bf8e-87a39b8040c4): nfr dct z nen
[10:25:05] Bradly378 (9ab93dfb-1454-3bb1-b47f-700f714534a9): у меня орут
[10:25:17] Bradly378 (9ab93dfb-1454-3bb1-b47f-700f714534a9): f
[10:26:58] Bradly378 (9ab93dfb-1454-3bb1-b47f-700f714534a9): f
[10:35:03] saikonohack (61d3e846-cfe0-3e5b-b41b-772c1020819e): аххаахах
[10:55:00] Bradly378 (9ab93dfb-1454-3bb1-b47f-700f714534a9): шо
[10:55:05] Bradly378 (9ab93dfb-1454-3bb1-b47f-700f714534a9): да
[10:55:56] Bradly378 (9ab93dfb-1454-3bb1-b47f-700f714534a9): леее
[10:56:23] Bradly378 (9ab93dfb-1454-3bb1-b47f-700f714534a9): круто, го продадим сервер
[10:57:31] Bradly378 (9ab93dfb-1454-3bb1-b47f-700f714534a9): afr
[10:58:13] Bradly378 (9ab93dfb-1454-3bb1-b47f-700f714534a9): не я
[11:10:46] Bradly378 (9ab93dfb-1454-3bb1-b47f-700f714534a9): ээээээээ
[11:10:50] Bradly378 (9ab93dfb-1454-3bb1-b47f-700f714534a9): втф
[11:10:58] Bradly378 (9ab93dfb-1454-3bb1-b47f-700f714534a9): пиздец
[11:11:21] Bradly378 (9ab93dfb-1454-3bb1-b47f-700f714534a9): я
[11:13:14] Bradly378 (9ab93dfb-1454-3bb1-b47f-700f714534a9): хахахахаха
[11:13:30] Bradly378 (9ab93dfb-1454-3bb1-b47f-700f714534a9): отменил
[11:13:49] Bradly378 (9ab93dfb-1454-3bb1-b47f-700f714534a9): 8 тб памяти, похуям
[11:14:35] Bradly378 (9ab93dfb-1454-3bb1-b47f-700f714534a9): го 500к дадающего песка
[11:15:53] Bradly378 (9ab93dfb-1454-3bb1-b47f-700f714534a9): хм
[11:15:59] Bradly378 (9ab93dfb-1454-3bb1-b47f-700f714534a9): дать ей все ядра
[11:16:01] Bradly378 (9ab93dfb-1454-3bb1-b47f-700f714534a9): хахааахаха
[11:16:13] Bradly378 (9ab93dfb-1454-3bb1-b47f-700f714534a9): вроде 4
[11:16:39] Bradly378 (9ab93dfb-1454-3bb1-b47f-700f714534a9): дай 25 гб серверу
[11:18:12] Bradly378 (9ab93dfb-1454-3bb1-b47f-700f714534a9): стопаю сервер (рестарт)
[11:22:49] Bradly378 (9ab93dfb-1454-3bb1-b47f-700f714534a9): что с тпс блятьь
[11:22:56] Bradly378 (9ab93dfb-1454-3bb1-b47f-700f714534a9): кста так какой аргумент?
[11:24:33] Bradly378 (9ab93dfb-1454-3bb1-b47f-700f714534a9): мусорщики с таким количеством озу можно вобще вырубить
[11:29:23] saikonohack (61d3e846-cfe0-3e5b-b41b-772c1020819e): нет
[11:29:27] saikonohack (61d3e846-cfe0-3e5b-b41b-772c1020819e): нет
[11:44:59] saikonohack (61d3e846-cfe0-3e5b-b41b-772c1020819e): РАЗДАЧА НА СПАВНЕ
[11:44:59] saikonohack (61d3e846-cfe0-3e5b-b41b-772c1020819e): РАЗДАЧА НА СПАВНЕ
[11:45:00] saikonohack (61d3e846-cfe0-3e5b-b41b-772c1020819e): РАЗДАЧА НА СПАВНЕ
[11:45:00] saikonohack (61d3e846-cfe0-3e5b-b41b-772c1020819e): РАЗДАЧА НА СПАВНЕ
[11:45:00] saikonohack (61d3e846-cfe0-3e5b-b41b-772c1020819e): РАЗДАЧА НА СПАВНЕ
[11:45:01] saikonohack (61d3e846-cfe0-3e5b-b41b-772c1020819e): РАЗДАЧА НА СПАВНЕ
[11:45:01] saikonohack (61d3e846-cfe0-3e5b-b41b-772c1020819e): РАЗДАЧА НА СПАВНЕ
[11:45:01] saikonohack (61d3e846-cfe0-3e5b-b41b-772c1020819e): РАЗДАЧА НА СПАВНЕ
[12:02:56] Bradly378 (9ab93dfb-1454-3bb1-b47f-700f714534a9): gtrgs
[12:07:20] saikonohack (61d3e846-cfe0-3e5b-b41b-772c1020819e): g
[12:08:14] Bradly378 (9ab93dfb-1454-3bb1-b47f-700f714534a9): g
[12:08:18] saikonohack (61d3e846-cfe0-3e5b-b41b-772c1020819e): W
[12:10:49] saikonohack (61d3e846-cfe0-3e5b-b41b-772c1020819e): f
[12:56:06] saikonohack (61d3e846-cfe0-3e5b-b41b-772c1020819e): g
[12:57:53] Bradly378 (9ab93dfb-1454-3bb1-b47f-700f714534a9): ewfewf
[12:58:00] saikonohack (61d3e846-cfe0-3e5b-b41b-772c1020819e): g
[13:26:02] saikonohack (61d3e846-cfe0-3e5b-b41b-772c1020819e): g
[13:26:04] saikonohack (61d3e846-cfe0-3e5b-b41b-772c1020819e): g
[13:26:05] Exren3588 (6c446cc9-8057-3d23-bf8e-87a39b8040c4): да
[13:27:18] saikonohack (61d3e846-cfe0-3e5b-b41b-772c1020819e): пашел нахуй
[13:28:02] saikonohack (61d3e846-cfe0-3e5b-b41b-772c1020819e): пашел нахуй
[13:29:07] saikonohack (61d3e846-cfe0-3e5b-b41b-772c1020819e): пашел нахуй
[13:29:10] saikonohack (61d3e846-cfe0-3e5b-b41b-772c1020819e): пашел нахуй
[13:29:18] Bradly378 (9ab93dfb-1454-3bb1-b47f-700f714534a9): чё
[13:31:08] saikonohack (61d3e846-cfe0-3e5b-b41b-772c1020819e): g
[13:31:11] saikonohack (61d3e846-cfe0-3e5b-b41b-772c1020819e): g
[13:31:15] Bradly378 (9ab93dfb-1454-3bb1-b47f-700f714534a9): hui
[13:32:09] saikonohack (61d3e846-cfe0-3e5b-b41b-772c1020819e): g
[13:32:12] saikonohack (61d3e846-cfe0-3e5b-b41b-772c1020819e): g
[13:32:17] saikonohack (61d3e846-cfe0-3e5b-b41b-772c1020819e): g
[13:32:18] saikonohack (61d3e846-cfe0-3e5b-b41b-772c1020819e): g
[13:32:20] saikonohack (61d3e846-cfe0-3e5b-b41b-772c1020819e): r
[13:33:02] saikonohack (61d3e846-cfe0-3e5b-b41b-772c1020819e): g
[13:33:03] saikonohack (61d3e846-cfe0-3e5b-b41b-772c1020819e): g
[13:33:11] Exren3588 (6c446cc9-8057-3d23-bf8e-87a39b8040c4): ты нас не слышишь?
[13:35:01] Bradly378 (9ab93dfb-1454-3bb1-b47f-700f714534a9): долбаёбы
[13:43:55] Bradly378 (9ab93dfb-1454-3bb1-b47f-700f714534a9): чё за пиздец блять
[13:44:20] Bradly378 (9ab93dfb-1454-3bb1-b47f-700f714534a9): кто драконов спавнил
[13:44:28] Exren3588 (6c446cc9-8057-3d23-bf8e-87a39b8040c4): сайко
[13:44:33] saikonohack (61d3e846-cfe0-3e5b-b41b-772c1020819e): секрсен
[13:45:35] Exren3588 (6c446cc9-8057-3d23-bf8e-87a39b8040c4): СУКА
[13:45:38] Exren3588 (6c446cc9-8057-3d23-bf8e-87a39b8040c4): ХАРЕ ПИДР
[13:45:44] Bradly378 (9ab93dfb-1454-3bb1-b47f-700f714534a9): в этот раз сайко
[13:46:19] Exren3588 (6c446cc9-8057-3d23-bf8e-87a39b8040c4): у тебя если че выключены наушнкии
[13:46:26] Bradly378 (9ab93dfb-1454-3bb1-b47f-700f714534a9): знаю
[13:46:56] Bradly378 (9ab93dfb-1454-3bb1-b47f-700f714534a9): да ты ахуел
[13:47:49] Bradly378 (9ab93dfb-1454-3bb1-b47f-700f714534a9): да нахуя
[13:48:19] saikonohack (61d3e846-cfe0-3e5b-b41b-772c1020819e): minecraft ender dragon r34
[13:50:18] Exren3588 (6c446cc9-8057-3d23-bf8e-87a39b8040c4): ЮЛЧОДА
[14:32:19] Exren3588 (6c446cc9-8057-3d23-bf8e-87a39b8040c4): люп машинка динамита?
[14:32:24] Exren3588 (6c446cc9-8057-3d23-bf8e-87a39b8040c4): дюп
[14:40:55] Bradly378 (9ab93dfb-1454-3bb1-b47f-700f714534a9): [eq
[18:12:34] Exren3588 (6c446cc9-8057-3d23-bf8e-87a39b8040c4): сука, че за скримеры нахуй
[18:12:43] saikonohack (61d3e846-cfe0-3e5b-b41b-772c1020819e): где
[18:12:45] Exren3588 (6c446cc9-8057-3d23-bf8e-87a39b8040c4): ты
[18:13:23] Exren3588 (6c446cc9-8057-3d23-bf8e-87a39b8040c4): я же её не убила?
[18:13:29] saikonohack (61d3e846-cfe0-3e5b-b41b-772c1020819e): Кого
[18:13:31] Exren3588 (6c446cc9-8057-3d23-bf8e-87a39b8040c4): книгу
[18:13:36] saikonohack (61d3e846-cfe0-3e5b-b41b-772c1020819e): убила
[18:13:39] Exren3588 (6c446cc9-8057-3d23-bf8e-87a39b8040c4): блять
[18:16:45] saikonohack (61d3e846-cfe0-3e5b-b41b-772c1020819e): РОЗБИЙНИКИ
[18:16:50] Exren3588 (6c446cc9-8057-3d23-bf8e-87a39b8040c4): где
[18:16:54] saikonohack (61d3e846-cfe0-3e5b-b41b-772c1020819e): ТУТ
[18:16:56] Exren3588 (6c446cc9-8057-3d23-bf8e-87a39b8040c4): УРА
[18:16:58] Exren3588 (6c446cc9-8057-3d23-bf8e-87a39b8040c4): СУЧКА
[18:17:04] Exren3588 (6c446cc9-8057-3d23-bf8e-87a39b8040c4): лол
[18:17:29] Exren3588 (6c446cc9-8057-3d23-bf8e-87a39b8040c4): блять
[18:20:03] Exren3588 (6c446cc9-8057-3d23-bf8e-87a39b8040c4): лол, на животных с именеем тоже видно в каком они мире
[18:20:12] saikonohack (61d3e846-cfe0-3e5b-b41b-772c1020819e): ахахахах
[18:20:25] Exren3588 (6c446cc9-8057-3d23-bf8e-87a39b8040c4): кста
[18:20:52] Exren3588 (6c446cc9-8057-3d23-bf8e-87a39b8040c4): добавишь потом файн в вл? я с неё буду как игрок играть
[18:23:04] saikonohack (61d3e846-cfe0-3e5b-b41b-772c1020819e): незука и транжира
[18:23:29] saikonohack (61d3e846-cfe0-3e5b-b41b-772c1020819e): trigger ch_toggle
[18:24:05] saikonohack (61d3e846-cfe0-3e5b-b41b-772c1020819e): trigger ch_toggle
[18:25:09] Exren3588 (6c446cc9-8057-3d23-bf8e-87a39b8040c4): тут был мой акк но с палкой?..
[18:25:15] saikonohack (61d3e846-cfe0-3e5b-b41b-772c1020819e): lf
[18:25:16] saikonohack (61d3e846-cfe0-3e5b-b41b-772c1020819e): да
[18:25:25] Bradly378 (9ab93dfb-1454-3bb1-b47f-700f714534a9): да я ошибся как то как тебе опку давал
[18:26:01] saikonohack (61d3e846-cfe0-3e5b-b41b-772c1020819e): \u00D2
[18:26:17] saikonohack (61d3e846-cfe0-3e5b-b41b-772c1020819e): Ò
[18:26:19] saikonohack (61d3e846-cfe0-3e5b-b41b-772c1020819e): ÒÒÒÒÒ
[18:27:01] Exren3588 (6c446cc9-8057-3d23-bf8e-87a39b8040c4): ,kznm
[18:27:03] Exren3588 (6c446cc9-8057-3d23-bf8e-87a39b8040c4): сука
[18:27:42] Exren3588 (6c446cc9-8057-3d23-bf8e-87a39b8040c4): ...
[18:29:02] saikonohack (61d3e846-cfe0-3e5b-b41b-772c1020819e): смари чем я их покормлю
[18:29:16] Exren3588 (6c446cc9-8057-3d23-bf8e-87a39b8040c4): СУКА
[18:31:34] saikonohack (61d3e846-cfe0-3e5b-b41b-772c1020819e): погоди ты блять
[18:31:39] saikonohack (61d3e846-cfe0-3e5b-b41b-772c1020819e): я ща того воскреши
[18:35:26] saikonohack (61d3e846-cfe0-3e5b-b41b-772c1020819e): go ds
[19:01:36] Bradly378 (9ab93dfb-1454-3bb1-b47f-700f714534a9): отошёв
[19:19:19] Exren3588 (6c446cc9-8057-3d23-bf8e-87a39b8040c4): .
[19:21:33] Exren3588 (6c446cc9-8057-3d23-bf8e-87a39b8040c4): z lehf
[19:21:34] Bradly378 (9ab93dfb-1454-3bb1-b47f-700f714534a9): ладно
[19:21:35] Exren3588 (6c446cc9-8057-3d23-bf8e-87a39b8040c4): я дура
[19:45:58] Bradly378 (9ab93dfb-1454-3bb1-b47f-700f714534a9): easywl add
[20:02:07] Bradly378 (9ab93dfb-1454-3bb1-b47f-700f714534a9): trigger ch_toggle
[20:28:07] Exren3588 (6c446cc9-8057-3d23-bf8e-87a39b8040c4): фчто
[20:28:08] Exren3588 (6c446cc9-8057-3d23-bf8e-87a39b8040c4): то
[20:28:10] Exren3588 (6c446cc9-8057-3d23-bf8e-87a39b8040c4): что
[20:28:30] Exren3588 (6c446cc9-8057-3d23-bf8e-87a39b8040c4): родаки пришли пизда
[20:28:38] Exren3588 (6c446cc9-8057-3d23-bf8e-87a39b8040c4): что
[20:28:45] Exren3588 (6c446cc9-8057-3d23-bf8e-87a39b8040c4): ты ч
[20:28:59] Exren3588 (6c446cc9-8057-3d23-bf8e-87a39b8040c4): я не собразила
[20:30:16] Exren3588 (6c446cc9-8057-3d23-bf8e-87a39b8040c4): убили тебя?
[20:30:28] Exren3588 (6c446cc9-8057-3d23-bf8e-87a39b8040c4): АХАХ
[20:32:35] Exren3588 (6c446cc9-8057-3d23-bf8e-87a39b8040c4): как сделать такое
[20:33:05] Exren3588 (6c446cc9-8057-3d23-bf8e-87a39b8040c4): как сделать такое
[20:33:17] Exren3588 (6c446cc9-8057-3d23-bf8e-87a39b8040c4): да
[20:33:34] Exren3588 (6c446cc9-8057-3d23-bf8e-87a39b8040c4): какой знак
[20:33:37] Bradly378 (9ab93dfb-1454-3bb1-b47f-700f714534a9): §4хуй
[20:33:43] Bradly378 (9ab93dfb-1454-3bb1-b47f-700f714534a9): &
[20:33:47] Exren3588 (6c446cc9-8057-3d23-bf8e-87a39b8040c4): ну блятьдемку вруби
[20:34:32] Exren3588 (6c446cc9-8057-3d23-bf8e-87a39b8040c4): скиньссылку
[20:34:35] Bradly378 (9ab93dfb-1454-3bb1-b47f-700f714534a9): §2eofk[erogerogptr
[20:35:00] Exren3588 (6c446cc9-8057-3d23-bf8e-87a39b8040c4): красный это какойъ
[20:35:03] Exren3588 (6c446cc9-8057-3d23-bf8e-87a39b8040c4): ипо как в книге
[20:35:22] Exren3588 (6c446cc9-8057-3d23-bf8e-87a39b8040c4): ахуел
[20:35:23] Bradly378 (9ab93dfb-1454-3bb1-b47f-700f714534a9): &x§7§8§1§8§f§fК&x§8§9§1§b§e§4а&x§9§a§1§e§c§aт&x§a§b§2§1§a§fя &x§b§c§2§5§9§5ш&x§c§c§2§8§7§aл&x§d§d§2§b§5§fю&x§e§e§2§e§4§5х&x§f§f§3§1§2§aа
[20:35:30] Exren3588 (6c446cc9-8057-3d23-bf8e-87a39b8040c4): пидр
[20:36:27] Exren3588 (6c446cc9-8057-3d23-bf8e-87a39b8040c4): cltk
[20:36:41] Exren3588 (6c446cc9-8057-3d23-bf8e-87a39b8040c4): сделай тут текст полезные координаты красным
[20:37:32] Bradly378 (9ab93dfb-1454-3bb1-b47f-700f714534a9): в инете забей
[20:47:39] Exren3588 (6c446cc9-8057-3d23-bf8e-87a39b8040c4): поле негров
[20:48:30] Exren3588 (6c446cc9-8057-3d23-bf8e-87a39b8040c4): стоп
[20:48:36] Exren3588 (6c446cc9-8057-3d23-bf8e-87a39b8040c4): а что если кое че сдлеать
[20:48:37] Exren3588 (6c446cc9-8057-3d23-bf8e-87a39b8040c4): сек
[20:48:57] Exren3588 (6c446cc9-8057-3d23-bf8e-87a39b8040c4): не, хуйня
[20:49:08] Exren3588 (6c446cc9-8057-3d23-bf8e-87a39b8040c4): или стоп
[21:47:26] Exren3588 (6c446cc9-8057-3d23-bf8e-87a39b8040c4): а вы вообще думали что будет если прохер спалит сервак?
[21:50:32] Bradly378 (9ab93dfb-1454-3bb1-b47f-700f714534a9): да
[21:50:39] Bradly378 (9ab93dfb-1454-3bb1-b47f-700f714534a9): рано или похдно спалит
[21:50:46] Bradly378 (9ab93dfb-1454-3bb1-b47f-700f714534a9): но видимо уже спалил
[21:51:18] Bradly378 (9ab93dfb-1454-3bb1-b47f-700f714534a9): спустя 2 дня в тот момент как мы делали этот сервер прям на том же хосте где и тот
[21:51:20] Bradly378 (9ab93dfb-1454-3bb1-b47f-700f714534a9): XD
