[06:32:58] POPYG1 (b1554f7b-1d22-3d47-bef9-78777d7a166a): привет
[06:33:03] POPYG1 (b1554f7b-1d22-3d47-bef9-78777d7a166a): привет
[06:33:10] GOLDENDUSST (a0ee3527-abbd-3f28-bd2e-ff7c77b23497): Прив
[07:50:04] GOLDENDUSST (a0ee3527-abbd-3f28-bd2e-ff7c77b23497): Ухади
[07:50:08] GOLDENDUSST (a0ee3527-abbd-3f28-bd2e-ff7c77b23497): Ухади
[07:50:11] GOLDENDUSST (a0ee3527-abbd-3f28-bd2e-ff7c77b23497): Ухади
[07:50:12] GOLDENDUSST (a0ee3527-abbd-3f28-bd2e-ff7c77b23497): Ухади
[07:50:12] GOLDENDUSST (a0ee3527-abbd-3f28-bd2e-ff7c77b23497): Ухади
[07:50:13] GOLDENDUSST (a0ee3527-abbd-3f28-bd2e-ff7c77b23497): Ухади
[07:50:13] GOLDENDUSST (a0ee3527-abbd-3f28-bd2e-ff7c77b23497): Ухади
[07:50:14] GOLDENDUSST (a0ee3527-abbd-3f28-bd2e-ff7c77b23497): Ухади
[07:50:14] GOLDENDUSST (a0ee3527-abbd-3f28-bd2e-ff7c77b23497): Ухади
[07:50:16] GOLDENDUSST (a0ee3527-abbd-3f28-bd2e-ff7c77b23497): Ухади
[07:50:19] ItsFartunaRu (87aa0b4c-629f-3cae-a9c4-787ca2fa3e21): ливни мусор
[07:54:25] ItsFartunaRu (87aa0b4c-629f-3cae-a9c4-787ca2fa3e21): ливни мусор
[08:17:38] ItsFartunaRu (87aa0b4c-629f-3cae-a9c4-787ca2fa3e21): иди сюда на пвп
[08:39:32] ItsFartunaRu (87aa0b4c-629f-3cae-a9c4-787ca2fa3e21): дядь хочешь пососать погнали пвп
[08:39:45] GOLDENDUSST (a0ee3527-abbd-3f28-bd2e-ff7c77b23497): Бля я думал я один на серве
[08:39:50] ItsFartunaRu (87aa0b4c-629f-3cae-a9c4-787ca2fa3e21): я тож
[08:41:20] ItsFartunaRu (87aa0b4c-629f-3cae-a9c4-787ca2fa3e21): приходи на базес
[08:42:40] GOLDENDUSST (a0ee3527-abbd-3f28-bd2e-ff7c77b23497): Я короч фанфик написал
[08:42:45] ItsFartunaRu (87aa0b4c-629f-3cae-a9c4-787ca2fa3e21): да мне похуй
[08:42:49] ItsFartunaRu (87aa0b4c-629f-3cae-a9c4-787ca2fa3e21): погнали пэвэпэ
[08:42:54] GOLDENDUSST (a0ee3527-abbd-3f28-bd2e-ff7c77b23497): Про ДаркЛайт и Эксрен
[08:42:58] GOLDENDUSST (a0ee3527-abbd-3f28-bd2e-ff7c77b23497): Нет
[08:43:02] ItsFartunaRu (87aa0b4c-629f-3cae-a9c4-787ca2fa3e21): да
[08:43:28] ItsFartunaRu (87aa0b4c-629f-3cae-a9c4-787ca2fa3e21): жди я к тебе лечу
[08:43:43] GOLDENDUSST (a0ee3527-abbd-3f28-bd2e-ff7c77b23497): Я в пустыне
[08:43:49] ItsFartunaRu (87aa0b4c-629f-3cae-a9c4-787ca2fa3e21): ладно
[08:43:53] ItsFartunaRu (87aa0b4c-629f-3cae-a9c4-787ca2fa3e21): лети на спавн
[08:46:35] ItsFartunaRu (87aa0b4c-629f-3cae-a9c4-787ca2fa3e21): говори корды
[08:47:05] ItsFartunaRu (87aa0b4c-629f-3cae-a9c4-787ca2fa3e21): ку
[08:50:13] POPYG1 (b1554f7b-1d22-3d47-bef9-78777d7a166a): снова всем привет
[08:54:05] GOLDENDUSST (a0ee3527-abbd-3f28-bd2e-ff7c77b23497): Ты мне?
[08:54:18] ItsFartunaRu (87aa0b4c-629f-3cae-a9c4-787ca2fa3e21): че
[08:55:00] GOLDENDUSST (a0ee3527-abbd-3f28-bd2e-ff7c77b23497): Давай дружить итсфартунару
[08:55:16] POPYG1 (b1554f7b-1d22-3d47-bef9-78777d7a166a): я тоже хочу дружить :3
[08:56:15] GOLDENDUSST (a0ee3527-abbd-3f28-bd2e-ff7c77b23497): Бля почему никто не покупает тотемы
[08:56:25] GOLDENDUSST (a0ee3527-abbd-3f28-bd2e-ff7c77b23497): Возможно потому что онлайна нету
[08:58:20] POPYG1 (b1554f7b-1d22-3d47-bef9-78777d7a166a): аа у меня пол сердечка
[08:58:29] POPYG1 (b1554f7b-1d22-3d47-bef9-78777d7a166a): а я у поборников в башне
[08:58:42] ItsFartunaRu (87aa0b4c-629f-3cae-a9c4-787ca2fa3e21): еблан на голде говори свои корды
[08:59:28] GOLDENDUSST (a0ee3527-abbd-3f28-bd2e-ff7c77b23497): Спавн
[08:59:33] ItsFartunaRu (87aa0b4c-629f-3cae-a9c4-787ca2fa3e21): далеко
[08:59:45] ItsFartunaRu (87aa0b4c-629f-3cae-a9c4-787ca2fa3e21): не ухади пжпжпж куплю тотемы
[09:00:07] ItsFartunaRu (87aa0b4c-629f-3cae-a9c4-787ca2fa3e21): и фейрверки продай
[09:00:25] GOLDENDUSST (a0ee3527-abbd-3f28-bd2e-ff7c77b23497): Я могу только хуй в тебя засунуть
[09:00:34] ItsFartunaRu (87aa0b4c-629f-3cae-a9c4-787ca2fa3e21): готовь свою жопу
[09:00:42] POPYG1 (b1554f7b-1d22-3d47-bef9-78777d7a166a): я бы купил за такую цену, но я только зашел можно так сказать
[09:00:42] ItsFartunaRu (87aa0b4c-629f-3cae-a9c4-787ca2fa3e21): щас произайдёт заселение
[09:02:18] ItsFartunaRu (87aa0b4c-629f-3cae-a9c4-787ca2fa3e21): продавай
[09:02:41] ItsFartunaRu (87aa0b4c-629f-3cae-a9c4-787ca2fa3e21): продавай
[09:03:02] ItsFartunaRu (87aa0b4c-629f-3cae-a9c4-787ca2fa3e21): быра
[09:03:54] ItsFartunaRu (87aa0b4c-629f-3cae-a9c4-787ca2fa3e21): че
[09:04:01] ItsFartunaRu (87aa0b4c-629f-3cae-a9c4-787ca2fa3e21): пджди
[09:04:04] ItsFartunaRu (87aa0b4c-629f-3cae-a9c4-787ca2fa3e21): это как
[09:05:03] ItsFartunaRu (87aa0b4c-629f-3cae-a9c4-787ca2fa3e21): да блять ка
[09:05:14] ItsFartunaRu (87aa0b4c-629f-3cae-a9c4-787ca2fa3e21): плати
[09:05:50] GOLDENDUSST (a0ee3527-abbd-3f28-bd2e-ff7c77b23497): Чек бронь
[09:05:59] ItsFartunaRu (87aa0b4c-629f-3cae-a9c4-787ca2fa3e21): норм всё
[09:06:10] GOLDENDUSST (a0ee3527-abbd-3f28-bd2e-ff7c77b23497): Блять а должно разъебать
[09:06:25] ItsFartunaRu (87aa0b4c-629f-3cae-a9c4-787ca2fa3e21): блять че за технологии
[09:06:27] ItsFartunaRu (87aa0b4c-629f-3cae-a9c4-787ca2fa3e21): продай дядь
[09:06:51] ItsFartunaRu (87aa0b4c-629f-3cae-a9c4-787ca2fa3e21): продай дядь
[09:06:52] GOLDENDUSST (a0ee3527-abbd-3f28-bd2e-ff7c77b23497): ч5 прдать
[09:06:56] ItsFartunaRu (87aa0b4c-629f-3cae-a9c4-787ca2fa3e21): технологии
[09:06:59] ItsFartunaRu (87aa0b4c-629f-3cae-a9c4-787ca2fa3e21): на снос тотема
[09:07:11] GOLDENDUSST (a0ee3527-abbd-3f28-bd2e-ff7c77b23497): Нет
[09:07:14] ItsFartunaRu (87aa0b4c-629f-3cae-a9c4-787ca2fa3e21): да
[09:07:34] ItsFartunaRu (87aa0b4c-629f-3cae-a9c4-787ca2fa3e21): лять я кажись понял
[09:07:56] GOLDENDUSST (a0ee3527-abbd-3f28-bd2e-ff7c77b23497): У меня ещё яйцо спавна пчёл есть я могу спавнер их сделать
[09:08:37] ItsFartunaRu (87aa0b4c-629f-3cae-a9c4-787ca2fa3e21): че
[09:09:16] ItsFartunaRu (87aa0b4c-629f-3cae-a9c4-787ca2fa3e21): я всё украл спс
[09:09:31] GOLDENDUSST (a0ee3527-abbd-3f28-bd2e-ff7c77b23497): че продать
[09:09:35] GOLDENDUSST (a0ee3527-abbd-3f28-bd2e-ff7c77b23497): фейрверки?
[09:09:59] ItsFartunaRu (87aa0b4c-629f-3cae-a9c4-787ca2fa3e21): да
[09:10:02] ItsFartunaRu (87aa0b4c-629f-3cae-a9c4-787ca2fa3e21): и технологии
[09:10:31] GOLDENDUSST (a0ee3527-abbd-3f28-bd2e-ff7c77b23497): 2 стака фейрверков за мефедрон 10 грамм
[09:10:48] GOLDENDUSST (a0ee3527-abbd-3f28-bd2e-ff7c77b23497): в реал лайф
[09:11:06] ItsFartunaRu (87aa0b4c-629f-3cae-a9c4-787ca2fa3e21): ок
[09:11:46] GOLDENDUSST (a0ee3527-abbd-3f28-bd2e-ff7c77b23497): Тампон сексрен
[09:11:52] GOLDENDUSST (a0ee3527-abbd-3f28-bd2e-ff7c77b23497): тампоны сексрен
[09:14:57] ItsFartunaRu (87aa0b4c-629f-3cae-a9c4-787ca2fa3e21): продавай технологии
[09:15:10] GOLDENDUSST (a0ee3527-abbd-3f28-bd2e-ff7c77b23497): нет
[09:15:31] GOLDENDUSST (a0ee3527-abbd-3f28-bd2e-ff7c77b23497): могу ещё раз уебать ими тотемчик
[09:15:47] ItsFartunaRu (87aa0b4c-629f-3cae-a9c4-787ca2fa3e21): стоп
[09:15:56] ItsFartunaRu (87aa0b4c-629f-3cae-a9c4-787ca2fa3e21): это момент вреда 2 да
[09:16:02] GOLDENDUSST (a0ee3527-abbd-3f28-bd2e-ff7c77b23497): че по броне
[09:16:09] ItsFartunaRu (87aa0b4c-629f-3cae-a9c4-787ca2fa3e21): норм вс1
[09:16:10] GOLDENDUSST (a0ee3527-abbd-3f28-bd2e-ff7c77b23497): какой момент
[09:16:24] ItsFartunaRu (87aa0b4c-629f-3cae-a9c4-787ca2fa3e21): моментальный урон 2
[09:16:27] ItsFartunaRu (87aa0b4c-629f-3cae-a9c4-787ca2fa3e21): стрела
[09:16:29] GOLDENDUSST (a0ee3527-abbd-3f28-bd2e-ff7c77b23497): нет
[09:16:33] ItsFartunaRu (87aa0b4c-629f-3cae-a9c4-787ca2fa3e21): и сила
[09:16:36] GOLDENDUSST (a0ee3527-abbd-3f28-bd2e-ff7c77b23497): это сила 25
[09:16:36] ItsFartunaRu (87aa0b4c-629f-3cae-a9c4-787ca2fa3e21): зелькой
[09:16:42] ItsFartunaRu (87aa0b4c-629f-3cae-a9c4-787ca2fa3e21): не пезди
[09:16:54] GOLDENDUSST (a0ee3527-abbd-3f28-bd2e-ff7c77b23497): скрин
[09:16:58] ItsFartunaRu (87aa0b4c-629f-3cae-a9c4-787ca2fa3e21): давай
[09:16:59] GOLDENDUSST (a0ee3527-abbd-3f28-bd2e-ff7c77b23497): могу сделать
[09:17:10] GOLDENDUSST (a0ee3527-abbd-3f28-bd2e-ff7c77b23497): немогу я пиздабол
[09:17:43] ItsFartunaRu (87aa0b4c-629f-3cae-a9c4-787ca2fa3e21): бб уебан
[09:17:46] ItsFartunaRu (87aa0b4c-629f-3cae-a9c4-787ca2fa3e21): ты нищ
[09:18:08] GOLDENDUSST (a0ee3527-abbd-3f28-bd2e-ff7c77b23497): так тебе нужны тампоны
[09:18:14] GOLDENDUSST (a0ee3527-abbd-3f28-bd2e-ff7c77b23497): Еблан а тампоны
[09:18:22] ItsFartunaRu (87aa0b4c-629f-3cae-a9c4-787ca2fa3e21): бля забыл
[09:18:22] GOLDENDUSST (a0ee3527-abbd-3f28-bd2e-ff7c77b23497): Ты забыл тампоны сексрен
[09:18:25] ItsFartunaRu (87aa0b4c-629f-3cae-a9c4-787ca2fa3e21): бля забыл
[09:18:36] ItsFartunaRu (87aa0b4c-629f-3cae-a9c4-787ca2fa3e21): где
[09:18:43] ItsFartunaRu (87aa0b4c-629f-3cae-a9c4-787ca2fa3e21): 3
[09:18:55] GOLDENDUSST (a0ee3527-abbd-3f28-bd2e-ff7c77b23497): 2 стака
[09:18:57] ItsFartunaRu (87aa0b4c-629f-3cae-a9c4-787ca2fa3e21): 3
[09:19:30] ItsFartunaRu (87aa0b4c-629f-3cae-a9c4-787ca2fa3e21): а где тут
[09:22:06] ItsFartunaRu (87aa0b4c-629f-3cae-a9c4-787ca2fa3e21): воу не лутанный бастик
[09:24:07] GOLDENDUSST (a0ee3527-abbd-3f28-bd2e-ff7c77b23497): Продат мёд?
[09:24:22] GOLDENDUSST (a0ee3527-abbd-3f28-bd2e-ff7c77b23497): Стак блоков
[09:24:29] ItsFartunaRu (87aa0b4c-629f-3cae-a9c4-787ca2fa3e21): иди нахуй кароч
[09:24:49] GOLDENDUSST (a0ee3527-abbd-3f28-bd2e-ff7c77b23497): Кактусы?
[09:24:54] GOLDENDUSST (a0ee3527-abbd-3f28-bd2e-ff7c77b23497): Сиськи?
[10:31:06] POPYG1 (b1554f7b-1d22-3d47-bef9-78777d7a166a): привет
[10:31:09] GOLDENDUSST (a0ee3527-abbd-3f28-bd2e-ff7c77b23497): че
[10:31:14] POPYG1 (b1554f7b-1d22-3d47-bef9-78777d7a166a): просто
[10:31:21] GOLDENDUSST (a0ee3527-abbd-3f28-bd2e-ff7c77b23497): как ты здесь
[10:31:24] GOLDENDUSST (a0ee3527-abbd-3f28-bd2e-ff7c77b23497): оказался
[10:31:26] POPYG1 (b1554f7b-1d22-3d47-bef9-78777d7a166a): хз
[10:31:29] POPYG1 (b1554f7b-1d22-3d47-bef9-78777d7a166a): плыл
[10:31:33] POPYG1 (b1554f7b-1d22-3d47-bef9-78777d7a166a): на лодке
[10:32:39] POPYG1 (b1554f7b-1d22-3d47-bef9-78777d7a166a): спасибо
[10:33:21] POPYG1 (b1554f7b-1d22-3d47-bef9-78777d7a166a): ладно я пошел место для дома искать
[10:33:28] GOLDENDUSST (a0ee3527-abbd-3f28-bd2e-ff7c77b23497): ок
[11:03:24] RunishYT (deb2ebb7-8562-3728-8ba8-ec800da9360c): ты мои тотемы купил?
[11:03:26] POPYG1 (b1554f7b-1d22-3d47-bef9-78777d7a166a): мда
[11:03:34] POPYG1 (b1554f7b-1d22-3d47-bef9-78777d7a166a): нет
[11:03:39] POPYG1 (b1554f7b-1d22-3d47-bef9-78777d7a166a): мне 1 тотем голд дал
[11:03:46] POPYG1 (b1554f7b-1d22-3d47-bef9-78777d7a166a): мне 1 тотем голд дал
[12:22:28] ItsFartunaRu (87aa0b4c-629f-3cae-a9c4-787ca2fa3e21): дуст у тебя еесть нарост?
[12:22:35] GOLDENDUSST (a0ee3527-abbd-3f28-bd2e-ff7c77b23497): Да
[12:22:40] ItsFartunaRu (87aa0b4c-629f-3cae-a9c4-787ca2fa3e21): биля
[12:26:32] ItsFartunaRu (87aa0b4c-629f-3cae-a9c4-787ca2fa3e21): уебаны
[12:26:48] ItsFartunaRu (87aa0b4c-629f-3cae-a9c4-787ca2fa3e21): о теперь я могу ходить в ваш портал энд
[12:26:57] ItsFartunaRu (87aa0b4c-629f-3cae-a9c4-787ca2fa3e21): о теперь я могу ходить в ваш портал энд
[12:27:09] GOLDENDUSST (a0ee3527-abbd-3f28-bd2e-ff7c77b23497): Я тебе ебало разобью
[12:27:13] RunishYT (deb2ebb7-8562-3728-8ba8-ec800da9360c): лично тебе я хапрещаю
[12:27:19] RunishYT (deb2ebb7-8562-3728-8ba8-ec800da9360c): и я тоже тебе в попу дам
[12:27:21] RunishYT (deb2ebb7-8562-3728-8ba8-ec800da9360c): свою
[12:28:17] ItsFartunaRu (87aa0b4c-629f-3cae-a9c4-787ca2fa3e21): всё зашёл
[12:28:26] RunishYT (deb2ebb7-8562-3728-8ba8-ec800da9360c): сюда подошел
[12:28:51] RunishYT (deb2ebb7-8562-3728-8ba8-ec800da9360c): тебе не жить шалава
[12:28:55] RunishYT (deb2ebb7-8562-3728-8ba8-ec800da9360c): готовь очече
[12:28:57] ItsFartunaRu (87aa0b4c-629f-3cae-a9c4-787ca2fa3e21): приходи
[12:29:28] RunishYT (deb2ebb7-8562-3728-8ba8-ec800da9360c): сейчас будет наполение твоей цистерны свежим молоком
[12:31:28] RunishYT (deb2ebb7-8562-3728-8ba8-ec800da9360c): иди в энд
[12:31:31] RunishYT (deb2ebb7-8562-3728-8ba8-ec800da9360c): пиздаблол
[12:31:34] GOLDENDUSST (a0ee3527-abbd-3f28-bd2e-ff7c77b23497): Ты где укбан
[12:32:21] ItsFartunaRu (87aa0b4c-629f-3cae-a9c4-787ca2fa3e21): нахуя
[12:33:17] GOLDENDUSST (a0ee3527-abbd-3f28-bd2e-ff7c77b23497): Как сестт на игрока
[14:12:07] AviKgolD1 (fe9f4036-69b5-38be-a9c3-1d860d8c4398): привет
[14:12:15] RunishYT (deb2ebb7-8562-3728-8ba8-ec800da9360c): ахуел
[14:12:24] RunishYT (deb2ebb7-8562-3728-8ba8-ec800da9360c): а со мной не поприветствовался
[14:12:32] GOLDENDUSST (a0ee3527-abbd-3f28-bd2e-ff7c77b23497): Прив
[14:12:33] AviKgolD1 (fe9f4036-69b5-38be-a9c3-1d860d8c4398): извини я не видел
[14:12:37] GOLDENDUSST (a0ee3527-abbd-3f28-bd2e-ff7c77b23497): Руниш иди нахуй
[14:12:43] GOLDENDUSST (a0ee3527-abbd-3f28-bd2e-ff7c77b23497): Ты никому не нужен
[14:12:45] AviKgolD1 (fe9f4036-69b5-38be-a9c3-1d860d8c4398): кино смотрю
[14:12:46] GOLDENDUSST (a0ee3527-abbd-3f28-bd2e-ff7c77b23497): Уебан
[14:12:48] RunishYT (deb2ebb7-8562-3728-8ba8-ec800da9360c): ашалел
[14:13:00] GOLDENDUSST (a0ee3527-abbd-3f28-bd2e-ff7c77b23497): Ливни в реал лайв
[15:25:10] AviKgolD1 (fe9f4036-69b5-38be-a9c3-1d860d8c4398): нужна карта к особнику?
[15:25:56] AviKgolD1 (fe9f4036-69b5-38be-a9c3-1d860d8c4398): бесплатно отдам
[15:45:44] RunishYT (deb2ebb7-8562-3728-8ba8-ec800da9360c): Жители сервера
[15:45:49] RunishYT (deb2ebb7-8562-3728-8ba8-ec800da9360c): я обращаюсь к вам
[15:45:56] RunishYT (deb2ebb7-8562-3728-8ba8-ec800da9360c): при помощи силы плагина
[15:46:12] RunishYT (deb2ebb7-8562-3728-8ba8-ec800da9360c): Мне в кое то веки понадобилась ваша помощь
[15:46:17] RunishYT (deb2ebb7-8562-3728-8ba8-ec800da9360c): 8
[15:46:25] RunishYT (deb2ebb7-8562-3728-8ba8-ec800da9360c): 8 ракушек наутилуса
[15:46:36] RunishYT (deb2ebb7-8562-3728-8ba8-ec800da9360c): Вот что мне нужно
[15:46:48] RunishYT (deb2ebb7-8562-3728-8ba8-ec800da9360c): принесите мне их
[15:46:57] AviKgolD1 (fe9f4036-69b5-38be-a9c3-1d860d8c4398): потом если будет торговец
[15:46:58] RunishYT (deb2ebb7-8562-3728-8ba8-ec800da9360c): и я подарю вам все что не жалко
[15:47:33] AviKgolD1 (fe9f4036-69b5-38be-a9c3-1d860d8c4398): удочки у меня все равно нет
[15:47:48] AviKgolD1 (fe9f4036-69b5-38be-a9c3-1d860d8c4398): а чары у жителей я не торгавал на удочках
[15:52:08] RunishYT (deb2ebb7-8562-3728-8ba8-ec800da9360c): меня грифанули
[15:52:20] AviKgolD1 (fe9f4036-69b5-38be-a9c3-1d860d8c4398): всм?
[16:00:07] AviKgolD1 (fe9f4036-69b5-38be-a9c3-1d860d8c4398): есть удача на удочку?
[16:00:29] RunishYT (deb2ebb7-8562-3728-8ba8-ec800da9360c): нет
[16:01:11] AviKgolD1 (fe9f4036-69b5-38be-a9c3-1d860d8c4398): жаль только неё не хватает
[16:10:58] GOLDENDUSST (a0ee3527-abbd-3f28-bd2e-ff7c77b23497): Авикголд ты где живёшь
[16:11:00] GOLDENDUSST (a0ee3527-abbd-3f28-bd2e-ff7c77b23497): ?
[16:11:13] AviKgolD1 (fe9f4036-69b5-38be-a9c3-1d860d8c4398): можно просто авик
[16:11:21] AviKgolD1 (fe9f4036-69b5-38be-a9c3-1d860d8c4398): точно корды не помню
[16:11:22] RunishYT (deb2ebb7-8562-3728-8ba8-ec800da9360c): авик дай
[16:11:22] GOLDENDUSST (a0ee3527-abbd-3f28-bd2e-ff7c77b23497): Было бы славно давай
[16:11:40] GOLDENDUSST (a0ee3527-abbd-3f28-bd2e-ff7c77b23497): Кинь дроп
[16:12:02] GOLDENDUSST (a0ee3527-abbd-3f28-bd2e-ff7c77b23497): Приблизительно
[16:12:17] AviKgolD1 (fe9f4036-69b5-38be-a9c3-1d860d8c4398): сейчас на спавн иду
[16:12:44] AviKgolD1 (fe9f4036-69b5-38be-a9c3-1d860d8c4398): если надо могу дойти обратно
[16:13:00] GOLDENDUSST (a0ee3527-abbd-3f28-bd2e-ff7c77b23497): Мне нужны коорды твоего дома
[16:13:14] GOLDENDUSST (a0ee3527-abbd-3f28-bd2e-ff7c77b23497): Просто недалеко от тебя есть мохнатые пещеры
[16:13:22] AviKgolD1 (fe9f4036-69b5-38be-a9c3-1d860d8c4398): ок пойду обратно
[16:14:27] AviKgolD1 (fe9f4036-69b5-38be-a9c3-1d860d8c4398): 300 на 228 в аду на крыше
[16:14:36] GOLDENDUSST (a0ee3527-abbd-3f28-bd2e-ff7c77b23497): Куплю 4 аксолотлей белый желтый коричневый и розовый
[16:15:00] AviKgolD1 (fe9f4036-69b5-38be-a9c3-1d860d8c4398): это не то место)
[16:15:09] AviKgolD1 (fe9f4036-69b5-38be-a9c3-1d860d8c4398): я переехал не много
[16:17:32] AviKgolD1 (fe9f4036-69b5-38be-a9c3-1d860d8c4398): все зависит от цены так как если она маленькая мне бессмысленно бежать на прошлый дом
[16:17:45] GOLDENDUSST (a0ee3527-abbd-3f28-bd2e-ff7c77b23497): Я сам дойду
[16:17:52] AviKgolD1 (fe9f4036-69b5-38be-a9c3-1d860d8c4398): ок
[16:21:03] AviKgolD1 (fe9f4036-69b5-38be-a9c3-1d860d8c4398): у меня только желтый есть
[16:57:14] POPYG1 (b1554f7b-1d22-3d47-bef9-78777d7a166a): го скип ночь
[17:19:18] AviKgolD1 (fe9f4036-69b5-38be-a9c3-1d860d8c4398): привет
[17:19:33] POPYG1 (b1554f7b-1d22-3d47-bef9-78777d7a166a): привет
[17:24:30] POPYG1 (b1554f7b-1d22-3d47-bef9-78777d7a166a): у тебя есть шалкеры?
[17:27:28] AviKgolD1 (fe9f4036-69b5-38be-a9c3-1d860d8c4398): я пока афк, шалкеров нет
[17:27:35] POPYG1 (b1554f7b-1d22-3d47-bef9-78777d7a166a): ок
[17:27:43] AviKgolD1 (fe9f4036-69b5-38be-a9c3-1d860d8c4398): точнее есть но продать не могу
[17:27:57] POPYG1 (b1554f7b-1d22-3d47-bef9-78777d7a166a): ну ладно
[18:04:23] LightNight010 (b404b429-ad5e-3cdf-9b17-af0796003c67): Привет
[18:04:27] LightNight010 (b404b429-ad5e-3cdf-9b17-af0796003c67): Привет
[18:07:24] LightNight010 (b404b429-ad5e-3cdf-9b17-af0796003c67): прив
[18:07:24] RunishYT (deb2ebb7-8562-3728-8ba8-ec800da9360c): нет
[18:07:27] RunishYT (deb2ebb7-8562-3728-8ba8-ec800da9360c): прив
[18:07:30] RunishYT (deb2ebb7-8562-3728-8ba8-ec800da9360c): нет
[18:07:31] LightNight010 (b404b429-ad5e-3cdf-9b17-af0796003c67): что нет
[18:07:47] LightNight010 (b404b429-ad5e-3cdf-9b17-af0796003c67): что нет
[18:07:54] RunishYT (deb2ebb7-8562-3728-8ba8-ec800da9360c): да
[18:08:01] LightNight010 (b404b429-ad5e-3cdf-9b17-af0796003c67): что
[18:08:08] RunishYT (deb2ebb7-8562-3728-8ba8-ec800da9360c): ниче
[18:08:15] RunishYT (deb2ebb7-8562-3728-8ba8-ec800da9360c): ухады
[18:08:20] LightNight010 (b404b429-ad5e-3cdf-9b17-af0796003c67): ачё
[18:08:29] RunishYT (deb2ebb7-8562-3728-8ba8-ec800da9360c): база в состояний говна
[18:08:33] LightNight010 (b404b429-ad5e-3cdf-9b17-af0796003c67): и чё
[18:08:41] LightNight010 (b404b429-ad5e-3cdf-9b17-af0796003c67): я просто посмотрю
[18:10:09] LightNight010 (b404b429-ad5e-3cdf-9b17-af0796003c67): дай что нибудь плз
[18:10:14] LightNight010 (b404b429-ad5e-3cdf-9b17-af0796003c67): хоть бы едфы
[18:10:17] LightNight010 (b404b429-ad5e-3cdf-9b17-af0796003c67): хоть бы еды
[18:10:21] RunishYT (deb2ebb7-8562-3728-8ba8-ec800da9360c): ок
[18:10:28] RunishYT (deb2ebb7-8562-3728-8ba8-ec800da9360c): ты где?
[18:10:29] LightNight010 (b404b429-ad5e-3cdf-9b17-af0796003c67): я у спавнп
[18:10:31] LightNight010 (b404b429-ad5e-3cdf-9b17-af0796003c67): я у спавнп
[18:10:38] LightNight010 (b404b429-ad5e-3cdf-9b17-af0796003c67): в аду
[18:11:34] LightNight010 (b404b429-ad5e-3cdf-9b17-af0796003c67): спасибо
[18:12:25] LightNight010 (b404b429-ad5e-3cdf-9b17-af0796003c67): скоро вернусь
[18:12:28] LightNight010 (b404b429-ad5e-3cdf-9b17-af0796003c67): скоро вернусь
