[14:44:35] GOLDENDUSST (a0ee3527-abbd-3f28-bd2e-ff7c77b23497): Привет
[14:45:25] GOLDENDUSST (a0ee3527-abbd-3f28-bd2e-ff7c77b23497): Привет ты играл на каунтрисмайн?
[14:45:33] F2L1XON (bbb865e4-f2dc-34f7-992c-bde8c9dddabd): ку
[14:45:34] GOLDENDUSST (a0ee3527-abbd-3f28-bd2e-ff7c77b23497): Или визер smp?
[14:45:38] F2L1XON (bbb865e4-f2dc-34f7-992c-bde8c9dddabd): визерСМП
[14:45:46] GOLDENDUSST (a0ee3527-abbd-3f28-bd2e-ff7c77b23497): Пон
[14:45:57] F2L1XON (bbb865e4-f2dc-34f7-992c-bde8c9dddabd): кто приютит
[14:46:15] RunishYT (deb2ebb7-8562-3728-8ba8-ec800da9360c): педофил
[14:46:19] GOLDENDUSST (a0ee3527-abbd-3f28-bd2e-ff7c77b23497): Ты мне вроде шалкера продавал и пластинки у меня покупал
[14:46:32] F2L1XON (bbb865e4-f2dc-34f7-992c-bde8c9dddabd): да это так
[14:46:59] F2L1XON (bbb865e4-f2dc-34f7-992c-bde8c9dddabd): но плостинки не помню
[14:47:04] F2L1XON (bbb865e4-f2dc-34f7-992c-bde8c9dddabd): пластинки*
[14:47:35] F2L1XON (bbb865e4-f2dc-34f7-992c-bde8c9dddabd): ухх магадан родной
[14:48:00] GOLDENDUSST (a0ee3527-abbd-3f28-bd2e-ff7c77b23497): Че думаешь мой слейв хочешь братика?
[14:48:10] RunishYT (deb2ebb7-8562-3728-8ba8-ec800da9360c): ноу
[14:48:23] F2L1XON (bbb865e4-f2dc-34f7-992c-bde8c9dddabd): голден, приюти плз на пару дней, развеюсь - заплачу
[14:48:27] GOLDENDUSST (a0ee3527-abbd-3f28-bd2e-ff7c77b23497): Ты чего это же ври секс
[14:48:39] RunishYT (deb2ebb7-8562-3728-8ba8-ec800da9360c): но у меня есть ты
[14:48:50] GOLDENDUSST (a0ee3527-abbd-3f28-bd2e-ff7c77b23497): Мб дать тебе ресов?
[14:49:01] F2L1XON (bbb865e4-f2dc-34f7-992c-bde8c9dddabd): ну пог я не против
[14:49:07] F2L1XON (bbb865e4-f2dc-34f7-992c-bde8c9dddabd): мне бы хотя бы 10 обсы
[14:49:29] F2L1XON (bbb865e4-f2dc-34f7-992c-bde8c9dddabd): и зажигалку
[14:50:32] GOLDENDUSST (a0ee3527-abbd-3f28-bd2e-ff7c77b23497): Ок жди на спавне через 10 мин прийду
[14:52:15] F2L1XON (bbb865e4-f2dc-34f7-992c-bde8c9dddabd): ой
[14:52:20] F2L1XON (bbb865e4-f2dc-34f7-992c-bde8c9dddabd): я в аду застрял
[14:52:28] F2L1XON (bbb865e4-f2dc-34f7-992c-bde8c9dddabd): тут крипер был он портал взорвал
[14:52:44] GOLDENDUSST (a0ee3527-abbd-3f28-bd2e-ff7c77b23497): Ловушка сюрприз
[14:52:49] GOLDENDUSST (a0ee3527-abbd-3f28-bd2e-ff7c77b23497): Кстати блять
[14:53:13] GOLDENDUSST (a0ee3527-abbd-3f28-bd2e-ff7c77b23497): Сегодня нахуй вижу дверь домофона открыта открываю а причиной открытой двери был камень
[14:53:22] GOLDENDUSST (a0ee3527-abbd-3f28-bd2e-ff7c77b23497): Который мне на ебло упал
[14:53:36] RunishYT (deb2ebb7-8562-3728-8ba8-ec800da9360c): камень из моих почек
[14:53:41] GOLDENDUSST (a0ee3527-abbd-3f28-bd2e-ff7c77b23497): Сука эти уебаны без ключей которые держат открытым домофон
[14:53:53] GOLDENDUSST (a0ee3527-abbd-3f28-bd2e-ff7c77b23497): Ебланы бомжи дауны пидары
[14:54:06] RunishYT (deb2ebb7-8562-3728-8ba8-ec800da9360c): не токси чел
[14:54:09] F2L1XON (bbb865e4-f2dc-34f7-992c-bde8c9dddabd): ты скоро?
[14:54:26] RunishYT (deb2ebb7-8562-3728-8ba8-ec800da9360c): скоро
[14:54:35] GOLDENDUSST (a0ee3527-abbd-3f28-bd2e-ff7c77b23497): Знаешь меня фартук вызвал на бой
[14:54:46] GOLDENDUSST (a0ee3527-abbd-3f28-bd2e-ff7c77b23497): И я всё время говрил да уже близко
[14:54:55] GOLDENDUSST (a0ee3527-abbd-3f28-bd2e-ff7c77b23497): Короч через 3 чкса пришёл
[14:55:02] F2L1XON (bbb865e4-f2dc-34f7-992c-bde8c9dddabd): понял я намеки
[14:56:04] F2L1XON (bbb865e4-f2dc-34f7-992c-bde8c9dddabd): я помелюсь у спавна
[14:56:12] F2L1XON (bbb865e4-f2dc-34f7-992c-bde8c9dddabd): поселюсь*
[14:56:14] GOLDENDUSST (a0ee3527-abbd-3f28-bd2e-ff7c77b23497): Молись
[14:56:49] RunishYT (deb2ebb7-8562-3728-8ba8-ec800da9360c): около спавна живет банда дорожников России
[14:57:13] RunishYT (deb2ebb7-8562-3728-8ba8-ec800da9360c): их босс Си Во
[14:57:15] F2L1XON (bbb865e4-f2dc-34f7-992c-bde8c9dddabd): почему я в 23 чанка играю а чанков по виду 8
[14:57:21] RunishYT (deb2ebb7-8562-3728-8ba8-ec800da9360c): Их босс Си Во
[14:57:27] GOLDENDUSST (a0ee3527-abbd-3f28-bd2e-ff7c77b23497): Ограничения
[14:57:29] RunishYT (deb2ebb7-8562-3728-8ba8-ec800da9360c): они крышуют весь Кишкек
[15:09:22] F2L1XON (bbb865e4-f2dc-34f7-992c-bde8c9dddabd): тут же шахти есть?
[15:09:39] RunishYT (deb2ebb7-8562-3728-8ba8-ec800da9360c): нет только очко бредли
[15:10:06] F2L1XON (bbb865e4-f2dc-34f7-992c-bde8c9dddabd): о спавнер зомбу
[16:39:07] RunishYT (deb2ebb7-8562-3728-8ba8-ec800da9360c): соси еблан
[16:39:56] RunishYT (deb2ebb7-8562-3728-8ba8-ec800da9360c): я поверил
[16:40:36] RunishYT (deb2ebb7-8562-3728-8ba8-ec800da9360c): секретная техника
[16:40:47] RunishYT (deb2ebb7-8562-3728-8ba8-ec800da9360c): небесный удар
[16:43:24] GOLDENDUSST (a0ee3527-abbd-3f28-bd2e-ff7c77b23497): Смоук эври дэй
[16:45:33] RunishYT (deb2ebb7-8562-3728-8ba8-ec800da9360c): вова ты низок
[16:45:58] RunishYT (deb2ebb7-8562-3728-8ba8-ec800da9360c): я стою выше тебя
[16:46:10] GOLDENDUSST (a0ee3527-abbd-3f28-bd2e-ff7c77b23497): Куска кусок
[16:46:32] RunishYT (deb2ebb7-8562-3728-8ba8-ec800da9360c): ты снова опустился
