[05:39:24] GOLDENDUSST (a0ee3527-abbd-3f28-bd2e-ff7c77b23497): Ухади ухади ухади
[05:39:25] GOLDENDUSST (a0ee3527-abbd-3f28-bd2e-ff7c77b23497): Ухади ухади ухади
[05:39:26] GOLDENDUSST (a0ee3527-abbd-3f28-bd2e-ff7c77b23497): Ухади ухади ухади
[05:39:27] GOLDENDUSST (a0ee3527-abbd-3f28-bd2e-ff7c77b23497): Ухади ухади ухади
[05:39:28] GOLDENDUSST (a0ee3527-abbd-3f28-bd2e-ff7c77b23497): Ухади ухади ухади
[05:39:28] GOLDENDUSST (a0ee3527-abbd-3f28-bd2e-ff7c77b23497): Ухади ухади ухади
[05:39:29] GOLDENDUSST (a0ee3527-abbd-3f28-bd2e-ff7c77b23497): Ухади ухади ухади
[05:39:47] RunishYT (deb2ebb7-8562-3728-8ba8-ec800da9360c): еблоид хп
[05:39:49] RunishYT (deb2ebb7-8562-3728-8ba8-ec800da9360c): мала
[05:39:55] RunishYT (deb2ebb7-8562-3728-8ba8-ec800da9360c): этот еблоид тепнулся сюда
[05:41:07] RunishYT (deb2ebb7-8562-3728-8ba8-ec800da9360c): спи
[05:41:34] RunishYT (deb2ebb7-8562-3728-8ba8-ec800da9360c): спи
[05:41:35] RunishYT (deb2ebb7-8562-3728-8ba8-ec800da9360c): спи
[05:41:36] RunishYT (deb2ebb7-8562-3728-8ba8-ec800da9360c): спи
[05:41:36] RunishYT (deb2ebb7-8562-3728-8ba8-ec800da9360c): спи
[05:41:42] GOLDENDUSST (a0ee3527-abbd-3f28-bd2e-ff7c77b23497): ебал
[05:41:45] GOLDENDUSST (a0ee3527-abbd-3f28-bd2e-ff7c77b23497): День
[05:42:57] RunishYT (deb2ebb7-8562-3728-8ba8-ec800da9360c): где блять
[05:46:23] RunishYT (deb2ebb7-8562-3728-8ba8-ec800da9360c): аххаххахаххаха
[05:46:27] RunishYT (deb2ebb7-8562-3728-8ba8-ec800da9360c): трезубец дюпнули
[05:46:35] GOLDENDUSST (a0ee3527-abbd-3f28-bd2e-ff7c77b23497): он временный
[05:46:39] RunishYT (deb2ebb7-8562-3728-8ba8-ec800da9360c): фартуку вернули топочку а здесь не забрали
[05:46:47] GOLDENDUSST (a0ee3527-abbd-3f28-bd2e-ff7c77b23497): Аааа
[05:46:49] GOLDENDUSST (a0ee3527-abbd-3f28-bd2e-ff7c77b23497): пон
[05:48:35] RunishYT (deb2ebb7-8562-3728-8ba8-ec800da9360c): долбаеб не ебется
[06:03:51] RunishYT (deb2ebb7-8562-3728-8ba8-ec800da9360c): блять ты гений
[06:03:59] RunishYT (deb2ebb7-8562-3728-8ba8-ec800da9360c): а как мы его отсюда вытащим??
[06:04:17] GOLDENDUSST (a0ee3527-abbd-3f28-bd2e-ff7c77b23497): Это лучше чем блять гни повсюды
[06:04:25] GOLDENDUSST (a0ee3527-abbd-3f28-bd2e-ff7c77b23497): ты их киляеш?
[06:04:34] RunishYT (deb2ebb7-8562-3728-8ba8-ec800da9360c): размножаю
[06:04:44] GOLDENDUSST (a0ee3527-abbd-3f28-bd2e-ff7c77b23497): а почему блят он только один
[06:05:02] RunishYT (deb2ebb7-8562-3728-8ba8-ec800da9360c): ну да растолстел
[06:05:35] RunishYT (deb2ebb7-8562-3728-8ba8-ec800da9360c): я подготавливать ресы для фермы
[06:05:54] RunishYT (deb2ebb7-8562-3728-8ba8-ec800da9360c): вот не зря я спиздил обсу
[06:06:57] GOLDENDUSST (a0ee3527-abbd-3f28-bd2e-ff7c77b23497): уебан хули у нас только один
[06:07:17] RunishYT (deb2ebb7-8562-3728-8ba8-ec800da9360c): остальные куда то тепнулись
[06:07:36] GOLDENDUSST (a0ee3527-abbd-3f28-bd2e-ff7c77b23497): тогда хули ты быкуешь даун
[06:09:02] RunishYT (deb2ebb7-8562-3728-8ba8-ec800da9360c): я понял как робит ферма шалкеров
[06:09:30] RunishYT (deb2ebb7-8562-3728-8ba8-ec800da9360c): шалкера пиздят он не может тепнутся и тепается в ад в аду он не может никуда тепатся и он тепается там где мы хотим
[06:09:39] RunishYT (deb2ebb7-8562-3728-8ba8-ec800da9360c): там где мы хотим стоят вагонетки
[06:09:54] RunishYT (deb2ebb7-8562-3728-8ba8-ec800da9360c): и ебут шалкеров
[06:10:08] RunishYT (deb2ebb7-8562-3728-8ba8-ec800da9360c): сделал
[06:10:12] RunishYT (deb2ebb7-8562-3728-8ba8-ec800da9360c): 2
[06:10:31] RunishYT (deb2ebb7-8562-3728-8ba8-ec800da9360c): наконец то блять
[06:14:19] RunishYT (deb2ebb7-8562-3728-8ba8-ec800da9360c): кстати оригинал фанфика у тебя??
[06:14:28] GOLDENDUSST (a0ee3527-abbd-3f28-bd2e-ff7c77b23497): ща
[06:15:01] GOLDENDUSST (a0ee3527-abbd-3f28-bd2e-ff7c77b23497): да
[06:15:18] RunishYT (deb2ebb7-8562-3728-8ba8-ec800da9360c): гоу фартуку чтоле продадим
[06:15:23] GOLDENDUSST (a0ee3527-abbd-3f28-bd2e-ff7c77b23497): ок
[06:15:34] RunishYT (deb2ebb7-8562-3728-8ba8-ec800da9360c): с условием если он сольет мы ограбим его базу
[06:17:42] RunishYT (deb2ebb7-8562-3728-8ba8-ec800da9360c): блять хилв
[06:18:19] RunishYT (deb2ebb7-8562-3728-8ba8-ec800da9360c): я могу перечарить на проводник
[06:18:52] RunishYT (deb2ebb7-8562-3728-8ba8-ec800da9360c): я жрать йоур кам
[07:30:54] RunishYT (deb2ebb7-8562-3728-8ba8-ec800da9360c): уходы лох
[07:31:28] GOLDENDUSST (a0ee3527-abbd-3f28-bd2e-ff7c77b23497): Купи фф лох
[07:31:38] ItsFartunaRu (87aa0b4c-629f-3cae-a9c4-787ca2fa3e21): вместе с шалкером
[07:32:13] GOLDENDUSST (a0ee3527-abbd-3f28-bd2e-ff7c77b23497): сокок
[07:32:19] GOLDENDUSST (a0ee3527-abbd-3f28-bd2e-ff7c77b23497): Скоко даш
[07:33:00] ItsFartunaRu (87aa0b4c-629f-3cae-a9c4-787ca2fa3e21): скок над
[07:33:26] ItsFartunaRu (87aa0b4c-629f-3cae-a9c4-787ca2fa3e21): биляяяяя кто был на моей фарм
[07:33:37] RunishYT (deb2ebb7-8562-3728-8ba8-ec800da9360c): бребл скорее всего
[07:33:49] ItsFartunaRu (87aa0b4c-629f-3cae-a9c4-787ca2fa3e21): я не говорил ему где фармилка
[07:34:00] RunishYT (deb2ebb7-8562-3728-8ba8-ec800da9360c): а он и без этого
[07:34:08] RunishYT (deb2ebb7-8562-3728-8ba8-ec800da9360c): мы же нашли
[07:34:13] ItsFartunaRu (87aa0b4c-629f-3cae-a9c4-787ca2fa3e21): а блять вы
[07:34:17] ItsFartunaRu (87aa0b4c-629f-3cae-a9c4-787ca2fa3e21): ахуели
[07:34:26] RunishYT (deb2ebb7-8562-3728-8ba8-ec800da9360c): нахуй у нас своя
[07:34:39] ItsFartunaRu (87aa0b4c-629f-3cae-a9c4-787ca2fa3e21): чтобы выгода
[07:35:37] RunishYT (deb2ebb7-8562-3728-8ba8-ec800da9360c): фартук снег имеется?
[07:35:40] ItsFartunaRu (87aa0b4c-629f-3cae-a9c4-787ca2fa3e21): ноу
[07:35:46] ItsFartunaRu (87aa0b4c-629f-3cae-a9c4-787ca2fa3e21): есть только кам
[07:35:47] ItsFartunaRu (87aa0b4c-629f-3cae-a9c4-787ca2fa3e21): бредля
[07:36:43] RunishYT (deb2ebb7-8562-3728-8ba8-ec800da9360c): мой однокл в этом году хочет в Челябинск уехать жыть
[07:36:57] RunishYT (deb2ebb7-8562-3728-8ba8-ec800da9360c): надо сайк позвонить приютить его
[07:37:00] ItsFartunaRu (87aa0b4c-629f-3cae-a9c4-787ca2fa3e21): похуй
[07:37:04] RunishYT (deb2ebb7-8562-3728-8ba8-ec800da9360c): у него же есть подвал?
[07:39:12] RunishYT (deb2ebb7-8562-3728-8ba8-ec800da9360c): фартук мы твою базу грабим
[07:39:22] ItsFartunaRu (87aa0b4c-629f-3cae-a9c4-787ca2fa3e21): ок
[07:39:29] ItsFartunaRu (87aa0b4c-629f-3cae-a9c4-787ca2fa3e21): я тотемы фармлю
[07:39:33] RunishYT (deb2ebb7-8562-3728-8ba8-ec800da9360c): тебе фанфик нужен?
[07:39:38] ItsFartunaRu (87aa0b4c-629f-3cae-a9c4-787ca2fa3e21): да
[07:39:46] RunishYT (deb2ebb7-8562-3728-8ba8-ec800da9360c): пиздуй на базу тогда
[07:39:52] ItsFartunaRu (87aa0b4c-629f-3cae-a9c4-787ca2fa3e21): щас дядь
[07:39:55] [CAPS] ItsFartunaRu (87aa0b4c-629f-3cae-a9c4-787ca2fa3e21): блятьььььььььь
[07:40:01] [CAPS] ItsFartunaRu (87aa0b4c-629f-3cae-a9c4-787ca2fa3e21): мне забор поломали
[07:40:03] [CAPS] ItsFartunaRu (87aa0b4c-629f-3cae-a9c4-787ca2fa3e21): на фармилке
[07:40:18] ItsFartunaRu (87aa0b4c-629f-3cae-a9c4-787ca2fa3e21): сука я найду его
[07:40:20] ItsFartunaRu (87aa0b4c-629f-3cae-a9c4-787ca2fa3e21): и трахну вэсс
[07:41:04] ItsFartunaRu (87aa0b4c-629f-3cae-a9c4-787ca2fa3e21): дядь подари забор
[07:41:07] ItsFartunaRu (87aa0b4c-629f-3cae-a9c4-787ca2fa3e21): на фармилку прям
[07:41:23] ItsFartunaRu (87aa0b4c-629f-3cae-a9c4-787ca2fa3e21): 12 забор
[07:41:34] ItsFartunaRu (87aa0b4c-629f-3cae-a9c4-787ca2fa3e21): дам 2 алмазес
[07:41:37] ItsFartunaRu (87aa0b4c-629f-3cae-a9c4-787ca2fa3e21): а не
[07:41:40] ItsFartunaRu (87aa0b4c-629f-3cae-a9c4-787ca2fa3e21): я дерево нашёл
[07:41:47] RunishYT (deb2ebb7-8562-3728-8ba8-ec800da9360c): откуда у тебя нигерский ар?
[07:41:58] ItsFartunaRu (87aa0b4c-629f-3cae-a9c4-787ca2fa3e21): нашёл пока убегал от страпона бредля
[07:42:15] RunishYT (deb2ebb7-8562-3728-8ba8-ec800da9360c): ладно
[07:42:20] RunishYT (deb2ebb7-8562-3728-8ba8-ec800da9360c): бредля гений
[07:42:25] RunishYT (deb2ebb7-8562-3728-8ba8-ec800da9360c): в описаний сервер написано
[07:43:06] RunishYT (deb2ebb7-8562-3728-8ba8-ec800da9360c): "Вдохновлялись такими проектами как Pepeland LastTask Mineshield Paragon Diverse и СП
[07:43:16] RunishYT (deb2ebb7-8562-3728-8ba8-ec800da9360c): но при этом незнает что такое СП
[07:43:27] ItsFartunaRu (87aa0b4c-629f-3cae-a9c4-787ca2fa3e21): вы щас где
[07:43:28] RunishYT (deb2ebb7-8562-3728-8ba8-ec800da9360c): ой бля парагон ничайно
[07:43:33] RunishYT (deb2ebb7-8562-3728-8ba8-ec800da9360c): не бань сайк
[07:43:39] RunishYT (deb2ebb7-8562-3728-8ba8-ec800da9360c): твою базу грабим
[07:43:46] ItsFartunaRu (87aa0b4c-629f-3cae-a9c4-787ca2fa3e21): шалкер привезли?
[07:43:54] RunishYT (deb2ebb7-8562-3728-8ba8-ec800da9360c): жа
[07:43:57] ItsFartunaRu (87aa0b4c-629f-3cae-a9c4-787ca2fa3e21): жду
[07:44:11] RunishYT (deb2ebb7-8562-3728-8ba8-ec800da9360c): да товар готов
[07:44:16] RunishYT (deb2ebb7-8562-3728-8ba8-ec800da9360c): мы его дотащили
[07:44:28] ItsFartunaRu (87aa0b4c-629f-3cae-a9c4-787ca2fa3e21): шалкер да
[07:44:34] RunishYT (deb2ebb7-8562-3728-8ba8-ec800da9360c): да
[07:44:40] ItsFartunaRu (87aa0b4c-629f-3cae-a9c4-787ca2fa3e21): бля рейд сбрасывать придётся
[07:44:46] ItsFartunaRu (87aa0b4c-629f-3cae-a9c4-787ca2fa3e21): кароче дядь
[07:44:56] ItsFartunaRu (87aa0b4c-629f-3cae-a9c4-787ca2fa3e21): над его запереть в клетке
[07:45:01] ItsFartunaRu (87aa0b4c-629f-3cae-a9c4-787ca2fa3e21): чтобы не делал тэпэ
[07:45:03] RunishYT (deb2ebb7-8562-3728-8ba8-ec800da9360c): ладно
[07:45:15] ItsFartunaRu (87aa0b4c-629f-3cae-a9c4-787ca2fa3e21): щас прилечу кароче
[07:45:50] ItsFartunaRu (87aa0b4c-629f-3cae-a9c4-787ca2fa3e21): нетут
[07:45:59] ItsFartunaRu (87aa0b4c-629f-3cae-a9c4-787ca2fa3e21): а негде
[07:46:18] ItsFartunaRu (87aa0b4c-629f-3cae-a9c4-787ca2fa3e21): где фанфик
[07:46:25] RunishYT (deb2ebb7-8562-3728-8ba8-ec800da9360c): шалкер в клетке
[07:46:27] ItsFartunaRu (87aa0b4c-629f-3cae-a9c4-787ca2fa3e21): тыче наебалова
[07:46:42] ItsFartunaRu (87aa0b4c-629f-3cae-a9c4-787ca2fa3e21): гг тима рачил я полетел
[07:46:42] RunishYT (deb2ebb7-8562-3728-8ba8-ec800da9360c): ты не уточнял
[07:46:51] RunishYT (deb2ebb7-8562-3728-8ba8-ec800da9360c): это же шалкер
[07:46:59] ItsFartunaRu (87aa0b4c-629f-3cae-a9c4-787ca2fa3e21): живого тащи
[07:47:07] ItsFartunaRu (87aa0b4c-629f-3cae-a9c4-787ca2fa3e21): дахуя алмазес плачу
[07:47:08] RunishYT (deb2ebb7-8562-3728-8ba8-ec800da9360c): хуй тебе
[07:47:15] RunishYT (deb2ebb7-8562-3728-8ba8-ec800da9360c): плоти
[07:47:21] ItsFartunaRu (87aa0b4c-629f-3cae-a9c4-787ca2fa3e21): тащи шалкер сначала
[07:47:22] RunishYT (deb2ebb7-8562-3728-8ba8-ec800da9360c): ты хоть знаешь как это сложно
[07:47:28] GOLDENDUSST (a0ee3527-abbd-3f28-bd2e-ff7c77b23497): Ты 6де
[07:47:35] ItsFartunaRu (87aa0b4c-629f-3cae-a9c4-787ca2fa3e21): еблан ты сказал легко
[07:47:36] RunishYT (deb2ebb7-8562-3728-8ba8-ec800da9360c): если не заплатишь я же его убью
[07:47:45] ItsFartunaRu (87aa0b4c-629f-3cae-a9c4-787ca2fa3e21): сук я богат
[07:47:52] RunishYT (deb2ebb7-8562-3728-8ba8-ec800da9360c): легко из энда в обычный мир
[07:48:01] ItsFartunaRu (87aa0b4c-629f-3cae-a9c4-787ca2fa3e21): дядь
[07:48:02] RunishYT (deb2ebb7-8562-3728-8ba8-ec800da9360c): а транспортировка пиздец сложная
[07:48:07] ItsFartunaRu (87aa0b4c-629f-3cae-a9c4-787ca2fa3e21): плачу 32 алм блока
[07:48:19] RunishYT (deb2ebb7-8562-3728-8ba8-ec800da9360c): я не настолько дешев
[07:48:24] ItsFartunaRu (87aa0b4c-629f-3cae-a9c4-787ca2fa3e21): 64
[07:49:36] RunishYT (deb2ebb7-8562-3728-8ba8-ec800da9360c): живого дракона мне на базу чтоб не ломал мне ничего
[07:49:54] RunishYT (deb2ebb7-8562-3728-8ba8-ec800da9360c): или эллея
[07:50:01] ItsFartunaRu (87aa0b4c-629f-3cae-a9c4-787ca2fa3e21): кароче тащи шалкер за 32-64 алм блока или идёшь нахуй
[07:50:15] RunishYT (deb2ebb7-8562-3728-8ba8-ec800da9360c): или идешь нахуй
[07:50:29] ItsFartunaRu (87aa0b4c-629f-3cae-a9c4-787ca2fa3e21): гг рачила теперь ты беден
[07:50:38] RunishYT (deb2ebb7-8562-3728-8ba8-ec800da9360c): хотяяя
[07:50:39] GOLDENDUSST (a0ee3527-abbd-3f28-bd2e-ff7c77b23497): Чёт легко они тебе даются раз ты ими разбрасываешься
[07:50:45] ItsFartunaRu (87aa0b4c-629f-3cae-a9c4-787ca2fa3e21): да ваще
[07:50:54] GOLDENDUSST (a0ee3527-abbd-3f28-bd2e-ff7c77b23497): Я подозреваю тебя в читерстве
[07:51:03] ItsFartunaRu (87aa0b4c-629f-3cae-a9c4-787ca2fa3e21): сижу копаю под баритоном
[07:51:09] ItsFartunaRu (87aa0b4c-629f-3cae-a9c4-787ca2fa3e21): 24/7 в шахте
[07:51:09] GOLDENDUSST (a0ee3527-abbd-3f28-bd2e-ff7c77b23497): Или блять ты с помощью
[07:51:17] ItsFartunaRu (87aa0b4c-629f-3cae-a9c4-787ca2fa3e21): дюп машин?
[07:51:18] GOLDENDUSST (a0ee3527-abbd-3f28-bd2e-ff7c77b23497): Гл
[07:51:23] ItsFartunaRu (87aa0b4c-629f-3cae-a9c4-787ca2fa3e21): че
[07:51:34] ItsFartunaRu (87aa0b4c-629f-3cae-a9c4-787ca2fa3e21): с помощью сексрен
[07:51:52] RunishYT (deb2ebb7-8562-3728-8ba8-ec800da9360c): не хуйня
[07:52:05] RunishYT (deb2ebb7-8562-3728-8ba8-ec800da9360c): купи мне короч игру в стиме
[07:52:10] ItsFartunaRu (87aa0b4c-629f-3cae-a9c4-787ca2fa3e21): еблан
[07:52:14] RunishYT (deb2ebb7-8562-3728-8ba8-ec800da9360c): апекс купи
[07:52:14] ItsFartunaRu (87aa0b4c-629f-3cae-a9c4-787ca2fa3e21): какую
[07:52:18] ItsFartunaRu (87aa0b4c-629f-3cae-a9c4-787ca2fa3e21): еблан
[07:52:29] RunishYT (deb2ebb7-8562-3728-8ba8-ec800da9360c): апекс фулл эдишен
[07:52:34] RunishYT (deb2ebb7-8562-3728-8ba8-ec800da9360c): 40 долларов
[07:52:38] ItsFartunaRu (87aa0b4c-629f-3cae-a9c4-787ca2fa3e21): она бесплатная
[07:52:40] ItsFartunaRu (87aa0b4c-629f-3cae-a9c4-787ca2fa3e21): в стиме
[07:52:48] RunishYT (deb2ebb7-8562-3728-8ba8-ec800da9360c): блять
[07:52:55] ItsFartunaRu (87aa0b4c-629f-3cae-a9c4-787ca2fa3e21): да я кароче сам притащу
[07:52:56] RunishYT (deb2ebb7-8562-3728-8ba8-ec800da9360c): ну тогда лицуху майна
[07:53:00] RunishYT (deb2ebb7-8562-3728-8ba8-ec800da9360c): бедрок и жаву
[07:53:05] ItsFartunaRu (87aa0b4c-629f-3cae-a9c4-787ca2fa3e21): да я кароче сам притащу
[07:53:09] RunishYT (deb2ebb7-8562-3728-8ba8-ec800da9360c): удач
[07:53:15] RunishYT (deb2ebb7-8562-3728-8ba8-ec800da9360c): наши не трогай тварь
[07:53:25] ItsFartunaRu (87aa0b4c-629f-3cae-a9c4-787ca2fa3e21): бредля дай пж яйцо призыва шалк
[07:53:29] RunishYT (deb2ebb7-8562-3728-8ba8-ec800da9360c): а фанфик
[07:53:33] GOLDENDUSST (a0ee3527-abbd-3f28-bd2e-ff7c77b23497): Купи
[07:53:36] ItsFartunaRu (87aa0b4c-629f-3cae-a9c4-787ca2fa3e21): вместе с шалкером
[07:53:44] RunishYT (deb2ebb7-8562-3728-8ba8-ec800da9360c): не
[07:53:46] GOLDENDUSST (a0ee3527-abbd-3f28-bd2e-ff7c77b23497): Тогад нахуй иди
[07:53:47] RunishYT (deb2ebb7-8562-3728-8ba8-ec800da9360c): без шалкера
[07:53:50] ItsFartunaRu (87aa0b4c-629f-3cae-a9c4-787ca2fa3e21): с
[07:53:59] RunishYT (deb2ebb7-8562-3728-8ba8-ec800da9360c): тогда авику продадим
[07:54:11] ItsFartunaRu (87aa0b4c-629f-3cae-a9c4-787ca2fa3e21): биля тогда покупаю
[07:54:25] RunishYT (deb2ebb7-8562-3728-8ba8-ec800da9360c): вот так бы сразу
[07:54:26] ItsFartunaRu (87aa0b4c-629f-3cae-a9c4-787ca2fa3e21): он кста беден
[07:54:32] RunishYT (deb2ebb7-8562-3728-8ba8-ec800da9360c): ну чо старая цена?
[07:54:34] ItsFartunaRu (87aa0b4c-629f-3cae-a9c4-787ca2fa3e21): у него нету дюп машин
[07:54:44] RunishYT (deb2ebb7-8562-3728-8ba8-ec800da9360c): 30 аб и 3 сета незериточки
[07:54:48] ItsFartunaRu (87aa0b4c-629f-3cae-a9c4-787ca2fa3e21): пошла нахуй
[07:54:55] RunishYT (deb2ebb7-8562-3728-8ba8-ec800da9360c): 30 аб
[07:55:18] RunishYT (deb2ebb7-8562-3728-8ba8-ec800da9360c): купи за 30 аб
[07:55:20] ItsFartunaRu (87aa0b4c-629f-3cae-a9c4-787ca2fa3e21): кароче ты идёшь нахуй
[07:55:27] GOLDENDUSST (a0ee3527-abbd-3f28-bd2e-ff7c77b23497): Лад пока
[07:55:30] RunishYT (deb2ebb7-8562-3728-8ba8-ec800da9360c): ну тогда авику
[07:55:35] ItsFartunaRu (87aa0b4c-629f-3cae-a9c4-787ca2fa3e21): ок
[07:56:01] ItsFartunaRu (87aa0b4c-629f-3cae-a9c4-787ca2fa3e21): ХОТя стоп
[07:56:04] ItsFartunaRu (87aa0b4c-629f-3cae-a9c4-787ca2fa3e21): работа есть
[07:56:09] ItsFartunaRu (87aa0b4c-629f-3cae-a9c4-787ca2fa3e21): накопайте редстоун и кварц ку
[07:56:21] RunishYT (deb2ebb7-8562-3728-8ba8-ec800da9360c): 5 алмазных блоков каждому
[07:56:21] ItsFartunaRu (87aa0b4c-629f-3cae-a9c4-787ca2fa3e21): куплю книгу за 25аб
[07:56:39] GOLDENDUSST (a0ee3527-abbd-3f28-bd2e-ff7c77b23497): Скок редстоуна
[07:56:47] ItsFartunaRu (87aa0b4c-629f-3cae-a9c4-787ca2fa3e21): скока не жалк
[07:56:55] RunishYT (deb2ebb7-8562-3728-8ba8-ec800da9360c): скок кварца
[07:57:04] ItsFartunaRu (87aa0b4c-629f-3cae-a9c4-787ca2fa3e21): 2-3стак
[07:57:08] ItsFartunaRu (87aa0b4c-629f-3cae-a9c4-787ca2fa3e21): не блоков
[07:57:27] ItsFartunaRu (87aa0b4c-629f-3cae-a9c4-787ca2fa3e21): хотя над ток кварц
[07:57:45] GOLDENDUSST (a0ee3527-abbd-3f28-bd2e-ff7c77b23497): Короч 1 редстоун и 2-3 стака кварца
[07:57:48] ItsFartunaRu (87aa0b4c-629f-3cae-a9c4-787ca2fa3e21): ноу
[07:57:51] ItsFartunaRu (87aa0b4c-629f-3cae-a9c4-787ca2fa3e21): редстоун не над
[07:57:59] RunishYT (deb2ebb7-8562-3728-8ba8-ec800da9360c): короч 1 редстоун и 1 кварц
[07:58:00] ItsFartunaRu (87aa0b4c-629f-3cae-a9c4-787ca2fa3e21): 3 стак кварц
[07:58:12] RunishYT (deb2ebb7-8562-3728-8ba8-ec800da9360c): с тебя живой эндер дракон
[07:58:23] ItsFartunaRu (87aa0b4c-629f-3cae-a9c4-787ca2fa3e21): кароче похуй накопаю сам
[08:01:05] RunishYT (deb2ebb7-8562-3728-8ba8-ec800da9360c): уйди
[08:01:26] RunishYT (deb2ebb7-8562-3728-8ba8-ec800da9360c): ацинити Ев
[08:02:22] ItsFartunaRu (87aa0b4c-629f-3cae-a9c4-787ca2fa3e21): я кароче пошёл продавать тотемс на спавне
[08:02:51] Exren3588 (6c446cc9-8057-3d23-bf8e-87a39b8040c4): это огонь был
[08:02:56] ItsFartunaRu (87aa0b4c-629f-3cae-a9c4-787ca2fa3e21): чего блять
[08:03:00] ItsFartunaRu (87aa0b4c-629f-3cae-a9c4-787ca2fa3e21): ладно
[08:03:16] ItsFartunaRu (87aa0b4c-629f-3cae-a9c4-787ca2fa3e21): кароче выдай права на коай
[08:03:38] Exren3588 (6c446cc9-8057-3d23-bf8e-87a39b8040c4): это сайко будет делать
[08:03:42] ItsFartunaRu (87aa0b4c-629f-3cae-a9c4-787ca2fa3e21): ноу
[08:03:42] ItsFartunaRu (87aa0b4c-629f-3cae-a9c4-787ca2fa3e21): ты
[08:03:56] Exren3588 (6c446cc9-8057-3d23-bf8e-87a39b8040c4): я не могу, мне комп нужен, а он дома
[08:04:12] RunishYT (deb2ebb7-8562-3728-8ba8-ec800da9360c): эксрен ацини шалкеров живих
[08:04:14] ItsFartunaRu (87aa0b4c-629f-3cae-a9c4-787ca2fa3e21): продай фанфик дуст
[08:04:35] ItsFartunaRu (87aa0b4c-629f-3cae-a9c4-787ca2fa3e21): я их убью
[08:05:46] RunishYT (deb2ebb7-8562-3728-8ba8-ec800da9360c): стреляй в чмо
[08:06:02] RunishYT (deb2ebb7-8562-3728-8ba8-ec800da9360c): ты чо ахуел в меня стрелять
[08:06:14] GOLDENDUSST (a0ee3527-abbd-3f28-bd2e-ff7c77b23497): Ты сам сказал стрелять в ЧМО
[08:06:25] RunishYT (deb2ebb7-8562-3728-8ba8-ec800da9360c): захар за скок живого шалкера купишь??
[08:06:44] ItsFartunaRu (87aa0b4c-629f-3cae-a9c4-787ca2fa3e21): он новичок еблан
[08:06:59] RunishYT (deb2ebb7-8562-3728-8ba8-ec800da9360c): нихуя он не новичок у него топочка
[08:07:06] GOLDENDUSST (a0ee3527-abbd-3f28-bd2e-ff7c77b23497): В рабско1 постели вижу тебя фартук
[08:07:13] ItsFartunaRu (87aa0b4c-629f-3cae-a9c4-787ca2fa3e21): разве
[08:07:14] ZAXAR1000 (48fa848d-9d79-373d-9cb1-c50d5b916c88): es
[08:07:16] ItsFartunaRu (87aa0b4c-629f-3cae-a9c4-787ca2fa3e21): ахуел
[08:08:16] RunishYT (deb2ebb7-8562-3728-8ba8-ec800da9360c): нихуя блять
[08:08:19] RunishYT (deb2ebb7-8562-3728-8ba8-ec800da9360c): он разгоняется
[08:08:35] ItsFartunaRu (87aa0b4c-629f-3cae-a9c4-787ca2fa3e21): батя сдох
[08:08:38] RunishYT (deb2ebb7-8562-3728-8ba8-ec800da9360c): он назгоняется
[08:08:45] RunishYT (deb2ebb7-8562-3728-8ba8-ec800da9360c): он на 160
[08:09:00] RunishYT (deb2ebb7-8562-3728-8ba8-ec800da9360c): эксрен ацини
[08:09:11] RunishYT (deb2ebb7-8562-3728-8ba8-ec800da9360c): Разгончем клики
[08:09:30] RunishYT (deb2ebb7-8562-3728-8ba8-ec800da9360c): Разгончем клики
[08:09:36] RunishYT (deb2ebb7-8562-3728-8ba8-ec800da9360c): Разгоняем клики
[08:09:39] ItsFartunaRu (87aa0b4c-629f-3cae-a9c4-787ca2fa3e21): еблан где у вас шалкер щас
[08:09:43] ItsFartunaRu (87aa0b4c-629f-3cae-a9c4-787ca2fa3e21): на базе?
[08:09:50] RunishYT (deb2ebb7-8562-3728-8ba8-ec800da9360c): в подвале на базе эксрен
[08:10:08] ItsFartunaRu (87aa0b4c-629f-3cae-a9c4-787ca2fa3e21): тащи его сюда за 64 алмазес блок
[08:10:25] RunishYT (deb2ebb7-8562-3728-8ba8-ec800da9360c): блять там его тащить через заростли деревьев
[08:10:32] ItsFartunaRu (87aa0b4c-629f-3cae-a9c4-787ca2fa3e21): через ад дебик
[08:10:34] RunishYT (deb2ebb7-8562-3728-8ba8-ec800da9360c): пиздец заебемся это того не стоит
[08:10:45] RunishYT (deb2ebb7-8562-3728-8ba8-ec800da9360c): ну блять через ад пиздец там а не дорога
[08:10:53] ItsFartunaRu (87aa0b4c-629f-3cae-a9c4-787ca2fa3e21): сука сделать 5 мин
[08:14:09] ItsFartunaRu (87aa0b4c-629f-3cae-a9c4-787ca2fa3e21): уф 192 лвл
[08:15:44] GOLDENDUSST (a0ee3527-abbd-3f28-bd2e-ff7c77b23497): фф не будет тоби
[08:16:20] Exren3588 (6c446cc9-8057-3d23-bf8e-87a39b8040c4): у меня уже несколько десятков копий
[08:16:34] GOLDENDUSST (a0ee3527-abbd-3f28-bd2e-ff7c77b23497): ориг у меня
[08:16:38] RunishYT (deb2ebb7-8562-3728-8ba8-ec800da9360c): так тебе все таки понравилось
[08:16:53] Exren3588 (6c446cc9-8057-3d23-bf8e-87a39b8040c4): я твой ориг могу щас в два действия найти
[08:20:55] ItsFartunaRu (87aa0b4c-629f-3cae-a9c4-787ca2fa3e21): дядь
[08:23:42] RunishYT (deb2ebb7-8562-3728-8ba8-ec800da9360c): чо ты тут делаешь?
[08:23:56] ZAXAR1000 (48fa848d-9d79-373d-9cb1-c50d5b916c88): подём
[08:25:32] ItsFartunaRu (87aa0b4c-629f-3cae-a9c4-787ca2fa3e21): че за лохи
[08:26:16] ItsFartunaRu (87aa0b4c-629f-3cae-a9c4-787ca2fa3e21): сука опять сгорел
[08:26:56] ItsFartunaRu (87aa0b4c-629f-3cae-a9c4-787ca2fa3e21): сексрен продай булыгу с доставкой
[08:29:19] RunishYT (deb2ebb7-8562-3728-8ba8-ec800da9360c): я придумал машинку которая дома ворует
[08:29:36] ItsFartunaRu (87aa0b4c-629f-3cae-a9c4-787ca2fa3e21): о бог булыги
[08:29:40] ItsFartunaRu (87aa0b4c-629f-3cae-a9c4-787ca2fa3e21): быпльпвлпвлпь
[08:29:48] Exren3588 (6c446cc9-8057-3d23-bf8e-87a39b8040c4): аахаха
[08:29:51] Exren3588 (6c446cc9-8057-3d23-bf8e-87a39b8040c4): лох
[08:29:56] ItsFartunaRu (87aa0b4c-629f-3cae-a9c4-787ca2fa3e21): не тянулово
[08:30:13] ItsFartunaRu (87aa0b4c-629f-3cae-a9c4-787ca2fa3e21): биля я хз как забор из булыги
[08:30:34] ItsFartunaRu (87aa0b4c-629f-3cae-a9c4-787ca2fa3e21): о
[08:30:42] RunishYT (deb2ebb7-8562-3728-8ba8-ec800da9360c): мммм ахуенный спаавнреит
[08:31:14] RunishYT (deb2ebb7-8562-3728-8ba8-ec800da9360c): ахуеть целый 0 скелетов в час
[08:31:26] ItsFartunaRu (87aa0b4c-629f-3cae-a9c4-787ca2fa3e21): биля я заебался пойду строить автосорт
[08:32:03] Exren3588 (6c446cc9-8057-3d23-bf8e-87a39b8040c4): у тебя тут слишком много негров
[08:32:07] ItsFartunaRu (87aa0b4c-629f-3cae-a9c4-787ca2fa3e21): я вкурс
[08:32:22] RunishYT (deb2ebb7-8562-3728-8ba8-ec800da9360c): ахуеть вот это спавнреит
[08:32:30] ItsFartunaRu (87aa0b4c-629f-3cae-a9c4-787ca2fa3e21): тима рак
[08:32:32] [CAPS] ItsFartunaRu (87aa0b4c-629f-3cae-a9c4-787ca2fa3e21): тима рак
[08:32:59] RunishYT (deb2ebb7-8562-3728-8ba8-ec800da9360c): чо фартук у закхуэля спиздишь сортировку?
[08:33:06] ItsFartunaRu (87aa0b4c-629f-3cae-a9c4-787ca2fa3e21): ноу
[08:33:13] ItsFartunaRu (87aa0b4c-629f-3cae-a9c4-787ca2fa3e21): у чела с майл ру
[08:33:17] RunishYT (deb2ebb7-8562-3728-8ba8-ec800da9360c): я тебя вижу
[08:33:30] Exren3588 (6c446cc9-8057-3d23-bf8e-87a39b8040c4): круто
[08:33:38] RunishYT (deb2ebb7-8562-3728-8ba8-ec800da9360c): чини спавнреит
[08:34:16] ItsFartunaRu (87aa0b4c-629f-3cae-a9c4-787ca2fa3e21): я еблан
[08:34:20] Exren3588 (6c446cc9-8057-3d23-bf8e-87a39b8040c4): надо рестарт делать, мне въебут если я его сделаю
[08:34:34] RunishYT (deb2ebb7-8562-3728-8ba8-ec800da9360c): цифры ударили в голову
[08:34:38] GOLDENDUSST (a0ee3527-abbd-3f28-bd2e-ff7c77b23497): Ты только сейчас это заметил?
[08:34:43] ItsFartunaRu (87aa0b4c-629f-3cae-a9c4-787ca2fa3e21): да
[08:34:49] GOLDENDUSST (a0ee3527-abbd-3f28-bd2e-ff7c77b23497): Я уже давно об этом знал
[08:34:59] ItsFartunaRu (87aa0b4c-629f-3cae-a9c4-787ca2fa3e21): пришлось поиметь твою мать пару раз неправильно
[08:35:10] GOLDENDUSST (a0ee3527-abbd-3f28-bd2e-ff7c77b23497): Мут
[08:35:16] ItsFartunaRu (87aa0b4c-629f-3cae-a9c4-787ca2fa3e21): да
[08:35:17] GOLDENDUSST (a0ee3527-abbd-3f28-bd2e-ff7c77b23497): Ебло
[08:36:12] ItsFartunaRu (87aa0b4c-629f-3cae-a9c4-787ca2fa3e21): чзх я наебал сексрен на алмазес?
[08:37:07] RunishYT (deb2ebb7-8562-3728-8ba8-ec800da9360c): сайк спиздил у меня машинку
[08:37:24] RunishYT (deb2ebb7-8562-3728-8ba8-ec800da9360c): мерседерс 13
[08:37:39] GOLDENDUSST (a0ee3527-abbd-3f28-bd2e-ff7c77b23497): Бля я думла хотфилс
[08:39:30] ItsFartunaRu (87aa0b4c-629f-3cae-a9c4-787ca2fa3e21): нихуясе
[08:41:17] ItsFartunaRu (87aa0b4c-629f-3cae-a9c4-787ca2fa3e21): стопче
[08:41:26] ItsFartunaRu (87aa0b4c-629f-3cae-a9c4-787ca2fa3e21): биляяяяяяяяяяяяяяяяяяяяяяяяяяяяяяяяяяяяяяяяяяяяяяяяяяяяяяяяяяя
[08:41:42] ItsFartunaRu (87aa0b4c-629f-3cae-a9c4-787ca2fa3e21): бляьб рак
[08:42:17] ItsFartunaRu (87aa0b4c-629f-3cae-a9c4-787ca2fa3e21): изич
[08:42:24] [CAPS] ItsFartunaRu (87aa0b4c-629f-3cae-a9c4-787ca2fa3e21): хпвхпхавх герой деревни %
[08:42:26] [CAPS] ItsFartunaRu (87aa0b4c-629f-3cae-a9c4-787ca2fa3e21): хпвхпхавх герой деревни 5
[08:43:39] ItsFartunaRu (87aa0b4c-629f-3cae-a9c4-787ca2fa3e21): да скок их там
[08:43:42] ItsFartunaRu (87aa0b4c-629f-3cae-a9c4-787ca2fa3e21): я их дюпнул
[08:45:59] ItsFartunaRu (87aa0b4c-629f-3cae-a9c4-787ca2fa3e21): кароче всё делаю сортировку
[08:46:13] ItsFartunaRu (87aa0b4c-629f-3cae-a9c4-787ca2fa3e21): сексрен подари флай
[08:46:30] ItsFartunaRu (87aa0b4c-629f-3cae-a9c4-787ca2fa3e21): ьблялаыт
[08:46:31] ItsFartunaRu (87aa0b4c-629f-3cae-a9c4-787ca2fa3e21): рейд
[08:46:43] ItsFartunaRu (87aa0b4c-629f-3cae-a9c4-787ca2fa3e21): откатило?
[08:46:54] ItsFartunaRu (87aa0b4c-629f-3cae-a9c4-787ca2fa3e21): биляяяяяяяя
[08:46:59] ItsFartunaRu (87aa0b4c-629f-3cae-a9c4-787ca2fa3e21): там рейд на 5
[08:47:14] ItsFartunaRu (87aa0b4c-629f-3cae-a9c4-787ca2fa3e21): стоп а где
[08:47:25] ItsFartunaRu (87aa0b4c-629f-3cae-a9c4-787ca2fa3e21): там гдет рейд
[08:47:47] ItsFartunaRu (87aa0b4c-629f-3cae-a9c4-787ca2fa3e21): бля
[08:47:50] ItsFartunaRu (87aa0b4c-629f-3cae-a9c4-787ca2fa3e21): где
[08:48:24] ItsFartunaRu (87aa0b4c-629f-3cae-a9c4-787ca2fa3e21): подубай херей кароче
[08:49:26] ItsFartunaRu (87aa0b4c-629f-3cae-a9c4-787ca2fa3e21): а блин я вспомнил я же гений
[08:51:47] ItsFartunaRu (87aa0b4c-629f-3cae-a9c4-787ca2fa3e21): биля
[08:52:54] ItsFartunaRu (87aa0b4c-629f-3cae-a9c4-787ca2fa3e21): кароче да выдай флай
[08:53:57] ItsFartunaRu (87aa0b4c-629f-3cae-a9c4-787ca2fa3e21): дчядядддав
[08:53:58] ItsFartunaRu (87aa0b4c-629f-3cae-a9c4-787ca2fa3e21): пж
[08:54:00] ItsFartunaRu (87aa0b4c-629f-3cae-a9c4-787ca2fa3e21): ненад
[08:54:11] Exren3588 (6c446cc9-8057-3d23-bf8e-87a39b8040c4): вот тебе флай
[08:55:13] ItsFartunaRu (87aa0b4c-629f-3cae-a9c4-787ca2fa3e21): пиздец
[08:55:50] Exren3588 (6c446cc9-8057-3d23-bf8e-87a39b8040c4): ыот тебе флай
[08:55:56] ItsFartunaRu (87aa0b4c-629f-3cae-a9c4-787ca2fa3e21): ноу
[08:56:00] ItsFartunaRu (87aa0b4c-629f-3cae-a9c4-787ca2fa3e21): это другое
[08:56:02] ItsFartunaRu (87aa0b4c-629f-3cae-a9c4-787ca2fa3e21): креатив топ
[08:57:32] ItsFartunaRu (87aa0b4c-629f-3cae-a9c4-787ca2fa3e21): какой там лут
[08:57:37] ItsFartunaRu (87aa0b4c-629f-3cae-a9c4-787ca2fa3e21): изюмы
[08:57:39] ItsFartunaRu (87aa0b4c-629f-3cae-a9c4-787ca2fa3e21): палки
[08:57:41] ItsFartunaRu (87aa0b4c-629f-3cae-a9c4-787ca2fa3e21): порох
[08:57:43] ItsFartunaRu (87aa0b4c-629f-3cae-a9c4-787ca2fa3e21): редст
[08:57:47] ItsFartunaRu (87aa0b4c-629f-3cae-a9c4-787ca2fa3e21): сахар
[08:57:51] ItsFartunaRu (87aa0b4c-629f-3cae-a9c4-787ca2fa3e21): тотемс
[08:58:06] Exren3588 (6c446cc9-8057-3d23-bf8e-87a39b8040c4): светопыль
[08:58:07] ItsFartunaRu (87aa0b4c-629f-3cae-a9c4-787ca2fa3e21): бутылки
[08:58:09] ItsFartunaRu (87aa0b4c-629f-3cae-a9c4-787ca2fa3e21): светп
[08:58:15] Exren3588 (6c446cc9-8057-3d23-bf8e-87a39b8040c4): флаги
[08:58:27] ItsFartunaRu (87aa0b4c-629f-3cae-a9c4-787ca2fa3e21): 9 кароч
[08:58:34] Exren3588 (6c446cc9-8057-3d23-bf8e-87a39b8040c4): сёдла
[08:58:39] ItsFartunaRu (87aa0b4c-629f-3cae-a9c4-787ca2fa3e21): это к тотемам
[08:58:42] ItsFartunaRu (87aa0b4c-629f-3cae-a9c4-787ca2fa3e21): они не стакаются
[08:58:58] ItsFartunaRu (87aa0b4c-629f-3cae-a9c4-787ca2fa3e21): биля
[08:59:15] ItsFartunaRu (87aa0b4c-629f-3cae-a9c4-787ca2fa3e21): яща
[09:02:00] ItsFartunaRu (87aa0b4c-629f-3cae-a9c4-787ca2fa3e21): биля
[09:02:30] ItsFartunaRu (87aa0b4c-629f-3cae-a9c4-787ca2fa3e21): да
[09:03:23] ItsFartunaRu (87aa0b4c-629f-3cae-a9c4-787ca2fa3e21): бля
[09:03:26] ItsFartunaRu (87aa0b4c-629f-3cae-a9c4-787ca2fa3e21): дождь
[09:03:36] ItsFartunaRu (87aa0b4c-629f-3cae-a9c4-787ca2fa3e21): я же теперь на богаъ
[09:05:45] ItsFartunaRu (87aa0b4c-629f-3cae-a9c4-787ca2fa3e21): биля за блоками над идти
[09:06:43] ItsFartunaRu (87aa0b4c-629f-3cae-a9c4-787ca2fa3e21): типа кароче имба
[09:10:35] ItsFartunaRu (87aa0b4c-629f-3cae-a9c4-787ca2fa3e21): даку
[09:10:52] ItsFartunaRu (87aa0b4c-629f-3cae-a9c4-787ca2fa3e21): над крч блоки
[09:10:56] ItsFartunaRu (87aa0b4c-629f-3cae-a9c4-787ca2fa3e21): камень
[09:11:00] ItsFartunaRu (87aa0b4c-629f-3cae-a9c4-787ca2fa3e21): дохуя
[09:11:00] RunishYT (deb2ebb7-8562-3728-8ba8-ec800da9360c): Сука
[09:11:10] RunishYT (deb2ebb7-8562-3728-8ba8-ec800da9360c): для фермы шалкеров нужна визер роза
[09:11:15] ItsFartunaRu (87aa0b4c-629f-3cae-a9c4-787ca2fa3e21): руина сделай доставку камень за бесплатно
[09:11:20] ItsFartunaRu (87aa0b4c-629f-3cae-a9c4-787ca2fa3e21): хпвхапхп продам
[09:11:40] RunishYT (deb2ebb7-8562-3728-8ba8-ec800da9360c): скок за 10 штук визер роз хочешь??
[09:11:48] ItsFartunaRu (87aa0b4c-629f-3cae-a9c4-787ca2fa3e21): тебя в рабство
[09:11:51] ItsFartunaRu (87aa0b4c-629f-3cae-a9c4-787ca2fa3e21): нахуя тебе 10
[09:11:54] ItsFartunaRu (87aa0b4c-629f-3cae-a9c4-787ca2fa3e21): там одна нужна
[09:11:56] ItsFartunaRu (87aa0b4c-629f-3cae-a9c4-787ca2fa3e21): жЯДылдавдвлавыжла
[09:12:07] RunishYT (deb2ebb7-8562-3728-8ba8-ec800da9360c): да так там еще фермы
[09:12:17] ItsFartunaRu (87aa0b4c-629f-3cae-a9c4-787ca2fa3e21): гг
[09:12:18] RunishYT (deb2ebb7-8562-3728-8ba8-ec800da9360c): ладно похуй давай 1
[09:12:21] ItsFartunaRu (87aa0b4c-629f-3cae-a9c4-787ca2fa3e21): тима рак
[09:12:47] RunishYT (deb2ebb7-8562-3728-8ba8-ec800da9360c): за скок 1 продашь?
[09:12:50] ItsFartunaRu (87aa0b4c-629f-3cae-a9c4-787ca2fa3e21): хз
[09:12:53] ItsFartunaRu (87aa0b4c-629f-3cae-a9c4-787ca2fa3e21): дорога
[09:13:04] RunishYT (deb2ebb7-8562-3728-8ba8-ec800da9360c): 3 чар яблока
[09:13:07] ItsFartunaRu (87aa0b4c-629f-3cae-a9c4-787ca2fa3e21): ноу
[09:13:09] ItsFartunaRu (87aa0b4c-629f-3cae-a9c4-787ca2fa3e21): шалкер
[09:13:12] ItsFartunaRu (87aa0b4c-629f-3cae-a9c4-787ca2fa3e21): чьыаптьвыалдвоп
[09:13:14] RunishYT (deb2ebb7-8562-3728-8ba8-ec800da9360c): ахвел
[09:13:17] ItsFartunaRu (87aa0b4c-629f-3cae-a9c4-787ca2fa3e21): да ку
[09:13:39] RunishYT (deb2ebb7-8562-3728-8ba8-ec800da9360c): совсем кшалел
[09:13:44] ItsFartunaRu (87aa0b4c-629f-3cae-a9c4-787ca2fa3e21): да ваще
[09:14:10] RunishYT (deb2ebb7-8562-3728-8ba8-ec800da9360c): гоу за 30 алмазов
[09:14:14] ItsFartunaRu (87aa0b4c-629f-3cae-a9c4-787ca2fa3e21): ноу
[09:14:33] RunishYT (deb2ebb7-8562-3728-8ba8-ec800da9360c): доставка камня
[09:14:36] ItsFartunaRu (87aa0b4c-629f-3cae-a9c4-787ca2fa3e21): мне не нужны алмазы
[09:14:39] ItsFartunaRu (87aa0b4c-629f-3cae-a9c4-787ca2fa3e21): мне нужны
[09:14:41] ItsFartunaRu (87aa0b4c-629f-3cae-a9c4-787ca2fa3e21): узбеки
[09:14:48] RunishYT (deb2ebb7-8562-3728-8ba8-ec800da9360c): гоу за камень
[09:15:21] RunishYT (deb2ebb7-8562-3728-8ba8-ec800da9360c): визер розу за камень
[09:15:25] ItsFartunaRu (87aa0b4c-629f-3cae-a9c4-787ca2fa3e21): ноу
[09:15:56] ItsFartunaRu (87aa0b4c-629f-3cae-a9c4-787ca2fa3e21): биля щас будет адское построилова
[09:16:33] RunishYT (deb2ebb7-8562-3728-8ba8-ec800da9360c): а что ты хочешь?
[09:16:39] ItsFartunaRu (87aa0b4c-629f-3cae-a9c4-787ca2fa3e21): шалк
[09:16:43] ItsFartunaRu (87aa0b4c-629f-3cae-a9c4-787ca2fa3e21): скалк
[09:16:45] ItsFartunaRu (87aa0b4c-629f-3cae-a9c4-787ca2fa3e21): сернсор
[09:16:47] ItsFartunaRu (87aa0b4c-629f-3cae-a9c4-787ca2fa3e21): сенсор
[09:17:07] ItsFartunaRu (87aa0b4c-629f-3cae-a9c4-787ca2fa3e21): а стоп
[09:17:07] RunishYT (deb2ebb7-8562-3728-8ba8-ec800da9360c): 3 стака кварца есть
[09:17:12] ItsFartunaRu (87aa0b4c-629f-3cae-a9c4-787ca2fa3e21): а нахуя оно тут
[09:17:33] ItsFartunaRu (87aa0b4c-629f-3cae-a9c4-787ca2fa3e21): нахуя
[09:17:40] ItsFartunaRu (87aa0b4c-629f-3cae-a9c4-787ca2fa3e21): оунет
[09:18:43] ItsFartunaRu (87aa0b4c-629f-3cae-a9c4-787ca2fa3e21): биля
[09:18:51] ItsFartunaRu (87aa0b4c-629f-3cae-a9c4-787ca2fa3e21): авыджполыпх пщхъ
[09:18:55] ItsFartunaRu (87aa0b4c-629f-3cae-a9c4-787ca2fa3e21): дождь пж
[09:19:11] [CAPS] ItsFartunaRu (87aa0b4c-629f-3cae-a9c4-787ca2fa3e21): тут снег
[09:19:18] Exren3588 (6c446cc9-8057-3d23-bf8e-87a39b8040c4): ВХКХХАА
[09:19:31] ItsFartunaRu (87aa0b4c-629f-3cae-a9c4-787ca2fa3e21): гг тима рак я на 1к высоте
[09:19:34] Exren3588 (6c446cc9-8057-3d23-bf8e-87a39b8040c4): лети по снегу
[09:19:40] ItsFartunaRu (87aa0b4c-629f-3cae-a9c4-787ca2fa3e21): никак броу
[09:20:01] ItsFartunaRu (87aa0b4c-629f-3cae-a9c4-787ca2fa3e21): бышщзопдлвжпо
[09:20:04] ItsFartunaRu (87aa0b4c-629f-3cae-a9c4-787ca2fa3e21): трезубец
[09:20:07] ItsFartunaRu (87aa0b4c-629f-3cae-a9c4-787ca2fa3e21): УПАЛ
[09:20:17] Exren3588 (6c446cc9-8057-3d23-bf8e-87a39b8040c4): это слишком жалкое зрелище
[09:20:23] ItsFartunaRu (87aa0b4c-629f-3cae-a9c4-787ca2fa3e21): сука
[09:20:32] ItsFartunaRu (87aa0b4c-629f-3cae-a9c4-787ca2fa3e21): трезубец выпад
[09:20:33] ItsFartunaRu (87aa0b4c-629f-3cae-a9c4-787ca2fa3e21): трезубец выпад
[09:20:33] ItsFartunaRu (87aa0b4c-629f-3cae-a9c4-787ca2fa3e21): трезубец выпад
[09:20:38] Exren3588 (6c446cc9-8057-3d23-bf8e-87a39b8040c4): ВЪВЪЪВ
[09:20:45] ItsFartunaRu (87aa0b4c-629f-3cae-a9c4-787ca2fa3e21): он на дне
[09:20:48] ItsFartunaRu (87aa0b4c-629f-3cae-a9c4-787ca2fa3e21): океана
[09:20:49] RunishYT (deb2ebb7-8562-3728-8ba8-ec800da9360c): блин продай
[09:20:59] ItsFartunaRu (87aa0b4c-629f-3cae-a9c4-787ca2fa3e21): сук он щас заресп
[09:21:15] RunishYT (deb2ebb7-8562-3728-8ba8-ec800da9360c): блять когда рестарт??
[09:21:19] ItsFartunaRu (87aa0b4c-629f-3cae-a9c4-787ca2fa3e21): 1,5 высота
[09:21:40] ItsFartunaRu (87aa0b4c-629f-3cae-a9c4-787ca2fa3e21): кароче я первый чел в космосе на парагон диверсе
[09:21:42] ItsFartunaRu (87aa0b4c-629f-3cae-a9c4-787ca2fa3e21): блять
[09:21:45] ItsFartunaRu (87aa0b4c-629f-3cae-a9c4-787ca2fa3e21): нанотехнологиях
[09:21:56] RunishYT (deb2ebb7-8562-3728-8ba8-ec800da9360c): забанен нахуй
[09:21:57] ItsFartunaRu (87aa0b4c-629f-3cae-a9c4-787ca2fa3e21): ДА
[09:22:06] ItsFartunaRu (87aa0b4c-629f-3cae-a9c4-787ca2fa3e21): а воды нету
[09:22:43] ItsFartunaRu (87aa0b4c-629f-3cae-a9c4-787ca2fa3e21): биля кароче подыхаю
[09:23:23] ItsFartunaRu (87aa0b4c-629f-3cae-a9c4-787ca2fa3e21): нихуёва
[09:23:55] ItsFartunaRu (87aa0b4c-629f-3cae-a9c4-787ca2fa3e21): кароче я сдался
[09:25:47] ItsFartunaRu (87aa0b4c-629f-3cae-a9c4-787ca2fa3e21): кароче да
[09:27:43] ItsFartunaRu (87aa0b4c-629f-3cae-a9c4-787ca2fa3e21): над дафига редстоуна
[09:27:58] ItsFartunaRu (87aa0b4c-629f-3cae-a9c4-787ca2fa3e21): дядь кароче сдаюсь
[09:39:27] RunishYT (deb2ebb7-8562-3728-8ba8-ec800da9360c): шалкер пропал
[09:55:57] RunishYT (deb2ebb7-8562-3728-8ba8-ec800da9360c): блять
[09:56:00] RunishYT (deb2ebb7-8562-3728-8ba8-ec800da9360c): я обосрался
[10:11:20] ItsFartunaRu (87aa0b4c-629f-3cae-a9c4-787ca2fa3e21): дядь ненанд
[10:11:32] ItsFartunaRu (87aa0b4c-629f-3cae-a9c4-787ca2fa3e21): мне быра над
[10:11:35] ItsFartunaRu (87aa0b4c-629f-3cae-a9c4-787ca2fa3e21): построить
[10:11:45] ItsFartunaRu (87aa0b4c-629f-3cae-a9c4-787ca2fa3e21): суккккккккккккккккккккккккк
[10:11:49] ItsFartunaRu (87aa0b4c-629f-3cae-a9c4-787ca2fa3e21): убирай
[10:12:04] ItsFartunaRu (87aa0b4c-629f-3cae-a9c4-787ca2fa3e21): убирай быра
[10:14:17] ItsFartunaRu (87aa0b4c-629f-3cae-a9c4-787ca2fa3e21): биля бредля спиздил все изюмы
[11:50:00] 1DarkLight1 (55ea8335-29fe-3a45-98bc-0ec3f0da1e2e): qq
[12:22:18] UrdAnton2203 (76a5e84e-c8f2-3b36-b428-799354f6d273): qq
[12:22:21] 1DarkLight1 (55ea8335-29fe-3a45-98bc-0ec3f0da1e2e): qq
[12:28:26] RunishYT (deb2ebb7-8562-3728-8ba8-ec800da9360c): я родилсч
[12:28:29] RunishYT (deb2ebb7-8562-3728-8ba8-ec800da9360c): я родился
[12:28:29] 1DarkLight1 (55ea8335-29fe-3a45-98bc-0ec3f0da1e2e): зря
[12:28:35] RunishYT (deb2ebb7-8562-3728-8ba8-ec800da9360c): ахуел
[12:28:48] RunishYT (deb2ebb7-8562-3728-8ba8-ec800da9360c): купи фанфик
[12:28:55] 1DarkLight1 (55ea8335-29fe-3a45-98bc-0ec3f0da1e2e): купи помилование у сексрен
[12:29:05] RunishYT (deb2ebb7-8562-3728-8ba8-ec800da9360c): невозможно
[12:29:14] 1DarkLight1 (55ea8335-29fe-3a45-98bc-0ec3f0da1e2e): возможно
[12:29:19] 1DarkLight1 (55ea8335-29fe-3a45-98bc-0ec3f0da1e2e): 1 фемдом бдсм
[12:29:26] 1DarkLight1 (55ea8335-29fe-3a45-98bc-0ec3f0da1e2e): де факто твоя жизнь))
[12:29:29] RunishYT (deb2ebb7-8562-3728-8ba8-ec800da9360c): тольк за отсос писоса
[12:29:36] 1DarkLight1 (55ea8335-29fe-3a45-98bc-0ec3f0da1e2e): её?
[12:29:43] RunishYT (deb2ebb7-8562-3728-8ba8-ec800da9360c): да
[12:30:43] RunishYT (deb2ebb7-8562-3728-8ba8-ec800da9360c): о
[12:32:04] RunishYT (deb2ebb7-8562-3728-8ba8-ec800da9360c): поспите
[12:32:10] 1DarkLight1 (55ea8335-29fe-3a45-98bc-0ec3f0da1e2e): сейчас день долбаёб
[12:34:05] RunishYT (deb2ebb7-8562-3728-8ba8-ec800da9360c): лох
[12:35:03] RunishYT (deb2ebb7-8562-3728-8ba8-ec800da9360c): бля закибербулил одмена
[12:35:24] Corwin4_ (09de6106-0819-3ca8-9b4c-af9ec585b9e9): он ливнул чтобы чанки не грузить пока я за лутом бегу
[12:35:34] RunishYT (deb2ebb7-8562-3728-8ba8-ec800da9360c): а ты кто?
[12:43:00] RunishYT (deb2ebb7-8562-3728-8ba8-ec800da9360c): намальна
[12:43:32] ZAXAR1000 (48fa848d-9d79-373d-9cb1-c50d5b916c88): я заебался
[12:43:43] ZAXAR1000 (48fa848d-9d79-373d-9cb1-c50d5b916c88): спасибо
[12:44:46] ZAXAR1000 (48fa848d-9d79-373d-9cb1-c50d5b916c88): что это
[12:47:56] RunishYT (deb2ebb7-8562-3728-8ba8-ec800da9360c): ахуеть
[12:48:02] RunishYT (deb2ebb7-8562-3728-8ba8-ec800da9360c): цветки хоруса сбивать можно
[12:48:08] RunishYT (deb2ebb7-8562-3728-8ba8-ec800da9360c): луком
[12:48:28] Corwin4_ (09de6106-0819-3ca8-9b4c-af9ec585b9e9): тут крч вперемешку
[12:48:29] 1DarkLight1 (55ea8335-29fe-3a45-98bc-0ec3f0da1e2e): сяб
[12:48:32] Corwin4_ (09de6106-0819-3ca8-9b4c-af9ec585b9e9): твоё моё
[12:48:38] 1DarkLight1 (55ea8335-29fe-3a45-98bc-0ec3f0da1e2e): тут тогда и поселимся)))))
[12:48:43] Corwin4_ (09de6106-0819-3ca8-9b4c-af9ec585b9e9): давай
[12:48:48] Corwin4_ (09de6106-0819-3ca8-9b4c-af9ec585b9e9): удобно бтв
[12:49:27] 1DarkLight1 (55ea8335-29fe-3a45-98bc-0ec3f0da1e2e): дай древко
[12:49:38] 1DarkLight1 (55ea8335-29fe-3a45-98bc-0ec3f0da1e2e): бела
[12:49:47] Corwin4_ (09de6106-0819-3ca8-9b4c-af9ec585b9e9): тут рядом шахта заброшенная
[12:49:50] 1DarkLight1 (55ea8335-29fe-3a45-98bc-0ec3f0da1e2e): у тебя же кости есть да
[12:49:53] 1DarkLight1 (55ea8335-29fe-3a45-98bc-0ec3f0da1e2e): да пох на шахту
[12:49:54] 1DarkLight1 (55ea8335-29fe-3a45-98bc-0ec3f0da1e2e): заебёшся
[12:50:23] RunishYT (deb2ebb7-8562-3728-8ba8-ec800da9360c): бля где
[12:51:12] 1DarkLight1 (55ea8335-29fe-3a45-98bc-0ec3f0da1e2e): а саженцев у тебя нема да
[12:51:22] Corwin4_ (09de6106-0819-3ca8-9b4c-af9ec585b9e9): неа, сверху
[12:52:03] 1DarkLight1 (55ea8335-29fe-3a45-98bc-0ec3f0da1e2e): ty
[12:52:03] Corwin4_ (09de6106-0819-3ca8-9b4c-af9ec585b9e9): блять
[12:52:09] Corwin4_ (09de6106-0819-3ca8-9b4c-af9ec585b9e9): чуть не бахнул
[12:53:13] RunishYT (deb2ebb7-8562-3728-8ba8-ec800da9360c): вот это ты вовремя
[12:53:24] Corwin4_ (09de6106-0819-3ca8-9b4c-af9ec585b9e9): пиздец в том что тут угля нет на глубине большой
[12:53:28] 1DarkLight1 (55ea8335-29fe-3a45-98bc-0ec3f0da1e2e): +
[12:53:33] 1DarkLight1 (55ea8335-29fe-3a45-98bc-0ec3f0da1e2e): из древа ток уголь и делать
[12:53:37] ZAXAR1000 (48fa848d-9d79-373d-9cb1-c50d5b916c88): это всё я
[12:53:43] neforidze (a6ffab52-0948-3163-b8de-8495f291f3af): ты крутой
[12:53:47] Corwin4_ (09de6106-0819-3ca8-9b4c-af9ec585b9e9): крч я пока выложу вещи и минут на 15 ливну
[12:53:52] Corwin4_ (09de6106-0819-3ca8-9b4c-af9ec585b9e9): посуду помыть тупо
[12:53:54] 1DarkLight1 (55ea8335-29fe-3a45-98bc-0ec3f0da1e2e): яс
[12:53:55] 1DarkLight1 (55ea8335-29fe-3a45-98bc-0ec3f0da1e2e): удач
[12:54:16] neforidze (a6ffab52-0948-3163-b8de-8495f291f3af): это же спавн?
[12:54:23] ZAXAR1000 (48fa848d-9d79-373d-9cb1-c50d5b916c88): да
[12:54:27] neforidze (a6ffab52-0948-3163-b8de-8495f291f3af): пасиб
[12:54:59] neforidze (a6ffab52-0948-3163-b8de-8495f291f3af): ща я отпифайн поставлю
[13:06:44] RunishYT (deb2ebb7-8562-3728-8ba8-ec800da9360c): дарклуйт
[13:06:52] RunishYT (deb2ebb7-8562-3728-8ba8-ec800da9360c): говори корды гриферить буду
[13:07:07] 1DarkLight1 (55ea8335-29fe-3a45-98bc-0ec3f0da1e2e): через ко и откат и тебе пермач по маку
[13:07:13] 1DarkLight1 (55ea8335-29fe-3a45-98bc-0ec3f0da1e2e): -_-
[13:07:24] RunishYT (deb2ebb7-8562-3728-8ba8-ec800da9360c): ашалел
[13:07:28] RunishYT (deb2ebb7-8562-3728-8ba8-ec800da9360c): зобанен
[13:08:10] RunishYT (deb2ebb7-8562-3728-8ba8-ec800da9360c): откуда
[13:08:15] Exren3588 (6c446cc9-8057-3d23-bf8e-87a39b8040c4): что
[13:08:16] RunishYT (deb2ebb7-8562-3728-8ba8-ec800da9360c): ты же бомжара
[13:08:23] Exren3588 (6c446cc9-8057-3d23-bf8e-87a39b8040c4): ага конечно
[13:08:44] RunishYT (deb2ebb7-8562-3728-8ba8-ec800da9360c): Захар ахуенно поработал
[13:08:50] Exren3588 (6c446cc9-8057-3d23-bf8e-87a39b8040c4): ага
[13:09:58] RunishYT (deb2ebb7-8562-3728-8ba8-ec800da9360c): э бля куда
[13:10:10] RunishYT (deb2ebb7-8562-3728-8ba8-ec800da9360c): я хотел кильнуть
[13:13:10] RunishYT (deb2ebb7-8562-3728-8ba8-ec800da9360c): э блять куда
[13:14:55] RunishYT (deb2ebb7-8562-3728-8ba8-ec800da9360c): ща подорву весь ад
[13:29:36] Corwin4_ (09de6106-0819-3ca8-9b4c-af9ec585b9e9): f[f[f
[13:29:50] 1DarkLight1 (55ea8335-29fe-3a45-98bc-0ec3f0da1e2e): вспомнил видос как бабе ветер юбку задрал
[13:29:54] 1DarkLight1 (55ea8335-29fe-3a45-98bc-0ec3f0da1e2e): сзади её друг на тачке ехал
[13:29:57] 1DarkLight1 (55ea8335-29fe-3a45-98bc-0ec3f0da1e2e): засмотрелся и въебался
[13:29:58] 1DarkLight1 (55ea8335-29fe-3a45-98bc-0ec3f0da1e2e): ахахахахаххахахаха
[13:30:03] Corwin4_ (09de6106-0819-3ca8-9b4c-af9ec585b9e9): ))
[13:30:18] Corwin4_ (09de6106-0819-3ca8-9b4c-af9ec585b9e9): с зомби почти фулл сет выбил
[13:31:06] 1DarkLight1 (55ea8335-29fe-3a45-98bc-0ec3f0da1e2e): мб мне золотых кирок нахуярить)
[13:31:30] Corwin4_ (09de6106-0819-3ca8-9b4c-af9ec585b9e9): оставь золото, в аду понадобится + когда фермера с яблоками найдём
[13:32:51] 1DarkLight1 (55ea8335-29fe-3a45-98bc-0ec3f0da1e2e): фермер разве не сразу золотые продаёт
[13:32:54] Corwin4_ (09de6106-0819-3ca8-9b4c-af9ec585b9e9): не
[13:32:59] Corwin4_ (09de6106-0819-3ca8-9b4c-af9ec585b9e9): обычные вроде
[13:33:35] 1DarkLight1 (55ea8335-29fe-3a45-98bc-0ec3f0da1e2e): параша какайт
[13:33:58] 1DarkLight1 (55ea8335-29fe-3a45-98bc-0ec3f0da1e2e): ахахах
[13:35:27] 1DarkLight1 (55ea8335-29fe-3a45-98bc-0ec3f0da1e2e): сука все кирки и топоры спиздил
[13:42:29] 1DarkLight1 (55ea8335-29fe-3a45-98bc-0ec3f0da1e2e): зашёл в воду и ударил меня
[13:42:31] 1DarkLight1 (55ea8335-29fe-3a45-98bc-0ec3f0da1e2e): какого хуя сука
[13:46:37] neforidze (a6ffab52-0948-3163-b8de-8495f291f3af): какая сложность на сервере?
[13:46:41] 1DarkLight1 (55ea8335-29fe-3a45-98bc-0ec3f0da1e2e): харда
[13:46:46] RunishYT (deb2ebb7-8562-3728-8ba8-ec800da9360c): сложная
[13:49:54] neforidze (a6ffab52-0948-3163-b8de-8495f291f3af): тут есть у кого-нибудь свой город? или что-нибудь похожее?
[13:50:07] RunishYT (deb2ebb7-8562-3728-8ba8-ec800da9360c): да
[13:50:24] neforidze (a6ffab52-0948-3163-b8de-8495f291f3af): к тебе можно на время поселиться?
[13:50:29] RunishYT (deb2ebb7-8562-3728-8ba8-ec800da9360c): нет
[13:50:43] neforidze (a6ffab52-0948-3163-b8de-8495f291f3af): тогда это не город
[13:51:01] RunishYT (deb2ebb7-8562-3728-8ba8-ec800da9360c): Пхэньянь же город
[13:51:20] RunishYT (deb2ebb7-8562-3728-8ba8-ec800da9360c): Посмотреть можно поселится нельзя
[13:51:33] neforidze (a6ffab52-0948-3163-b8de-8495f291f3af): в городах же люди жить должны
[13:51:56] RunishYT (deb2ebb7-8562-3728-8ba8-ec800da9360c): У нас тоже живут люди
[13:52:01] RunishYT (deb2ebb7-8562-3728-8ba8-ec800da9360c): целых 2 человека
[13:52:06] RunishYT (deb2ebb7-8562-3728-8ba8-ec800da9360c): я и голдендаст
[13:52:08] neforidze (a6ffab52-0948-3163-b8de-8495f291f3af): а почему нельзя?
[13:52:20] RunishYT (deb2ebb7-8562-3728-8ba8-ec800da9360c): мы Северная Корея
[13:52:26] neforidze (a6ffab52-0948-3163-b8de-8495f291f3af): а
[13:52:30] neforidze (a6ffab52-0948-3163-b8de-8495f291f3af): ахыфхаыфхафх
[13:52:31] RunishYT (deb2ebb7-8562-3728-8ba8-ec800da9360c): гостей ненавидим
[13:52:53] RunishYT (deb2ebb7-8562-3728-8ba8-ec800da9360c): авик приюти чела
[14:02:23] neforidze (a6ffab52-0948-3163-b8de-8495f291f3af): на сервере есть валюта?
[14:02:27] 1DarkLight1 (55ea8335-29fe-3a45-98bc-0ec3f0da1e2e): алмазы вроде как
[14:11:44] neforidze (a6ffab52-0948-3163-b8de-8495f291f3af): есть координаты портала в энд?
[14:13:49] neforidze (a6ffab52-0948-3163-b8de-8495f291f3af): ну или хотя бы координаты спавна
[14:15:45] neforidze (a6ffab52-0948-3163-b8de-8495f291f3af): бро
[14:15:50] neforidze (a6ffab52-0948-3163-b8de-8495f291f3af): подскажи коорды портала в энд
[14:16:13] Exren3588 (6c446cc9-8057-3d23-bf8e-87a39b8040c4): если честно то я их не помню, сто лет назад там была
[14:16:20] neforidze (a6ffab52-0948-3163-b8de-8495f291f3af): биля
[14:16:22] neforidze (a6ffab52-0948-3163-b8de-8495f291f3af): а элитры есть?
[14:16:24] neforidze (a6ffab52-0948-3163-b8de-8495f291f3af): куплю
[14:16:27] neforidze (a6ffab52-0948-3163-b8de-8495f291f3af): (
[14:16:30] neforidze (a6ffab52-0948-3163-b8de-8495f291f3af): удачи
[14:17:28] LightNight5419 (83408852-71af-3504-a07a-054769d0b3e8): я ник сменить не могу на бедроке ахахах
[14:18:10] LightNight5419 (83408852-71af-3504-a07a-054769d0b3e8): я ник на бедроке сменить не могу ахах
[14:18:17] LightNight5419 (83408852-71af-3504-a07a-054769d0b3e8): ник
[14:18:37] LightNight5419 (83408852-71af-3504-a07a-054769d0b3e8): мне лень, у меня уже 4 акка
[14:19:01] LightNight5419 (83408852-71af-3504-a07a-054769d0b3e8): и еще там слишком длинный ник будет, я пытался
[14:19:15] LightNight5419 (83408852-71af-3504-a07a-054769d0b3e8): нит
[14:22:32] Exren3588 (6c446cc9-8057-3d23-bf8e-87a39b8040c4): скин поменял?
[14:22:44] AviKgolD1 (fe9f4036-69b5-38be-a9c3-1d860d8c4398): нет вроде
[14:22:57] AviKgolD1 (fe9f4036-69b5-38be-a9c3-1d860d8c4398): ты с пк?
[14:22:59] Exren3588 (6c446cc9-8057-3d23-bf8e-87a39b8040c4): у тебя теперь 02 либо кто-то похожий
[14:23:01] Exren3588 (6c446cc9-8057-3d23-bf8e-87a39b8040c4): да
[14:23:11] AviKgolD1 (fe9f4036-69b5-38be-a9c3-1d860d8c4398): бл
[14:23:33] neforidze (a6ffab52-0948-3163-b8de-8495f291f3af): братва, подскажите корды портала в энд
[14:25:02] AviKgolD1 (fe9f4036-69b5-38be-a9c3-1d860d8c4398): это по дружески
[14:25:09] Exren3588 (6c446cc9-8057-3d23-bf8e-87a39b8040c4): что
[14:25:10] AviKgolD1 (fe9f4036-69b5-38be-a9c3-1d860d8c4398): ты нечего не видела
[14:26:25] Exren3588 (6c446cc9-8057-3d23-bf8e-87a39b8040c4): это лайта?
[14:26:49] Exren3588 (6c446cc9-8057-3d23-bf8e-87a39b8040c4): а
[14:28:26] Exren3588 (6c446cc9-8057-3d23-bf8e-87a39b8040c4): руку псутую
[14:28:32] Exren3588 (6c446cc9-8057-3d23-bf8e-87a39b8040c4): пустую*
[14:29:59] ZAXAR1000 (48fa848d-9d79-373d-9cb1-c50d5b916c88): зайди в дс
[14:30:08] ZAXAR1000 (48fa848d-9d79-373d-9cb1-c50d5b916c88): зайди в дс
[14:30:09] ZAXAR1000 (48fa848d-9d79-373d-9cb1-c50d5b916c88): зайди в дс
[14:30:10] ZAXAR1000 (48fa848d-9d79-373d-9cb1-c50d5b916c88): зайди в дс
[14:30:10] ZAXAR1000 (48fa848d-9d79-373d-9cb1-c50d5b916c88): зайди в дс
[14:30:11] ZAXAR1000 (48fa848d-9d79-373d-9cb1-c50d5b916c88): зайди в дс
[14:30:11] ZAXAR1000 (48fa848d-9d79-373d-9cb1-c50d5b916c88): зайди в дс.
[14:30:14] Exren3588 (6c446cc9-8057-3d23-bf8e-87a39b8040c4): что
[14:30:27] AviKgolD1 (fe9f4036-69b5-38be-a9c3-1d860d8c4398): exren зайди в гс пажэ
[14:30:34] Exren3588 (6c446cc9-8057-3d23-bf8e-87a39b8040c4): бля вы ебланы я там уже
[14:30:38] Exren3588 (6c446cc9-8057-3d23-bf8e-87a39b8040c4): пока
[14:31:01] Exren3588 (6c446cc9-8057-3d23-bf8e-87a39b8040c4): здох чел
[14:31:14] Exren3588 (6c446cc9-8057-3d23-bf8e-87a39b8040c4): захар
[14:31:29] Exren3588 (6c446cc9-8057-3d23-bf8e-87a39b8040c4): он не в дс
[14:32:14] ZAXAR1000 (48fa848d-9d79-373d-9cb1-c50d5b916c88): щя по телефону поговорю
[14:32:51] Exren3588 (6c446cc9-8057-3d23-bf8e-87a39b8040c4): я так же делаю когда говорю по телефону
[14:33:08] Exren3588 (6c446cc9-8057-3d23-bf8e-87a39b8040c4): я про хотьбу
[14:35:04] Exren3588 (6c446cc9-8057-3d23-bf8e-87a39b8040c4): сорри
[14:35:24] Corwin4_ (09de6106-0819-3ca8-9b4c-af9ec585b9e9): го дс ладно
[14:37:20] Exren3588 (6c446cc9-8057-3d23-bf8e-87a39b8040c4): он меня не убьёст
[14:39:10] Exren3588 (6c446cc9-8057-3d23-bf8e-87a39b8040c4): я видела
[14:39:17] Exren3588 (6c446cc9-8057-3d23-bf8e-87a39b8040c4): я тут была
[14:39:25] Exren3588 (6c446cc9-8057-3d23-bf8e-87a39b8040c4): я тепнулась прямо взад тебя
[14:39:34] Exren3588 (6c446cc9-8057-3d23-bf8e-87a39b8040c4): сама обосралась, а ты видимо не заметил
[14:39:38] Exren3588 (6c446cc9-8057-3d23-bf8e-87a39b8040c4): 10
[14:40:16] Exren3588 (6c446cc9-8057-3d23-bf8e-87a39b8040c4): он на бебре
[14:40:33] Exren3588 (6c446cc9-8057-3d23-bf8e-87a39b8040c4): конечно да
[14:41:14] GOLDENDUSST (a0ee3527-abbd-3f28-bd2e-ff7c77b23497): Прив дарк
[14:41:25] RunishYT (deb2ebb7-8562-3728-8ba8-ec800da9360c): ты новенький?
[14:41:25] 1DarkLight1 (55ea8335-29fe-3a45-98bc-0ec3f0da1e2e): прифф
[14:41:30] RunishYT (deb2ebb7-8562-3728-8ba8-ec800da9360c): ты новенький?
[14:41:36] 1DarkLight1 (55ea8335-29fe-3a45-98bc-0ec3f0da1e2e): я старенький
[14:41:59] GOLDENDUSST (a0ee3527-abbd-3f28-bd2e-ff7c77b23497): Ты читал мою книгу я хочу чтобы в 6 классе на уроке литературы её читали
[14:42:11] 1DarkLight1 (55ea8335-29fe-3a45-98bc-0ec3f0da1e2e): ну тогда к сексренке и обращайся
[14:42:14] 1DarkLight1 (55ea8335-29fe-3a45-98bc-0ec3f0da1e2e): я то уже школу закончил
[14:42:16] Exren3588 (6c446cc9-8057-3d23-bf8e-87a39b8040c4): где руина
[14:42:23] GOLDENDUSST (a0ee3527-abbd-3f28-bd2e-ff7c77b23497): Мне не важно её мнение
[14:42:28] 1DarkLight1 (55ea8335-29fe-3a45-98bc-0ec3f0da1e2e): а она мне не важна
[14:42:35] Exren3588 (6c446cc9-8057-3d23-bf8e-87a39b8040c4): блять где руниш
[14:42:38] GOLDENDUSST (a0ee3527-abbd-3f28-bd2e-ff7c77b23497): Цундере дарк
[14:42:54] GOLDENDUSST (a0ee3527-abbd-3f28-bd2e-ff7c77b23497): он копает
[14:42:54] 1DarkLight1 (55ea8335-29fe-3a45-98bc-0ec3f0da1e2e): стёртый в порошок еретик
[14:42:57] GOLDENDUSST (a0ee3527-abbd-3f28-bd2e-ff7c77b23497): незерит
[14:43:15] RunishYT (deb2ebb7-8562-3728-8ba8-ec800da9360c): я незерит копаю
[14:43:45] RunishYT (deb2ebb7-8562-3728-8ba8-ec800da9360c): нахуя я вам?
[14:44:00] GOLDENDUSST (a0ee3527-abbd-3f28-bd2e-ff7c77b23497): Фанаты
[14:44:07] RunishYT (deb2ebb7-8562-3728-8ba8-ec800da9360c): блять
[14:44:10] RunishYT (deb2ebb7-8562-3728-8ba8-ec800da9360c): я обосрался
[14:44:51] RunishYT (deb2ebb7-8562-3728-8ba8-ec800da9360c): не бейте дяденьки
[14:45:14] GOLDENDUSST (a0ee3527-abbd-3f28-bd2e-ff7c77b23497): Авик топ читы кста
[14:45:16] RunishYT (deb2ebb7-8562-3728-8ba8-ec800da9360c): эххх вот я умир
[14:45:22] AviKgolD1 (fe9f4036-69b5-38be-a9c3-1d860d8c4398): ага
[14:45:37] 1DarkLight1 (55ea8335-29fe-3a45-98bc-0ec3f0da1e2e): RunishYT тебя кибербуллят?
[14:45:40] AviKgolD1 (fe9f4036-69b5-38be-a9c3-1d860d8c4398): особенно хрей
[14:46:10] AviKgolD1 (fe9f4036-69b5-38be-a9c3-1d860d8c4398): ехрен ну так что?
[14:46:16] Exren3588 (6c446cc9-8057-3d23-bf8e-87a39b8040c4): xnj
[14:46:17] Exren3588 (6c446cc9-8057-3d23-bf8e-87a39b8040c4): что
[14:46:38] RunishYT (deb2ebb7-8562-3728-8ba8-ec800da9360c): Живым вы меня не возьмете
[14:46:52] 1DarkLight1 (55ea8335-29fe-3a45-98bc-0ec3f0da1e2e): ну значит не кибербуллят :3
[14:47:22] GOLDENDUSST (a0ee3527-abbd-3f28-bd2e-ff7c77b23497): Киляй лохов
[14:47:28] Exren3588 (6c446cc9-8057-3d23-bf8e-87a39b8040c4): я же отдала тебе
[14:47:30] Exren3588 (6c446cc9-8057-3d23-bf8e-87a39b8040c4): 10
[14:47:40] Exren3588 (6c446cc9-8057-3d23-bf8e-87a39b8040c4): да
[14:47:51] GOLDENDUSST (a0ee3527-abbd-3f28-bd2e-ff7c77b23497): Кста эксрен если тебе так важно уничтожить эту книгу могу её тебе продать
[14:48:05] Exren3588 (6c446cc9-8057-3d23-bf8e-87a39b8040c4): е!го
[14:48:07] Exren3588 (6c446cc9-8057-3d23-bf8e-87a39b8040c4): го
[14:48:35] AviKgolD1 (fe9f4036-69b5-38be-a9c3-1d860d8c4398): это кидалово нэе ведись
[14:48:38] Exren3588 (6c446cc9-8057-3d23-bf8e-87a39b8040c4): ахаха
[14:48:41] GOLDENDUSST (a0ee3527-abbd-3f28-bd2e-ff7c77b23497): Скок предложишь
[14:48:51] Exren3588 (6c446cc9-8057-3d23-bf8e-87a39b8040c4): сам предалагй
[14:49:07] RunishYT (deb2ebb7-8562-3728-8ba8-ec800da9360c): вы меня не сломаете
[14:49:30] GOLDENDUSST (a0ee3527-abbd-3f28-bd2e-ff7c77b23497): Твоё рабство
[14:49:38] Exren3588 (6c446cc9-8057-3d23-bf8e-87a39b8040c4): смотря в каких целях
[14:49:52] GOLDENDUSST (a0ee3527-abbd-3f28-bd2e-ff7c77b23497): Точ не в сексуальных
[14:50:11] Exren3588 (6c446cc9-8057-3d23-bf8e-87a39b8040c4): точнее говори
[14:50:18] GOLDENDUSST (a0ee3527-abbd-3f28-bd2e-ff7c77b23497): Не интересуют трансы а хотя если приказать трахать даркалайта
[14:50:43] RunishYT (deb2ebb7-8562-3728-8ba8-ec800da9360c): сасать лохи
[14:51:08] Exren3588 (6c446cc9-8057-3d23-bf8e-87a39b8040c4): нет
[14:51:25] GOLDENDUSST (a0ee3527-abbd-3f28-bd2e-ff7c77b23497): Зачем вы приследуете?
[14:51:35] RunishYT (deb2ebb7-8562-3728-8ba8-ec800da9360c): сталкеры
[14:52:18] GOLDENDUSST (a0ee3527-abbd-3f28-bd2e-ff7c77b23497): Моего питомца он пунливый может далеко убежать и потеряться и тогда он скорее всего умрёт от голода и его труп трахнут бомжи
[14:52:31] 1DarkLight1 (55ea8335-29fe-3a45-98bc-0ec3f0da1e2e): его имя Exren3588
[14:52:53] Exren3588 (6c446cc9-8057-3d23-bf8e-87a39b8040c4): да
[14:52:53] RunishYT (deb2ebb7-8562-3728-8ba8-ec800da9360c): ну бля
[14:52:53] GOLDENDUSST (a0ee3527-abbd-3f28-bd2e-ff7c77b23497): Гриф
[14:53:49] RunishYT (deb2ebb7-8562-3728-8ba8-ec800da9360c): тима раков
[14:54:09] RunishYT (deb2ebb7-8562-3728-8ba8-ec800da9360c): э бля трезубец
[14:54:16] 1DarkLight1 (55ea8335-29fe-3a45-98bc-0ec3f0da1e2e): кто гриф
[14:54:25] ZAXAR1000 (48fa848d-9d79-373d-9cb1-c50d5b916c88): го авика
[14:54:30] GOLDENDUSST (a0ee3527-abbd-3f28-bd2e-ff7c77b23497): фины
[14:54:43] GOLDENDUSST (a0ee3527-abbd-3f28-bd2e-ff7c77b23497): Это семья там короч жирный
[14:55:27] RunishYT (deb2ebb7-8562-3728-8ba8-ec800da9360c): вы где?
[14:55:50] RunishYT (deb2ebb7-8562-3728-8ba8-ec800da9360c): еда блять
[14:58:50] Exren3588 (6c446cc9-8057-3d23-bf8e-87a39b8040c4): блять я ваши голоса путаю
[14:59:15] Exren3588 (6c446cc9-8057-3d23-bf8e-87a39b8040c4): пк
[14:59:42] Exren3588 (6c446cc9-8057-3d23-bf8e-87a39b8040c4): он и так врублен, я на него не смотрю
[14:59:58] Exren3588 (6c446cc9-8057-3d23-bf8e-87a39b8040c4): ага спасибо
[15:00:49] Exren3588 (6c446cc9-8057-3d23-bf8e-87a39b8040c4): кто
[15:02:32] ZAXAR1000 (48fa848d-9d79-373d-9cb1-c50d5b916c88): микро включи
[15:03:00] ZAXAR1000 (48fa848d-9d79-373d-9cb1-c50d5b916c88): микро включи
[15:03:01] ZAXAR1000 (48fa848d-9d79-373d-9cb1-c50d5b916c88): микро включи
[15:03:01] ZAXAR1000 (48fa848d-9d79-373d-9cb1-c50d5b916c88): микро включи
[15:03:02] ZAXAR1000 (48fa848d-9d79-373d-9cb1-c50d5b916c88): микро включи
[15:03:02] ZAXAR1000 (48fa848d-9d79-373d-9cb1-c50d5b916c88): микро включи.
[15:03:03] ZAXAR1000 (48fa848d-9d79-373d-9cb1-c50d5b916c88): микро включи..
[15:03:04] ZAXAR1000 (48fa848d-9d79-373d-9cb1-c50d5b916c88): микро включи..
[15:03:04] ZAXAR1000 (48fa848d-9d79-373d-9cb1-c50d5b916c88): микро включи..
[15:03:05] ZAXAR1000 (48fa848d-9d79-373d-9cb1-c50d5b916c88): микро включи..
[15:03:10] Exren3588 (6c446cc9-8057-3d23-bf8e-87a39b8040c4): rnj
[15:03:12] Exren3588 (6c446cc9-8057-3d23-bf8e-87a39b8040c4): кто
[15:03:17] ZAXAR1000 (48fa848d-9d79-373d-9cb1-c50d5b916c88): ты
[15:03:20] AviKgolD1 (fe9f4036-69b5-38be-a9c3-1d860d8c4398): ти
[15:03:20] Exren3588 (6c446cc9-8057-3d23-bf8e-87a39b8040c4): нах
[15:03:24] AviKgolD1 (fe9f4036-69b5-38be-a9c3-1d860d8c4398): надо
[15:03:27] AviKgolD1 (fe9f4036-69b5-38be-a9c3-1d860d8c4398): очень
[15:03:28] Exren3588 (6c446cc9-8057-3d23-bf8e-87a39b8040c4): мне лень
[15:03:33] Exren3588 (6c446cc9-8057-3d23-bf8e-87a39b8040c4): он не нежный
[15:03:39] AviKgolD1 (fe9f4036-69b5-38be-a9c3-1d860d8c4398): норм голос
[15:03:42] Exren3588 (6c446cc9-8057-3d23-bf8e-87a39b8040c4): мне лень
[15:04:38] Exren3588 (6c446cc9-8057-3d23-bf8e-87a39b8040c4): он вышел
[15:04:55] Exren3588 (6c446cc9-8057-3d23-bf8e-87a39b8040c4): умер
[15:06:19] Exren3588 (6c446cc9-8057-3d23-bf8e-87a39b8040c4): нет
[15:06:25] Exren3588 (6c446cc9-8057-3d23-bf8e-87a39b8040c4): потому что
[15:08:55] Exren3588 (6c446cc9-8057-3d23-bf8e-87a39b8040c4): так о каком рабстве речь
[15:09:11] GOLDENDUSST (a0ee3527-abbd-3f28-bd2e-ff7c77b23497): Я пошутил
[15:09:39] RunishYT (deb2ebb7-8562-3728-8ba8-ec800da9360c): перекрась шалкеров плез
[15:09:41] GOLDENDUSST (a0ee3527-abbd-3f28-bd2e-ff7c77b23497): Фф в любом случае будет слит даже если книга пропадёт у меня копия в документе
[15:10:09] GOLDENDUSST (a0ee3527-abbd-3f28-bd2e-ff7c77b23497): демонстрация силы не впечатляет
[15:11:07] RunishYT (deb2ebb7-8562-3728-8ba8-ec800da9360c): перекрась шалкеров шалава
[15:11:41] RunishYT (deb2ebb7-8562-3728-8ba8-ec800da9360c): эксрен
[15:11:48] RunishYT (deb2ebb7-8562-3728-8ba8-ec800da9360c): перекрась шалкеров плез
[15:12:39] GOLDENDUSST (a0ee3527-abbd-3f28-bd2e-ff7c77b23497): Осужадю трансгендерную операцию против воли детей руниш ты ашалел хочешь сделать их голубыми
[15:13:00] RunishYT (deb2ebb7-8562-3728-8ba8-ec800da9360c): Кто если не я?
[15:19:46] RunishYT (deb2ebb7-8562-3728-8ba8-ec800da9360c): зачем ви меня килльнули??
[15:20:07] RunishYT (deb2ebb7-8562-3728-8ba8-ec800da9360c): последний слова во славу Аллаха
[15:20:22] RunishYT (deb2ebb7-8562-3728-8ba8-ec800da9360c): зачем ви меня килльнули??
[15:20:26] Exren3588 (6c446cc9-8057-3d23-bf8e-87a39b8040c4): ой
[15:20:42] RunishYT (deb2ebb7-8562-3728-8ba8-ec800da9360c): куда блять
[15:20:57] RunishYT (deb2ebb7-8562-3728-8ba8-ec800da9360c): отвечай
[15:21:05] AviKgolD1 (fe9f4036-69b5-38be-a9c3-1d860d8c4398): мы просто в гс сидели
[15:21:13] RunishYT (deb2ebb7-8562-3728-8ba8-ec800da9360c): зачем ви меня килльнули??
[15:21:24] AviKgolD1 (fe9f4036-69b5-38be-a9c3-1d860d8c4398): в троём
[15:21:27] RunishYT (deb2ebb7-8562-3728-8ba8-ec800da9360c): зачем ви меня килльнули??
[15:21:28] RunishYT (deb2ebb7-8562-3728-8ba8-ec800da9360c): зачем ви меня килльнули??
[15:21:41] AviKgolD1 (fe9f4036-69b5-38be-a9c3-1d860d8c4398): кста у тебя бронь не очень продать книги?
[15:21:50] RunishYT (deb2ebb7-8562-3728-8ba8-ec800da9360c): не очень?
[15:21:54] RunishYT (deb2ebb7-8562-3728-8ba8-ec800da9360c): он фулл чаренная
[15:21:58] RunishYT (deb2ebb7-8562-3728-8ba8-ec800da9360c): шипы говно
[15:22:04] AviKgolD1 (fe9f4036-69b5-38be-a9c3-1d860d8c4398): ну да она не фулл
[15:22:10] RunishYT (deb2ebb7-8562-3728-8ba8-ec800da9360c): шлем да
[15:22:15] AviKgolD1 (fe9f4036-69b5-38be-a9c3-1d860d8c4398): дыхание 3 например
[15:22:22] RunishYT (deb2ebb7-8562-3728-8ba8-ec800da9360c): не слишком дорого
[15:22:29] RunishYT (deb2ebb7-8562-3728-8ba8-ec800da9360c): отвечай
[15:22:34] RunishYT (deb2ebb7-8562-3728-8ba8-ec800da9360c): зачем вы меня убили?
[15:22:41] AviKgolD1 (fe9f4036-69b5-38be-a9c3-1d860d8c4398): просто так
[15:22:48] RunishYT (deb2ebb7-8562-3728-8ba8-ec800da9360c): да вы ашалели
[15:23:42] RunishYT (deb2ebb7-8562-3728-8ba8-ec800da9360c): последний слова во славу Аллаха
[15:23:50] RunishYT (deb2ebb7-8562-3728-8ba8-ec800da9360c): эксрен
[15:23:57] Exren3588 (6c446cc9-8057-3d23-bf8e-87a39b8040c4): твоей мамке пизда
[15:24:04] RunishYT (deb2ebb7-8562-3728-8ba8-ec800da9360c): я не шучу пизда всему
[15:24:10] Exren3588 (6c446cc9-8057-3d23-bf8e-87a39b8040c4): давай
[15:24:13] RunishYT (deb2ebb7-8562-3728-8ba8-ec800da9360c): мне похуй у меня запаска
[15:24:37] Exren3588 (6c446cc9-8057-3d23-bf8e-87a39b8040c4): ну
[15:24:50] RunishYT (deb2ebb7-8562-3728-8ba8-ec800da9360c): э блять вырубай читы
[15:25:00] RunishYT (deb2ebb7-8562-3728-8ba8-ec800da9360c): вырубай гамемоде
[15:25:11] RunishYT (deb2ebb7-8562-3728-8ba8-ec800da9360c): во славу талибана
[15:25:51] RunishYT (deb2ebb7-8562-3728-8ba8-ec800da9360c): база моя
[15:28:42] RunishYT (deb2ebb7-8562-3728-8ba8-ec800da9360c): я терронист
[15:32:39] RunishYT (deb2ebb7-8562-3728-8ba8-ec800da9360c): я не умру в туалете
[15:34:28] RunishYT (deb2ebb7-8562-3728-8ba8-ec800da9360c): мама я хочу домой
[15:37:21] RunishYT (deb2ebb7-8562-3728-8ba8-ec800da9360c): сука эксрен блять
[15:37:29] RunishYT (deb2ebb7-8562-3728-8ba8-ec800da9360c): верни нормальный нагрудник а не эту хуету
[15:37:32] RunishYT (deb2ebb7-8562-3728-8ba8-ec800da9360c): на шипы 2
[15:37:38] Exren3588 (6c446cc9-8057-3d23-bf8e-87a39b8040c4): всм
[15:37:46] Exren3588 (6c446cc9-8057-3d23-bf8e-87a39b8040c4): я отдала всё что у меня было
[15:37:49] Exren3588 (6c446cc9-8057-3d23-bf8e-87a39b8040c4): !
[15:37:49] RunishYT (deb2ebb7-8562-3728-8ba8-ec800da9360c): на моей броне никогда не было шипов
[15:38:08] Exren3588 (6c446cc9-8057-3d23-bf8e-87a39b8040c4): не ко мне вопросы, я твою броню не видела
[15:38:20] RunishYT (deb2ebb7-8562-3728-8ba8-ec800da9360c): ашалела
[15:38:24] RunishYT (deb2ebb7-8562-3728-8ba8-ec800da9360c): возвращай нормальную
[15:38:42] RunishYT (deb2ebb7-8562-3728-8ba8-ec800da9360c): либо авика зови скорее всего у него мой нагрудник
[15:39:13] RunishYT (deb2ebb7-8562-3728-8ba8-ec800da9360c): и верни меня домой
[15:41:37] RunishYT (deb2ebb7-8562-3728-8ba8-ec800da9360c): гений блэт есть такая хуйня как баръеры
[15:42:28] RunishYT (deb2ebb7-8562-3728-8ba8-ec800da9360c): гений у меня рамки короч
[15:42:31] RunishYT (deb2ebb7-8562-3728-8ba8-ec800da9360c): я вижу все
[15:42:44] RunishYT (deb2ebb7-8562-3728-8ba8-ec800da9360c): гениальна
[15:42:44] Exren3588 (6c446cc9-8057-3d23-bf8e-87a39b8040c4): бебра дерьмище полное
[15:42:53] RunishYT (deb2ebb7-8562-3728-8ba8-ec800da9360c): невидимые рамки видимые
[15:43:03] RunishYT (deb2ebb7-8562-3728-8ba8-ec800da9360c): вы не сделали текстурпак для беброка
[15:43:46] Exren3588 (6c446cc9-8057-3d23-bf8e-87a39b8040c4): ,kz
[15:43:49] Exren3588 (6c446cc9-8057-3d23-bf8e-87a39b8040c4): сука ты даун
[15:44:03] Exren3588 (6c446cc9-8057-3d23-bf8e-87a39b8040c4): у тебя нет 2 шипов на нагруднике
[15:44:13] RunishYT (deb2ebb7-8562-3728-8ba8-ec800da9360c): шипы 3
[15:44:18] RunishYT (deb2ebb7-8562-3728-8ba8-ec800da9360c): похуй на ней шимы
[15:44:25] RunishYT (deb2ebb7-8562-3728-8ba8-ec800da9360c): на моей броне не было шипов
[15:44:41] Exren3588 (6c446cc9-8057-3d23-bf8e-87a39b8040c4): ну блять ни у кого нет нагрудника без шипов среди тех кто тебя бил
[15:44:51] RunishYT (deb2ebb7-8562-3728-8ba8-ec800da9360c): блять
[15:44:56] RunishYT (deb2ebb7-8562-3728-8ba8-ec800da9360c): получается спиздили
[15:45:11] Exren3588 (6c446cc9-8057-3d23-bf8e-87a39b8040c4): получается у тебя шиза
[15:45:15] Exren3588 (6c446cc9-8057-3d23-bf8e-87a39b8040c4): как он был подписан
[15:45:17] RunishYT (deb2ebb7-8562-3728-8ba8-ec800da9360c): блять
[15:45:23] RunishYT (deb2ebb7-8562-3728-8ba8-ec800da9360c): на моей броне не было шипов
[15:45:35] Exren3588 (6c446cc9-8057-3d23-bf8e-87a39b8040c4): как нагрудник был подписан блять
[15:45:43] RunishYT (deb2ebb7-8562-3728-8ba8-ec800da9360c): блять никак
[15:46:26] RunishYT (deb2ebb7-8562-3728-8ba8-ec800da9360c): возвращай нагрудник
[15:46:31] Exren3588 (6c446cc9-8057-3d23-bf8e-87a39b8040c4): всё, не ебись
[15:46:38] RunishYT (deb2ebb7-8562-3728-8ba8-ec800da9360c): блять
[15:46:42] RunishYT (deb2ebb7-8562-3728-8ba8-ec800da9360c): возвращай
[15:46:51] Exren3588 (6c446cc9-8057-3d23-bf8e-87a39b8040c4): сука на нагрудник посмотри даун
[15:47:06] RunishYT (deb2ebb7-8562-3728-8ba8-ec800da9360c): а все
[15:47:14] RunishYT (deb2ebb7-8562-3728-8ba8-ec800da9360c): э бля рамки
[15:47:29] RunishYT (deb2ebb7-8562-3728-8ba8-ec800da9360c): э блять
[15:47:36] RunishYT (deb2ebb7-8562-3728-8ba8-ec800da9360c): моя запаска
[15:48:56] RunishYT (deb2ebb7-8562-3728-8ba8-ec800da9360c): сука домой
[15:48:58] GOLDENDUSST (a0ee3527-abbd-3f28-bd2e-ff7c77b23497): ухажи
[15:48:59] RunishYT (deb2ebb7-8562-3728-8ba8-ec800da9360c): он еблан
[15:49:08] RunishYT (deb2ebb7-8562-3728-8ba8-ec800da9360c): я не хочу с ним общатся
[15:49:18] RunishYT (deb2ebb7-8562-3728-8ba8-ec800da9360c): сп5 момент
[15:50:02] RunishYT (deb2ebb7-8562-3728-8ba8-ec800da9360c): бля возвращай
[15:50:10] RunishYT (deb2ebb7-8562-3728-8ba8-ec800da9360c): я хочу с ним общатся
[15:50:17] Exren3588 (6c446cc9-8057-3d23-bf8e-87a39b8040c4): нахуй иди
[16:22:02] RunishYT (deb2ebb7-8562-3728-8ba8-ec800da9360c): ухади тебе здесь не рады
[17:58:32] Exren3588 (6c446cc9-8057-3d23-bf8e-87a39b8040c4): давай вещи
[18:36:53] Corwin4_ (09de6106-0819-3ca8-9b4c-af9ec585b9e9): 34 44 -420
[20:22:36] 1DarkLight1 (55ea8335-29fe-3a45-98bc-0ec3f0da1e2e): кароче
[20:22:38] 1DarkLight1 (55ea8335-29fe-3a45-98bc-0ec3f0da1e2e): если чёто важное
