[09:23:13] saikonohack (61d3e846-cfe0-3e5b-b41b-772c1020819e): https://minecraft.tools/lp%20user%20saikonohack%20parent%20add%20ytstream
[09:24:45] saikonohack (61d3e846-cfe0-3e5b-b41b-772c1020819e): какую
[11:34:57] saikonohack (61d3e846-cfe0-3e5b-b41b-772c1020819e): /ban Bradly378
[12:24:55] saikonohack (61d3e846-cfe0-3e5b-b41b-772c1020819e): g
[12:24:58] saikonohack (61d3e846-cfe0-3e5b-b41b-772c1020819e): g
[13:42:01] saikonohack (61d3e846-cfe0-3e5b-b41b-772c1020819e): g
[13:49:04] saikonohack (61d3e846-cfe0-3e5b-b41b-772c1020819e): думаю да
[14:01:47] Bradly378 (9ab93dfb-1454-3bb1-b47f-700f714534a9): э бля
[14:02:50] Bradly378 (9ab93dfb-1454-3bb1-b47f-700f714534a9): мда....
[14:03:10] Bradly378 (9ab93dfb-1454-3bb1-b47f-700f714534a9): мда....
[14:03:26] _MrSnup_ (2fe92e3d-90d4-3838-8231-c8374e4e1f30): Привет!
[14:03:36] Bradly378 (9ab93dfb-1454-3bb1-b47f-700f714534a9): ку
[14:04:39] saikonohack (61d3e846-cfe0-3e5b-b41b-772c1020819e): залогинься
[14:04:41] saikonohack (61d3e846-cfe0-3e5b-b41b-772c1020819e): снуп
[14:04:46] saikonohack (61d3e846-cfe0-3e5b-b41b-772c1020819e): у тебя оптифайн есть?
[14:05:02] _MrSnup_ (2fe92e3d-90d4-3838-8231-c8374e4e1f30): нет
[14:05:12] _MrSnup_ (2fe92e3d-90d4-3838-8231-c8374e4e1f30): я с фабрик
[14:05:14] saikonohack (61d3e846-cfe0-3e5b-b41b-772c1020819e): скачай :)
[14:05:18] saikonohack (61d3e846-cfe0-3e5b-b41b-772c1020819e): optifabric
[14:05:27] _MrSnup_ (2fe92e3d-90d4-3838-8231-c8374e4e1f30): он у меня не работает
[14:05:29] Bradly378 (9ab93dfb-1454-3bb1-b47f-700f714534a9): сайко ты дебил какой нафиг udp у плазмо войс
[14:05:41] _MrSnup_ (2fe92e3d-90d4-3838-8231-c8374e4e1f30): ема звук
[14:05:44] Bradly378 (9ab93dfb-1454-3bb1-b47f-700f714534a9): у нас udp нету
[14:06:32] Bradly378 (9ab93dfb-1454-3bb1-b47f-700f714534a9): сайкл, или другой плагин или сноси войс част, у нас udp нету
[14:06:32] saikonohack (61d3e846-cfe0-3e5b-b41b-772c1020819e): сейчас запущу стримчанский
[14:06:40] _MrSnup_ (2fe92e3d-90d4-3838-8231-c8374e4e1f30): христос воскрес
[14:07:25] _MrSnup_ (2fe92e3d-90d4-3838-8231-c8374e4e1f30): ща я с опифайна войду
[14:10:08] _MrSnup_ (2fe92e3d-90d4-3838-8231-c8374e4e1f30): ого
[14:10:20] _MrSnup_ (2fe92e3d-90d4-3838-8231-c8374e4e1f30): не чего не изменилось
[14:12:44] _MrSnup_ (2fe92e3d-90d4-3838-8231-c8374e4e1f30): А
[14:12:48] saikonohack (61d3e846-cfe0-3e5b-b41b-772c1020819e): рп встал?
[14:13:00] _MrSnup_ (2fe92e3d-90d4-3838-8231-c8374e4e1f30): нет
[14:13:07] saikonohack (61d3e846-cfe0-3e5b-b41b-772c1020819e): хм
[14:13:14] saikonohack (61d3e846-cfe0-3e5b-b41b-772c1020819e): добавь сервер через "добавить
[14:13:46] saikonohack (61d3e846-cfe0-3e5b-b41b-772c1020819e): ну или скачай
[14:13:50] saikonohack (61d3e846-cfe0-3e5b-b41b-772c1020819e): https://www.dropbox.com/s/1hat017p659m3y3/NXPack.zip?dl=0
[14:14:26] _MrSnup_ (2fe92e3d-90d4-3838-8231-c8374e4e1f30): ошибка не удалось найти страницу
[14:15:14] _MrSnup_ (2fe92e3d-90d4-3838-8231-c8374e4e1f30): а о ща
[14:15:27] saikonohack (61d3e846-cfe0-3e5b-b41b-772c1020819e): работает?
[14:16:22] _MrSnup_ (2fe92e3d-90d4-3838-8231-c8374e4e1f30): о да
[14:17:02] _MrSnup_ (2fe92e3d-90d4-3838-8231-c8374e4e1f30): норм
[14:18:07] _MrSnup_ (2fe92e3d-90d4-3838-8231-c8374e4e1f30): а скин у тебя есть , а то у меня не видно его
[14:21:32] saikonohack (61d3e846-cfe0-3e5b-b41b-772c1020819e): нету
[14:21:41] saikonohack (61d3e846-cfe0-3e5b-b41b-772c1020819e): а что стоишь то? выживай)
[14:21:43] _MrSnup_ (2fe92e3d-90d4-3838-8231-c8374e4e1f30): бесмертная ведьма
[14:21:57] _MrSnup_ (2fe92e3d-90d4-3838-8231-c8374e4e1f30): э
[14:22:01] _MrSnup_ (2fe92e3d-90d4-3838-8231-c8374e4e1f30): пропала
[14:22:31] _MrSnup_ (2fe92e3d-90d4-3838-8231-c8374e4e1f30): ща надо красиво записать
[14:28:04] saikonohack (61d3e846-cfe0-3e5b-b41b-772c1020819e): ты записываешь?
[14:28:09] _MrSnup_ (2fe92e3d-90d4-3838-8231-c8374e4e1f30): ага
[14:28:15] _MrSnup_ (2fe92e3d-90d4-3838-8231-c8374e4e1f30): ну сейчас нет
[14:28:21] _MrSnup_ (2fe92e3d-90d4-3838-8231-c8374e4e1f30): я сценами
[14:28:45] saikonohack (61d3e846-cfe0-3e5b-b41b-772c1020819e): таб чекни
[14:28:52] _MrSnup_ (2fe92e3d-90d4-3838-8231-c8374e4e1f30): оо
[14:28:55] _MrSnup_ (2fe92e3d-90d4-3838-8231-c8374e4e1f30): Фига
[14:29:00] saikonohack (61d3e846-cfe0-3e5b-b41b-772c1020819e): ща книгу дам
[14:29:03] saikonohack (61d3e846-cfe0-3e5b-b41b-772c1020819e): там переключать сможешь
[14:29:05] saikonohack (61d3e846-cfe0-3e5b-b41b-772c1020819e): режимы
[14:29:10] _MrSnup_ (2fe92e3d-90d4-3838-8231-c8374e4e1f30): спс, я теперь красны
[14:29:19] saikonohack (61d3e846-cfe0-3e5b-b41b-772c1020819e): типа ютубер
[14:29:22] _MrSnup_ (2fe92e3d-90d4-3838-8231-c8374e4e1f30): ага
[14:31:08] _MrSnup_ (2fe92e3d-90d4-3838-8231-c8374e4e1f30): Ну где там книга?
[14:32:23] _MrSnup_ (2fe92e3d-90d4-3838-8231-c8374e4e1f30): сайко ты здесь?
[14:34:45] saikonohack (61d3e846-cfe0-3e5b-b41b-772c1020819e): стрим начинаю
[14:34:47] saikonohack (61d3e846-cfe0-3e5b-b41b-772c1020819e): сек
[14:34:49] _MrSnup_ (2fe92e3d-90d4-3838-8231-c8374e4e1f30): ок
[14:38:27] saikonohack (61d3e846-cfe0-3e5b-b41b-772c1020819e): qq all
[14:38:32] _MrSnup_ (2fe92e3d-90d4-3838-8231-c8374e4e1f30): ку
[14:38:33] Bradly378 (9ab93dfb-1454-3bb1-b47f-700f714534a9): всм ely.by
[14:38:41] saikonohack (61d3e846-cfe0-3e5b-b41b-772c1020819e): после стрима
[14:38:43] saikonohack (61d3e846-cfe0-3e5b-b41b-772c1020819e): го дс
[14:38:48] _MrSnup_ (2fe92e3d-90d4-3838-8231-c8374e4e1f30): го
[14:44:11] Bradly378 (9ab93dfb-1454-3bb1-b47f-700f714534a9): народ молитесь, я поплыл на лодке
[14:44:34] Bradly378 (9ab93dfb-1454-3bb1-b47f-700f714534a9): без матов говорил сам -.-
[14:49:47] Bradly378 (9ab93dfb-1454-3bb1-b47f-700f714534a9): niggers
[14:49:53] Bradly378 (9ab93dfb-1454-3bb1-b47f-700f714534a9): хаахха
[15:06:56] Bradly378 (9ab93dfb-1454-3bb1-b47f-700f714534a9): lf
[15:09:14] Bradly378 (9ab93dfb-1454-3bb1-b47f-700f714534a9): xaero-waypoint:wefg:W:297:-25:192:10:false:0:Internal-overworld-waypoints
[15:10:20] saikonohack (61d3e846-cfe0-3e5b-b41b-772c1020819e): 300 -25 122
[15:10:24] saikonohack (61d3e846-cfe0-3e5b-b41b-772c1020819e): 300 -25 192
[15:12:44] _MrSnup_ (2fe92e3d-90d4-3838-8231-c8374e4e1f30): скип плиз
[15:14:34] _MrSnup_ (2fe92e3d-90d4-3838-8231-c8374e4e1f30): спс
[15:38:15] Bradly378 (9ab93dfb-1454-3bb1-b47f-700f714534a9): декаку нахуй посылай, или меня приглоси
[15:38:24] Bradly378 (9ab93dfb-1454-3bb1-b47f-700f714534a9): декаку нахуй посылай, или меня приглоси
[15:43:06] saikonohack (61d3e846-cfe0-3e5b-b41b-772c1020819e): f
[15:43:39] Bradly378 (9ab93dfb-1454-3bb1-b47f-700f714534a9): меня в аду уебало
[15:43:46] Bradly378 (9ab93dfb-1454-3bb1-b47f-700f714534a9): скелет прям в поратле
[15:44:32] Bradly378 (9ab93dfb-1454-3bb1-b47f-700f714534a9): кидай его, со мной в дс иди
[17:37:47] Pyanyyvdupel (835cbecb-f5d5-3c64-a0cc-131e59c3767e): title блин висит с авторизацией перед мордой и не убирается
[17:38:34] Pyanyyvdupel (835cbecb-f5d5-3c64-a0cc-131e59c3767e): да емае
[17:39:43] Pyanyyvdupel (835cbecb-f5d5-3c64-a0cc-131e59c3767e): как убрать эту херовину
[17:39:44] Pyanyyvdupel (835cbecb-f5d5-3c64-a0cc-131e59c3767e): ахахах
[17:39:48] Pyanyyvdupel (835cbecb-f5d5-3c64-a0cc-131e59c3767e): она меня бесит уже
[17:39:51] Bradly378 (9ab93dfb-1454-3bb1-b47f-700f714534a9): ща
[17:40:01] Pyanyyvdupel (835cbecb-f5d5-3c64-a0cc-131e59c3767e): Добро пожаловать Использование /login <пароль>
[17:40:05] Pyanyyvdupel (835cbecb-f5d5-3c64-a0cc-131e59c3767e): а я авторизован
[17:40:06] Pyanyyvdupel (835cbecb-f5d5-3c64-a0cc-131e59c3767e): :D
[17:40:19] Pyanyyvdupel (835cbecb-f5d5-3c64-a0cc-131e59c3767e): Теперь появилась надпись должно пропасть
[17:40:22] Pyanyyvdupel (835cbecb-f5d5-3c64-a0cc-131e59c3767e): че угараешь что ли там?)
[17:40:44] Bradly378 (9ab93dfb-1454-3bb1-b47f-700f714534a9): ну всё маин релоадай или щас просто точку напишу (у меня такое было я понимаю тебя)
[17:41:07] Pyanyyvdupel (835cbecb-f5d5-3c64-a0cc-131e59c3767e): сколько времени на авторизацию выделено после перезахода?
[17:41:14] Pyanyyvdupel (835cbecb-f5d5-3c64-a0cc-131e59c3767e): 5 мин:
[17:41:15] Bradly378 (9ab93dfb-1454-3bb1-b47f-700f714534a9): вс
[17:41:16] Pyanyyvdupel (835cbecb-f5d5-3c64-a0cc-131e59c3767e): 10?
[17:41:22] Bradly378 (9ab93dfb-1454-3bb1-b47f-700f714534a9): есть?
[17:41:25] Pyanyyvdupel (835cbecb-f5d5-3c64-a0cc-131e59c3767e): крч автоматический вход после перезахода сколько он
[17:41:28] Pyanyyvdupel (835cbecb-f5d5-3c64-a0cc-131e59c3767e): по времени
[17:41:36] Bradly378 (9ab93dfb-1454-3bb1-b47f-700f714534a9): хз вроде 100 мин
[17:41:39] Pyanyyvdupel (835cbecb-f5d5-3c64-a0cc-131e59c3767e): пздц
[17:41:40] Bradly378 (9ab93dfb-1454-3bb1-b47f-700f714534a9): не я ставил
[17:41:51] Pyanyyvdupel (835cbecb-f5d5-3c64-a0cc-131e59c3767e): лан ща перезапущу
[17:49:25] Pyanyyvdupel (835cbecb-f5d5-3c64-a0cc-131e59c3767e): найс
[17:49:27] Pyanyyvdupel (835cbecb-f5d5-3c64-a0cc-131e59c3767e): пропало
[17:49:49] Pyanyyvdupel (835cbecb-f5d5-3c64-a0cc-131e59c3767e): а где все кстати
[17:49:57] Bradly378 (9ab93dfb-1454-3bb1-b47f-700f714534a9): ну хз
[17:50:09] Bradly378 (9ab93dfb-1454-3bb1-b47f-700f714534a9): я просто стою в афк как саппорт
[17:50:15] Pyanyyvdupel (835cbecb-f5d5-3c64-a0cc-131e59c3767e): понял
[17:53:35] Pyanyyvdupel (835cbecb-f5d5-3c64-a0cc-131e59c3767e): Окей
