[08:39:31] AviKgolD1 (fe9f4036-69b5-38be-a9c3-1d860d8c4398): привет
[08:39:47] GOLDENDUSST (a0ee3527-abbd-3f28-bd2e-ff7c77b23497): Привет
[08:40:20] AviKgolD1 (fe9f4036-69b5-38be-a9c3-1d860d8c4398): у тебя есть золото или золотые яблоки?
[08:40:59] GOLDENDUSST (a0ee3527-abbd-3f28-bd2e-ff7c77b23497): Нету
[08:41:21] AviKgolD1 (fe9f4036-69b5-38be-a9c3-1d860d8c4398): жаль
[09:45:12] AviKgolD1 (fe9f4036-69b5-38be-a9c3-1d860d8c4398): можешь дать кирку на удачу?
[09:45:20] GOLDENDUSST (a0ee3527-abbd-3f28-bd2e-ff7c77b23497): Мб
[09:45:37] AviKgolD1 (fe9f4036-69b5-38be-a9c3-1d860d8c4398): мне на минуту буквально
[09:45:52] GOLDENDUSST (a0ee3527-abbd-3f28-bd2e-ff7c77b23497): Могу продать
[09:46:02] AviKgolD1 (fe9f4036-69b5-38be-a9c3-1d860d8c4398): да не
[09:46:31] AviKgolD1 (fe9f4036-69b5-38be-a9c3-1d860d8c4398): я с жителями трейжу и мне нужно золото для яблок
[09:47:24] AviKgolD1 (fe9f4036-69b5-38be-a9c3-1d860d8c4398): я золото добыл но у меня шелк
[09:48:44] AviKgolD1 (fe9f4036-69b5-38be-a9c3-1d860d8c4398): так даш или нет?
[09:48:56] GOLDENDUSST (a0ee3527-abbd-3f28-bd2e-ff7c77b23497): Далеко лететь
[09:48:59] GOLDENDUSST (a0ee3527-abbd-3f28-bd2e-ff7c77b23497): Нет
[09:49:08] AviKgolD1 (fe9f4036-69b5-38be-a9c3-1d860d8c4398): я у фермы золота
[09:49:22] AviKgolD1 (fe9f4036-69b5-38be-a9c3-1d860d8c4398): могу к тебе придти я у фермы золота
[09:49:37] GOLDENDUSST (a0ee3527-abbd-3f28-bd2e-ff7c77b23497): У тебя есть ферма золота?
[09:49:47] AviKgolD1 (fe9f4036-69b5-38be-a9c3-1d860d8c4398): нет
[09:49:57] GOLDENDUSST (a0ee3527-abbd-3f28-bd2e-ff7c77b23497): К ты про мою?
[09:50:04] AviKgolD1 (fe9f4036-69b5-38be-a9c3-1d860d8c4398): у той которая на крыше
[09:50:16] AviKgolD1 (fe9f4036-69b5-38be-a9c3-1d860d8c4398): не знаю твоя или нет
[09:50:18] GOLDENDUSST (a0ee3527-abbd-3f28-bd2e-ff7c77b23497): Да это моя
[09:51:34] GOLDENDUSST (a0ee3527-abbd-3f28-bd2e-ff7c77b23497): Блять какой то пидор убил всех куриц
[09:51:48] AviKgolD1 (fe9f4036-69b5-38be-a9c3-1d860d8c4398): это не я
[09:52:30] GOLDENDUSST (a0ee3527-abbd-3f28-bd2e-ff7c77b23497): И переименованного пиглина
[09:52:46] GOLDENDUSST (a0ee3527-abbd-3f28-bd2e-ff7c77b23497): Блять как будто мобов кильнул одмен
[09:53:14] AviKgolD1 (fe9f4036-69b5-38be-a9c3-1d860d8c4398): большое спасибо
[09:53:15] GOLDENDUSST (a0ee3527-abbd-3f28-bd2e-ff7c77b23497): откуда тотемы?
[09:53:25] AviKgolD1 (fe9f4036-69b5-38be-a9c3-1d860d8c4398): друг принёс
[09:53:33] GOLDENDUSST (a0ee3527-abbd-3f28-bd2e-ff7c77b23497): смотри
[09:53:40] GOLDENDUSST (a0ee3527-abbd-3f28-bd2e-ff7c77b23497): ща тебе тотем снесу
[09:54:02] AviKgolD1 (fe9f4036-69b5-38be-a9c3-1d860d8c4398): хорошо
[09:54:19] AviKgolD1 (fe9f4036-69b5-38be-a9c3-1d860d8c4398): вы ферму тотемов с бедрока строили?
[09:54:32] GOLDENDUSST (a0ee3527-abbd-3f28-bd2e-ff7c77b23497): Всмысле
[09:54:38] GOLDENDUSST (a0ee3527-abbd-3f28-bd2e-ff7c77b23497): С высоты бедрока?
[09:54:45] GOLDENDUSST (a0ee3527-abbd-3f28-bd2e-ff7c77b23497): Или версии майна
[09:54:51] AviKgolD1 (fe9f4036-69b5-38be-a9c3-1d860d8c4398): просто я смотрел там нужно по чанкам посмотреть
[09:55:12] GOLDENDUSST (a0ee3527-abbd-3f28-bd2e-ff7c77b23497): У нас ферма оотемов простая
[09:55:17] GOLDENDUSST (a0ee3527-abbd-3f28-bd2e-ff7c77b23497): Но много приносит
[09:55:24] AviKgolD1 (fe9f4036-69b5-38be-a9c3-1d860d8c4398): ладно
[09:55:36] AviKgolD1 (fe9f4036-69b5-38be-a9c3-1d860d8c4398): а можно посмотреть?
[09:55:51] GOLDENDUSST (a0ee3527-abbd-3f28-bd2e-ff7c77b23497): Нит
[09:56:01] AviKgolD1 (fe9f4036-69b5-38be-a9c3-1d860d8c4398): ладно
[09:56:50] GOLDENDUSST (a0ee3527-abbd-3f28-bd2e-ff7c77b23497): this is North Korea's secret technology
[09:57:15] AviKgolD1 (fe9f4036-69b5-38be-a9c3-1d860d8c4398): не так то я понял какая у вас ферма
[09:59:21] AviKgolD1 (fe9f4036-69b5-38be-a9c3-1d860d8c4398): когда мой друг придёт хочу построить ферму тотемов на 55к изюмов в час, просто там нужно выменять по чанкам и тд
[11:48:45] AviKgolD1 (fe9f4036-69b5-38be-a9c3-1d860d8c4398): кому нужны зачар книги имеются 15 разных видов кроме невесомости, остроты, дыхания
[14:58:18] AviKgolD1 (fe9f4036-69b5-38be-a9c3-1d860d8c4398): привет, у вас случайно нет лишних элитр?
[14:58:34] RunishYT (deb2ebb7-8562-3728-8ba8-ec800da9360c): нет
[14:58:38] RunishYT (deb2ebb7-8562-3728-8ba8-ec800da9360c): ты захвачен кста
[14:58:49] AviKgolD1 (fe9f4036-69b5-38be-a9c3-1d860d8c4398): ладно
