[05:19:39] NightVizer (baecb933-9897-3b35-86a3-c2c9dd1004dd): привет
[05:19:43] GulgPlayer (a1c0ea2e-fe38-3c55-a100-bcde7e6529b1): привет
[06:11:16] ItsFartunaRu (87aa0b4c-629f-3cae-a9c4-787ca2fa3e21): _MagicShadow_ у тебя мобы на базе не пропадали?
[06:11:20] ItsFartunaRu (87aa0b4c-629f-3cae-a9c4-787ca2fa3e21): по типу жителей
[08:22:12] GOLDENDUSST (a0ee3527-abbd-3f28-bd2e-ff7c77b23497): Блять для беброка коорды отключили
[08:22:30] GOLDENDUSST (a0ee3527-abbd-3f28-bd2e-ff7c77b23497): Руниш у тебя коорды есть?
[08:22:50] RunishYT (deb2ebb7-8562-3728-8ba8-ec800da9360c): да
[08:22:58] GOLDENDUSST (a0ee3527-abbd-3f28-bd2e-ff7c77b23497): ща перезайду
[08:22:58] RunishYT (deb2ebb7-8562-3728-8ba8-ec800da9360c): а нет
[08:23:04] GOLDENDUSST (a0ee3527-abbd-3f28-bd2e-ff7c77b23497): Еблан
[08:23:15] GOLDENDUSST (a0ee3527-abbd-3f28-bd2e-ff7c77b23497): Я без координат как слепой котёнок
[08:23:15] _MagicShadow_ (806b9490-3fe7-3c9b-a8f8-e73b9d0be3a8): скип ночь плиз
[08:23:22] _MagicShadow_ (806b9490-3fe7-3c9b-a8f8-e73b9d0be3a8): скип ночь плиз
[08:23:24] GOLDENDUSST (a0ee3527-abbd-3f28-bd2e-ff7c77b23497): Как мне домой добраться
[08:23:30] RunishYT (deb2ebb7-8562-3728-8ba8-ec800da9360c): СУКА
[08:23:30] GOLDENDUSST (a0ee3527-abbd-3f28-bd2e-ff7c77b23497): Не могу я в аду
[08:23:33] RunishYT (deb2ebb7-8562-3728-8ba8-ec800da9360c): я тоже
[08:23:37] GOLDENDUSST (a0ee3527-abbd-3f28-bd2e-ff7c77b23497): И я хуй знает где
[08:23:39] RunishYT (deb2ebb7-8562-3728-8ba8-ec800da9360c): биля
[08:23:57] RunishYT (deb2ebb7-8562-3728-8ba8-ec800da9360c): как жить?
[08:24:01] _MagicShadow_ (806b9490-3fe7-3c9b-a8f8-e73b9d0be3a8): скип ночь плиз
[08:24:09] RunishYT (deb2ebb7-8562-3728-8ba8-ec800da9360c): я немогу
[08:24:13] GOLDENDUSST (a0ee3527-abbd-3f28-bd2e-ff7c77b23497): Мы в аду не можем
[08:24:15] RunishYT (deb2ebb7-8562-3728-8ba8-ec800da9360c): я в пизде мира
[08:24:26] RunishYT (deb2ebb7-8562-3728-8ba8-ec800da9360c): я в обычн мире
[08:24:29] _MagicShadow_ (806b9490-3fe7-3c9b-a8f8-e73b9d0be3a8): пол сердца сука
[08:24:32] RunishYT (deb2ebb7-8562-3728-8ba8-ec800da9360c): я могу на спавн по компасу
[08:24:54] GOLDENDUSST (a0ee3527-abbd-3f28-bd2e-ff7c77b23497): Я не могу нихуя я не знаю где я
[08:25:22] RunishYT (deb2ebb7-8562-3728-8ba8-ec800da9360c): в каком ты биоме??
[08:25:38] GOLDENDUSST (a0ee3527-abbd-3f28-bd2e-ff7c77b23497): Около портала бредли
[08:25:48] RunishYT (deb2ebb7-8562-3728-8ba8-ec800da9360c): ахуенно я знаю где он
[08:26:00] GOLDENDUSST (a0ee3527-abbd-3f28-bd2e-ff7c77b23497): А я нет я потерялся
[08:26:04] GOLDENDUSST (a0ee3527-abbd-3f28-bd2e-ff7c77b23497): Мама!!!
[08:26:11] GOLDENDUSST (a0ee3527-abbd-3f28-bd2e-ff7c77b23497): Где Мама!!!
[08:26:12] RunishYT (deb2ebb7-8562-3728-8ba8-ec800da9360c): это был сарказм
[08:26:33] RunishYT (deb2ebb7-8562-3728-8ba8-ec800da9360c): хардкор выживание в аду поехали
[08:26:46] RunishYT (deb2ebb7-8562-3728-8ba8-ec800da9360c): уффффф
[08:26:53] RunishYT (deb2ebb7-8562-3728-8ba8-ec800da9360c): не зря я строил
[08:27:20] RunishYT (deb2ebb7-8562-3728-8ba8-ec800da9360c): ну я строить ферму тотемов
[08:27:27] RunishYT (deb2ebb7-8562-3728-8ba8-ec800da9360c): но сначало в ад за незераком
[08:27:27] GOLDENDUSST (a0ee3527-abbd-3f28-bd2e-ff7c77b23497): Мэджик у тебя коорды через F3 показывает?
[08:29:59] RunishYT (deb2ebb7-8562-3728-8ba8-ec800da9360c): в каком ты биоме??
[08:30:02] RunishYT (deb2ebb7-8562-3728-8ba8-ec800da9360c): в каком ты биоме??
[08:30:19] GOLDENDUSST (a0ee3527-abbd-3f28-bd2e-ff7c77b23497): Минструация сукуба
[08:30:33] GOLDENDUSST (a0ee3527-abbd-3f28-bd2e-ff7c77b23497): Красная хуета
[08:30:39] RunishYT (deb2ebb7-8562-3728-8ba8-ec800da9360c): удач
[08:30:59] GOLDENDUSST (a0ee3527-abbd-3f28-bd2e-ff7c77b23497): Как определять стороны света
[08:31:02] RunishYT (deb2ebb7-8562-3728-8ba8-ec800da9360c): короч иди на корды 500 100
[08:31:10] GOLDENDUSST (a0ee3527-abbd-3f28-bd2e-ff7c77b23497): Сука уёбаище
[08:31:14] GOLDENDUSST (a0ee3527-abbd-3f28-bd2e-ff7c77b23497): Как нахуй
[08:31:21] RunishYT (deb2ebb7-8562-3728-8ba8-ec800da9360c): ну корды посмотри
[08:31:27] RunishYT (deb2ebb7-8562-3728-8ba8-ec800da9360c): делай портал
[08:31:36] GOLDENDUSST (a0ee3527-abbd-3f28-bd2e-ff7c77b23497): Сука ты тупой блять
[08:31:44] RunishYT (deb2ebb7-8562-3728-8ba8-ec800da9360c): у тебя же в компас есть
[08:31:51] GOLDENDUSST (a0ee3527-abbd-3f28-bd2e-ff7c77b23497): Ты со своими тупорылыми советами идёшь нахуй
[08:31:58] RunishYT (deb2ebb7-8562-3728-8ba8-ec800da9360c): ищи портал
[08:32:01] GOLDENDUSST (a0ee3527-abbd-3f28-bd2e-ff7c77b23497): Компас в аду не работает
[08:32:12] GOLDENDUSST (a0ee3527-abbd-3f28-bd2e-ff7c77b23497): Даун
[08:32:15] RunishYT (deb2ebb7-8562-3728-8ba8-ec800da9360c): блять делай портал войди в него и иди на спавн
[08:32:27] GOLDENDUSST (a0ee3527-abbd-3f28-bd2e-ff7c77b23497): Еблан у меня нету обсидиана
[08:32:33] RunishYT (deb2ebb7-8562-3728-8ba8-ec800da9360c): найди
[08:32:36] RunishYT (deb2ebb7-8562-3728-8ba8-ec800da9360c): они спав
[08:32:47] GOLDENDUSST (a0ee3527-abbd-3f28-bd2e-ff7c77b23497): Сука лучше молчи чем хуйню вбрасывать
[08:33:12] RunishYT (deb2ebb7-8562-3728-8ba8-ec800da9360c): найди блять портал разрушенный
[08:33:14] GOLDENDUSST (a0ee3527-abbd-3f28-bd2e-ff7c77b23497): Если я пешком буду идти в обычном мире я прийду через пол часа
[08:33:23] GOLDENDUSST (a0ee3527-abbd-3f28-bd2e-ff7c77b23497): Заткни ебло
[08:33:28] GOLDENDUSST (a0ee3527-abbd-3f28-bd2e-ff7c77b23497): Хуйло
[08:33:35] RunishYT (deb2ebb7-8562-3728-8ba8-ec800da9360c): Сильнейший выбор сделает лишь сложнейший
[08:33:39] GOLDENDUSST (a0ee3527-abbd-3f28-bd2e-ff7c77b23497): Ненавижу тупорылые советы
[08:33:57] RunishYT (deb2ebb7-8562-3728-8ba8-ec800da9360c): отключение
[08:34:05] RunishYT (deb2ebb7-8562-3728-8ba8-ec800da9360c): пидор меня скинули
[08:34:16] GOLDENDUSST (a0ee3527-abbd-3f28-bd2e-ff7c77b23497): Мне важно знать у мэджика коорды показывает если да то это случайно отключили а если нет то специально
[08:34:20] RunishYT (deb2ebb7-8562-3728-8ba8-ec800da9360c): отключение кордов запланированно??
[08:34:30] RunishYT (deb2ebb7-8562-3728-8ba8-ec800da9360c): Мэджик
[08:34:31] RunishYT (deb2ebb7-8562-3728-8ba8-ec800da9360c): Мэджик
[08:34:32] RunishYT (deb2ebb7-8562-3728-8ba8-ec800da9360c): Мэджик
[08:34:32] RunishYT (deb2ebb7-8562-3728-8ba8-ec800da9360c): Мэджик
[08:34:33] _MagicShadow_ (806b9490-3fe7-3c9b-a8f8-e73b9d0be3a8): а
[08:34:34] RunishYT (deb2ebb7-8562-3728-8ba8-ec800da9360c): Мэджик
[08:34:34] RunishYT (deb2ebb7-8562-3728-8ba8-ec800da9360c): Мэджик
[08:34:36] _MagicShadow_ (806b9490-3fe7-3c9b-a8f8-e73b9d0be3a8): чё
[08:34:44] RunishYT (deb2ebb7-8562-3728-8ba8-ec800da9360c): у тебя корды
[08:34:48] RunishYT (deb2ebb7-8562-3728-8ba8-ec800da9360c): у тебя корды робят??
[08:34:59] _MagicShadow_ (806b9490-3fe7-3c9b-a8f8-e73b9d0be3a8): в данный момент да
[08:35:06] RunishYT (deb2ebb7-8562-3728-8ba8-ec800da9360c): ясн
[08:35:41] RunishYT (deb2ebb7-8562-3728-8ba8-ec800da9360c): ну я делать ферму тотемов а потом в апекс
[08:36:23] RunishYT (deb2ebb7-8562-3728-8ba8-ec800da9360c): мне завтра книги сдавать
[08:37:34] [CAPS] RunishYT (deb2ebb7-8562-3728-8ba8-ec800da9360c): !бляяяяя
[08:37:41] RunishYT (deb2ebb7-8562-3728-8ba8-ec800da9360c): Шалкер в огонь упал
[08:37:50] GOLDENDUSST (a0ee3527-abbd-3f28-bd2e-ff7c77b23497): Ебать ты туп
[08:38:01] RunishYT (deb2ebb7-8562-3728-8ba8-ec800da9360c): я пошутил
[08:38:14] GOLDENDUSST (a0ee3527-abbd-3f28-bd2e-ff7c77b23497): Ааа ахахахахах оч смешная шутка
[08:38:30] RunishYT (deb2ebb7-8562-3728-8ba8-ec800da9360c): заткнулся ты наказан
[08:38:40] RunishYT (deb2ebb7-8562-3728-8ba8-ec800da9360c): Месяц без телефона
[08:38:45] RunishYT (deb2ebb7-8562-3728-8ba8-ec800da9360c): и ноута
[08:38:54] GOLDENDUSST (a0ee3527-abbd-3f28-bd2e-ff7c77b23497): Как только прийду я устраню тебя
[08:39:01] RunishYT (deb2ebb7-8562-3728-8ba8-ec800da9360c): биля дядя
[08:39:26] RunishYT (deb2ebb7-8562-3728-8ba8-ec800da9360c): нихуясе
[08:39:35] RunishYT (deb2ebb7-8562-3728-8ba8-ec800da9360c): откуда у нас столько пустых жителей?
[08:39:45] GOLDENDUSST (a0ee3527-abbd-3f28-bd2e-ff7c77b23497): Я их сделал
[08:39:47] RunishYT (deb2ebb7-8562-3728-8ba8-ec800da9360c): ебучие монголы
[08:39:49] GOLDENDUSST (a0ee3527-abbd-3f28-bd2e-ff7c77b23497): Для книг
[08:40:22] RunishYT (deb2ebb7-8562-3728-8ba8-ec800da9360c): тебя монгол в детсве ебаль
[08:40:26] GOLDENDUSST (a0ee3527-abbd-3f28-bd2e-ff7c77b23497): Кста скидки теперь можно сделать вчера фартук однйо фразой сменил сложность
[08:40:34] RunishYT (deb2ebb7-8562-3728-8ba8-ec800da9360c): я про монгола
[08:40:40] RunishYT (deb2ebb7-8562-3728-8ba8-ec800da9360c): нихуя он крут
[08:40:41] GOLDENDUSST (a0ee3527-abbd-3f28-bd2e-ff7c77b23497): Фартуна: Бредля пж смени сложность
[08:41:36] RunishYT (deb2ebb7-8562-3728-8ba8-ec800da9360c): УХАДИ
[08:41:37] RunishYT (deb2ebb7-8562-3728-8ba8-ec800da9360c): УХАДИ
[08:41:44] RunishYT (deb2ebb7-8562-3728-8ba8-ec800da9360c): у тебя корды робят??
[08:41:46] GOLDENDUSST (a0ee3527-abbd-3f28-bd2e-ff7c77b23497): Бля улей, а у меня шёлка нету
[08:41:57] RunishYT (deb2ebb7-8562-3728-8ba8-ec800da9360c): ты в обыч мире?
[08:42:03] GOLDENDUSST (a0ee3527-abbd-3f28-bd2e-ff7c77b23497): Да
[08:42:08] NightVizer (baecb933-9897-3b35-86a3-c2c9dd1004dd): я тебя тоже рад видеть)
[08:42:13] RunishYT (deb2ebb7-8562-3728-8ba8-ec800da9360c): ясно мои советы хуйня
[08:42:16] GOLDENDUSST (a0ee3527-abbd-3f28-bd2e-ff7c77b23497): Я нашёл портал бредли
[08:42:21] GOLDENDUSST (a0ee3527-abbd-3f28-bd2e-ff7c77b23497): Да хуета
[08:42:27] RunishYT (deb2ebb7-8562-3728-8ba8-ec800da9360c): :(
[08:42:38] RunishYT (deb2ebb7-8562-3728-8ba8-ec800da9360c): визер у тебя корды робят?
[08:42:55] NightVizer (baecb933-9897-3b35-86a3-c2c9dd1004dd): какие корды?
[08:43:04] RunishYT (deb2ebb7-8562-3728-8ba8-ec800da9360c): xyz
[08:43:12] NightVizer (baecb933-9897-3b35-86a3-c2c9dd1004dd): мои, я не скажу
[08:43:17] RunishYT (deb2ebb7-8562-3728-8ba8-ec800da9360c): чистая математика
[08:43:17] NightVizer (baecb933-9897-3b35-86a3-c2c9dd1004dd): темболее тебе
[08:43:28] RunishYT (deb2ebb7-8562-3728-8ba8-ec800da9360c): нет они у тебя вообще есть?
[08:43:35] NightVizer (baecb933-9897-3b35-86a3-c2c9dd1004dd): да
[08:43:41] RunishYT (deb2ebb7-8562-3728-8ba8-ec800da9360c): ясно ясно
[08:44:31] RunishYT (deb2ebb7-8562-3728-8ba8-ec800da9360c): запускаю гайд
[08:47:09] GOLDENDUSST (a0ee3527-abbd-3f28-bd2e-ff7c77b23497): Морской храм
[08:47:23] RunishYT (deb2ebb7-8562-3728-8ba8-ec800da9360c): запомни корды
[08:47:29] RunishYT (deb2ebb7-8562-3728-8ba8-ec800da9360c): запомни корды
[08:48:11] GOLDENDUSST (a0ee3527-abbd-3f28-bd2e-ff7c77b23497): Сука чуть не сдох
[08:50:07] [CAPS] _MagicShadow_ (806b9490-3fe7-3c9b-a8f8-e73b9d0be3a8): скип ночи плиз
[08:52:12] RunishYT (deb2ebb7-8562-3728-8ba8-ec800da9360c): на незераке спавнятся рейдеры?
[08:52:36] GOLDENDUSST (a0ee3527-abbd-3f28-bd2e-ff7c77b23497): На всех блоках кроме исключений
[08:53:20] RunishYT (deb2ebb7-8562-3728-8ba8-ec800da9360c): ноу
[08:53:24] RunishYT (deb2ebb7-8562-3728-8ba8-ec800da9360c): для ферму тотемов
[08:53:39] RunishYT (deb2ebb7-8562-3728-8ba8-ec800da9360c): где корды у беброкеров кста??
[08:54:01] RunishYT (deb2ebb7-8562-3728-8ba8-ec800da9360c): у беброкеров кордов нет
[08:55:09] _MagicShadow_ (806b9490-3fe7-3c9b-a8f8-e73b9d0be3a8): ОПА
[08:55:12] GulgPlayer (a1c0ea2e-fe38-3c55-a100-bcde7e6529b1): привет
[08:55:18] GulgPlayer (a1c0ea2e-fe38-3c55-a100-bcde7e6529b1): я не надолго
[08:55:22] RunishYT (deb2ebb7-8562-3728-8ba8-ec800da9360c): а
[08:55:33] RunishYT (deb2ebb7-8562-3728-8ba8-ec800da9360c): Вова ты теперь не бомж
[08:55:44] GOLDENDUSST (a0ee3527-abbd-3f28-bd2e-ff7c77b23497): Я вижу
[08:55:52] [CAPS] _MagicShadow_ (806b9490-3fe7-3c9b-a8f8-e73b9d0be3a8): зайди в гс
[08:56:05] _MagicShadow_ (806b9490-3fe7-3c9b-a8f8-e73b9d0be3a8): плиз
[08:56:10] _MagicShadow_ (806b9490-3fe7-3c9b-a8f8-e73b9d0be3a8): зайди в голосовой чат
[08:56:35] GOLDENDUSST (a0ee3527-abbd-3f28-bd2e-ff7c77b23497): Ну уже не надо
[08:56:42] GOLDENDUSST (a0ee3527-abbd-3f28-bd2e-ff7c77b23497): Я до спавна дошёл
[08:57:02] RunishYT (deb2ebb7-8562-3728-8ba8-ec800da9360c): сам без мамы?
[08:57:15] GOLDENDUSST (a0ee3527-abbd-3f28-bd2e-ff7c77b23497): Да я уже вжрослыыыый
[08:57:27] RunishYT (deb2ebb7-8562-3728-8ba8-ec800da9360c): уфффффф
[09:01:18] GulgPlayer (a1c0ea2e-fe38-3c55-a100-bcde7e6529b1): прив
[09:01:22] _MagicShadow_ (806b9490-3fe7-3c9b-a8f8-e73b9d0be3a8): зач зашёл?
[09:01:25] GulgPlayer (a1c0ea2e-fe38-3c55-a100-bcde7e6529b1): я все ещё ненадолго
[09:01:33] _MagicShadow_ (806b9490-3fe7-3c9b-a8f8-e73b9d0be3a8): ок
[09:01:35] GulgPlayer (a1c0ea2e-fe38-3c55-a100-bcde7e6529b1): прочто хочу помочь зомбика затащить
[09:01:42] GulgPlayer (a1c0ea2e-fe38-3c55-a100-bcde7e6529b1): не скипайте пж
[09:01:43] _MagicShadow_ (806b9490-3fe7-3c9b-a8f8-e73b9d0be3a8): в гч зайди
[09:01:48] GulgPlayer (a1c0ea2e-fe38-3c55-a100-bcde7e6529b1): не сорри
[09:01:52] GulgPlayer (a1c0ea2e-fe38-3c55-a100-bcde7e6529b1): не могу
[09:01:52] _MagicShadow_ (806b9490-3fe7-3c9b-a8f8-e73b9d0be3a8): ок
[09:01:53] GOLDENDUSST (a0ee3527-abbd-3f28-bd2e-ff7c77b23497): Поздно
[09:02:02] GOLDENDUSST (a0ee3527-abbd-3f28-bd2e-ff7c77b23497): А хотя нет
[09:02:23] GOLDENDUSST (a0ee3527-abbd-3f28-bd2e-ff7c77b23497): Я нет, подзно
[09:03:03] _MagicShadow_ (806b9490-3fe7-3c9b-a8f8-e73b9d0be3a8): опять ждать ночь
[09:05:21] GulgPlayer (a1c0ea2e-fe38-3c55-a100-bcde7e6529b1): сейчас ночь
[09:05:24] GulgPlayer (a1c0ea2e-fe38-3c55-a100-bcde7e6529b1): ?
[09:05:25] _MagicShadow_ (806b9490-3fe7-3c9b-a8f8-e73b9d0be3a8): нет
[09:05:52] _MagicShadow_ (806b9490-3fe7-3c9b-a8f8-e73b9d0be3a8): сколькожелеза?
[09:06:00] GulgPlayer (a1c0ea2e-fe38-3c55-a100-bcde7e6529b1): 7 стаков
[09:06:05] _MagicShadow_ (806b9490-3fe7-3c9b-a8f8-e73b9d0be3a8): нихрена
[09:06:50] GulgPlayer (a1c0ea2e-fe38-3c55-a100-bcde7e6529b1): кому продать фул сет зачарованой алмазки за 28 алмазов?
[09:07:00] GulgPlayer (a1c0ea2e-fe38-3c55-a100-bcde7e6529b1): почти не использовал
[09:07:02] GulgPlayer (a1c0ea2e-fe38-3c55-a100-bcde7e6529b1): почти не использовал
[09:07:08] RunishYT (deb2ebb7-8562-3728-8ba8-ec800da9360c): на что зачарованной??
[09:07:12] NightVizer (baecb933-9897-3b35-86a3-c2c9dd1004dd): зачеренной на что?
[09:07:23] GulgPlayer (a1c0ea2e-fe38-3c55-a100-bcde7e6529b1): шлем: защита от снарядов 3
[09:07:33] GOLDENDUSST (a0ee3527-abbd-3f28-bd2e-ff7c77b23497): Он с жителя скорее всего выторговал так что чары не особо
[09:07:40] GulgPlayer (a1c0ea2e-fe38-3c55-a100-bcde7e6529b1): нагрудник: защита 2
[09:07:45] NightVizer (baecb933-9897-3b35-86a3-c2c9dd1004dd): дам фиговые
[09:07:58] GulgPlayer (a1c0ea2e-fe38-3c55-a100-bcde7e6529b1): поножи: защита от снарядов 1
[09:08:01] RunishYT (deb2ebb7-8562-3728-8ba8-ec800da9360c): блять однажды молния ебанет по ыерме
[09:08:05] RunishYT (deb2ebb7-8562-3728-8ba8-ec800da9360c): и она сгорит
[09:08:06] GulgPlayer (a1c0ea2e-fe38-3c55-a100-bcde7e6529b1): ботинки: невесомость 3
[09:08:34] GulgPlayer (a1c0ea2e-fe38-3c55-a100-bcde7e6529b1): потом продай если что
[09:08:40] GulgPlayer (a1c0ea2e-fe38-3c55-a100-bcde7e6529b1): пока меня нет
[09:08:44] GulgPlayer (a1c0ea2e-fe38-3c55-a100-bcde7e6529b1): если никто не купит
[09:08:46] GulgPlayer (a1c0ea2e-fe38-3c55-a100-bcde7e6529b1): то вернёшь
[09:09:00] Dekoro9357 (41c5641c-3497-313c-95c4-fde4880698a5): привет всем я новичек
[09:09:09] NightVizer (baecb933-9897-3b35-86a3-c2c9dd1004dd): арив
[09:09:24] RunishYT (deb2ebb7-8562-3728-8ba8-ec800da9360c): ладно
[09:09:39] Dekoro9357 (41c5641c-3497-313c-95c4-fde4880698a5): спавн имба
[09:10:09] RunishYT (deb2ebb7-8562-3728-8ba8-ec800da9360c): Из-за Путина в апексе не будет русской озвучки
[09:10:17] Dekoro9357 (41c5641c-3497-313c-95c4-fde4880698a5): кто такой бредли
[09:10:22] RunishYT (deb2ebb7-8562-3728-8ba8-ec800da9360c): Хотяб субтитры есть
[09:10:29] GOLDENDUSST (a0ee3527-abbd-3f28-bd2e-ff7c77b23497): Нн
[09:10:32] RunishYT (deb2ebb7-8562-3728-8ba8-ec800da9360c): Рял
[09:10:38] RunishYT (deb2ebb7-8562-3728-8ba8-ec800da9360c): кто это?
[09:10:50] Dekoro9357 (41c5641c-3497-313c-95c4-fde4880698a5): кто проведет экскурсию?
[09:10:57] RunishYT (deb2ebb7-8562-3728-8ba8-ec800da9360c): по чему?
[09:11:08] Dekoro9357 (41c5641c-3497-313c-95c4-fde4880698a5): ну я новченький вот почему
[09:11:11] GOLDENDUSST (a0ee3527-abbd-3f28-bd2e-ff7c77b23497): А вспомнил это тот чел который жителей для фартуны делал
[09:11:21] RunishYT (deb2ebb7-8562-3728-8ba8-ec800da9360c): нет ПО Чему?
[09:11:32] RunishYT (deb2ebb7-8562-3728-8ba8-ec800da9360c): базу показывать не буду
[09:11:32] Dekoro9357 (41c5641c-3497-313c-95c4-fde4880698a5): по серверу
[09:11:39] RunishYT (deb2ebb7-8562-3728-8ba8-ec800da9360c): вот сервер
[09:11:39] Dekoro9357 (41c5641c-3497-313c-95c4-fde4880698a5): города есть?
[09:11:43] RunishYT (deb2ebb7-8562-3728-8ba8-ec800da9360c): есть
[09:11:51] RunishYT (deb2ebb7-8562-3728-8ba8-ec800da9360c): но только у меня
[09:11:57] Dekoro9357 (41c5641c-3497-313c-95c4-fde4880698a5): сделаешь экскрусии по городам?
[09:12:05] RunishYT (deb2ebb7-8562-3728-8ba8-ec800da9360c): ноу
[09:12:12] RunishYT (deb2ebb7-8562-3728-8ba8-ec800da9360c): я незнаю где они
[09:12:22] Dekoro9357 (41c5641c-3497-313c-95c4-fde4880698a5): а свой покажешь?
[09:12:28] RunishYT (deb2ebb7-8562-3728-8ba8-ec800da9360c): нэт
[09:12:35] Dekoro9357 (41c5641c-3497-313c-95c4-fde4880698a5): можно на спавне жить?
[09:12:38] RunishYT (deb2ebb7-8562-3728-8ba8-ec800da9360c): слышь ты урод
[09:12:44] GOLDENDUSST (a0ee3527-abbd-3f28-bd2e-ff7c77b23497): Еба зомби
[09:12:44] Dekoro9357 (41c5641c-3497-313c-95c4-fde4880698a5): я урод?
[09:12:46] GOLDENDUSST (a0ee3527-abbd-3f28-bd2e-ff7c77b23497): Спид
[09:12:47] RunishYT (deb2ebb7-8562-3728-8ba8-ec800da9360c): гони быстро железо иначе застрелю
[09:12:54] Dekoro9357 (41c5641c-3497-313c-95c4-fde4880698a5): у меня нет его
[09:12:58] GOLDENDUSST (a0ee3527-abbd-3f28-bd2e-ff7c77b23497): смори
[09:13:05] RunishYT (deb2ebb7-8562-3728-8ba8-ec800da9360c): я не тебе
[09:13:21] RunishYT (deb2ebb7-8562-3728-8ba8-ec800da9360c): гони железо быстро иначе стрельну
[09:13:39] RunishYT (deb2ebb7-8562-3728-8ba8-ec800da9360c): есть нитки?
[09:13:43] Dekoro9357 (41c5641c-3497-313c-95c4-fde4880698a5): нет
[09:13:49] RunishYT (deb2ebb7-8562-3728-8ba8-ec800da9360c): я не те
[09:13:52] GOLDENDUSST (a0ee3527-abbd-3f28-bd2e-ff7c77b23497): да
[09:13:57] GOLDENDUSST (a0ee3527-abbd-3f28-bd2e-ff7c77b23497): в верхнем сундуке
[09:14:01] Dekoro9357 (41c5641c-3497-313c-95c4-fde4880698a5): а зачем тогда в глобал пишешь?
[09:14:10] RunishYT (deb2ebb7-8562-3728-8ba8-ec800da9360c): тебе ресив подогнать?
[09:14:12] RunishYT (deb2ebb7-8562-3728-8ba8-ec800da9360c): Декоро
[09:14:26] Dekoro9357 (41c5641c-3497-313c-95c4-fde4880698a5): если не жалко
[09:14:59] RunishYT (deb2ebb7-8562-3728-8ba8-ec800da9360c): жди на спэвне
[09:15:16] RunishYT (deb2ebb7-8562-3728-8ba8-ec800da9360c): Вова энд
[09:15:26] RunishYT (deb2ebb7-8562-3728-8ba8-ec800da9360c): куп пж потом неразрушимость и починку
[09:15:29] RunishYT (deb2ebb7-8562-3728-8ba8-ec800da9360c): на элики
[09:15:35] GOLDENDUSST (a0ee3527-abbd-3f28-bd2e-ff7c77b23497): Я не пойду
[09:15:40] RunishYT (deb2ebb7-8562-3728-8ba8-ec800da9360c): я пойду
[09:15:48] GOLDENDUSST (a0ee3527-abbd-3f28-bd2e-ff7c77b23497): Щас могу купить
[09:15:58] _MagicShadow_ (806b9490-3fe7-3c9b-a8f8-e73b9d0be3a8): нах скипнули
[09:16:02] RunishYT (deb2ebb7-8562-3728-8ba8-ec800da9360c): биля
[09:16:44] _MagicShadow_ (806b9490-3fe7-3c9b-a8f8-e73b9d0be3a8): бла сука опять ночь ждать
[09:16:44] GOLDENDUSST (a0ee3527-abbd-3f28-bd2e-ff7c77b23497): Руниш книги
[09:16:53] RunishYT (deb2ebb7-8562-3728-8ba8-ec800da9360c): потом
[09:16:57] RunishYT (deb2ebb7-8562-3728-8ba8-ec800da9360c): ферму сделаю
[09:17:04] RunishYT (deb2ebb7-8562-3728-8ba8-ec800da9360c): жди на спэвнэ декоро
[09:17:11] Dekoro9357 (41c5641c-3497-313c-95c4-fde4880698a5): жду
[09:17:51] GOLDENDUSST (a0ee3527-abbd-3f28-bd2e-ff7c77b23497): Кто продаст золото
[09:18:14] Dekoro9357 (41c5641c-3497-313c-95c4-fde4880698a5): что?
[09:18:23] GOLDENDUSST (a0ee3527-abbd-3f28-bd2e-ff7c77b23497): Я маг целитиль
[09:18:24] RunishYT (deb2ebb7-8562-3728-8ba8-ec800da9360c): бредля как строится на крыше ада?
[09:18:27] GOLDENDUSST (a0ee3527-abbd-3f28-bd2e-ff7c77b23497): Целитель
[09:18:36] Dekoro9357 (41c5641c-3497-313c-95c4-fde4880698a5): брадли тут ткбе магилу сделали
[09:19:26] RunishYT (deb2ebb7-8562-3728-8ba8-ec800da9360c): ахуенно
[09:19:39] RunishYT (deb2ebb7-8562-3728-8ba8-ec800da9360c): мне это нужно было
[09:19:45] Dekoro9357 (41c5641c-3497-313c-95c4-fde4880698a5): что за рагу?
[09:19:53] RunishYT (deb2ebb7-8562-3728-8ba8-ec800da9360c): на насыщеность
[09:20:58] RunishYT (deb2ebb7-8562-3728-8ba8-ec800da9360c): нахуй ты за мной идешь??
[09:21:04] Dekoro9357 (41c5641c-3497-313c-95c4-fde4880698a5): нельзя?
[09:21:10] RunishYT (deb2ebb7-8562-3728-8ba8-ec800da9360c): да
[09:21:12] GOLDENDUSST (a0ee3527-abbd-3f28-bd2e-ff7c77b23497): Он думает что ты его мама
[09:21:13] Dekoro9357 (41c5641c-3497-313c-95c4-fde4880698a5): :(
[09:21:27] RunishYT (deb2ebb7-8562-3728-8ba8-ec800da9360c): Ухады
[09:21:27] GOLDENDUSST (a0ee3527-abbd-3f28-bd2e-ff7c77b23497): Он только появился на свет и первое что увидил тебя
[09:21:29] _MagicShadow_ (806b9490-3fe7-3c9b-a8f8-e73b9d0be3a8): стоп
[09:21:39] _MagicShadow_ (806b9490-3fe7-3c9b-a8f8-e73b9d0be3a8): раз ты вылечил зомби
[09:21:43] RunishYT (deb2ebb7-8562-3728-8ba8-ec800da9360c): а то раскажешь корды базы
[09:21:46] _MagicShadow_ (806b9490-3fe7-3c9b-a8f8-e73b9d0be3a8): у нас хард стоит
[09:21:49] GOLDENDUSST (a0ee3527-abbd-3f28-bd2e-ff7c77b23497): Да сложность
[09:21:55] GOLDENDUSST (a0ee3527-abbd-3f28-bd2e-ff7c77b23497): Я же говорил
[09:21:55] RunishYT (deb2ebb7-8562-3728-8ba8-ec800da9360c): неее
[09:22:01] RunishYT (deb2ebb7-8562-3728-8ba8-ec800da9360c): Повезло прост
[09:22:05] _MagicShadow_ (806b9490-3fe7-3c9b-a8f8-e73b9d0be3a8): ема я богат ведь теперь буду
[09:22:32] RunishYT (deb2ebb7-8562-3728-8ba8-ec800da9360c): Бэлин
[09:22:44] Dekoro9357 (41c5641c-3497-313c-95c4-fde4880698a5): что мне делать надо щяс?
[09:22:46] _MagicShadow_ (806b9490-3fe7-3c9b-a8f8-e73b9d0be3a8): кто скипнет следующую ночь тоот лох натуральный!!
[09:22:52] RunishYT (deb2ebb7-8562-3728-8ba8-ec800da9360c): выживать
[09:23:01] Dekoro9357 (41c5641c-3497-313c-95c4-fde4880698a5): я в майн месяц играб
[09:23:07] GOLDENDUSST (a0ee3527-abbd-3f28-bd2e-ff7c77b23497): Я лох искусственный
[09:23:10] RunishYT (deb2ebb7-8562-3728-8ba8-ec800da9360c): Ясно позер
[09:23:42] Dekoro9357 (41c5641c-3497-313c-95c4-fde4880698a5): я играл ток на серверах мини игр
[09:23:48] RunishYT (deb2ebb7-8562-3728-8ba8-ec800da9360c): Аааа нееет все пропало
[09:24:00] RunishYT (deb2ebb7-8562-3728-8ba8-ec800da9360c): Ну тогда иди к кому нибудь в город
[09:24:00] Bradly378 (9ab93dfb-1454-3bb1-b47f-700f714534a9): кукусики всем
[09:24:02] _MagicShadow_ (806b9490-3fe7-3c9b-a8f8-e73b9d0be3a8): бля а норм что у меня голем в стене заспавнился?
[09:24:04] RunishYT (deb2ebb7-8562-3728-8ba8-ec800da9360c): Но не к нам
[09:24:13] Dekoro9357 (41c5641c-3497-313c-95c4-fde4880698a5): как мне город найти?
[09:24:14] RunishYT (deb2ebb7-8562-3728-8ba8-ec800da9360c): Дефолт
[09:24:23] RunishYT (deb2ebb7-8562-3728-8ba8-ec800da9360c): Спрашивай людей корды скажут
[09:24:32] Dekoro9357 (41c5641c-3497-313c-95c4-fde4880698a5): их
[09:24:49] RunishYT (deb2ebb7-8562-3728-8ba8-ec800da9360c): вон иди к мэджику
[09:25:07] _MagicShadow_ (806b9490-3fe7-3c9b-a8f8-e73b9d0be3a8): идите в жопу у меня итак 3 живут
[09:25:14] Bradly378 (9ab93dfb-1454-3bb1-b47f-700f714534a9): рельсы
[09:25:16] RunishYT (deb2ebb7-8562-3728-8ba8-ec800da9360c): кто 3?
[09:25:36] ItsFartunaRu (87aa0b4c-629f-3cae-a9c4-787ca2fa3e21): руиниш где энд
[09:25:39] _MagicShadow_ (806b9490-3fe7-3c9b-a8f8-e73b9d0be3a8): GulgPlayer И Baganutiy и я
[09:25:46] RunishYT (deb2ebb7-8562-3728-8ba8-ec800da9360c): Иди тогда к фартуне
[09:25:57] RunishYT (deb2ebb7-8562-3728-8ba8-ec800da9360c): А мы вместе пойдем фартук?
[09:26:03] ItsFartunaRu (87aa0b4c-629f-3cae-a9c4-787ca2fa3e21): хзхзхз
[09:26:06] GOLDENDUSST (a0ee3527-abbd-3f28-bd2e-ff7c77b23497): Кто нахуй
[09:26:16] GOLDENDUSST (a0ee3527-abbd-3f28-bd2e-ff7c77b23497): Ты где и кто ты
[09:26:18] _MagicShadow_ (806b9490-3fe7-3c9b-a8f8-e73b9d0be3a8): помните что я сказал про скип ночи!!!
[09:26:29] RunishYT (deb2ebb7-8562-3728-8ba8-ec800da9360c): Мне надо еще ыерму доделать и убратся
[09:26:34] ItsFartunaRu (87aa0b4c-629f-3cae-a9c4-787ca2fa3e21): бредля жителей уебал
[09:26:41] RunishYT (deb2ebb7-8562-3728-8ba8-ec800da9360c): Иди к фартуку декоро
[09:26:49] Dekoro9357 (41c5641c-3497-313c-95c4-fde4880698a5): я сзади тебя
[09:26:52] ItsFartunaRu (87aa0b4c-629f-3cae-a9c4-787ca2fa3e21): не понял
[09:26:57] ItsFartunaRu (87aa0b4c-629f-3cae-a9c4-787ca2fa3e21): нихуясе
[09:27:04] RunishYT (deb2ebb7-8562-3728-8ba8-ec800da9360c): УХАДИ
[09:27:05] RunishYT (deb2ebb7-8562-3728-8ba8-ec800da9360c): УХАДИ
[09:27:06] GOLDENDUSST (a0ee3527-abbd-3f28-bd2e-ff7c77b23497): где
[09:27:19] Dekoro9357 (41c5641c-3497-313c-95c4-fde4880698a5): я к голдену пришел
[09:27:23] ItsFartunaRu (87aa0b4c-629f-3cae-a9c4-787ca2fa3e21): погнали в энд
[09:27:28] RunishYT (deb2ebb7-8562-3728-8ba8-ec800da9360c): Бредля
[09:27:42] ItsFartunaRu (87aa0b4c-629f-3cae-a9c4-787ca2fa3e21): верни авец
[09:27:45] Dekoro9357 (41c5641c-3497-313c-95c4-fde4880698a5): голден можно с вами?
[09:27:54] _MagicShadow_ (806b9490-3fe7-3c9b-a8f8-e73b9d0be3a8): бла где эти зомби когда так нужны?
[09:27:57] GOLDENDUSST (a0ee3527-abbd-3f28-bd2e-ff7c77b23497): Я тебя впервые вижу
[09:28:00] ItsFartunaRu (87aa0b4c-629f-3cae-a9c4-787ca2fa3e21): RunishYT корды э
[09:28:03] RunishYT (deb2ebb7-8562-3728-8ba8-ec800da9360c): Древняя те0ника призыв Админа
[09:28:04] Dekoro9357 (41c5641c-3497-313c-95c4-fde4880698a5): я впервые щашел
[09:28:11] RunishYT (deb2ebb7-8562-3728-8ba8-ec800da9360c): Тп ко мне
[09:28:18] Dekoro9357 (41c5641c-3497-313c-95c4-fde4880698a5): это значит да?
[09:28:21] _MagicShadow_ (806b9490-3fe7-3c9b-a8f8-e73b9d0be3a8): тп?
[09:28:24] RunishYT (deb2ebb7-8562-3728-8ba8-ec800da9360c): Нэт
[09:28:27] RunishYT (deb2ebb7-8562-3728-8ba8-ec800da9360c): Ухади
[09:28:27] GOLDENDUSST (a0ee3527-abbd-3f28-bd2e-ff7c77b23497): Сорри нет
[09:28:31] ItsFartunaRu (87aa0b4c-629f-3cae-a9c4-787ca2fa3e21): тпэ на пёрлах
[09:28:33] GOLDENDUSST (a0ee3527-abbd-3f28-bd2e-ff7c77b23497): Можешь к фартуне
[09:28:38] GOLDENDUSST (a0ee3527-abbd-3f28-bd2e-ff7c77b23497): Идти
[09:28:43] ItsFartunaRu (87aa0b4c-629f-3cae-a9c4-787ca2fa3e21): ебланы ты о чём
[09:28:48] ItsFartunaRu (87aa0b4c-629f-3cae-a9c4-787ca2fa3e21): еблан ты о чём
[09:28:49] RunishYT (deb2ebb7-8562-3728-8ba8-ec800da9360c): Декоро к тебе
[09:28:49] GOLDENDUSST (a0ee3527-abbd-3f28-bd2e-ff7c77b23497): Фартук примешь декоро
[09:28:53] Dekoro9357 (41c5641c-3497-313c-95c4-fde4880698a5): фартуна к тебе можно?
[09:28:54] RunishYT (deb2ebb7-8562-3728-8ba8-ec800da9360c): В тиму
[09:28:54] ItsFartunaRu (87aa0b4c-629f-3cae-a9c4-787ca2fa3e21): нахуя
[09:29:04] ItsFartunaRu (87aa0b4c-629f-3cae-a9c4-787ca2fa3e21): бредля берём или нет
[09:29:05] RunishYT (deb2ebb7-8562-3728-8ba8-ec800da9360c): тебе ж раб нужен был
[09:29:07] Bradly378 (9ab93dfb-1454-3bb1-b47f-700f714534a9): не
[09:29:18] ItsFartunaRu (87aa0b4c-629f-3cae-a9c4-787ca2fa3e21): тебя хватит
[09:29:22] Bradly378 (9ab93dfb-1454-3bb1-b47f-700f714534a9): у нас шо пол сервера буде, 3 чела и асе
[09:29:31] Dekoro9357 (41c5641c-3497-313c-95c4-fde4880698a5): ну пж
[09:29:38] RunishYT (deb2ebb7-8562-3728-8ba8-ec800da9360c): НЕТ
[09:29:42] ItsFartunaRu (87aa0b4c-629f-3cae-a9c4-787ca2fa3e21): какие корды энда
[09:29:45] Dekoro9357 (41c5641c-3497-313c-95c4-fde4880698a5): я фартуне
[09:29:47] Bradly378 (9ab93dfb-1454-3bb1-b47f-700f714534a9): я запрещать
[09:29:52] ItsFartunaRu (87aa0b4c-629f-3cae-a9c4-787ca2fa3e21): уф
[09:29:58] GOLDENDUSST (a0ee3527-abbd-3f28-bd2e-ff7c77b23497): Портал наш хуй тебе фартуна ебаный
[09:30:11] ItsFartunaRu (87aa0b4c-629f-3cae-a9c4-787ca2fa3e21): я тебя поимею беброкер
[09:30:18] RunishYT (deb2ebb7-8562-3728-8ba8-ec800da9360c): Бредля
[09:30:20] RunishYT (deb2ebb7-8562-3728-8ba8-ec800da9360c): Тп
[09:30:33] Bradly378 (9ab93dfb-1454-3bb1-b47f-700f714534a9): зач? мне и на базе хорошо
[09:30:51] RunishYT (deb2ebb7-8562-3728-8ba8-ec800da9360c): Техника тп на миллион блоков
[09:30:56] ItsFartunaRu (87aa0b4c-629f-3cae-a9c4-787ca2fa3e21): ловим зомбака
[09:31:02] RunishYT (deb2ebb7-8562-3728-8ba8-ec800da9360c): ня а я
[09:31:05] Bradly378 (9ab93dfb-1454-3bb1-b47f-700f714534a9): вас понял
[09:31:15] _MagicShadow_ (806b9490-3fe7-3c9b-a8f8-e73b9d0be3a8): скип ночь
[09:31:19] RunishYT (deb2ebb7-8562-3728-8ba8-ec800da9360c): Катон Гоу ТП БРЕДЛЯ ТП ЕГО НА СПАВН
[09:31:20] _MagicShadow_ (806b9490-3fe7-3c9b-a8f8-e73b9d0be3a8): скип ночь
[09:31:37] ItsFartunaRu (87aa0b4c-629f-3cae-a9c4-787ca2fa3e21): узбек плати алмазес за тэпэ
[09:31:42] RunishYT (deb2ebb7-8562-3728-8ba8-ec800da9360c): Бре??
[09:31:45] RunishYT (deb2ebb7-8562-3728-8ba8-ec800da9360c): Иди к бредли
[09:31:55] ItsFartunaRu (87aa0b4c-629f-3cae-a9c4-787ca2fa3e21): в броне над
[09:31:56] Dekoro9357 (41c5641c-3497-313c-95c4-fde4880698a5): бредли можно к тебе?
[09:32:15] ItsFartunaRu (87aa0b4c-629f-3cae-a9c4-787ca2fa3e21): щас пнём
[09:32:28] RunishYT (deb2ebb7-8562-3728-8ba8-ec800da9360c): кыш
[09:32:33] ItsFartunaRu (87aa0b4c-629f-3cae-a9c4-787ca2fa3e21): всё
[09:32:45] RunishYT (deb2ebb7-8562-3728-8ba8-ec800da9360c): Мы северная Корея
[09:32:54] Dekoro9357 (41c5641c-3497-313c-95c4-fde4880698a5): брендлм
[09:33:11] RunishYT (deb2ebb7-8562-3728-8ba8-ec800da9360c): все ухади
[09:33:32] RunishYT (deb2ebb7-8562-3728-8ba8-ec800da9360c): прощай
[09:33:51] RunishYT (deb2ebb7-8562-3728-8ba8-ec800da9360c): биля зафармился
[09:34:03] ItsFartunaRu (87aa0b4c-629f-3cae-a9c4-787ca2fa3e21): где портал в энд находится
[09:34:14] Bradly378 (9ab93dfb-1454-3bb1-b47f-700f714534a9): сука в рот ебал бэбру я в блоках застряв
[09:34:16] Dekoro9357 (41c5641c-3497-313c-95c4-fde4880698a5): к кому можно прийти?
[09:34:19] Bradly378 (9ab93dfb-1454-3bb1-b47f-700f714534a9): э
[09:34:22] ItsFartunaRu (87aa0b4c-629f-3cae-a9c4-787ca2fa3e21): тычо не с пк
[09:34:29] Bradly378 (9ab93dfb-1454-3bb1-b47f-700f714534a9): я не понял это бэбровская цензура!?
[09:34:32] Bradly378 (9ab93dfb-1454-3bb1-b47f-700f714534a9): я в шк
[09:34:34] RunishYT (deb2ebb7-8562-3728-8ba8-ec800da9360c): делай свое поселение
[09:34:36] _MagicShadow_ (806b9490-3fe7-3c9b-a8f8-e73b9d0be3a8): прийти можно ко всем а жить у них нельзя
[09:34:38] RunishYT (deb2ebb7-8562-3728-8ba8-ec800da9360c): выжывай сам
[09:34:45] ItsFartunaRu (87aa0b4c-629f-3cae-a9c4-787ca2fa3e21): чел харош
[09:34:55] Dekoro9357 (41c5641c-3497-313c-95c4-fde4880698a5): так я не жить, я пока хочу сервер посмотреть
[09:35:13] _MagicShadow_ (806b9490-3fe7-3c9b-a8f8-e73b9d0be3a8): ходи все рядом
[09:35:31] ItsFartunaRu (87aa0b4c-629f-3cae-a9c4-787ca2fa3e21): RunishYT у кого яйцо
[09:35:39] RunishYT (deb2ebb7-8562-3728-8ba8-ec800da9360c): Мы Северная Корея
[09:35:43] Bradly378 (9ab93dfb-1454-3bb1-b47f-700f714534a9): у меня их 2
[09:35:46] RunishYT (deb2ebb7-8562-3728-8ba8-ec800da9360c): У найт Визера
[09:35:47] ItsFartunaRu (87aa0b4c-629f-3cae-a9c4-787ca2fa3e21): уф
[09:35:56] RunishYT (deb2ebb7-8562-3728-8ba8-ec800da9360c): как его пиздить будем??
[09:36:02] RunishYT (deb2ebb7-8562-3728-8ba8-ec800da9360c): Есть идеи?
[09:36:17] ItsFartunaRu (87aa0b4c-629f-3cae-a9c4-787ca2fa3e21): делаем деверсию
[09:36:22] _MagicShadow_ (806b9490-3fe7-3c9b-a8f8-e73b9d0be3a8): кому мак нужен отдам за 1 железо за стак
[09:36:22] Dekoro9357 (41c5641c-3497-313c-95c4-fde4880698a5): фартуна
[09:36:24] Bradly378 (9ab93dfb-1454-3bb1-b47f-700f714534a9): фартун нам нада сундук сланца
[09:36:28] ItsFartunaRu (87aa0b4c-629f-3cae-a9c4-787ca2fa3e21): я еблан
[09:36:28] _MagicShadow_ (806b9490-3fe7-3c9b-a8f8-e73b9d0be3a8): кому мак нужен отдам за 1 железо за стак
[09:36:31] ItsFartunaRu (87aa0b4c-629f-3cae-a9c4-787ca2fa3e21): диверсию
[09:36:46] RunishYT (deb2ebb7-8562-3728-8ba8-ec800da9360c): эххх щас би улей с пчелами
[09:36:49] ItsFartunaRu (87aa0b4c-629f-3cae-a9c4-787ca2fa3e21): зочем
[09:36:59] _MagicShadow_ (806b9490-3fe7-3c9b-a8f8-e73b9d0be3a8): а я знаю где есть улей могу показать
[09:37:01] Bradly378 (9ab93dfb-1454-3bb1-b47f-700f714534a9): база
[09:37:05] _MagicShadow_ (806b9490-3fe7-3c9b-a8f8-e73b9d0be3a8): а я знаю где есть улей могу показать
[09:37:07] ItsFartunaRu (87aa0b4c-629f-3cae-a9c4-787ca2fa3e21): эх, щас бы продавать улей
[09:37:14] GOLDENDUSST (a0ee3527-abbd-3f28-bd2e-ff7c77b23497): Мак?
[09:37:22] GOLDENDUSST (a0ee3527-abbd-3f28-bd2e-ff7c77b23497): Макдональдс?
[09:37:28] _MagicShadow_ (806b9490-3fe7-3c9b-a8f8-e73b9d0be3a8): да мак
[09:37:30] ItsFartunaRu (87aa0b4c-629f-3cae-a9c4-787ca2fa3e21): там в пещере можно накопать
[09:37:34] RunishYT (deb2ebb7-8562-3728-8ba8-ec800da9360c): Вове покажи где улей
[09:37:40] RunishYT (deb2ebb7-8562-3728-8ba8-ec800da9360c): У него шелк
[09:37:45] _MagicShadow_ (806b9490-3fe7-3c9b-a8f8-e73b9d0be3a8): кто такой вова?
[09:37:52] ItsFartunaRu (87aa0b4c-629f-3cae-a9c4-787ca2fa3e21): э казах продай шёлк
[09:37:52] RunishYT (deb2ebb7-8562-3728-8ba8-ec800da9360c): Незнаю шиза
[09:38:02] _MagicShadow_ (806b9490-3fe7-3c9b-a8f8-e73b9d0be3a8): шёлк пусть моей маме5 продаст плиз
[09:38:25] _MagicShadow_ (806b9490-3fe7-3c9b-a8f8-e73b9d0be3a8): маме шёлк нужен
[09:38:29] RunishYT (deb2ebb7-8562-3728-8ba8-ec800da9360c): боже чел шутки про мам в 20 году
[09:38:31] Dekoro9357 (41c5641c-3497-313c-95c4-fde4880698a5): руниш ты где
[09:38:38] ItsFartunaRu (87aa0b4c-629f-3cae-a9c4-787ca2fa3e21): 22 еблан
[09:38:42] RunishYT (deb2ebb7-8562-3728-8ba8-ec800da9360c): в пизде
[09:38:59] _MagicShadow_ (806b9490-3fe7-3c9b-a8f8-e73b9d0be3a8): чел какие шутки нам рили шёлк нужен
[09:39:08] RunishYT (deb2ebb7-8562-3728-8ba8-ec800da9360c): Хохохо
[09:39:19] RunishYT (deb2ebb7-8562-3728-8ba8-ec800da9360c): Вова можешь ставить цену
[09:39:23] _MagicShadow_ (806b9490-3fe7-3c9b-a8f8-e73b9d0be3a8): чел ты чё дед мороз?
[09:39:38] GOLDENDUSST (a0ee3527-abbd-3f28-bd2e-ff7c77b23497): У нас нету шёлка
[09:39:41] ItsFartunaRu (87aa0b4c-629f-3cae-a9c4-787ca2fa3e21): а ты чо зеленскей?
[09:39:41] RunishYT (deb2ebb7-8562-3728-8ba8-ec800da9360c): Вова за сколько продадим?
[09:39:46] RunishYT (deb2ebb7-8562-3728-8ba8-ec800da9360c): так он же изи делается
[09:40:00] ItsFartunaRu (87aa0b4c-629f-3cae-a9c4-787ca2fa3e21): это чо
[09:40:01] GOLDENDUSST (a0ee3527-abbd-3f28-bd2e-ff7c77b23497): Пашёл нахуй сам делай я занят
[09:40:22] Bradly378 (9ab93dfb-1454-3bb1-b47f-700f714534a9): тут будет мнго этажная фармилка тыкв тросника и шерсти с бамбуком
[09:40:22] RunishYT (deb2ebb7-8562-3728-8ba8-ec800da9360c): Яяя все понял
[09:40:24] ItsFartunaRu (87aa0b4c-629f-3cae-a9c4-787ca2fa3e21): когда пинг беброкерам врубили
[09:40:28] Dekoro9357 (41c5641c-3497-313c-95c4-fde4880698a5): голден у вас голем сдох
[09:40:30] RunishYT (deb2ebb7-8562-3728-8ba8-ec800da9360c): Ненужен я нужны деньги нужны бабки
[09:40:40] Dekoro9357 (41c5641c-3497-313c-95c4-fde4880698a5): он к зомби подошел и сдох
[09:40:41] GOLDENDUSST (a0ee3527-abbd-3f28-bd2e-ff7c77b23497): Это фармилка железа
[09:40:45] Dekoro9357 (41c5641c-3497-313c-95c4-fde4880698a5): ок
[09:40:48] _MagicShadow_ (806b9490-3fe7-3c9b-a8f8-e73b9d0be3a8): так мак кому нужен вы ведь так и не ответили
[09:40:56] ItsFartunaRu (87aa0b4c-629f-3cae-a9c4-787ca2fa3e21): нахуя он
[09:41:07] GOLDENDUSST (a0ee3527-abbd-3f28-bd2e-ff7c77b23497): Продавать фастфуд делать бабки
[09:41:11] _MagicShadow_ (806b9490-3fe7-3c9b-a8f8-e73b9d0be3a8): бургеры есть
[09:41:16] _MagicShadow_ (806b9490-3fe7-3c9b-a8f8-e73b9d0be3a8): бургеры есть
[09:41:23] ItsFartunaRu (87aa0b4c-629f-3cae-a9c4-787ca2fa3e21): отличная идея товарищ гитлер
[09:42:08] ItsFartunaRu (87aa0b4c-629f-3cae-a9c4-787ca2fa3e21): почему нету партикла секас у мобов
[09:42:10] Dekoro9357 (41c5641c-3497-313c-95c4-fde4880698a5): пиздец
[09:42:11] _MagicShadow_ (806b9490-3fe7-3c9b-a8f8-e73b9d0be3a8): кому железо за изумруды
[09:42:27] Bradly378 (9ab93dfb-1454-3bb1-b47f-700f714534a9): хз
[09:42:31] Dekoro9357 (41c5641c-3497-313c-95c4-fde4880698a5): к кому в гости прийти можно?
[09:42:52] ItsFartunaRu (87aa0b4c-629f-3cae-a9c4-787ca2fa3e21): GOLDENDUSST есть кровати?
[09:43:49] _MagicShadow_ (806b9490-3fe7-3c9b-a8f8-e73b9d0be3a8): ItsFartunaRu 2 кровати нужны?
[09:44:13] _MagicShadow_ (806b9490-3fe7-3c9b-a8f8-e73b9d0be3a8): скип ночь плиз
[09:45:23] Bradly378 (9ab93dfb-1454-3bb1-b47f-700f714534a9): все я ушел халява закончилась
[09:45:48] _MagicShadow_ (806b9490-3fe7-3c9b-a8f8-e73b9d0be3a8): ItsFartunaRu 2 кровати нужны?
[09:46:16] ItsFartunaRu (87aa0b4c-629f-3cae-a9c4-787ca2fa3e21): мало
[09:47:47] ItsFartunaRu (87aa0b4c-629f-3cae-a9c4-787ca2fa3e21): интерес в радиусе 500 блоков все элики спиздили
[09:48:05] RunishYT (deb2ebb7-8562-3728-8ba8-ec800da9360c): ноу
[09:48:09] RunishYT (deb2ebb7-8562-3728-8ba8-ec800da9360c): их там нету
[09:48:15] RunishYT (deb2ebb7-8562-3728-8ba8-ec800da9360c): они дальше
[09:48:25] RunishYT (deb2ebb7-8562-3728-8ba8-ec800da9360c): вроде визер и люксио особо не лутали
[09:48:38] ItsFartunaRu (87aa0b4c-629f-3cae-a9c4-787ca2fa3e21): пиздец
[09:48:48] ItsFartunaRu (87aa0b4c-629f-3cae-a9c4-787ca2fa3e21): надо элики искать
[09:48:48] GOLDENDUSST (a0ee3527-abbd-3f28-bd2e-ff7c77b23497): Ебать наконец я даун сука тупой нахуй блять как только я достиг цели я понял что етсь альтернативное решение
[09:49:04] RunishYT (deb2ebb7-8562-3728-8ba8-ec800da9360c): ахуенный
[09:49:13] ItsFartunaRu (87aa0b4c-629f-3cae-a9c4-787ca2fa3e21): невъебенный
[09:51:20] GOLDENDUSST (a0ee3527-abbd-3f28-bd2e-ff7c77b23497): У кого нарост етст
[09:51:43] GOLDENDUSST (a0ee3527-abbd-3f28-bd2e-ff7c77b23497): Готов купить нарост за 2 алма
[09:57:37] ItsFartunaRu (87aa0b4c-629f-3cae-a9c4-787ca2fa3e21): руина тебе скок камня над было
[09:57:49] RunishYT (deb2ebb7-8562-3728-8ba8-ec800da9360c): 10 стаков а чо??
[09:57:51] GOLDENDUSST (a0ee3527-abbd-3f28-bd2e-ff7c77b23497): Уже не надо
[09:57:58] GOLDENDUSST (a0ee3527-abbd-3f28-bd2e-ff7c77b23497): У мени етсь
[09:57:59] ItsFartunaRu (87aa0b4c-629f-3cae-a9c4-787ca2fa3e21): я прост заметил у меня его дахуя
[09:58:02] GOLDENDUSST (a0ee3527-abbd-3f28-bd2e-ff7c77b23497): Состаь
[09:58:07] GOLDENDUSST (a0ee3527-abbd-3f28-bd2e-ff7c77b23497): Составь
[09:59:55] ItsFartunaRu (87aa0b4c-629f-3cae-a9c4-787ca2fa3e21): узбек какие корды портала в энд
[10:00:12] RunishYT (deb2ebb7-8562-3728-8ba8-ec800da9360c): Принесешь мне 10 элитр??
[10:00:24] ItsFartunaRu (87aa0b4c-629f-3cae-a9c4-787ca2fa3e21): пошёл нахуй спрошу у бебре
[10:00:36] GOLDENDUSST (a0ee3527-abbd-3f28-bd2e-ff7c77b23497): Так портал то наш
[10:00:45] ItsFartunaRu (87aa0b4c-629f-3cae-a9c4-787ca2fa3e21): еблан он не один
[10:00:53] GOLDENDUSST (a0ee3527-abbd-3f28-bd2e-ff7c77b23497): Ладно
[10:01:18] ItsFartunaRu (87aa0b4c-629f-3cae-a9c4-787ca2fa3e21): лох
[10:01:27] GOLDENDUSST (a0ee3527-abbd-3f28-bd2e-ff7c77b23497): Лох
[10:01:40] RunishYT (deb2ebb7-8562-3728-8ba8-ec800da9360c): ебланы вы по своим стреляете
[10:01:49] ItsFartunaRu (87aa0b4c-629f-3cae-a9c4-787ca2fa3e21): по кому
[10:02:39] ItsFartunaRu (87aa0b4c-629f-3cae-a9c4-787ca2fa3e21): продай шёлк и фартуну 3
[10:02:46] RunishYT (deb2ebb7-8562-3728-8ba8-ec800da9360c): ладно
[10:02:52] RunishYT (deb2ebb7-8562-3728-8ba8-ec800da9360c): фартуна я тебя продаю
[10:02:56] GOLDENDUSST (a0ee3527-abbd-3f28-bd2e-ff7c77b23497): # меня тольк один фартуна
[10:02:58] ItsFartunaRu (87aa0b4c-629f-3cae-a9c4-787ca2fa3e21): уебан
[10:03:17] GOLDENDUSST (a0ee3527-abbd-3f28-bd2e-ff7c77b23497): Попутили лоха
[10:06:05] ItsFartunaRu (87aa0b4c-629f-3cae-a9c4-787ca2fa3e21): уф, 41 алмазес накопал с фартуной 3
[10:06:08] RunishYT (deb2ebb7-8562-3728-8ba8-ec800da9360c): хохлы сами себя бомбят
[10:06:20] ItsFartunaRu (87aa0b4c-629f-3cae-a9c4-787ca2fa3e21): нахуя
[10:06:36] RunishYT (deb2ebb7-8562-3728-8ba8-ec800da9360c): спроси у Путина
[10:06:47] ItsFartunaRu (87aa0b4c-629f-3cae-a9c4-787ca2fa3e21): ты далбаёп
[10:07:27] RunishYT (deb2ebb7-8562-3728-8ba8-ec800da9360c): Кто как называется
[10:07:33] ItsFartunaRu (87aa0b4c-629f-3cae-a9c4-787ca2fa3e21): френдлифаер
[10:07:33] RunishYT (deb2ebb7-8562-3728-8ba8-ec800da9360c): Кто как обзывается
[10:07:39] RunishYT (deb2ebb7-8562-3728-8ba8-ec800da9360c): Тот так и называется
[10:08:40] ItsFartunaRu (87aa0b4c-629f-3cae-a9c4-787ca2fa3e21): 8 блоков алмазес я крут
[10:09:09] RunishYT (deb2ebb7-8562-3728-8ba8-ec800da9360c): это неоффициальная валюта
[10:09:23] ItsFartunaRu (87aa0b4c-629f-3cae-a9c4-787ca2fa3e21): 100% будут алмы
[10:09:30] ItsFartunaRu (87aa0b4c-629f-3cae-a9c4-787ca2fa3e21): продай шёлк
[10:09:51] RunishYT (deb2ebb7-8562-3728-8ba8-ec800da9360c): если бог сайко захочет то нет
[10:12:47] ItsFartunaRu (87aa0b4c-629f-3cae-a9c4-787ca2fa3e21): блять фантомы делают ебание
[10:17:13] RunishYT (deb2ebb7-8562-3728-8ba8-ec800da9360c): Варшавский полублок
[10:18:48] RunishYT (deb2ebb7-8562-3728-8ba8-ec800da9360c): ферма рейдов сделана
[10:18:57] ItsFartunaRu (87aa0b4c-629f-3cae-a9c4-787ca2fa3e21): пропиши зобэние
[10:19:52] ItsFartunaRu (87aa0b4c-629f-3cae-a9c4-787ca2fa3e21): онет
[10:19:54] ItsFartunaRu (87aa0b4c-629f-3cae-a9c4-787ca2fa3e21): зачем
[10:20:09] ItsFartunaRu (87aa0b4c-629f-3cae-a9c4-787ca2fa3e21): не
[10:20:22] ItsFartunaRu (87aa0b4c-629f-3cae-a9c4-787ca2fa3e21): ты попутал бан с опкой
[10:20:25] ItsFartunaRu (87aa0b4c-629f-3cae-a9c4-787ca2fa3e21): ты попутал бан с опкой
[10:20:58] ItsFartunaRu (87aa0b4c-629f-3cae-a9c4-787ca2fa3e21): лучше корды портала дай
[10:20:58] RunishYT (deb2ebb7-8562-3728-8ba8-ec800da9360c): ты реклму заказал сайко??
[10:21:05] RunishYT (deb2ebb7-8562-3728-8ba8-ec800da9360c): рекламу
[10:21:12] Ulucid0 (7f6935d5-b173-3c7f-ba0d-14bb27dcd84f): QQ
[10:21:19] Ulucid0 (7f6935d5-b173-3c7f-ba0d-14bb27dcd84f): q
[10:21:33] RunishYT (deb2ebb7-8562-3728-8ba8-ec800da9360c): ты рекламу заказал сайко??
[10:22:11] RunishYT (deb2ebb7-8562-3728-8ba8-ec800da9360c): а чо так дохуя игроков?
[10:22:26] Ulucid0 (7f6935d5-b173-3c7f-ba0d-14bb27dcd84f): кому нибудь можна в коалицию вступить?
[10:22:27] GOLDENDUSST (a0ee3527-abbd-3f28-bd2e-ff7c77b23497): Мб прохор не одмен
[10:22:28] ItsFartunaRu (87aa0b4c-629f-3cae-a9c4-787ca2fa3e21): блять почему у меня зомбак пропал
[10:22:40] RunishYT (deb2ebb7-8562-3728-8ba8-ec800da9360c): коалиции нет
[10:22:48] RunishYT (deb2ebb7-8562-3728-8ba8-ec800da9360c): все еще бомжи
[10:22:49] ItsFartunaRu (87aa0b4c-629f-3cae-a9c4-787ca2fa3e21): есть сквад дегенератов
[10:22:56] Ulucid0 (7f6935d5-b173-3c7f-ba0d-14bb27dcd84f): аххах кто?))
[10:22:57] RunishYT (deb2ebb7-8562-3728-8ba8-ec800da9360c): Вова го сделаем Уаршавский полублок
[10:23:06] ItsFartunaRu (87aa0b4c-629f-3cae-a9c4-787ca2fa3e21): руиниш и голд
[10:23:12] RunishYT (deb2ebb7-8562-3728-8ba8-ec800da9360c): Вова го сделаем Варшавский полублок
[10:23:16] Ulucid0 (7f6935d5-b173-3c7f-ba0d-14bb27dcd84f): ааа аза
[10:23:20] ItsFartunaRu (87aa0b4c-629f-3cae-a9c4-787ca2fa3e21): нет пж
[10:23:27] ItsFartunaRu (87aa0b4c-629f-3cae-a9c4-787ca2fa3e21): корды портала дай заебал
[10:23:42] RunishYT (deb2ebb7-8562-3728-8ba8-ec800da9360c): он наш
[10:23:51] ItsFartunaRu (87aa0b4c-629f-3cae-a9c4-787ca2fa3e21): блять уебись нахуй ты нужен
[10:24:03] RunishYT (deb2ebb7-8562-3728-8ba8-ec800da9360c): :(
[10:24:37] Ulucid0 (7f6935d5-b173-3c7f-ba0d-14bb27dcd84f): у кого нибудь есть жесткая сборочка на фабрик?
[10:24:46] RunishYT (deb2ebb7-8562-3728-8ba8-ec800da9360c): Сталин Старался Союз Распался
[10:25:05] RunishYT (deb2ebb7-8562-3728-8ba8-ec800da9360c): Да где блять
[10:25:08] RunishYT (deb2ebb7-8562-3728-8ba8-ec800da9360c): рейдеры
[10:25:18] ItsFartunaRu (87aa0b4c-629f-3cae-a9c4-787ca2fa3e21): негры
[10:25:36] ItsFartunaRu (87aa0b4c-629f-3cae-a9c4-787ca2fa3e21): твоя ферма не будет работать
[10:25:44] RunishYT (deb2ebb7-8562-3728-8ba8-ec800da9360c): поч??
[10:25:49] ItsFartunaRu (87aa0b4c-629f-3cae-a9c4-787ca2fa3e21): я так сказал
[10:25:58] RunishYT (deb2ebb7-8562-3728-8ba8-ec800da9360c): ты лох
[10:26:07] ItsFartunaRu (87aa0b4c-629f-3cae-a9c4-787ca2fa3e21): да ты ахуел раб
[10:26:15] RunishYT (deb2ebb7-8562-3728-8ba8-ec800da9360c): да
[10:26:22] Ulucid0 (7f6935d5-b173-3c7f-ba0d-14bb27dcd84f): скинешь в телегу?
[10:26:44] RunishYT (deb2ebb7-8562-3728-8ba8-ec800da9360c): пиздец когда мне ненужно рейдеров 100000000000
[10:27:00] RunishYT (deb2ebb7-8562-3728-8ba8-ec800da9360c): а cockда мне нужно 1 рейдер в час
[10:27:01] Ulucid0 (7f6935d5-b173-3c7f-ba0d-14bb27dcd84f): ок
[10:27:03] ItsFartunaRu (87aa0b4c-629f-3cae-a9c4-787ca2fa3e21): я еблан
[10:27:05] Ulucid0 (7f6935d5-b173-3c7f-ba0d-14bb27dcd84f): БЛЯТьт
[10:27:13] Ulucid0 (7f6935d5-b173-3c7f-ba0d-14bb27dcd84f): я испугалс
[10:27:45] RunishYT (deb2ebb7-8562-3728-8ba8-ec800da9360c): стоп
[10:27:52] RunishYT (deb2ebb7-8562-3728-8ba8-ec800da9360c): Вова сходи ка к спавнеру
[10:28:05] RunishYT (deb2ebb7-8562-3728-8ba8-ec800da9360c): а мы же его остановили
[10:28:59] RunishYT (deb2ebb7-8562-3728-8ba8-ec800da9360c): почему у аванпоста 1 рейдер в 10 секунд?
[10:29:14] ItsFartunaRu (87aa0b4c-629f-3cae-a9c4-787ca2fa3e21): ферма работать не будэт
[10:29:16] GulgPlayer (a1c0ea2e-fe38-3c55-a100-bcde7e6529b1): кому нужно 58 железных блоков
[10:29:24] Ulucid0 (7f6935d5-b173-3c7f-ba0d-14bb27dcd84f): мне?
[10:29:30] RunishYT (deb2ebb7-8562-3728-8ba8-ec800da9360c): фартук ты чо наделал?
[10:29:33] GulgPlayer (a1c0ea2e-fe38-3c55-a100-bcde7e6529b1): чем заплатишь?
[10:29:37] ItsFartunaRu (87aa0b4c-629f-3cae-a9c4-787ca2fa3e21): купил опку
[10:29:49] Ulucid0 (7f6935d5-b173-3c7f-ba0d-14bb27dcd84f): а ахахзвха я думал бесплатно))
[10:29:53] RunishYT (deb2ebb7-8562-3728-8ba8-ec800da9360c): отключай
[10:29:54] ItsFartunaRu (87aa0b4c-629f-3cae-a9c4-787ca2fa3e21): бредля сказал будет уменьшать спавнрейт
[10:30:03] RunishYT (deb2ebb7-8562-3728-8ba8-ec800da9360c): нахуя??
[10:30:07] ItsFartunaRu (87aa0b4c-629f-3cae-a9c4-787ca2fa3e21): игроков дахуя
[10:30:12] RunishYT (deb2ebb7-8562-3728-8ba8-ec800da9360c): нормально же общались
[10:30:14] ItsFartunaRu (87aa0b4c-629f-3cae-a9c4-787ca2fa3e21): парагон диверсе ахуевает
[10:30:18] ItsFartunaRu (87aa0b4c-629f-3cae-a9c4-787ca2fa3e21): скоро взорвётся
[10:30:56] ItsFartunaRu (87aa0b4c-629f-3cae-a9c4-787ca2fa3e21): возможно сделает хуйню с распредлением спавнрейта
[10:31:14] GulgPlayer (a1c0ea2e-fe38-3c55-a100-bcde7e6529b1): кто продаст палочки блеёза за железные блоки
[10:31:54] RunishYT (deb2ebb7-8562-3728-8ba8-ec800da9360c): наконец-то
[10:32:01] ItsFartunaRu (87aa0b4c-629f-3cae-a9c4-787ca2fa3e21): нетттттттттттттттттттт
[10:32:04] GOLDENDUSST (a0ee3527-abbd-3f28-bd2e-ff7c77b23497): Сука я ебал
[10:32:06] ItsFartunaRu (87aa0b4c-629f-3cae-a9c4-787ca2fa3e21): система сломалась
[10:32:27] GOLDENDUSST (a0ee3527-abbd-3f28-bd2e-ff7c77b23497): Пришлось 10 жителей убить так как они тупые к зомби прибежали
[10:32:27] RunishYT (deb2ebb7-8562-3728-8ba8-ec800da9360c): таак
[10:32:30] Ulucid0 (7f6935d5-b173-3c7f-ba0d-14bb27dcd84f): как корды подрубить?
[10:32:31] RunishYT (deb2ebb7-8562-3728-8ba8-ec800da9360c): поехало
[10:32:39] ItsFartunaRu (87aa0b4c-629f-3cae-a9c4-787ca2fa3e21): F3
[10:32:49] GOLDENDUSST (a0ee3527-abbd-3f28-bd2e-ff7c77b23497): Пришлось 10 жителей убить так как они тупые к зомби побежали
[10:32:50] Ulucid0 (7f6935d5-b173-3c7f-ba0d-14bb27dcd84f): да плагин же есть
[10:32:56] ItsFartunaRu (87aa0b4c-629f-3cae-a9c4-787ca2fa3e21): разве
[10:32:59] RunishYT (deb2ebb7-8562-3728-8ba8-ec800da9360c): бляяяяять
[10:33:02] RunishYT (deb2ebb7-8562-3728-8ba8-ec800da9360c): лагаееет
[10:33:18] Ulucid0 (7f6935d5-b173-3c7f-ba0d-14bb27dcd84f): спс
[10:33:36] RunishYT (deb2ebb7-8562-3728-8ba8-ec800da9360c): плюс 2 тотема
[10:33:46] ItsFartunaRu (87aa0b4c-629f-3cae-a9c4-787ca2fa3e21): ломай фармилку
[10:33:49] ItsFartunaRu (87aa0b4c-629f-3cae-a9c4-787ca2fa3e21): она хуйня
[10:34:24] RunishYT (deb2ebb7-8562-3728-8ba8-ec800da9360c): я кажется понял принцип
[10:36:09] RunishYT (deb2ebb7-8562-3728-8ba8-ec800da9360c): 4 тотема
[10:36:16] ItsFartunaRu (87aa0b4c-629f-3cae-a9c4-787ca2fa3e21): хуйня
[10:36:21] ItsFartunaRu (87aa0b4c-629f-3cae-a9c4-787ca2fa3e21): моя фармилка лучше
[10:36:29] ItsFartunaRu (87aa0b4c-629f-3cae-a9c4-787ca2fa3e21): продам технологии
[10:36:32] GOLDENDUSST (a0ee3527-abbd-3f28-bd2e-ff7c77b23497): Пиздабол
[10:36:39] RunishYT (deb2ebb7-8562-3728-8ba8-ec800da9360c): ахуеть она работает
[10:36:41] GOLDENDUSST (a0ee3527-abbd-3f28-bd2e-ff7c77b23497): Не таоя фармиока китаец ты ебаны
[10:36:55] GOLDENDUSST (a0ee3527-abbd-3f28-bd2e-ff7c77b23497): Не твоя фармилка китаец ты ебаный
[10:36:59] ItsFartunaRu (87aa0b4c-629f-3cae-a9c4-787ca2fa3e21): уебан я построил фармилку узбеков
[10:37:07] ItsFartunaRu (87aa0b4c-629f-3cae-a9c4-787ca2fa3e21): без тутор
[10:37:08] GOLDENDUSST (a0ee3527-abbd-3f28-bd2e-ff7c77b23497): Уебан ты её скопировал
[10:37:14] ItsFartunaRu (87aa0b4c-629f-3cae-a9c4-787ca2fa3e21): я не про эту
[10:37:33] ItsFartunaRu (87aa0b4c-629f-3cae-a9c4-787ca2fa3e21): не та которая была на визерэсэмпэ
[10:37:33] Ulucid0 (7f6935d5-b173-3c7f-ba0d-14bb27dcd84f): 1313 63 -436 чья деревня?
[10:37:51] ItsFartunaRu (87aa0b4c-629f-3cae-a9c4-787ca2fa3e21): нету таблички значит моя
[10:37:53] ItsFartunaRu (87aa0b4c-629f-3cae-a9c4-787ca2fa3e21): ничья
[10:37:57] GOLDENDUSST (a0ee3527-abbd-3f28-bd2e-ff7c77b23497): вроде гулага
[10:38:01] RunishYT (deb2ebb7-8562-3728-8ba8-ec800da9360c): Чечня
[10:38:02] GulgPlayer (a1c0ea2e-fe38-3c55-a100-bcde7e6529b1): моя
[10:38:04] Ulucid0 (7f6935d5-b173-3c7f-ba0d-14bb27dcd84f): дом летает
[10:38:07] GulgPlayer (a1c0ea2e-fe38-3c55-a100-bcde7e6529b1): но можете пользоваться
[10:38:11] GulgPlayer (a1c0ea2e-fe38-3c55-a100-bcde7e6529b1): она залутана уже
[10:38:14] ItsFartunaRu (87aa0b4c-629f-3cae-a9c4-787ca2fa3e21): взлетел
[10:38:27] RunishYT (deb2ebb7-8562-3728-8ba8-ec800da9360c): Вова
[10:38:29] RunishYT (deb2ebb7-8562-3728-8ba8-ec800da9360c): Вова
[10:38:32] RunishYT (deb2ebb7-8562-3728-8ba8-ec800da9360c): Она работает
[10:38:42] RunishYT (deb2ebb7-8562-3728-8ba8-ec800da9360c): но чот не так какна видео
[10:38:42] ItsFartunaRu (87aa0b4c-629f-3cae-a9c4-787ca2fa3e21): GOLDENDUSST сделай жителей за алмазес
[10:39:00] GOLDENDUSST (a0ee3527-abbd-3f28-bd2e-ff7c77b23497): Буду я конкурентов разводить
[10:39:05] ItsFartunaRu (87aa0b4c-629f-3cae-a9c4-787ca2fa3e21): да спс
[10:39:08] RunishYT (deb2ebb7-8562-3728-8ba8-ec800da9360c): ахуеть
[10:39:16] RunishYT (deb2ebb7-8562-3728-8ba8-ec800da9360c): теперь по 2 розбийника
[10:39:21] ItsFartunaRu (87aa0b4c-629f-3cae-a9c4-787ca2fa3e21): каких конкурентов
[10:39:23] ItsFartunaRu (87aa0b4c-629f-3cae-a9c4-787ca2fa3e21): ты охуел
[10:39:38] RunishYT (deb2ebb7-8562-3728-8ba8-ec800da9360c): тогда вступи в наш Варшавский Полублок
[10:39:42] ItsFartunaRu (87aa0b4c-629f-3cae-a9c4-787ca2fa3e21): нет
[10:39:53] RunishYT (deb2ebb7-8562-3728-8ba8-ec800da9360c): тогда пошел нах
[10:40:05] ItsFartunaRu (87aa0b4c-629f-3cae-a9c4-787ca2fa3e21): ты вообще кто узбек
[10:40:18] RunishYT (deb2ebb7-8562-3728-8ba8-ec800da9360c): Президент Чечни
[10:40:25] ItsFartunaRu (87aa0b4c-629f-3cae-a9c4-787ca2fa3e21): ладно
[10:42:01] RunishYT (deb2ebb7-8562-3728-8ba8-ec800da9360c): РОБИТ
[10:42:14] [CAPS] RunishYT (deb2ebb7-8562-3728-8ba8-ec800da9360c): пиздец оно робит
[10:42:28] GOLDENDUSST (a0ee3527-abbd-3f28-bd2e-ff7c77b23497): Наконец у нас есть сила бессмертия
[10:42:45] RunishYT (deb2ebb7-8562-3728-8ba8-ec800da9360c): у кого у нас?
[10:42:56] GOLDENDUSST (a0ee3527-abbd-3f28-bd2e-ff7c77b23497): Кик из города лох
[10:42:59] ItsFartunaRu (87aa0b4c-629f-3cae-a9c4-787ca2fa3e21): туда
[10:43:12] RunishYT (deb2ebb7-8562-3728-8ba8-ec800da9360c): да ладно чо ты
[10:45:40] GOLDENDUSST (a0ee3527-abbd-3f28-bd2e-ff7c77b23497): Еба скидочки
[10:46:06] RunishYT (deb2ebb7-8562-3728-8ba8-ec800da9360c): меня захуярили
[10:47:24] GulgPlayer (a1c0ea2e-fe38-3c55-a100-bcde7e6529b1): привет
[10:47:25] ItsFartunaRu (87aa0b4c-629f-3cae-a9c4-787ca2fa3e21): всё пиздец серву
[10:47:31] Ulucid0 (7f6935d5-b173-3c7f-ba0d-14bb27dcd84f): вжавжвыаджыв
[10:47:39] GulgPlayer (a1c0ea2e-fe38-3c55-a100-bcde7e6529b1): привет
[10:47:46] Ulucid0 (7f6935d5-b173-3c7f-ba0d-14bb27dcd84f): algebraman
[10:48:10] RunishYT (deb2ebb7-8562-3728-8ba8-ec800da9360c): он на латыни заговорил
[10:48:12] GulgPlayer (a1c0ea2e-fe38-3c55-a100-bcde7e6529b1): привет
[10:48:20] ItsFartunaRu (87aa0b4c-629f-3cae-a9c4-787ca2fa3e21): тыче колдун
[10:48:36] RunishYT (deb2ebb7-8562-3728-8ba8-ec800da9360c): эй калдун ебучий
[10:49:41] Ulucid0 (7f6935d5-b173-3c7f-ba0d-14bb27dcd84f): аахах привет
[10:49:52] ItsFartunaRu (87aa0b4c-629f-3cae-a9c4-787ca2fa3e21): сексрен зочем ты адмен
[10:49:53] RunishYT (deb2ebb7-8562-3728-8ba8-ec800da9360c): ты кто?
[10:50:23] RunishYT (deb2ebb7-8562-3728-8ba8-ec800da9360c): рял ахуела на моем сервере админом быть
[10:50:24] Ulucid0 (7f6935d5-b173-3c7f-ba0d-14bb27dcd84f): владелец крупного бизнеса 2 сезона ну типа
[10:50:50] [CAPS] Ulucid0 (7f6935d5-b173-3c7f-ba0d-14bb27dcd84f): от камня вылетел\
[10:50:51] RunishYT (deb2ebb7-8562-3728-8ba8-ec800da9360c): тотемчики тотемчики недорого
[10:51:19] ItsFartunaRu (87aa0b4c-629f-3cae-a9c4-787ca2fa3e21): ты мне цену завышать будешь да
[10:51:32] RunishYT (deb2ebb7-8562-3728-8ba8-ec800da9360c): нет конешно бро
[10:51:40] ItsFartunaRu (87aa0b4c-629f-3cae-a9c4-787ca2fa3e21): 1 тотем 10 алмазес
[10:51:41] GOLDENDUSST (a0ee3527-abbd-3f28-bd2e-ff7c77b23497): Да
[10:51:51] GOLDENDUSST (a0ee3527-abbd-3f28-bd2e-ff7c77b23497): Мой зомби СПИЗДозная шлюха
[10:51:53] RunishYT (deb2ebb7-8562-3728-8ba8-ec800da9360c): вствпишь в варшавский полублок даже скидка будет
[10:51:57] ItsFartunaRu (87aa0b4c-629f-3cae-a9c4-787ca2fa3e21): !
[10:51:59] GOLDENDUSST (a0ee3527-abbd-3f28-bd2e-ff7c77b23497): Я им заражаю
[10:52:02] ItsFartunaRu (87aa0b4c-629f-3cae-a9c4-787ca2fa3e21): это твой ник в майне броу
[10:52:15] RunishYT (deb2ebb7-8562-3728-8ba8-ec800da9360c): вступишь в варшавский полублок даже скидка будет
[10:52:28] ItsFartunaRu (87aa0b4c-629f-3cae-a9c4-787ca2fa3e21): пошёл нахуй я с бредлей
[10:52:45] RunishYT (deb2ebb7-8562-3728-8ba8-ec800da9360c): еблоид это же союз
[10:52:55] ItsFartunaRu (87aa0b4c-629f-3cae-a9c4-787ca2fa3e21): ачё перлы больше не падают с пиглинов
[10:52:55] RunishYT (deb2ebb7-8562-3728-8ba8-ec800da9360c): учи историю
[10:53:04] ItsFartunaRu (87aa0b4c-629f-3cae-a9c4-787ca2fa3e21): ты еблан
[10:53:08] RunishYT (deb2ebb7-8562-3728-8ba8-ec800da9360c): украины
[10:53:29] ItsFartunaRu (87aa0b4c-629f-3cae-a9c4-787ca2fa3e21): тима с узбеками развалится ток появившись
[10:53:33] GOLDENDUSST (a0ee3527-abbd-3f28-bd2e-ff7c77b23497): 6 жителей за раз
[10:53:41] ItsFartunaRu (87aa0b4c-629f-3cae-a9c4-787ca2fa3e21): парагон диверсе тому пример
[10:53:43] RunishYT (deb2ebb7-8562-3728-8ba8-ec800da9360c): нас армия
[10:53:52] RunishYT (deb2ebb7-8562-3728-8ba8-ec800da9360c): еблан он не развалился
[10:54:00] GOLDENDUSST (a0ee3527-abbd-3f28-bd2e-ff7c77b23497): А нахуй сексрен спрашивала? Думала что случился казус и все жители дохнут?
[10:54:01] RunishYT (deb2ebb7-8562-3728-8ba8-ec800da9360c): Мы просто съебались
[10:54:02] ItsFartunaRu (87aa0b4c-629f-3cae-a9c4-787ca2fa3e21): я про нашу тиму
[10:54:08] ItsFartunaRu (87aa0b4c-629f-3cae-a9c4-787ca2fa3e21): разволился по этому
[10:54:39] ItsFartunaRu (87aa0b4c-629f-3cae-a9c4-787ca2fa3e21): воу я узбек
[10:54:41] RunishYT (deb2ebb7-8562-3728-8ba8-ec800da9360c): вообще то это была твоя империя
[10:55:40] ItsFartunaRu (87aa0b4c-629f-3cae-a9c4-787ca2fa3e21): развалил её ты
[10:55:44] RunishYT (deb2ebb7-8562-3728-8ba8-ec800da9360c): фартук ты атеист??
[10:55:55] ItsFartunaRu (87aa0b4c-629f-3cae-a9c4-787ca2fa3e21): возможно
[10:56:06] RunishYT (deb2ebb7-8562-3728-8ba8-ec800da9360c): просто я антитеист
[10:56:14] ItsFartunaRu (87aa0b4c-629f-3cae-a9c4-787ca2fa3e21): ладно
[10:56:22] GOLDENDUSST (a0ee3527-abbd-3f28-bd2e-ff7c77b23497): Уффф зомби не задиспавнились
[10:56:27] GOLDENDUSST (a0ee3527-abbd-3f28-bd2e-ff7c77b23497): Я испугался
[10:56:39] RunishYT (deb2ebb7-8562-3728-8ba8-ec800da9360c): обосрался*
[10:56:41] GOLDENDUSST (a0ee3527-abbd-3f28-bd2e-ff7c77b23497): Короч я из-за хуёвого инета колледжа вылетел
[10:57:01] RunishYT (deb2ebb7-8562-3728-8ba8-ec800da9360c): в каком колледже?
[10:57:03] ItsFartunaRu (87aa0b4c-629f-3cae-a9c4-787ca2fa3e21): да где пёрл
[10:57:03] [CAPS] Ulucid0 (7f6935d5-b173-3c7f-ba0d-14bb27dcd84f): к кому можно прийдти попукать
[10:57:03] RunishYT (deb2ebb7-8562-3728-8ba8-ec800da9360c): ты шкила
[10:57:35] GOLDENDUSST (a0ee3527-abbd-3f28-bd2e-ff7c77b23497): Дасиз гуд
[10:57:38] ItsFartunaRu (87aa0b4c-629f-3cae-a9c4-787ca2fa3e21): ясн
[10:57:42] ItsFartunaRu (87aa0b4c-629f-3cae-a9c4-787ca2fa3e21): пиглины ебланы
[10:58:01] RunishYT (deb2ebb7-8562-3728-8ba8-ec800da9360c): пиглины наебали лоха
[10:58:04] GOLDENDUSST (a0ee3527-abbd-3f28-bd2e-ff7c77b23497): Ну чтож по второму кругу попущу жителей
[10:58:27] ItsFartunaRu (87aa0b4c-629f-3cae-a9c4-787ca2fa3e21): точняк жителей надо делать
[10:59:12] GOLDENDUSST (a0ee3527-abbd-3f28-bd2e-ff7c77b23497): Ээээ
[10:59:13] RunishYT (deb2ebb7-8562-3728-8ba8-ec800da9360c): Вова кого возьмем в варшавский полублок??
[10:59:19] GOLDENDUSST (a0ee3527-abbd-3f28-bd2e-ff7c77b23497): Чё за ноунейм
[10:59:20] Ulucid0 (7f6935d5-b173-3c7f-ba0d-14bb27dcd84f): я пасмарет
[10:59:23] Ulucid0 (7f6935d5-b173-3c7f-ba0d-14bb27dcd84f): ЧЕЕ
[11:00:27] RunishYT (deb2ebb7-8562-3728-8ba8-ec800da9360c): Вова кого возьмем в варшавский полублок??
[11:00:33] GOLDENDUSST (a0ee3527-abbd-3f28-bd2e-ff7c77b23497): У меня чел
[11:00:42] Ulucid0 (7f6935d5-b173-3c7f-ba0d-14bb27dcd84f): варнье
[11:00:42] RunishYT (deb2ebb7-8562-3728-8ba8-ec800da9360c): какой??
[11:00:47] GOLDENDUSST (a0ee3527-abbd-3f28-bd2e-ff7c77b23497): Тот который бизнесмен
[11:00:54] RunishYT (deb2ebb7-8562-3728-8ba8-ec800da9360c): УХАды
[11:01:13] GOLDENDUSST (a0ee3527-abbd-3f28-bd2e-ff7c77b23497): лезь в канаву нет времени объяснять
[11:01:15] RunishYT (deb2ebb7-8562-3728-8ba8-ec800da9360c): Я же написал что мы северная корея
[11:01:37] Ulucid0 (7f6935d5-b173-3c7f-ba0d-14bb27dcd84f): я в отеле живу теперь
[11:01:45] Ulucid0 (7f6935d5-b173-3c7f-ba0d-14bb27dcd84f): 7 звезд\
[11:01:49] RunishYT (deb2ebb7-8562-3728-8ba8-ec800da9360c): каво?
[11:01:51] ItsFartunaRu (87aa0b4c-629f-3cae-a9c4-787ca2fa3e21): узбекистан
[11:02:00] GOLDENDUSST (a0ee3527-abbd-3f28-bd2e-ff7c77b23497): прыгай
[11:02:08] RunishYT (deb2ebb7-8562-3728-8ba8-ec800da9360c): что ты нам предложишь Улусид?
[11:02:18] _MagicShadow_ (806b9490-3fe7-3c9b-a8f8-e73b9d0be3a8): а какой придмет у кожевника?
[11:02:23] Ulucid0 (7f6935d5-b173-3c7f-ba0d-14bb27dcd84f): карту всмерти и 3 земоли
[11:02:40] RunishYT (deb2ebb7-8562-3728-8ba8-ec800da9360c): Ты явно бизнесмен
[11:02:55] _MagicShadow_ (806b9490-3fe7-3c9b-a8f8-e73b9d0be3a8): а как сденлать кожевника какой блок нужен?
[11:02:57] GOLDENDUSST (a0ee3527-abbd-3f28-bd2e-ff7c77b23497): Он добровольно попал ко мне в рабство
[11:03:03] GOLDENDUSST (a0ee3527-abbd-3f28-bd2e-ff7c77b23497): Закрыт в обсидиане
[11:03:12] ItsFartunaRu (87aa0b4c-629f-3cae-a9c4-787ca2fa3e21): харош
[11:03:20] RunishYT (deb2ebb7-8562-3728-8ba8-ec800da9360c): продаем улусида недорого
[11:03:24] _MagicShadow_ (806b9490-3fe7-3c9b-a8f8-e73b9d0be3a8): а как сденлать кожевника какой блок нужен?
[11:03:33] RunishYT (deb2ebb7-8562-3728-8ba8-ec800da9360c): котел
[11:03:36] ItsFartunaRu (87aa0b4c-629f-3cae-a9c4-787ca2fa3e21): адский
[11:03:44] Ulucid0 (7f6935d5-b173-3c7f-ba0d-14bb27dcd84f): pfdpf[dspf[sdpf[]sdpf[]
[11:03:48] GOLDENDUSST (a0ee3527-abbd-3f28-bd2e-ff7c77b23497): Бля я проебался
[11:03:48] RunishYT (deb2ebb7-8562-3728-8ba8-ec800da9360c): Казахский
[11:03:53] Ulucid0 (7f6935d5-b173-3c7f-ba0d-14bb27dcd84f): хзуаухзызащывзхъаывазщщывзаыващзхщзывахъ
[11:04:01] ItsFartunaRu (87aa0b4c-629f-3cae-a9c4-787ca2fa3e21): он чё сдох
[11:04:06] RunishYT (deb2ebb7-8562-3728-8ba8-ec800da9360c): ЭЭээ калдун ебучий
[11:04:13] GOLDENDUSST (a0ee3527-abbd-3f28-bd2e-ff7c77b23497): Я на него насал а он всплыл
[11:04:15] Ulucid0 (7f6935d5-b173-3c7f-ba0d-14bb27dcd84f): он воду разлил я вылез через дырочку
[11:04:37] RunishYT (deb2ebb7-8562-3728-8ba8-ec800da9360c): ухади и возвращайся когда станешь развитым
[11:04:44] Ulucid0 (7f6935d5-b173-3c7f-ba0d-14bb27dcd84f): )
[11:04:44] RunishYT (deb2ebb7-8562-3728-8ba8-ec800da9360c): Неандерталец
[11:05:26] GOLDENDUSST (a0ee3527-abbd-3f28-bd2e-ff7c77b23497): Ты где
[11:05:39] RunishYT (deb2ebb7-8562-3728-8ba8-ec800da9360c): фармлюсь на ферме рейдов
[11:05:39] Ulucid0 (7f6935d5-b173-3c7f-ba0d-14bb27dcd84f): я чтол
[11:05:47] GOLDENDUSST (a0ee3527-abbd-3f28-bd2e-ff7c77b23497): Да
[11:05:58] Ulucid0 (7f6935d5-b173-3c7f-ba0d-14bb27dcd84f): дерево бью
[11:06:12] GOLDENDUSST (a0ee3527-abbd-3f28-bd2e-ff7c77b23497): Сюда иди я тебе дам
[11:06:16] GOLDENDUSST (a0ee3527-abbd-3f28-bd2e-ff7c77b23497): Пизды
[11:06:26] Ulucid0 (7f6935d5-b173-3c7f-ba0d-14bb27dcd84f): GO
[11:06:38] GOLDENDUSST (a0ee3527-abbd-3f28-bd2e-ff7c77b23497): Бысрее я зас выхожу
[11:06:57] Ulucid0 (7f6935d5-b173-3c7f-ba0d-14bb27dcd84f): XT
[11:07:00] GOLDENDUSST (a0ee3527-abbd-3f28-bd2e-ff7c77b23497): всё пока
[11:07:00] Ulucid0 (7f6935d5-b173-3c7f-ba0d-14bb27dcd84f): ЧЕ
[11:07:03] [CAPS] Ulucid0 (7f6935d5-b173-3c7f-ba0d-14bb27dcd84f): спасбпбьалбрь
[11:10:48] RunishYT (deb2ebb7-8562-3728-8ba8-ec800da9360c): кому тотемы нужны??
[11:11:47] Ulucid0 (7f6935d5-b173-3c7f-ba0d-14bb27dcd84f): ладн я какать надолг всеми бебе
[11:12:04] RunishYT (deb2ebb7-8562-3728-8ba8-ec800da9360c): удачи тебе в этом непростом деле
[11:12:17] RunishYT (deb2ebb7-8562-3728-8ba8-ec800da9360c): я убираться
[11:12:21] RunishYT (deb2ebb7-8562-3728-8ba8-ec800da9360c): потом в апекс
[11:12:27] RunishYT (deb2ebb7-8562-3728-8ba8-ec800da9360c): фартук го в апекс мобайл
[11:13:04] RunishYT (deb2ebb7-8562-3728-8ba8-ec800da9360c): фартук го в апекс мобайл
[11:13:37] RunishYT (deb2ebb7-8562-3728-8ba8-ec800da9360c): ясно гг тима раков я ливаю
[11:26:29] ItsFartunaRu (87aa0b4c-629f-3cae-a9c4-787ca2fa3e21): о бредле
[11:26:56] Bradly378 (9ab93dfb-1454-3bb1-b47f-700f714534a9): ненадолго я я до сих пор в шк
[11:27:03] ItsFartunaRu (87aa0b4c-629f-3cae-a9c4-787ca2fa3e21): лан
[11:27:10] ItsFartunaRu (87aa0b4c-629f-3cae-a9c4-787ca2fa3e21): жителей притащил
[11:27:25] Bradly378 (9ab93dfb-1454-3bb1-b47f-700f714534a9): а че с оружейником
[11:27:32] Bradly378 (9ab93dfb-1454-3bb1-b47f-700f714534a9): зуль он опять долбаеб?
[11:27:39] ItsFartunaRu (87aa0b4c-629f-3cae-a9c4-787ca2fa3e21): где
[11:27:51] ItsFartunaRu (87aa0b4c-629f-3cae-a9c4-787ca2fa3e21): эт бронник
[11:28:04] Bradly378 (9ab93dfb-1454-3bb1-b47f-700f714534a9): ситуацию не меняет
[11:28:12] ItsFartunaRu (87aa0b4c-629f-3cae-a9c4-787ca2fa3e21): он к бочкам идёт
[11:28:37] Bradly378 (9ab93dfb-1454-3bb1-b47f-700f714534a9): че мне их убрать пока жиьелей не сделаем?
[11:28:39] ItsFartunaRu (87aa0b4c-629f-3cae-a9c4-787ca2fa3e21): вот к этим
[11:28:42] ItsFartunaRu (87aa0b4c-629f-3cae-a9c4-787ca2fa3e21): да
[11:29:52] Bradly378 (9ab93dfb-1454-3bb1-b47f-700f714534a9): вот пидр
[11:29:54] ItsFartunaRu (87aa0b4c-629f-3cae-a9c4-787ca2fa3e21): там ещё 3 есть
[11:30:04] ItsFartunaRu (87aa0b4c-629f-3cae-a9c4-787ca2fa3e21): но они с ресами
[11:30:18] ItsFartunaRu (87aa0b4c-629f-3cae-a9c4-787ca2fa3e21): всё
[11:31:29] Bradly378 (9ab93dfb-1454-3bb1-b47f-700f714534a9): нижний этаж жителей расчитан на то что их блок для работ будет за ними если че
[11:32:10] ItsFartunaRu (87aa0b4c-629f-3cae-a9c4-787ca2fa3e21): оружейник готов
[11:32:21] ItsFartunaRu (87aa0b4c-629f-3cae-a9c4-787ca2fa3e21): и блять у бронника проффесия ушла
[11:32:44] ItsFartunaRu (87aa0b4c-629f-3cae-a9c4-787ca2fa3e21): он инвалид наверн
[11:35:09] ItsFartunaRu (87aa0b4c-629f-3cae-a9c4-787ca2fa3e21): готов
[11:35:21] ItsFartunaRu (87aa0b4c-629f-3cae-a9c4-787ca2fa3e21): в чём проблем жителей был на парагоне
[11:35:34] ItsFartunaRu (87aa0b4c-629f-3cae-a9c4-787ca2fa3e21): кого щас делаем
[11:35:41] ItsFartunaRu (87aa0b4c-629f-3cae-a9c4-787ca2fa3e21): палочников мб
[11:35:46] Bradly378 (9ab93dfb-1454-3bb1-b47f-700f714534a9): в том что там они были вмеренно сделаный долбаебами изза ядра что поставил декакий
[11:35:48] ItsFartunaRu (87aa0b4c-629f-3cae-a9c4-787ca2fa3e21): на время
[11:36:02] Bradly378 (9ab93dfb-1454-3bb1-b47f-700f714534a9): умышленно*
[11:36:08] ItsFartunaRu (87aa0b4c-629f-3cae-a9c4-787ca2fa3e21): 7 палочников
[11:36:27] Bradly378 (9ab93dfb-1454-3bb1-b47f-700f714534a9): ладн но в будущем сократить до 5 нада
[11:36:37] ItsFartunaRu (87aa0b4c-629f-3cae-a9c4-787ca2fa3e21): мы их потом дефитним
[11:36:44] ItsFartunaRu (87aa0b4c-629f-3cae-a9c4-787ca2fa3e21): нафиг не нужны
[11:37:29] Bradly378 (9ab93dfb-1454-3bb1-b47f-700f714534a9): не сделаем из них, стрелы мгновен урона, регенерации, отравления
[11:37:34] ItsFartunaRu (87aa0b4c-629f-3cae-a9c4-787ca2fa3e21): лан
[11:38:25] ItsFartunaRu (87aa0b4c-629f-3cae-a9c4-787ca2fa3e21): бочки над ломать
[11:39:09] ItsFartunaRu (87aa0b4c-629f-3cae-a9c4-787ca2fa3e21): я крч ломаю бочки
[11:39:18] Bradly378 (9ab93dfb-1454-3bb1-b47f-700f714534a9): ок но ресы перенеси
[11:42:05] ItsFartunaRu (87aa0b4c-629f-3cae-a9c4-787ca2fa3e21): блять
[11:42:09] ItsFartunaRu (87aa0b4c-629f-3cae-a9c4-787ca2fa3e21): им похуй на бочки
[11:42:11] ItsFartunaRu (87aa0b4c-629f-3cae-a9c4-787ca2fa3e21): они опять инвалиды
[11:42:41] ItsFartunaRu (87aa0b4c-629f-3cae-a9c4-787ca2fa3e21): игра меня не уважает
[11:44:05] ItsFartunaRu (87aa0b4c-629f-3cae-a9c4-787ca2fa3e21): всё
[11:44:09] ItsFartunaRu (87aa0b4c-629f-3cae-a9c4-787ca2fa3e21): палочники готовы
[11:44:17] ItsFartunaRu (87aa0b4c-629f-3cae-a9c4-787ca2fa3e21): нужно добыть ель
[11:44:20] Bradly378 (9ab93dfb-1454-3bb1-b47f-700f714534a9): я тож все опять отошел
[12:12:47] GOLDENDUSST (a0ee3527-abbd-3f28-bd2e-ff7c77b23497): О привет друг
[12:12:52] ItsFartunaRu (87aa0b4c-629f-3cae-a9c4-787ca2fa3e21): пошёл нахуй
[12:13:08] GOLDENDUSST (a0ee3527-abbd-3f28-bd2e-ff7c77b23497): Я что то сделал не так? Почему ты злишься?
[12:13:18] ItsFartunaRu (87aa0b4c-629f-3cae-a9c4-787ca2fa3e21): ты уеб да
[12:13:31] GOLDENDUSST (a0ee3527-abbd-3f28-bd2e-ff7c77b23497): Вот тебя и наказад бог
[12:13:37] ItsFartunaRu (87aa0b4c-629f-3cae-a9c4-787ca2fa3e21): это голем
[12:13:44] GOLDENDUSST (a0ee3527-abbd-3f28-bd2e-ff7c77b23497): За твою агрессию
[12:14:05] GOLDENDUSST (a0ee3527-abbd-3f28-bd2e-ff7c77b23497): Бог велел голему наказать тебя за твой язык
[12:14:28] ItsFartunaRu (87aa0b4c-629f-3cae-a9c4-787ca2fa3e21): бб лох
[12:14:32] 2b2tBoy (56da5e03-744d-30a0-a51e-967e4fcdfb5c): и***е н***й
[12:14:43] 2b2tBoy (56da5e03-744d-30a0-a51e-967e4fcdfb5c): и***е н***й
[12:14:57] 2b2tBoy (56da5e03-744d-30a0-a51e-967e4fcdfb5c): ха-ха
[12:15:00] GOLDENDUSST (a0ee3527-abbd-3f28-bd2e-ff7c77b23497): Я нихуя не понял
[16:44:25] Bradly378 (9ab93dfb-1454-3bb1-b47f-700f714534a9): I joined using ChatCraft from my Android device! Download it for free!
[16:44:29] Bradly378 (9ab93dfb-1454-3bb1-b47f-700f714534a9): э слыш ты
[16:44:33] Bradly378 (9ab93dfb-1454-3bb1-b47f-700f714534a9): пенис подзаборный
[16:44:39] Bradly378 (9ab93dfb-1454-3bb1-b47f-700f714534a9): ты шо тут делаешь?
[17:08:03] saikonohack (61d3e846-cfe0-3e5b-b41b-772c1020819e): :mc_acacia_boat:
[17:08:09] saikonohack (61d3e846-cfe0-3e5b-b41b-772c1020819e): :mc_beef:
[17:28:13] saikonohack (61d3e846-cfe0-3e5b-b41b-772c1020819e): бэбря
[17:28:21] saikonohack (61d3e846-cfe0-3e5b-b41b-772c1020819e): тестани be.nanoxander.ru
[17:34:10] ItsFartunaRu (87aa0b4c-629f-3cae-a9c4-787ca2fa3e21): о велик адмен спс
[17:34:21] saikonohack (61d3e846-cfe0-3e5b-b41b-772c1020819e): я самокат а не велик
[17:34:39] ItsFartunaRu (87aa0b4c-629f-3cae-a9c4-787ca2fa3e21): НЕ
[17:34:44] ItsFartunaRu (87aa0b4c-629f-3cae-a9c4-787ca2fa3e21): блять капс
[17:36:42] ItsFartunaRu (87aa0b4c-629f-3cae-a9c4-787ca2fa3e21): 2450 600
[17:36:52] saikonohack (61d3e846-cfe0-3e5b-b41b-772c1020819e): g
[17:37:01] saikonohack (61d3e846-cfe0-3e5b-b41b-772c1020819e): ты шде живешь
[17:37:07] ItsFartunaRu (87aa0b4c-629f-3cae-a9c4-787ca2fa3e21): с бредля
[17:37:17] saikonohack (61d3e846-cfe0-3e5b-b41b-772c1020819e): он со мной живет
[17:37:23] ItsFartunaRu (87aa0b4c-629f-3cae-a9c4-787ca2fa3e21): не
[17:37:27] ItsFartunaRu (87aa0b4c-629f-3cae-a9c4-787ca2fa3e21): он на
[17:37:32] ItsFartunaRu (87aa0b4c-629f-3cae-a9c4-787ca2fa3e21): 2450 600
[17:37:51] ItsFartunaRu (87aa0b4c-629f-3cae-a9c4-787ca2fa3e21): продай ель
[17:37:53] ItsFartunaRu (87aa0b4c-629f-3cae-a9c4-787ca2fa3e21): саженец
[17:40:17] saikonohack (61d3e846-cfe0-3e5b-b41b-772c1020819e): за 3 алм, или кирку алм
[17:40:24] saikonohack (61d3e846-cfe0-3e5b-b41b-772c1020819e): пойду осколки добывать
[17:40:36] ItsFartunaRu (87aa0b4c-629f-3cae-a9c4-787ca2fa3e21): мне 4 саженца над
[17:40:43] saikonohack (61d3e846-cfe0-3e5b-b41b-772c1020819e): ок
[17:40:43] ItsFartunaRu (87aa0b4c-629f-3cae-a9c4-787ca2fa3e21): могу дать 5-6 алмов
[17:40:47] saikonohack (61d3e846-cfe0-3e5b-b41b-772c1020819e): го
[17:41:37] ItsFartunaRu (87aa0b4c-629f-3cae-a9c4-787ca2fa3e21): афигеть аванпост
[17:43:06] GOLDENDUSST (a0ee3527-abbd-3f28-bd2e-ff7c77b23497): Я чувствую себя бывшим порноатёром со стажем в 20 лет
[17:43:15] GOLDENDUSST (a0ee3527-abbd-3f28-bd2e-ff7c77b23497): Не стоит
[17:43:48] ItsFartunaRu (87aa0b4c-629f-3cae-a9c4-787ca2fa3e21): GOLDENDUSST ты как до нас добирался
[17:44:03] GOLDENDUSST (a0ee3527-abbd-3f28-bd2e-ff7c77b23497): Через ад
[17:44:07] ItsFartunaRu (87aa0b4c-629f-3cae-a9c4-787ca2fa3e21): ну это понят
[17:44:17] ItsFartunaRu (87aa0b4c-629f-3cae-a9c4-787ca2fa3e21): в каком месте
[17:44:24] GOLDENDUSST (a0ee3527-abbd-3f28-bd2e-ff7c77b23497): Я сам хуй знает я чуть не здох 7 раз
[17:44:30] ItsFartunaRu (87aa0b4c-629f-3cae-a9c4-787ca2fa3e21): жаль
[17:44:33] ItsFartunaRu (87aa0b4c-629f-3cae-a9c4-787ca2fa3e21): не помер
[17:44:51] GOLDENDUSST (a0ee3527-abbd-3f28-bd2e-ff7c77b23497): Бля хули жители больше скидки не дают
[17:44:57] ItsFartunaRu (87aa0b4c-629f-3cae-a9c4-787ca2fa3e21): на какой высоте спавн в аду
[17:45:05] GOLDENDUSST (a0ee3527-abbd-3f28-bd2e-ff7c77b23497): Оно после первого лечение скидку не увеличивают
[17:46:05] GOLDENDUSST (a0ee3527-abbd-3f28-bd2e-ff7c77b23497): Кста продам аомазку за 4 ламаза
[17:46:13] ItsFartunaRu (87aa0b4c-629f-3cae-a9c4-787ca2fa3e21): не пойдёт
[17:46:29] GOLDENDUSST (a0ee3527-abbd-3f28-bd2e-ff7c77b23497): ботинки на лёгкость 4
[17:46:32] ItsFartunaRu (87aa0b4c-629f-3cae-a9c4-787ca2fa3e21): не пойдёт
[17:46:40] GOLDENDUSST (a0ee3527-abbd-3f28-bd2e-ff7c77b23497): Ладно.
[17:48:19] ItsFartunaRu (87aa0b4c-629f-3cae-a9c4-787ca2fa3e21): saikonohack ты щас где
[17:52:13] ItsFartunaRu (87aa0b4c-629f-3cae-a9c4-787ca2fa3e21): 228 80
[17:54:18] ItsFartunaRu (87aa0b4c-629f-3cae-a9c4-787ca2fa3e21): погнали в энд
[17:54:46] Bradly378 (9ab93dfb-1454-3bb1-b47f-700f714534a9): если и идти то поздить шалкера и делать на них ферму
[17:54:51] ItsFartunaRu (87aa0b4c-629f-3cae-a9c4-787ca2fa3e21): да
[17:55:01] Bradly378 (9ab93dfb-1454-3bb1-b47f-700f714534a9): а я заебусь
[17:55:05] ItsFartunaRu (87aa0b4c-629f-3cae-a9c4-787ca2fa3e21): шалкера и элики
[17:55:13] ItsFartunaRu (87aa0b4c-629f-3cae-a9c4-787ca2fa3e21): какие корды
[17:55:22] Bradly378 (9ab93dfb-1454-3bb1-b47f-700f714534a9): пошли
[17:55:26] ItsFartunaRu (87aa0b4c-629f-3cae-a9c4-787ca2fa3e21): корды
[17:56:04] ItsFartunaRu (87aa0b4c-629f-3cae-a9c4-787ca2fa3e21): над кирки
[17:56:08] ItsFartunaRu (87aa0b4c-629f-3cae-a9c4-787ca2fa3e21): оружие
[17:56:13] ItsFartunaRu (87aa0b4c-629f-3cae-a9c4-787ca2fa3e21): и ещё
[17:56:16] ItsFartunaRu (87aa0b4c-629f-3cae-a9c4-787ca2fa3e21): блоки
[17:56:16] Bradly378 (9ab93dfb-1454-3bb1-b47f-700f714534a9): пошли я готов
[17:56:19] Bradly378 (9ab93dfb-1454-3bb1-b47f-700f714534a9): блоки у меня етсь
[17:56:25] Bradly378 (9ab93dfb-1454-3bb1-b47f-700f714534a9): дохуя а их в плиыт
[17:56:34] ItsFartunaRu (87aa0b4c-629f-3cae-a9c4-787ca2fa3e21): у меня оружия неи
[17:56:41] Bradly378 (9ab93dfb-1454-3bb1-b47f-700f714534a9): топор желез
[17:56:48] Bradly378 (9ab93dfb-1454-3bb1-b47f-700f714534a9): алм или
[17:57:07] ItsFartunaRu (87aa0b4c-629f-3cae-a9c4-787ca2fa3e21): погнали
[17:57:13] ItsFartunaRu (87aa0b4c-629f-3cae-a9c4-787ca2fa3e21): а не
[17:57:16] ItsFartunaRu (87aa0b4c-629f-3cae-a9c4-787ca2fa3e21): еда есть
[17:57:18] ItsFartunaRu (87aa0b4c-629f-3cae-a9c4-787ca2fa3e21): или не
[17:57:27] ItsFartunaRu (87aa0b4c-629f-3cae-a9c4-787ca2fa3e21): щас
[17:57:45] Bradly378 (9ab93dfb-1454-3bb1-b47f-700f714534a9): уф\
[17:57:48] Bradly378 (9ab93dfb-1454-3bb1-b47f-700f714534a9): уф
[17:58:02] ItsFartunaRu (87aa0b4c-629f-3cae-a9c4-787ca2fa3e21): чо
[17:58:20] ItsFartunaRu (87aa0b4c-629f-3cae-a9c4-787ca2fa3e21): я туда таблички
[18:00:11] ItsFartunaRu (87aa0b4c-629f-3cae-a9c4-787ca2fa3e21): чо
[18:00:12] ItsFartunaRu (87aa0b4c-629f-3cae-a9c4-787ca2fa3e21): где
[18:00:17] Bradly378 (9ab93dfb-1454-3bb1-b47f-700f714534a9): я кста не уверен что на товй метке портал
[18:02:27] ItsFartunaRu (87aa0b4c-629f-3cae-a9c4-787ca2fa3e21): непонял
[18:03:01] ItsFartunaRu (87aa0b4c-629f-3cae-a9c4-787ca2fa3e21): куда
[18:03:41] Bradly378 (9ab93dfb-1454-3bb1-b47f-700f714534a9): gjikb
[18:03:45] ItsFartunaRu (87aa0b4c-629f-3cae-a9c4-787ca2fa3e21): kfdskfl
[18:03:48] Bradly378 (9ab93dfb-1454-3bb1-b47f-700f714534a9): пошли
[18:05:23] ItsFartunaRu (87aa0b4c-629f-3cae-a9c4-787ca2fa3e21): чзх
[18:05:52] Bradly378 (9ab93dfb-1454-3bb1-b47f-700f714534a9): во
[18:06:00] Bradly378 (9ab93dfb-1454-3bb1-b47f-700f714534a9): воду
[18:06:11] Bradly378 (9ab93dfb-1454-3bb1-b47f-700f714534a9): дава
[18:06:12] Bradly378 (9ab93dfb-1454-3bb1-b47f-700f714534a9): й
[18:06:16] Bradly378 (9ab93dfb-1454-3bb1-b47f-700f714534a9): хехе
[18:06:19] ItsFartunaRu (87aa0b4c-629f-3cae-a9c4-787ca2fa3e21): щас норм сделаю
[18:06:20] Bradly378 (9ab93dfb-1454-3bb1-b47f-700f714534a9): портал голда
[18:06:28] ItsFartunaRu (87aa0b4c-629f-3cae-a9c4-787ca2fa3e21): прыгай
[18:06:32] GOLDENDUSST (a0ee3527-abbd-3f28-bd2e-ff7c77b23497): Ашалел
[18:06:40] ItsFartunaRu (87aa0b4c-629f-3cae-a9c4-787ca2fa3e21): блятььььь вода
[18:07:00] GOLDENDUSST (a0ee3527-abbd-3f28-bd2e-ff7c77b23497): Я знал что ведьмы боятся воды
[18:07:12] ItsFartunaRu (87aa0b4c-629f-3cae-a9c4-787ca2fa3e21): я воду забыл
[18:07:17] Bradly378 (9ab93dfb-1454-3bb1-b47f-700f714534a9): непонял
[18:07:23] Bradly378 (9ab93dfb-1454-3bb1-b47f-700f714534a9): нихуя
[18:07:44] ItsFartunaRu (87aa0b4c-629f-3cae-a9c4-787ca2fa3e21): пхавхп
[18:07:48] Bradly378 (9ab93dfb-1454-3bb1-b47f-700f714534a9): втф
[18:07:51] Bradly378 (9ab93dfb-1454-3bb1-b47f-700f714534a9): втф
[18:07:56] ItsFartunaRu (87aa0b4c-629f-3cae-a9c4-787ca2fa3e21): сам в ахуе
[18:08:03] ItsFartunaRu (87aa0b4c-629f-3cae-a9c4-787ca2fa3e21): ты посмотрел д
[18:08:13] ItsFartunaRu (87aa0b4c-629f-3cae-a9c4-787ca2fa3e21): меня тупо скинули
[18:08:25] ItsFartunaRu (87aa0b4c-629f-3cae-a9c4-787ca2fa3e21): э
[18:08:29] ItsFartunaRu (87aa0b4c-629f-3cae-a9c4-787ca2fa3e21): вещей нема
[18:08:42] ItsFartunaRu (87aa0b4c-629f-3cae-a9c4-787ca2fa3e21): нифигасе апарат
[18:09:13] ItsFartunaRu (87aa0b4c-629f-3cae-a9c4-787ca2fa3e21): всё
[18:09:25] Bradly378 (9ab93dfb-1454-3bb1-b47f-700f714534a9): ладна
[18:09:49] Bradly378 (9ab93dfb-1454-3bb1-b47f-700f714534a9): пошли
[18:14:48] ItsFartunaRu (87aa0b4c-629f-3cae-a9c4-787ca2fa3e21): узбек рум
[18:15:42] ItsFartunaRu (87aa0b4c-629f-3cae-a9c4-787ca2fa3e21): где
[18:18:18] ItsFartunaRu (87aa0b4c-629f-3cae-a9c4-787ca2fa3e21): сложно ходить
[18:22:19] ItsFartunaRu (87aa0b4c-629f-3cae-a9c4-787ca2fa3e21): уф
[18:23:01] Bradly378 (9ab93dfb-1454-3bb1-b47f-700f714534a9): gjikb
[18:23:03] Bradly378 (9ab93dfb-1454-3bb1-b47f-700f714534a9): пошли
[18:25:07] ItsFartunaRu (87aa0b4c-629f-3cae-a9c4-787ca2fa3e21): там скок
[18:25:09] ItsFartunaRu (87aa0b4c-629f-3cae-a9c4-787ca2fa3e21): блоков
[18:25:11] Bradly378 (9ab93dfb-1454-3bb1-b47f-700f714534a9): намана
[18:25:30] ItsFartunaRu (87aa0b4c-629f-3cae-a9c4-787ca2fa3e21): не долетит
[18:25:36] Bradly378 (9ab93dfb-1454-3bb1-b47f-700f714534a9): намана даже не на краю
[18:25:55] Bradly378 (9ab93dfb-1454-3bb1-b47f-700f714534a9): ты видел как я голда и руниша хуярил снежками?
[18:25:59] Bradly378 (9ab93dfb-1454-3bb1-b47f-700f714534a9): я умелый )
[18:26:00] ItsFartunaRu (87aa0b4c-629f-3cae-a9c4-787ca2fa3e21): не
[18:26:08] Bradly378 (9ab93dfb-1454-3bb1-b47f-700f714534a9): лан
[18:26:43] Bradly378 (9ab93dfb-1454-3bb1-b47f-700f714534a9): хехех я рисковый
[18:26:43] ItsFartunaRu (87aa0b4c-629f-3cae-a9c4-787ca2fa3e21): не закину
[18:27:00] ItsFartunaRu (87aa0b4c-629f-3cae-a9c4-787ca2fa3e21): пиздец
[18:27:46] ItsFartunaRu (87aa0b4c-629f-3cae-a9c4-787ca2fa3e21): а где
[18:28:00] Bradly378 (9ab93dfb-1454-3bb1-b47f-700f714534a9): мля
[18:28:01] ItsFartunaRu (87aa0b4c-629f-3cae-a9c4-787ca2fa3e21): нихуёва
[18:28:12] Bradly378 (9ab93dfb-1454-3bb1-b47f-700f714534a9): я прям на край надо было в прыжке
[18:28:50] Bradly378 (9ab93dfb-1454-3bb1-b47f-700f714534a9): уф
[18:29:35] Bradly378 (9ab93dfb-1454-3bb1-b47f-700f714534a9): kvzzz
[18:29:37] Bradly378 (9ab93dfb-1454-3bb1-b47f-700f714534a9): мляяя
[18:30:03] Bradly378 (9ab93dfb-1454-3bb1-b47f-700f714534a9): на 5 юлоков высоты ошибся
[18:30:04] ItsFartunaRu (87aa0b4c-629f-3cae-a9c4-787ca2fa3e21): не тянулова
[18:30:34] ItsFartunaRu (87aa0b4c-629f-3cae-a9c4-787ca2fa3e21): пёрлы фиговая идеч
[18:31:17] Bradly378 (9ab93dfb-1454-3bb1-b47f-700f714534a9): тут кто то был
[18:31:19] Bradly378 (9ab93dfb-1454-3bb1-b47f-700f714534a9): )
[18:31:21] Bradly378 (9ab93dfb-1454-3bb1-b47f-700f714534a9): (*
[18:32:16] Bradly378 (9ab93dfb-1454-3bb1-b47f-700f714534a9): да бля
[18:32:20] Bradly378 (9ab93dfb-1454-3bb1-b47f-700f714534a9): опять 1 блок
[18:32:26] ItsFartunaRu (87aa0b4c-629f-3cae-a9c4-787ca2fa3e21): норм
[18:32:31] Bradly378 (9ab93dfb-1454-3bb1-b47f-700f714534a9): ладна
[18:34:03] Bradly378 (9ab93dfb-1454-3bb1-b47f-700f714534a9): дуст за скок элики продашь?
[18:34:09] Bradly378 (9ab93dfb-1454-3bb1-b47f-700f714534a9): 1 шт
[18:34:13] GOLDENDUSST (a0ee3527-abbd-3f28-bd2e-ff7c77b23497): Ахахахахаххаах
[18:34:18] GOLDENDUSST (a0ee3527-abbd-3f28-bd2e-ff7c77b23497): у меня их нету
[18:34:27] Bradly378 (9ab93dfb-1454-3bb1-b47f-700f714534a9): а ладно
[18:34:30] GOLDENDUSST (a0ee3527-abbd-3f28-bd2e-ff7c77b23497): Даже своих
[18:44:26] Bradly378 (9ab93dfb-1454-3bb1-b47f-700f714534a9): да сука блять 1 город за всё это время и то размером как головка дэкаки
[18:44:31] Bradly378 (9ab93dfb-1454-3bb1-b47f-700f714534a9): да ёбана в рот
[18:44:35] Bradly378 (9ab93dfb-1454-3bb1-b47f-700f714534a9): и без коробля
[18:44:44] GOLDENDUSST (a0ee3527-abbd-3f28-bd2e-ff7c77b23497): Лох
[18:45:08] GOLDENDUSST (a0ee3527-abbd-3f28-bd2e-ff7c77b23497): Бля руниш хуевую ферму построил не робит
[18:50:45] Bradly378 (9ab93dfb-1454-3bb1-b47f-700f714534a9): :D
[18:50:58] GOLDENDUSST (a0ee3527-abbd-3f28-bd2e-ff7c77b23497): D:
[18:53:17] Exren3588 (6c446cc9-8057-3d23-bf8e-87a39b8040c4): I joined using ChatCraft from my Android device! Download it for free!
[18:53:29] Bradly378 (9ab93dfb-1454-3bb1-b47f-700f714534a9): оба на а кто тут унас с телефа?
[18:53:45] Bradly378 (9ab93dfb-1454-3bb1-b47f-700f714534a9): free зельки
[18:53:50] Exren3588 (6c446cc9-8057-3d23-bf8e-87a39b8040c4): жесьб
[18:53:52] Exren3588 (6c446cc9-8057-3d23-bf8e-87a39b8040c4): жесть
[18:53:53] Bradly378 (9ab93dfb-1454-3bb1-b47f-700f714534a9): лень командой брать
[18:54:15] Bradly378 (9ab93dfb-1454-3bb1-b47f-700f714534a9): кста
[18:54:21] Bradly378 (9ab93dfb-1454-3bb1-b47f-700f714534a9): на энд руде не наши текстуры
[18:54:22] Bradly378 (9ab93dfb-1454-3bb1-b47f-700f714534a9): (
[18:54:33] Bradly378 (9ab93dfb-1454-3bb1-b47f-700f714534a9): и да она всё же спавнится вобще везде
[18:54:42] Exren3588 (6c446cc9-8057-3d23-bf8e-87a39b8040c4): там вообще какая-то угольная руда
[18:54:49] Bradly378 (9ab93dfb-1454-3bb1-b47f-700f714534a9): ну типа того да
[18:54:59] Exren3588 (6c446cc9-8057-3d23-bf8e-87a39b8040c4): я потом с компа позырю руду
[18:56:00] Bradly378 (9ab93dfb-1454-3bb1-b47f-700f714534a9): гг жить надоело
[18:56:25] GOLDENDUSST (a0ee3527-abbd-3f28-bd2e-ff7c77b23497): А ты элики в энд четс положил
[18:56:34] Bradly378 (9ab93dfb-1454-3bb1-b47f-700f714534a9): ну конечно я шо даун
[18:56:46] GOLDENDUSST (a0ee3527-abbd-3f28-bd2e-ff7c77b23497): Ну вообще
[18:57:01] GOLDENDUSST (a0ee3527-abbd-3f28-bd2e-ff7c77b23497): Я нехочу отвечатт на этот вопрос так как бан
[18:57:03] GOLDENDUSST (a0ee3527-abbd-3f28-bd2e-ff7c77b23497): Будет
[18:57:06] GOLDENDUSST (a0ee3527-abbd-3f28-bd2e-ff7c77b23497): Мн
[18:57:09] GOLDENDUSST (a0ee3527-abbd-3f28-bd2e-ff7c77b23497): е
[19:07:42] GOLDENDUSST (a0ee3527-abbd-3f28-bd2e-ff7c77b23497): Блять какой сука еблан
[19:15:52] ItsFartunaRu (87aa0b4c-629f-3cae-a9c4-787ca2fa3e21): ясно тима узбеков
[19:17:05] ItsFartunaRu (87aa0b4c-629f-3cae-a9c4-787ca2fa3e21): блять
[19:17:15] ItsFartunaRu (87aa0b4c-629f-3cae-a9c4-787ca2fa3e21): я писал киллопитровый текст
[19:17:30] Bradly378 (9ab93dfb-1454-3bb1-b47f-700f714534a9): зырь
[19:17:35] ItsFartunaRu (87aa0b4c-629f-3cae-a9c4-787ca2fa3e21): чо
[19:17:46] Bradly378 (9ab93dfb-1454-3bb1-b47f-700f714534a9): ахахаха
[19:17:49] ItsFartunaRu (87aa0b4c-629f-3cae-a9c4-787ca2fa3e21): ладн
[19:17:51] Bradly378 (9ab93dfb-1454-3bb1-b47f-700f714534a9): в канаве
[19:18:01] ItsFartunaRu (87aa0b4c-629f-3cae-a9c4-787ca2fa3e21): отец
[19:18:20] ItsFartunaRu (87aa0b4c-629f-3cae-a9c4-787ca2fa3e21): лан
[19:18:42] Bradly378 (9ab93dfb-1454-3bb1-b47f-700f714534a9): аахаха
[19:18:43] ItsFartunaRu (87aa0b4c-629f-3cae-a9c4-787ca2fa3e21): ксер
[19:18:45] Bradly378 (9ab93dfb-1454-3bb1-b47f-700f714534a9): за жопу кусь
[19:18:55] ItsFartunaRu (87aa0b4c-629f-3cae-a9c4-787ca2fa3e21): ебут
[19:19:07] ItsFartunaRu (87aa0b4c-629f-3cae-a9c4-787ca2fa3e21): дк
[19:19:30] ItsFartunaRu (87aa0b4c-629f-3cae-a9c4-787ca2fa3e21): эт тростник да
[19:20:29] Bradly378 (9ab93dfb-1454-3bb1-b47f-700f714534a9): убери водичку
[19:20:32] ItsFartunaRu (87aa0b4c-629f-3cae-a9c4-787ca2fa3e21): ватердроп челендж
[19:21:17] ItsFartunaRu (87aa0b4c-629f-3cae-a9c4-787ca2fa3e21): и так поехали
[19:21:30] ItsFartunaRu (87aa0b4c-629f-3cae-a9c4-787ca2fa3e21): ок
[19:21:31] GOLDENDUSST (a0ee3527-abbd-3f28-bd2e-ff7c77b23497): Лооооох
[19:21:58] Bradly378 (9ab93dfb-1454-3bb1-b47f-700f714534a9): смари и учись
[19:23:12] ItsFartunaRu (87aa0b4c-629f-3cae-a9c4-787ca2fa3e21): бесит тупая долгая сортировка в инвенте после смерт
[19:24:08] ItsFartunaRu (87aa0b4c-629f-3cae-a9c4-787ca2fa3e21): а как
[19:24:12] Bradly378 (9ab93dfb-1454-3bb1-b47f-700f714534a9): иди жителей делай с книгами
[19:24:19] ItsFartunaRu (87aa0b4c-629f-3cae-a9c4-787ca2fa3e21): завтра
[19:24:22] ItsFartunaRu (87aa0b4c-629f-3cae-a9c4-787ca2fa3e21): щас лень
[19:24:30] ItsFartunaRu (87aa0b4c-629f-3cae-a9c4-787ca2fa3e21): я хз как их вниз тащить
[19:24:58] Bradly378 (9ab93dfb-1454-3bb1-b47f-700f714534a9): делай дырку и в вагонетке пусть в дыру в полу падают на -1 этаж
[19:25:07] ItsFartunaRu (87aa0b4c-629f-3cae-a9c4-787ca2fa3e21): че
[19:25:21] ItsFartunaRu (87aa0b4c-629f-3cae-a9c4-787ca2fa3e21): прост разрубить пол
[19:25:31] ItsFartunaRu (87aa0b4c-629f-3cae-a9c4-787ca2fa3e21): тротилом
[19:25:39] Bradly378 (9ab93dfb-1454-3bb1-b47f-700f714534a9): тротилам нинада
[19:25:56] ItsFartunaRu (87aa0b4c-629f-3cae-a9c4-787ca2fa3e21): онет
[19:26:01] Bradly378 (9ab93dfb-1454-3bb1-b47f-700f714534a9): ты блять кто такая
[19:26:03] Bradly378 (9ab93dfb-1454-3bb1-b47f-700f714534a9): ухади
[19:26:04] Bradly378 (9ab93dfb-1454-3bb1-b47f-700f714534a9): ухади
[19:26:07] Bradly378 (9ab93dfb-1454-3bb1-b47f-700f714534a9): ухади
[19:26:08] Bradly378 (9ab93dfb-1454-3bb1-b47f-700f714534a9): XD
[19:26:10] ItsFartunaRu (87aa0b4c-629f-3cae-a9c4-787ca2fa3e21): туда
[19:26:22] GOLDENDUSST (a0ee3527-abbd-3f28-bd2e-ff7c77b23497): Анальнохуистыйпидачлен
[19:27:03] Exren3588 (6c446cc9-8057-3d23-bf8e-87a39b8040c4): геи какие-то в чате базарят
[19:27:04] Bradly378 (9ab93dfb-1454-3bb1-b47f-700f714534a9): nfr
[19:27:11] Bradly378 (9ab93dfb-1454-3bb1-b47f-700f714534a9): [v
[19:27:12] Bradly378 (9ab93dfb-1454-3bb1-b47f-700f714534a9): хм
[19:27:16] ItsFartunaRu (87aa0b4c-629f-3cae-a9c4-787ca2fa3e21): nft
[19:27:59] ItsFartunaRu (87aa0b4c-629f-3cae-a9c4-787ca2fa3e21): а не дафига ли
[19:28:14] GOLDENDUSST (a0ee3527-abbd-3f28-bd2e-ff7c77b23497): Сука я ебал руниша так много пиздел про свою ферму тотемов а на деле полная хуета даже у дырки с вагонетками КПД выше в разы будет
[19:28:21] ItsFartunaRu (87aa0b4c-629f-3cae-a9c4-787ca2fa3e21): туда
[19:28:57] ItsFartunaRu (87aa0b4c-629f-3cae-a9c4-787ca2fa3e21): покупай мои на половину рабочие технологии
[19:29:01] Bradly378 (9ab93dfb-1454-3bb1-b47f-700f714534a9): крутой спавн )
[19:29:14] GOLDENDUSST (a0ee3527-abbd-3f28-bd2e-ff7c77b23497): Сука схуяли твои если ты их спиздил
[19:29:19] Exren3588 (6c446cc9-8057-3d23-bf8e-87a39b8040c4): иди нахуй гей ебучий
[19:29:24] ItsFartunaRu (87aa0b4c-629f-3cae-a9c4-787ca2fa3e21): это не то что было на визере еблан
[19:29:25] Bradly378 (9ab93dfb-1454-3bb1-b47f-700f714534a9): аххаха
[19:29:35] ItsFartunaRu (87aa0b4c-629f-3cae-a9c4-787ca2fa3e21): я сделал авто хуйню
[19:29:44] ItsFartunaRu (87aa0b4c-629f-3cae-a9c4-787ca2fa3e21): но тап тебя могут слить
[19:29:58] GOLDENDUSST (a0ee3527-abbd-3f28-bd2e-ff7c77b23497): Мне похуй я построю завтра сам если смогу
[19:30:01] ItsFartunaRu (87aa0b4c-629f-3cae-a9c4-787ca2fa3e21): по этопу 50 на 50 норм работает
[19:30:02] Bradly378 (9ab93dfb-1454-3bb1-b47f-700f714534a9): ээээ
[19:30:06] Bradly378 (9ab93dfb-1454-3bb1-b47f-700f714534a9): катя ахела
[19:30:09] GOLDENDUSST (a0ee3527-abbd-3f28-bd2e-ff7c77b23497): Чё за звук
[19:30:10] ItsFartunaRu (87aa0b4c-629f-3cae-a9c4-787ca2fa3e21): ты узбек
[19:30:12] Exren3588 (6c446cc9-8057-3d23-bf8e-87a39b8040c4): иди нахуй
[19:30:13] Bradly378 (9ab93dfb-1454-3bb1-b47f-700f714534a9): катя ахуела
[19:30:19] ItsFartunaRu (87aa0b4c-629f-3cae-a9c4-787ca2fa3e21): у тебя нет норм технологий
[19:30:27] Bradly378 (9ab93dfb-1454-3bb1-b47f-700f714534a9): можно же тихо это делать то а
[19:30:32] Exren3588 (6c446cc9-8057-3d23-bf8e-87a39b8040c4): как блять
[19:30:57] Exren3588 (6c446cc9-8057-3d23-bf8e-87a39b8040c4): я не умею себе порталы через команды выдавать
[19:32:04] Exren3588 (6c446cc9-8057-3d23-bf8e-87a39b8040c4): могу сделать ещё лучше
[19:32:08] Bradly378 (9ab93dfb-1454-3bb1-b47f-700f714534a9): ,
[19:32:09] Bradly378 (9ab93dfb-1454-3bb1-b47f-700f714534a9): ?
[19:32:31] Bradly378 (9ab93dfb-1454-3bb1-b47f-700f714534a9): ладно но ты тупанула
[19:32:38] Exren3588 (6c446cc9-8057-3d23-bf8e-87a39b8040c4): lf blb yfpeq
[19:32:43] Exren3588 (6c446cc9-8057-3d23-bf8e-87a39b8040c4): да иди нахуй
[19:32:53] Bradly378 (9ab93dfb-1454-3bb1-b47f-700f714534a9): да чего так сразу агресивно
[19:32:59] Exren3588 (6c446cc9-8057-3d23-bf8e-87a39b8040c4): потому что иди нахуй
[19:33:03] Bradly378 (9ab93dfb-1454-3bb1-b47f-700f714534a9): (
[19:33:30] Exren3588 (6c446cc9-8057-3d23-bf8e-87a39b8040c4): блять какой там блок заменяется на руду
[19:33:35] Bradly378 (9ab93dfb-1454-3bb1-b47f-700f714534a9): муз
[19:33:44] Exren3588 (6c446cc9-8057-3d23-bf8e-87a39b8040c4): нотны блок?
[19:33:53] Bradly378 (9ab93dfb-1454-3bb1-b47f-700f714534a9): да
[19:33:55] ItsFartunaRu (87aa0b4c-629f-3cae-a9c4-787ca2fa3e21): работает ахуенно
[19:33:59] Bradly378 (9ab93dfb-1454-3bb1-b47f-700f714534a9): а то жел слиток
[19:34:03] ItsFartunaRu (87aa0b4c-629f-3cae-a9c4-787ca2fa3e21): 10 тотемов
[19:34:07] ItsFartunaRu (87aa0b4c-629f-3cae-a9c4-787ca2fa3e21): и смерт
[19:34:39] ItsFartunaRu (87aa0b4c-629f-3cae-a9c4-787ca2fa3e21): воу
[19:34:46] ItsFartunaRu (87aa0b4c-629f-3cae-a9c4-787ca2fa3e21): тут дышать можно
[19:34:54] ItsFartunaRu (87aa0b4c-629f-3cae-a9c4-787ca2fa3e21): э
[19:34:58] ItsFartunaRu (87aa0b4c-629f-3cae-a9c4-787ca2fa3e21): где вода
[19:35:17] Bradly378 (9ab93dfb-1454-3bb1-b47f-700f714534a9): испарилась я же к аду капаюсь, ты что в террарию не играл?
[19:35:27] ItsFartunaRu (87aa0b4c-629f-3cae-a9c4-787ca2fa3e21): блен
[19:35:43] GOLDENDUSST (a0ee3527-abbd-3f28-bd2e-ff7c77b23497): А не норм ферма зря напиздел только он еблан неправельно скопировал
[19:35:49] GOLDENDUSST (a0ee3527-abbd-3f28-bd2e-ff7c77b23497): Я нашёл ошибку
[19:35:55] GOLDENDUSST (a0ee3527-abbd-3f28-bd2e-ff7c77b23497): Достаточно очевидную
[19:36:06] ItsFartunaRu (87aa0b4c-629f-3cae-a9c4-787ca2fa3e21): нахуя ты ошибки ищешь
[19:36:09] ItsFartunaRu (87aa0b4c-629f-3cae-a9c4-787ca2fa3e21): ливни
[19:36:13] Bradly378 (9ab93dfb-1454-3bb1-b47f-700f714534a9): тнт возле двери с кнопкой?
[19:36:29] GOLDENDUSST (a0ee3527-abbd-3f28-bd2e-ff7c77b23497): Что?
[19:36:30] ItsFartunaRu (87aa0b4c-629f-3cae-a9c4-787ca2fa3e21): го лучше взрыв вашей базы
[19:36:35] Bradly378 (9ab93dfb-1454-3bb1-b47f-700f714534a9): +
[19:36:41] GOLDENDUSST (a0ee3527-abbd-3f28-bd2e-ff7c77b23497): Было бы славно
[19:37:07] ItsFartunaRu (87aa0b4c-629f-3cae-a9c4-787ca2fa3e21): окей летс гоу
[19:38:00] ItsFartunaRu (87aa0b4c-629f-3cae-a9c4-787ca2fa3e21): над делать фармилку жлеза
[19:38:12] Bradly378 (9ab93dfb-1454-3bb1-b47f-700f714534a9): сначала всех жителей потом железа
[19:39:47] ItsFartunaRu (87aa0b4c-629f-3cae-a9c4-787ca2fa3e21): лан я спать
[19:39:49] Bradly378 (9ab93dfb-1454-3bb1-b47f-700f714534a9): ок
[19:39:55] ItsFartunaRu (87aa0b4c-629f-3cae-a9c4-787ca2fa3e21): сон для крутых оказывается
[19:42:41] Bradly378 (9ab93dfb-1454-3bb1-b47f-700f714534a9): продай кирку на починку + эфф 5 и прочность 3
[19:42:48] Bradly378 (9ab93dfb-1454-3bb1-b47f-700f714534a9): продай кирку на починку + эфф 5 и прочность 3
[19:42:55] Bradly378 (9ab93dfb-1454-3bb1-b47f-700f714534a9): и 3 удачу если можно
[19:42:58] Bradly378 (9ab93dfb-1454-3bb1-b47f-700f714534a9): и 3 удачу если можно
[19:43:05] GOLDENDUSST (a0ee3527-abbd-3f28-bd2e-ff7c77b23497): а удача?
[19:43:16] GOLDENDUSST (a0ee3527-abbd-3f28-bd2e-ff7c77b23497): Мм скок заплатишь
[19:43:23] Bradly378 (9ab93dfb-1454-3bb1-b47f-700f714534a9): до 9 алм
[19:43:26] Bradly378 (9ab93dfb-1454-3bb1-b47f-700f714534a9): до 9 алм
[19:43:31] Bradly378 (9ab93dfb-1454-3bb1-b47f-700f714534a9): блоков
[19:43:42] Bradly378 (9ab93dfb-1454-3bb1-b47f-700f714534a9): + обмен на эндер руду
[19:43:51] GOLDENDUSST (a0ee3527-abbd-3f28-bd2e-ff7c77b23497): Ебааа
[19:44:08] GOLDENDUSST (a0ee3527-abbd-3f28-bd2e-ff7c77b23497): 6 алмов
[19:44:14] Bradly378 (9ab93dfb-1454-3bb1-b47f-700f714534a9): блоков?
[19:44:21] GOLDENDUSST (a0ee3527-abbd-3f28-bd2e-ff7c77b23497): Кристалов
[19:44:38] Bradly378 (9ab93dfb-1454-3bb1-b47f-700f714534a9): 6 кристалов тебе?
[19:44:55] GOLDENDUSST (a0ee3527-abbd-3f28-bd2e-ff7c77b23497): Нет всмысле просто 6 алмов за одну кирку такую
[19:45:12] GOLDENDUSST (a0ee3527-abbd-3f28-bd2e-ff7c77b23497): Дёшево
[19:45:20] Bradly378 (9ab93dfb-1454-3bb1-b47f-700f714534a9): а ок мне тогда ещё такую же но на шёлк
[19:45:32] Bradly378 (9ab93dfb-1454-3bb1-b47f-700f714534a9): +2 энд кристала на чай
[19:45:37] GOLDENDUSST (a0ee3527-abbd-3f28-bd2e-ff7c77b23497): А на шёлк это по сложнее будет
[19:46:03] Bradly378 (9ab93dfb-1454-3bb1-b47f-700f714534a9): дам за 2 кирки 18 алм + 4 энд кристла
[19:46:15] Bradly378 (9ab93dfb-1454-3bb1-b47f-700f714534a9): жду 40 мин
[19:46:18] Bradly378 (9ab93dfb-1454-3bb1-b47f-700f714534a9): )
[19:46:19] GOLDENDUSST (a0ee3527-abbd-3f28-bd2e-ff7c77b23497): Ок
[19:56:03] Bradly378 (9ab93dfb-1454-3bb1-b47f-700f714534a9): когда там кирка буде?
[19:56:10] Bradly378 (9ab93dfb-1454-3bb1-b47f-700f714534a9): кирки*
[19:56:25] GOLDENDUSST (a0ee3527-abbd-3f28-bd2e-ff7c77b23497): Ты мне дав многа времени
[19:56:40] GOLDENDUSST (a0ee3527-abbd-3f28-bd2e-ff7c77b23497): По факту одна кираа уже готова
[19:56:47] Bradly378 (9ab93dfb-1454-3bb1-b47f-700f714534a9): а 2?
[19:57:00] Exren3588 (6c446cc9-8057-3d23-bf8e-87a39b8040c4): в пизду вашу руду, не работают ваши ебаные ресурспаки
[19:57:04] GOLDENDUSST (a0ee3527-abbd-3f28-bd2e-ff7c77b23497): В процессе
[19:57:10] Exren3588 (6c446cc9-8057-3d23-bf8e-87a39b8040c4): ты дал голду 40 минут, научись ждать
[19:57:14] Bradly378 (9ab93dfb-1454-3bb1-b47f-700f714534a9): ну лох у всех всё работает
[19:57:27] Bradly378 (9ab93dfb-1454-3bb1-b47f-700f714534a9): я просто спрашиваю
[19:57:47] Exren3588 (6c446cc9-8057-3d23-bf8e-87a39b8040c4): у всех? в дс половина писала что даже ставить ресурспак не будет из-за фабрика
[19:58:03] Bradly378 (9ab93dfb-1454-3bb1-b47f-700f714534a9): так у меня фабрик и я без оптифайна и у меня всё робит
[19:58:13] Bradly378 (9ab93dfb-1454-3bb1-b47f-700f714534a9): оптифайн это просто как галочка
[19:58:26] Exren3588 (6c446cc9-8057-3d23-bf8e-87a39b8040c4): ну а другие не хотят, по факту только ты, сайко и возможно руниш видят руду
[20:01:15] Bradly378 (9ab93dfb-1454-3bb1-b47f-700f714534a9): ты ахуела?
[20:01:31] Bradly378 (9ab93dfb-1454-3bb1-b47f-700f714534a9): ты шо творишь
[20:03:03] GOLDENDUSST (a0ee3527-abbd-3f28-bd2e-ff7c77b23497): А названия?
[20:03:08] GOLDENDUSST (a0ee3527-abbd-3f28-bd2e-ff7c77b23497): Нужны?
[20:03:12] Bradly378 (9ab93dfb-1454-3bb1-b47f-700f714534a9): -
[20:04:46] Bradly378 (9ab93dfb-1454-3bb1-b47f-700f714534a9): а что готово уже?
[20:04:57] GOLDENDUSST (a0ee3527-abbd-3f28-bd2e-ff7c77b23497): Ес
[20:05:00] Bradly378 (9ab93dfb-1454-3bb1-b47f-700f714534a9): ea
[20:05:02] Bradly378 (9ab93dfb-1454-3bb1-b47f-700f714534a9): уф
[20:05:12] GOLDENDUSST (a0ee3527-abbd-3f28-bd2e-ff7c77b23497): Доставка?
[20:05:15] Bradly378 (9ab93dfb-1454-3bb1-b47f-700f714534a9): давай
[20:05:27] GOLDENDUSST (a0ee3527-abbd-3f28-bd2e-ff7c77b23497): Платная
[20:05:32] Bradly378 (9ab93dfb-1454-3bb1-b47f-700f714534a9): скок?
[20:05:55] GOLDENDUSST (a0ee3527-abbd-3f28-bd2e-ff7c77b23497): Блять крипер
[20:06:12] GOLDENDUSST (a0ee3527-abbd-3f28-bd2e-ff7c77b23497): Урааа
[20:06:22] GOLDENDUSST (a0ee3527-abbd-3f28-bd2e-ff7c77b23497): Пашёл нахуй боебля
[20:06:28] GOLDENDUSST (a0ee3527-abbd-3f28-bd2e-ff7c77b23497): Теперь я богат
[20:06:32] GOLDENDUSST (a0ee3527-abbd-3f28-bd2e-ff7c77b23497): Скоро буду
[20:08:49] Bradly378 (9ab93dfb-1454-3bb1-b47f-700f714534a9): так скок доставка стоит?
[20:09:07] GOLDENDUSST (a0ee3527-abbd-3f28-bd2e-ff7c77b23497): Думаю как чаевые сам выбирай
[20:09:18] Bradly378 (9ab93dfb-1454-3bb1-b47f-700f714534a9): лан на месте разберёмся
[20:11:53] GOLDENDUSST (a0ee3527-abbd-3f28-bd2e-ff7c77b23497): Я в твоём городе
[20:13:14] GOLDENDUSST (a0ee3527-abbd-3f28-bd2e-ff7c77b23497): И тут ты понимаешь что я наебал
[20:13:23] Bradly378 (9ab93dfb-1454-3bb1-b47f-700f714534a9): ban
[20:13:48] Bradly378 (9ab93dfb-1454-3bb1-b47f-700f714534a9): уф спс большое
[20:13:52] Bradly378 (9ab93dfb-1454-3bb1-b47f-700f714534a9): смари
[20:14:07] Bradly378 (9ab93dfb-1454-3bb1-b47f-700f714534a9): эта я копаю
[20:14:26] Bradly378 (9ab93dfb-1454-3bb1-b47f-700f714534a9): я есть скорость )
[20:15:12] GOLDENDUSST (a0ee3527-abbd-3f28-bd2e-ff7c77b23497): Смертельный трюк
[20:15:17] GOLDENDUSST (a0ee3527-abbd-3f28-bd2e-ff7c77b23497): Ватердроп
[20:15:23] Bradly378 (9ab93dfb-1454-3bb1-b47f-700f714534a9): подохне
[20:15:29] Bradly378 (9ab93dfb-1454-3bb1-b47f-700f714534a9): аххаха
[20:15:32] GOLDENDUSST (a0ee3527-abbd-3f28-bd2e-ff7c77b23497): Бля
[20:15:35] GOLDENDUSST (a0ee3527-abbd-3f28-bd2e-ff7c77b23497): похуй
[20:15:51] GOLDENDUSST (a0ee3527-abbd-3f28-bd2e-ff7c77b23497): Ферма мобив?
[20:15:54] Bradly378 (9ab93dfb-1454-3bb1-b47f-700f714534a9): неа
[20:15:59] Bradly378 (9ab93dfb-1454-3bb1-b47f-700f714534a9): секрет
[20:16:24] GOLDENDUSST (a0ee3527-abbd-3f28-bd2e-ff7c77b23497): Бля я в уме такую ахуенную ферму придумал я думаю её ещё никто не строил
[20:16:33] GOLDENDUSST (a0ee3527-abbd-3f28-bd2e-ff7c77b23497): Правда в выполнении она слоюная
[20:16:58] Bradly378 (9ab93dfb-1454-3bb1-b47f-700f714534a9): до 10 высоты
[20:17:38] Bradly378 (9ab93dfb-1454-3bb1-b47f-700f714534a9): шо тут забыла?
[20:17:54] Bradly378 (9ab93dfb-1454-3bb1-b47f-700f714534a9): ...
[20:18:04] Bradly378 (9ab93dfb-1454-3bb1-b47f-700f714534a9): яж тя вижу
[20:18:22] Exren3588 (6c446cc9-8057-3d23-bf8e-87a39b8040c4): а вот не надо видеть
[20:18:36] GOLDENDUSST (a0ee3527-abbd-3f28-bd2e-ff7c77b23497): завтро тотемы буду продавать
[20:19:17] Bradly378 (9ab93dfb-1454-3bb1-b47f-700f714534a9): ......
[20:19:27] Bradly378 (9ab93dfb-1454-3bb1-b47f-700f714534a9): ааа
[20:19:32] Bradly378 (9ab93dfb-1454-3bb1-b47f-700f714534a9): яйцо летает
[20:19:55] Bradly378 (9ab93dfb-1454-3bb1-b47f-700f714534a9): бляздец
[20:19:55] GOLDENDUSST (a0ee3527-abbd-3f28-bd2e-ff7c77b23497): дай пж
[20:24:51] Bradly378 (9ab93dfb-1454-3bb1-b47f-700f714534a9): уф всё спасиба
[20:24:55] Exren3588 (6c446cc9-8057-3d23-bf8e-87a39b8040c4): ты че реально в калькуляторе это считаешь?..
[20:25:10] Bradly378 (9ab93dfb-1454-3bb1-b47f-700f714534a9): леее
[20:30:26] Bradly378 (9ab93dfb-1454-3bb1-b47f-700f714534a9): бб
