21.05.2022 - 16:26:37 - [TAB v3.1.1] Something just tried to add player Fine into team play (expected team: 3FineA)
21.05.2022 - 16:26:37 - [TAB v3.1.1] Something just tried to add player Fine into team play (expected team: 3FineA)
21.05.2022 - 16:41:21 - [TAB v3.1.1] Something just tried to add player Bradly378 into team play (expected team: 3Bradly378A)
29.05.2022 - 07:07:53 - [TAB v3.1.1] Something just tried to add player saikonohack into team play (expected team: 3saikonohackA)
29.05.2022 - 07:07:53 - [TAB v3.1.1] Something just tried to add player saikonohack into team play (expected team: 3saikonohackA)
29.05.2022 - 07:07:53 - [TAB v3.1.1] Something just tried to add player saikonohack into team play (expected team: 3saikonohackA)
16.06.2022 - 14:10:38 - [TAB v3.1.1] Something just tried to add player saikonohack into team play (expected team: 3saikonohackA)
16.06.2022 - 14:10:38 - [TAB v3.1.1] Something just tried to add player saikonohack into team play (expected team: 3saikonohackA)
16.06.2022 - 14:10:38 - [TAB v3.1.1] Something just tried to add player saikonohack into team play (expected team: 3saikonohackA)
16.06.2022 - 14:10:38 - [TAB v3.1.1] Something just tried to add player saikonohack into team play (expected team: 3saikonohackA)
17.06.2022 - 09:28:09 - [TAB v3.1.1] Something just tried to add player saikonohack into team play (expected team: 3saikonohackA)
17.06.2022 - 09:28:09 - [TAB v3.1.1] Something just tried to add player saikonohack into team play (expected team: 3saikonohackA)
17.06.2022 - 10:13:44 - [TAB v3.1.1] Something just tried to add player ItsFartunaRu into team play (expected team: 3ItsFartunaRuA)
17.06.2022 - 10:25:30 - [TAB v3.1.1] Something just tried to add player saikonohack into team play (expected team: 3saikonohackA)
17.06.2022 - 10:25:30 - [TAB v3.1.1] Something just tried to add player saikonohack into team play (expected team: 3saikonohackA)
17.06.2022 - 11:11:54 - [TAB v3.1.1] Something just tried to add player RunishYT into team play (expected team: 3RunishYTA)
17.06.2022 - 11:12:25 - [TAB v3.1.1] Something just tried to add player ItsFartunaRu into team play (expected team: 3ItsFartunaRuA)
17.06.2022 - 11:37:52 - [TAB v3.1.1] Something just tried to add player RunishYT into team play (expected team: 3RunishYTA)
17.06.2022 - 11:37:55 - [TAB v3.1.1] Something just tried to add player ItsFartunaRu into team play (expected team: 3ItsFartunaRuA)
17.06.2022 - 11:37:59 - [TAB v3.1.1] Something just tried to add player saikonohack into team play (expected team: 3saikonohackA)
17.06.2022 - 13:51:06 - [TAB v3.1.1] Something just tried to add player saikonohack into team visitor (expected team: 3saikonohackA)
17.06.2022 - 13:55:17 - [TAB v3.1.1] Something just tried to add player Bradly368 into team play (expected team: 3Bradly368A)
17.06.2022 - 13:55:17 - [TAB v3.1.1] Something just tried to add player Bradly368 into team play (expected team: 3Bradly368A)
17.06.2022 - 13:58:02 - [TAB v3.1.1] Something just tried to add player saikonohack into team visitor (expected team: 3saikonohackA)
17.06.2022 - 14:10:17 - [TAB v3.1.1] Something just tried to add player saikonohack into team play (expected team: 3saikonohackA)
17.06.2022 - 14:28:32 - [TAB v3.1.1] Something just tried to add player saikonohack into team visitor (expected team: 3saikonohackA)
17.06.2022 - 14:39:58 - [TAB v3.1.1] Something just tried to add player AviKgolD1 into team visitor (expected team: 3AviKgolD1A)
17.06.2022 - 14:39:58 - [TAB v3.1.1] Something just tried to add player AviKgolD1 into team visitor (expected team: 3AviKgolD1A)
17.06.2022 - 14:40:16 - [TAB v3.1.1] Something just tried to add player saikonohack into team visitor (expected team: 3saikonohackA)
17.06.2022 - 14:40:22 - [TAB v3.1.1] Something just tried to add player RunishYT into team visitor (expected team: 3RunishYTA)
17.06.2022 - 14:40:32 - [TAB v3.1.1] Something just tried to add player saikonohack into team visitor (expected team: 3saikonohackA)
17.06.2022 - 14:40:34 - [TAB v3.1.1] Something just tried to add player RunishYT into team visitor (expected team: 3RunishYTA)
17.06.2022 - 14:40:55 - [TAB v3.1.1] Something just tried to add player AviKgolD1 into team visitor (expected team: 3AviKgolD1A)
17.06.2022 - 14:40:57 - [TAB v3.1.1] Something just tried to add player RunishYT into team visitor (expected team: 3RunishYTA)
17.06.2022 - 14:41:11 - [TAB v3.1.1] Something just tried to add player RunishYT into team play (expected team: 3RunishYTA)
17.06.2022 - 14:41:47 - [TAB v3.1.1] Something just tried to add player AviKgolD1 into team play (expected team: 3AviKgolD1A)
17.06.2022 - 14:41:56 - [TAB v3.1.1] Something just tried to add player saikonohack into team play (expected team: 3saikonohackA)
17.06.2022 - 14:53:38 - [TAB v3.1.1] Something just tried to add player ItsFartunaRu into team play (expected team: 3ItsFartunaRuA)
17.06.2022 - 14:59:19 - [TAB v3.1.1] Something just tried to add player saikonohack into team play (expected team: 3saikonohackA)
17.06.2022 - 14:59:19 - [TAB v3.1.1] Something just tried to add player saikonohack into team play (expected team: 3saikonohackA)
17.06.2022 - 14:59:19 - [TAB v3.1.1] Something just tried to add player saikonohack into team play (expected team: 3saikonohackA)
17.06.2022 - 14:59:23 - [TAB v3.1.1] Something just tried to add player ItsFartunaRu into team play (expected team: 3ItsFartunaRuA)
17.06.2022 - 15:05:43 - [TAB v3.1.1] Something just tried to add player RunishYT into team play (expected team: 3RunishYTA)
17.06.2022 - 15:11:17 - [TAB v3.1.1] Something just tried to add player RunishYT into team visitor (expected team: 3RunishYTA)
17.06.2022 - 15:11:25 - [TAB v3.1.1] Something just tried to add player AviKgolD1 into team play (expected team: 3AviKgolD1A)
17.06.2022 - 15:11:25 - [TAB v3.1.1] Something just tried to add player AviKgolD1 into team visitor (expected team: 3AviKgolD1A)
17.06.2022 - 15:11:30 - [TAB v3.1.1] Something just tried to add player RunishYT into team visitor (expected team: 3RunishYTA)
17.06.2022 - 15:15:46 - [TAB v3.1.1] Something just tried to add player AviKgolD1 into team visitor (expected team: 3AviKgolD1A)
17.06.2022 - 15:21:44 - [TAB v3.1.1] Something just tried to add player ItsFartunaRu into team play (expected team: 3ItsFartunaRuA)
17.06.2022 - 15:21:57 - [TAB v3.1.1] Something just tried to add player ItsFartunaRu into team visitor (expected team: 3ItsFartunaRuA)
17.06.2022 - 15:22:14 - [TAB v3.1.1] Something just tried to add player ItsFartunaRu into team play (expected team: 3ItsFartunaRuA)
17.06.2022 - 15:23:49 - [TAB v3.1.1] Something just tried to add player RunishYT into team visitor (expected team: 3RunishYTA)
17.06.2022 - 15:23:49 - [TAB v3.1.1] Something just tried to add player RunishYT into team play (expected team: 3RunishYTA)
17.06.2022 - 15:24:09 - [TAB v3.1.1] Something just tried to add player ItsFartunaRu into team play (expected team: 3ItsFartunaRuA)
17.06.2022 - 15:24:09 - [TAB v3.1.1] Something just tried to add player ItsFartunaRu into team play (expected team: 3ItsFartunaRuA)
17.06.2022 - 15:41:09 - [TAB v3.1.1] Something just tried to add player AviKgolD1 into team visitor (expected team: 3AviKgolD1A)
17.06.2022 - 15:41:09 - [TAB v3.1.1] Something just tried to add player AviKgolD1 into team play (expected team: 3AviKgolD1A)
17.06.2022 - 15:41:15 - [TAB v3.1.1] Something just tried to add player ItsFartunaRu into team play (expected team: 3ItsFartunaRuA)
17.06.2022 - 15:41:15 - [TAB v3.1.1] Something just tried to add player ItsFartunaRu into team play (expected team: 3ItsFartunaRuA)
17.06.2022 - 15:43:00 - [TAB v3.1.1] Something just tried to add player AviKgolD1 into team play (expected team: 3AviKgolD1A)
17.06.2022 - 15:58:32 - [TAB v3.1.1] Something just tried to add player ItsFartunaRu into team play (expected team: 3ItsFartunaRuA)
17.06.2022 - 16:02:34 - [TAB v3.1.1] Something just tried to add player saikonohack into team play (expected team: 3saikonohackA)
17.06.2022 - 16:06:48 - [TAB v3.1.1] Something just tried to add player RunishYT into team play (expected team: 3RunishYTA)
17.06.2022 - 16:09:17 - [TAB v3.1.1] Something just tried to add player ItsFartunaRu into team visitor (expected team: 3ItsFartunaRuA)
17.06.2022 - 16:09:17 - [TAB v3.1.1] Something just tried to add player ItsFartunaRu into team visitor (expected team: 3ItsFartunaRuA)
17.06.2022 - 16:11:46 - [TAB v3.1.1] Something just tried to add player saikonohack into team play (expected team: 3saikonohackA)
17.06.2022 - 16:13:35 - [TAB v3.1.1] Something just tried to add player ItsFartunaRu into team play (expected team: 3ItsFartunaRuA)
17.06.2022 - 16:14:24 - [TAB v3.1.1] Something just tried to add player saikonohack into team play (expected team: 3saikonohackA)
17.06.2022 - 16:14:24 - [TAB v3.1.1] Something just tried to add player saikonohack into team play (expected team: 3saikonohackA)
17.06.2022 - 16:16:01 - [TAB v3.1.1] Something just tried to add player ItsFartunaRu into team play (expected team: 3ItsFartunaRuA)
17.06.2022 - 16:16:01 - [TAB v3.1.1] Something just tried to add player ItsFartunaRu into team visitor (expected team: 3ItsFartunaRuA)
17.06.2022 - 16:16:01 - [TAB v3.1.1] Something just tried to add player ItsFartunaRu into team play (expected team: 3ItsFartunaRuA)
17.06.2022 - 16:21:57 - [TAB v3.1.1] Something just tried to add player saikonohack into team play (expected team: 3saikonohackA)
17.06.2022 - 16:22:11 - [TAB v3.1.1] Something just tried to add player ItsFartunaRu into team visitor (expected team: 3ItsFartunaRuA)
17.06.2022 - 16:22:39 - [TAB v3.1.1] Something just tried to add player saikonohack into team visitor (expected team: 3saikonohackA)
17.06.2022 - 16:22:50 - [TAB v3.1.1] Something just tried to add player Shrekotan into team visitor (expected team: 3ShrekotanA)
17.06.2022 - 16:22:52 - [TAB v3.1.1] Something just tried to add player ItsFartunaRu into team visitor (expected team: 3ItsFartunaRuA)
17.06.2022 - 16:23:55 - [TAB v3.1.1] Something just tried to add player Shrekotan into team visitor (expected team: 3ShrekotanA)
17.06.2022 - 16:23:57 - [TAB v3.1.1] Something just tried to add player Shrekotan into team play (expected team: 3ShrekotanA)
17.06.2022 - 16:23:57 - [TAB v3.1.1] Something just tried to add player Shrekotan into team play (expected team: 3ShrekotanA)
17.06.2022 - 16:24:13 - [TAB v3.1.1] Something just tried to add player ItsFartunaRu into team visitor (expected team: 3ItsFartunaRuA)
17.06.2022 - 16:24:16 - [TAB v3.1.1] Something just tried to add player saikonohack into team play (expected team: 3saikonohackA)
17.06.2022 - 16:24:46 - [TAB v3.1.1] Something just tried to add player ItsFartunaRu into team play (expected team: 3ItsFartunaRuA)
17.06.2022 - 16:27:59 - [TAB v3.1.1] Something just tried to add player saikonohack into team play (expected team: 3saikonohackA)
17.06.2022 - 16:28:18 - [TAB v3.1.1] Something just tried to add player Shrekotan into team play (expected team: 3ShrekotanA)
17.06.2022 - 16:28:18 - [TAB v3.1.1] Something just tried to add player Shrekotan into team play (expected team: 3ShrekotanA)
17.06.2022 - 16:33:12 - [TAB v3.1.1] Something just tried to add player ItsFartunaRu into team play (expected team: 3ItsFartunaRuA)
17.06.2022 - 16:33:12 - [TAB v3.1.1] Something just tried to add player ItsFartunaRu into team play (expected team: 3ItsFartunaRuA)
17.06.2022 - 16:33:16 - [TAB v3.1.1] Something just tried to add player RunishYT into team play (expected team: 3RunishYTA)
17.06.2022 - 16:39:50 - [TAB v3.1.1] Something just tried to add player saikonohack into team play (expected team: 3saikonohackA)
17.06.2022 - 16:39:50 - [TAB v3.1.1] Something just tried to add player saikonohack into team play (expected team: 3saikonohackA)
17.06.2022 - 16:41:59 - [TAB v3.1.1] Something just tried to add player Shrekotan into team play (expected team: 3ShrekotanA)
17.06.2022 - 16:43:10 - [TAB v3.1.1] Something just tried to add player RunishYT into team play (expected team: 3RunishYTA)
17.06.2022 - 16:43:41 - [TAB v3.1.1] Something just tried to add player ItsFartunaRu into team play (expected team: 3ItsFartunaRuA)
17.06.2022 - 16:43:41 - [TAB v3.1.1] Something just tried to add player ItsFartunaRu into team play (expected team: 3ItsFartunaRuA)
18.06.2022 - 09:04:10 - [TAB v3.1.1] Something just tried to add player GOLDENDUSST into team visitor (expected team: 3GOLDENDUSSTA)
18.06.2022 - 09:04:10 - [TAB v3.1.1] Something just tried to add player GOLDENDUSST into team visitor (expected team: 3GOLDENDUSSTA)
18.06.2022 - 09:05:11 - [TAB v3.1.1] Something just tried to add player GOLDENDUSST into team play (expected team: 3GOLDENDUSSTA)
18.06.2022 - 09:05:11 - [TAB v3.1.1] Something just tried to add player GOLDENDUSST into team play (expected team: 3GOLDENDUSSTA)
18.06.2022 - 09:16:53 - [TAB v3.1.1] Something just tried to add player UrdAnton2203 into team visitor (expected team: 3UrdAnton2203A)
18.06.2022 - 09:28:32 - [TAB v3.1.1] Something just tried to add player AviKgolD1 into team visitor (expected team: 3AviKgolD1A)
18.06.2022 - 09:31:14 - [TAB v3.1.1] Something just tried to add player GOLDENDUSST into team visitor (expected team: 3GOLDENDUSSTA)
18.06.2022 - 09:31:42 - [TAB v3.1.1] Something just tried to add player AviKgolD1 into team visitor (expected team: 3AviKgolD1A)
18.06.2022 - 09:32:22 - [TAB v3.1.1] Something just tried to add player GOLDENDUSST into team visitor (expected team: 3GOLDENDUSSTA)
18.06.2022 - 09:32:27 - [TAB v3.1.1] Something just tried to add player ItsFartunaRu into team visitor (expected team: 3ItsFartunaRuA)
18.06.2022 - 09:32:38 - [TAB v3.1.1] Something just tried to add player GOLDENDUSST into team visitor (expected team: 3GOLDENDUSSTA)
18.06.2022 - 09:32:42 - [TAB v3.1.1] Something just tried to add player ItsFartunaRu into team visitor (expected team: 3ItsFartunaRuA)
18.06.2022 - 09:46:09 - [TAB v3.1.1] Something just tried to add player AviKgolD1 into team play (expected team: 3AviKgolD1A)
18.06.2022 - 09:46:29 - [TAB v3.1.1] Something just tried to add player ItsFartunaRu into team play (expected team: 3ItsFartunaRuA)
18.06.2022 - 09:46:38 - [TAB v3.1.1] Something just tried to add player UrdAnton2203 into team play (expected team: 3UrdAnton2203A)
18.06.2022 - 09:49:21 - [TAB v3.1.1] Something just tried to add player saikonohack into team play (expected team: 3saikonohackA)
18.06.2022 - 09:50:29 - [TAB v3.1.1] Something just tried to add player UrdAnton2203 into team play (expected team: 3UrdAnton2203A)
18.06.2022 - 10:02:01 - [TAB v3.1.1] Something just tried to add player ItsFartunaRu into team play (expected team: 3ItsFartunaRuA)
18.06.2022 - 10:03:45 - [TAB v3.1.1] Something just tried to add player UrdAnton2203 into team play (expected team: 3UrdAnton2203A)
18.06.2022 - 10:03:45 - [TAB v3.1.1] Something just tried to add player UrdAnton2203 into team play (expected team: 3UrdAnton2203A)
18.06.2022 - 10:04:34 - [TAB v3.1.1] Something just tried to add player saikonohack into team play (expected team: 3saikonohackA)
18.06.2022 - 10:04:34 - [TAB v3.1.1] Something just tried to add player saikonohack into team visitor (expected team: 3saikonohackA)
18.06.2022 - 10:04:49 - [TAB v3.1.1] Something just tried to add player ItsFartunaRu into team visitor (expected team: 3ItsFartunaRuA)
18.06.2022 - 10:05:27 - [TAB v3.1.1] Something just tried to add player saikonohack into team visitor (expected team: 3saikonohackA)
18.06.2022 - 10:05:30 - [TAB v3.1.1] Something just tried to add player ItsFartunaRu into team visitor (expected team: 3ItsFartunaRuA)
18.06.2022 - 10:05:36 - [TAB v3.1.1] Something just tried to add player saikonohack into team play (expected team: 3saikonohackA)
18.06.2022 - 10:05:40 - [TAB v3.1.1] Something just tried to add player ItsFartunaRu into team play (expected team: 3ItsFartunaRuA)
18.06.2022 - 10:06:03 - [TAB v3.1.1] Something just tried to add player saikonohack into team play (expected team: 3saikonohackA)
18.06.2022 - 10:06:14 - [TAB v3.1.1] Something just tried to add player ItsFartunaRu into team play (expected team: 3ItsFartunaRuA)
18.06.2022 - 10:06:14 - [TAB v3.1.1] Something just tried to add player ItsFartunaRu into team play (expected team: 3ItsFartunaRuA)
18.06.2022 - 10:06:46 - [TAB v3.1.1] Something just tried to add player saikonohack into team play (expected team: 3saikonohackA)
18.06.2022 - 10:06:49 - [TAB v3.1.1] Something just tried to add player UrdAnton2203 into team play (expected team: 3UrdAnton2203A)
18.06.2022 - 10:09:24 - [TAB v3.1.1] Something just tried to add player ItsFartunaRu into team play (expected team: 3ItsFartunaRuA)
18.06.2022 - 10:09:28 - [TAB v3.1.1] Something just tried to add player deripaska72 into team play (expected team: 3deripaska72A)
18.06.2022 - 10:11:15 - [TAB v3.1.1] Something just tried to add player UrdAnton2203 into team play (expected team: 3UrdAnton2203A)
18.06.2022 - 10:11:15 - [TAB v3.1.1] Something just tried to add player UrdAnton2203 into team play (expected team: 3UrdAnton2203A)
18.06.2022 - 10:11:58 - [TAB v3.1.1] Something just tried to add player UrdAnton2203 into team visitor (expected team: 3UrdAnton2203A)
18.06.2022 - 10:13:37 - [TAB v3.1.1] Something just tried to add player AviKgolD1 into team play (expected team: 3AviKgolD1A)
18.06.2022 - 10:13:37 - [TAB v3.1.1] Something just tried to add player AviKgolD1 into team visitor (expected team: 3AviKgolD1A)
18.06.2022 - 10:15:09 - [TAB v3.1.1] Something just tried to add player saikonohack into team play (expected team: 3saikonohackA)
18.06.2022 - 10:15:09 - [TAB v3.1.1] Something just tried to add player saikonohack into team play (expected team: 3saikonohackA)
18.06.2022 - 10:15:13 - [TAB v3.1.1] Something just tried to add player AviKgolD1 into team visitor (expected team: 3AviKgolD1A)
18.06.2022 - 10:15:34 - [TAB v3.1.1] Something just tried to add player AviKgolD1 into team play (expected team: 3AviKgolD1A)
18.06.2022 - 10:15:42 - [TAB v3.1.1] Something just tried to add player saikonohack into team play (expected team: 3saikonohackA)
18.06.2022 - 10:16:01 - [TAB v3.1.1] Something just tried to add player UrdAnton2203 into team visitor (expected team: 3UrdAnton2203A)
18.06.2022 - 10:16:01 - [TAB v3.1.1] Something just tried to add player UrdAnton2203 into team play (expected team: 3UrdAnton2203A)
18.06.2022 - 10:21:22 - [TAB v3.1.1] Something just tried to add player ItsFartunaRu into team play (expected team: 3ItsFartunaRuA)
18.06.2022 - 10:23:00 - [TAB v3.1.1] Something just tried to add player saikonohack into team play (expected team: 3saikonohackA)
18.06.2022 - 10:23:28 - [TAB v3.1.1] Something just tried to add player deripaska72 into team play (expected team: 3deripaska72A)
18.06.2022 - 10:23:28 - [TAB v3.1.1] Something just tried to add player deripaska72 into team play (expected team: 3deripaska72A)
18.06.2022 - 10:23:56 - [TAB v3.1.1] Something just tried to add player UrdAnton2203 into team play (expected team: 3UrdAnton2203A)
18.06.2022 - 10:28:21 - [TAB v3.1.1] Something just tried to add player AviKgolD1 into team play (expected team: 3AviKgolD1A)
18.06.2022 - 11:11:31 - [TAB v3.1.1] Something just tried to add player ItsFartunaRu into team play (expected team: 3ItsFartunaRuA)
18.06.2022 - 11:11:31 - [TAB v3.1.1] Something just tried to add player ItsFartunaRu into team play (expected team: 3ItsFartunaRuA)
18.06.2022 - 11:11:31 - [TAB v3.1.1] Something just tried to add player ItsFartunaRu into team play (expected team: 3ItsFartunaRuA)
18.06.2022 - 11:11:31 - [TAB v3.1.1] Something just tried to add player ItsFartunaRu into team play (expected team: 3ItsFartunaRuA)
18.06.2022 - 11:58:15 - [TAB v3.1.1] Something just tried to add player RunishYT into team play (expected team: 3RunishYTA)
18.06.2022 - 16:17:52 - [TAB v3.1.1] Something just tried to add player ItsFartunaRu into team play (expected team: 3ItsFartunaRuA)
18.06.2022 - 16:17:52 - [TAB v3.1.1] Something just tried to add player ItsFartunaRu into team play (expected team: 3ItsFartunaRuA)
18.06.2022 - 16:17:57 - [TAB v3.1.1] Something just tried to add player LightNight010 into team play (expected team: 2LightNight010A)
18.06.2022 - 16:19:23 - [TAB v3.1.1] Something just tried to add player ItsFartunaRu into team play (expected team: 3ItsFartunaRuA)
18.06.2022 - 16:19:23 - [TAB v3.1.1] Something just tried to add player ItsFartunaRu into team play (expected team: 3ItsFartunaRuA)
18.06.2022 - 16:21:40 - [TAB v3.1.1] Something just tried to add player saikonohack into team play (expected team: 3saikonohackA)
18.06.2022 - 16:21:40 - [TAB v3.1.1] Something just tried to add player saikonohack into team play (expected team: 3saikonohackA)
18.06.2022 - 16:21:42 - [TAB v3.1.1] Something just tried to add player RunishYT into team play (expected team: 3RunishYTA)
18.06.2022 - 16:21:48 - [TAB v3.1.1] Something just tried to add player GOLDENDUSST into team play (expected team: 3GOLDENDUSSTA)
18.06.2022 - 16:21:48 - [TAB v3.1.1] Something just tried to add player GOLDENDUSST into team play (expected team: 3GOLDENDUSSTA)
18.06.2022 - 16:21:49 - [TAB v3.1.1] Something just tried to add player RunishYT into team play (expected team: 3RunishYTA)
18.06.2022 - 16:21:51 - [TAB v3.1.1] Something just tried to add player saikonohack into team play (expected team: 3saikonohackA)
18.06.2022 - 16:22:08 - [TAB v3.1.1] Something just tried to add player ItsFartunaRu into team play (expected team: 3ItsFartunaRuA)
18.06.2022 - 16:41:47 - [TAB v3.1.1] Something just tried to add player LightNight010 into team play (expected team: 2LightNight010A)
18.06.2022 - 16:41:47 - [TAB v3.1.1] Something just tried to add player LightNight010 into team play (expected team: 2LightNight010A)
18.06.2022 - 16:41:48 - [TAB v3.1.1] Something just tried to add player RunishYT into team play (expected team: 3RunishYTA)
18.06.2022 - 16:41:55 - [TAB v3.1.1] Something just tried to add player ItsFartunaRu into team play (expected team: 3ItsFartunaRuA)
18.06.2022 - 16:42:31 - [TAB v3.1.1] Something just tried to add player GOLDENDUSST into team play (expected team: 3GOLDENDUSSTA)
18.06.2022 - 16:42:40 - [TAB v3.1.1] Something just tried to add player saikonohack into team play (expected team: 3saikonohackA)
20.06.2022 - 06:01:52 - [TAB v3.1.1] Something just tried to add player Lolaol into team play (expected team: 3LolaolA)
20.06.2022 - 08:54:02 - [TAB v3.1.1] Something just tried to add player RunishYT into team play (expected team: 3RunishYTA)
20.06.2022 - 08:57:02 - [TAB v3.1.1] Something just tried to add player ParMisha1305 into team play (expected team: 3ParMisha1305A)
20.06.2022 - 08:57:02 - [TAB v3.1.1] Something just tried to add player ParMisha1305 into team play (expected team: 3ParMisha1305A)
20.06.2022 - 08:57:04 - [TAB v3.1.1] Something just tried to add player saikonohack into team play (expected team: 3saikonohackA)
20.06.2022 - 09:12:28 - [TAB v3.1.1] Something just tried to add player ParMisha1305 into team play (expected team: 3ParMisha1305A)
20.06.2022 - 09:18:04 - [TAB v3.1.1] Something just tried to add player ItsFartunaRu into team play (expected team: 3ItsFartunaRuA)
20.06.2022 - 09:22:45 - [TAB v3.1.1] Something just tried to add player ParMisha1305 into team play (expected team: 3ParMisha1305A)
20.06.2022 - 09:23:14 - [TAB v3.1.1] Something just tried to add player RunishYT into team play (expected team: 3RunishYTA)
20.06.2022 - 09:23:43 - [TAB v3.1.1] Something just tried to add player ParMisha1305 into team play (expected team: 3ParMisha1305A)
20.06.2022 - 09:43:42 - [TAB v3.1.1] Something just tried to add player AviKgolD1 into team play (expected team: 3AviKgolD1A)
20.06.2022 - 09:44:46 - [TAB v3.1.1] Something just tried to add player ItsFartunaRu into team play (expected team: 3ItsFartunaRuA)
20.06.2022 - 09:44:54 - [TAB v3.1.1] Something just tried to add player AviKgolD1 into team play (expected team: 3AviKgolD1A)
20.06.2022 - 13:51:16 - [TAB v3.1.1] Something just tried to add player saikonohack into team play (expected team: 3saikonohackA)
20.06.2022 - 15:10:53 - [TAB v3.1.1] Something just tried to add player ParMisha1305 into team play (expected team: 3ParMisha1305A)
20.06.2022 - 15:11:01 - [TAB v3.1.1] Something just tried to add player ItsFartunaRu into team play (expected team: 3ItsFartunaRuA)
20.06.2022 - 15:11:24 - [TAB v3.1.1] Something just tried to add player AviKgolD1 into team play (expected team: 3AviKgolD1A)
20.06.2022 - 15:11:43 - [TAB v3.1.1] Something just tried to add player GOLDENDUSST into team play (expected team: 3GOLDENDUSSTA)
20.06.2022 - 15:11:44 - [TAB v3.1.1] Something just tried to add player saikonohack into team play (expected team: 3saikonohackA)
20.06.2022 - 15:12:47 - [TAB v3.1.1] Something just tried to add player RunishYT into team play (expected team: 3RunishYTA)
20.06.2022 - 15:12:47 - [TAB v3.1.1] Something just tried to add player RunishYT into team play (expected team: 3RunishYTA)
20.06.2022 - 15:12:47 - [TAB v3.1.1] Something just tried to add player RunishYT into team play (expected team: 3RunishYTA)
20.06.2022 - 15:19:39 - [TAB v3.1.1] Something just tried to add player GOLDENDUSST into team play (expected team: 3GOLDENDUSSTA)
20.06.2022 - 15:19:39 - [TAB v3.1.1] Something just tried to add player GOLDENDUSST into team play (expected team: 3GOLDENDUSSTA)
20.06.2022 - 15:21:11 - [TAB v3.1.1] Something just tried to add player ItsFartunaRu into team play (expected team: 3ItsFartunaRuA)
20.06.2022 - 15:21:28 - [TAB v3.1.1] Something just tried to add player ParMisha1305 into team play (expected team: 3ParMisha1305A)
20.06.2022 - 15:23:11 - [TAB v3.1.1] Something just tried to add player GOLDENDUSST into team play (expected team: 3GOLDENDUSSTA)
20.06.2022 - 15:23:15 - [TAB v3.1.1] Something just tried to add player ItsFartunaRu into team play (expected team: 3ItsFartunaRuA)
20.06.2022 - 15:23:15 - [TAB v3.1.1] Something just tried to add player ItsFartunaRu into team play (expected team: 3ItsFartunaRuA)
20.06.2022 - 15:23:17 - [TAB v3.1.1] Something just tried to add player GOLDENDUSST into team play (expected team: 3GOLDENDUSSTA)
20.06.2022 - 15:23:17 - [TAB v3.1.1] Something just tried to add player GOLDENDUSST into team play (expected team: 3GOLDENDUSSTA)
20.06.2022 - 15:23:42 - [TAB v3.1.1] Something just tried to add player ParMisha1305 into team play (expected team: 3ParMisha1305A)
20.06.2022 - 15:23:44 - [TAB v3.1.1] Something just tried to add player saikonohack into team play (expected team: 3saikonohackA)
20.06.2022 - 15:23:56 - [TAB v3.1.1] Something just tried to add player AviKgolD1 into team play (expected team: 3AviKgolD1A)
20.06.2022 - 15:25:27 - [TAB v3.1.1] Something just tried to add player ParMisha1305 into team play (expected team: 3ParMisha1305A)
20.06.2022 - 15:25:27 - [TAB v3.1.1] Something just tried to add player ParMisha1305 into team play (expected team: 3ParMisha1305A)
20.06.2022 - 15:25:27 - [TAB v3.1.1] Something just tried to add player ParMisha1305 into team play (expected team: 3ParMisha1305A)
20.06.2022 - 15:45:17 - [TAB v3.1.1] Something just tried to add player saikonohack into team play (expected team: 3saikonohackA)
20.06.2022 - 15:47:22 - [TAB v3.1.1] Something just tried to add player GOLDENDUSST into team play (expected team: 3GOLDENDUSSTA)
20.06.2022 - 15:47:24 - [TAB v3.1.1] Something just tried to add player ItsFartunaRu into team play (expected team: 3ItsFartunaRuA)
20.06.2022 - 15:49:01 - [TAB v3.1.1] Something just tried to add player ParMisha1305 into team play (expected team: 3ParMisha1305A)
20.06.2022 - 15:50:15 - [TAB v3.1.1] Something just tried to add player GOLDENDUSST into team play (expected team: 3GOLDENDUSSTA)
20.06.2022 - 15:50:20 - [TAB v3.1.1] Something just tried to add player ParMisha1305 into team play (expected team: 3ParMisha1305A)
20.06.2022 - 15:50:31 - [TAB v3.1.1] Something just tried to add player GOLDENDUSST into team play (expected team: 3GOLDENDUSSTA)
20.06.2022 - 15:50:31 - [TAB v3.1.1] Something just tried to add player GOLDENDUSST into team play (expected team: 3GOLDENDUSSTA)
20.06.2022 - 15:50:31 - [TAB v3.1.1] Something just tried to add player GOLDENDUSST into team play (expected team: 3GOLDENDUSSTA)
20.06.2022 - 15:50:42 - [TAB v3.1.1] Something just tried to add player ParMisha1305 into team play (expected team: 3ParMisha1305A)
20.06.2022 - 15:50:42 - [TAB v3.1.1] Something just tried to add player ParMisha1305 into team play (expected team: 3ParMisha1305A)
20.06.2022 - 15:58:22 - [TAB v3.1.1] Something just tried to add player RunishYT into team play (expected team: 3RunishYTA)
22.06.2022 - 10:34:57 - [TAB v3.1.1] Something just tried to add player LightNight010 into team play (expected team: 2LightNight010A)
22.06.2022 - 10:34:57 - [TAB v3.1.1] Something just tried to add player LightNight010 into team play (expected team: 2LightNight010A)
22.06.2022 - 10:36:01 - [TAB v3.1.1] Something just tried to add player RunishYT into team play (expected team: 3RunishYTA)
22.06.2022 - 10:36:13 - [TAB v3.1.1] Something just tried to add player saikonohack into team play (expected team: 3saikonohackA)
22.06.2022 - 10:38:03 - [TAB v3.1.1] Something just tried to add player ItsFartunaRu into team play (expected team: 3ItsFartunaRuA)
22.06.2022 - 10:39:44 - [TAB v3.1.1] Something just tried to add player LightNight010 into team play (expected team: 2LightNight010A)
22.06.2022 - 10:39:44 - [TAB v3.1.1] Something just tried to add player LightNight010 into team play (expected team: 2LightNight010A)
22.06.2022 - 10:39:47 - [TAB v3.1.1] Something just tried to add player AviKgolD1 into team play (expected team: 3AviKgolD1A)
22.06.2022 - 10:45:01 - [TAB v3.1.1] Something just tried to add player ItsFartunaRu into team play (expected team: 3ItsFartunaRuA)
22.06.2022 - 10:45:16 - [TAB v3.1.1] Something just tried to add player AviKgolD1 into team play (expected team: 3AviKgolD1A)
22.06.2022 - 10:45:16 - [TAB v3.1.1] Something just tried to add player AviKgolD1 into team play (expected team: 3AviKgolD1A)
22.06.2022 - 10:45:18 - [TAB v3.1.1] Something just tried to add player saikonohack into team play (expected team: 3saikonohackA)
22.06.2022 - 10:45:18 - [TAB v3.1.1] Something just tried to add player saikonohack into team play (expected team: 3saikonohackA)
22.06.2022 - 10:45:18 - [TAB v3.1.1] Something just tried to add player saikonohack into team play (expected team: 3saikonohackA)
22.06.2022 - 10:50:01 - [TAB v3.1.1] Something just tried to add player RunishYT into team play (expected team: 3RunishYTA)
22.06.2022 - 10:52:19 - [TAB v3.1.1] Something just tried to add player AviKgolD1 into team play (expected team: 3AviKgolD1A)
22.06.2022 - 10:52:19 - [TAB v3.1.1] Something just tried to add player AviKgolD1 into team play (expected team: 3AviKgolD1A)
22.06.2022 - 10:52:28 - [TAB v3.1.1] Something just tried to add player saikonohack into team play (expected team: 3saikonohackA)
22.06.2022 - 10:52:35 - [TAB v3.1.1] Something just tried to add player AviKgolD1 into team play (expected team: 3AviKgolD1A)
22.06.2022 - 10:52:36 - [TAB v3.1.1] Something just tried to add player saikonohack into team play (expected team: 3saikonohackA)
22.06.2022 - 10:52:47 - [TAB v3.1.1] Something just tried to add player ItsFartunaRu into team play (expected team: 3ItsFartunaRuA)
22.06.2022 - 10:52:47 - [TAB v3.1.1] Something just tried to add player ItsFartunaRu into team play (expected team: 3ItsFartunaRuA)
22.06.2022 - 10:52:47 - [TAB v3.1.1] Something just tried to add player ItsFartunaRu into team play (expected team: 3ItsFartunaRuA)
22.06.2022 - 11:00:25 - [TAB v3.1.1] Something just tried to add player RunishYT into team play (expected team: 3RunishYTA)
22.06.2022 - 11:02:55 - [TAB v3.1.1] Something just tried to add player saikonohack into team play (expected team: 3saikonohackA)
22.06.2022 - 11:03:00 - [TAB v3.1.1] Something just tried to add player RunishYT into team play (expected team: 3RunishYTA)
22.06.2022 - 11:03:02 - [TAB v3.1.1] Something just tried to add player saikonohack into team play (expected team: 3saikonohackA)
22.06.2022 - 11:03:02 - [TAB v3.1.1] Something just tried to add player saikonohack into team play (expected team: 3saikonohackA)
22.06.2022 - 11:07:56 - [TAB v3.1.1] Something just tried to add player RunishYT into team play (expected team: 3RunishYTA)
22.06.2022 - 11:09:25 - [TAB v3.1.1] Something just tried to add player AviKgolD1 into team play (expected team: 3AviKgolD1A)
22.06.2022 - 11:11:56 - [TAB v3.1.1] Something just tried to add player ItsFartunaRu into team play (expected team: 3ItsFartunaRuA)
22.06.2022 - 11:11:56 - [TAB v3.1.1] Something just tried to add player ItsFartunaRu into team play (expected team: 3ItsFartunaRuA)
22.06.2022 - 11:13:50 - [TAB v3.1.1] Something just tried to add player AviKgolD1 into team play (expected team: 3AviKgolD1A)
22.06.2022 - 11:14:18 - [TAB v3.1.1] Something just tried to add player LightNight010 into team play (expected team: 2LightNight010A)
22.06.2022 - 11:14:18 - [TAB v3.1.1] Something just tried to add player LightNight010 into team play (expected team: 2LightNight010A)
22.06.2022 - 11:14:18 - [TAB v3.1.1] Something just tried to add player LightNight010 into team play (expected team: 2LightNight010A)
22.06.2022 - 11:14:18 - [TAB v3.1.1] Something just tried to add player LightNight010 into team play (expected team: 2LightNight010A)
22.06.2022 - 11:18:08 - [TAB v3.1.1] Something just tried to add player AviKgolD1 into team play (expected team: 3AviKgolD1A)
22.06.2022 - 11:40:27 - [TAB v3.1.1] Something just tried to add player ItsFartunaRu into team play (expected team: 3ItsFartunaRuA)
24.06.2022 - 16:21:04 - [TAB v3.1.1] Something just tried to add player saikonohack into team play (expected team: 3saikonohackA)
29.06.2022 - 10:13:39 - [TAB v3.1.1] Something just tried to add player AviKgolD1 into team play (expected team: 3AviKgolD1A)
01.07.2022 - 12:22:46 - [TAB v3.1.1] Something just tried to add player Lolaol into team play (expected team: 3LolaolA)
