12.05.2022 - 18:05:29 - [TAB v3.1.1] Failed to enable. Did you just invent a new way to break the plugin by misconfiguring it?
12.05.2022 - 18:05:29 - java.nio.charset.MalformedInputException: Input length = 1
12.05.2022 - 18:05:29 - 	at java.base/java.nio.charset.CoderResult.throwException(CoderResult.java:274)
12.05.2022 - 18:05:29 - 	at java.base/sun.nio.cs.StreamDecoder.implRead(StreamDecoder.java:326)
12.05.2022 - 18:05:29 - 	at java.base/sun.nio.cs.StreamDecoder.read(StreamDecoder.java:188)
12.05.2022 - 18:05:29 - 	at java.base/java.io.InputStreamReader.read(InputStreamReader.java:177)
12.05.2022 - 18:05:29 - 	at java.base/java.io.BufferedReader.fill(BufferedReader.java:162)
12.05.2022 - 18:05:29 - 	at java.base/java.io.BufferedReader.readLine(BufferedReader.java:329)
12.05.2022 - 18:05:29 - 	at java.base/java.io.BufferedReader.readLine(BufferedReader.java:396)
12.05.2022 - 18:05:29 - 	at java.base/java.nio.file.Files.readAllLines(Files.java:3415)
12.05.2022 - 18:05:29 - 	at java.base/java.nio.file.Files.readAllLines(Files.java:3453)
12.05.2022 - 18:05:29 - 	at TAB v3.1.1.jar//me.neznamy.tab.api.config.ConfigurationFile.detectHeader(ConfigurationFile.java:401)
12.05.2022 - 18:05:29 - 	at TAB v3.1.1.jar//me.neznamy.tab.api.config.ConfigurationFile.<init>(ConfigurationFile.java:69)
12.05.2022 - 18:05:29 - 	at TAB v3.1.1.jar//me.neznamy.tab.api.config.YamlConfigurationFile.<init>(YamlConfigurationFile.java:53)
12.05.2022 - 18:05:29 - 	at TAB v3.1.1.jar//me.neznamy.tab.shared.config.Configs.loadFiles(Configs.java:82)
12.05.2022 - 18:05:29 - 	at TAB v3.1.1.jar//me.neznamy.tab.shared.TAB.load(TAB.java:169)
12.05.2022 - 18:05:29 - 	at TAB v3.1.1.jar//me.neznamy.tab.shared.command.ReloadCommand.execute(ReloadCommand.java:22)
12.05.2022 - 18:05:29 - 	at TAB v3.1.1.jar//me.neznamy.tab.shared.command.TabCommand.execute(TabCommand.java:53)
12.05.2022 - 18:05:29 - 	at TAB v3.1.1.jar//me.neznamy.tab.platforms.bukkit.Main$TABCommand.onCommand(Main.java:110)
12.05.2022 - 18:05:29 - 	at org.bukkit.command.PluginCommand.execute(PluginCommand.java:45)
12.05.2022 - 18:05:29 - 	at org.bukkit.command.SimpleCommandMap.dispatch(SimpleCommandMap.java:159)
12.05.2022 - 18:05:29 - 	at org.bukkit.craftbukkit.v1_18_R2.CraftServer.dispatchCommand(CraftServer.java:906)
12.05.2022 - 18:05:29 - 	at net.minecraft.server.network.PlayerConnection.a(PlayerConnection.java:2306)
12.05.2022 - 18:05:29 - 	at net.minecraft.server.network.PlayerConnection.a(PlayerConnection.java:2117)
12.05.2022 - 18:05:29 - 	at net.minecraft.server.network.PlayerConnection.a(PlayerConnection.java:2098)
12.05.2022 - 18:05:29 - 	at net.minecraft.network.protocol.game.PacketPlayInChat.a(PacketPlayInChat.java:46)
12.05.2022 - 18:05:29 - 	at net.minecraft.network.protocol.game.PacketPlayInChat.a(PacketPlayInChat.java:6)
12.05.2022 - 18:05:29 - 	at net.minecraft.network.protocol.PlayerConnectionUtils.lambda$ensureRunningOnSameThread$1(PlayerConnectionUtils.java:51)
12.05.2022 - 18:05:29 - 	at net.minecraft.server.TickTask.run(TickTask.java:18)
12.05.2022 - 18:05:29 - 	at net.minecraft.util.thread.IAsyncTaskHandler.d(IAsyncTaskHandler.java:153)
12.05.2022 - 18:05:29 - 	at net.minecraft.util.thread.IAsyncTaskHandlerReentrant.d(IAsyncTaskHandlerReentrant.java:24)
12.05.2022 - 18:05:29 - 	at net.minecraft.server.MinecraftServer.b(MinecraftServer.java:1399)
12.05.2022 - 18:05:29 - 	at net.minecraft.server.MinecraftServer.d(MinecraftServer.java:188)
12.05.2022 - 18:05:29 - 	at net.minecraft.util.thread.IAsyncTaskHandler.y(IAsyncTaskHandler.java:126)
12.05.2022 - 18:05:29 - 	at net.minecraft.server.MinecraftServer.be(MinecraftServer.java:1376)
12.05.2022 - 18:05:29 - 	at net.minecraft.server.MinecraftServer.y(MinecraftServer.java:1369)
12.05.2022 - 18:05:29 - 	at net.minecraft.util.thread.IAsyncTaskHandler.c(IAsyncTaskHandler.java:136)
12.05.2022 - 18:05:29 - 	at net.minecraft.server.MinecraftServer.x(MinecraftServer.java:1347)
12.05.2022 - 18:05:29 - 	at net.minecraft.server.MinecraftServer.w(MinecraftServer.java:1229)
12.05.2022 - 18:05:29 - 	at net.minecraft.server.MinecraftServer.lambda$spin$0(MinecraftServer.java:315)
12.05.2022 - 18:05:29 - 	at java.base/java.lang.Thread.run(Thread.java:833)
12.05.2022 - 18:05:36 - [TAB v3.1.1] Failed to enable. Did you just invent a new way to break the plugin by misconfiguring it?
12.05.2022 - 18:05:36 - java.nio.charset.MalformedInputException: Input length = 1
12.05.2022 - 18:05:36 - 	at java.base/java.nio.charset.CoderResult.throwException(CoderResult.java:274)
12.05.2022 - 18:05:36 - 	at java.base/sun.nio.cs.StreamDecoder.implRead(StreamDecoder.java:326)
12.05.2022 - 18:05:36 - 	at java.base/sun.nio.cs.StreamDecoder.read(StreamDecoder.java:188)
12.05.2022 - 18:05:36 - 	at java.base/java.io.InputStreamReader.read(InputStreamReader.java:177)
12.05.2022 - 18:05:36 - 	at java.base/java.io.BufferedReader.fill(BufferedReader.java:162)
12.05.2022 - 18:05:36 - 	at java.base/java.io.BufferedReader.readLine(BufferedReader.java:329)
12.05.2022 - 18:05:36 - 	at java.base/java.io.BufferedReader.readLine(BufferedReader.java:396)
12.05.2022 - 18:05:36 - 	at java.base/java.nio.file.Files.readAllLines(Files.java:3415)
12.05.2022 - 18:05:36 - 	at java.base/java.nio.file.Files.readAllLines(Files.java:3453)
12.05.2022 - 18:05:36 - 	at TAB v3.1.1.jar//me.neznamy.tab.api.config.ConfigurationFile.detectHeader(ConfigurationFile.java:401)
12.05.2022 - 18:05:36 - 	at TAB v3.1.1.jar//me.neznamy.tab.api.config.ConfigurationFile.<init>(ConfigurationFile.java:69)
12.05.2022 - 18:05:36 - 	at TAB v3.1.1.jar//me.neznamy.tab.api.config.YamlConfigurationFile.<init>(YamlConfigurationFile.java:53)
12.05.2022 - 18:05:36 - 	at TAB v3.1.1.jar//me.neznamy.tab.shared.config.Configs.loadFiles(Configs.java:82)
12.05.2022 - 18:05:36 - 	at TAB v3.1.1.jar//me.neznamy.tab.shared.TAB.load(TAB.java:169)
12.05.2022 - 18:05:36 - 	at TAB v3.1.1.jar//me.neznamy.tab.shared.command.DisabledCommand.execute(DisabledCommand.java:28)
12.05.2022 - 18:05:36 - 	at TAB v3.1.1.jar//me.neznamy.tab.platforms.bukkit.Main$TABCommand.onCommand(Main.java:101)
12.05.2022 - 18:05:36 - 	at org.bukkit.command.PluginCommand.execute(PluginCommand.java:45)
12.05.2022 - 18:05:36 - 	at org.bukkit.command.SimpleCommandMap.dispatch(SimpleCommandMap.java:159)
12.05.2022 - 18:05:36 - 	at org.bukkit.craftbukkit.v1_18_R2.CraftServer.dispatchCommand(CraftServer.java:906)
12.05.2022 - 18:05:36 - 	at net.minecraft.server.network.PlayerConnection.a(PlayerConnection.java:2306)
12.05.2022 - 18:05:36 - 	at net.minecraft.server.network.PlayerConnection.a(PlayerConnection.java:2117)
12.05.2022 - 18:05:36 - 	at net.minecraft.server.network.PlayerConnection.a(PlayerConnection.java:2098)
12.05.2022 - 18:05:36 - 	at net.minecraft.network.protocol.game.PacketPlayInChat.a(PacketPlayInChat.java:46)
12.05.2022 - 18:05:36 - 	at net.minecraft.network.protocol.game.PacketPlayInChat.a(PacketPlayInChat.java:6)
12.05.2022 - 18:05:36 - 	at net.minecraft.network.protocol.PlayerConnectionUtils.lambda$ensureRunningOnSameThread$1(PlayerConnectionUtils.java:51)
12.05.2022 - 18:05:36 - 	at net.minecraft.server.TickTask.run(TickTask.java:18)
12.05.2022 - 18:05:36 - 	at net.minecraft.util.thread.IAsyncTaskHandler.d(IAsyncTaskHandler.java:153)
12.05.2022 - 18:05:36 - 	at net.minecraft.util.thread.IAsyncTaskHandlerReentrant.d(IAsyncTaskHandlerReentrant.java:24)
12.05.2022 - 18:05:36 - 	at net.minecraft.server.MinecraftServer.b(MinecraftServer.java:1399)
12.05.2022 - 18:05:36 - 	at net.minecraft.server.MinecraftServer.d(MinecraftServer.java:188)
12.05.2022 - 18:05:36 - 	at net.minecraft.util.thread.IAsyncTaskHandler.y(IAsyncTaskHandler.java:126)
12.05.2022 - 18:05:36 - 	at net.minecraft.server.MinecraftServer.be(MinecraftServer.java:1376)
12.05.2022 - 18:05:36 - 	at net.minecraft.server.MinecraftServer.y(MinecraftServer.java:1369)
12.05.2022 - 18:05:36 - 	at net.minecraft.util.thread.IAsyncTaskHandler.c(IAsyncTaskHandler.java:136)
12.05.2022 - 18:05:36 - 	at net.minecraft.server.MinecraftServer.x(MinecraftServer.java:1347)
12.05.2022 - 18:05:36 - 	at net.minecraft.server.MinecraftServer.w(MinecraftServer.java:1229)
12.05.2022 - 18:05:36 - 	at net.minecraft.server.MinecraftServer.lambda$spin$0(MinecraftServer.java:315)
12.05.2022 - 18:05:36 - 	at java.base/java.lang.Thread.run(Thread.java:833)
12.05.2022 - 18:06:15 - [TAB v3.1.1] Failed to enable. Did you just invent a new way to break the plugin by misconfiguring it?
12.05.2022 - 18:06:15 - java.nio.charset.MalformedInputException: Input length = 1
12.05.2022 - 18:06:15 - 	at java.base/java.nio.charset.CoderResult.throwException(CoderResult.java:274)
12.05.2022 - 18:06:15 - 	at java.base/sun.nio.cs.StreamDecoder.implRead(StreamDecoder.java:326)
12.05.2022 - 18:06:15 - 	at java.base/sun.nio.cs.StreamDecoder.read(StreamDecoder.java:188)
12.05.2022 - 18:06:15 - 	at java.base/java.io.InputStreamReader.read(InputStreamReader.java:177)
12.05.2022 - 18:06:15 - 	at java.base/java.io.BufferedReader.fill(BufferedReader.java:162)
12.05.2022 - 18:06:15 - 	at java.base/java.io.BufferedReader.readLine(BufferedReader.java:329)
12.05.2022 - 18:06:15 - 	at java.base/java.io.BufferedReader.readLine(BufferedReader.java:396)
12.05.2022 - 18:06:15 - 	at java.base/java.nio.file.Files.readAllLines(Files.java:3415)
12.05.2022 - 18:06:15 - 	at java.base/java.nio.file.Files.readAllLines(Files.java:3453)
12.05.2022 - 18:06:15 - 	at TAB v3.1.1.jar//me.neznamy.tab.api.config.ConfigurationFile.detectHeader(ConfigurationFile.java:401)
12.05.2022 - 18:06:15 - 	at TAB v3.1.1.jar//me.neznamy.tab.api.config.ConfigurationFile.<init>(ConfigurationFile.java:69)
12.05.2022 - 18:06:15 - 	at TAB v3.1.1.jar//me.neznamy.tab.api.config.YamlConfigurationFile.<init>(YamlConfigurationFile.java:53)
12.05.2022 - 18:06:15 - 	at TAB v3.1.1.jar//me.neznamy.tab.shared.config.Configs.loadFiles(Configs.java:82)
12.05.2022 - 18:06:15 - 	at TAB v3.1.1.jar//me.neznamy.tab.shared.TAB.load(TAB.java:169)
12.05.2022 - 18:06:15 - 	at TAB v3.1.1.jar//me.neznamy.tab.shared.command.DisabledCommand.execute(DisabledCommand.java:28)
12.05.2022 - 18:06:15 - 	at TAB v3.1.1.jar//me.neznamy.tab.platforms.bukkit.Main$TABCommand.onCommand(Main.java:101)
12.05.2022 - 18:06:15 - 	at org.bukkit.command.PluginCommand.execute(PluginCommand.java:45)
12.05.2022 - 18:06:15 - 	at org.bukkit.command.SimpleCommandMap.dispatch(SimpleCommandMap.java:159)
12.05.2022 - 18:06:15 - 	at org.bukkit.craftbukkit.v1_18_R2.CraftServer.dispatchCommand(CraftServer.java:906)
12.05.2022 - 18:06:15 - 	at net.minecraft.server.network.PlayerConnection.a(PlayerConnection.java:2306)
12.05.2022 - 18:06:15 - 	at net.minecraft.server.network.PlayerConnection.a(PlayerConnection.java:2117)
12.05.2022 - 18:06:15 - 	at net.minecraft.server.network.PlayerConnection.a(PlayerConnection.java:2098)
12.05.2022 - 18:06:15 - 	at net.minecraft.network.protocol.game.PacketPlayInChat.a(PacketPlayInChat.java:46)
12.05.2022 - 18:06:15 - 	at net.minecraft.network.protocol.game.PacketPlayInChat.a(PacketPlayInChat.java:6)
12.05.2022 - 18:06:15 - 	at net.minecraft.network.protocol.PlayerConnectionUtils.lambda$ensureRunningOnSameThread$1(PlayerConnectionUtils.java:51)
12.05.2022 - 18:06:15 - 	at net.minecraft.server.TickTask.run(TickTask.java:18)
12.05.2022 - 18:06:15 - 	at net.minecraft.util.thread.IAsyncTaskHandler.d(IAsyncTaskHandler.java:153)
12.05.2022 - 18:06:15 - 	at net.minecraft.util.thread.IAsyncTaskHandlerReentrant.d(IAsyncTaskHandlerReentrant.java:24)
12.05.2022 - 18:06:15 - 	at net.minecraft.server.MinecraftServer.b(MinecraftServer.java:1399)
12.05.2022 - 18:06:15 - 	at net.minecraft.server.MinecraftServer.d(MinecraftServer.java:188)
12.05.2022 - 18:06:15 - 	at net.minecraft.util.thread.IAsyncTaskHandler.y(IAsyncTaskHandler.java:126)
12.05.2022 - 18:06:15 - 	at net.minecraft.server.MinecraftServer.be(MinecraftServer.java:1376)
12.05.2022 - 18:06:15 - 	at net.minecraft.server.MinecraftServer.y(MinecraftServer.java:1369)
12.05.2022 - 18:06:15 - 	at net.minecraft.util.thread.IAsyncTaskHandler.c(IAsyncTaskHandler.java:136)
12.05.2022 - 18:06:15 - 	at net.minecraft.server.MinecraftServer.x(MinecraftServer.java:1347)
12.05.2022 - 18:06:15 - 	at net.minecraft.server.MinecraftServer.w(MinecraftServer.java:1229)
12.05.2022 - 18:06:15 - 	at net.minecraft.server.MinecraftServer.lambda$spin$0(MinecraftServer.java:315)
12.05.2022 - 18:06:15 - 	at java.base/java.lang.Thread.run(Thread.java:833)
12.05.2022 - 18:07:00 - [TAB v3.1.1] Failed to enable. Did you just invent a new way to break the plugin by misconfiguring it?
12.05.2022 - 18:07:00 - java.nio.charset.MalformedInputException: Input length = 1
12.05.2022 - 18:07:00 - 	at java.base/java.nio.charset.CoderResult.throwException(CoderResult.java:274)
12.05.2022 - 18:07:00 - 	at java.base/sun.nio.cs.StreamDecoder.implRead(StreamDecoder.java:326)
12.05.2022 - 18:07:00 - 	at java.base/sun.nio.cs.StreamDecoder.read(StreamDecoder.java:188)
12.05.2022 - 18:07:00 - 	at java.base/java.io.InputStreamReader.read(InputStreamReader.java:177)
12.05.2022 - 18:07:00 - 	at java.base/java.io.BufferedReader.fill(BufferedReader.java:162)
12.05.2022 - 18:07:00 - 	at java.base/java.io.BufferedReader.readLine(BufferedReader.java:329)
12.05.2022 - 18:07:00 - 	at java.base/java.io.BufferedReader.readLine(BufferedReader.java:396)
12.05.2022 - 18:07:00 - 	at java.base/java.nio.file.Files.readAllLines(Files.java:3415)
12.05.2022 - 18:07:00 - 	at java.base/java.nio.file.Files.readAllLines(Files.java:3453)
12.05.2022 - 18:07:00 - 	at TAB v3.1.1.jar//me.neznamy.tab.api.config.ConfigurationFile.detectHeader(ConfigurationFile.java:401)
12.05.2022 - 18:07:00 - 	at TAB v3.1.1.jar//me.neznamy.tab.api.config.ConfigurationFile.<init>(ConfigurationFile.java:69)
12.05.2022 - 18:07:00 - 	at TAB v3.1.1.jar//me.neznamy.tab.api.config.YamlConfigurationFile.<init>(YamlConfigurationFile.java:53)
12.05.2022 - 18:07:00 - 	at TAB v3.1.1.jar//me.neznamy.tab.shared.config.Configs.loadFiles(Configs.java:82)
12.05.2022 - 18:07:00 - 	at TAB v3.1.1.jar//me.neznamy.tab.shared.TAB.load(TAB.java:169)
12.05.2022 - 18:07:00 - 	at TAB v3.1.1.jar//me.neznamy.tab.shared.command.DisabledCommand.execute(DisabledCommand.java:28)
12.05.2022 - 18:07:00 - 	at TAB v3.1.1.jar//me.neznamy.tab.platforms.bukkit.Main$TABCommand.onCommand(Main.java:101)
12.05.2022 - 18:07:00 - 	at org.bukkit.command.PluginCommand.execute(PluginCommand.java:45)
12.05.2022 - 18:07:00 - 	at org.bukkit.command.SimpleCommandMap.dispatch(SimpleCommandMap.java:159)
12.05.2022 - 18:07:00 - 	at org.bukkit.craftbukkit.v1_18_R2.CraftServer.dispatchCommand(CraftServer.java:906)
12.05.2022 - 18:07:00 - 	at net.minecraft.server.network.PlayerConnection.a(PlayerConnection.java:2306)
12.05.2022 - 18:07:00 - 	at net.minecraft.server.network.PlayerConnection.a(PlayerConnection.java:2117)
12.05.2022 - 18:07:00 - 	at net.minecraft.server.network.PlayerConnection.a(PlayerConnection.java:2098)
12.05.2022 - 18:07:00 - 	at net.minecraft.network.protocol.game.PacketPlayInChat.a(PacketPlayInChat.java:46)
12.05.2022 - 18:07:00 - 	at net.minecraft.network.protocol.game.PacketPlayInChat.a(PacketPlayInChat.java:6)
12.05.2022 - 18:07:00 - 	at net.minecraft.network.protocol.PlayerConnectionUtils.lambda$ensureRunningOnSameThread$1(PlayerConnectionUtils.java:51)
12.05.2022 - 18:07:00 - 	at net.minecraft.server.TickTask.run(TickTask.java:18)
12.05.2022 - 18:07:00 - 	at net.minecraft.util.thread.IAsyncTaskHandler.d(IAsyncTaskHandler.java:153)
12.05.2022 - 18:07:00 - 	at net.minecraft.util.thread.IAsyncTaskHandlerReentrant.d(IAsyncTaskHandlerReentrant.java:24)
12.05.2022 - 18:07:00 - 	at net.minecraft.server.MinecraftServer.b(MinecraftServer.java:1399)
12.05.2022 - 18:07:00 - 	at net.minecraft.server.MinecraftServer.d(MinecraftServer.java:188)
12.05.2022 - 18:07:00 - 	at net.minecraft.util.thread.IAsyncTaskHandler.y(IAsyncTaskHandler.java:126)
12.05.2022 - 18:07:00 - 	at net.minecraft.server.MinecraftServer.be(MinecraftServer.java:1376)
12.05.2022 - 18:07:00 - 	at net.minecraft.server.MinecraftServer.y(MinecraftServer.java:1369)
12.05.2022 - 18:07:00 - 	at net.minecraft.util.thread.IAsyncTaskHandler.bo(IAsyncTaskHandler.java:114)
12.05.2022 - 18:07:00 - 	at net.minecraft.server.MinecraftServer.a(MinecraftServer.java:1503)
12.05.2022 - 18:07:00 - 	at net.minecraft.server.MinecraftServer.w(MinecraftServer.java:1225)
12.05.2022 - 18:07:00 - 	at net.minecraft.server.MinecraftServer.lambda$spin$0(MinecraftServer.java:315)
12.05.2022 - 18:07:00 - 	at java.base/java.lang.Thread.run(Thread.java:833)
12.05.2022 - 18:07:41 - [TAB v3.1.1] Failed to enable. Did you just invent a new way to break the plugin by misconfiguring it?
12.05.2022 - 18:07:41 - java.nio.charset.MalformedInputException: Input length = 1
12.05.2022 - 18:07:41 - 	at java.base/java.nio.charset.CoderResult.throwException(CoderResult.java:274)
12.05.2022 - 18:07:41 - 	at java.base/sun.nio.cs.StreamDecoder.implRead(StreamDecoder.java:326)
12.05.2022 - 18:07:41 - 	at java.base/sun.nio.cs.StreamDecoder.read(StreamDecoder.java:188)
12.05.2022 - 18:07:41 - 	at java.base/java.io.InputStreamReader.read(InputStreamReader.java:177)
12.05.2022 - 18:07:41 - 	at java.base/java.io.BufferedReader.fill(BufferedReader.java:162)
12.05.2022 - 18:07:41 - 	at java.base/java.io.BufferedReader.readLine(BufferedReader.java:329)
12.05.2022 - 18:07:41 - 	at java.base/java.io.BufferedReader.readLine(BufferedReader.java:396)
12.05.2022 - 18:07:41 - 	at java.base/java.nio.file.Files.readAllLines(Files.java:3415)
12.05.2022 - 18:07:41 - 	at java.base/java.nio.file.Files.readAllLines(Files.java:3453)
12.05.2022 - 18:07:41 - 	at TAB v3.1.1.jar//me.neznamy.tab.api.config.ConfigurationFile.detectHeader(ConfigurationFile.java:401)
12.05.2022 - 18:07:41 - 	at TAB v3.1.1.jar//me.neznamy.tab.api.config.ConfigurationFile.<init>(ConfigurationFile.java:69)
12.05.2022 - 18:07:41 - 	at TAB v3.1.1.jar//me.neznamy.tab.api.config.YamlConfigurationFile.<init>(YamlConfigurationFile.java:53)
12.05.2022 - 18:07:41 - 	at TAB v3.1.1.jar//me.neznamy.tab.shared.config.Configs.loadFiles(Configs.java:82)
12.05.2022 - 18:07:41 - 	at TAB v3.1.1.jar//me.neznamy.tab.shared.TAB.load(TAB.java:169)
12.05.2022 - 18:07:41 - 	at TAB v3.1.1.jar//me.neznamy.tab.platforms.bukkit.Main.onEnable(Main.java:41)
12.05.2022 - 18:07:41 - 	at org.bukkit.plugin.java.JavaPlugin.setEnabled(JavaPlugin.java:264)
12.05.2022 - 18:07:41 - 	at org.bukkit.plugin.java.JavaPluginLoader.enablePlugin(JavaPluginLoader.java:370)
12.05.2022 - 18:07:41 - 	at org.bukkit.plugin.SimplePluginManager.enablePlugin(SimplePluginManager.java:541)
12.05.2022 - 18:07:41 - 	at org.bukkit.craftbukkit.v1_18_R2.CraftServer.enablePlugin(CraftServer.java:560)
12.05.2022 - 18:07:41 - 	at org.bukkit.craftbukkit.v1_18_R2.CraftServer.enablePlugins(CraftServer.java:474)
12.05.2022 - 18:07:41 - 	at net.minecraft.server.MinecraftServer.loadWorld0(MinecraftServer.java:664)
12.05.2022 - 18:07:41 - 	at net.minecraft.server.MinecraftServer.loadLevel(MinecraftServer.java:431)
12.05.2022 - 18:07:41 - 	at net.minecraft.server.dedicated.DedicatedServer.e(DedicatedServer.java:316)
12.05.2022 - 18:07:41 - 	at net.minecraft.server.MinecraftServer.w(MinecraftServer.java:1163)
12.05.2022 - 18:07:41 - 	at net.minecraft.server.MinecraftServer.lambda$spin$0(MinecraftServer.java:315)
12.05.2022 - 18:07:41 - 	at java.base/java.lang.Thread.run(Thread.java:833)
