[Sun, 15. May 2022 06:19:12 UTC | ID 710944566668296264] Certain: say сайко лох
[Sun, 15. May 2022 06:22:47 UTC | ID 710944566668296264] Certain: say сайко лох сидит на громоотводчике
[Sun, 15. May 2022 06:25:49 UTC | ID 710944566668296264] Certain: say ахуел
[Sun, 15. May 2022 06:26:10 UTC | ID 710944566668296264] Certain: say гулд, я не теюе
[Sun, 15. May 2022 06:28:21 UTC | ID 811107146792042556] saikonomine: далбаебка
[Sun, 15. May 2022 06:28:26 UTC | ID 811107146792042556] saikonomine: чела напугала
[Sun, 15. May 2022 06:28:28 UTC | ID 811107146792042556] saikonomine: ебанарот
[Sun, 15. May 2022 06:29:41 UTC | ID 710944566668296264] Certain: ну а хули он так быстро выходит
[Sun, 15. May 2022 06:30:20 UTC | ID 811107146792042556] saikonomine: ну а хули ты  в консоль пишешь
[Sun, 15. May 2022 06:30:20 UTC | ID 811107146792042556] saikonomine: ав
[Sun, 15. May 2022 06:30:21 UTC | ID 811107146792042556] saikonomine: аъавыхъывхаывха
[Sun, 15. May 2022 06:30:34 UTC | ID 710944566668296264] Certain: кто бы говорил
[Sun, 15. May 2022 06:39:59 UTC | ID 811107146792042556] saikonomine: say помочь?
[Sun, 15. May 2022 09:12:07 UTC | ID 811107146792042556] saikonomine: reload
[Sun, 15. May 2022 09:12:09 UTC | ID 811107146792042556] saikonomine: reload confirm
[Sun, 15. May 2022 12:09:21 UTC | ID 811107146792042556] saikonomine: easywl main_PROBROVOVA
[Sun, 15. May 2022 12:09:30 UTC | ID 811107146792042556] saikonomine: easywl add main_PROBROVOVA
[Sun, 15. May 2022 12:13:01 UTC | ID 487672218906525696] DarkLight: easywl add GOLDENDUSST
[Sun, 15. May 2022 12:13:09 UTC | ID 487672218906525696] DarkLight: Easywl add GulgPlayer
[Sun, 15. May 2022 12:13:14 UTC | ID 487672218906525696] DarkLight: Easywl add 1DarkLight1
[Sun, 15. May 2022 12:13:19 UTC | ID 487672218906525696] DarkLight: Easywl add MATPEHKA
[Sun, 15. May 2022 12:13:24 UTC | ID 487672218906525696] DarkLight: Easywl add NightVizer
[Sun, 15. May 2022 12:13:31 UTC | ID 487672218906525696] DarkLight: Easywl add YaNeJorka01
[Sun, 15. May 2022 12:13:35 UTC | ID 487672218906525696] DarkLight: Easywl add Luxio
[Sun, 15. May 2022 12:13:40 UTC | ID 487672218906525696] DarkLight: Easywl add npocToTun
[Sun, 15. May 2022 19:40:39 UTC | ID 500710359590502400] Bradly: cmi
