[Wed, 11. May 2022 02:24:57 UTC | ID 811107146792042556] saikonomine: Chunky
[Wed, 11. May 2022 05:18:34 UTC | ID 811107146792042556] saikonomine: lp editor
[Wed, 11. May 2022 05:19:03 UTC | ID 811107146792042556] saikonomine: lp trusteditor 571d-7036
[Wed, 11. May 2022 06:23:43 UTC | ID 811107146792042556] saikonomine: lp applyedits iGQB3gkwhT
[Wed, 11. May 2022 06:24:25 UTC | ID 811107146792042556] saikonomine: reload
[Wed, 11. May 2022 06:24:29 UTC | ID 811107146792042556] saikonomine: reload confirm
[Wed, 11. May 2022 06:25:14 UTC | ID 811107146792042556] saikonomine: plasmovoice
[Wed, 11. May 2022 06:35:53 UTC | ID 811107146792042556] saikonomine: v reload
[Wed, 11. May 2022 06:35:56 UTC | ID 811107146792042556] saikonomine: help
[Wed, 11. May 2022 06:36:13 UTC | ID 811107146792042556] saikonomine: vreload
[Wed, 11. May 2022 06:36:36 UTC | ID 811107146792042556] saikonomine: vreconnect
[Wed, 11. May 2022 07:19:57 UTC | ID 500710359590502400] Bradly: list
[Wed, 11. May 2022 07:20:11 UTC | ID 500710359590502400] Bradly: say hi
[Wed, 11. May 2022 07:20:19 UTC | ID 500710359590502400] Bradly: list
[Wed, 11. May 2022 08:30:02 UTC | ID 811107146792042556] saikonomine: Lp editor
[Wed, 11. May 2022 08:32:49 UTC | ID 811107146792042556] saikonomine: lp trusteditor e15e-2bc5
[Wed, 11. May 2022 08:43:21 UTC | ID 811107146792042556] saikonomine: Lp editor
[Wed, 11. May 2022 08:43:35 UTC | ID 811107146792042556] saikonomine: https://luckperms.net/editor/fl2JtXFg5B
[Wed, 11. May 2022 08:45:41 UTC | ID 811107146792042556] saikonomine: /lp applyedits 6ByHOlikLC
[Wed, 11. May 2022 08:45:49 UTC | ID 811107146792042556] saikonomine: lp applyedits 6ByHOlikLC
[Wed, 11. May 2022 08:45:55 UTC | ID 811107146792042556] saikonomine: lp reload
[Wed, 11. May 2022 08:46:48 UTC | ID 811107146792042556] saikonomine: lp applyedits HweFFyvdVf
[Wed, 11. May 2022 08:47:09 UTC | ID 811107146792042556] saikonomine: lp applyedits HweFFyvdVf --force
[Wed, 11. May 2022 08:49:41 UTC | ID 811107146792042556] saikonomine: Lp editor
[Wed, 11. May 2022 08:49:58 UTC | ID 811107146792042556] saikonomine: https://luckperms.net/editor/4Q94wqnRw7
[Wed, 11. May 2022 08:50:17 UTC | ID 811107146792042556] saikonomine: /lp trusteditor 1adc-ee2c
[Wed, 11. May 2022 08:50:23 UTC | ID 811107146792042556] saikonomine: lp trusteditor 1adc-ee2c
[Wed, 11. May 2022 09:07:29 UTC | ID 811107146792042556] saikonomine: lp applyedits 7f2CC2hD1h --force
[Wed, 11. May 2022 09:08:09 UTC | ID 811107146792042556] saikonomine: lp applyedits LZNyZJuDwG --force
[Wed, 11. May 2022 09:15:32 UTC | ID 811107146792042556] saikonomine: lp
[Wed, 11. May 2022 09:15:45 UTC | ID 811107146792042556] saikonomine: /op saikonohack
[Wed, 11. May 2022 09:54:00 UTC | ID 811107146792042556] saikonomine: lp editor
[Wed, 11. May 2022 09:54:13 UTC | ID 811107146792042556] saikonomine: https://luckperms.net/editor/0kN4atpSE5
[Wed, 11. May 2022 10:04:28 UTC | ID 811107146792042556] saikonomine: Lp group content addprefix 0 "%javascript_colorname% | &c"
[Wed, 11. May 2022 10:05:17 UTC | ID 811107146792042556] saikonomine: lp group content
[Wed, 11. May 2022 10:05:50 UTC | ID 811107146792042556] saikonomine: Lp group content addprefix
[Wed, 11. May 2022 10:06:02 UTC | ID 811107146792042556] saikonomine: Lp group content meta
[Wed, 11. May 2022 10:07:36 UTC | ID 811107146792042556] saikonomine: Lp group content meta addprefix 0 "%javascript_colorname% | &c"
[Wed, 11. May 2022 14:09:21 UTC | ID 811107146792042556] saikonomine: Easywl add Luxio
