[Sun, 22. May 2022 06:18:16 UTC | ID 811107146792042556] saikonomine: reload
[Sun, 22. May 2022 06:18:26 UTC | ID 811107146792042556] saikonomine: reload confirm
[Sun, 22. May 2022 09:08:33 UTC | ID 811107146792042556] saikonomine: say ПИЗДИ ЕГО
[Sun, 22. May 2022 09:08:39 UTC | ID 811107146792042556] saikonomine: say ВЗРЫВАЙ НАХУЙ
[Sun, 22. May 2022 19:50:18 UTC | ID 500710359590502400] Bradly: iareload
[Sun, 22. May 2022 21:00:05 UTC | ID 710944566668296264] Certain: easywl add enjlay
[Sun, 22. May 2022 21:00:16 UTC | ID 710944566668296264] Certain: блять ты даун
[Sun, 22. May 2022 21:01:32 UTC | ID 710944566668296264] Certain: ты че опять делаешь
[Sun, 22. May 2022 21:17:10 UTC | ID 710944566668296264] Certain: АХАХХА
[Sun, 22. May 2022 21:17:21 UTC | ID 710944566668296264] Certain: say у меня в инвентаре что-то плозое
[Sun, 22. May 2022 21:23:46 UTC | ID 710944566668296264] Certain: say этот даун метеор тестил и написал книгу
[Sun, 22. May 2022 21:43:13 UTC | ID 710944566668296264] Certain: say да в майне меня не тошнит, в реальке тошнит, команда тут уже точно не поможет
[Sun, 22. May 2022 21:43:56 UTC | ID 710944566668296264] Certain: say с радостью
[Sun, 22. May 2022 21:51:23 UTC | ID 500710359590502400] Bradly: kick Bradly378
[Sun, 22. May 2022 21:51:45 UTC | ID 500710359590502400] Bradly: kick Bradly378
[Sun, 22. May 2022 21:52:46 UTC | ID 710944566668296264] Certain: ban Bradly378
[Sun, 22. May 2022 21:53:02 UTC | ID 500710359590502400] Bradly: pardon Bradly378
[Sun, 22. May 2022 21:53:13 UTC | ID 710944566668296264] Certain: ban ip Bradly378
[Sun, 22. May 2022 21:53:46 UTC | ID 710944566668296264] Certain: ну всё, оба не зайдём
[Sun, 22. May 2022 21:54:11 UTC | ID 710944566668296264] Certain: kick Exren3588
[Sun, 22. May 2022 21:54:59 UTC | ID 710944566668296264] Certain: say я на серваке ты даун
[Sun, 22. May 2022 22:07:29 UTC | ID 710944566668296264] Certain: openender Bradly378
[Sun, 22. May 2022 22:07:58 UTC | ID 500710359590502400] Bradly: ...
[Sun, 22. May 2022 22:08:01 UTC | ID 710944566668296264] Certain: say блять, меня майн буллит
[Sun, 22. May 2022 22:08:10 UTC | ID 500710359590502400] Bradly: -.-
[Sun, 22. May 2022 22:08:10 UTC | ID 710944566668296264] Certain: АХАХХА
[Sun, 22. May 2022 22:08:12 UTC | ID 710944566668296264] Certain: ПОВЁЛСЯ
[Sun, 22. May 2022 22:08:41 UTC | ID 710944566668296264] Certain: openender Dudkin836
[Sun, 22. May 2022 22:08:46 UTC | ID 500710359590502400] Bradly: ...
