[Sat, 18. Jun 2022 03:58:05 UTC | ID 487672218906525696] DarkLight: easywl add Dalphi3674
[Sat, 18. Jun 2022 10:30:42 UTC | ID 487672218906525696] DarkLight: authme unregister motypissy666
[Sat, 18. Jun 2022 10:55:05 UTC | ID 487672218906525696] DarkLight: easywl add ParMisha1305
[Sat, 18. Jun 2022 13:29:46 UTC | ID 978036519581409280] Mortobello: say Сервер будет перезапущен несколько раз...
[Sat, 18. Jun 2022 14:12:06 UTC | ID 811107146792042556] saikonomine: easywl add WH1TEWIN
[Sat, 18. Jun 2022 15:09:59 UTC | ID 811107146792042556] saikonomine: m lightnight010 сделай обзор на бравл стар корды 400 100 400
[Sat, 18. Jun 2022 15:13:47 UTC | ID 978036519581409280] Mortobello: say Для повышения стабильности сервера, будет проведена очистка ресурсов...
[Sat, 18. Jun 2022 15:14:28 UTC | ID 978036519581409280] Mortobello: say Стабильность сервера восстановлена. Приятной игры!
[Sat, 18. Jun 2022 15:18:50 UTC | ID 811107146792042556] saikonomine: weather clear
[Sat, 18. Jun 2022 15:18:55 UTC | ID 811107146792042556] saikonomine: Time set day
[Sat, 18. Jun 2022 15:22:41 UTC | ID 978036519581409280] Mortobello: tps
[Sat, 18. Jun 2022 15:25:23 UTC | ID 978036519581409280] Mortobello: tps
[Sat, 18. Jun 2022 15:25:30 UTC | ID 978036519581409280] Mortobello: lag
[Sat, 18. Jun 2022 15:25:58 UTC | ID 811107146792042556] saikonomine: timings off
[Sat, 18. Jun 2022 15:26:10 UTC | ID 811107146792042556] saikonomine: Timings link
[Sat, 18. Jun 2022 15:26:17 UTC | ID 811107146792042556] saikonomine: Timings on
[Sat, 18. Jun 2022 15:26:56 UTC | ID 811107146792042556] saikonomine: Timings off
[Sat, 18. Jun 2022 15:27:02 UTC | ID 811107146792042556] saikonomine: Timings link
[Sat, 18. Jun 2022 15:27:08 UTC | ID 811107146792042556] saikonomine: Timings
[Sat, 18. Jun 2022 15:27:14 UTC | ID 811107146792042556] saikonomine: Timings report
[Sat, 18. Jun 2022 15:27:21 UTC | ID 811107146792042556] saikonomine: Timings on
[Sat, 18. Jun 2022 15:27:25 UTC | ID 811107146792042556] saikonomine: Timings report
[Sat, 18. Jun 2022 15:35:20 UTC | ID 811107146792042556] saikonomine: say УХАДИ
[Sat, 18. Jun 2022 15:59:58 UTC | ID 978036519581409280] Mortobello: ban MORTOBELLO По причине бан
[Sat, 18. Jun 2022 16:00:13 UTC | ID 978036519581409280] Mortobello: pardon MORTOBELLO
[Sat, 18. Jun 2022 20:12:56 UTC | ID 978036519581409280] Mortobello: easy wl add Ra1De7
[Sat, 18. Jun 2022 21:35:07 UTC | ID 500710359590502400] Bradly: easywl add Paxanhik123
[Sat, 18. Jun 2022 23:33:59 UTC | ID 500710359590502400] Bradly: timings report
[Sat, 18. Jun 2022 23:36:14 UTC | ID 500710359590502400] Bradly: kill @e[type=bat]
