[Sat, 21. May 2022 09:45:46 UTC | ID 710944566668296264] Certain: бля ты даун
[Sat, 21. May 2022 09:45:53 UTC | ID 710944566668296264] Certain: сайко уйди
[Sat, 21. May 2022 09:46:03 UTC | ID 811107146792042556] saikonomine: easywl add JuLieonne
[Sat, 21. May 2022 09:46:11 UTC | ID 811107146792042556] saikonomine: это как
[Sat, 21. May 2022 09:46:22 UTC | ID 710944566668296264] Certain: что именно
[Sat, 21. May 2022 09:46:26 UTC | ID 710944566668296264] Certain: порно тян тип?
[Sat, 21. May 2022 09:46:31 UTC | ID 811107146792042556] saikonomine: да
[Sat, 21. May 2022 09:46:36 UTC | ID 710944566668296264] Certain: это префикс, мы вчера немного побаловались
[Sat, 21. May 2022 09:46:41 UTC | ID 710944566668296264] Certain: а убирать лень
[Sat, 21. May 2022 09:46:46 UTC | ID 710944566668296264] Certain: могу и тебе выдать
[Sat, 21. May 2022 09:47:08 UTC | ID 811107146792042556] saikonomine: .....
[Sat, 21. May 2022 09:48:03 UTC | ID 710944566668296264] Certain: есть команды префикс и суфикс, суфикс сзади ника добавляет, префикс спереди
[Sat, 21. May 2022 09:48:11 UTC | ID 710944566668296264] Certain: я вчера команды изучала и нашла это
[Sat, 21. May 2022 09:48:35 UTC | ID 710944566668296264] Certain: только я нечаяно на тотем настроила командой хуету что оно спавнит двери, я теперь этл убрать не могу
[Sat, 21. May 2022 09:48:42 UTC | ID 710944566668296264] Certain: потому что сука забыла команду
[Sat, 21. May 2022 09:48:52 UTC | ID 811107146792042556] saikonomine: я знаю
[Sat, 21. May 2022 09:48:58 UTC | ID 811107146792042556] saikonomine: ты перебила префикс мира
[Sat, 21. May 2022 09:49:28 UTC | ID 710944566668296264] Certain: всм
[Sat, 21. May 2022 09:49:33 UTC | ID 710944566668296264] Certain: там всё ок так тт
[Sat, 21. May 2022 09:49:44 UTC | ID 710944566668296264] Certain: так что это у тебя что-то не так
[Sat, 21. May 2022 10:10:15 UTC | ID 710944566668296264] Certain: kick RunishYT
[Sat, 21. May 2022 10:12:31 UTC | ID 710944566668296264] Certain: say ты в мире негров
[Sat, 21. May 2022 11:21:19 UTC | ID 710944566668296264] Certain: easywl add RaspingMango637
[Sat, 21. May 2022 12:46:01 UTC | ID 710944566668296264] Certain: prefix saikonohack гей
[Sat, 21. May 2022 12:47:13 UTC | ID 710944566668296264] Certain: зачем ты его утопил
[Sat, 21. May 2022 14:42:06 UTC | ID 710944566668296264] Certain: say бан
[Sat, 21. May 2022 20:50:25 UTC | ID 710944566668296264] Certain: say что за мэйсон
[Sat, 21. May 2022 20:50:55 UTC | ID 710944566668296264] Certain: say ну в консоли написано что мэйсон был слит брадлёй
[Sat, 21. May 2022 20:51:31 UTC | ID 500710359590502400] Bradly: какой мэйсон
[Sat, 21. May 2022 20:51:38 UTC | ID 500710359590502400] Bradly: чё
[Sat, 21. May 2022 20:51:41 UTC | ID 710944566668296264] Certain: вот тут в конце
[Sat, 21. May 2022 20:51:53 UTC | ID 500710359590502400] Bradly: хз
[Sat, 21. May 2022 20:52:02 UTC | ID 710944566668296264] Certain: жесть
[Sat, 21. May 2022 20:52:35 UTC | ID 500710359590502400] Bradly: а ща сделаю это плагин тебя киакет вроде как
[Sat, 21. May 2022 20:52:48 UTC | ID 710944566668296264] Certain: да ты прям гений
[Sat, 21. May 2022 20:52:50 UTC | ID 710944566668296264] Certain: я вкурсе
[Sat, 21. May 2022 20:53:36 UTC | ID 500710359590502400] Bradly: попробуй
[Sat, 21. May 2022 20:53:45 UTC | ID 500710359590502400] Bradly: мля
[Sat, 21. May 2022 20:55:03 UTC | ID 710944566668296264] Certain: он меня начал кикатт после визера, у вас там анти парагон стоит или че
[Sat, 21. May 2022 20:55:32 UTC | ID 500710359590502400] Bradly: давай щас
[Sat, 21. May 2022 20:55:41 UTC | ID 500710359590502400] Bradly: да сука
[Sat, 21. May 2022 20:55:42 UTC | ID 500710359590502400] Bradly: пидарас
[Sat, 21. May 2022 20:56:49 UTC | ID 500710359590502400] Bradly: а ну
[Sat, 21. May 2022 20:56:51 UTC | ID 500710359590502400] Bradly: попробуй
[Sat, 21. May 2022 20:58:24 UTC | ID 710944566668296264] Certain: чикен на парагоне, жесть
[Sat, 21. May 2022 21:04:59 UTC | ID 500710359590502400] Bradly: restart
[Sat, 21. May 2022 21:17:48 UTC | ID 710944566668296264] Certain: easywl add Lex
[Sat, 21. May 2022 21:22:20 UTC | ID 710944566668296264] Certain: а, тлчно
[Sat, 21. May 2022 21:23:04 UTC | ID 710944566668296264] Certain: Say 😭
