[Mon, 23. May 2022 08:57:59 UTC | ID 710944566668296264] Certain: kick ItsFartunaRu иди нахуй
[Mon, 23. May 2022 08:59:53 UTC | ID 710944566668296264] Certain: kick ItsFartunaRu ещё хоть раз про сестру скажешь и полетишь в бан по правилам
[Mon, 23. May 2022 09:00:33 UTC | ID 487672218906525696] DarkLight: ахахах держу в курсе из-за кривых правил сайкономины там ничего такого нет сейчас
[Mon, 23. May 2022 09:00:51 UTC | ID 487672218906525696] DarkLight: он скопировал 4/9 моих правил так что это туда не влезло
[Mon, 23. May 2022 09:01:09 UTC | ID 710944566668296264] Certain: это не его правила, точнее 50 на 50, ты блять уебок молчи вообще
[Mon, 23. May 2022 09:01:15 UTC | ID 710944566668296264] Certain: за права не ты должен отвечать
[Mon, 23. May 2022 09:01:19 UTC | ID 487672218906525696] DarkLight: нихуя по фактам меня раскидала
[Mon, 23. May 2022 09:01:29 UTC | ID 487672218906525696] DarkLight: даже ответить на такое нечиво
[Mon, 23. May 2022 09:01:31 UTC | ID 487672218906525696] DarkLight: )))
[Mon, 23. May 2022 09:01:46 UTC | ID 487672218906525696] DarkLight: а по итогу отвечаю я
[Mon, 23. May 2022 09:01:55 UTC | ID 487672218906525696] DarkLight: и за дс по большей части тоже
[Mon, 23. May 2022 09:02:01 UTC | ID 487672218906525696] DarkLight: но вебхуки сломанные и я не ебу как их починить
[Mon, 23. May 2022 09:02:19 UTC | ID 710944566668296264] Certain: ты отвечаешь только за права
[Mon, 23. May 2022 09:02:23 UTC | ID 710944566668296264] Certain: не выёбывайся
[Mon, 23. May 2022 09:02:42 UTC | ID 487672218906525696] DarkLight: права, правила, исполнение правил в ДСе
[Mon, 23. May 2022 09:02:55 UTC | ID 487672218906525696] DarkLight: мне кажется выёбывается тот кто первый пишет строчку оскорблений по приколу
[Mon, 23. May 2022 09:03:15 UTC | ID 710944566668296264] Certain: мне похуй ято ты там себе решил, ты отвечаешь только за права
[Mon, 23. May 2022 09:03:25 UTC | ID 710944566668296264] Certain: правильно декака говорил, тебя никуда брать не надо
[Mon, 23. May 2022 09:03:28 UTC | ID 487672218906525696] DarkLight: щас бы ты решала за что я отвечаю
[Mon, 23. May 2022 09:03:28 UTC | ID 710944566668296264] Certain: как и митаска
[Mon, 23. May 2022 09:03:41 UTC | ID 710944566668296264] Certain: по главности я выше тебя
[Mon, 23. May 2022 09:03:42 UTC | ID 487672218906525696] DarkLight: отвечай за управление борделем
[Mon, 23. May 2022 09:03:44 UTC | ID 710944566668296264] Certain: так что иди нахуй
[Mon, 23. May 2022 09:03:52 UTC | ID 487672218906525696] DarkLight: роли чек главная ты наша
[Mon, 23. May 2022 09:03:56 UTC | ID 487672218906525696] DarkLight: верхушка бля)
[Mon, 23. May 2022 09:04:07 UTC | ID 710944566668296264] Certain: и, это ничего не решает, прав у меня всё равно больле
[Mon, 23. May 2022 09:04:13 UTC | ID 487672218906525696] DarkLight: нихуя
