[Mon, 9. May 2022 11:47:42 UTC | ID 811107146792042556] saikonomine: stop
[Mon, 9. May 2022 11:48:52 UTC | ID 811107146792042556] saikonomine: stop
[Mon, 9. May 2022 11:52:05 UTC | ID 811107146792042556] saikonomine: stop
[Mon, 9. May 2022 12:01:04 UTC | ID 811107146792042556] saikonomine: lp editor
[Mon, 9. May 2022 12:01:23 UTC | ID 811107146792042556] saikonomine: lp trusteditor f2de-5303
[Mon, 9. May 2022 13:30:37 UTC | ID 811107146792042556] saikonomine: lp editor
[Mon, 9. May 2022 13:37:49 UTC | ID 811107146792042556] saikonomine: ban exren3588
[Mon, 9. May 2022 13:38:05 UTC | ID 811107146792042556] saikonomine: pardon exren3588
[Mon, 9. May 2022 13:42:00 UTC | ID 811107146792042556] saikonomine: kill @e[types=minecraft:ender_dragon]
[Mon, 9. May 2022 13:42:11 UTC | ID 811107146792042556] saikonomine: kill @e[type=minecraft:ender_dragon]
[Mon, 9. May 2022 13:42:18 UTC | ID 811107146792042556] saikonomine: kill @e[types=minecraft:ender_dragon]
[Mon, 9. May 2022 13:43:26 UTC | ID 811107146792042556] saikonomine: reload
[Mon, 9. May 2022 13:43:28 UTC | ID 811107146792042556] saikonomine: reload confirm
[Mon, 9. May 2022 15:00:35 UTC | ID 811107146792042556] saikonomine: kill @e
[Mon, 9. May 2022 19:03:33 UTC | ID 500710359590502400] Bradly: я?
[Mon, 9. May 2022 19:03:53 UTC | ID 500710359590502400] Bradly: say аллё
[Mon, 9. May 2022 20:48:50 UTC | ID 710944566668296264] Formidabel: /deop Exren3588
[Mon, 9. May 2022 20:49:21 UTC | ID 710944566668296264] Formidabel: хуй
[Mon, 9. May 2022 21:51:39 UTC | ID 710944566668296264] Formidabel: /say и че делать будете?
[Mon, 9. May 2022 21:51:44 UTC | ID 710944566668296264] Formidabel: блчть
[Mon, 9. May 2022 21:51:46 UTC | ID 710944566668296264] Formidabel: иди нвзцй
[Mon, 9. May 2022 21:51:58 UTC | ID 710944566668296264] Formidabel: _и че делать будете?_
[Mon, 9. May 2022 21:52:01 UTC | ID 710944566668296264] Formidabel: сука
