[Fri, 10. Jun 2022 14:20:13 UTC | ID 500710359590502400] Bradly: say тебе пизда пидарас
[Fri, 10. Jun 2022 17:56:29 UTC | ID 710944566668296264] Certain: easywl add founder
[Fri, 10. Jun 2022 19:19:16 UTC | ID 710944566668296264] Certain: kick ItsFartunaRu бан
[Fri, 10. Jun 2022 19:19:54 UTC | ID 710944566668296264] Certain: effect give ItsFartunaRu 1000 100
[Fri, 10. Jun 2022 19:20:01 UTC | ID 710944566668296264] Certain: ьлять
[Fri, 10. Jun 2022 19:20:20 UTC | ID 710944566668296264] Certain: effect give ItsFartunaRu minecraft:bad_omen 10000 100
[Fri, 10. Jun 2022 19:20:43 UTC | ID 710944566668296264] Certain: say замётано
[Fri, 10. Jun 2022 19:35:33 UTC | ID 710944566668296264] Certain: ban AviKgolD1
[Fri, 10. Jun 2022 19:36:33 UTC | ID 710944566668296264] Certain: pardon AviKgolD1
[Fri, 10. Jun 2022 19:47:41 UTC | ID 710944566668296264] Certain: effect give Exren3588 minecraft:night_vision 10000 100
[Fri, 10. Jun 2022 20:18:56 UTC | ID 710944566668296264] Certain: effect give Exren3588 minecraft:night_vision 10000 100
[Fri, 10. Jun 2022 21:16:33 UTC | ID 710944566668296264] Certain: say меня то зачем
[Fri, 10. Jun 2022 22:25:58 UTC | ID 500710359590502400] Bradly: а
[Fri, 10. Jun 2022 22:26:03 UTC | ID 710944566668296264] Certain: easywl add Gleiz_Saltum
[Fri, 10. Jun 2022 22:26:04 UTC | ID 500710359590502400] Bradly: ухади ат сюда
[Fri, 10. Jun 2022 22:26:07 UTC | ID 500710359590502400] Bradly: а ладно
[Fri, 10. Jun 2022 22:26:10 UTC | ID 710944566668296264] Certain: блчть, у нас вл вообще вклбчен?
[Fri, 10. Jun 2022 22:26:11 UTC | ID 500710359590502400] Bradly: вопросов няма
[Fri, 10. Jun 2022 22:26:17 UTC | ID 500710359590502400] Bradly: нет
[Fri, 10. Jun 2022 22:26:27 UTC | ID 710944566668296264] Certain: а, назуц я ебусь тогда
[Fri, 10. Jun 2022 22:26:38 UTC | ID 500710359590502400] Bradly: надо составить весь список игроков и добавить всех в вл
[Fri, 10. Jun 2022 22:26:40 UTC | ID 500710359590502400] Bradly: и врубить его
[Fri, 10. Jun 2022 22:26:52 UTC | ID 710944566668296264] Certain: да, надо
