[Wed, 25. May 2022 03:03:55 UTC | ID 811107146792042556] saikonomine: easywl list
[Wed, 25. May 2022 03:04:03 UTC | ID 811107146792042556] saikonomine: easywl add NEORMON
[Wed, 25. May 2022 12:16:23 UTC | ID 811107146792042556] saikonomine: ping
[Wed, 25. May 2022 18:29:51 UTC | ID 686906244950261780] MiTask: tps
[Wed, 25. May 2022 18:29:59 UTC | ID 686906244950261780] MiTask: say блять бред
[Wed, 25. May 2022 18:30:04 UTC | ID 686906244950261780] MiTask: say консоль чекни
[Wed, 25. May 2022 18:30:08 UTC | ID 686906244950261780] MiTask: say я в рот ебал это говно
[Wed, 25. May 2022 18:30:35 UTC | ID 500710359590502400] Bradly: намана
[Wed, 25. May 2022 18:30:43 UTC | ID 686906244950261780] MiTask: больше 10 страниц лога о муве
[Wed, 25. May 2022 18:30:46 UTC | ID 500710359590502400] Bradly: он с бэбры и я ему фпс просаживал
[Wed, 25. May 2022 18:30:50 UTC | ID 686906244950261780] MiTask: ping GOLDENDUSST
[Wed, 25. May 2022 18:31:02 UTC | ID 686906244950261780] MiTask: 2 ff71397
[Wed, 25. May 2022 18:31:04 UTC | ID 686906244950261780] MiTask: понимаю
[Wed, 25. May 2022 18:31:23 UTC | ID 500710359590502400] Bradly: так ща опять ему лаги сделаю чекнем
[Wed, 25. May 2022 18:31:39 UTC | ID 686906244950261780] MiTask: бебра момент
[Wed, 25. May 2022 18:32:37 UTC | ID 686906244950261780] MiTask: say бредли хочешь полететь?
[Wed, 25. May 2022 18:32:47 UTC | ID 686906244950261780] MiTask: whois bradly378
[Wed, 25. May 2022 18:32:52 UTC | ID 686906244950261780] MiTask: blyat
[Wed, 25. May 2022 18:32:53 UTC | ID 500710359590502400] Bradly: ...
[Wed, 25. May 2022 18:33:04 UTC | ID 686906244950261780] MiTask: эххх не вышло спалить ip
[Wed, 25. May 2022 18:33:55 UTC | ID 500710359590502400] Bradly: лан бэбра момент забеё
[Wed, 25. May 2022 21:13:00 UTC | ID 500710359590502400] Bradly: kill Bradly378
[Wed, 25. May 2022 21:14:32 UTC | ID 500710359590502400] Bradly: kill Bradly378
[Wed, 25. May 2022 21:16:31 UTC | ID 500710359590502400] Bradly: tps
[Wed, 25. May 2022 21:16:41 UTC | ID 500710359590502400] Bradly: уф
[Wed, 25. May 2022 21:17:11 UTC | ID 500710359590502400] Bradly: tps
[Wed, 25. May 2022 21:17:57 UTC | ID 500710359590502400] Bradly: tps
[Wed, 25. May 2022 21:18:05 UTC | ID 500710359590502400] Bradly: kill Bradly378
[Wed, 25. May 2022 21:21:43 UTC | ID 500710359590502400] Bradly: tp @e[type=minecraft:armor_stand] Bradly378
[Wed, 25. May 2022 21:21:50 UTC | ID 500710359590502400] Bradly: kill Bradly378
[Wed, 25. May 2022 21:22:46 UTC | ID 500710359590502400] Bradly: kill @e[type=minecraft:armor_stand]
[Wed, 25. May 2022 21:23:15 UTC | ID 500710359590502400] Bradly: kill @e[type=minecraft:armor_stand]
[Wed, 25. May 2022 21:23:21 UTC | ID 500710359590502400] Bradly: kill @e[type=minecraft:armor_stand]
