[Thu, 12. May 2022 02:12:12 UTC | ID 811107146792042556] saikonomine: Easywl add npocToTun
[Thu, 12. May 2022 02:12:24 UTC | ID 811107146792042556] saikonomine: Easywl Luxio
[Thu, 12. May 2022 02:12:36 UTC | ID 811107146792042556] saikonomine: Easywl add Luxio
[Thu, 12. May 2022 02:12:43 UTC | ID 811107146792042556] saikonomine: Easywl add main_PROBROVOVA
[Thu, 12. May 2022 02:12:55 UTC | ID 811107146792042556] saikonomine: Easywl add YaNeJorka01
[Thu, 12. May 2022 02:13:06 UTC | ID 811107146792042556] saikonomine: Easywl add NightVizer
[Thu, 12. May 2022 02:13:18 UTC | ID 811107146792042556] saikonomine: Easywl add Pyanyyvdupel
[Thu, 12. May 2022 02:13:29 UTC | ID 811107146792042556] saikonomine: Easywl add MATPEHKA
[Thu, 12. May 2022 05:13:20 UTC | ID 811107146792042556] saikonomine: lp editor
[Thu, 12. May 2022 05:13:37 UTC | ID 811107146792042556] saikonomine: https://luckperms.net/editor/VWbX4Kvp6v
[Thu, 12. May 2022 10:26:45 UTC | ID 811107146792042556] saikonomine: Reload
[Thu, 12. May 2022 10:26:51 UTC | ID 811107146792042556] saikonomine: Reload confirm
[Thu, 12. May 2022 10:38:52 UTC | ID 487672218906525696] DarkLight: Easywl add 1DarkLight1
[Thu, 12. May 2022 10:40:24 UTC | ID 487672218906525696] DarkLight: -_-
[Thu, 12. May 2022 10:43:10 UTC | ID 487672218906525696] DarkLight: /op 1DarkLight1
[Thu, 12. May 2022 10:43:23 UTC | ID 487672218906525696] DarkLight: /op 1DarkLight1
[Thu, 12. May 2022 10:43:32 UTC | ID 487672218906525696] DarkLight: да как это контриииить
[Thu, 12. May 2022 10:45:31 UTC | ID 710944566668296264] Certain: жди сайко
[Thu, 12. May 2022 10:45:37 UTC | ID 710944566668296264] Certain: нужна другая консоль
[Thu, 12. May 2022 10:45:44 UTC | ID 487672218906525696] DarkLight: похуй
[Thu, 12. May 2022 10:45:54 UTC | ID 487672218906525696] DarkLight: https://tenor.com/view/papich-vibe-dance-vi-ka-jam-gif-16025913
[Thu, 12. May 2022 11:16:01 UTC | ID 710944566668296264] Certain: easywl add main_PROBROVOVA
[Thu, 12. May 2022 11:50:43 UTC | ID 811107146792042556] saikonomine: Здесь нельзя
[Thu, 12. May 2022 11:57:15 UTC | ID 487672218906525696] DarkLight: ты так опнул же
[Thu, 12. May 2022 11:57:16 UTC | ID 487672218906525696] DarkLight: через слешку
[Thu, 12. May 2022 12:11:35 UTC | ID 811107146792042556] saikonomine: Нет
[Thu, 12. May 2022 12:11:37 UTC | ID 811107146792042556] saikonomine: Через консоль
[Thu, 12. May 2022 12:16:48 UTC | ID 811107146792042556] saikonomine: lp user parent add group content
[Thu, 12. May 2022 12:17:13 UTC | ID 811107146792042556] saikonomine: lp user main_PROBROVOVA parent add group content
[Thu, 12. May 2022 12:17:25 UTC | ID 811107146792042556] saikonomine: lp user main_PROBROVOVA parent add content
[Thu, 12. May 2022 17:31:40 UTC | ID 710944566668296264] Certain: easywl add GuldPlayer
[Thu, 12. May 2022 17:53:14 UTC | ID 487672218906525696] DarkLight: Easywl add GulgPlayer
