[Tue, 17. May 2022 08:43:33 UTC | ID 811107146792042556] saikonomine: easywl add Luxio
[Tue, 17. May 2022 08:43:50 UTC | ID 811107146792042556] saikonomine: easywl add _MagicShadow_
[Tue, 17. May 2022 08:45:00 UTC | ID 811107146792042556] saikonomine: say MagicShadow рекомендую скачать наш ресурспак и оптифайн)
[Tue, 17. May 2022 08:51:29 UTC | ID 811107146792042556] saikonomine: easywl add ItsFartunaRu
[Tue, 17. May 2022 10:50:32 UTC | ID 710944566668296264] Certain: easywl add MrVoRoNYT
[Tue, 17. May 2022 12:07:55 UTC | ID 811107146792042556] saikonomine: say рунишь, вылазь из лодки сюк
[Tue, 17. May 2022 12:10:00 UTC | ID 710944566668296264] Certain: give saikonohack minecraft:fish
[Tue, 17. May 2022 12:10:05 UTC | ID 710944566668296264] Certain: хцйлуша
[Tue, 17. May 2022 12:17:32 UTC | ID 710944566668296264] Certain: tp RunishYT 0 64 0
[Tue, 17. May 2022 13:27:23 UTC | ID 811107146792042556] saikonomine: easywl add Costelemental
[Tue, 17. May 2022 15:19:47 UTC | ID 500710359590502400] Bradly: date
[Tue, 17. May 2022 15:54:22 UTC | ID 710944566668296264] Certain: easywl add Baganutiy
[Tue, 17. May 2022 16:00:56 UTC | ID 710944566668296264] Certain: w Bradly378 блять, че у вас там за гейские игры
[Tue, 17. May 2022 16:01:26 UTC | ID 710944566668296264] Certain: tell Bradly378 что у вас там за гейские игры
[Tue, 17. May 2022 16:01:34 UTC | ID 710944566668296264] Certain: СУКА
[Tue, 17. May 2022 16:01:37 UTC | ID 710944566668296264] Certain: В пизду
[Tue, 17. May 2022 16:08:31 UTC | ID 487672218906525696] DarkLight: пиши сюда через say
[Tue, 17. May 2022 16:09:10 UTC | ID 710944566668296264] Certain: мне не надо чтобы все видели
[Tue, 17. May 2022 16:09:23 UTC | ID 710944566668296264] Certain: а похуй
[Tue, 17. May 2022 16:09:24 UTC | ID 487672218906525696] DarkLight: тогда whisper по идее
[Tue, 17. May 2022 16:09:48 UTC | ID 710944566668296264] Certain: по идее да, а по идее и нет, w это сокращение whisper
[Tue, 17. May 2022 16:10:10 UTC | ID 487672218906525696] DarkLight: ./w это по крайней мере когда то было командой сервера а не командой майн
[Tue, 17. May 2022 16:10:16 UTC | ID 487672218906525696] DarkLight: щас может и не так
[Tue, 17. May 2022 16:10:29 UTC | ID 487672218906525696] DarkLight: как то можно через консоль шептать
[Tue, 17. May 2022 16:10:54 UTC | ID 710944566668296264] Certain: да похуй, проще по бырому с чат крафта зайти и написать что надо
[Tue, 17. May 2022 17:03:51 UTC | ID 500710359590502400] Bradly: ОЙ
[Tue, 17. May 2022 17:03:57 UTC | ID 500710359590502400] Bradly: ну так и было
[Tue, 17. May 2022 17:04:10 UTC | ID 500710359590502400] Bradly: никто ничё не заметил да?
