[Wed, 15. Jun 2022 14:24:05 UTC | ID 811107146792042556] saikonomine: say тех работы, сорки
[Wed, 15. Jun 2022 14:25:08 UTC | ID 487672218906525696] DarkLight: say Дня 2-3 сервер будет недоступен
[Wed, 15. Jun 2022 14:25:12 UTC | ID 487672218906525696] DarkLight: say мб потом закроется
[Wed, 15. Jun 2022 14:25:36 UTC | ID 811107146792042556] saikonomine: say пиздешь ебаный
[Wed, 15. Jun 2022 14:25:44 UTC | ID 811107146792042556] saikonomine: say баню дарка за такие фокусы
[Wed, 15. Jun 2022 14:25:51 UTC | ID 487672218906525696] DarkLight: )))
[Wed, 15. Jun 2022 15:56:37 UTC | ID 487672218906525696] DarkLight: easywl add Re1derTwo
[Wed, 15. Jun 2022 17:35:39 UTC | ID 978036519581409280] Mortobello: say Вниманию, saikonohack. Прошу в кой-то веке посетить личные сообщения ВКонтакте.
[Wed, 15. Jun 2022 17:35:59 UTC | ID 487672218906525696] DarkLight: say корвин лох
[Wed, 15. Jun 2022 17:36:06 UTC | ID 978036519581409280] Mortobello: say Поминки..
[Wed, 15. Jun 2022 17:36:56 UTC | ID 487672218906525696] DarkLight: effect give Corwin4_ minecraft:blindness 10 1
[Wed, 15. Jun 2022 17:36:58 UTC | ID 978036519581409280] Mortobello: list
[Wed, 15. Jun 2022 17:58:05 UTC | ID 811107146792042556] saikonomine: Say он гей
[Wed, 15. Jun 2022 18:08:04 UTC | ID 978036519581409280] Mortobello: say мы сосались с сайко
[Wed, 15. Jun 2022 22:26:07 UTC | ID 978036519581409280] Mortobello: whitelist add MORTOBELLO
[Wed, 15. Jun 2022 22:34:00 UTC | ID 978036519581409280] Mortobello: whitelist add MORTOBELLO
[Wed, 15. Jun 2022 22:34:55 UTC | ID 978036519581409280] Mortobello: easywl add MORTOBELLO
[Wed, 15. Jun 2022 22:35:50 UTC | ID 978036519581409280] Mortobello: а, тут так не работает
[Wed, 15. Jun 2022 22:40:17 UTC | ID 978036519581409280] Mortobello: /op MORTOBELLO
[Wed, 15. Jun 2022 22:40:38 UTC | ID 978036519581409280] Mortobello: gamemode creative MORTOBELLO
[Wed, 15. Jun 2022 22:41:07 UTC | ID 978036519581409280] Mortobello: plugins
[Wed, 15. Jun 2022 22:41:18 UTC | ID 978036519581409280] Mortobello: lp edit
[Wed, 15. Jun 2022 22:41:34 UTC | ID 978036519581409280] Mortobello: lp editor
[Wed, 15. Jun 2022 22:43:57 UTC | ID 978036519581409280] Mortobello: lp applyedits vFcrz1vFPG
[Wed, 15. Jun 2022 22:46:40 UTC | ID 978036519581409280] Mortobello: /lp applyedits Ibz2BmTXOx
[Wed, 15. Jun 2022 22:46:46 UTC | ID 978036519581409280] Mortobello: lp applyedits Ibz2BmTXOx
[Wed, 15. Jun 2022 22:47:07 UTC | ID 978036519581409280] Mortobello: lp applyedits Ibz2BmTXOx --force
